[2022-12-06T13:42:50.769+0000] {taskinstance.py:1087} INFO - Dependencies all met for <TaskInstance: CSV_2_DB.First_task_update scheduled__2022-12-06T12:00:00+00:00 [queued]>
[2022-12-06T13:42:50.789+0000] {taskinstance.py:1087} INFO - Dependencies all met for <TaskInstance: CSV_2_DB.First_task_update scheduled__2022-12-06T12:00:00+00:00 [queued]>
[2022-12-06T13:42:50.790+0000] {taskinstance.py:1283} INFO - 
--------------------------------------------------------------------------------
[2022-12-06T13:42:50.791+0000] {taskinstance.py:1284} INFO - Starting attempt 1 of 6
[2022-12-06T13:42:50.792+0000] {taskinstance.py:1285} INFO - 
--------------------------------------------------------------------------------
[2022-12-06T13:42:50.811+0000] {taskinstance.py:1304} INFO - Executing <Task(PythonOperator): First_task_update> on 2022-12-06 12:00:00+00:00
[2022-12-06T13:42:50.822+0000] {standard_task_runner.py:55} INFO - Started process 4982 to run task
[2022-12-06T13:42:50.827+0000] {standard_task_runner.py:82} INFO - Running: ['***', 'tasks', 'run', 'CSV_2_DB', 'First_task_update', 'scheduled__2022-12-06T12:00:00+00:00', '--job-id', '3', '--raw', '--subdir', 'DAGS_FOLDER/dag_csv_to_db.py', '--cfg-path', '/tmp/tmp28ixppj3']
[2022-12-06T13:42:50.831+0000] {standard_task_runner.py:83} INFO - Job 3: Subtask First_task_update
[2022-12-06T13:42:50.900+0000] {task_command.py:389} INFO - Running <TaskInstance: CSV_2_DB.First_task_update scheduled__2022-12-06T12:00:00+00:00 [running]> on host ecf4c7a56b04
[2022-12-06T13:42:51.094+0000] {taskinstance.py:1513} INFO - Exporting the following env vars:
AIRFLOW_CTX_DAG_OWNER=Martin_Jurado
AIRFLOW_CTX_DAG_ID=CSV_2_DB
AIRFLOW_CTX_TASK_ID=First_task_update
AIRFLOW_CTX_EXECUTION_DATE=2022-12-06T12:00:00+00:00
AIRFLOW_CTX_TRY_NUMBER=1
AIRFLOW_CTX_DAG_RUN_ID=scheduled__2022-12-06T12:00:00+00:00
[2022-12-06T13:42:51.143+0000] {logging_mixin.py:137} INFO - [(4, '/opt/***/code_data/departments.csv', 200, 13)] 1
[2022-12-06T13:42:51.144+0000] {logging_mixin.py:137} INFO - Applying conditions
[2022-12-06T13:42:51.145+0000] {logging_mixin.py:137} INFO - There were no changes
[2022-12-06T13:42:51.178+0000] {logging_mixin.py:137} INFO - [(5, '/opt/***/code_data/jobs.csv', 4421, 183)] 1
[2022-12-06T13:42:51.179+0000] {logging_mixin.py:137} INFO - Applying conditions
[2022-12-06T13:42:51.179+0000] {logging_mixin.py:137} INFO - There were no changes
[2022-12-06T13:42:51.218+0000] {logging_mixin.py:137} INFO - [(6, '/opt/***/code_data/z_hired_employees.csv', 92979, 2000)] 1
[2022-12-06T13:42:51.220+0000] {logging_mixin.py:137} INFO - Applying conditions
[2022-12-06T13:42:51.221+0000] {logging_mixin.py:137} INFO - There were no changes
[2022-12-06T13:42:51.268+0000] {logging_mixin.py:137} INFO - [(4, '/opt/***/code_data/departments.csv', 200, 13)] 1
[2022-12-06T13:42:51.270+0000] {logging_mixin.py:137} INFO - Applying conditions
[2022-12-06T13:42:51.271+0000] {logging_mixin.py:137} INFO - There were no changes
[2022-12-06T13:42:51.316+0000] {logging_mixin.py:137} INFO - [(5, '/opt/***/code_data/jobs.csv', 4421, 183)] 1
[2022-12-06T13:42:51.318+0000] {logging_mixin.py:137} INFO - Applying conditions
[2022-12-06T13:42:51.319+0000] {logging_mixin.py:137} INFO - There were no changes
[2022-12-06T13:42:51.365+0000] {logging_mixin.py:137} INFO - [(6, '/opt/***/code_data/z_hired_employees.csv', 92979, 2000)] 1
[2022-12-06T13:42:51.367+0000] {logging_mixin.py:137} INFO - Applying conditions
[2022-12-06T13:42:51.369+0000] {logging_mixin.py:137} INFO - There were no changes
[2022-12-06T13:42:51.371+0000] {python.py:177} INFO - Done. Returned value was: None
[2022-12-06T13:42:51.384+0000] {taskinstance.py:1327} INFO - Marking task as SUCCESS. dag_id=CSV_2_DB, task_id=First_task_update, execution_date=20221206T120000, start_date=20221206T134250, end_date=20221206T134251
[2022-12-06T13:42:51.451+0000] {local_task_job.py:159} INFO - Task exited with return code 0
[2022-12-06T13:42:51.481+0000] {taskinstance.py:2582} INFO - 0 downstream tasks scheduled from follow-on schedule check
