[2022-12-12T21:13:18.750+0000] {taskinstance.py:1087} INFO - Dependencies all met for <TaskInstance: CSV_2_DB.First_task_update manual__2022-12-12T21:13:17.045868+00:00 [queued]>
[2022-12-12T21:13:18.767+0000] {taskinstance.py:1087} INFO - Dependencies all met for <TaskInstance: CSV_2_DB.First_task_update manual__2022-12-12T21:13:17.045868+00:00 [queued]>
[2022-12-12T21:13:18.768+0000] {taskinstance.py:1283} INFO - 
--------------------------------------------------------------------------------
[2022-12-12T21:13:18.770+0000] {taskinstance.py:1284} INFO - Starting attempt 1 of 6
[2022-12-12T21:13:18.771+0000] {taskinstance.py:1285} INFO - 
--------------------------------------------------------------------------------
[2022-12-12T21:13:18.795+0000] {taskinstance.py:1304} INFO - Executing <Task(PythonOperator): First_task_update> on 2022-12-12 21:13:17.045868+00:00
[2022-12-12T21:13:18.807+0000] {standard_task_runner.py:55} INFO - Started process 24831 to run task
[2022-12-12T21:13:18.814+0000] {standard_task_runner.py:82} INFO - Running: ['***', 'tasks', 'run', 'CSV_2_DB', 'First_task_update', 'manual__2022-12-12T21:13:17.045868+00:00', '--job-id', '152', '--raw', '--subdir', 'DAGS_FOLDER/dag_csv_to_db.py', '--cfg-path', '/tmp/tmpdq4xa69q']
[2022-12-12T21:13:18.818+0000] {standard_task_runner.py:83} INFO - Job 152: Subtask First_task_update
[2022-12-12T21:13:18.930+0000] {task_command.py:389} INFO - Running <TaskInstance: CSV_2_DB.First_task_update manual__2022-12-12T21:13:17.045868+00:00 [running]> on host c4fdd5f7672d
[2022-12-12T21:13:19.056+0000] {taskinstance.py:1513} INFO - Exporting the following env vars:
AIRFLOW_CTX_DAG_OWNER=Martin_Jurado
AIRFLOW_CTX_DAG_ID=CSV_2_DB
AIRFLOW_CTX_TASK_ID=First_task_update
AIRFLOW_CTX_EXECUTION_DATE=2022-12-12T21:13:17.045868+00:00
AIRFLOW_CTX_TRY_NUMBER=1
AIRFLOW_CTX_DAG_RUN_ID=manual__2022-12-12T21:13:17.045868+00:00
[2022-12-12T21:13:19.121+0000] {logging_mixin.py:137} INFO - [] 0
[2022-12-12T21:13:19.126+0000] {logging_mixin.py:137} INFO - True False False
[2022-12-12T21:13:19.819+0000] {logging_mixin.py:137} INFO - inserto todo
[2022-12-12T21:13:19.871+0000] {logging_mixin.py:137} INFO - [] 0
[2022-12-12T21:13:19.873+0000] {logging_mixin.py:137} INFO - False False True
[2022-12-12T21:13:27.021+0000] {logging_mixin.py:137} INFO - inserto todo
[2022-12-12T21:13:27.079+0000] {logging_mixin.py:137} INFO - [] 0
[2022-12-12T21:13:27.081+0000] {logging_mixin.py:137} INFO - False True False
[2022-12-12T21:15:13.997+0000] {logging_mixin.py:137} INFO - inserto todo
[2022-12-12T21:15:14.000+0000] {python.py:177} INFO - Done. Returned value was: None
[2022-12-12T21:15:14.070+0000] {taskinstance.py:1327} INFO - Marking task as SUCCESS. dag_id=CSV_2_DB, task_id=First_task_update, execution_date=20221212T211317, start_date=20221212T211318, end_date=20221212T211514
[2022-12-12T21:15:14.161+0000] {local_task_job.py:159} INFO - Task exited with return code 0
[2022-12-12T21:15:14.231+0000] {taskinstance.py:2582} INFO - 0 downstream tasks scheduled from follow-on schedule check
