[2022-12-06T18:00:02.298+0000] {taskinstance.py:1087} INFO - Dependencies all met for <TaskInstance: CSV_2_DB.First_task_update scheduled__2022-12-06T17:00:00+00:00 [queued]>
[2022-12-06T18:00:02.309+0000] {taskinstance.py:1087} INFO - Dependencies all met for <TaskInstance: CSV_2_DB.First_task_update scheduled__2022-12-06T17:00:00+00:00 [queued]>
[2022-12-06T18:00:02.310+0000] {taskinstance.py:1283} INFO - 
--------------------------------------------------------------------------------
[2022-12-06T18:00:02.311+0000] {taskinstance.py:1284} INFO - Starting attempt 1 of 6
[2022-12-06T18:00:02.312+0000] {taskinstance.py:1285} INFO - 
--------------------------------------------------------------------------------
[2022-12-06T18:00:02.328+0000] {taskinstance.py:1304} INFO - Executing <Task(PythonOperator): First_task_update> on 2022-12-06 17:00:00+00:00
[2022-12-06T18:00:02.335+0000] {standard_task_runner.py:55} INFO - Started process 19642 to run task
[2022-12-06T18:00:02.340+0000] {standard_task_runner.py:82} INFO - Running: ['***', 'tasks', 'run', 'CSV_2_DB', 'First_task_update', 'scheduled__2022-12-06T17:00:00+00:00', '--job-id', '11', '--raw', '--subdir', 'DAGS_FOLDER/dag_csv_to_db.py', '--cfg-path', '/tmp/tmpvnf4e7l5']
[2022-12-06T18:00:02.343+0000] {standard_task_runner.py:83} INFO - Job 11: Subtask First_task_update
[2022-12-06T18:00:02.428+0000] {task_command.py:389} INFO - Running <TaskInstance: CSV_2_DB.First_task_update scheduled__2022-12-06T17:00:00+00:00 [running]> on host ecf4c7a56b04
[2022-12-06T18:00:02.516+0000] {taskinstance.py:1513} INFO - Exporting the following env vars:
AIRFLOW_CTX_DAG_OWNER=Martin_Jurado
AIRFLOW_CTX_DAG_ID=CSV_2_DB
AIRFLOW_CTX_TASK_ID=First_task_update
AIRFLOW_CTX_EXECUTION_DATE=2022-12-06T17:00:00+00:00
AIRFLOW_CTX_TRY_NUMBER=1
AIRFLOW_CTX_DAG_RUN_ID=scheduled__2022-12-06T17:00:00+00:00
[2022-12-06T18:00:02.556+0000] {logging_mixin.py:137} INFO - [(1, '/opt/***/code_data/departments.csv', 200, 13)] 1
[2022-12-06T18:00:02.557+0000] {logging_mixin.py:137} INFO - Applying conditions
[2022-12-06T18:00:02.559+0000] {logging_mixin.py:137} INFO - There were no changes
[2022-12-06T18:00:02.588+0000] {logging_mixin.py:137} INFO - [(2, '/opt/***/code_data/jobs.csv', 4421, 183)] 1
[2022-12-06T18:00:02.589+0000] {logging_mixin.py:137} INFO - Applying conditions
[2022-12-06T18:00:02.590+0000] {logging_mixin.py:137} INFO - There were no changes
[2022-12-06T18:00:02.622+0000] {logging_mixin.py:137} INFO - [(3, '/opt/***/code_data/z_hired_employees.csv', 92979, 2000)] 1
[2022-12-06T18:00:02.623+0000] {logging_mixin.py:137} INFO - Applying conditions
[2022-12-06T18:00:02.624+0000] {logging_mixin.py:137} INFO - There were no changes
[2022-12-06T18:00:02.625+0000] {python.py:177} INFO - Done. Returned value was: None
[2022-12-06T18:00:02.642+0000] {taskinstance.py:1327} INFO - Marking task as SUCCESS. dag_id=CSV_2_DB, task_id=First_task_update, execution_date=20221206T170000, start_date=20221206T180002, end_date=20221206T180002
[2022-12-06T18:00:02.674+0000] {local_task_job.py:159} INFO - Task exited with return code 0
[2022-12-06T18:00:02.709+0000] {taskinstance.py:2582} INFO - 0 downstream tasks scheduled from follow-on schedule check
