[2022-12-06T15:00:01.966+0000] {taskinstance.py:1087} INFO - Dependencies all met for <TaskInstance: CSV_2_DB.First_task_update scheduled__2022-12-06T14:00:00+00:00 [queued]>
[2022-12-06T15:00:01.984+0000] {taskinstance.py:1087} INFO - Dependencies all met for <TaskInstance: CSV_2_DB.First_task_update scheduled__2022-12-06T14:00:00+00:00 [queued]>
[2022-12-06T15:00:01.985+0000] {taskinstance.py:1283} INFO - 
--------------------------------------------------------------------------------
[2022-12-06T15:00:01.987+0000] {taskinstance.py:1284} INFO - Starting attempt 1 of 6
[2022-12-06T15:00:01.988+0000] {taskinstance.py:1285} INFO - 
--------------------------------------------------------------------------------
[2022-12-06T15:00:02.013+0000] {taskinstance.py:1304} INFO - Executing <Task(PythonOperator): First_task_update> on 2022-12-06 14:00:00+00:00
[2022-12-06T15:00:02.023+0000] {standard_task_runner.py:55} INFO - Started process 8218 to run task
[2022-12-06T15:00:02.033+0000] {standard_task_runner.py:82} INFO - Running: ['***', 'tasks', 'run', 'CSV_2_DB', 'First_task_update', 'scheduled__2022-12-06T14:00:00+00:00', '--job-id', '6', '--raw', '--subdir', 'DAGS_FOLDER/dag_csv_to_db.py', '--cfg-path', '/tmp/tmp_q0pmqcr']
[2022-12-06T15:00:02.040+0000] {standard_task_runner.py:83} INFO - Job 6: Subtask First_task_update
[2022-12-06T15:00:02.149+0000] {task_command.py:389} INFO - Running <TaskInstance: CSV_2_DB.First_task_update scheduled__2022-12-06T14:00:00+00:00 [running]> on host ecf4c7a56b04
[2022-12-06T15:00:02.269+0000] {taskinstance.py:1513} INFO - Exporting the following env vars:
AIRFLOW_CTX_DAG_OWNER=Martin_Jurado
AIRFLOW_CTX_DAG_ID=CSV_2_DB
AIRFLOW_CTX_TASK_ID=First_task_update
AIRFLOW_CTX_EXECUTION_DATE=2022-12-06T14:00:00+00:00
AIRFLOW_CTX_TRY_NUMBER=1
AIRFLOW_CTX_DAG_RUN_ID=scheduled__2022-12-06T14:00:00+00:00
[2022-12-06T15:00:02.314+0000] {logging_mixin.py:137} INFO - [(4, '/opt/***/code_data/departments.csv', 200, 13)] 1
[2022-12-06T15:00:02.315+0000] {logging_mixin.py:137} INFO - Applying conditions
[2022-12-06T15:00:02.316+0000] {logging_mixin.py:137} INFO - There were no changes
[2022-12-06T15:00:02.352+0000] {logging_mixin.py:137} INFO - [(5, '/opt/***/code_data/jobs.csv', 4421, 183)] 1
[2022-12-06T15:00:02.353+0000] {logging_mixin.py:137} INFO - Applying conditions
[2022-12-06T15:00:02.354+0000] {logging_mixin.py:137} INFO - There were no changes
[2022-12-06T15:00:02.385+0000] {logging_mixin.py:137} INFO - [(6, '/opt/***/code_data/z_hired_employees.csv', 92979, 2000)] 1
[2022-12-06T15:00:02.386+0000] {logging_mixin.py:137} INFO - Applying conditions
[2022-12-06T15:00:02.387+0000] {logging_mixin.py:137} INFO - There were no changes
[2022-12-06T15:00:02.430+0000] {logging_mixin.py:137} INFO - [(4, '/opt/***/code_data/departments.csv', 200, 13)] 1
[2022-12-06T15:00:02.431+0000] {logging_mixin.py:137} INFO - Applying conditions
[2022-12-06T15:00:02.432+0000] {logging_mixin.py:137} INFO - There were no changes
[2022-12-06T15:00:02.490+0000] {logging_mixin.py:137} INFO - [(5, '/opt/***/code_data/jobs.csv', 4421, 183)] 1
[2022-12-06T15:00:02.493+0000] {logging_mixin.py:137} INFO - Applying conditions
[2022-12-06T15:00:02.498+0000] {logging_mixin.py:137} INFO - There were no changes
[2022-12-06T15:00:02.542+0000] {logging_mixin.py:137} INFO - [(6, '/opt/***/code_data/z_hired_employees.csv', 92979, 2000)] 1
[2022-12-06T15:00:02.543+0000] {logging_mixin.py:137} INFO - Applying conditions
[2022-12-06T15:00:02.545+0000] {logging_mixin.py:137} INFO - There were no changes
[2022-12-06T15:00:02.547+0000] {python.py:177} INFO - Done. Returned value was: None
[2022-12-06T15:00:02.563+0000] {taskinstance.py:1327} INFO - Marking task as SUCCESS. dag_id=CSV_2_DB, task_id=First_task_update, execution_date=20221206T140000, start_date=20221206T150001, end_date=20221206T150002
[2022-12-06T15:00:02.617+0000] {local_task_job.py:159} INFO - Task exited with return code 0
[2022-12-06T15:00:02.646+0000] {taskinstance.py:2582} INFO - 0 downstream tasks scheduled from follow-on schedule check
