[2022-12-06T20:08:50.677+0000] {taskinstance.py:1087} INFO - Dependencies all met for <TaskInstance: CSV_2_DB.First_task_update scheduled__2022-12-06T19:00:00+00:00 [queued]>
[2022-12-06T20:08:50.749+0000] {taskinstance.py:1087} INFO - Dependencies all met for <TaskInstance: CSV_2_DB.First_task_update scheduled__2022-12-06T19:00:00+00:00 [queued]>
[2022-12-06T20:08:50.754+0000] {taskinstance.py:1283} INFO - 
--------------------------------------------------------------------------------
[2022-12-06T20:08:50.760+0000] {taskinstance.py:1284} INFO - Starting attempt 1 of 6
[2022-12-06T20:08:50.764+0000] {taskinstance.py:1285} INFO - 
--------------------------------------------------------------------------------
[2022-12-06T20:08:50.873+0000] {taskinstance.py:1304} INFO - Executing <Task(PythonOperator): First_task_update> on 2022-12-06 19:00:00+00:00
[2022-12-06T20:08:50.905+0000] {standard_task_runner.py:55} INFO - Started process 20299 to run task
[2022-12-06T20:08:50.930+0000] {standard_task_runner.py:82} INFO - Running: ['***', 'tasks', 'run', 'CSV_2_DB', 'First_task_update', 'scheduled__2022-12-06T19:00:00+00:00', '--job-id', '15', '--raw', '--subdir', 'DAGS_FOLDER/dag_csv_to_db.py', '--cfg-path', '/tmp/tmppxku7vyq']
[2022-12-06T20:08:50.946+0000] {standard_task_runner.py:83} INFO - Job 15: Subtask First_task_update
[2022-12-06T20:08:51.379+0000] {task_command.py:389} INFO - Running <TaskInstance: CSV_2_DB.First_task_update scheduled__2022-12-06T19:00:00+00:00 [running]> on host ecf4c7a56b04
[2022-12-06T20:08:52.122+0000] {taskinstance.py:1513} INFO - Exporting the following env vars:
AIRFLOW_CTX_DAG_OWNER=Martin_Jurado
AIRFLOW_CTX_DAG_ID=CSV_2_DB
AIRFLOW_CTX_TASK_ID=First_task_update
AIRFLOW_CTX_EXECUTION_DATE=2022-12-06T19:00:00+00:00
AIRFLOW_CTX_TRY_NUMBER=1
AIRFLOW_CTX_DAG_RUN_ID=scheduled__2022-12-06T19:00:00+00:00
[2022-12-06T20:08:52.524+0000] {logging_mixin.py:137} INFO - [(1, '/opt/***/code_data/departments.csv', 200, 13)] 1
[2022-12-06T20:08:52.530+0000] {logging_mixin.py:137} INFO - Applying conditions
[2022-12-06T20:08:52.534+0000] {logging_mixin.py:137} INFO - There were no changes
[2022-12-06T20:08:52.905+0000] {logging_mixin.py:137} INFO - [(2, '/opt/***/code_data/jobs.csv', 4488, 185)] 1
[2022-12-06T20:08:52.921+0000] {logging_mixin.py:137} INFO - Applying conditions
[2022-12-06T20:08:52.936+0000] {logging_mixin.py:137} INFO - There were no changes
[2022-12-06T20:08:53.275+0000] {logging_mixin.py:137} INFO - [(3, '/opt/***/code_data/z_hired_employees.csv', 92979, 2000)] 1
[2022-12-06T20:08:53.290+0000] {logging_mixin.py:137} INFO - Applying conditions
[2022-12-06T20:08:53.296+0000] {logging_mixin.py:137} INFO - There were no changes
[2022-12-06T20:08:53.303+0000] {python.py:177} INFO - Done. Returned value was: None
[2022-12-06T20:08:53.416+0000] {taskinstance.py:1327} INFO - Marking task as SUCCESS. dag_id=CSV_2_DB, task_id=First_task_update, execution_date=20221206T190000, start_date=20221206T200850, end_date=20221206T200853
[2022-12-06T20:08:53.727+0000] {local_task_job.py:159} INFO - Task exited with return code 0
[2022-12-06T20:08:53.965+0000] {taskinstance.py:2582} INFO - 0 downstream tasks scheduled from follow-on schedule check
