[2022-12-06T23:13:50.636+0000] {taskinstance.py:1087} INFO - Dependencies all met for <TaskInstance: CSV_2_DB.First_task_update manual__2022-12-06T23:13:48.773437+00:00 [queued]>
[2022-12-06T23:13:50.650+0000] {taskinstance.py:1087} INFO - Dependencies all met for <TaskInstance: CSV_2_DB.First_task_update manual__2022-12-06T23:13:48.773437+00:00 [queued]>
[2022-12-06T23:13:50.651+0000] {taskinstance.py:1283} INFO - 
--------------------------------------------------------------------------------
[2022-12-06T23:13:50.652+0000] {taskinstance.py:1284} INFO - Starting attempt 1 of 6
[2022-12-06T23:13:50.653+0000] {taskinstance.py:1285} INFO - 
--------------------------------------------------------------------------------
[2022-12-06T23:13:50.670+0000] {taskinstance.py:1304} INFO - Executing <Task(PythonOperator): First_task_update> on 2022-12-06 23:13:48.773437+00:00
[2022-12-06T23:13:50.678+0000] {standard_task_runner.py:55} INFO - Started process 28380 to run task
[2022-12-06T23:13:50.683+0000] {standard_task_runner.py:82} INFO - Running: ['***', 'tasks', 'run', 'CSV_2_DB', 'First_task_update', 'manual__2022-12-06T23:13:48.773437+00:00', '--job-id', '19', '--raw', '--subdir', 'DAGS_FOLDER/dag_csv_to_db.py', '--cfg-path', '/tmp/tmpw2cwph3_']
[2022-12-06T23:13:50.686+0000] {standard_task_runner.py:83} INFO - Job 19: Subtask First_task_update
[2022-12-06T23:13:50.772+0000] {task_command.py:389} INFO - Running <TaskInstance: CSV_2_DB.First_task_update manual__2022-12-06T23:13:48.773437+00:00 [running]> on host ecf4c7a56b04
[2022-12-06T23:13:50.862+0000] {taskinstance.py:1513} INFO - Exporting the following env vars:
AIRFLOW_CTX_DAG_OWNER=Martin_Jurado
AIRFLOW_CTX_DAG_ID=CSV_2_DB
AIRFLOW_CTX_TASK_ID=First_task_update
AIRFLOW_CTX_EXECUTION_DATE=2022-12-06T23:13:48.773437+00:00
AIRFLOW_CTX_TRY_NUMBER=1
AIRFLOW_CTX_DAG_RUN_ID=manual__2022-12-06T23:13:48.773437+00:00
[2022-12-06T23:13:50.904+0000] {logging_mixin.py:137} INFO - [] 0
[2022-12-06T23:13:50.905+0000] {logging_mixin.py:137} INFO - True False False
[2022-12-06T23:13:51.636+0000] {logging_mixin.py:137} INFO - inserto todo
[2022-12-06T23:13:51.692+0000] {logging_mixin.py:137} INFO - [] 0
[2022-12-06T23:13:51.693+0000] {logging_mixin.py:137} INFO - False False True
[2022-12-06T23:14:00.957+0000] {logging_mixin.py:137} INFO - inserto todo
[2022-12-06T23:14:01.050+0000] {logging_mixin.py:137} INFO - [] 0
[2022-12-06T23:14:01.052+0000] {logging_mixin.py:137} INFO - False True False
[2022-12-06T23:15:32.968+0000] {logging_mixin.py:137} INFO - inserto todo
[2022-12-06T23:15:32.971+0000] {python.py:177} INFO - Done. Returned value was: None
[2022-12-06T23:15:32.992+0000] {taskinstance.py:1327} INFO - Marking task as SUCCESS. dag_id=CSV_2_DB, task_id=First_task_update, execution_date=20221206T231348, start_date=20221206T231350, end_date=20221206T231532
[2022-12-06T23:15:33.041+0000] {local_task_job.py:159} INFO - Task exited with return code 0
[2022-12-06T23:15:33.066+0000] {taskinstance.py:2582} INFO - 0 downstream tasks scheduled from follow-on schedule check
