[2022-12-06T05:24:31.889+0000] {processor.py:153} INFO - Started process (PID=66) to work on /home/airflow/.local/lib/python3.7/site-packages/airflow/example_dags/example_latest_only_with_trigger.py
[2022-12-06T05:24:31.892+0000] {processor.py:743} INFO - Processing file /home/airflow/.local/lib/python3.7/site-packages/airflow/example_dags/example_latest_only_with_trigger.py for tasks to queue
[2022-12-06T05:24:31.894+0000] {logging_mixin.py:137} INFO - [2022-12-06T05:24:31.894+0000] {dagbag.py:538} INFO - Filling up the DagBag from /home/airflow/.local/lib/python3.7/site-packages/airflow/example_dags/example_latest_only_with_trigger.py
[2022-12-06T05:24:31.959+0000] {processor.py:753} INFO - DAG(s) dict_keys(['latest_only_with_trigger']) retrieved from /home/airflow/.local/lib/python3.7/site-packages/airflow/example_dags/example_latest_only_with_trigger.py
[2022-12-06T05:24:32.275+0000] {logging_mixin.py:137} INFO - [2022-12-06T05:24:32.274+0000] {dag.py:2676} INFO - Sync 1 DAGs
[2022-12-06T05:24:32.341+0000] {logging_mixin.py:137} INFO - [2022-12-06T05:24:32.341+0000] {dag.py:3427} INFO - Setting next_dagrun for latest_only_with_trigger to 2022-12-06T01:24:32.335639+00:00, run_after=2022-12-06T05:24:32.335639+00:00
[2022-12-06T05:24:32.489+0000] {processor.py:175} INFO - Processing /home/airflow/.local/lib/python3.7/site-packages/airflow/example_dags/example_latest_only_with_trigger.py took 0.605 seconds
[2022-12-06T05:26:11.159+0000] {processor.py:153} INFO - Started process (PID=174) to work on /home/airflow/.local/lib/python3.7/site-packages/airflow/example_dags/example_latest_only_with_trigger.py
[2022-12-06T05:26:11.161+0000] {processor.py:743} INFO - Processing file /home/airflow/.local/lib/python3.7/site-packages/airflow/example_dags/example_latest_only_with_trigger.py for tasks to queue
[2022-12-06T05:26:11.163+0000] {logging_mixin.py:137} INFO - [2022-12-06T05:26:11.163+0000] {dagbag.py:538} INFO - Filling up the DagBag from /home/airflow/.local/lib/python3.7/site-packages/airflow/example_dags/example_latest_only_with_trigger.py
[2022-12-06T05:26:11.191+0000] {processor.py:753} INFO - DAG(s) dict_keys(['latest_only_with_trigger']) retrieved from /home/airflow/.local/lib/python3.7/site-packages/airflow/example_dags/example_latest_only_with_trigger.py
[2022-12-06T05:26:11.253+0000] {logging_mixin.py:137} INFO - [2022-12-06T05:26:11.253+0000] {dag.py:2676} INFO - Sync 1 DAGs
[2022-12-06T05:26:11.305+0000] {logging_mixin.py:137} INFO - [2022-12-06T05:26:11.305+0000] {dag.py:3427} INFO - Setting next_dagrun for latest_only_with_trigger to 2022-12-06T01:26:11.305124+00:00, run_after=2022-12-06T05:26:11.305124+00:00
[2022-12-06T05:26:11.371+0000] {processor.py:175} INFO - Processing /home/airflow/.local/lib/python3.7/site-packages/airflow/example_dags/example_latest_only_with_trigger.py took 0.217 seconds
[2022-12-06T05:27:07.559+0000] {processor.py:153} INFO - Started process (PID=262) to work on /home/airflow/.local/lib/python3.7/site-packages/airflow/example_dags/example_latest_only_with_trigger.py
[2022-12-06T05:27:07.561+0000] {processor.py:743} INFO - Processing file /home/airflow/.local/lib/python3.7/site-packages/airflow/example_dags/example_latest_only_with_trigger.py for tasks to queue
[2022-12-06T05:27:07.563+0000] {logging_mixin.py:137} INFO - [2022-12-06T05:27:07.563+0000] {dagbag.py:538} INFO - Filling up the DagBag from /home/airflow/.local/lib/python3.7/site-packages/airflow/example_dags/example_latest_only_with_trigger.py
[2022-12-06T05:27:07.599+0000] {processor.py:753} INFO - DAG(s) dict_keys(['latest_only_with_trigger']) retrieved from /home/airflow/.local/lib/python3.7/site-packages/airflow/example_dags/example_latest_only_with_trigger.py
[2022-12-06T05:27:07.698+0000] {logging_mixin.py:137} INFO - [2022-12-06T05:27:07.698+0000] {dag.py:2676} INFO - Sync 1 DAGs
[2022-12-06T05:27:07.766+0000] {logging_mixin.py:137} INFO - [2022-12-06T05:27:07.766+0000] {dag.py:3427} INFO - Setting next_dagrun for latest_only_with_trigger to 2022-12-06T01:27:07.765995+00:00, run_after=2022-12-06T05:27:07.765995+00:00
[2022-12-06T05:27:07.840+0000] {processor.py:175} INFO - Processing /home/airflow/.local/lib/python3.7/site-packages/airflow/example_dags/example_latest_only_with_trigger.py took 0.288 seconds
[2022-12-06T05:27:38.421+0000] {processor.py:153} INFO - Started process (PID=330) to work on /home/airflow/.local/lib/python3.7/site-packages/airflow/example_dags/example_latest_only_with_trigger.py
[2022-12-06T05:27:38.424+0000] {processor.py:743} INFO - Processing file /home/airflow/.local/lib/python3.7/site-packages/airflow/example_dags/example_latest_only_with_trigger.py for tasks to queue
[2022-12-06T05:27:38.426+0000] {logging_mixin.py:137} INFO - [2022-12-06T05:27:38.426+0000] {dagbag.py:538} INFO - Filling up the DagBag from /home/airflow/.local/lib/python3.7/site-packages/airflow/example_dags/example_latest_only_with_trigger.py
[2022-12-06T05:27:38.413+0000] {processor.py:753} INFO - DAG(s) dict_keys(['latest_only_with_trigger']) retrieved from /home/airflow/.local/lib/python3.7/site-packages/airflow/example_dags/example_latest_only_with_trigger.py
[2022-12-06T05:27:38.471+0000] {logging_mixin.py:137} INFO - [2022-12-06T05:27:38.471+0000] {dag.py:2676} INFO - Sync 1 DAGs
[2022-12-06T05:27:38.506+0000] {logging_mixin.py:137} INFO - [2022-12-06T05:27:38.506+0000] {dag.py:3427} INFO - Setting next_dagrun for latest_only_with_trigger to 2022-12-06T01:27:38.506255+00:00, run_after=2022-12-06T05:27:38.506255+00:00
[2022-12-06T05:27:38.533+0000] {processor.py:175} INFO - Processing /home/airflow/.local/lib/python3.7/site-packages/airflow/example_dags/example_latest_only_with_trigger.py took 0.157 seconds
[2022-12-06T05:28:09.118+0000] {processor.py:153} INFO - Started process (PID=397) to work on /home/airflow/.local/lib/python3.7/site-packages/airflow/example_dags/example_latest_only_with_trigger.py
[2022-12-06T05:28:09.123+0000] {processor.py:743} INFO - Processing file /home/airflow/.local/lib/python3.7/site-packages/airflow/example_dags/example_latest_only_with_trigger.py for tasks to queue
[2022-12-06T05:28:09.126+0000] {logging_mixin.py:137} INFO - [2022-12-06T05:28:09.126+0000] {dagbag.py:538} INFO - Filling up the DagBag from /home/airflow/.local/lib/python3.7/site-packages/airflow/example_dags/example_latest_only_with_trigger.py
[2022-12-06T05:28:09.169+0000] {processor.py:753} INFO - DAG(s) dict_keys(['latest_only_with_trigger']) retrieved from /home/airflow/.local/lib/python3.7/site-packages/airflow/example_dags/example_latest_only_with_trigger.py
[2022-12-06T05:28:09.260+0000] {logging_mixin.py:137} INFO - [2022-12-06T05:28:09.259+0000] {dag.py:2676} INFO - Sync 1 DAGs
[2022-12-06T05:28:09.335+0000] {logging_mixin.py:137} INFO - [2022-12-06T05:28:09.335+0000] {dag.py:3427} INFO - Setting next_dagrun for latest_only_with_trigger to 2022-12-06T01:28:09.334810+00:00, run_after=2022-12-06T05:28:09.334810+00:00
[2022-12-06T05:28:09.393+0000] {processor.py:175} INFO - Processing /home/airflow/.local/lib/python3.7/site-packages/airflow/example_dags/example_latest_only_with_trigger.py took 0.288 seconds
[2022-12-06T05:28:41.429+0000] {processor.py:153} INFO - Started process (PID=463) to work on /home/airflow/.local/lib/python3.7/site-packages/airflow/example_dags/example_latest_only_with_trigger.py
[2022-12-06T05:28:41.432+0000] {processor.py:743} INFO - Processing file /home/airflow/.local/lib/python3.7/site-packages/airflow/example_dags/example_latest_only_with_trigger.py for tasks to queue
[2022-12-06T05:28:41.435+0000] {logging_mixin.py:137} INFO - [2022-12-06T05:28:41.435+0000] {dagbag.py:538} INFO - Filling up the DagBag from /home/airflow/.local/lib/python3.7/site-packages/airflow/example_dags/example_latest_only_with_trigger.py
[2022-12-06T05:28:41.474+0000] {processor.py:753} INFO - DAG(s) dict_keys(['latest_only_with_trigger']) retrieved from /home/airflow/.local/lib/python3.7/site-packages/airflow/example_dags/example_latest_only_with_trigger.py
[2022-12-06T05:28:41.593+0000] {logging_mixin.py:137} INFO - [2022-12-06T05:28:41.592+0000] {dag.py:2676} INFO - Sync 1 DAGs
[2022-12-06T05:28:41.666+0000] {logging_mixin.py:137} INFO - [2022-12-06T05:28:41.666+0000] {dag.py:3427} INFO - Setting next_dagrun for latest_only_with_trigger to 2022-12-06T01:28:41.665233+00:00, run_after=2022-12-06T05:28:41.665233+00:00
[2022-12-06T05:28:41.726+0000] {processor.py:175} INFO - Processing /home/airflow/.local/lib/python3.7/site-packages/airflow/example_dags/example_latest_only_with_trigger.py took 0.305 seconds
[2022-12-06T05:29:12.601+0000] {processor.py:153} INFO - Started process (PID=529) to work on /home/airflow/.local/lib/python3.7/site-packages/airflow/example_dags/example_latest_only_with_trigger.py
[2022-12-06T05:29:12.604+0000] {processor.py:743} INFO - Processing file /home/airflow/.local/lib/python3.7/site-packages/airflow/example_dags/example_latest_only_with_trigger.py for tasks to queue
[2022-12-06T05:29:12.606+0000] {logging_mixin.py:137} INFO - [2022-12-06T05:29:12.606+0000] {dagbag.py:538} INFO - Filling up the DagBag from /home/airflow/.local/lib/python3.7/site-packages/airflow/example_dags/example_latest_only_with_trigger.py
[2022-12-06T05:29:12.655+0000] {processor.py:753} INFO - DAG(s) dict_keys(['latest_only_with_trigger']) retrieved from /home/airflow/.local/lib/python3.7/site-packages/airflow/example_dags/example_latest_only_with_trigger.py
[2022-12-06T05:29:12.760+0000] {logging_mixin.py:137} INFO - [2022-12-06T05:29:12.760+0000] {dag.py:2676} INFO - Sync 1 DAGs
[2022-12-06T05:29:12.829+0000] {logging_mixin.py:137} INFO - [2022-12-06T05:29:12.829+0000] {dag.py:3427} INFO - Setting next_dagrun for latest_only_with_trigger to 2022-12-06T01:29:12.829121+00:00, run_after=2022-12-06T05:29:12.829121+00:00
[2022-12-06T05:29:12.884+0000] {processor.py:175} INFO - Processing /home/airflow/.local/lib/python3.7/site-packages/airflow/example_dags/example_latest_only_with_trigger.py took 0.289 seconds
[2022-12-06T05:30:19.099+0000] {processor.py:153} INFO - Started process (PID=593) to work on /home/airflow/.local/lib/python3.7/site-packages/airflow/example_dags/example_latest_only_with_trigger.py
[2022-12-06T05:30:19.108+0000] {processor.py:743} INFO - Processing file /home/airflow/.local/lib/python3.7/site-packages/airflow/example_dags/example_latest_only_with_trigger.py for tasks to queue
[2022-12-06T05:30:19.120+0000] {logging_mixin.py:137} INFO - [2022-12-06T05:30:19.120+0000] {dagbag.py:538} INFO - Filling up the DagBag from /home/airflow/.local/lib/python3.7/site-packages/airflow/example_dags/example_latest_only_with_trigger.py
[2022-12-06T05:30:19.271+0000] {processor.py:753} INFO - DAG(s) dict_keys(['latest_only_with_trigger']) retrieved from /home/airflow/.local/lib/python3.7/site-packages/airflow/example_dags/example_latest_only_with_trigger.py
[2022-12-06T05:30:19.431+0000] {logging_mixin.py:137} INFO - [2022-12-06T05:30:19.431+0000] {dag.py:2676} INFO - Sync 1 DAGs
[2022-12-06T05:30:19.516+0000] {logging_mixin.py:137} INFO - [2022-12-06T05:30:19.516+0000] {dag.py:3427} INFO - Setting next_dagrun for latest_only_with_trigger to 2022-12-06T01:30:19.515405+00:00, run_after=2022-12-06T05:30:19.515405+00:00
[2022-12-06T05:30:19.597+0000] {processor.py:175} INFO - Processing /home/airflow/.local/lib/python3.7/site-packages/airflow/example_dags/example_latest_only_with_trigger.py took 0.508 seconds
[2022-12-06T05:31:06.041+0000] {processor.py:153} INFO - Started process (PID=676) to work on /home/airflow/.local/lib/python3.7/site-packages/airflow/example_dags/example_latest_only_with_trigger.py
[2022-12-06T05:31:06.046+0000] {processor.py:743} INFO - Processing file /home/airflow/.local/lib/python3.7/site-packages/airflow/example_dags/example_latest_only_with_trigger.py for tasks to queue
[2022-12-06T05:31:06.050+0000] {logging_mixin.py:137} INFO - [2022-12-06T05:31:06.050+0000] {dagbag.py:538} INFO - Filling up the DagBag from /home/airflow/.local/lib/python3.7/site-packages/airflow/example_dags/example_latest_only_with_trigger.py
[2022-12-06T05:31:06.112+0000] {processor.py:753} INFO - DAG(s) dict_keys(['latest_only_with_trigger']) retrieved from /home/airflow/.local/lib/python3.7/site-packages/airflow/example_dags/example_latest_only_with_trigger.py
[2022-12-06T05:31:06.376+0000] {logging_mixin.py:137} INFO - [2022-12-06T05:31:06.373+0000] {dag.py:2676} INFO - Sync 1 DAGs
[2022-12-06T05:31:06.490+0000] {logging_mixin.py:137} INFO - [2022-12-06T05:31:06.490+0000] {dag.py:3427} INFO - Setting next_dagrun for latest_only_with_trigger to 2022-12-06T01:31:06.490030+00:00, run_after=2022-12-06T05:31:06.490030+00:00
[2022-12-06T05:31:06.529+0000] {processor.py:175} INFO - Processing /home/airflow/.local/lib/python3.7/site-packages/airflow/example_dags/example_latest_only_with_trigger.py took 0.497 seconds
[2022-12-06T05:32:03.269+0000] {processor.py:153} INFO - Started process (PID=743) to work on /home/airflow/.local/lib/python3.7/site-packages/airflow/example_dags/example_latest_only_with_trigger.py
[2022-12-06T05:32:03.273+0000] {processor.py:743} INFO - Processing file /home/airflow/.local/lib/python3.7/site-packages/airflow/example_dags/example_latest_only_with_trigger.py for tasks to queue
[2022-12-06T05:32:03.276+0000] {logging_mixin.py:137} INFO - [2022-12-06T05:32:03.275+0000] {dagbag.py:538} INFO - Filling up the DagBag from /home/airflow/.local/lib/python3.7/site-packages/airflow/example_dags/example_latest_only_with_trigger.py
[2022-12-06T05:32:03.318+0000] {processor.py:753} INFO - DAG(s) dict_keys(['latest_only_with_trigger']) retrieved from /home/airflow/.local/lib/python3.7/site-packages/airflow/example_dags/example_latest_only_with_trigger.py
[2022-12-06T05:32:03.401+0000] {logging_mixin.py:137} INFO - [2022-12-06T05:32:03.401+0000] {dag.py:2676} INFO - Sync 1 DAGs
[2022-12-06T05:32:03.448+0000] {logging_mixin.py:137} INFO - [2022-12-06T05:32:03.448+0000] {dag.py:3427} INFO - Setting next_dagrun for latest_only_with_trigger to 2022-12-06T01:32:03.447954+00:00, run_after=2022-12-06T05:32:03.447954+00:00
[2022-12-06T05:32:03.509+0000] {processor.py:175} INFO - Processing /home/airflow/.local/lib/python3.7/site-packages/airflow/example_dags/example_latest_only_with_trigger.py took 0.250 seconds
[2022-12-06T05:47:36.974+0000] {processor.py:153} INFO - Started process (PID=76) to work on /home/airflow/.local/lib/python3.7/site-packages/airflow/example_dags/example_latest_only_with_trigger.py
[2022-12-06T05:47:37.031+0000] {processor.py:743} INFO - Processing file /home/airflow/.local/lib/python3.7/site-packages/airflow/example_dags/example_latest_only_with_trigger.py for tasks to queue
[2022-12-06T05:47:37.329+0000] {logging_mixin.py:137} INFO - [2022-12-06T05:47:37.176+0000] {dagbag.py:538} INFO - Filling up the DagBag from /home/airflow/.local/lib/python3.7/site-packages/airflow/example_dags/example_latest_only_with_trigger.py
[2022-12-06T05:47:51.350+0000] {processor.py:753} INFO - DAG(s) dict_keys(['latest_only_with_trigger']) retrieved from /home/airflow/.local/lib/python3.7/site-packages/airflow/example_dags/example_latest_only_with_trigger.py
[2022-12-06T05:47:56.643+0000] {logging_mixin.py:137} INFO - [2022-12-06T05:47:56.641+0000] {dag.py:2676} INFO - Sync 1 DAGs
[2022-12-06T05:47:57.322+0000] {logging_mixin.py:137} INFO - [2022-12-06T05:47:57.294+0000] {dag.py:3427} INFO - Setting next_dagrun for latest_only_with_trigger to 2022-12-06T01:47:57.265202+00:00, run_after=2022-12-06T05:47:57.265202+00:00
[2022-12-06T05:48:24.435+0000] {processor.py:175} INFO - Processing /home/airflow/.local/lib/python3.7/site-packages/airflow/example_dags/example_latest_only_with_trigger.py took 46.839 seconds
[2022-12-06T05:48:55.066+0000] {processor.py:153} INFO - Started process (PID=177) to work on /home/airflow/.local/lib/python3.7/site-packages/airflow/example_dags/example_latest_only_with_trigger.py
[2022-12-06T05:48:55.068+0000] {processor.py:743} INFO - Processing file /home/airflow/.local/lib/python3.7/site-packages/airflow/example_dags/example_latest_only_with_trigger.py for tasks to queue
[2022-12-06T05:48:55.069+0000] {logging_mixin.py:137} INFO - [2022-12-06T05:48:55.069+0000] {dagbag.py:538} INFO - Filling up the DagBag from /home/airflow/.local/lib/python3.7/site-packages/airflow/example_dags/example_latest_only_with_trigger.py
[2022-12-06T05:48:55.100+0000] {processor.py:753} INFO - DAG(s) dict_keys(['latest_only_with_trigger']) retrieved from /home/airflow/.local/lib/python3.7/site-packages/airflow/example_dags/example_latest_only_with_trigger.py
[2022-12-06T05:48:55.156+0000] {logging_mixin.py:137} INFO - [2022-12-06T05:48:55.156+0000] {dag.py:2676} INFO - Sync 1 DAGs
[2022-12-06T05:48:55.197+0000] {logging_mixin.py:137} INFO - [2022-12-06T05:48:55.197+0000] {dag.py:3427} INFO - Setting next_dagrun for latest_only_with_trigger to 2022-12-06T01:48:55.196836+00:00, run_after=2022-12-06T05:48:55.196836+00:00
[2022-12-06T05:48:55.238+0000] {processor.py:175} INFO - Processing /home/airflow/.local/lib/python3.7/site-packages/airflow/example_dags/example_latest_only_with_trigger.py took 0.175 seconds
[2022-12-06T05:49:25.567+0000] {processor.py:153} INFO - Started process (PID=230) to work on /home/airflow/.local/lib/python3.7/site-packages/airflow/example_dags/example_latest_only_with_trigger.py
[2022-12-06T05:49:25.570+0000] {processor.py:743} INFO - Processing file /home/airflow/.local/lib/python3.7/site-packages/airflow/example_dags/example_latest_only_with_trigger.py for tasks to queue
[2022-12-06T05:49:25.571+0000] {logging_mixin.py:137} INFO - [2022-12-06T05:49:25.571+0000] {dagbag.py:538} INFO - Filling up the DagBag from /home/airflow/.local/lib/python3.7/site-packages/airflow/example_dags/example_latest_only_with_trigger.py
[2022-12-06T05:49:25.600+0000] {processor.py:753} INFO - DAG(s) dict_keys(['latest_only_with_trigger']) retrieved from /home/airflow/.local/lib/python3.7/site-packages/airflow/example_dags/example_latest_only_with_trigger.py
[2022-12-06T05:49:25.695+0000] {logging_mixin.py:137} INFO - [2022-12-06T05:49:25.695+0000] {dag.py:2676} INFO - Sync 1 DAGs
[2022-12-06T05:49:25.743+0000] {logging_mixin.py:137} INFO - [2022-12-06T05:49:25.742+0000] {dag.py:3427} INFO - Setting next_dagrun for latest_only_with_trigger to 2022-12-06T01:49:25.742098+00:00, run_after=2022-12-06T05:49:25.742098+00:00
[2022-12-06T05:49:25.781+0000] {processor.py:175} INFO - Processing /home/airflow/.local/lib/python3.7/site-packages/airflow/example_dags/example_latest_only_with_trigger.py took 0.221 seconds
[2022-12-06T05:49:55.929+0000] {processor.py:153} INFO - Started process (PID=308) to work on /home/airflow/.local/lib/python3.7/site-packages/airflow/example_dags/example_latest_only_with_trigger.py
[2022-12-06T05:49:55.933+0000] {processor.py:743} INFO - Processing file /home/airflow/.local/lib/python3.7/site-packages/airflow/example_dags/example_latest_only_with_trigger.py for tasks to queue
[2022-12-06T05:49:55.936+0000] {logging_mixin.py:137} INFO - [2022-12-06T05:49:55.935+0000] {dagbag.py:538} INFO - Filling up the DagBag from /home/airflow/.local/lib/python3.7/site-packages/airflow/example_dags/example_latest_only_with_trigger.py
[2022-12-06T05:49:55.979+0000] {processor.py:753} INFO - DAG(s) dict_keys(['latest_only_with_trigger']) retrieved from /home/airflow/.local/lib/python3.7/site-packages/airflow/example_dags/example_latest_only_with_trigger.py
[2022-12-06T05:49:56.053+0000] {logging_mixin.py:137} INFO - [2022-12-06T05:49:56.052+0000] {dag.py:2676} INFO - Sync 1 DAGs
[2022-12-06T05:49:56.099+0000] {logging_mixin.py:137} INFO - [2022-12-06T05:49:56.099+0000] {dag.py:3427} INFO - Setting next_dagrun for latest_only_with_trigger to 2022-12-06T01:49:56.098869+00:00, run_after=2022-12-06T05:49:56.098869+00:00
[2022-12-06T05:49:56.147+0000] {processor.py:175} INFO - Processing /home/airflow/.local/lib/python3.7/site-packages/airflow/example_dags/example_latest_only_with_trigger.py took 0.223 seconds
[2022-12-06T05:50:34.413+0000] {processor.py:153} INFO - Started process (PID=371) to work on /home/airflow/.local/lib/python3.7/site-packages/airflow/example_dags/example_latest_only_with_trigger.py
[2022-12-06T05:50:34.416+0000] {processor.py:743} INFO - Processing file /home/airflow/.local/lib/python3.7/site-packages/airflow/example_dags/example_latest_only_with_trigger.py for tasks to queue
[2022-12-06T05:50:34.418+0000] {logging_mixin.py:137} INFO - [2022-12-06T05:50:34.418+0000] {dagbag.py:538} INFO - Filling up the DagBag from /home/airflow/.local/lib/python3.7/site-packages/airflow/example_dags/example_latest_only_with_trigger.py
[2022-12-06T05:50:34.459+0000] {processor.py:753} INFO - DAG(s) dict_keys(['latest_only_with_trigger']) retrieved from /home/airflow/.local/lib/python3.7/site-packages/airflow/example_dags/example_latest_only_with_trigger.py
[2022-12-06T05:50:34.551+0000] {logging_mixin.py:137} INFO - [2022-12-06T05:50:34.550+0000] {dag.py:2676} INFO - Sync 1 DAGs
[2022-12-06T05:50:34.630+0000] {logging_mixin.py:137} INFO - [2022-12-06T05:50:34.630+0000] {dag.py:3427} INFO - Setting next_dagrun for latest_only_with_trigger to 2022-12-06T01:50:34.629190+00:00, run_after=2022-12-06T05:50:34.629190+00:00
[2022-12-06T05:50:34.736+0000] {processor.py:175} INFO - Processing /home/airflow/.local/lib/python3.7/site-packages/airflow/example_dags/example_latest_only_with_trigger.py took 0.330 seconds
[2022-12-06T05:51:24.240+0000] {processor.py:153} INFO - Started process (PID=439) to work on /home/airflow/.local/lib/python3.7/site-packages/airflow/example_dags/example_latest_only_with_trigger.py
[2022-12-06T05:51:24.242+0000] {processor.py:743} INFO - Processing file /home/airflow/.local/lib/python3.7/site-packages/airflow/example_dags/example_latest_only_with_trigger.py for tasks to queue
[2022-12-06T05:51:24.245+0000] {logging_mixin.py:137} INFO - [2022-12-06T05:51:24.244+0000] {dagbag.py:538} INFO - Filling up the DagBag from /home/airflow/.local/lib/python3.7/site-packages/airflow/example_dags/example_latest_only_with_trigger.py
[2022-12-06T05:51:24.283+0000] {processor.py:753} INFO - DAG(s) dict_keys(['latest_only_with_trigger']) retrieved from /home/airflow/.local/lib/python3.7/site-packages/airflow/example_dags/example_latest_only_with_trigger.py
[2022-12-06T05:51:24.347+0000] {logging_mixin.py:137} INFO - [2022-12-06T05:51:24.347+0000] {dag.py:2676} INFO - Sync 1 DAGs
[2022-12-06T05:51:24.401+0000] {logging_mixin.py:137} INFO - [2022-12-06T05:51:24.401+0000] {dag.py:3427} INFO - Setting next_dagrun for latest_only_with_trigger to 2022-12-06T01:51:24.400949+00:00, run_after=2022-12-06T05:51:24.400949+00:00
[2022-12-06T05:51:24.441+0000] {processor.py:175} INFO - Processing /home/airflow/.local/lib/python3.7/site-packages/airflow/example_dags/example_latest_only_with_trigger.py took 0.210 seconds
[2022-12-06T05:52:14.408+0000] {processor.py:153} INFO - Started process (PID=505) to work on /home/airflow/.local/lib/python3.7/site-packages/airflow/example_dags/example_latest_only_with_trigger.py
[2022-12-06T05:52:14.411+0000] {processor.py:743} INFO - Processing file /home/airflow/.local/lib/python3.7/site-packages/airflow/example_dags/example_latest_only_with_trigger.py for tasks to queue
[2022-12-06T05:52:14.414+0000] {logging_mixin.py:137} INFO - [2022-12-06T05:52:14.414+0000] {dagbag.py:538} INFO - Filling up the DagBag from /home/airflow/.local/lib/python3.7/site-packages/airflow/example_dags/example_latest_only_with_trigger.py
[2022-12-06T05:52:14.452+0000] {processor.py:753} INFO - DAG(s) dict_keys(['latest_only_with_trigger']) retrieved from /home/airflow/.local/lib/python3.7/site-packages/airflow/example_dags/example_latest_only_with_trigger.py
[2022-12-06T05:52:14.541+0000] {logging_mixin.py:137} INFO - [2022-12-06T05:52:14.541+0000] {dag.py:2676} INFO - Sync 1 DAGs
[2022-12-06T05:52:14.589+0000] {logging_mixin.py:137} INFO - [2022-12-06T05:52:14.589+0000] {dag.py:3427} INFO - Setting next_dagrun for latest_only_with_trigger to 2022-12-06T01:52:14.588829+00:00, run_after=2022-12-06T05:52:14.588829+00:00
[2022-12-06T05:52:14.646+0000] {processor.py:175} INFO - Processing /home/airflow/.local/lib/python3.7/site-packages/airflow/example_dags/example_latest_only_with_trigger.py took 0.249 seconds
[2022-12-06T05:53:00.119+0000] {processor.py:153} INFO - Started process (PID=583) to work on /home/airflow/.local/lib/python3.7/site-packages/airflow/example_dags/example_latest_only_with_trigger.py
[2022-12-06T05:53:00.121+0000] {processor.py:743} INFO - Processing file /home/airflow/.local/lib/python3.7/site-packages/airflow/example_dags/example_latest_only_with_trigger.py for tasks to queue
[2022-12-06T05:53:00.126+0000] {logging_mixin.py:137} INFO - [2022-12-06T05:53:00.126+0000] {dagbag.py:538} INFO - Filling up the DagBag from /home/airflow/.local/lib/python3.7/site-packages/airflow/example_dags/example_latest_only_with_trigger.py
[2022-12-06T05:53:00.187+0000] {processor.py:753} INFO - DAG(s) dict_keys(['latest_only_with_trigger']) retrieved from /home/airflow/.local/lib/python3.7/site-packages/airflow/example_dags/example_latest_only_with_trigger.py
[2022-12-06T05:53:00.279+0000] {logging_mixin.py:137} INFO - [2022-12-06T05:53:00.279+0000] {dag.py:2676} INFO - Sync 1 DAGs
[2022-12-06T05:53:00.337+0000] {logging_mixin.py:137} INFO - [2022-12-06T05:53:00.337+0000] {dag.py:3427} INFO - Setting next_dagrun for latest_only_with_trigger to 2022-12-06T01:53:00.336541+00:00, run_after=2022-12-06T05:53:00.336541+00:00
[2022-12-06T05:53:00.425+0000] {processor.py:175} INFO - Processing /home/airflow/.local/lib/python3.7/site-packages/airflow/example_dags/example_latest_only_with_trigger.py took 0.312 seconds
[2022-12-06T05:53:41.713+0000] {processor.py:153} INFO - Started process (PID=652) to work on /home/airflow/.local/lib/python3.7/site-packages/airflow/example_dags/example_latest_only_with_trigger.py
[2022-12-06T05:53:41.716+0000] {processor.py:743} INFO - Processing file /home/airflow/.local/lib/python3.7/site-packages/airflow/example_dags/example_latest_only_with_trigger.py for tasks to queue
[2022-12-06T05:53:41.718+0000] {logging_mixin.py:137} INFO - [2022-12-06T05:53:41.717+0000] {dagbag.py:538} INFO - Filling up the DagBag from /home/airflow/.local/lib/python3.7/site-packages/airflow/example_dags/example_latest_only_with_trigger.py
[2022-12-06T05:53:41.751+0000] {processor.py:753} INFO - DAG(s) dict_keys(['latest_only_with_trigger']) retrieved from /home/airflow/.local/lib/python3.7/site-packages/airflow/example_dags/example_latest_only_with_trigger.py
[2022-12-06T05:53:41.831+0000] {logging_mixin.py:137} INFO - [2022-12-06T05:53:41.831+0000] {dag.py:2676} INFO - Sync 1 DAGs
[2022-12-06T05:53:41.897+0000] {logging_mixin.py:137} INFO - [2022-12-06T05:53:41.897+0000] {dag.py:3427} INFO - Setting next_dagrun for latest_only_with_trigger to 2022-12-06T01:53:41.897299+00:00, run_after=2022-12-06T05:53:41.897299+00:00
[2022-12-06T05:53:41.952+0000] {processor.py:175} INFO - Processing /home/airflow/.local/lib/python3.7/site-packages/airflow/example_dags/example_latest_only_with_trigger.py took 0.244 seconds
[2022-12-06T05:54:22.994+0000] {processor.py:153} INFO - Started process (PID=719) to work on /home/airflow/.local/lib/python3.7/site-packages/airflow/example_dags/example_latest_only_with_trigger.py
[2022-12-06T05:54:22.997+0000] {processor.py:743} INFO - Processing file /home/airflow/.local/lib/python3.7/site-packages/airflow/example_dags/example_latest_only_with_trigger.py for tasks to queue
[2022-12-06T05:54:23.000+0000] {logging_mixin.py:137} INFO - [2022-12-06T05:54:23.000+0000] {dagbag.py:538} INFO - Filling up the DagBag from /home/airflow/.local/lib/python3.7/site-packages/airflow/example_dags/example_latest_only_with_trigger.py
[2022-12-06T05:54:23.039+0000] {processor.py:753} INFO - DAG(s) dict_keys(['latest_only_with_trigger']) retrieved from /home/airflow/.local/lib/python3.7/site-packages/airflow/example_dags/example_latest_only_with_trigger.py
[2022-12-06T05:54:23.134+0000] {logging_mixin.py:137} INFO - [2022-12-06T05:54:23.134+0000] {dag.py:2676} INFO - Sync 1 DAGs
[2022-12-06T05:54:23.206+0000] {logging_mixin.py:137} INFO - [2022-12-06T05:54:23.206+0000] {dag.py:3427} INFO - Setting next_dagrun for latest_only_with_trigger to 2022-12-06T01:54:23.205834+00:00, run_after=2022-12-06T05:54:23.205834+00:00
[2022-12-06T05:54:23.254+0000] {processor.py:175} INFO - Processing /home/airflow/.local/lib/python3.7/site-packages/airflow/example_dags/example_latest_only_with_trigger.py took 0.270 seconds
[2022-12-06T05:54:54.641+0000] {processor.py:153} INFO - Started process (PID=803) to work on /home/airflow/.local/lib/python3.7/site-packages/airflow/example_dags/example_latest_only_with_trigger.py
[2022-12-06T05:54:54.644+0000] {processor.py:743} INFO - Processing file /home/airflow/.local/lib/python3.7/site-packages/airflow/example_dags/example_latest_only_with_trigger.py for tasks to queue
[2022-12-06T05:54:54.649+0000] {logging_mixin.py:137} INFO - [2022-12-06T05:54:54.648+0000] {dagbag.py:538} INFO - Filling up the DagBag from /home/airflow/.local/lib/python3.7/site-packages/airflow/example_dags/example_latest_only_with_trigger.py
[2022-12-06T05:54:54.687+0000] {processor.py:753} INFO - DAG(s) dict_keys(['latest_only_with_trigger']) retrieved from /home/airflow/.local/lib/python3.7/site-packages/airflow/example_dags/example_latest_only_with_trigger.py
[2022-12-06T05:54:54.787+0000] {logging_mixin.py:137} INFO - [2022-12-06T05:54:54.787+0000] {dag.py:2676} INFO - Sync 1 DAGs
[2022-12-06T05:54:54.834+0000] {logging_mixin.py:137} INFO - [2022-12-06T05:54:54.833+0000] {dag.py:3427} INFO - Setting next_dagrun for latest_only_with_trigger to 2022-12-06T01:54:54.833578+00:00, run_after=2022-12-06T05:54:54.833578+00:00
[2022-12-06T05:54:54.861+0000] {processor.py:175} INFO - Processing /home/airflow/.local/lib/python3.7/site-packages/airflow/example_dags/example_latest_only_with_trigger.py took 0.227 seconds
[2022-12-06T05:55:38.751+0000] {processor.py:153} INFO - Started process (PID=873) to work on /home/airflow/.local/lib/python3.7/site-packages/airflow/example_dags/example_latest_only_with_trigger.py
[2022-12-06T05:55:38.754+0000] {processor.py:743} INFO - Processing file /home/airflow/.local/lib/python3.7/site-packages/airflow/example_dags/example_latest_only_with_trigger.py for tasks to queue
[2022-12-06T05:55:38.756+0000] {logging_mixin.py:137} INFO - [2022-12-06T05:55:38.756+0000] {dagbag.py:538} INFO - Filling up the DagBag from /home/airflow/.local/lib/python3.7/site-packages/airflow/example_dags/example_latest_only_with_trigger.py
[2022-12-06T05:55:38.784+0000] {processor.py:753} INFO - DAG(s) dict_keys(['latest_only_with_trigger']) retrieved from /home/airflow/.local/lib/python3.7/site-packages/airflow/example_dags/example_latest_only_with_trigger.py
[2022-12-06T05:55:38.861+0000] {logging_mixin.py:137} INFO - [2022-12-06T05:55:38.861+0000] {dag.py:2676} INFO - Sync 1 DAGs
[2022-12-06T05:55:38.906+0000] {logging_mixin.py:137} INFO - [2022-12-06T05:55:38.906+0000] {dag.py:3427} INFO - Setting next_dagrun for latest_only_with_trigger to 2022-12-06T01:55:38.905868+00:00, run_after=2022-12-06T05:55:38.905868+00:00
[2022-12-06T05:55:38.953+0000] {processor.py:175} INFO - Processing /home/airflow/.local/lib/python3.7/site-packages/airflow/example_dags/example_latest_only_with_trigger.py took 0.206 seconds
[2022-12-06T05:56:30.642+0000] {processor.py:153} INFO - Started process (PID=940) to work on /home/airflow/.local/lib/python3.7/site-packages/airflow/example_dags/example_latest_only_with_trigger.py
[2022-12-06T05:56:30.645+0000] {processor.py:743} INFO - Processing file /home/airflow/.local/lib/python3.7/site-packages/airflow/example_dags/example_latest_only_with_trigger.py for tasks to queue
[2022-12-06T05:56:30.648+0000] {logging_mixin.py:137} INFO - [2022-12-06T05:56:30.647+0000] {dagbag.py:538} INFO - Filling up the DagBag from /home/airflow/.local/lib/python3.7/site-packages/airflow/example_dags/example_latest_only_with_trigger.py
[2022-12-06T05:56:30.676+0000] {processor.py:753} INFO - DAG(s) dict_keys(['latest_only_with_trigger']) retrieved from /home/airflow/.local/lib/python3.7/site-packages/airflow/example_dags/example_latest_only_with_trigger.py
[2022-12-06T05:56:30.747+0000] {logging_mixin.py:137} INFO - [2022-12-06T05:56:30.746+0000] {dag.py:2676} INFO - Sync 1 DAGs
[2022-12-06T05:56:30.808+0000] {logging_mixin.py:137} INFO - [2022-12-06T05:56:30.807+0000] {dag.py:3427} INFO - Setting next_dagrun for latest_only_with_trigger to 2022-12-06T01:56:30.807342+00:00, run_after=2022-12-06T05:56:30.807342+00:00
[2022-12-06T05:56:30.858+0000] {processor.py:175} INFO - Processing /home/airflow/.local/lib/python3.7/site-packages/airflow/example_dags/example_latest_only_with_trigger.py took 0.221 seconds
[2022-12-06T05:57:14.071+0000] {processor.py:153} INFO - Started process (PID=1020) to work on /home/airflow/.local/lib/python3.7/site-packages/airflow/example_dags/example_latest_only_with_trigger.py
[2022-12-06T05:57:14.076+0000] {processor.py:743} INFO - Processing file /home/airflow/.local/lib/python3.7/site-packages/airflow/example_dags/example_latest_only_with_trigger.py for tasks to queue
[2022-12-06T05:57:14.081+0000] {logging_mixin.py:137} INFO - [2022-12-06T05:57:14.081+0000] {dagbag.py:538} INFO - Filling up the DagBag from /home/airflow/.local/lib/python3.7/site-packages/airflow/example_dags/example_latest_only_with_trigger.py
[2022-12-06T05:57:14.121+0000] {processor.py:753} INFO - DAG(s) dict_keys(['latest_only_with_trigger']) retrieved from /home/airflow/.local/lib/python3.7/site-packages/airflow/example_dags/example_latest_only_with_trigger.py
[2022-12-06T05:57:14.355+0000] {logging_mixin.py:137} INFO - [2022-12-06T05:57:14.355+0000] {dag.py:2676} INFO - Sync 1 DAGs
[2022-12-06T05:57:14.512+0000] {logging_mixin.py:137} INFO - [2022-12-06T05:57:14.512+0000] {dag.py:3427} INFO - Setting next_dagrun for latest_only_with_trigger to 2022-12-06T01:57:14.510845+00:00, run_after=2022-12-06T05:57:14.510845+00:00
[2022-12-06T05:57:14.657+0000] {processor.py:175} INFO - Processing /home/airflow/.local/lib/python3.7/site-packages/airflow/example_dags/example_latest_only_with_trigger.py took 0.597 seconds
[2022-12-06T05:57:53.632+0000] {processor.py:153} INFO - Started process (PID=1093) to work on /home/airflow/.local/lib/python3.7/site-packages/airflow/example_dags/example_latest_only_with_trigger.py
[2022-12-06T05:57:53.635+0000] {processor.py:743} INFO - Processing file /home/airflow/.local/lib/python3.7/site-packages/airflow/example_dags/example_latest_only_with_trigger.py for tasks to queue
[2022-12-06T05:57:53.637+0000] {logging_mixin.py:137} INFO - [2022-12-06T05:57:53.637+0000] {dagbag.py:538} INFO - Filling up the DagBag from /home/airflow/.local/lib/python3.7/site-packages/airflow/example_dags/example_latest_only_with_trigger.py
[2022-12-06T05:57:53.669+0000] {processor.py:753} INFO - DAG(s) dict_keys(['latest_only_with_trigger']) retrieved from /home/airflow/.local/lib/python3.7/site-packages/airflow/example_dags/example_latest_only_with_trigger.py
[2022-12-06T05:57:53.788+0000] {logging_mixin.py:137} INFO - [2022-12-06T05:57:53.788+0000] {dag.py:2676} INFO - Sync 1 DAGs
[2022-12-06T05:57:53.848+0000] {logging_mixin.py:137} INFO - [2022-12-06T05:57:53.847+0000] {dag.py:3427} INFO - Setting next_dagrun for latest_only_with_trigger to 2022-12-06T01:57:53.847408+00:00, run_after=2022-12-06T05:57:53.847408+00:00
[2022-12-06T05:57:53.888+0000] {processor.py:175} INFO - Processing /home/airflow/.local/lib/python3.7/site-packages/airflow/example_dags/example_latest_only_with_trigger.py took 0.261 seconds
[2022-12-06T05:58:34.156+0000] {processor.py:153} INFO - Started process (PID=1162) to work on /home/airflow/.local/lib/python3.7/site-packages/airflow/example_dags/example_latest_only_with_trigger.py
[2022-12-06T05:58:34.159+0000] {processor.py:743} INFO - Processing file /home/airflow/.local/lib/python3.7/site-packages/airflow/example_dags/example_latest_only_with_trigger.py for tasks to queue
[2022-12-06T05:58:34.162+0000] {logging_mixin.py:137} INFO - [2022-12-06T05:58:34.162+0000] {dagbag.py:538} INFO - Filling up the DagBag from /home/airflow/.local/lib/python3.7/site-packages/airflow/example_dags/example_latest_only_with_trigger.py
[2022-12-06T05:58:34.201+0000] {processor.py:753} INFO - DAG(s) dict_keys(['latest_only_with_trigger']) retrieved from /home/airflow/.local/lib/python3.7/site-packages/airflow/example_dags/example_latest_only_with_trigger.py
[2022-12-06T05:58:34.293+0000] {logging_mixin.py:137} INFO - [2022-12-06T05:58:34.292+0000] {dag.py:2676} INFO - Sync 1 DAGs
[2022-12-06T05:58:34.358+0000] {logging_mixin.py:137} INFO - [2022-12-06T05:58:34.357+0000] {dag.py:3427} INFO - Setting next_dagrun for latest_only_with_trigger to 2022-12-06T01:58:34.357258+00:00, run_after=2022-12-06T05:58:34.357258+00:00
[2022-12-06T05:58:34.405+0000] {processor.py:175} INFO - Processing /home/airflow/.local/lib/python3.7/site-packages/airflow/example_dags/example_latest_only_with_trigger.py took 0.258 seconds
[2022-12-06T05:59:17.130+0000] {processor.py:153} INFO - Started process (PID=1246) to work on /home/airflow/.local/lib/python3.7/site-packages/airflow/example_dags/example_latest_only_with_trigger.py
[2022-12-06T05:59:17.132+0000] {processor.py:743} INFO - Processing file /home/airflow/.local/lib/python3.7/site-packages/airflow/example_dags/example_latest_only_with_trigger.py for tasks to queue
[2022-12-06T05:59:17.134+0000] {logging_mixin.py:137} INFO - [2022-12-06T05:59:17.134+0000] {dagbag.py:538} INFO - Filling up the DagBag from /home/airflow/.local/lib/python3.7/site-packages/airflow/example_dags/example_latest_only_with_trigger.py
[2022-12-06T05:59:17.165+0000] {processor.py:753} INFO - DAG(s) dict_keys(['latest_only_with_trigger']) retrieved from /home/airflow/.local/lib/python3.7/site-packages/airflow/example_dags/example_latest_only_with_trigger.py
[2022-12-06T05:59:17.239+0000] {logging_mixin.py:137} INFO - [2022-12-06T05:59:17.238+0000] {dag.py:2676} INFO - Sync 1 DAGs
[2022-12-06T05:59:17.297+0000] {logging_mixin.py:137} INFO - [2022-12-06T05:59:17.297+0000] {dag.py:3427} INFO - Setting next_dagrun for latest_only_with_trigger to 2022-12-06T01:59:17.297176+00:00, run_after=2022-12-06T05:59:17.297176+00:00
[2022-12-06T05:59:17.333+0000] {processor.py:175} INFO - Processing /home/airflow/.local/lib/python3.7/site-packages/airflow/example_dags/example_latest_only_with_trigger.py took 0.208 seconds
[2022-12-06T05:59:55.265+0000] {processor.py:153} INFO - Started process (PID=1313) to work on /home/airflow/.local/lib/python3.7/site-packages/airflow/example_dags/example_latest_only_with_trigger.py
[2022-12-06T05:59:55.268+0000] {processor.py:743} INFO - Processing file /home/airflow/.local/lib/python3.7/site-packages/airflow/example_dags/example_latest_only_with_trigger.py for tasks to queue
[2022-12-06T05:59:55.271+0000] {logging_mixin.py:137} INFO - [2022-12-06T05:59:55.271+0000] {dagbag.py:538} INFO - Filling up the DagBag from /home/airflow/.local/lib/python3.7/site-packages/airflow/example_dags/example_latest_only_with_trigger.py
[2022-12-06T05:59:55.328+0000] {processor.py:753} INFO - DAG(s) dict_keys(['latest_only_with_trigger']) retrieved from /home/airflow/.local/lib/python3.7/site-packages/airflow/example_dags/example_latest_only_with_trigger.py
[2022-12-06T05:59:55.494+0000] {logging_mixin.py:137} INFO - [2022-12-06T05:59:55.494+0000] {dag.py:2676} INFO - Sync 1 DAGs
[2022-12-06T05:59:55.554+0000] {logging_mixin.py:137} INFO - [2022-12-06T05:59:55.554+0000] {dag.py:3427} INFO - Setting next_dagrun for latest_only_with_trigger to 2022-12-06T01:59:55.553600+00:00, run_after=2022-12-06T05:59:55.553600+00:00
[2022-12-06T05:59:55.658+0000] {processor.py:175} INFO - Processing /home/airflow/.local/lib/python3.7/site-packages/airflow/example_dags/example_latest_only_with_trigger.py took 0.400 seconds
[2022-12-06T06:00:43.870+0000] {processor.py:153} INFO - Started process (PID=1397) to work on /home/airflow/.local/lib/python3.7/site-packages/airflow/example_dags/example_latest_only_with_trigger.py
[2022-12-06T06:00:43.872+0000] {processor.py:743} INFO - Processing file /home/airflow/.local/lib/python3.7/site-packages/airflow/example_dags/example_latest_only_with_trigger.py for tasks to queue
[2022-12-06T06:00:43.876+0000] {logging_mixin.py:137} INFO - [2022-12-06T06:00:43.875+0000] {dagbag.py:538} INFO - Filling up the DagBag from /home/airflow/.local/lib/python3.7/site-packages/airflow/example_dags/example_latest_only_with_trigger.py
[2022-12-06T06:00:43.904+0000] {processor.py:753} INFO - DAG(s) dict_keys(['latest_only_with_trigger']) retrieved from /home/airflow/.local/lib/python3.7/site-packages/airflow/example_dags/example_latest_only_with_trigger.py
[2022-12-06T06:00:43.971+0000] {logging_mixin.py:137} INFO - [2022-12-06T06:00:43.971+0000] {dag.py:2676} INFO - Sync 1 DAGs
[2022-12-06T06:00:44.017+0000] {logging_mixin.py:137} INFO - [2022-12-06T06:00:44.017+0000] {dag.py:3427} INFO - Setting next_dagrun for latest_only_with_trigger to 2022-12-06T02:00:44.017126+00:00, run_after=2022-12-06T06:00:44.017126+00:00
[2022-12-06T06:00:44.071+0000] {processor.py:175} INFO - Processing /home/airflow/.local/lib/python3.7/site-packages/airflow/example_dags/example_latest_only_with_trigger.py took 0.207 seconds
[2022-12-06T06:01:14.146+0000] {processor.py:153} INFO - Started process (PID=1465) to work on /home/airflow/.local/lib/python3.7/site-packages/airflow/example_dags/example_latest_only_with_trigger.py
[2022-12-06T06:01:14.148+0000] {processor.py:743} INFO - Processing file /home/airflow/.local/lib/python3.7/site-packages/airflow/example_dags/example_latest_only_with_trigger.py for tasks to queue
[2022-12-06T06:01:14.150+0000] {logging_mixin.py:137} INFO - [2022-12-06T06:01:14.150+0000] {dagbag.py:538} INFO - Filling up the DagBag from /home/airflow/.local/lib/python3.7/site-packages/airflow/example_dags/example_latest_only_with_trigger.py
[2022-12-06T06:01:14.175+0000] {processor.py:753} INFO - DAG(s) dict_keys(['latest_only_with_trigger']) retrieved from /home/airflow/.local/lib/python3.7/site-packages/airflow/example_dags/example_latest_only_with_trigger.py
[2022-12-06T06:01:14.230+0000] {logging_mixin.py:137} INFO - [2022-12-06T06:01:14.230+0000] {dag.py:2676} INFO - Sync 1 DAGs
[2022-12-06T06:01:14.264+0000] {logging_mixin.py:137} INFO - [2022-12-06T06:01:14.264+0000] {dag.py:3427} INFO - Setting next_dagrun for latest_only_with_trigger to 2022-12-06T02:01:14.264288+00:00, run_after=2022-12-06T06:01:14.264288+00:00
[2022-12-06T06:01:14.290+0000] {processor.py:175} INFO - Processing /home/airflow/.local/lib/python3.7/site-packages/airflow/example_dags/example_latest_only_with_trigger.py took 0.149 seconds
[2022-12-06T06:01:46.193+0000] {processor.py:153} INFO - Started process (PID=1543) to work on /home/airflow/.local/lib/python3.7/site-packages/airflow/example_dags/example_latest_only_with_trigger.py
[2022-12-06T06:01:46.196+0000] {processor.py:743} INFO - Processing file /home/airflow/.local/lib/python3.7/site-packages/airflow/example_dags/example_latest_only_with_trigger.py for tasks to queue
[2022-12-06T06:01:46.198+0000] {logging_mixin.py:137} INFO - [2022-12-06T06:01:46.198+0000] {dagbag.py:538} INFO - Filling up the DagBag from /home/airflow/.local/lib/python3.7/site-packages/airflow/example_dags/example_latest_only_with_trigger.py
[2022-12-06T06:01:46.231+0000] {processor.py:753} INFO - DAG(s) dict_keys(['latest_only_with_trigger']) retrieved from /home/airflow/.local/lib/python3.7/site-packages/airflow/example_dags/example_latest_only_with_trigger.py
[2022-12-06T06:01:46.310+0000] {logging_mixin.py:137} INFO - [2022-12-06T06:01:46.309+0000] {dag.py:2676} INFO - Sync 1 DAGs
[2022-12-06T06:01:46.356+0000] {logging_mixin.py:137} INFO - [2022-12-06T06:01:46.356+0000] {dag.py:3427} INFO - Setting next_dagrun for latest_only_with_trigger to 2022-12-06T02:01:46.355712+00:00, run_after=2022-12-06T06:01:46.355712+00:00
[2022-12-06T06:01:46.398+0000] {processor.py:175} INFO - Processing /home/airflow/.local/lib/python3.7/site-packages/airflow/example_dags/example_latest_only_with_trigger.py took 0.213 seconds
[2022-12-06T06:02:22.107+0000] {processor.py:153} INFO - Started process (PID=1610) to work on /home/airflow/.local/lib/python3.7/site-packages/airflow/example_dags/example_latest_only_with_trigger.py
[2022-12-06T06:02:22.110+0000] {processor.py:743} INFO - Processing file /home/airflow/.local/lib/python3.7/site-packages/airflow/example_dags/example_latest_only_with_trigger.py for tasks to queue
[2022-12-06T06:02:22.113+0000] {logging_mixin.py:137} INFO - [2022-12-06T06:02:22.113+0000] {dagbag.py:538} INFO - Filling up the DagBag from /home/airflow/.local/lib/python3.7/site-packages/airflow/example_dags/example_latest_only_with_trigger.py
[2022-12-06T06:02:22.175+0000] {processor.py:753} INFO - DAG(s) dict_keys(['latest_only_with_trigger']) retrieved from /home/airflow/.local/lib/python3.7/site-packages/airflow/example_dags/example_latest_only_with_trigger.py
[2022-12-06T06:02:22.258+0000] {logging_mixin.py:137} INFO - [2022-12-06T06:02:22.257+0000] {dag.py:2676} INFO - Sync 1 DAGs
[2022-12-06T06:02:22.312+0000] {logging_mixin.py:137} INFO - [2022-12-06T06:02:22.312+0000] {dag.py:3427} INFO - Setting next_dagrun for latest_only_with_trigger to 2022-12-06T02:02:22.312080+00:00, run_after=2022-12-06T06:02:22.312080+00:00
[2022-12-06T06:02:22.355+0000] {processor.py:175} INFO - Processing /home/airflow/.local/lib/python3.7/site-packages/airflow/example_dags/example_latest_only_with_trigger.py took 0.257 seconds
[2022-12-06T06:03:06.323+0000] {processor.py:153} INFO - Started process (PID=1685) to work on /home/airflow/.local/lib/python3.7/site-packages/airflow/example_dags/example_latest_only_with_trigger.py
[2022-12-06T06:03:06.327+0000] {processor.py:743} INFO - Processing file /home/airflow/.local/lib/python3.7/site-packages/airflow/example_dags/example_latest_only_with_trigger.py for tasks to queue
[2022-12-06T06:03:06.332+0000] {logging_mixin.py:137} INFO - [2022-12-06T06:03:06.332+0000] {dagbag.py:538} INFO - Filling up the DagBag from /home/airflow/.local/lib/python3.7/site-packages/airflow/example_dags/example_latest_only_with_trigger.py
[2022-12-06T06:03:06.377+0000] {processor.py:753} INFO - DAG(s) dict_keys(['latest_only_with_trigger']) retrieved from /home/airflow/.local/lib/python3.7/site-packages/airflow/example_dags/example_latest_only_with_trigger.py
[2022-12-06T06:03:06.507+0000] {logging_mixin.py:137} INFO - [2022-12-06T06:03:06.507+0000] {dag.py:2676} INFO - Sync 1 DAGs
[2022-12-06T06:03:06.598+0000] {logging_mixin.py:137} INFO - [2022-12-06T06:03:06.594+0000] {dag.py:3427} INFO - Setting next_dagrun for latest_only_with_trigger to 2022-12-06T02:03:06.593936+00:00, run_after=2022-12-06T06:03:06.593936+00:00
[2022-12-06T06:03:06.673+0000] {processor.py:175} INFO - Processing /home/airflow/.local/lib/python3.7/site-packages/airflow/example_dags/example_latest_only_with_trigger.py took 0.361 seconds
[2022-12-06T06:04:00.642+0000] {processor.py:153} INFO - Started process (PID=1775) to work on /home/airflow/.local/lib/python3.7/site-packages/airflow/example_dags/example_latest_only_with_trigger.py
[2022-12-06T06:04:00.657+0000] {processor.py:743} INFO - Processing file /home/airflow/.local/lib/python3.7/site-packages/airflow/example_dags/example_latest_only_with_trigger.py for tasks to queue
[2022-12-06T06:04:00.673+0000] {logging_mixin.py:137} INFO - [2022-12-06T06:04:00.672+0000] {dagbag.py:538} INFO - Filling up the DagBag from /home/airflow/.local/lib/python3.7/site-packages/airflow/example_dags/example_latest_only_with_trigger.py
[2022-12-06T06:04:00.827+0000] {processor.py:753} INFO - DAG(s) dict_keys(['latest_only_with_trigger']) retrieved from /home/airflow/.local/lib/python3.7/site-packages/airflow/example_dags/example_latest_only_with_trigger.py
[2022-12-06T06:04:01.017+0000] {logging_mixin.py:137} INFO - [2022-12-06T06:04:01.016+0000] {dag.py:2676} INFO - Sync 1 DAGs
[2022-12-06T06:04:01.152+0000] {logging_mixin.py:137} INFO - [2022-12-06T06:04:01.151+0000] {dag.py:3427} INFO - Setting next_dagrun for latest_only_with_trigger to 2022-12-06T02:04:01.150026+00:00, run_after=2022-12-06T06:04:01.150026+00:00
[2022-12-06T06:04:01.245+0000] {processor.py:175} INFO - Processing /home/airflow/.local/lib/python3.7/site-packages/airflow/example_dags/example_latest_only_with_trigger.py took 0.645 seconds
[2022-12-06T06:04:36.631+0000] {processor.py:153} INFO - Started process (PID=1848) to work on /home/airflow/.local/lib/python3.7/site-packages/airflow/example_dags/example_latest_only_with_trigger.py
[2022-12-06T06:04:36.634+0000] {processor.py:743} INFO - Processing file /home/airflow/.local/lib/python3.7/site-packages/airflow/example_dags/example_latest_only_with_trigger.py for tasks to queue
[2022-12-06T06:04:36.636+0000] {logging_mixin.py:137} INFO - [2022-12-06T06:04:36.636+0000] {dagbag.py:538} INFO - Filling up the DagBag from /home/airflow/.local/lib/python3.7/site-packages/airflow/example_dags/example_latest_only_with_trigger.py
[2022-12-06T06:04:36.677+0000] {processor.py:753} INFO - DAG(s) dict_keys(['latest_only_with_trigger']) retrieved from /home/airflow/.local/lib/python3.7/site-packages/airflow/example_dags/example_latest_only_with_trigger.py
[2022-12-06T06:04:36.765+0000] {logging_mixin.py:137} INFO - [2022-12-06T06:04:36.764+0000] {dag.py:2676} INFO - Sync 1 DAGs
[2022-12-06T06:04:36.809+0000] {logging_mixin.py:137} INFO - [2022-12-06T06:04:36.809+0000] {dag.py:3427} INFO - Setting next_dagrun for latest_only_with_trigger to 2022-12-06T02:04:36.808344+00:00, run_after=2022-12-06T06:04:36.808344+00:00
[2022-12-06T06:04:36.858+0000] {processor.py:175} INFO - Processing /home/airflow/.local/lib/python3.7/site-packages/airflow/example_dags/example_latest_only_with_trigger.py took 0.238 seconds
[2022-12-06T06:05:16.825+0000] {processor.py:153} INFO - Started process (PID=1917) to work on /home/airflow/.local/lib/python3.7/site-packages/airflow/example_dags/example_latest_only_with_trigger.py
[2022-12-06T06:05:16.828+0000] {processor.py:743} INFO - Processing file /home/airflow/.local/lib/python3.7/site-packages/airflow/example_dags/example_latest_only_with_trigger.py for tasks to queue
[2022-12-06T06:05:16.830+0000] {logging_mixin.py:137} INFO - [2022-12-06T06:05:16.829+0000] {dagbag.py:538} INFO - Filling up the DagBag from /home/airflow/.local/lib/python3.7/site-packages/airflow/example_dags/example_latest_only_with_trigger.py
[2022-12-06T06:05:16.867+0000] {processor.py:753} INFO - DAG(s) dict_keys(['latest_only_with_trigger']) retrieved from /home/airflow/.local/lib/python3.7/site-packages/airflow/example_dags/example_latest_only_with_trigger.py
[2022-12-06T06:05:16.948+0000] {logging_mixin.py:137} INFO - [2022-12-06T06:05:16.947+0000] {dag.py:2676} INFO - Sync 1 DAGs
[2022-12-06T06:05:16.998+0000] {logging_mixin.py:137} INFO - [2022-12-06T06:05:16.998+0000] {dag.py:3427} INFO - Setting next_dagrun for latest_only_with_trigger to 2022-12-06T02:05:16.997455+00:00, run_after=2022-12-06T06:05:16.997455+00:00
[2022-12-06T06:05:17.061+0000] {processor.py:175} INFO - Processing /home/airflow/.local/lib/python3.7/site-packages/airflow/example_dags/example_latest_only_with_trigger.py took 0.242 seconds
[2022-12-06T06:05:47.809+0000] {processor.py:153} INFO - Started process (PID=1985) to work on /home/airflow/.local/lib/python3.7/site-packages/airflow/example_dags/example_latest_only_with_trigger.py
[2022-12-06T06:05:47.812+0000] {processor.py:743} INFO - Processing file /home/airflow/.local/lib/python3.7/site-packages/airflow/example_dags/example_latest_only_with_trigger.py for tasks to queue
[2022-12-06T06:05:47.814+0000] {logging_mixin.py:137} INFO - [2022-12-06T06:05:47.814+0000] {dagbag.py:538} INFO - Filling up the DagBag from /home/airflow/.local/lib/python3.7/site-packages/airflow/example_dags/example_latest_only_with_trigger.py
[2022-12-06T06:05:47.851+0000] {processor.py:753} INFO - DAG(s) dict_keys(['latest_only_with_trigger']) retrieved from /home/airflow/.local/lib/python3.7/site-packages/airflow/example_dags/example_latest_only_with_trigger.py
[2022-12-06T06:05:47.922+0000] {logging_mixin.py:137} INFO - [2022-12-06T06:05:47.922+0000] {dag.py:2676} INFO - Sync 1 DAGs
[2022-12-06T06:05:47.968+0000] {logging_mixin.py:137} INFO - [2022-12-06T06:05:47.967+0000] {dag.py:3427} INFO - Setting next_dagrun for latest_only_with_trigger to 2022-12-06T02:05:47.967068+00:00, run_after=2022-12-06T06:05:47.967068+00:00
[2022-12-06T06:05:48.017+0000] {processor.py:175} INFO - Processing /home/airflow/.local/lib/python3.7/site-packages/airflow/example_dags/example_latest_only_with_trigger.py took 0.214 seconds
[2022-12-06T06:06:24.121+0000] {processor.py:153} INFO - Started process (PID=2052) to work on /home/airflow/.local/lib/python3.7/site-packages/airflow/example_dags/example_latest_only_with_trigger.py
[2022-12-06T06:06:24.137+0000] {processor.py:743} INFO - Processing file /home/airflow/.local/lib/python3.7/site-packages/airflow/example_dags/example_latest_only_with_trigger.py for tasks to queue
[2022-12-06T06:06:24.143+0000] {logging_mixin.py:137} INFO - [2022-12-06T06:06:24.143+0000] {dagbag.py:538} INFO - Filling up the DagBag from /home/airflow/.local/lib/python3.7/site-packages/airflow/example_dags/example_latest_only_with_trigger.py
[2022-12-06T06:06:24.198+0000] {processor.py:753} INFO - DAG(s) dict_keys(['latest_only_with_trigger']) retrieved from /home/airflow/.local/lib/python3.7/site-packages/airflow/example_dags/example_latest_only_with_trigger.py
[2022-12-06T06:06:24.295+0000] {logging_mixin.py:137} INFO - [2022-12-06T06:06:24.295+0000] {dag.py:2676} INFO - Sync 1 DAGs
[2022-12-06T06:06:24.357+0000] {logging_mixin.py:137} INFO - [2022-12-06T06:06:24.357+0000] {dag.py:3427} INFO - Setting next_dagrun for latest_only_with_trigger to 2022-12-06T02:06:24.356995+00:00, run_after=2022-12-06T06:06:24.356995+00:00
[2022-12-06T06:06:24.392+0000] {processor.py:175} INFO - Processing /home/airflow/.local/lib/python3.7/site-packages/airflow/example_dags/example_latest_only_with_trigger.py took 0.295 seconds
[2022-12-06T06:07:03.409+0000] {processor.py:153} INFO - Started process (PID=2129) to work on /home/airflow/.local/lib/python3.7/site-packages/airflow/example_dags/example_latest_only_with_trigger.py
[2022-12-06T06:07:03.418+0000] {processor.py:743} INFO - Processing file /home/airflow/.local/lib/python3.7/site-packages/airflow/example_dags/example_latest_only_with_trigger.py for tasks to queue
[2022-12-06T06:07:03.430+0000] {logging_mixin.py:137} INFO - [2022-12-06T06:07:03.428+0000] {dagbag.py:538} INFO - Filling up the DagBag from /home/airflow/.local/lib/python3.7/site-packages/airflow/example_dags/example_latest_only_with_trigger.py
[2022-12-06T06:07:03.581+0000] {processor.py:753} INFO - DAG(s) dict_keys(['latest_only_with_trigger']) retrieved from /home/airflow/.local/lib/python3.7/site-packages/airflow/example_dags/example_latest_only_with_trigger.py
[2022-12-06T06:07:03.780+0000] {logging_mixin.py:137} INFO - [2022-12-06T06:07:03.779+0000] {dag.py:2676} INFO - Sync 1 DAGs
[2022-12-06T06:07:03.859+0000] {logging_mixin.py:137} INFO - [2022-12-06T06:07:03.858+0000] {dag.py:3427} INFO - Setting next_dagrun for latest_only_with_trigger to 2022-12-06T02:07:03.855433+00:00, run_after=2022-12-06T06:07:03.855433+00:00
[2022-12-06T06:07:03.912+0000] {processor.py:175} INFO - Processing /home/airflow/.local/lib/python3.7/site-packages/airflow/example_dags/example_latest_only_with_trigger.py took 0.566 seconds
[2022-12-06T06:07:44.296+0000] {processor.py:153} INFO - Started process (PID=2187) to work on /home/airflow/.local/lib/python3.7/site-packages/airflow/example_dags/example_latest_only_with_trigger.py
[2022-12-06T06:07:44.299+0000] {processor.py:743} INFO - Processing file /home/airflow/.local/lib/python3.7/site-packages/airflow/example_dags/example_latest_only_with_trigger.py for tasks to queue
[2022-12-06T06:07:44.301+0000] {logging_mixin.py:137} INFO - [2022-12-06T06:07:44.300+0000] {dagbag.py:538} INFO - Filling up the DagBag from /home/airflow/.local/lib/python3.7/site-packages/airflow/example_dags/example_latest_only_with_trigger.py
[2022-12-06T06:07:44.337+0000] {processor.py:753} INFO - DAG(s) dict_keys(['latest_only_with_trigger']) retrieved from /home/airflow/.local/lib/python3.7/site-packages/airflow/example_dags/example_latest_only_with_trigger.py
[2022-12-06T06:07:44.422+0000] {logging_mixin.py:137} INFO - [2022-12-06T06:07:44.422+0000] {dag.py:2676} INFO - Sync 1 DAGs
[2022-12-06T06:07:44.465+0000] {logging_mixin.py:137} INFO - [2022-12-06T06:07:44.465+0000] {dag.py:3427} INFO - Setting next_dagrun for latest_only_with_trigger to 2022-12-06T02:07:44.465055+00:00, run_after=2022-12-06T06:07:44.465055+00:00
[2022-12-06T06:07:44.504+0000] {processor.py:175} INFO - Processing /home/airflow/.local/lib/python3.7/site-packages/airflow/example_dags/example_latest_only_with_trigger.py took 0.212 seconds
[2022-12-06T06:08:42.673+0000] {processor.py:153} INFO - Started process (PID=2269) to work on /home/airflow/.local/lib/python3.7/site-packages/airflow/example_dags/example_latest_only_with_trigger.py
[2022-12-06T06:08:42.685+0000] {processor.py:743} INFO - Processing file /home/airflow/.local/lib/python3.7/site-packages/airflow/example_dags/example_latest_only_with_trigger.py for tasks to queue
[2022-12-06T06:08:42.687+0000] {logging_mixin.py:137} INFO - [2022-12-06T06:08:42.687+0000] {dagbag.py:538} INFO - Filling up the DagBag from /home/airflow/.local/lib/python3.7/site-packages/airflow/example_dags/example_latest_only_with_trigger.py
[2022-12-06T06:08:42.738+0000] {processor.py:753} INFO - DAG(s) dict_keys(['latest_only_with_trigger']) retrieved from /home/airflow/.local/lib/python3.7/site-packages/airflow/example_dags/example_latest_only_with_trigger.py
[2022-12-06T06:08:42.809+0000] {logging_mixin.py:137} INFO - [2022-12-06T06:08:42.809+0000] {dag.py:2676} INFO - Sync 1 DAGs
[2022-12-06T06:08:42.882+0000] {logging_mixin.py:137} INFO - [2022-12-06T06:08:42.882+0000] {dag.py:3427} INFO - Setting next_dagrun for latest_only_with_trigger to 2022-12-06T02:08:42.874713+00:00, run_after=2022-12-06T06:08:42.874713+00:00
[2022-12-06T06:08:42.935+0000] {processor.py:175} INFO - Processing /home/airflow/.local/lib/python3.7/site-packages/airflow/example_dags/example_latest_only_with_trigger.py took 0.268 seconds
[2022-12-06T06:09:13.290+0000] {processor.py:153} INFO - Started process (PID=2336) to work on /home/airflow/.local/lib/python3.7/site-packages/airflow/example_dags/example_latest_only_with_trigger.py
[2022-12-06T06:09:13.293+0000] {processor.py:743} INFO - Processing file /home/airflow/.local/lib/python3.7/site-packages/airflow/example_dags/example_latest_only_with_trigger.py for tasks to queue
[2022-12-06T06:09:13.296+0000] {logging_mixin.py:137} INFO - [2022-12-06T06:09:13.295+0000] {dagbag.py:538} INFO - Filling up the DagBag from /home/airflow/.local/lib/python3.7/site-packages/airflow/example_dags/example_latest_only_with_trigger.py
[2022-12-06T06:09:13.326+0000] {processor.py:753} INFO - DAG(s) dict_keys(['latest_only_with_trigger']) retrieved from /home/airflow/.local/lib/python3.7/site-packages/airflow/example_dags/example_latest_only_with_trigger.py
[2022-12-06T06:09:13.397+0000] {logging_mixin.py:137} INFO - [2022-12-06T06:09:13.397+0000] {dag.py:2676} INFO - Sync 1 DAGs
[2022-12-06T06:09:13.440+0000] {logging_mixin.py:137} INFO - [2022-12-06T06:09:13.440+0000] {dag.py:3427} INFO - Setting next_dagrun for latest_only_with_trigger to 2022-12-06T02:09:13.439778+00:00, run_after=2022-12-06T06:09:13.439778+00:00
[2022-12-06T06:09:13.473+0000] {processor.py:175} INFO - Processing /home/airflow/.local/lib/python3.7/site-packages/airflow/example_dags/example_latest_only_with_trigger.py took 0.190 seconds
[2022-12-06T06:09:47.556+0000] {processor.py:153} INFO - Started process (PID=2403) to work on /home/airflow/.local/lib/python3.7/site-packages/airflow/example_dags/example_latest_only_with_trigger.py
[2022-12-06T06:09:47.558+0000] {processor.py:743} INFO - Processing file /home/airflow/.local/lib/python3.7/site-packages/airflow/example_dags/example_latest_only_with_trigger.py for tasks to queue
[2022-12-06T06:09:47.560+0000] {logging_mixin.py:137} INFO - [2022-12-06T06:09:47.560+0000] {dagbag.py:538} INFO - Filling up the DagBag from /home/airflow/.local/lib/python3.7/site-packages/airflow/example_dags/example_latest_only_with_trigger.py
[2022-12-06T06:09:47.587+0000] {processor.py:753} INFO - DAG(s) dict_keys(['latest_only_with_trigger']) retrieved from /home/airflow/.local/lib/python3.7/site-packages/airflow/example_dags/example_latest_only_with_trigger.py
[2022-12-06T06:09:47.653+0000] {logging_mixin.py:137} INFO - [2022-12-06T06:09:47.653+0000] {dag.py:2676} INFO - Sync 1 DAGs
[2022-12-06T06:09:47.702+0000] {logging_mixin.py:137} INFO - [2022-12-06T06:09:47.701+0000] {dag.py:3427} INFO - Setting next_dagrun for latest_only_with_trigger to 2022-12-06T02:09:47.701458+00:00, run_after=2022-12-06T06:09:47.701458+00:00
[2022-12-06T06:09:47.778+0000] {processor.py:175} INFO - Processing /home/airflow/.local/lib/python3.7/site-packages/airflow/example_dags/example_latest_only_with_trigger.py took 0.227 seconds
[2022-12-06T06:10:35.423+0000] {processor.py:153} INFO - Started process (PID=2482) to work on /home/airflow/.local/lib/python3.7/site-packages/airflow/example_dags/example_latest_only_with_trigger.py
[2022-12-06T06:10:35.431+0000] {processor.py:743} INFO - Processing file /home/airflow/.local/lib/python3.7/site-packages/airflow/example_dags/example_latest_only_with_trigger.py for tasks to queue
[2022-12-06T06:10:35.433+0000] {logging_mixin.py:137} INFO - [2022-12-06T06:10:35.433+0000] {dagbag.py:538} INFO - Filling up the DagBag from /home/airflow/.local/lib/python3.7/site-packages/airflow/example_dags/example_latest_only_with_trigger.py
[2022-12-06T06:10:35.502+0000] {processor.py:753} INFO - DAG(s) dict_keys(['latest_only_with_trigger']) retrieved from /home/airflow/.local/lib/python3.7/site-packages/airflow/example_dags/example_latest_only_with_trigger.py
[2022-12-06T06:10:35.607+0000] {logging_mixin.py:137} INFO - [2022-12-06T06:10:35.607+0000] {dag.py:2676} INFO - Sync 1 DAGs
[2022-12-06T06:10:35.738+0000] {logging_mixin.py:137} INFO - [2022-12-06T06:10:35.737+0000] {dag.py:3427} INFO - Setting next_dagrun for latest_only_with_trigger to 2022-12-06T02:10:35.737051+00:00, run_after=2022-12-06T06:10:35.737051+00:00
[2022-12-06T06:10:35.818+0000] {processor.py:175} INFO - Processing /home/airflow/.local/lib/python3.7/site-packages/airflow/example_dags/example_latest_only_with_trigger.py took 0.408 seconds
[2022-12-06T06:11:16.173+0000] {processor.py:153} INFO - Started process (PID=2550) to work on /home/airflow/.local/lib/python3.7/site-packages/airflow/example_dags/example_latest_only_with_trigger.py
[2022-12-06T06:11:16.175+0000] {processor.py:743} INFO - Processing file /home/airflow/.local/lib/python3.7/site-packages/airflow/example_dags/example_latest_only_with_trigger.py for tasks to queue
[2022-12-06T06:11:16.177+0000] {logging_mixin.py:137} INFO - [2022-12-06T06:11:16.176+0000] {dagbag.py:538} INFO - Filling up the DagBag from /home/airflow/.local/lib/python3.7/site-packages/airflow/example_dags/example_latest_only_with_trigger.py
[2022-12-06T06:11:16.210+0000] {processor.py:753} INFO - DAG(s) dict_keys(['latest_only_with_trigger']) retrieved from /home/airflow/.local/lib/python3.7/site-packages/airflow/example_dags/example_latest_only_with_trigger.py
[2022-12-06T06:11:16.275+0000] {logging_mixin.py:137} INFO - [2022-12-06T06:11:16.275+0000] {dag.py:2676} INFO - Sync 1 DAGs
[2022-12-06T06:11:16.338+0000] {logging_mixin.py:137} INFO - [2022-12-06T06:11:16.337+0000] {dag.py:3427} INFO - Setting next_dagrun for latest_only_with_trigger to 2022-12-06T02:11:16.337309+00:00, run_after=2022-12-06T06:11:16.337309+00:00
[2022-12-06T06:11:16.452+0000] {processor.py:175} INFO - Processing /home/airflow/.local/lib/python3.7/site-packages/airflow/example_dags/example_latest_only_with_trigger.py took 0.284 seconds
