[2022-12-06T05:24:31.181+0000] {processor.py:153} INFO - Started process (PID=64) to work on /home/airflow/.local/lib/python3.7/site-packages/airflow/example_dags/example_sensors.py
[2022-12-06T05:24:31.184+0000] {processor.py:743} INFO - Processing file /home/airflow/.local/lib/python3.7/site-packages/airflow/example_dags/example_sensors.py for tasks to queue
[2022-12-06T05:24:31.186+0000] {logging_mixin.py:137} INFO - [2022-12-06T05:24:31.186+0000] {dagbag.py:538} INFO - Filling up the DagBag from /home/airflow/.local/lib/python3.7/site-packages/airflow/example_dags/example_sensors.py
[2022-12-06T05:24:31.273+0000] {processor.py:753} INFO - DAG(s) dict_keys(['example_sensors']) retrieved from /home/airflow/.local/lib/python3.7/site-packages/airflow/example_dags/example_sensors.py
[2022-12-06T05:24:31.510+0000] {logging_mixin.py:137} INFO - [2022-12-06T05:24:31.510+0000] {dag.py:2676} INFO - Sync 1 DAGs
[2022-12-06T05:24:31.730+0000] {logging_mixin.py:137} INFO - [2022-12-06T05:24:31.729+0000] {dag.py:3427} INFO - Setting next_dagrun for example_sensors to None, run_after=None
[2022-12-06T05:24:31.825+0000] {processor.py:175} INFO - Processing /home/airflow/.local/lib/python3.7/site-packages/airflow/example_dags/example_sensors.py took 0.649 seconds
[2022-12-06T05:26:10.695+0000] {processor.py:153} INFO - Started process (PID=170) to work on /home/airflow/.local/lib/python3.7/site-packages/airflow/example_dags/example_sensors.py
[2022-12-06T05:26:10.700+0000] {processor.py:743} INFO - Processing file /home/airflow/.local/lib/python3.7/site-packages/airflow/example_dags/example_sensors.py for tasks to queue
[2022-12-06T05:26:10.705+0000] {logging_mixin.py:137} INFO - [2022-12-06T05:26:10.704+0000] {dagbag.py:538} INFO - Filling up the DagBag from /home/airflow/.local/lib/python3.7/site-packages/airflow/example_dags/example_sensors.py
[2022-12-06T05:26:10.763+0000] {processor.py:753} INFO - DAG(s) dict_keys(['example_sensors']) retrieved from /home/airflow/.local/lib/python3.7/site-packages/airflow/example_dags/example_sensors.py
[2022-12-06T05:26:10.975+0000] {logging_mixin.py:137} INFO - [2022-12-06T05:26:10.975+0000] {dag.py:2676} INFO - Sync 1 DAGs
[2022-12-06T05:26:11.064+0000] {logging_mixin.py:137} INFO - [2022-12-06T05:26:11.064+0000] {dag.py:3427} INFO - Setting next_dagrun for example_sensors to None, run_after=None
[2022-12-06T05:26:11.107+0000] {processor.py:175} INFO - Processing /home/airflow/.local/lib/python3.7/site-packages/airflow/example_dags/example_sensors.py took 0.419 seconds
[2022-12-06T05:27:06.764+0000] {processor.py:153} INFO - Started process (PID=260) to work on /home/airflow/.local/lib/python3.7/site-packages/airflow/example_dags/example_sensors.py
[2022-12-06T05:27:06.766+0000] {processor.py:743} INFO - Processing file /home/airflow/.local/lib/python3.7/site-packages/airflow/example_dags/example_sensors.py for tasks to queue
[2022-12-06T05:27:06.768+0000] {logging_mixin.py:137} INFO - [2022-12-06T05:27:06.768+0000] {dagbag.py:538} INFO - Filling up the DagBag from /home/airflow/.local/lib/python3.7/site-packages/airflow/example_dags/example_sensors.py
[2022-12-06T05:27:06.820+0000] {processor.py:753} INFO - DAG(s) dict_keys(['example_sensors']) retrieved from /home/airflow/.local/lib/python3.7/site-packages/airflow/example_dags/example_sensors.py
[2022-12-06T05:27:06.908+0000] {logging_mixin.py:137} INFO - [2022-12-06T05:27:06.907+0000] {dag.py:2676} INFO - Sync 1 DAGs
[2022-12-06T05:27:06.979+0000] {logging_mixin.py:137} INFO - [2022-12-06T05:27:06.973+0000] {dag.py:3427} INFO - Setting next_dagrun for example_sensors to None, run_after=None
[2022-12-06T05:27:07.028+0000] {processor.py:175} INFO - Processing /home/airflow/.local/lib/python3.7/site-packages/airflow/example_dags/example_sensors.py took 0.271 seconds
[2022-12-06T05:27:37.204+0000] {processor.py:153} INFO - Started process (PID=328) to work on /home/airflow/.local/lib/python3.7/site-packages/airflow/example_dags/example_sensors.py
[2022-12-06T05:27:37.207+0000] {processor.py:743} INFO - Processing file /home/airflow/.local/lib/python3.7/site-packages/airflow/example_dags/example_sensors.py for tasks to queue
[2022-12-06T05:27:37.210+0000] {logging_mixin.py:137} INFO - [2022-12-06T05:27:37.210+0000] {dagbag.py:538} INFO - Filling up the DagBag from /home/airflow/.local/lib/python3.7/site-packages/airflow/example_dags/example_sensors.py
[2022-12-06T05:27:37.258+0000] {processor.py:753} INFO - DAG(s) dict_keys(['example_sensors']) retrieved from /home/airflow/.local/lib/python3.7/site-packages/airflow/example_dags/example_sensors.py
[2022-12-06T05:27:37.321+0000] {logging_mixin.py:137} INFO - [2022-12-06T05:27:37.321+0000] {dag.py:2676} INFO - Sync 1 DAGs
[2022-12-06T05:27:37.361+0000] {logging_mixin.py:137} INFO - [2022-12-06T05:27:37.361+0000] {dag.py:3427} INFO - Setting next_dagrun for example_sensors to None, run_after=None
[2022-12-06T05:27:37.391+0000] {processor.py:175} INFO - Processing /home/airflow/.local/lib/python3.7/site-packages/airflow/example_dags/example_sensors.py took 0.194 seconds
[2022-12-06T05:28:08.090+0000] {processor.py:153} INFO - Started process (PID=395) to work on /home/airflow/.local/lib/python3.7/site-packages/airflow/example_dags/example_sensors.py
[2022-12-06T05:28:08.095+0000] {processor.py:743} INFO - Processing file /home/airflow/.local/lib/python3.7/site-packages/airflow/example_dags/example_sensors.py for tasks to queue
[2022-12-06T05:28:08.100+0000] {logging_mixin.py:137} INFO - [2022-12-06T05:28:08.099+0000] {dagbag.py:538} INFO - Filling up the DagBag from /home/airflow/.local/lib/python3.7/site-packages/airflow/example_dags/example_sensors.py
[2022-12-06T05:28:08.187+0000] {processor.py:753} INFO - DAG(s) dict_keys(['example_sensors']) retrieved from /home/airflow/.local/lib/python3.7/site-packages/airflow/example_dags/example_sensors.py
[2022-12-06T05:28:08.304+0000] {logging_mixin.py:137} INFO - [2022-12-06T05:28:08.304+0000] {dag.py:2676} INFO - Sync 1 DAGs
[2022-12-06T05:28:08.418+0000] {logging_mixin.py:137} INFO - [2022-12-06T05:28:08.417+0000] {dag.py:3427} INFO - Setting next_dagrun for example_sensors to None, run_after=None
[2022-12-06T05:28:08.513+0000] {processor.py:175} INFO - Processing /home/airflow/.local/lib/python3.7/site-packages/airflow/example_dags/example_sensors.py took 0.478 seconds
[2022-12-06T05:28:40.985+0000] {processor.py:153} INFO - Started process (PID=461) to work on /home/airflow/.local/lib/python3.7/site-packages/airflow/example_dags/example_sensors.py
[2022-12-06T05:28:40.990+0000] {processor.py:743} INFO - Processing file /home/airflow/.local/lib/python3.7/site-packages/airflow/example_dags/example_sensors.py for tasks to queue
[2022-12-06T05:28:40.997+0000] {logging_mixin.py:137} INFO - [2022-12-06T05:28:40.996+0000] {dagbag.py:538} INFO - Filling up the DagBag from /home/airflow/.local/lib/python3.7/site-packages/airflow/example_dags/example_sensors.py
[2022-12-06T05:28:41.085+0000] {processor.py:753} INFO - DAG(s) dict_keys(['example_sensors']) retrieved from /home/airflow/.local/lib/python3.7/site-packages/airflow/example_dags/example_sensors.py
[2022-12-06T05:28:41.212+0000] {logging_mixin.py:137} INFO - [2022-12-06T05:28:41.211+0000] {dag.py:2676} INFO - Sync 1 DAGs
[2022-12-06T05:28:41.300+0000] {logging_mixin.py:137} INFO - [2022-12-06T05:28:41.300+0000] {dag.py:3427} INFO - Setting next_dagrun for example_sensors to None, run_after=None
[2022-12-06T05:28:41.359+0000] {processor.py:175} INFO - Processing /home/airflow/.local/lib/python3.7/site-packages/airflow/example_dags/example_sensors.py took 0.386 seconds
[2022-12-06T05:29:11.957+0000] {processor.py:153} INFO - Started process (PID=527) to work on /home/airflow/.local/lib/python3.7/site-packages/airflow/example_dags/example_sensors.py
[2022-12-06T05:29:11.959+0000] {processor.py:743} INFO - Processing file /home/airflow/.local/lib/python3.7/site-packages/airflow/example_dags/example_sensors.py for tasks to queue
[2022-12-06T05:29:11.961+0000] {logging_mixin.py:137} INFO - [2022-12-06T05:29:11.961+0000] {dagbag.py:538} INFO - Filling up the DagBag from /home/airflow/.local/lib/python3.7/site-packages/airflow/example_dags/example_sensors.py
[2022-12-06T05:29:12.003+0000] {processor.py:753} INFO - DAG(s) dict_keys(['example_sensors']) retrieved from /home/airflow/.local/lib/python3.7/site-packages/airflow/example_dags/example_sensors.py
[2022-12-06T05:29:12.087+0000] {logging_mixin.py:137} INFO - [2022-12-06T05:29:12.086+0000] {dag.py:2676} INFO - Sync 1 DAGs
[2022-12-06T05:29:12.158+0000] {logging_mixin.py:137} INFO - [2022-12-06T05:29:12.158+0000] {dag.py:3427} INFO - Setting next_dagrun for example_sensors to None, run_after=None
[2022-12-06T05:29:12.209+0000] {processor.py:175} INFO - Processing /home/airflow/.local/lib/python3.7/site-packages/airflow/example_dags/example_sensors.py took 0.258 seconds
[2022-12-06T05:30:18.733+0000] {processor.py:153} INFO - Started process (PID=591) to work on /home/airflow/.local/lib/python3.7/site-packages/airflow/example_dags/example_sensors.py
[2022-12-06T05:30:18.736+0000] {processor.py:743} INFO - Processing file /home/airflow/.local/lib/python3.7/site-packages/airflow/example_dags/example_sensors.py for tasks to queue
[2022-12-06T05:30:18.738+0000] {logging_mixin.py:137} INFO - [2022-12-06T05:30:18.738+0000] {dagbag.py:538} INFO - Filling up the DagBag from /home/airflow/.local/lib/python3.7/site-packages/airflow/example_dags/example_sensors.py
[2022-12-06T05:30:18.811+0000] {processor.py:753} INFO - DAG(s) dict_keys(['example_sensors']) retrieved from /home/airflow/.local/lib/python3.7/site-packages/airflow/example_dags/example_sensors.py
[2022-12-06T05:30:18.904+0000] {logging_mixin.py:137} INFO - [2022-12-06T05:30:18.904+0000] {dag.py:2676} INFO - Sync 1 DAGs
[2022-12-06T05:30:18.970+0000] {logging_mixin.py:137} INFO - [2022-12-06T05:30:18.969+0000] {dag.py:3427} INFO - Setting next_dagrun for example_sensors to None, run_after=None
[2022-12-06T05:30:19.032+0000] {processor.py:175} INFO - Processing /home/airflow/.local/lib/python3.7/site-packages/airflow/example_dags/example_sensors.py took 0.309 seconds
[2022-12-06T05:31:05.351+0000] {processor.py:153} INFO - Started process (PID=667) to work on /home/airflow/.local/lib/python3.7/site-packages/airflow/example_dags/example_sensors.py
[2022-12-06T05:31:05.353+0000] {processor.py:743} INFO - Processing file /home/airflow/.local/lib/python3.7/site-packages/airflow/example_dags/example_sensors.py for tasks to queue
[2022-12-06T05:31:05.355+0000] {logging_mixin.py:137} INFO - [2022-12-06T05:31:05.355+0000] {dagbag.py:538} INFO - Filling up the DagBag from /home/airflow/.local/lib/python3.7/site-packages/airflow/example_dags/example_sensors.py
[2022-12-06T05:31:05.395+0000] {processor.py:753} INFO - DAG(s) dict_keys(['example_sensors']) retrieved from /home/airflow/.local/lib/python3.7/site-packages/airflow/example_dags/example_sensors.py
[2022-12-06T05:31:05.451+0000] {logging_mixin.py:137} INFO - [2022-12-06T05:31:05.451+0000] {dag.py:2676} INFO - Sync 1 DAGs
[2022-12-06T05:31:05.487+0000] {logging_mixin.py:137} INFO - [2022-12-06T05:31:05.487+0000] {dag.py:3427} INFO - Setting next_dagrun for example_sensors to None, run_after=None
[2022-12-06T05:31:05.521+0000] {processor.py:175} INFO - Processing /home/airflow/.local/lib/python3.7/site-packages/airflow/example_dags/example_sensors.py took 0.175 seconds
[2022-12-06T05:32:02.786+0000] {processor.py:153} INFO - Started process (PID=741) to work on /home/airflow/.local/lib/python3.7/site-packages/airflow/example_dags/example_sensors.py
[2022-12-06T05:32:02.791+0000] {processor.py:743} INFO - Processing file /home/airflow/.local/lib/python3.7/site-packages/airflow/example_dags/example_sensors.py for tasks to queue
[2022-12-06T05:32:02.793+0000] {logging_mixin.py:137} INFO - [2022-12-06T05:32:02.793+0000] {dagbag.py:538} INFO - Filling up the DagBag from /home/airflow/.local/lib/python3.7/site-packages/airflow/example_dags/example_sensors.py
[2022-12-06T05:32:02.891+0000] {processor.py:753} INFO - DAG(s) dict_keys(['example_sensors']) retrieved from /home/airflow/.local/lib/python3.7/site-packages/airflow/example_dags/example_sensors.py
[2022-12-06T05:32:03.019+0000] {logging_mixin.py:137} INFO - [2022-12-06T05:32:03.019+0000] {dag.py:2676} INFO - Sync 1 DAGs
[2022-12-06T05:32:03.131+0000] {logging_mixin.py:137} INFO - [2022-12-06T05:32:03.131+0000] {dag.py:3427} INFO - Setting next_dagrun for example_sensors to None, run_after=None
[2022-12-06T05:32:03.176+0000] {processor.py:175} INFO - Processing /home/airflow/.local/lib/python3.7/site-packages/airflow/example_dags/example_sensors.py took 0.397 seconds
[2022-12-06T05:47:27.915+0000] {processor.py:153} INFO - Started process (PID=66) to work on /home/airflow/.local/lib/python3.7/site-packages/airflow/example_dags/example_sensors.py
[2022-12-06T05:47:27.927+0000] {processor.py:743} INFO - Processing file /home/airflow/.local/lib/python3.7/site-packages/airflow/example_dags/example_sensors.py for tasks to queue
[2022-12-06T05:47:27.971+0000] {logging_mixin.py:137} INFO - [2022-12-06T05:47:27.970+0000] {dagbag.py:538} INFO - Filling up the DagBag from /home/airflow/.local/lib/python3.7/site-packages/airflow/example_dags/example_sensors.py
[2022-12-06T05:47:28.364+0000] {processor.py:753} INFO - DAG(s) dict_keys(['example_sensors']) retrieved from /home/airflow/.local/lib/python3.7/site-packages/airflow/example_dags/example_sensors.py
[2022-12-06T05:47:28.911+0000] {logging_mixin.py:137} INFO - [2022-12-06T05:47:28.903+0000] {dag.py:2676} INFO - Sync 1 DAGs
[2022-12-06T05:47:35.605+0000] {logging_mixin.py:137} INFO - [2022-12-06T05:47:35.591+0000] {dag.py:3427} INFO - Setting next_dagrun for example_sensors to None, run_after=None
[2022-12-06T05:47:36.216+0000] {processor.py:175} INFO - Processing /home/airflow/.local/lib/python3.7/site-packages/airflow/example_dags/example_sensors.py took 8.323 seconds
[2022-12-06T05:48:40.739+0000] {processor.py:153} INFO - Started process (PID=156) to work on /home/airflow/.local/lib/python3.7/site-packages/airflow/example_dags/example_sensors.py
[2022-12-06T05:48:40.742+0000] {processor.py:743} INFO - Processing file /home/airflow/.local/lib/python3.7/site-packages/airflow/example_dags/example_sensors.py for tasks to queue
[2022-12-06T05:48:40.746+0000] {logging_mixin.py:137} INFO - [2022-12-06T05:48:40.745+0000] {dagbag.py:538} INFO - Filling up the DagBag from /home/airflow/.local/lib/python3.7/site-packages/airflow/example_dags/example_sensors.py
[2022-12-06T05:48:40.806+0000] {processor.py:753} INFO - DAG(s) dict_keys(['example_sensors']) retrieved from /home/airflow/.local/lib/python3.7/site-packages/airflow/example_dags/example_sensors.py
[2022-12-06T05:48:40.916+0000] {logging_mixin.py:137} INFO - [2022-12-06T05:48:40.916+0000] {dag.py:2676} INFO - Sync 1 DAGs
[2022-12-06T05:48:40.966+0000] {logging_mixin.py:137} INFO - [2022-12-06T05:48:40.966+0000] {dag.py:3427} INFO - Setting next_dagrun for example_sensors to None, run_after=None
[2022-12-06T05:48:41.005+0000] {processor.py:175} INFO - Processing /home/airflow/.local/lib/python3.7/site-packages/airflow/example_dags/example_sensors.py took 0.273 seconds
[2022-12-06T05:49:22.847+0000] {processor.py:153} INFO - Started process (PID=228) to work on /home/airflow/.local/lib/python3.7/site-packages/airflow/example_dags/example_sensors.py
[2022-12-06T05:49:22.850+0000] {processor.py:743} INFO - Processing file /home/airflow/.local/lib/python3.7/site-packages/airflow/example_dags/example_sensors.py for tasks to queue
[2022-12-06T05:49:22.851+0000] {logging_mixin.py:137} INFO - [2022-12-06T05:49:22.851+0000] {dagbag.py:538} INFO - Filling up the DagBag from /home/airflow/.local/lib/python3.7/site-packages/airflow/example_dags/example_sensors.py
[2022-12-06T05:49:22.899+0000] {processor.py:753} INFO - DAG(s) dict_keys(['example_sensors']) retrieved from /home/airflow/.local/lib/python3.7/site-packages/airflow/example_dags/example_sensors.py
[2022-12-06T05:49:22.968+0000] {logging_mixin.py:137} INFO - [2022-12-06T05:49:22.968+0000] {dag.py:2676} INFO - Sync 1 DAGs
[2022-12-06T05:49:23.019+0000] {logging_mixin.py:137} INFO - [2022-12-06T05:49:23.019+0000] {dag.py:3427} INFO - Setting next_dagrun for example_sensors to None, run_after=None
[2022-12-06T05:49:23.076+0000] {processor.py:175} INFO - Processing /home/airflow/.local/lib/python3.7/site-packages/airflow/example_dags/example_sensors.py took 0.234 seconds
[2022-12-06T05:49:55.639+0000] {processor.py:153} INFO - Started process (PID=306) to work on /home/airflow/.local/lib/python3.7/site-packages/airflow/example_dags/example_sensors.py
[2022-12-06T05:49:55.641+0000] {processor.py:743} INFO - Processing file /home/airflow/.local/lib/python3.7/site-packages/airflow/example_dags/example_sensors.py for tasks to queue
[2022-12-06T05:49:55.643+0000] {logging_mixin.py:137} INFO - [2022-12-06T05:49:55.642+0000] {dagbag.py:538} INFO - Filling up the DagBag from /home/airflow/.local/lib/python3.7/site-packages/airflow/example_dags/example_sensors.py
[2022-12-06T05:49:55.699+0000] {processor.py:753} INFO - DAG(s) dict_keys(['example_sensors']) retrieved from /home/airflow/.local/lib/python3.7/site-packages/airflow/example_dags/example_sensors.py
[2022-12-06T05:49:55.769+0000] {logging_mixin.py:137} INFO - [2022-12-06T05:49:55.768+0000] {dag.py:2676} INFO - Sync 1 DAGs
[2022-12-06T05:49:55.827+0000] {logging_mixin.py:137} INFO - [2022-12-06T05:49:55.827+0000] {dag.py:3427} INFO - Setting next_dagrun for example_sensors to None, run_after=None
[2022-12-06T05:49:55.870+0000] {processor.py:175} INFO - Processing /home/airflow/.local/lib/python3.7/site-packages/airflow/example_dags/example_sensors.py took 0.236 seconds
[2022-12-06T05:50:34.033+0000] {processor.py:153} INFO - Started process (PID=369) to work on /home/airflow/.local/lib/python3.7/site-packages/airflow/example_dags/example_sensors.py
[2022-12-06T05:50:34.035+0000] {processor.py:743} INFO - Processing file /home/airflow/.local/lib/python3.7/site-packages/airflow/example_dags/example_sensors.py for tasks to queue
[2022-12-06T05:50:34.038+0000] {logging_mixin.py:137} INFO - [2022-12-06T05:50:34.038+0000] {dagbag.py:538} INFO - Filling up the DagBag from /home/airflow/.local/lib/python3.7/site-packages/airflow/example_dags/example_sensors.py
[2022-12-06T05:50:34.116+0000] {processor.py:753} INFO - DAG(s) dict_keys(['example_sensors']) retrieved from /home/airflow/.local/lib/python3.7/site-packages/airflow/example_dags/example_sensors.py
[2022-12-06T05:50:34.210+0000] {logging_mixin.py:137} INFO - [2022-12-06T05:50:34.210+0000] {dag.py:2676} INFO - Sync 1 DAGs
[2022-12-06T05:50:34.280+0000] {logging_mixin.py:137} INFO - [2022-12-06T05:50:34.279+0000] {dag.py:3427} INFO - Setting next_dagrun for example_sensors to None, run_after=None
[2022-12-06T05:50:34.340+0000] {processor.py:175} INFO - Processing /home/airflow/.local/lib/python3.7/site-packages/airflow/example_dags/example_sensors.py took 0.314 seconds
[2022-12-06T05:51:23.966+0000] {processor.py:153} INFO - Started process (PID=437) to work on /home/airflow/.local/lib/python3.7/site-packages/airflow/example_dags/example_sensors.py
[2022-12-06T05:51:23.968+0000] {processor.py:743} INFO - Processing file /home/airflow/.local/lib/python3.7/site-packages/airflow/example_dags/example_sensors.py for tasks to queue
[2022-12-06T05:51:23.969+0000] {logging_mixin.py:137} INFO - [2022-12-06T05:51:23.969+0000] {dagbag.py:538} INFO - Filling up the DagBag from /home/airflow/.local/lib/python3.7/site-packages/airflow/example_dags/example_sensors.py
[2022-12-06T05:51:24.034+0000] {processor.py:753} INFO - DAG(s) dict_keys(['example_sensors']) retrieved from /home/airflow/.local/lib/python3.7/site-packages/airflow/example_dags/example_sensors.py
[2022-12-06T05:51:24.093+0000] {logging_mixin.py:137} INFO - [2022-12-06T05:51:24.093+0000] {dag.py:2676} INFO - Sync 1 DAGs
[2022-12-06T05:51:24.151+0000] {logging_mixin.py:137} INFO - [2022-12-06T05:51:24.150+0000] {dag.py:3427} INFO - Setting next_dagrun for example_sensors to None, run_after=None
[2022-12-06T05:51:24.193+0000] {processor.py:175} INFO - Processing /home/airflow/.local/lib/python3.7/site-packages/airflow/example_dags/example_sensors.py took 0.243 seconds
[2022-12-06T05:52:14.092+0000] {processor.py:153} INFO - Started process (PID=503) to work on /home/airflow/.local/lib/python3.7/site-packages/airflow/example_dags/example_sensors.py
[2022-12-06T05:52:14.097+0000] {processor.py:743} INFO - Processing file /home/airflow/.local/lib/python3.7/site-packages/airflow/example_dags/example_sensors.py for tasks to queue
[2022-12-06T05:52:14.101+0000] {logging_mixin.py:137} INFO - [2022-12-06T05:52:14.100+0000] {dagbag.py:538} INFO - Filling up the DagBag from /home/airflow/.local/lib/python3.7/site-packages/airflow/example_dags/example_sensors.py
[2022-12-06T05:52:14.163+0000] {processor.py:753} INFO - DAG(s) dict_keys(['example_sensors']) retrieved from /home/airflow/.local/lib/python3.7/site-packages/airflow/example_dags/example_sensors.py
[2022-12-06T05:52:14.263+0000] {logging_mixin.py:137} INFO - [2022-12-06T05:52:14.263+0000] {dag.py:2676} INFO - Sync 1 DAGs
[2022-12-06T05:52:14.312+0000] {logging_mixin.py:137} INFO - [2022-12-06T05:52:14.312+0000] {dag.py:3427} INFO - Setting next_dagrun for example_sensors to None, run_after=None
[2022-12-06T05:52:14.355+0000] {processor.py:175} INFO - Processing /home/airflow/.local/lib/python3.7/site-packages/airflow/example_dags/example_sensors.py took 0.269 seconds
[2022-12-06T05:52:59.794+0000] {processor.py:153} INFO - Started process (PID=581) to work on /home/airflow/.local/lib/python3.7/site-packages/airflow/example_dags/example_sensors.py
[2022-12-06T05:52:59.796+0000] {processor.py:743} INFO - Processing file /home/airflow/.local/lib/python3.7/site-packages/airflow/example_dags/example_sensors.py for tasks to queue
[2022-12-06T05:52:59.798+0000] {logging_mixin.py:137} INFO - [2022-12-06T05:52:59.798+0000] {dagbag.py:538} INFO - Filling up the DagBag from /home/airflow/.local/lib/python3.7/site-packages/airflow/example_dags/example_sensors.py
[2022-12-06T05:52:59.858+0000] {processor.py:753} INFO - DAG(s) dict_keys(['example_sensors']) retrieved from /home/airflow/.local/lib/python3.7/site-packages/airflow/example_dags/example_sensors.py
[2022-12-06T05:52:59.962+0000] {logging_mixin.py:137} INFO - [2022-12-06T05:52:59.962+0000] {dag.py:2676} INFO - Sync 1 DAGs
[2022-12-06T05:53:00.018+0000] {logging_mixin.py:137} INFO - [2022-12-06T05:53:00.018+0000] {dag.py:3427} INFO - Setting next_dagrun for example_sensors to None, run_after=None
[2022-12-06T05:53:00.059+0000] {processor.py:175} INFO - Processing /home/airflow/.local/lib/python3.7/site-packages/airflow/example_dags/example_sensors.py took 0.293 seconds
[2022-12-06T05:53:41.428+0000] {processor.py:153} INFO - Started process (PID=650) to work on /home/airflow/.local/lib/python3.7/site-packages/airflow/example_dags/example_sensors.py
[2022-12-06T05:53:41.430+0000] {processor.py:743} INFO - Processing file /home/airflow/.local/lib/python3.7/site-packages/airflow/example_dags/example_sensors.py for tasks to queue
[2022-12-06T05:53:41.432+0000] {logging_mixin.py:137} INFO - [2022-12-06T05:53:41.432+0000] {dagbag.py:538} INFO - Filling up the DagBag from /home/airflow/.local/lib/python3.7/site-packages/airflow/example_dags/example_sensors.py
[2022-12-06T05:53:41.487+0000] {processor.py:753} INFO - DAG(s) dict_keys(['example_sensors']) retrieved from /home/airflow/.local/lib/python3.7/site-packages/airflow/example_dags/example_sensors.py
[2022-12-06T05:53:41.551+0000] {logging_mixin.py:137} INFO - [2022-12-06T05:53:41.551+0000] {dag.py:2676} INFO - Sync 1 DAGs
[2022-12-06T05:53:41.596+0000] {logging_mixin.py:137} INFO - [2022-12-06T05:53:41.596+0000] {dag.py:3427} INFO - Setting next_dagrun for example_sensors to None, run_after=None
[2022-12-06T05:53:41.652+0000] {processor.py:175} INFO - Processing /home/airflow/.local/lib/python3.7/site-packages/airflow/example_dags/example_sensors.py took 0.230 seconds
[2022-12-06T05:54:22.653+0000] {processor.py:153} INFO - Started process (PID=717) to work on /home/airflow/.local/lib/python3.7/site-packages/airflow/example_dags/example_sensors.py
[2022-12-06T05:54:22.656+0000] {processor.py:743} INFO - Processing file /home/airflow/.local/lib/python3.7/site-packages/airflow/example_dags/example_sensors.py for tasks to queue
[2022-12-06T05:54:22.659+0000] {logging_mixin.py:137} INFO - [2022-12-06T05:54:22.659+0000] {dagbag.py:538} INFO - Filling up the DagBag from /home/airflow/.local/lib/python3.7/site-packages/airflow/example_dags/example_sensors.py
[2022-12-06T05:54:22.712+0000] {processor.py:753} INFO - DAG(s) dict_keys(['example_sensors']) retrieved from /home/airflow/.local/lib/python3.7/site-packages/airflow/example_dags/example_sensors.py
[2022-12-06T05:54:22.793+0000] {logging_mixin.py:137} INFO - [2022-12-06T05:54:22.793+0000] {dag.py:2676} INFO - Sync 1 DAGs
[2022-12-06T05:54:22.880+0000] {logging_mixin.py:137} INFO - [2022-12-06T05:54:22.872+0000] {dag.py:3427} INFO - Setting next_dagrun for example_sensors to None, run_after=None
[2022-12-06T05:54:22.934+0000] {processor.py:175} INFO - Processing /home/airflow/.local/lib/python3.7/site-packages/airflow/example_dags/example_sensors.py took 0.287 seconds
[2022-12-06T05:54:54.338+0000] {processor.py:153} INFO - Started process (PID=801) to work on /home/airflow/.local/lib/python3.7/site-packages/airflow/example_dags/example_sensors.py
[2022-12-06T05:54:54.341+0000] {processor.py:743} INFO - Processing file /home/airflow/.local/lib/python3.7/site-packages/airflow/example_dags/example_sensors.py for tasks to queue
[2022-12-06T05:54:54.343+0000] {logging_mixin.py:137} INFO - [2022-12-06T05:54:54.343+0000] {dagbag.py:538} INFO - Filling up the DagBag from /home/airflow/.local/lib/python3.7/site-packages/airflow/example_dags/example_sensors.py
[2022-12-06T05:54:54.396+0000] {processor.py:753} INFO - DAG(s) dict_keys(['example_sensors']) retrieved from /home/airflow/.local/lib/python3.7/site-packages/airflow/example_dags/example_sensors.py
[2022-12-06T05:54:54.479+0000] {logging_mixin.py:137} INFO - [2022-12-06T05:54:54.479+0000] {dag.py:2676} INFO - Sync 1 DAGs
[2022-12-06T05:54:54.546+0000] {logging_mixin.py:137} INFO - [2022-12-06T05:54:54.546+0000] {dag.py:3427} INFO - Setting next_dagrun for example_sensors to None, run_after=None
[2022-12-06T05:54:54.586+0000] {processor.py:175} INFO - Processing /home/airflow/.local/lib/python3.7/site-packages/airflow/example_dags/example_sensors.py took 0.254 seconds
[2022-12-06T05:55:38.432+0000] {processor.py:153} INFO - Started process (PID=871) to work on /home/airflow/.local/lib/python3.7/site-packages/airflow/example_dags/example_sensors.py
[2022-12-06T05:55:38.435+0000] {processor.py:743} INFO - Processing file /home/airflow/.local/lib/python3.7/site-packages/airflow/example_dags/example_sensors.py for tasks to queue
[2022-12-06T05:55:38.437+0000] {logging_mixin.py:137} INFO - [2022-12-06T05:55:38.437+0000] {dagbag.py:538} INFO - Filling up the DagBag from /home/airflow/.local/lib/python3.7/site-packages/airflow/example_dags/example_sensors.py
[2022-12-06T05:55:38.500+0000] {processor.py:753} INFO - DAG(s) dict_keys(['example_sensors']) retrieved from /home/airflow/.local/lib/python3.7/site-packages/airflow/example_dags/example_sensors.py
[2022-12-06T05:55:38.593+0000] {logging_mixin.py:137} INFO - [2022-12-06T05:55:38.592+0000] {dag.py:2676} INFO - Sync 1 DAGs
[2022-12-06T05:55:38.661+0000] {logging_mixin.py:137} INFO - [2022-12-06T05:55:38.661+0000] {dag.py:3427} INFO - Setting next_dagrun for example_sensors to None, run_after=None
[2022-12-06T05:55:38.712+0000] {processor.py:175} INFO - Processing /home/airflow/.local/lib/python3.7/site-packages/airflow/example_dags/example_sensors.py took 0.288 seconds
[2022-12-06T05:56:30.423+0000] {processor.py:153} INFO - Started process (PID=938) to work on /home/airflow/.local/lib/python3.7/site-packages/airflow/example_dags/example_sensors.py
[2022-12-06T05:56:30.425+0000] {processor.py:743} INFO - Processing file /home/airflow/.local/lib/python3.7/site-packages/airflow/example_dags/example_sensors.py for tasks to queue
[2022-12-06T05:56:30.427+0000] {logging_mixin.py:137} INFO - [2022-12-06T05:56:30.427+0000] {dagbag.py:538} INFO - Filling up the DagBag from /home/airflow/.local/lib/python3.7/site-packages/airflow/example_dags/example_sensors.py
[2022-12-06T05:56:30.472+0000] {processor.py:753} INFO - DAG(s) dict_keys(['example_sensors']) retrieved from /home/airflow/.local/lib/python3.7/site-packages/airflow/example_dags/example_sensors.py
[2022-12-06T05:56:30.532+0000] {logging_mixin.py:137} INFO - [2022-12-06T05:56:30.532+0000] {dag.py:2676} INFO - Sync 1 DAGs
[2022-12-06T05:56:30.574+0000] {logging_mixin.py:137} INFO - [2022-12-06T05:56:30.573+0000] {dag.py:3427} INFO - Setting next_dagrun for example_sensors to None, run_after=None
[2022-12-06T05:56:30.605+0000] {processor.py:175} INFO - Processing /home/airflow/.local/lib/python3.7/site-packages/airflow/example_dags/example_sensors.py took 0.187 seconds
[2022-12-06T05:57:13.592+0000] {processor.py:153} INFO - Started process (PID=1018) to work on /home/airflow/.local/lib/python3.7/site-packages/airflow/example_dags/example_sensors.py
[2022-12-06T05:57:13.597+0000] {processor.py:743} INFO - Processing file /home/airflow/.local/lib/python3.7/site-packages/airflow/example_dags/example_sensors.py for tasks to queue
[2022-12-06T05:57:13.605+0000] {logging_mixin.py:137} INFO - [2022-12-06T05:57:13.604+0000] {dagbag.py:538} INFO - Filling up the DagBag from /home/airflow/.local/lib/python3.7/site-packages/airflow/example_dags/example_sensors.py
[2022-12-06T05:57:13.723+0000] {processor.py:753} INFO - DAG(s) dict_keys(['example_sensors']) retrieved from /home/airflow/.local/lib/python3.7/site-packages/airflow/example_dags/example_sensors.py
[2022-12-06T05:57:13.888+0000] {logging_mixin.py:137} INFO - [2022-12-06T05:57:13.887+0000] {dag.py:2676} INFO - Sync 1 DAGs
[2022-12-06T05:57:13.958+0000] {logging_mixin.py:137} INFO - [2022-12-06T05:57:13.958+0000] {dag.py:3427} INFO - Setting next_dagrun for example_sensors to None, run_after=None
[2022-12-06T05:57:14.014+0000] {processor.py:175} INFO - Processing /home/airflow/.local/lib/python3.7/site-packages/airflow/example_dags/example_sensors.py took 0.450 seconds
[2022-12-06T05:57:53.371+0000] {processor.py:153} INFO - Started process (PID=1091) to work on /home/airflow/.local/lib/python3.7/site-packages/airflow/example_dags/example_sensors.py
[2022-12-06T05:57:53.373+0000] {processor.py:743} INFO - Processing file /home/airflow/.local/lib/python3.7/site-packages/airflow/example_dags/example_sensors.py for tasks to queue
[2022-12-06T05:57:53.375+0000] {logging_mixin.py:137} INFO - [2022-12-06T05:57:53.374+0000] {dagbag.py:538} INFO - Filling up the DagBag from /home/airflow/.local/lib/python3.7/site-packages/airflow/example_dags/example_sensors.py
[2022-12-06T05:57:53.427+0000] {processor.py:753} INFO - DAG(s) dict_keys(['example_sensors']) retrieved from /home/airflow/.local/lib/python3.7/site-packages/airflow/example_dags/example_sensors.py
[2022-12-06T05:57:53.505+0000] {logging_mixin.py:137} INFO - [2022-12-06T05:57:53.504+0000] {dag.py:2676} INFO - Sync 1 DAGs
[2022-12-06T05:57:53.547+0000] {logging_mixin.py:137} INFO - [2022-12-06T05:57:53.547+0000] {dag.py:3427} INFO - Setting next_dagrun for example_sensors to None, run_after=None
[2022-12-06T05:57:53.581+0000] {processor.py:175} INFO - Processing /home/airflow/.local/lib/python3.7/site-packages/airflow/example_dags/example_sensors.py took 0.215 seconds
[2022-12-06T05:58:33.809+0000] {processor.py:153} INFO - Started process (PID=1160) to work on /home/airflow/.local/lib/python3.7/site-packages/airflow/example_dags/example_sensors.py
[2022-12-06T05:58:33.811+0000] {processor.py:743} INFO - Processing file /home/airflow/.local/lib/python3.7/site-packages/airflow/example_dags/example_sensors.py for tasks to queue
[2022-12-06T05:58:33.813+0000] {logging_mixin.py:137} INFO - [2022-12-06T05:58:33.813+0000] {dagbag.py:538} INFO - Filling up the DagBag from /home/airflow/.local/lib/python3.7/site-packages/airflow/example_dags/example_sensors.py
[2022-12-06T05:58:33.877+0000] {processor.py:753} INFO - DAG(s) dict_keys(['example_sensors']) retrieved from /home/airflow/.local/lib/python3.7/site-packages/airflow/example_dags/example_sensors.py
[2022-12-06T05:58:33.973+0000] {logging_mixin.py:137} INFO - [2022-12-06T05:58:33.973+0000] {dag.py:2676} INFO - Sync 1 DAGs
[2022-12-06T05:58:34.020+0000] {logging_mixin.py:137} INFO - [2022-12-06T05:58:34.020+0000] {dag.py:3427} INFO - Setting next_dagrun for example_sensors to None, run_after=None
[2022-12-06T05:58:34.090+0000] {processor.py:175} INFO - Processing /home/airflow/.local/lib/python3.7/site-packages/airflow/example_dags/example_sensors.py took 0.291 seconds
[2022-12-06T05:59:16.870+0000] {processor.py:153} INFO - Started process (PID=1244) to work on /home/airflow/.local/lib/python3.7/site-packages/airflow/example_dags/example_sensors.py
[2022-12-06T05:59:16.873+0000] {processor.py:743} INFO - Processing file /home/airflow/.local/lib/python3.7/site-packages/airflow/example_dags/example_sensors.py for tasks to queue
[2022-12-06T05:59:16.877+0000] {logging_mixin.py:137} INFO - [2022-12-06T05:59:16.877+0000] {dagbag.py:538} INFO - Filling up the DagBag from /home/airflow/.local/lib/python3.7/site-packages/airflow/example_dags/example_sensors.py
[2022-12-06T05:59:16.933+0000] {processor.py:753} INFO - DAG(s) dict_keys(['example_sensors']) retrieved from /home/airflow/.local/lib/python3.7/site-packages/airflow/example_dags/example_sensors.py
[2022-12-06T05:59:17.016+0000] {logging_mixin.py:137} INFO - [2022-12-06T05:59:17.016+0000] {dag.py:2676} INFO - Sync 1 DAGs
[2022-12-06T05:59:17.056+0000] {logging_mixin.py:137} INFO - [2022-12-06T05:59:17.056+0000] {dag.py:3427} INFO - Setting next_dagrun for example_sensors to None, run_after=None
[2022-12-06T05:59:17.089+0000] {processor.py:175} INFO - Processing /home/airflow/.local/lib/python3.7/site-packages/airflow/example_dags/example_sensors.py took 0.230 seconds
[2022-12-06T05:59:54.888+0000] {processor.py:153} INFO - Started process (PID=1311) to work on /home/airflow/.local/lib/python3.7/site-packages/airflow/example_dags/example_sensors.py
[2022-12-06T05:59:54.891+0000] {processor.py:743} INFO - Processing file /home/airflow/.local/lib/python3.7/site-packages/airflow/example_dags/example_sensors.py for tasks to queue
[2022-12-06T05:59:54.895+0000] {logging_mixin.py:137} INFO - [2022-12-06T05:59:54.894+0000] {dagbag.py:538} INFO - Filling up the DagBag from /home/airflow/.local/lib/python3.7/site-packages/airflow/example_dags/example_sensors.py
[2022-12-06T05:59:54.962+0000] {processor.py:753} INFO - DAG(s) dict_keys(['example_sensors']) retrieved from /home/airflow/.local/lib/python3.7/site-packages/airflow/example_dags/example_sensors.py
[2022-12-06T05:59:55.051+0000] {logging_mixin.py:137} INFO - [2022-12-06T05:59:55.051+0000] {dag.py:2676} INFO - Sync 1 DAGs
[2022-12-06T05:59:55.111+0000] {logging_mixin.py:137} INFO - [2022-12-06T05:59:55.111+0000] {dag.py:3427} INFO - Setting next_dagrun for example_sensors to None, run_after=None
[2022-12-06T05:59:55.169+0000] {processor.py:175} INFO - Processing /home/airflow/.local/lib/python3.7/site-packages/airflow/example_dags/example_sensors.py took 0.289 seconds
[2022-12-06T06:00:43.600+0000] {processor.py:153} INFO - Started process (PID=1395) to work on /home/airflow/.local/lib/python3.7/site-packages/airflow/example_dags/example_sensors.py
[2022-12-06T06:00:43.604+0000] {processor.py:743} INFO - Processing file /home/airflow/.local/lib/python3.7/site-packages/airflow/example_dags/example_sensors.py for tasks to queue
[2022-12-06T06:00:43.608+0000] {logging_mixin.py:137} INFO - [2022-12-06T06:00:43.608+0000] {dagbag.py:538} INFO - Filling up the DagBag from /home/airflow/.local/lib/python3.7/site-packages/airflow/example_dags/example_sensors.py
[2022-12-06T06:00:43.668+0000] {processor.py:753} INFO - DAG(s) dict_keys(['example_sensors']) retrieved from /home/airflow/.local/lib/python3.7/site-packages/airflow/example_dags/example_sensors.py
[2022-12-06T06:00:43.744+0000] {logging_mixin.py:137} INFO - [2022-12-06T06:00:43.744+0000] {dag.py:2676} INFO - Sync 1 DAGs
[2022-12-06T06:00:43.787+0000] {logging_mixin.py:137} INFO - [2022-12-06T06:00:43.787+0000] {dag.py:3427} INFO - Setting next_dagrun for example_sensors to None, run_after=None
[2022-12-06T06:00:43.822+0000] {processor.py:175} INFO - Processing /home/airflow/.local/lib/python3.7/site-packages/airflow/example_dags/example_sensors.py took 0.233 seconds
[2022-12-06T06:01:13.988+0000] {processor.py:153} INFO - Started process (PID=1464) to work on /home/airflow/.local/lib/python3.7/site-packages/airflow/example_dags/example_sensors.py
[2022-12-06T06:01:13.990+0000] {processor.py:743} INFO - Processing file /home/airflow/.local/lib/python3.7/site-packages/airflow/example_dags/example_sensors.py for tasks to queue
[2022-12-06T06:01:13.991+0000] {logging_mixin.py:137} INFO - [2022-12-06T06:01:13.991+0000] {dagbag.py:538} INFO - Filling up the DagBag from /home/airflow/.local/lib/python3.7/site-packages/airflow/example_dags/example_sensors.py
[2022-12-06T06:01:14.041+0000] {processor.py:753} INFO - DAG(s) dict_keys(['example_sensors']) retrieved from /home/airflow/.local/lib/python3.7/site-packages/airflow/example_dags/example_sensors.py
[2022-12-06T06:01:14.111+0000] {logging_mixin.py:137} INFO - [2022-12-06T06:01:14.110+0000] {dag.py:2676} INFO - Sync 1 DAGs
[2022-12-06T06:01:14.149+0000] {logging_mixin.py:137} INFO - [2022-12-06T06:01:14.149+0000] {dag.py:3427} INFO - Setting next_dagrun for example_sensors to None, run_after=None
[2022-12-06T06:01:14.179+0000] {processor.py:175} INFO - Processing /home/airflow/.local/lib/python3.7/site-packages/airflow/example_dags/example_sensors.py took 0.196 seconds
[2022-12-06T06:01:45.896+0000] {processor.py:153} INFO - Started process (PID=1541) to work on /home/airflow/.local/lib/python3.7/site-packages/airflow/example_dags/example_sensors.py
[2022-12-06T06:01:45.898+0000] {processor.py:743} INFO - Processing file /home/airflow/.local/lib/python3.7/site-packages/airflow/example_dags/example_sensors.py for tasks to queue
[2022-12-06T06:01:45.901+0000] {logging_mixin.py:137} INFO - [2022-12-06T06:01:45.900+0000] {dagbag.py:538} INFO - Filling up the DagBag from /home/airflow/.local/lib/python3.7/site-packages/airflow/example_dags/example_sensors.py
[2022-12-06T06:01:45.968+0000] {processor.py:753} INFO - DAG(s) dict_keys(['example_sensors']) retrieved from /home/airflow/.local/lib/python3.7/site-packages/airflow/example_dags/example_sensors.py
[2022-12-06T06:01:46.053+0000] {logging_mixin.py:137} INFO - [2022-12-06T06:01:46.053+0000] {dag.py:2676} INFO - Sync 1 DAGs
[2022-12-06T06:01:46.102+0000] {logging_mixin.py:137} INFO - [2022-12-06T06:01:46.102+0000] {dag.py:3427} INFO - Setting next_dagrun for example_sensors to None, run_after=None
[2022-12-06T06:01:46.138+0000] {processor.py:175} INFO - Processing /home/airflow/.local/lib/python3.7/site-packages/airflow/example_dags/example_sensors.py took 0.249 seconds
[2022-12-06T06:02:21.744+0000] {processor.py:153} INFO - Started process (PID=1608) to work on /home/airflow/.local/lib/python3.7/site-packages/airflow/example_dags/example_sensors.py
[2022-12-06T06:02:21.748+0000] {processor.py:743} INFO - Processing file /home/airflow/.local/lib/python3.7/site-packages/airflow/example_dags/example_sensors.py for tasks to queue
[2022-12-06T06:02:21.751+0000] {logging_mixin.py:137} INFO - [2022-12-06T06:02:21.751+0000] {dagbag.py:538} INFO - Filling up the DagBag from /home/airflow/.local/lib/python3.7/site-packages/airflow/example_dags/example_sensors.py
[2022-12-06T06:02:21.822+0000] {processor.py:753} INFO - DAG(s) dict_keys(['example_sensors']) retrieved from /home/airflow/.local/lib/python3.7/site-packages/airflow/example_dags/example_sensors.py
[2022-12-06T06:02:21.917+0000] {logging_mixin.py:137} INFO - [2022-12-06T06:02:21.917+0000] {dag.py:2676} INFO - Sync 1 DAGs
[2022-12-06T06:02:21.975+0000] {logging_mixin.py:137} INFO - [2022-12-06T06:02:21.974+0000] {dag.py:3427} INFO - Setting next_dagrun for example_sensors to None, run_after=None
[2022-12-06T06:02:22.030+0000] {processor.py:175} INFO - Processing /home/airflow/.local/lib/python3.7/site-packages/airflow/example_dags/example_sensors.py took 0.298 seconds
[2022-12-06T06:03:05.903+0000] {processor.py:153} INFO - Started process (PID=1683) to work on /home/airflow/.local/lib/python3.7/site-packages/airflow/example_dags/example_sensors.py
[2022-12-06T06:03:05.906+0000] {processor.py:743} INFO - Processing file /home/airflow/.local/lib/python3.7/site-packages/airflow/example_dags/example_sensors.py for tasks to queue
[2022-12-06T06:03:05.911+0000] {logging_mixin.py:137} INFO - [2022-12-06T06:03:05.911+0000] {dagbag.py:538} INFO - Filling up the DagBag from /home/airflow/.local/lib/python3.7/site-packages/airflow/example_dags/example_sensors.py
[2022-12-06T06:03:06.009+0000] {processor.py:753} INFO - DAG(s) dict_keys(['example_sensors']) retrieved from /home/airflow/.local/lib/python3.7/site-packages/airflow/example_dags/example_sensors.py
[2022-12-06T06:03:06.126+0000] {logging_mixin.py:137} INFO - [2022-12-06T06:03:06.125+0000] {dag.py:2676} INFO - Sync 1 DAGs
[2022-12-06T06:03:06.187+0000] {logging_mixin.py:137} INFO - [2022-12-06T06:03:06.187+0000] {dag.py:3427} INFO - Setting next_dagrun for example_sensors to None, run_after=None
[2022-12-06T06:03:06.240+0000] {processor.py:175} INFO - Processing /home/airflow/.local/lib/python3.7/site-packages/airflow/example_dags/example_sensors.py took 0.350 seconds
[2022-12-06T06:04:00.152+0000] {processor.py:153} INFO - Started process (PID=1768) to work on /home/airflow/.local/lib/python3.7/site-packages/airflow/example_dags/example_sensors.py
[2022-12-06T06:04:00.155+0000] {processor.py:743} INFO - Processing file /home/airflow/.local/lib/python3.7/site-packages/airflow/example_dags/example_sensors.py for tasks to queue
[2022-12-06T06:04:00.158+0000] {logging_mixin.py:137} INFO - [2022-12-06T06:04:00.157+0000] {dagbag.py:538} INFO - Filling up the DagBag from /home/airflow/.local/lib/python3.7/site-packages/airflow/example_dags/example_sensors.py
[2022-12-06T06:04:00.226+0000] {processor.py:753} INFO - DAG(s) dict_keys(['example_sensors']) retrieved from /home/airflow/.local/lib/python3.7/site-packages/airflow/example_dags/example_sensors.py
[2022-12-06T06:04:00.348+0000] {logging_mixin.py:137} INFO - [2022-12-06T06:04:00.348+0000] {dag.py:2676} INFO - Sync 1 DAGs
[2022-12-06T06:04:00.419+0000] {logging_mixin.py:137} INFO - [2022-12-06T06:04:00.418+0000] {dag.py:3427} INFO - Setting next_dagrun for example_sensors to None, run_after=None
[2022-12-06T06:04:00.499+0000] {processor.py:175} INFO - Processing /home/airflow/.local/lib/python3.7/site-packages/airflow/example_dags/example_sensors.py took 0.356 seconds
[2022-12-06T06:04:35.841+0000] {processor.py:153} INFO - Started process (PID=1841) to work on /home/airflow/.local/lib/python3.7/site-packages/airflow/example_dags/example_sensors.py
[2022-12-06T06:04:35.845+0000] {processor.py:743} INFO - Processing file /home/airflow/.local/lib/python3.7/site-packages/airflow/example_dags/example_sensors.py for tasks to queue
[2022-12-06T06:04:35.850+0000] {logging_mixin.py:137} INFO - [2022-12-06T06:04:35.849+0000] {dagbag.py:538} INFO - Filling up the DagBag from /home/airflow/.local/lib/python3.7/site-packages/airflow/example_dags/example_sensors.py
[2022-12-06T06:04:35.915+0000] {processor.py:753} INFO - DAG(s) dict_keys(['example_sensors']) retrieved from /home/airflow/.local/lib/python3.7/site-packages/airflow/example_dags/example_sensors.py
[2022-12-06T06:04:36.022+0000] {logging_mixin.py:137} INFO - [2022-12-06T06:04:36.022+0000] {dag.py:2676} INFO - Sync 1 DAGs
[2022-12-06T06:04:36.084+0000] {logging_mixin.py:137} INFO - [2022-12-06T06:04:36.083+0000] {dag.py:3427} INFO - Setting next_dagrun for example_sensors to None, run_after=None
[2022-12-06T06:04:36.142+0000] {processor.py:175} INFO - Processing /home/airflow/.local/lib/python3.7/site-packages/airflow/example_dags/example_sensors.py took 0.317 seconds
[2022-12-06T06:05:16.542+0000] {processor.py:153} INFO - Started process (PID=1915) to work on /home/airflow/.local/lib/python3.7/site-packages/airflow/example_dags/example_sensors.py
[2022-12-06T06:05:16.547+0000] {processor.py:743} INFO - Processing file /home/airflow/.local/lib/python3.7/site-packages/airflow/example_dags/example_sensors.py for tasks to queue
[2022-12-06T06:05:16.553+0000] {logging_mixin.py:137} INFO - [2022-12-06T06:05:16.551+0000] {dagbag.py:538} INFO - Filling up the DagBag from /home/airflow/.local/lib/python3.7/site-packages/airflow/example_dags/example_sensors.py
[2022-12-06T06:05:16.599+0000] {processor.py:753} INFO - DAG(s) dict_keys(['example_sensors']) retrieved from /home/airflow/.local/lib/python3.7/site-packages/airflow/example_dags/example_sensors.py
[2022-12-06T06:05:16.699+0000] {logging_mixin.py:137} INFO - [2022-12-06T06:05:16.699+0000] {dag.py:2676} INFO - Sync 1 DAGs
[2022-12-06T06:05:16.749+0000] {logging_mixin.py:137} INFO - [2022-12-06T06:05:16.748+0000] {dag.py:3427} INFO - Setting next_dagrun for example_sensors to None, run_after=None
[2022-12-06T06:05:16.780+0000] {processor.py:175} INFO - Processing /home/airflow/.local/lib/python3.7/site-packages/airflow/example_dags/example_sensors.py took 0.281 seconds
[2022-12-06T06:05:47.538+0000] {processor.py:153} INFO - Started process (PID=1983) to work on /home/airflow/.local/lib/python3.7/site-packages/airflow/example_dags/example_sensors.py
[2022-12-06T06:05:47.541+0000] {processor.py:743} INFO - Processing file /home/airflow/.local/lib/python3.7/site-packages/airflow/example_dags/example_sensors.py for tasks to queue
[2022-12-06T06:05:47.543+0000] {logging_mixin.py:137} INFO - [2022-12-06T06:05:47.543+0000] {dagbag.py:538} INFO - Filling up the DagBag from /home/airflow/.local/lib/python3.7/site-packages/airflow/example_dags/example_sensors.py
[2022-12-06T06:05:47.598+0000] {processor.py:753} INFO - DAG(s) dict_keys(['example_sensors']) retrieved from /home/airflow/.local/lib/python3.7/site-packages/airflow/example_dags/example_sensors.py
[2022-12-06T06:05:47.666+0000] {logging_mixin.py:137} INFO - [2022-12-06T06:05:47.665+0000] {dag.py:2676} INFO - Sync 1 DAGs
[2022-12-06T06:05:47.714+0000] {logging_mixin.py:137} INFO - [2022-12-06T06:05:47.714+0000] {dag.py:3427} INFO - Setting next_dagrun for example_sensors to None, run_after=None
[2022-12-06T06:05:47.754+0000] {processor.py:175} INFO - Processing /home/airflow/.local/lib/python3.7/site-packages/airflow/example_dags/example_sensors.py took 0.220 seconds
[2022-12-06T06:06:23.780+0000] {processor.py:153} INFO - Started process (PID=2050) to work on /home/airflow/.local/lib/python3.7/site-packages/airflow/example_dags/example_sensors.py
[2022-12-06T06:06:23.783+0000] {processor.py:743} INFO - Processing file /home/airflow/.local/lib/python3.7/site-packages/airflow/example_dags/example_sensors.py for tasks to queue
[2022-12-06T06:06:23.786+0000] {logging_mixin.py:137} INFO - [2022-12-06T06:06:23.785+0000] {dagbag.py:538} INFO - Filling up the DagBag from /home/airflow/.local/lib/python3.7/site-packages/airflow/example_dags/example_sensors.py
[2022-12-06T06:06:23.838+0000] {processor.py:753} INFO - DAG(s) dict_keys(['example_sensors']) retrieved from /home/airflow/.local/lib/python3.7/site-packages/airflow/example_dags/example_sensors.py
[2022-12-06T06:06:23.926+0000] {logging_mixin.py:137} INFO - [2022-12-06T06:06:23.926+0000] {dag.py:2676} INFO - Sync 1 DAGs
[2022-12-06T06:06:23.981+0000] {logging_mixin.py:137} INFO - [2022-12-06T06:06:23.981+0000] {dag.py:3427} INFO - Setting next_dagrun for example_sensors to None, run_after=None
[2022-12-06T06:06:24.019+0000] {processor.py:175} INFO - Processing /home/airflow/.local/lib/python3.7/site-packages/airflow/example_dags/example_sensors.py took 0.245 seconds
[2022-12-06T06:07:03.007+0000] {processor.py:153} INFO - Started process (PID=2127) to work on /home/airflow/.local/lib/python3.7/site-packages/airflow/example_dags/example_sensors.py
[2022-12-06T06:07:03.009+0000] {processor.py:743} INFO - Processing file /home/airflow/.local/lib/python3.7/site-packages/airflow/example_dags/example_sensors.py for tasks to queue
[2022-12-06T06:07:03.011+0000] {logging_mixin.py:137} INFO - [2022-12-06T06:07:03.011+0000] {dagbag.py:538} INFO - Filling up the DagBag from /home/airflow/.local/lib/python3.7/site-packages/airflow/example_dags/example_sensors.py
[2022-12-06T06:07:03.061+0000] {processor.py:753} INFO - DAG(s) dict_keys(['example_sensors']) retrieved from /home/airflow/.local/lib/python3.7/site-packages/airflow/example_dags/example_sensors.py
[2022-12-06T06:07:03.161+0000] {logging_mixin.py:137} INFO - [2022-12-06T06:07:03.161+0000] {dag.py:2676} INFO - Sync 1 DAGs
[2022-12-06T06:07:03.224+0000] {logging_mixin.py:137} INFO - [2022-12-06T06:07:03.223+0000] {dag.py:3427} INFO - Setting next_dagrun for example_sensors to None, run_after=None
[2022-12-06T06:07:03.267+0000] {processor.py:175} INFO - Processing /home/airflow/.local/lib/python3.7/site-packages/airflow/example_dags/example_sensors.py took 0.266 seconds
[2022-12-06T06:07:44.059+0000] {processor.py:153} INFO - Started process (PID=2185) to work on /home/airflow/.local/lib/python3.7/site-packages/airflow/example_dags/example_sensors.py
[2022-12-06T06:07:44.062+0000] {processor.py:743} INFO - Processing file /home/airflow/.local/lib/python3.7/site-packages/airflow/example_dags/example_sensors.py for tasks to queue
[2022-12-06T06:07:44.064+0000] {logging_mixin.py:137} INFO - [2022-12-06T06:07:44.064+0000] {dagbag.py:538} INFO - Filling up the DagBag from /home/airflow/.local/lib/python3.7/site-packages/airflow/example_dags/example_sensors.py
[2022-12-06T06:07:44.111+0000] {processor.py:753} INFO - DAG(s) dict_keys(['example_sensors']) retrieved from /home/airflow/.local/lib/python3.7/site-packages/airflow/example_dags/example_sensors.py
[2022-12-06T06:07:44.180+0000] {logging_mixin.py:137} INFO - [2022-12-06T06:07:44.180+0000] {dag.py:2676} INFO - Sync 1 DAGs
[2022-12-06T06:07:44.225+0000] {logging_mixin.py:137} INFO - [2022-12-06T06:07:44.225+0000] {dag.py:3427} INFO - Setting next_dagrun for example_sensors to None, run_after=None
[2022-12-06T06:07:44.258+0000] {processor.py:175} INFO - Processing /home/airflow/.local/lib/python3.7/site-packages/airflow/example_dags/example_sensors.py took 0.205 seconds
[2022-12-06T06:08:42.395+0000] {processor.py:153} INFO - Started process (PID=2262) to work on /home/airflow/.local/lib/python3.7/site-packages/airflow/example_dags/example_sensors.py
[2022-12-06T06:08:42.400+0000] {processor.py:743} INFO - Processing file /home/airflow/.local/lib/python3.7/site-packages/airflow/example_dags/example_sensors.py for tasks to queue
[2022-12-06T06:08:42.405+0000] {logging_mixin.py:137} INFO - [2022-12-06T06:08:42.404+0000] {dagbag.py:538} INFO - Filling up the DagBag from /home/airflow/.local/lib/python3.7/site-packages/airflow/example_dags/example_sensors.py
[2022-12-06T06:08:42.481+0000] {processor.py:753} INFO - DAG(s) dict_keys(['example_sensors']) retrieved from /home/airflow/.local/lib/python3.7/site-packages/airflow/example_dags/example_sensors.py
[2022-12-06T06:08:42.550+0000] {logging_mixin.py:137} INFO - [2022-12-06T06:08:42.550+0000] {dag.py:2676} INFO - Sync 1 DAGs
[2022-12-06T06:08:42.593+0000] {logging_mixin.py:137} INFO - [2022-12-06T06:08:42.593+0000] {dag.py:3427} INFO - Setting next_dagrun for example_sensors to None, run_after=None
[2022-12-06T06:08:42.623+0000] {processor.py:175} INFO - Processing /home/airflow/.local/lib/python3.7/site-packages/airflow/example_dags/example_sensors.py took 0.236 seconds
[2022-12-06T06:09:13.017+0000] {processor.py:153} INFO - Started process (PID=2334) to work on /home/airflow/.local/lib/python3.7/site-packages/airflow/example_dags/example_sensors.py
[2022-12-06T06:09:13.020+0000] {processor.py:743} INFO - Processing file /home/airflow/.local/lib/python3.7/site-packages/airflow/example_dags/example_sensors.py for tasks to queue
[2022-12-06T06:09:13.022+0000] {logging_mixin.py:137} INFO - [2022-12-06T06:09:13.022+0000] {dagbag.py:538} INFO - Filling up the DagBag from /home/airflow/.local/lib/python3.7/site-packages/airflow/example_dags/example_sensors.py
[2022-12-06T06:09:13.096+0000] {processor.py:753} INFO - DAG(s) dict_keys(['example_sensors']) retrieved from /home/airflow/.local/lib/python3.7/site-packages/airflow/example_dags/example_sensors.py
[2022-12-06T06:09:13.159+0000] {logging_mixin.py:137} INFO - [2022-12-06T06:09:13.159+0000] {dag.py:2676} INFO - Sync 1 DAGs
[2022-12-06T06:09:13.203+0000] {logging_mixin.py:137} INFO - [2022-12-06T06:09:13.202+0000] {dag.py:3427} INFO - Setting next_dagrun for example_sensors to None, run_after=None
[2022-12-06T06:09:13.245+0000] {processor.py:175} INFO - Processing /home/airflow/.local/lib/python3.7/site-packages/airflow/example_dags/example_sensors.py took 0.235 seconds
[2022-12-06T06:09:47.310+0000] {processor.py:153} INFO - Started process (PID=2401) to work on /home/airflow/.local/lib/python3.7/site-packages/airflow/example_dags/example_sensors.py
[2022-12-06T06:09:47.314+0000] {processor.py:743} INFO - Processing file /home/airflow/.local/lib/python3.7/site-packages/airflow/example_dags/example_sensors.py for tasks to queue
[2022-12-06T06:09:47.316+0000] {logging_mixin.py:137} INFO - [2022-12-06T06:09:47.316+0000] {dagbag.py:538} INFO - Filling up the DagBag from /home/airflow/.local/lib/python3.7/site-packages/airflow/example_dags/example_sensors.py
[2022-12-06T06:09:47.377+0000] {processor.py:753} INFO - DAG(s) dict_keys(['example_sensors']) retrieved from /home/airflow/.local/lib/python3.7/site-packages/airflow/example_dags/example_sensors.py
[2022-12-06T06:09:47.448+0000] {logging_mixin.py:137} INFO - [2022-12-06T06:09:47.448+0000] {dag.py:2676} INFO - Sync 1 DAGs
[2022-12-06T06:09:47.487+0000] {logging_mixin.py:137} INFO - [2022-12-06T06:09:47.487+0000] {dag.py:3427} INFO - Setting next_dagrun for example_sensors to None, run_after=None
[2022-12-06T06:09:47.517+0000] {processor.py:175} INFO - Processing /home/airflow/.local/lib/python3.7/site-packages/airflow/example_dags/example_sensors.py took 0.215 seconds
[2022-12-06T06:10:35.018+0000] {processor.py:153} INFO - Started process (PID=2480) to work on /home/airflow/.local/lib/python3.7/site-packages/airflow/example_dags/example_sensors.py
[2022-12-06T06:10:35.023+0000] {processor.py:743} INFO - Processing file /home/airflow/.local/lib/python3.7/site-packages/airflow/example_dags/example_sensors.py for tasks to queue
[2022-12-06T06:10:35.026+0000] {logging_mixin.py:137} INFO - [2022-12-06T06:10:35.025+0000] {dagbag.py:538} INFO - Filling up the DagBag from /home/airflow/.local/lib/python3.7/site-packages/airflow/example_dags/example_sensors.py
[2022-12-06T06:10:35.112+0000] {processor.py:753} INFO - DAG(s) dict_keys(['example_sensors']) retrieved from /home/airflow/.local/lib/python3.7/site-packages/airflow/example_dags/example_sensors.py
[2022-12-06T06:10:35.248+0000] {logging_mixin.py:137} INFO - [2022-12-06T06:10:35.248+0000] {dag.py:2676} INFO - Sync 1 DAGs
[2022-12-06T06:10:35.302+0000] {logging_mixin.py:137} INFO - [2022-12-06T06:10:35.302+0000] {dag.py:3427} INFO - Setting next_dagrun for example_sensors to None, run_after=None
[2022-12-06T06:10:35.344+0000] {processor.py:175} INFO - Processing /home/airflow/.local/lib/python3.7/site-packages/airflow/example_dags/example_sensors.py took 0.333 seconds
[2022-12-06T06:11:15.919+0000] {processor.py:153} INFO - Started process (PID=2548) to work on /home/airflow/.local/lib/python3.7/site-packages/airflow/example_dags/example_sensors.py
[2022-12-06T06:11:15.922+0000] {processor.py:743} INFO - Processing file /home/airflow/.local/lib/python3.7/site-packages/airflow/example_dags/example_sensors.py for tasks to queue
[2022-12-06T06:11:15.924+0000] {logging_mixin.py:137} INFO - [2022-12-06T06:11:15.924+0000] {dagbag.py:538} INFO - Filling up the DagBag from /home/airflow/.local/lib/python3.7/site-packages/airflow/example_dags/example_sensors.py
[2022-12-06T06:11:15.978+0000] {processor.py:753} INFO - DAG(s) dict_keys(['example_sensors']) retrieved from /home/airflow/.local/lib/python3.7/site-packages/airflow/example_dags/example_sensors.py
[2022-12-06T06:11:16.051+0000] {logging_mixin.py:137} INFO - [2022-12-06T06:11:16.051+0000] {dag.py:2676} INFO - Sync 1 DAGs
[2022-12-06T06:11:16.101+0000] {logging_mixin.py:137} INFO - [2022-12-06T06:11:16.101+0000] {dag.py:3427} INFO - Setting next_dagrun for example_sensors to None, run_after=None
[2022-12-06T06:11:16.138+0000] {processor.py:175} INFO - Processing /home/airflow/.local/lib/python3.7/site-packages/airflow/example_dags/example_sensors.py took 0.225 seconds
[2022-12-06T06:11:49.015+0000] {processor.py:153} INFO - Started process (PID=2622) to work on /home/airflow/.local/lib/python3.7/site-packages/airflow/example_dags/example_sensors.py
[2022-12-06T06:11:49.020+0000] {processor.py:743} INFO - Processing file /home/airflow/.local/lib/python3.7/site-packages/airflow/example_dags/example_sensors.py for tasks to queue
[2022-12-06T06:11:49.024+0000] {logging_mixin.py:137} INFO - [2022-12-06T06:11:49.024+0000] {dagbag.py:538} INFO - Filling up the DagBag from /home/airflow/.local/lib/python3.7/site-packages/airflow/example_dags/example_sensors.py
[2022-12-06T06:11:49.100+0000] {processor.py:753} INFO - DAG(s) dict_keys(['example_sensors']) retrieved from /home/airflow/.local/lib/python3.7/site-packages/airflow/example_dags/example_sensors.py
[2022-12-06T06:11:49.178+0000] {logging_mixin.py:137} INFO - [2022-12-06T06:11:49.177+0000] {dag.py:2676} INFO - Sync 1 DAGs
[2022-12-06T06:11:49.231+0000] {logging_mixin.py:137} INFO - [2022-12-06T06:11:49.230+0000] {dag.py:3427} INFO - Setting next_dagrun for example_sensors to None, run_after=None
[2022-12-06T06:11:49.266+0000] {processor.py:175} INFO - Processing /home/airflow/.local/lib/python3.7/site-packages/airflow/example_dags/example_sensors.py took 0.258 seconds
[2022-12-06T06:12:31.624+0000] {processor.py:153} INFO - Started process (PID=2691) to work on /home/airflow/.local/lib/python3.7/site-packages/airflow/example_dags/example_sensors.py
[2022-12-06T06:12:31.626+0000] {processor.py:743} INFO - Processing file /home/airflow/.local/lib/python3.7/site-packages/airflow/example_dags/example_sensors.py for tasks to queue
[2022-12-06T06:12:31.628+0000] {logging_mixin.py:137} INFO - [2022-12-06T06:12:31.627+0000] {dagbag.py:538} INFO - Filling up the DagBag from /home/airflow/.local/lib/python3.7/site-packages/airflow/example_dags/example_sensors.py
[2022-12-06T06:12:31.674+0000] {processor.py:753} INFO - DAG(s) dict_keys(['example_sensors']) retrieved from /home/airflow/.local/lib/python3.7/site-packages/airflow/example_dags/example_sensors.py
[2022-12-06T06:12:31.760+0000] {logging_mixin.py:137} INFO - [2022-12-06T06:12:31.760+0000] {dag.py:2676} INFO - Sync 1 DAGs
[2022-12-06T06:12:31.827+0000] {logging_mixin.py:137} INFO - [2022-12-06T06:12:31.827+0000] {dag.py:3427} INFO - Setting next_dagrun for example_sensors to None, run_after=None
[2022-12-06T06:12:31.868+0000] {processor.py:175} INFO - Processing /home/airflow/.local/lib/python3.7/site-packages/airflow/example_dags/example_sensors.py took 0.250 seconds
[2022-12-06T06:13:06.822+0000] {processor.py:153} INFO - Started process (PID=2769) to work on /home/airflow/.local/lib/python3.7/site-packages/airflow/example_dags/example_sensors.py
[2022-12-06T06:13:06.825+0000] {processor.py:743} INFO - Processing file /home/airflow/.local/lib/python3.7/site-packages/airflow/example_dags/example_sensors.py for tasks to queue
[2022-12-06T06:13:06.827+0000] {logging_mixin.py:137} INFO - [2022-12-06T06:13:06.827+0000] {dagbag.py:538} INFO - Filling up the DagBag from /home/airflow/.local/lib/python3.7/site-packages/airflow/example_dags/example_sensors.py
[2022-12-06T06:13:06.928+0000] {processor.py:753} INFO - DAG(s) dict_keys(['example_sensors']) retrieved from /home/airflow/.local/lib/python3.7/site-packages/airflow/example_dags/example_sensors.py
[2022-12-06T06:13:07.837+0000] {logging_mixin.py:137} INFO - [2022-12-06T06:13:07.837+0000] {dag.py:2676} INFO - Sync 1 DAGs
[2022-12-06T06:13:07.889+0000] {logging_mixin.py:137} INFO - [2022-12-06T06:13:07.889+0000] {dag.py:3427} INFO - Setting next_dagrun for example_sensors to None, run_after=None
[2022-12-06T06:13:07.931+0000] {processor.py:175} INFO - Processing /home/airflow/.local/lib/python3.7/site-packages/airflow/example_dags/example_sensors.py took 1.116 seconds
[2022-12-06T06:13:43.481+0000] {processor.py:153} INFO - Started process (PID=2845) to work on /home/airflow/.local/lib/python3.7/site-packages/airflow/example_dags/example_sensors.py
[2022-12-06T06:13:43.484+0000] {processor.py:743} INFO - Processing file /home/airflow/.local/lib/python3.7/site-packages/airflow/example_dags/example_sensors.py for tasks to queue
[2022-12-06T06:13:43.487+0000] {logging_mixin.py:137} INFO - [2022-12-06T06:13:43.487+0000] {dagbag.py:538} INFO - Filling up the DagBag from /home/airflow/.local/lib/python3.7/site-packages/airflow/example_dags/example_sensors.py
[2022-12-06T06:13:43.575+0000] {processor.py:753} INFO - DAG(s) dict_keys(['example_sensors']) retrieved from /home/airflow/.local/lib/python3.7/site-packages/airflow/example_dags/example_sensors.py
[2022-12-06T06:13:43.691+0000] {logging_mixin.py:137} INFO - [2022-12-06T06:13:43.690+0000] {dag.py:2676} INFO - Sync 1 DAGs
[2022-12-06T06:13:43.818+0000] {logging_mixin.py:137} INFO - [2022-12-06T06:13:43.817+0000] {dag.py:3427} INFO - Setting next_dagrun for example_sensors to None, run_after=None
[2022-12-06T06:13:43.873+0000] {processor.py:175} INFO - Processing /home/airflow/.local/lib/python3.7/site-packages/airflow/example_dags/example_sensors.py took 0.399 seconds
[2022-12-06T06:14:24.732+0000] {processor.py:153} INFO - Started process (PID=2913) to work on /home/airflow/.local/lib/python3.7/site-packages/airflow/example_dags/example_sensors.py
[2022-12-06T06:14:24.736+0000] {processor.py:743} INFO - Processing file /home/airflow/.local/lib/python3.7/site-packages/airflow/example_dags/example_sensors.py for tasks to queue
[2022-12-06T06:14:24.741+0000] {logging_mixin.py:137} INFO - [2022-12-06T06:14:24.740+0000] {dagbag.py:538} INFO - Filling up the DagBag from /home/airflow/.local/lib/python3.7/site-packages/airflow/example_dags/example_sensors.py
[2022-12-06T06:14:24.830+0000] {processor.py:753} INFO - DAG(s) dict_keys(['example_sensors']) retrieved from /home/airflow/.local/lib/python3.7/site-packages/airflow/example_dags/example_sensors.py
[2022-12-06T06:14:24.916+0000] {logging_mixin.py:137} INFO - [2022-12-06T06:14:24.916+0000] {dag.py:2676} INFO - Sync 1 DAGs
[2022-12-06T06:14:24.964+0000] {logging_mixin.py:137} INFO - [2022-12-06T06:14:24.964+0000] {dag.py:3427} INFO - Setting next_dagrun for example_sensors to None, run_after=None
[2022-12-06T06:14:25.013+0000] {processor.py:175} INFO - Processing /home/airflow/.local/lib/python3.7/site-packages/airflow/example_dags/example_sensors.py took 0.307 seconds
