[2022-12-06T05:26:03.154+0000] {processor.py:153} INFO - Started process (PID=140) to work on /home/airflow/.local/lib/python3.7/site-packages/airflow/example_dags/example_trigger_target_dag.py
[2022-12-06T05:26:03.170+0000] {processor.py:743} INFO - Processing file /home/airflow/.local/lib/python3.7/site-packages/airflow/example_dags/example_trigger_target_dag.py for tasks to queue
[2022-12-06T05:26:03.175+0000] {logging_mixin.py:137} INFO - [2022-12-06T05:26:03.174+0000] {dagbag.py:538} INFO - Filling up the DagBag from /home/airflow/.local/lib/python3.7/site-packages/airflow/example_dags/example_trigger_target_dag.py
[2022-12-06T05:26:03.369+0000] {processor.py:753} INFO - DAG(s) dict_keys(['example_trigger_target_dag']) retrieved from /home/airflow/.local/lib/python3.7/site-packages/airflow/example_dags/example_trigger_target_dag.py
[2022-12-06T05:26:03.835+0000] {logging_mixin.py:137} INFO - [2022-12-06T05:26:03.835+0000] {dag.py:2676} INFO - Sync 1 DAGs
[2022-12-06T05:26:04.242+0000] {logging_mixin.py:137} INFO - [2022-12-06T05:26:04.241+0000] {dag.py:3427} INFO - Setting next_dagrun for example_trigger_target_dag to None, run_after=None
[2022-12-06T05:26:04.590+0000] {processor.py:175} INFO - Processing /home/airflow/.local/lib/python3.7/site-packages/airflow/example_dags/example_trigger_target_dag.py took 1.450 seconds
[2022-12-06T05:26:44.117+0000] {processor.py:153} INFO - Started process (PID=224) to work on /home/airflow/.local/lib/python3.7/site-packages/airflow/example_dags/example_trigger_target_dag.py
[2022-12-06T05:26:44.123+0000] {processor.py:743} INFO - Processing file /home/airflow/.local/lib/python3.7/site-packages/airflow/example_dags/example_trigger_target_dag.py for tasks to queue
[2022-12-06T05:26:44.132+0000] {logging_mixin.py:137} INFO - [2022-12-06T05:26:44.131+0000] {dagbag.py:538} INFO - Filling up the DagBag from /home/airflow/.local/lib/python3.7/site-packages/airflow/example_dags/example_trigger_target_dag.py
[2022-12-06T05:26:46.144+0000] {processor.py:753} INFO - DAG(s) dict_keys(['example_trigger_target_dag']) retrieved from /home/airflow/.local/lib/python3.7/site-packages/airflow/example_dags/example_trigger_target_dag.py
[2022-12-06T05:26:50.681+0000] {logging_mixin.py:137} INFO - [2022-12-06T05:26:50.647+0000] {dag.py:2676} INFO - Sync 1 DAGs
[2022-12-06T05:26:57.490+0000] {logging_mixin.py:137} INFO - [2022-12-06T05:26:57.478+0000] {dag.py:3427} INFO - Setting next_dagrun for example_trigger_target_dag to None, run_after=None
[2022-12-06T05:27:03.135+0000] {processor.py:175} INFO - Processing /home/airflow/.local/lib/python3.7/site-packages/airflow/example_dags/example_trigger_target_dag.py took 19.064 seconds
[2022-12-06T05:27:33.484+0000] {processor.py:153} INFO - Started process (PID=305) to work on /home/airflow/.local/lib/python3.7/site-packages/airflow/example_dags/example_trigger_target_dag.py
[2022-12-06T05:27:33.492+0000] {processor.py:743} INFO - Processing file /home/airflow/.local/lib/python3.7/site-packages/airflow/example_dags/example_trigger_target_dag.py for tasks to queue
[2022-12-06T05:27:33.500+0000] {logging_mixin.py:137} INFO - [2022-12-06T05:27:33.500+0000] {dagbag.py:538} INFO - Filling up the DagBag from /home/airflow/.local/lib/python3.7/site-packages/airflow/example_dags/example_trigger_target_dag.py
[2022-12-06T05:27:33.803+0000] {processor.py:753} INFO - DAG(s) dict_keys(['example_trigger_target_dag']) retrieved from /home/airflow/.local/lib/python3.7/site-packages/airflow/example_dags/example_trigger_target_dag.py
[2022-12-06T05:27:34.329+0000] {logging_mixin.py:137} INFO - [2022-12-06T05:27:34.329+0000] {dag.py:2676} INFO - Sync 1 DAGs
[2022-12-06T05:27:34.531+0000] {logging_mixin.py:137} INFO - [2022-12-06T05:27:34.531+0000] {dag.py:3427} INFO - Setting next_dagrun for example_trigger_target_dag to None, run_after=None
[2022-12-06T05:27:34.593+0000] {processor.py:175} INFO - Processing /home/airflow/.local/lib/python3.7/site-packages/airflow/example_dags/example_trigger_target_dag.py took 1.136 seconds
[2022-12-06T05:28:05.122+0000] {processor.py:153} INFO - Started process (PID=372) to work on /home/airflow/.local/lib/python3.7/site-packages/airflow/example_dags/example_trigger_target_dag.py
[2022-12-06T05:28:05.142+0000] {processor.py:743} INFO - Processing file /home/airflow/.local/lib/python3.7/site-packages/airflow/example_dags/example_trigger_target_dag.py for tasks to queue
[2022-12-06T05:28:05.146+0000] {logging_mixin.py:137} INFO - [2022-12-06T05:28:05.146+0000] {dagbag.py:538} INFO - Filling up the DagBag from /home/airflow/.local/lib/python3.7/site-packages/airflow/example_dags/example_trigger_target_dag.py
[2022-12-06T05:28:05.307+0000] {processor.py:753} INFO - DAG(s) dict_keys(['example_trigger_target_dag']) retrieved from /home/airflow/.local/lib/python3.7/site-packages/airflow/example_dags/example_trigger_target_dag.py
[2022-12-06T05:28:05.416+0000] {logging_mixin.py:137} INFO - [2022-12-06T05:28:05.416+0000] {dag.py:2676} INFO - Sync 1 DAGs
[2022-12-06T05:28:05.460+0000] {logging_mixin.py:137} INFO - [2022-12-06T05:28:05.460+0000] {dag.py:3427} INFO - Setting next_dagrun for example_trigger_target_dag to None, run_after=None
[2022-12-06T05:28:05.493+0000] {processor.py:175} INFO - Processing /home/airflow/.local/lib/python3.7/site-packages/airflow/example_dags/example_trigger_target_dag.py took 0.382 seconds
[2022-12-06T05:28:36.030+0000] {processor.py:153} INFO - Started process (PID=440) to work on /home/airflow/.local/lib/python3.7/site-packages/airflow/example_dags/example_trigger_target_dag.py
[2022-12-06T05:28:36.034+0000] {processor.py:743} INFO - Processing file /home/airflow/.local/lib/python3.7/site-packages/airflow/example_dags/example_trigger_target_dag.py for tasks to queue
[2022-12-06T05:28:36.042+0000] {logging_mixin.py:137} INFO - [2022-12-06T05:28:36.041+0000] {dagbag.py:538} INFO - Filling up the DagBag from /home/airflow/.local/lib/python3.7/site-packages/airflow/example_dags/example_trigger_target_dag.py
[2022-12-06T05:28:36.403+0000] {processor.py:753} INFO - DAG(s) dict_keys(['example_trigger_target_dag']) retrieved from /home/airflow/.local/lib/python3.7/site-packages/airflow/example_dags/example_trigger_target_dag.py
[2022-12-06T05:28:37.350+0000] {logging_mixin.py:137} INFO - [2022-12-06T05:28:37.350+0000] {dag.py:2676} INFO - Sync 1 DAGs
[2022-12-06T05:28:37.528+0000] {logging_mixin.py:137} INFO - [2022-12-06T05:28:37.527+0000] {dag.py:3427} INFO - Setting next_dagrun for example_trigger_target_dag to None, run_after=None
[2022-12-06T05:28:37.623+0000] {processor.py:175} INFO - Processing /home/airflow/.local/lib/python3.7/site-packages/airflow/example_dags/example_trigger_target_dag.py took 1.625 seconds
[2022-12-06T05:29:10.309+0000] {processor.py:153} INFO - Started process (PID=517) to work on /home/airflow/.local/lib/python3.7/site-packages/airflow/example_dags/example_trigger_target_dag.py
[2022-12-06T05:29:10.311+0000] {processor.py:743} INFO - Processing file /home/airflow/.local/lib/python3.7/site-packages/airflow/example_dags/example_trigger_target_dag.py for tasks to queue
[2022-12-06T05:29:10.313+0000] {logging_mixin.py:137} INFO - [2022-12-06T05:29:10.313+0000] {dagbag.py:538} INFO - Filling up the DagBag from /home/airflow/.local/lib/python3.7/site-packages/airflow/example_dags/example_trigger_target_dag.py
[2022-12-06T05:29:10.354+0000] {processor.py:753} INFO - DAG(s) dict_keys(['example_trigger_target_dag']) retrieved from /home/airflow/.local/lib/python3.7/site-packages/airflow/example_dags/example_trigger_target_dag.py
[2022-12-06T05:29:10.445+0000] {logging_mixin.py:137} INFO - [2022-12-06T05:29:10.445+0000] {dag.py:2676} INFO - Sync 1 DAGs
[2022-12-06T05:29:10.486+0000] {logging_mixin.py:137} INFO - [2022-12-06T05:29:10.485+0000] {dag.py:3427} INFO - Setting next_dagrun for example_trigger_target_dag to None, run_after=None
[2022-12-06T05:29:10.513+0000] {processor.py:175} INFO - Processing /home/airflow/.local/lib/python3.7/site-packages/airflow/example_dags/example_trigger_target_dag.py took 0.208 seconds
[2022-12-06T05:30:22.407+0000] {processor.py:153} INFO - Started process (PID=604) to work on /home/airflow/.local/lib/python3.7/site-packages/airflow/example_dags/example_trigger_target_dag.py
[2022-12-06T05:30:22.411+0000] {processor.py:743} INFO - Processing file /home/airflow/.local/lib/python3.7/site-packages/airflow/example_dags/example_trigger_target_dag.py for tasks to queue
[2022-12-06T05:30:22.417+0000] {logging_mixin.py:137} INFO - [2022-12-06T05:30:22.416+0000] {dagbag.py:538} INFO - Filling up the DagBag from /home/airflow/.local/lib/python3.7/site-packages/airflow/example_dags/example_trigger_target_dag.py
[2022-12-06T05:30:22.509+0000] {processor.py:753} INFO - DAG(s) dict_keys(['example_trigger_target_dag']) retrieved from /home/airflow/.local/lib/python3.7/site-packages/airflow/example_dags/example_trigger_target_dag.py
[2022-12-06T05:30:22.648+0000] {logging_mixin.py:137} INFO - [2022-12-06T05:30:22.648+0000] {dag.py:2676} INFO - Sync 1 DAGs
[2022-12-06T05:30:22.834+0000] {logging_mixin.py:137} INFO - [2022-12-06T05:30:22.833+0000] {dag.py:3427} INFO - Setting next_dagrun for example_trigger_target_dag to None, run_after=None
[2022-12-06T05:30:22.921+0000] {processor.py:175} INFO - Processing /home/airflow/.local/lib/python3.7/site-packages/airflow/example_dags/example_trigger_target_dag.py took 0.524 seconds
[2022-12-06T05:31:10.430+0000] {processor.py:153} INFO - Started process (PID=695) to work on /home/airflow/.local/lib/python3.7/site-packages/airflow/example_dags/example_trigger_target_dag.py
[2022-12-06T05:31:10.433+0000] {processor.py:743} INFO - Processing file /home/airflow/.local/lib/python3.7/site-packages/airflow/example_dags/example_trigger_target_dag.py for tasks to queue
[2022-12-06T05:31:10.435+0000] {logging_mixin.py:137} INFO - [2022-12-06T05:31:10.435+0000] {dagbag.py:538} INFO - Filling up the DagBag from /home/airflow/.local/lib/python3.7/site-packages/airflow/example_dags/example_trigger_target_dag.py
[2022-12-06T05:31:10.476+0000] {processor.py:753} INFO - DAG(s) dict_keys(['example_trigger_target_dag']) retrieved from /home/airflow/.local/lib/python3.7/site-packages/airflow/example_dags/example_trigger_target_dag.py
[2022-12-06T05:31:10.541+0000] {logging_mixin.py:137} INFO - [2022-12-06T05:31:10.541+0000] {dag.py:2676} INFO - Sync 1 DAGs
[2022-12-06T05:31:10.581+0000] {logging_mixin.py:137} INFO - [2022-12-06T05:31:10.581+0000] {dag.py:3427} INFO - Setting next_dagrun for example_trigger_target_dag to None, run_after=None
[2022-12-06T05:31:10.620+0000] {processor.py:175} INFO - Processing /home/airflow/.local/lib/python3.7/site-packages/airflow/example_dags/example_trigger_target_dag.py took 0.196 seconds
[2022-12-06T05:32:07.174+0000] {processor.py:153} INFO - Started process (PID=762) to work on /home/airflow/.local/lib/python3.7/site-packages/airflow/example_dags/example_trigger_target_dag.py
[2022-12-06T05:32:07.177+0000] {processor.py:743} INFO - Processing file /home/airflow/.local/lib/python3.7/site-packages/airflow/example_dags/example_trigger_target_dag.py for tasks to queue
[2022-12-06T05:32:07.190+0000] {logging_mixin.py:137} INFO - [2022-12-06T05:32:07.189+0000] {dagbag.py:538} INFO - Filling up the DagBag from /home/airflow/.local/lib/python3.7/site-packages/airflow/example_dags/example_trigger_target_dag.py
[2022-12-06T05:32:07.252+0000] {processor.py:753} INFO - DAG(s) dict_keys(['example_trigger_target_dag']) retrieved from /home/airflow/.local/lib/python3.7/site-packages/airflow/example_dags/example_trigger_target_dag.py
[2022-12-06T05:32:07.316+0000] {logging_mixin.py:137} INFO - [2022-12-06T05:32:07.315+0000] {dag.py:2676} INFO - Sync 1 DAGs
[2022-12-06T05:32:07.374+0000] {logging_mixin.py:137} INFO - [2022-12-06T05:32:07.374+0000] {dag.py:3427} INFO - Setting next_dagrun for example_trigger_target_dag to None, run_after=None
[2022-12-06T05:32:07.416+0000] {processor.py:175} INFO - Processing /home/airflow/.local/lib/python3.7/site-packages/airflow/example_dags/example_trigger_target_dag.py took 0.254 seconds
[2022-12-06T05:48:34.675+0000] {processor.py:153} INFO - Started process (PID=130) to work on /home/airflow/.local/lib/python3.7/site-packages/airflow/example_dags/example_trigger_target_dag.py
[2022-12-06T05:48:34.692+0000] {processor.py:743} INFO - Processing file /home/airflow/.local/lib/python3.7/site-packages/airflow/example_dags/example_trigger_target_dag.py for tasks to queue
[2022-12-06T05:48:34.695+0000] {logging_mixin.py:137} INFO - [2022-12-06T05:48:34.695+0000] {dagbag.py:538} INFO - Filling up the DagBag from /home/airflow/.local/lib/python3.7/site-packages/airflow/example_dags/example_trigger_target_dag.py
[2022-12-06T05:48:34.872+0000] {processor.py:753} INFO - DAG(s) dict_keys(['example_trigger_target_dag']) retrieved from /home/airflow/.local/lib/python3.7/site-packages/airflow/example_dags/example_trigger_target_dag.py
[2022-12-06T05:48:35.104+0000] {logging_mixin.py:137} INFO - [2022-12-06T05:48:35.104+0000] {dag.py:2676} INFO - Sync 1 DAGs
[2022-12-06T05:48:35.151+0000] {logging_mixin.py:137} INFO - [2022-12-06T05:48:35.151+0000] {dag.py:3427} INFO - Setting next_dagrun for example_trigger_target_dag to None, run_after=None
[2022-12-06T05:48:35.203+0000] {processor.py:175} INFO - Processing /home/airflow/.local/lib/python3.7/site-packages/airflow/example_dags/example_trigger_target_dag.py took 0.542 seconds
[2022-12-06T05:49:17.833+0000] {processor.py:153} INFO - Started process (PID=212) to work on /home/airflow/.local/lib/python3.7/site-packages/airflow/example_dags/example_trigger_target_dag.py
[2022-12-06T05:49:17.842+0000] {processor.py:743} INFO - Processing file /home/airflow/.local/lib/python3.7/site-packages/airflow/example_dags/example_trigger_target_dag.py for tasks to queue
[2022-12-06T05:49:17.844+0000] {logging_mixin.py:137} INFO - [2022-12-06T05:49:17.844+0000] {dagbag.py:538} INFO - Filling up the DagBag from /home/airflow/.local/lib/python3.7/site-packages/airflow/example_dags/example_trigger_target_dag.py
[2022-12-06T05:49:17.966+0000] {processor.py:753} INFO - DAG(s) dict_keys(['example_trigger_target_dag']) retrieved from /home/airflow/.local/lib/python3.7/site-packages/airflow/example_dags/example_trigger_target_dag.py
[2022-12-06T05:49:18.875+0000] {logging_mixin.py:137} INFO - [2022-12-06T05:49:18.842+0000] {dag.py:2676} INFO - Sync 1 DAGs
[2022-12-06T05:49:19.521+0000] {logging_mixin.py:137} INFO - [2022-12-06T05:49:19.520+0000] {dag.py:3427} INFO - Setting next_dagrun for example_trigger_target_dag to None, run_after=None
[2022-12-06T05:49:19.601+0000] {processor.py:175} INFO - Processing /home/airflow/.local/lib/python3.7/site-packages/airflow/example_dags/example_trigger_target_dag.py took 1.777 seconds
[2022-12-06T05:49:53.197+0000] {processor.py:153} INFO - Started process (PID=285) to work on /home/airflow/.local/lib/python3.7/site-packages/airflow/example_dags/example_trigger_target_dag.py
[2022-12-06T05:49:53.200+0000] {processor.py:743} INFO - Processing file /home/airflow/.local/lib/python3.7/site-packages/airflow/example_dags/example_trigger_target_dag.py for tasks to queue
[2022-12-06T05:49:53.203+0000] {logging_mixin.py:137} INFO - [2022-12-06T05:49:53.203+0000] {dagbag.py:538} INFO - Filling up the DagBag from /home/airflow/.local/lib/python3.7/site-packages/airflow/example_dags/example_trigger_target_dag.py
[2022-12-06T05:49:53.260+0000] {processor.py:753} INFO - DAG(s) dict_keys(['example_trigger_target_dag']) retrieved from /home/airflow/.local/lib/python3.7/site-packages/airflow/example_dags/example_trigger_target_dag.py
[2022-12-06T05:49:53.343+0000] {logging_mixin.py:137} INFO - [2022-12-06T05:49:53.343+0000] {dag.py:2676} INFO - Sync 1 DAGs
[2022-12-06T05:49:53.407+0000] {logging_mixin.py:137} INFO - [2022-12-06T05:49:53.407+0000] {dag.py:3427} INFO - Setting next_dagrun for example_trigger_target_dag to None, run_after=None
[2022-12-06T05:49:53.454+0000] {processor.py:175} INFO - Processing /home/airflow/.local/lib/python3.7/site-packages/airflow/example_dags/example_trigger_target_dag.py took 0.262 seconds
[2022-12-06T05:50:36.014+0000] {processor.py:153} INFO - Started process (PID=379) to work on /home/airflow/.local/lib/python3.7/site-packages/airflow/example_dags/example_trigger_target_dag.py
[2022-12-06T05:50:36.017+0000] {processor.py:743} INFO - Processing file /home/airflow/.local/lib/python3.7/site-packages/airflow/example_dags/example_trigger_target_dag.py for tasks to queue
[2022-12-06T05:50:36.022+0000] {logging_mixin.py:137} INFO - [2022-12-06T05:50:36.021+0000] {dagbag.py:538} INFO - Filling up the DagBag from /home/airflow/.local/lib/python3.7/site-packages/airflow/example_dags/example_trigger_target_dag.py
[2022-12-06T05:50:36.074+0000] {processor.py:753} INFO - DAG(s) dict_keys(['example_trigger_target_dag']) retrieved from /home/airflow/.local/lib/python3.7/site-packages/airflow/example_dags/example_trigger_target_dag.py
[2022-12-06T05:50:36.193+0000] {logging_mixin.py:137} INFO - [2022-12-06T05:50:36.192+0000] {dag.py:2676} INFO - Sync 1 DAGs
[2022-12-06T05:50:36.238+0000] {logging_mixin.py:137} INFO - [2022-12-06T05:50:36.238+0000] {dag.py:3427} INFO - Setting next_dagrun for example_trigger_target_dag to None, run_after=None
[2022-12-06T05:50:36.275+0000] {processor.py:175} INFO - Processing /home/airflow/.local/lib/python3.7/site-packages/airflow/example_dags/example_trigger_target_dag.py took 0.270 seconds
[2022-12-06T05:51:26.923+0000] {processor.py:153} INFO - Started process (PID=455) to work on /home/airflow/.local/lib/python3.7/site-packages/airflow/example_dags/example_trigger_target_dag.py
[2022-12-06T05:51:26.926+0000] {processor.py:743} INFO - Processing file /home/airflow/.local/lib/python3.7/site-packages/airflow/example_dags/example_trigger_target_dag.py for tasks to queue
[2022-12-06T05:51:26.929+0000] {logging_mixin.py:137} INFO - [2022-12-06T05:51:26.928+0000] {dagbag.py:538} INFO - Filling up the DagBag from /home/airflow/.local/lib/python3.7/site-packages/airflow/example_dags/example_trigger_target_dag.py
[2022-12-06T05:51:26.967+0000] {processor.py:753} INFO - DAG(s) dict_keys(['example_trigger_target_dag']) retrieved from /home/airflow/.local/lib/python3.7/site-packages/airflow/example_dags/example_trigger_target_dag.py
[2022-12-06T05:51:27.039+0000] {logging_mixin.py:137} INFO - [2022-12-06T05:51:27.039+0000] {dag.py:2676} INFO - Sync 1 DAGs
[2022-12-06T05:51:27.107+0000] {logging_mixin.py:137} INFO - [2022-12-06T05:51:27.107+0000] {dag.py:3427} INFO - Setting next_dagrun for example_trigger_target_dag to None, run_after=None
[2022-12-06T05:51:27.178+0000] {processor.py:175} INFO - Processing /home/airflow/.local/lib/python3.7/site-packages/airflow/example_dags/example_trigger_target_dag.py took 0.262 seconds
[2022-12-06T05:52:17.488+0000] {processor.py:153} INFO - Started process (PID=521) to work on /home/airflow/.local/lib/python3.7/site-packages/airflow/example_dags/example_trigger_target_dag.py
[2022-12-06T05:52:17.493+0000] {processor.py:743} INFO - Processing file /home/airflow/.local/lib/python3.7/site-packages/airflow/example_dags/example_trigger_target_dag.py for tasks to queue
[2022-12-06T05:52:17.496+0000] {logging_mixin.py:137} INFO - [2022-12-06T05:52:17.496+0000] {dagbag.py:538} INFO - Filling up the DagBag from /home/airflow/.local/lib/python3.7/site-packages/airflow/example_dags/example_trigger_target_dag.py
[2022-12-06T05:52:17.547+0000] {processor.py:753} INFO - DAG(s) dict_keys(['example_trigger_target_dag']) retrieved from /home/airflow/.local/lib/python3.7/site-packages/airflow/example_dags/example_trigger_target_dag.py
[2022-12-06T05:52:17.631+0000] {logging_mixin.py:137} INFO - [2022-12-06T05:52:17.631+0000] {dag.py:2676} INFO - Sync 1 DAGs
[2022-12-06T05:52:17.683+0000] {logging_mixin.py:137} INFO - [2022-12-06T05:52:17.683+0000] {dag.py:3427} INFO - Setting next_dagrun for example_trigger_target_dag to None, run_after=None
[2022-12-06T05:52:17.725+0000] {processor.py:175} INFO - Processing /home/airflow/.local/lib/python3.7/site-packages/airflow/example_dags/example_trigger_target_dag.py took 0.243 seconds
[2022-12-06T05:53:03.268+0000] {processor.py:153} INFO - Started process (PID=604) to work on /home/airflow/.local/lib/python3.7/site-packages/airflow/example_dags/example_trigger_target_dag.py
[2022-12-06T05:53:03.271+0000] {processor.py:743} INFO - Processing file /home/airflow/.local/lib/python3.7/site-packages/airflow/example_dags/example_trigger_target_dag.py for tasks to queue
[2022-12-06T05:53:03.275+0000] {logging_mixin.py:137} INFO - [2022-12-06T05:53:03.275+0000] {dagbag.py:538} INFO - Filling up the DagBag from /home/airflow/.local/lib/python3.7/site-packages/airflow/example_dags/example_trigger_target_dag.py
[2022-12-06T05:53:03.324+0000] {processor.py:753} INFO - DAG(s) dict_keys(['example_trigger_target_dag']) retrieved from /home/airflow/.local/lib/python3.7/site-packages/airflow/example_dags/example_trigger_target_dag.py
[2022-12-06T05:53:03.416+0000] {logging_mixin.py:137} INFO - [2022-12-06T05:53:03.416+0000] {dag.py:2676} INFO - Sync 1 DAGs
[2022-12-06T05:53:03.481+0000] {logging_mixin.py:137} INFO - [2022-12-06T05:53:03.480+0000] {dag.py:3427} INFO - Setting next_dagrun for example_trigger_target_dag to None, run_after=None
[2022-12-06T05:53:03.521+0000] {processor.py:175} INFO - Processing /home/airflow/.local/lib/python3.7/site-packages/airflow/example_dags/example_trigger_target_dag.py took 0.270 seconds
[2022-12-06T05:53:44.646+0000] {processor.py:153} INFO - Started process (PID=671) to work on /home/airflow/.local/lib/python3.7/site-packages/airflow/example_dags/example_trigger_target_dag.py
[2022-12-06T05:53:44.648+0000] {processor.py:743} INFO - Processing file /home/airflow/.local/lib/python3.7/site-packages/airflow/example_dags/example_trigger_target_dag.py for tasks to queue
[2022-12-06T05:53:44.651+0000] {logging_mixin.py:137} INFO - [2022-12-06T05:53:44.651+0000] {dagbag.py:538} INFO - Filling up the DagBag from /home/airflow/.local/lib/python3.7/site-packages/airflow/example_dags/example_trigger_target_dag.py
[2022-12-06T05:53:44.692+0000] {processor.py:753} INFO - DAG(s) dict_keys(['example_trigger_target_dag']) retrieved from /home/airflow/.local/lib/python3.7/site-packages/airflow/example_dags/example_trigger_target_dag.py
[2022-12-06T05:53:44.756+0000] {logging_mixin.py:137} INFO - [2022-12-06T05:53:44.756+0000] {dag.py:2676} INFO - Sync 1 DAGs
[2022-12-06T05:53:44.809+0000] {logging_mixin.py:137} INFO - [2022-12-06T05:53:44.809+0000] {dag.py:3427} INFO - Setting next_dagrun for example_trigger_target_dag to None, run_after=None
[2022-12-06T05:53:44.846+0000] {processor.py:175} INFO - Processing /home/airflow/.local/lib/python3.7/site-packages/airflow/example_dags/example_trigger_target_dag.py took 0.206 seconds
[2022-12-06T05:54:26.306+0000] {processor.py:153} INFO - Started process (PID=754) to work on /home/airflow/.local/lib/python3.7/site-packages/airflow/example_dags/example_trigger_target_dag.py
[2022-12-06T05:54:26.309+0000] {processor.py:743} INFO - Processing file /home/airflow/.local/lib/python3.7/site-packages/airflow/example_dags/example_trigger_target_dag.py for tasks to queue
[2022-12-06T05:54:26.311+0000] {logging_mixin.py:137} INFO - [2022-12-06T05:54:26.311+0000] {dagbag.py:538} INFO - Filling up the DagBag from /home/airflow/.local/lib/python3.7/site-packages/airflow/example_dags/example_trigger_target_dag.py
[2022-12-06T05:54:26.383+0000] {processor.py:753} INFO - DAG(s) dict_keys(['example_trigger_target_dag']) retrieved from /home/airflow/.local/lib/python3.7/site-packages/airflow/example_dags/example_trigger_target_dag.py
[2022-12-06T05:54:26.454+0000] {logging_mixin.py:137} INFO - [2022-12-06T05:54:26.454+0000] {dag.py:2676} INFO - Sync 1 DAGs
[2022-12-06T05:54:26.506+0000] {logging_mixin.py:137} INFO - [2022-12-06T05:54:26.506+0000] {dag.py:3427} INFO - Setting next_dagrun for example_trigger_target_dag to None, run_after=None
[2022-12-06T05:54:26.576+0000] {processor.py:175} INFO - Processing /home/airflow/.local/lib/python3.7/site-packages/airflow/example_dags/example_trigger_target_dag.py took 0.279 seconds
[2022-12-06T05:54:57.426+0000] {processor.py:153} INFO - Started process (PID=822) to work on /home/airflow/.local/lib/python3.7/site-packages/airflow/example_dags/example_trigger_target_dag.py
[2022-12-06T05:54:57.428+0000] {processor.py:743} INFO - Processing file /home/airflow/.local/lib/python3.7/site-packages/airflow/example_dags/example_trigger_target_dag.py for tasks to queue
[2022-12-06T05:54:57.431+0000] {logging_mixin.py:137} INFO - [2022-12-06T05:54:57.431+0000] {dagbag.py:538} INFO - Filling up the DagBag from /home/airflow/.local/lib/python3.7/site-packages/airflow/example_dags/example_trigger_target_dag.py
[2022-12-06T05:54:57.479+0000] {processor.py:753} INFO - DAG(s) dict_keys(['example_trigger_target_dag']) retrieved from /home/airflow/.local/lib/python3.7/site-packages/airflow/example_dags/example_trigger_target_dag.py
[2022-12-06T05:54:57.562+0000] {logging_mixin.py:137} INFO - [2022-12-06T05:54:57.562+0000] {dag.py:2676} INFO - Sync 1 DAGs
[2022-12-06T05:54:57.602+0000] {logging_mixin.py:137} INFO - [2022-12-06T05:54:57.601+0000] {dag.py:3427} INFO - Setting next_dagrun for example_trigger_target_dag to None, run_after=None
[2022-12-06T05:54:57.637+0000] {processor.py:175} INFO - Processing /home/airflow/.local/lib/python3.7/site-packages/airflow/example_dags/example_trigger_target_dag.py took 0.216 seconds
[2022-12-06T05:55:41.870+0000] {processor.py:153} INFO - Started process (PID=892) to work on /home/airflow/.local/lib/python3.7/site-packages/airflow/example_dags/example_trigger_target_dag.py
[2022-12-06T05:55:41.872+0000] {processor.py:743} INFO - Processing file /home/airflow/.local/lib/python3.7/site-packages/airflow/example_dags/example_trigger_target_dag.py for tasks to queue
[2022-12-06T05:55:41.875+0000] {logging_mixin.py:137} INFO - [2022-12-06T05:55:41.874+0000] {dagbag.py:538} INFO - Filling up the DagBag from /home/airflow/.local/lib/python3.7/site-packages/airflow/example_dags/example_trigger_target_dag.py
[2022-12-06T05:55:41.910+0000] {processor.py:753} INFO - DAG(s) dict_keys(['example_trigger_target_dag']) retrieved from /home/airflow/.local/lib/python3.7/site-packages/airflow/example_dags/example_trigger_target_dag.py
[2022-12-06T05:55:41.981+0000] {logging_mixin.py:137} INFO - [2022-12-06T05:55:41.980+0000] {dag.py:2676} INFO - Sync 1 DAGs
[2022-12-06T05:55:42.023+0000] {logging_mixin.py:137} INFO - [2022-12-06T05:55:42.023+0000] {dag.py:3427} INFO - Setting next_dagrun for example_trigger_target_dag to None, run_after=None
[2022-12-06T05:55:42.064+0000] {processor.py:175} INFO - Processing /home/airflow/.local/lib/python3.7/site-packages/airflow/example_dags/example_trigger_target_dag.py took 0.199 seconds
[2022-12-06T05:56:33.147+0000] {processor.py:153} INFO - Started process (PID=959) to work on /home/airflow/.local/lib/python3.7/site-packages/airflow/example_dags/example_trigger_target_dag.py
[2022-12-06T05:56:33.150+0000] {processor.py:743} INFO - Processing file /home/airflow/.local/lib/python3.7/site-packages/airflow/example_dags/example_trigger_target_dag.py for tasks to queue
[2022-12-06T05:56:33.156+0000] {logging_mixin.py:137} INFO - [2022-12-06T05:56:33.153+0000] {dagbag.py:538} INFO - Filling up the DagBag from /home/airflow/.local/lib/python3.7/site-packages/airflow/example_dags/example_trigger_target_dag.py
[2022-12-06T05:56:33.202+0000] {processor.py:753} INFO - DAG(s) dict_keys(['example_trigger_target_dag']) retrieved from /home/airflow/.local/lib/python3.7/site-packages/airflow/example_dags/example_trigger_target_dag.py
[2022-12-06T05:56:33.274+0000] {logging_mixin.py:137} INFO - [2022-12-06T05:56:33.274+0000] {dag.py:2676} INFO - Sync 1 DAGs
[2022-12-06T05:56:33.326+0000] {logging_mixin.py:137} INFO - [2022-12-06T05:56:33.326+0000] {dag.py:3427} INFO - Setting next_dagrun for example_trigger_target_dag to None, run_after=None
[2022-12-06T05:56:33.355+0000] {processor.py:175} INFO - Processing /home/airflow/.local/lib/python3.7/site-packages/airflow/example_dags/example_trigger_target_dag.py took 0.219 seconds
[2022-12-06T05:57:18.965+0000] {processor.py:153} INFO - Started process (PID=1044) to work on /home/airflow/.local/lib/python3.7/site-packages/airflow/example_dags/example_trigger_target_dag.py
[2022-12-06T05:57:18.969+0000] {processor.py:743} INFO - Processing file /home/airflow/.local/lib/python3.7/site-packages/airflow/example_dags/example_trigger_target_dag.py for tasks to queue
[2022-12-06T05:57:18.974+0000] {logging_mixin.py:137} INFO - [2022-12-06T05:57:18.974+0000] {dagbag.py:538} INFO - Filling up the DagBag from /home/airflow/.local/lib/python3.7/site-packages/airflow/example_dags/example_trigger_target_dag.py
[2022-12-06T05:57:19.043+0000] {processor.py:753} INFO - DAG(s) dict_keys(['example_trigger_target_dag']) retrieved from /home/airflow/.local/lib/python3.7/site-packages/airflow/example_dags/example_trigger_target_dag.py
[2022-12-06T05:57:19.149+0000] {logging_mixin.py:137} INFO - [2022-12-06T05:57:19.149+0000] {dag.py:2676} INFO - Sync 1 DAGs
[2022-12-06T05:57:19.232+0000] {logging_mixin.py:137} INFO - [2022-12-06T05:57:19.232+0000] {dag.py:3427} INFO - Setting next_dagrun for example_trigger_target_dag to None, run_after=None
[2022-12-06T05:57:19.315+0000] {processor.py:175} INFO - Processing /home/airflow/.local/lib/python3.7/site-packages/airflow/example_dags/example_trigger_target_dag.py took 0.360 seconds
[2022-12-06T05:57:58.152+0000] {processor.py:153} INFO - Started process (PID=1112) to work on /home/airflow/.local/lib/python3.7/site-packages/airflow/example_dags/example_trigger_target_dag.py
[2022-12-06T05:57:58.155+0000] {processor.py:743} INFO - Processing file /home/airflow/.local/lib/python3.7/site-packages/airflow/example_dags/example_trigger_target_dag.py for tasks to queue
[2022-12-06T05:57:58.157+0000] {logging_mixin.py:137} INFO - [2022-12-06T05:57:58.157+0000] {dagbag.py:538} INFO - Filling up the DagBag from /home/airflow/.local/lib/python3.7/site-packages/airflow/example_dags/example_trigger_target_dag.py
[2022-12-06T05:57:58.205+0000] {processor.py:753} INFO - DAG(s) dict_keys(['example_trigger_target_dag']) retrieved from /home/airflow/.local/lib/python3.7/site-packages/airflow/example_dags/example_trigger_target_dag.py
[2022-12-06T05:57:58.281+0000] {logging_mixin.py:137} INFO - [2022-12-06T05:57:58.281+0000] {dag.py:2676} INFO - Sync 1 DAGs
[2022-12-06T05:57:58.331+0000] {logging_mixin.py:137} INFO - [2022-12-06T05:57:58.331+0000] {dag.py:3427} INFO - Setting next_dagrun for example_trigger_target_dag to None, run_after=None
[2022-12-06T05:57:58.369+0000] {processor.py:175} INFO - Processing /home/airflow/.local/lib/python3.7/site-packages/airflow/example_dags/example_trigger_target_dag.py took 0.223 seconds
[2022-12-06T05:58:38.075+0000] {processor.py:153} INFO - Started process (PID=1197) to work on /home/airflow/.local/lib/python3.7/site-packages/airflow/example_dags/example_trigger_target_dag.py
[2022-12-06T05:58:38.087+0000] {processor.py:743} INFO - Processing file /home/airflow/.local/lib/python3.7/site-packages/airflow/example_dags/example_trigger_target_dag.py for tasks to queue
[2022-12-06T05:58:38.102+0000] {logging_mixin.py:137} INFO - [2022-12-06T05:58:38.100+0000] {dagbag.py:538} INFO - Filling up the DagBag from /home/airflow/.local/lib/python3.7/site-packages/airflow/example_dags/example_trigger_target_dag.py
[2022-12-06T05:58:38.204+0000] {processor.py:753} INFO - DAG(s) dict_keys(['example_trigger_target_dag']) retrieved from /home/airflow/.local/lib/python3.7/site-packages/airflow/example_dags/example_trigger_target_dag.py
[2022-12-06T05:58:38.571+0000] {logging_mixin.py:137} INFO - [2022-12-06T05:58:38.568+0000] {dag.py:2676} INFO - Sync 1 DAGs
[2022-12-06T05:58:38.793+0000] {logging_mixin.py:137} INFO - [2022-12-06T05:58:38.792+0000] {dag.py:3427} INFO - Setting next_dagrun for example_trigger_target_dag to None, run_after=None
[2022-12-06T05:58:38.886+0000] {processor.py:175} INFO - Processing /home/airflow/.local/lib/python3.7/site-packages/airflow/example_dags/example_trigger_target_dag.py took 0.828 seconds
[2022-12-06T05:59:19.859+0000] {processor.py:153} INFO - Started process (PID=1265) to work on /home/airflow/.local/lib/python3.7/site-packages/airflow/example_dags/example_trigger_target_dag.py
[2022-12-06T05:59:19.863+0000] {processor.py:743} INFO - Processing file /home/airflow/.local/lib/python3.7/site-packages/airflow/example_dags/example_trigger_target_dag.py for tasks to queue
[2022-12-06T05:59:19.867+0000] {logging_mixin.py:137} INFO - [2022-12-06T05:59:19.866+0000] {dagbag.py:538} INFO - Filling up the DagBag from /home/airflow/.local/lib/python3.7/site-packages/airflow/example_dags/example_trigger_target_dag.py
[2022-12-06T05:59:19.961+0000] {processor.py:753} INFO - DAG(s) dict_keys(['example_trigger_target_dag']) retrieved from /home/airflow/.local/lib/python3.7/site-packages/airflow/example_dags/example_trigger_target_dag.py
[2022-12-06T05:59:20.045+0000] {logging_mixin.py:137} INFO - [2022-12-06T05:59:20.045+0000] {dag.py:2676} INFO - Sync 1 DAGs
[2022-12-06T05:59:20.100+0000] {logging_mixin.py:137} INFO - [2022-12-06T05:59:20.100+0000] {dag.py:3427} INFO - Setting next_dagrun for example_trigger_target_dag to None, run_after=None
[2022-12-06T05:59:20.136+0000] {processor.py:175} INFO - Processing /home/airflow/.local/lib/python3.7/site-packages/airflow/example_dags/example_trigger_target_dag.py took 0.287 seconds
[2022-12-06T05:59:58.164+0000] {processor.py:153} INFO - Started process (PID=1332) to work on /home/airflow/.local/lib/python3.7/site-packages/airflow/example_dags/example_trigger_target_dag.py
[2022-12-06T05:59:58.165+0000] {processor.py:743} INFO - Processing file /home/airflow/.local/lib/python3.7/site-packages/airflow/example_dags/example_trigger_target_dag.py for tasks to queue
[2022-12-06T05:59:58.167+0000] {logging_mixin.py:137} INFO - [2022-12-06T05:59:58.167+0000] {dagbag.py:538} INFO - Filling up the DagBag from /home/airflow/.local/lib/python3.7/site-packages/airflow/example_dags/example_trigger_target_dag.py
[2022-12-06T05:59:58.195+0000] {processor.py:753} INFO - DAG(s) dict_keys(['example_trigger_target_dag']) retrieved from /home/airflow/.local/lib/python3.7/site-packages/airflow/example_dags/example_trigger_target_dag.py
[2022-12-06T05:59:58.255+0000] {logging_mixin.py:137} INFO - [2022-12-06T05:59:58.255+0000] {dag.py:2676} INFO - Sync 1 DAGs
[2022-12-06T05:59:58.289+0000] {logging_mixin.py:137} INFO - [2022-12-06T05:59:58.289+0000] {dag.py:3427} INFO - Setting next_dagrun for example_trigger_target_dag to None, run_after=None
[2022-12-06T05:59:58.314+0000] {processor.py:175} INFO - Processing /home/airflow/.local/lib/python3.7/site-packages/airflow/example_dags/example_trigger_target_dag.py took 0.156 seconds
[2022-12-06T06:00:46.820+0000] {processor.py:153} INFO - Started process (PID=1416) to work on /home/airflow/.local/lib/python3.7/site-packages/airflow/example_dags/example_trigger_target_dag.py
[2022-12-06T06:00:46.824+0000] {processor.py:743} INFO - Processing file /home/airflow/.local/lib/python3.7/site-packages/airflow/example_dags/example_trigger_target_dag.py for tasks to queue
[2022-12-06T06:00:46.828+0000] {logging_mixin.py:137} INFO - [2022-12-06T06:00:46.827+0000] {dagbag.py:538} INFO - Filling up the DagBag from /home/airflow/.local/lib/python3.7/site-packages/airflow/example_dags/example_trigger_target_dag.py
[2022-12-06T06:00:46.898+0000] {processor.py:753} INFO - DAG(s) dict_keys(['example_trigger_target_dag']) retrieved from /home/airflow/.local/lib/python3.7/site-packages/airflow/example_dags/example_trigger_target_dag.py
[2022-12-06T06:00:46.976+0000] {logging_mixin.py:137} INFO - [2022-12-06T06:00:46.976+0000] {dag.py:2676} INFO - Sync 1 DAGs
[2022-12-06T06:00:47.026+0000] {logging_mixin.py:137} INFO - [2022-12-06T06:00:47.025+0000] {dag.py:3427} INFO - Setting next_dagrun for example_trigger_target_dag to None, run_after=None
[2022-12-06T06:00:47.061+0000] {processor.py:175} INFO - Processing /home/airflow/.local/lib/python3.7/site-packages/airflow/example_dags/example_trigger_target_dag.py took 0.247 seconds
[2022-12-06T06:01:17.408+0000] {processor.py:153} INFO - Started process (PID=1495) to work on /home/airflow/.local/lib/python3.7/site-packages/airflow/example_dags/example_trigger_target_dag.py
[2022-12-06T06:01:17.411+0000] {processor.py:743} INFO - Processing file /home/airflow/.local/lib/python3.7/site-packages/airflow/example_dags/example_trigger_target_dag.py for tasks to queue
[2022-12-06T06:01:17.413+0000] {logging_mixin.py:137} INFO - [2022-12-06T06:01:17.413+0000] {dagbag.py:538} INFO - Filling up the DagBag from /home/airflow/.local/lib/python3.7/site-packages/airflow/example_dags/example_trigger_target_dag.py
[2022-12-06T06:01:17.453+0000] {processor.py:753} INFO - DAG(s) dict_keys(['example_trigger_target_dag']) retrieved from /home/airflow/.local/lib/python3.7/site-packages/airflow/example_dags/example_trigger_target_dag.py
[2022-12-06T06:01:17.533+0000] {logging_mixin.py:137} INFO - [2022-12-06T06:01:17.532+0000] {dag.py:2676} INFO - Sync 1 DAGs
[2022-12-06T06:01:17.575+0000] {logging_mixin.py:137} INFO - [2022-12-06T06:01:17.575+0000] {dag.py:3427} INFO - Setting next_dagrun for example_trigger_target_dag to None, run_after=None
[2022-12-06T06:01:17.605+0000] {processor.py:175} INFO - Processing /home/airflow/.local/lib/python3.7/site-packages/airflow/example_dags/example_trigger_target_dag.py took 0.206 seconds
[2022-12-06T06:01:49.039+0000] {processor.py:153} INFO - Started process (PID=1567) to work on /home/airflow/.local/lib/python3.7/site-packages/airflow/example_dags/example_trigger_target_dag.py
[2022-12-06T06:01:49.041+0000] {processor.py:743} INFO - Processing file /home/airflow/.local/lib/python3.7/site-packages/airflow/example_dags/example_trigger_target_dag.py for tasks to queue
[2022-12-06T06:01:49.043+0000] {logging_mixin.py:137} INFO - [2022-12-06T06:01:49.043+0000] {dagbag.py:538} INFO - Filling up the DagBag from /home/airflow/.local/lib/python3.7/site-packages/airflow/example_dags/example_trigger_target_dag.py
[2022-12-06T06:01:49.086+0000] {processor.py:753} INFO - DAG(s) dict_keys(['example_trigger_target_dag']) retrieved from /home/airflow/.local/lib/python3.7/site-packages/airflow/example_dags/example_trigger_target_dag.py
[2022-12-06T06:01:49.186+0000] {logging_mixin.py:137} INFO - [2022-12-06T06:01:49.186+0000] {dag.py:2676} INFO - Sync 1 DAGs
[2022-12-06T06:01:49.239+0000] {logging_mixin.py:137} INFO - [2022-12-06T06:01:49.238+0000] {dag.py:3427} INFO - Setting next_dagrun for example_trigger_target_dag to None, run_after=None
[2022-12-06T06:01:49.285+0000] {processor.py:175} INFO - Processing /home/airflow/.local/lib/python3.7/site-packages/airflow/example_dags/example_trigger_target_dag.py took 0.252 seconds
[2022-12-06T06:02:25.551+0000] {processor.py:153} INFO - Started process (PID=1634) to work on /home/airflow/.local/lib/python3.7/site-packages/airflow/example_dags/example_trigger_target_dag.py
[2022-12-06T06:02:25.553+0000] {processor.py:743} INFO - Processing file /home/airflow/.local/lib/python3.7/site-packages/airflow/example_dags/example_trigger_target_dag.py for tasks to queue
[2022-12-06T06:02:25.555+0000] {logging_mixin.py:137} INFO - [2022-12-06T06:02:25.555+0000] {dagbag.py:538} INFO - Filling up the DagBag from /home/airflow/.local/lib/python3.7/site-packages/airflow/example_dags/example_trigger_target_dag.py
[2022-12-06T06:02:25.595+0000] {processor.py:753} INFO - DAG(s) dict_keys(['example_trigger_target_dag']) retrieved from /home/airflow/.local/lib/python3.7/site-packages/airflow/example_dags/example_trigger_target_dag.py
[2022-12-06T06:02:25.672+0000] {logging_mixin.py:137} INFO - [2022-12-06T06:02:25.672+0000] {dag.py:2676} INFO - Sync 1 DAGs
[2022-12-06T06:02:25.709+0000] {logging_mixin.py:137} INFO - [2022-12-06T06:02:25.709+0000] {dag.py:3427} INFO - Setting next_dagrun for example_trigger_target_dag to None, run_after=None
[2022-12-06T06:02:25.742+0000] {processor.py:175} INFO - Processing /home/airflow/.local/lib/python3.7/site-packages/airflow/example_dags/example_trigger_target_dag.py took 0.198 seconds
[2022-12-06T06:03:09.972+0000] {processor.py:153} INFO - Started process (PID=1704) to work on /home/airflow/.local/lib/python3.7/site-packages/airflow/example_dags/example_trigger_target_dag.py
[2022-12-06T06:03:09.976+0000] {processor.py:743} INFO - Processing file /home/airflow/.local/lib/python3.7/site-packages/airflow/example_dags/example_trigger_target_dag.py for tasks to queue
[2022-12-06T06:03:09.978+0000] {logging_mixin.py:137} INFO - [2022-12-06T06:03:09.977+0000] {dagbag.py:538} INFO - Filling up the DagBag from /home/airflow/.local/lib/python3.7/site-packages/airflow/example_dags/example_trigger_target_dag.py
[2022-12-06T06:03:10.020+0000] {processor.py:753} INFO - DAG(s) dict_keys(['example_trigger_target_dag']) retrieved from /home/airflow/.local/lib/python3.7/site-packages/airflow/example_dags/example_trigger_target_dag.py
[2022-12-06T06:03:10.112+0000] {logging_mixin.py:137} INFO - [2022-12-06T06:03:10.112+0000] {dag.py:2676} INFO - Sync 1 DAGs
[2022-12-06T06:03:10.162+0000] {logging_mixin.py:137} INFO - [2022-12-06T06:03:10.162+0000] {dag.py:3427} INFO - Setting next_dagrun for example_trigger_target_dag to None, run_after=None
[2022-12-06T06:03:10.197+0000] {processor.py:175} INFO - Processing /home/airflow/.local/lib/python3.7/site-packages/airflow/example_dags/example_trigger_target_dag.py took 0.231 seconds
[2022-12-06T06:04:06.059+0000] {processor.py:153} INFO - Started process (PID=1799) to work on /home/airflow/.local/lib/python3.7/site-packages/airflow/example_dags/example_trigger_target_dag.py
[2022-12-06T06:04:06.063+0000] {processor.py:743} INFO - Processing file /home/airflow/.local/lib/python3.7/site-packages/airflow/example_dags/example_trigger_target_dag.py for tasks to queue
[2022-12-06T06:04:06.067+0000] {logging_mixin.py:137} INFO - [2022-12-06T06:04:06.066+0000] {dagbag.py:538} INFO - Filling up the DagBag from /home/airflow/.local/lib/python3.7/site-packages/airflow/example_dags/example_trigger_target_dag.py
[2022-12-06T06:04:06.195+0000] {processor.py:753} INFO - DAG(s) dict_keys(['example_trigger_target_dag']) retrieved from /home/airflow/.local/lib/python3.7/site-packages/airflow/example_dags/example_trigger_target_dag.py
[2022-12-06T06:04:06.312+0000] {logging_mixin.py:137} INFO - [2022-12-06T06:04:06.311+0000] {dag.py:2676} INFO - Sync 1 DAGs
[2022-12-06T06:04:06.365+0000] {logging_mixin.py:137} INFO - [2022-12-06T06:04:06.364+0000] {dag.py:3427} INFO - Setting next_dagrun for example_trigger_target_dag to None, run_after=None
[2022-12-06T06:04:06.403+0000] {processor.py:175} INFO - Processing /home/airflow/.local/lib/python3.7/site-packages/airflow/example_dags/example_trigger_target_dag.py took 0.363 seconds
[2022-12-06T06:04:39.116+0000] {processor.py:153} INFO - Started process (PID=1867) to work on /home/airflow/.local/lib/python3.7/site-packages/airflow/example_dags/example_trigger_target_dag.py
[2022-12-06T06:04:39.118+0000] {processor.py:743} INFO - Processing file /home/airflow/.local/lib/python3.7/site-packages/airflow/example_dags/example_trigger_target_dag.py for tasks to queue
[2022-12-06T06:04:39.120+0000] {logging_mixin.py:137} INFO - [2022-12-06T06:04:39.120+0000] {dagbag.py:538} INFO - Filling up the DagBag from /home/airflow/.local/lib/python3.7/site-packages/airflow/example_dags/example_trigger_target_dag.py
[2022-12-06T06:04:39.160+0000] {processor.py:753} INFO - DAG(s) dict_keys(['example_trigger_target_dag']) retrieved from /home/airflow/.local/lib/python3.7/site-packages/airflow/example_dags/example_trigger_target_dag.py
[2022-12-06T06:04:39.222+0000] {logging_mixin.py:137} INFO - [2022-12-06T06:04:39.222+0000] {dag.py:2676} INFO - Sync 1 DAGs
[2022-12-06T06:04:39.265+0000] {logging_mixin.py:137} INFO - [2022-12-06T06:04:39.264+0000] {dag.py:3427} INFO - Setting next_dagrun for example_trigger_target_dag to None, run_after=None
[2022-12-06T06:04:39.297+0000] {processor.py:175} INFO - Processing /home/airflow/.local/lib/python3.7/site-packages/airflow/example_dags/example_trigger_target_dag.py took 0.189 seconds
[2022-12-06T06:05:19.852+0000] {processor.py:153} INFO - Started process (PID=1936) to work on /home/airflow/.local/lib/python3.7/site-packages/airflow/example_dags/example_trigger_target_dag.py
[2022-12-06T06:05:19.855+0000] {processor.py:743} INFO - Processing file /home/airflow/.local/lib/python3.7/site-packages/airflow/example_dags/example_trigger_target_dag.py for tasks to queue
[2022-12-06T06:05:19.857+0000] {logging_mixin.py:137} INFO - [2022-12-06T06:05:19.857+0000] {dagbag.py:538} INFO - Filling up the DagBag from /home/airflow/.local/lib/python3.7/site-packages/airflow/example_dags/example_trigger_target_dag.py
[2022-12-06T06:05:19.910+0000] {processor.py:753} INFO - DAG(s) dict_keys(['example_trigger_target_dag']) retrieved from /home/airflow/.local/lib/python3.7/site-packages/airflow/example_dags/example_trigger_target_dag.py
[2022-12-06T06:05:20.005+0000] {logging_mixin.py:137} INFO - [2022-12-06T06:05:20.005+0000] {dag.py:2676} INFO - Sync 1 DAGs
[2022-12-06T06:05:20.068+0000] {logging_mixin.py:137} INFO - [2022-12-06T06:05:20.068+0000] {dag.py:3427} INFO - Setting next_dagrun for example_trigger_target_dag to None, run_after=None
[2022-12-06T06:05:20.114+0000] {processor.py:175} INFO - Processing /home/airflow/.local/lib/python3.7/site-packages/airflow/example_dags/example_trigger_target_dag.py took 0.268 seconds
[2022-12-06T06:05:50.288+0000] {processor.py:153} INFO - Started process (PID=2004) to work on /home/airflow/.local/lib/python3.7/site-packages/airflow/example_dags/example_trigger_target_dag.py
[2022-12-06T06:05:50.290+0000] {processor.py:743} INFO - Processing file /home/airflow/.local/lib/python3.7/site-packages/airflow/example_dags/example_trigger_target_dag.py for tasks to queue
[2022-12-06T06:05:50.291+0000] {logging_mixin.py:137} INFO - [2022-12-06T06:05:50.291+0000] {dagbag.py:538} INFO - Filling up the DagBag from /home/airflow/.local/lib/python3.7/site-packages/airflow/example_dags/example_trigger_target_dag.py
[2022-12-06T06:05:50.317+0000] {processor.py:753} INFO - DAG(s) dict_keys(['example_trigger_target_dag']) retrieved from /home/airflow/.local/lib/python3.7/site-packages/airflow/example_dags/example_trigger_target_dag.py
[2022-12-06T06:05:50.364+0000] {logging_mixin.py:137} INFO - [2022-12-06T06:05:50.364+0000] {dag.py:2676} INFO - Sync 1 DAGs
[2022-12-06T06:05:50.391+0000] {logging_mixin.py:137} INFO - [2022-12-06T06:05:50.391+0000] {dag.py:3427} INFO - Setting next_dagrun for example_trigger_target_dag to None, run_after=None
[2022-12-06T06:05:50.417+0000] {processor.py:175} INFO - Processing /home/airflow/.local/lib/python3.7/site-packages/airflow/example_dags/example_trigger_target_dag.py took 0.133 seconds
[2022-12-06T06:06:29.055+0000] {processor.py:153} INFO - Started process (PID=2077) to work on /home/airflow/.local/lib/python3.7/site-packages/airflow/example_dags/example_trigger_target_dag.py
[2022-12-06T06:06:29.058+0000] {processor.py:743} INFO - Processing file /home/airflow/.local/lib/python3.7/site-packages/airflow/example_dags/example_trigger_target_dag.py for tasks to queue
[2022-12-06T06:06:29.060+0000] {logging_mixin.py:137} INFO - [2022-12-06T06:06:29.060+0000] {dagbag.py:538} INFO - Filling up the DagBag from /home/airflow/.local/lib/python3.7/site-packages/airflow/example_dags/example_trigger_target_dag.py
[2022-12-06T06:06:29.123+0000] {processor.py:753} INFO - DAG(s) dict_keys(['example_trigger_target_dag']) retrieved from /home/airflow/.local/lib/python3.7/site-packages/airflow/example_dags/example_trigger_target_dag.py
[2022-12-06T06:06:29.241+0000] {logging_mixin.py:137} INFO - [2022-12-06T06:06:29.240+0000] {dag.py:2676} INFO - Sync 1 DAGs
[2022-12-06T06:06:29.442+0000] {logging_mixin.py:137} INFO - [2022-12-06T06:06:29.441+0000] {dag.py:3427} INFO - Setting next_dagrun for example_trigger_target_dag to None, run_after=None
[2022-12-06T06:06:29.505+0000] {processor.py:175} INFO - Processing /home/airflow/.local/lib/python3.7/site-packages/airflow/example_dags/example_trigger_target_dag.py took 0.460 seconds
[2022-12-06T06:07:06.855+0000] {processor.py:153} INFO - Started process (PID=2153) to work on /home/airflow/.local/lib/python3.7/site-packages/airflow/example_dags/example_trigger_target_dag.py
[2022-12-06T06:07:06.857+0000] {processor.py:743} INFO - Processing file /home/airflow/.local/lib/python3.7/site-packages/airflow/example_dags/example_trigger_target_dag.py for tasks to queue
[2022-12-06T06:07:06.861+0000] {logging_mixin.py:137} INFO - [2022-12-06T06:07:06.861+0000] {dagbag.py:538} INFO - Filling up the DagBag from /home/airflow/.local/lib/python3.7/site-packages/airflow/example_dags/example_trigger_target_dag.py
[2022-12-06T06:07:06.922+0000] {processor.py:753} INFO - DAG(s) dict_keys(['example_trigger_target_dag']) retrieved from /home/airflow/.local/lib/python3.7/site-packages/airflow/example_dags/example_trigger_target_dag.py
[2022-12-06T06:07:07.015+0000] {logging_mixin.py:137} INFO - [2022-12-06T06:07:07.015+0000] {dag.py:2676} INFO - Sync 1 DAGs
[2022-12-06T06:07:07.087+0000] {logging_mixin.py:137} INFO - [2022-12-06T06:07:07.086+0000] {dag.py:3427} INFO - Setting next_dagrun for example_trigger_target_dag to None, run_after=None
[2022-12-06T06:07:07.156+0000] {processor.py:175} INFO - Processing /home/airflow/.local/lib/python3.7/site-packages/airflow/example_dags/example_trigger_target_dag.py took 0.310 seconds
[2022-12-06T06:07:46.477+0000] {processor.py:153} INFO - Started process (PID=2206) to work on /home/airflow/.local/lib/python3.7/site-packages/airflow/example_dags/example_trigger_target_dag.py
[2022-12-06T06:07:46.479+0000] {processor.py:743} INFO - Processing file /home/airflow/.local/lib/python3.7/site-packages/airflow/example_dags/example_trigger_target_dag.py for tasks to queue
[2022-12-06T06:07:46.481+0000] {logging_mixin.py:137} INFO - [2022-12-06T06:07:46.481+0000] {dagbag.py:538} INFO - Filling up the DagBag from /home/airflow/.local/lib/python3.7/site-packages/airflow/example_dags/example_trigger_target_dag.py
[2022-12-06T06:07:46.515+0000] {processor.py:753} INFO - DAG(s) dict_keys(['example_trigger_target_dag']) retrieved from /home/airflow/.local/lib/python3.7/site-packages/airflow/example_dags/example_trigger_target_dag.py
[2022-12-06T06:07:46.574+0000] {logging_mixin.py:137} INFO - [2022-12-06T06:07:46.574+0000] {dag.py:2676} INFO - Sync 1 DAGs
[2022-12-06T06:07:46.611+0000] {logging_mixin.py:137} INFO - [2022-12-06T06:07:46.610+0000] {dag.py:3427} INFO - Setting next_dagrun for example_trigger_target_dag to None, run_after=None
[2022-12-06T06:07:46.642+0000] {processor.py:175} INFO - Processing /home/airflow/.local/lib/python3.7/site-packages/airflow/example_dags/example_trigger_target_dag.py took 0.170 seconds
[2022-12-06T06:08:45.711+0000] {processor.py:153} INFO - Started process (PID=2288) to work on /home/airflow/.local/lib/python3.7/site-packages/airflow/example_dags/example_trigger_target_dag.py
[2022-12-06T06:08:45.713+0000] {processor.py:743} INFO - Processing file /home/airflow/.local/lib/python3.7/site-packages/airflow/example_dags/example_trigger_target_dag.py for tasks to queue
[2022-12-06T06:08:45.715+0000] {logging_mixin.py:137} INFO - [2022-12-06T06:08:45.715+0000] {dagbag.py:538} INFO - Filling up the DagBag from /home/airflow/.local/lib/python3.7/site-packages/airflow/example_dags/example_trigger_target_dag.py
[2022-12-06T06:08:45.753+0000] {processor.py:753} INFO - DAG(s) dict_keys(['example_trigger_target_dag']) retrieved from /home/airflow/.local/lib/python3.7/site-packages/airflow/example_dags/example_trigger_target_dag.py
[2022-12-06T06:08:45.821+0000] {logging_mixin.py:137} INFO - [2022-12-06T06:08:45.821+0000] {dag.py:2676} INFO - Sync 1 DAGs
[2022-12-06T06:08:45.862+0000] {logging_mixin.py:137} INFO - [2022-12-06T06:08:45.862+0000] {dag.py:3427} INFO - Setting next_dagrun for example_trigger_target_dag to None, run_after=None
[2022-12-06T06:08:45.927+0000] {processor.py:175} INFO - Processing /home/airflow/.local/lib/python3.7/site-packages/airflow/example_dags/example_trigger_target_dag.py took 0.221 seconds
[2022-12-06T06:09:16.831+0000] {processor.py:153} INFO - Started process (PID=2355) to work on /home/airflow/.local/lib/python3.7/site-packages/airflow/example_dags/example_trigger_target_dag.py
[2022-12-06T06:09:16.833+0000] {processor.py:743} INFO - Processing file /home/airflow/.local/lib/python3.7/site-packages/airflow/example_dags/example_trigger_target_dag.py for tasks to queue
[2022-12-06T06:09:16.835+0000] {logging_mixin.py:137} INFO - [2022-12-06T06:09:16.835+0000] {dagbag.py:538} INFO - Filling up the DagBag from /home/airflow/.local/lib/python3.7/site-packages/airflow/example_dags/example_trigger_target_dag.py
[2022-12-06T06:09:16.877+0000] {processor.py:753} INFO - DAG(s) dict_keys(['example_trigger_target_dag']) retrieved from /home/airflow/.local/lib/python3.7/site-packages/airflow/example_dags/example_trigger_target_dag.py
[2022-12-06T06:09:16.943+0000] {logging_mixin.py:137} INFO - [2022-12-06T06:09:16.942+0000] {dag.py:2676} INFO - Sync 1 DAGs
[2022-12-06T06:09:16.994+0000] {logging_mixin.py:137} INFO - [2022-12-06T06:09:16.994+0000] {dag.py:3427} INFO - Setting next_dagrun for example_trigger_target_dag to None, run_after=None
[2022-12-06T06:09:17.040+0000] {processor.py:175} INFO - Processing /home/airflow/.local/lib/python3.7/site-packages/airflow/example_dags/example_trigger_target_dag.py took 0.215 seconds
[2022-12-06T06:09:49.999+0000] {processor.py:153} INFO - Started process (PID=2422) to work on /home/airflow/.local/lib/python3.7/site-packages/airflow/example_dags/example_trigger_target_dag.py
[2022-12-06T06:09:50.001+0000] {processor.py:743} INFO - Processing file /home/airflow/.local/lib/python3.7/site-packages/airflow/example_dags/example_trigger_target_dag.py for tasks to queue
[2022-12-06T06:09:50.003+0000] {logging_mixin.py:137} INFO - [2022-12-06T06:09:50.003+0000] {dagbag.py:538} INFO - Filling up the DagBag from /home/airflow/.local/lib/python3.7/site-packages/airflow/example_dags/example_trigger_target_dag.py
[2022-12-06T06:09:50.042+0000] {processor.py:753} INFO - DAG(s) dict_keys(['example_trigger_target_dag']) retrieved from /home/airflow/.local/lib/python3.7/site-packages/airflow/example_dags/example_trigger_target_dag.py
[2022-12-06T06:09:50.119+0000] {logging_mixin.py:137} INFO - [2022-12-06T06:09:50.119+0000] {dag.py:2676} INFO - Sync 1 DAGs
[2022-12-06T06:09:50.159+0000] {logging_mixin.py:137} INFO - [2022-12-06T06:09:50.159+0000] {dag.py:3427} INFO - Setting next_dagrun for example_trigger_target_dag to None, run_after=None
[2022-12-06T06:09:50.188+0000] {processor.py:175} INFO - Processing /home/airflow/.local/lib/python3.7/site-packages/airflow/example_dags/example_trigger_target_dag.py took 0.196 seconds
[2022-12-06T06:10:39.882+0000] {processor.py:153} INFO - Started process (PID=2506) to work on /home/airflow/.local/lib/python3.7/site-packages/airflow/example_dags/example_trigger_target_dag.py
[2022-12-06T06:10:39.885+0000] {processor.py:743} INFO - Processing file /home/airflow/.local/lib/python3.7/site-packages/airflow/example_dags/example_trigger_target_dag.py for tasks to queue
[2022-12-06T06:10:39.888+0000] {logging_mixin.py:137} INFO - [2022-12-06T06:10:39.888+0000] {dagbag.py:538} INFO - Filling up the DagBag from /home/airflow/.local/lib/python3.7/site-packages/airflow/example_dags/example_trigger_target_dag.py
[2022-12-06T06:10:39.932+0000] {processor.py:753} INFO - DAG(s) dict_keys(['example_trigger_target_dag']) retrieved from /home/airflow/.local/lib/python3.7/site-packages/airflow/example_dags/example_trigger_target_dag.py
[2022-12-06T06:10:40.010+0000] {logging_mixin.py:137} INFO - [2022-12-06T06:10:40.010+0000] {dag.py:2676} INFO - Sync 1 DAGs
[2022-12-06T06:10:40.052+0000] {logging_mixin.py:137} INFO - [2022-12-06T06:10:40.052+0000] {dag.py:3427} INFO - Setting next_dagrun for example_trigger_target_dag to None, run_after=None
[2022-12-06T06:10:40.088+0000] {processor.py:175} INFO - Processing /home/airflow/.local/lib/python3.7/site-packages/airflow/example_dags/example_trigger_target_dag.py took 0.214 seconds
[2022-12-06T06:11:19.120+0000] {processor.py:153} INFO - Started process (PID=2574) to work on /home/airflow/.local/lib/python3.7/site-packages/airflow/example_dags/example_trigger_target_dag.py
[2022-12-06T06:11:19.129+0000] {processor.py:743} INFO - Processing file /home/airflow/.local/lib/python3.7/site-packages/airflow/example_dags/example_trigger_target_dag.py for tasks to queue
[2022-12-06T06:11:19.134+0000] {logging_mixin.py:137} INFO - [2022-12-06T06:11:19.133+0000] {dagbag.py:538} INFO - Filling up the DagBag from /home/airflow/.local/lib/python3.7/site-packages/airflow/example_dags/example_trigger_target_dag.py
[2022-12-06T06:11:19.196+0000] {processor.py:753} INFO - DAG(s) dict_keys(['example_trigger_target_dag']) retrieved from /home/airflow/.local/lib/python3.7/site-packages/airflow/example_dags/example_trigger_target_dag.py
[2022-12-06T06:11:19.276+0000] {logging_mixin.py:137} INFO - [2022-12-06T06:11:19.276+0000] {dag.py:2676} INFO - Sync 1 DAGs
[2022-12-06T06:11:19.326+0000] {logging_mixin.py:137} INFO - [2022-12-06T06:11:19.326+0000] {dag.py:3427} INFO - Setting next_dagrun for example_trigger_target_dag to None, run_after=None
[2022-12-06T06:11:19.355+0000] {processor.py:175} INFO - Processing /home/airflow/.local/lib/python3.7/site-packages/airflow/example_dags/example_trigger_target_dag.py took 0.241 seconds
