[2022-12-06T05:24:30.759+0000] {processor.py:153} INFO - Started process (PID=62) to work on /home/airflow/.local/lib/python3.7/site-packages/airflow/example_dags/example_bash_operator.py
[2022-12-06T05:24:30.761+0000] {processor.py:743} INFO - Processing file /home/airflow/.local/lib/python3.7/site-packages/airflow/example_dags/example_bash_operator.py for tasks to queue
[2022-12-06T05:24:30.763+0000] {logging_mixin.py:137} INFO - [2022-12-06T05:24:30.763+0000] {dagbag.py:538} INFO - Filling up the DagBag from /home/airflow/.local/lib/python3.7/site-packages/airflow/example_dags/example_bash_operator.py
[2022-12-06T05:24:30.837+0000] {processor.py:753} INFO - DAG(s) dict_keys(['example_bash_operator']) retrieved from /home/airflow/.local/lib/python3.7/site-packages/airflow/example_dags/example_bash_operator.py
[2022-12-06T05:24:31.070+0000] {logging_mixin.py:137} INFO - [2022-12-06T05:24:31.070+0000] {dag.py:2676} INFO - Sync 1 DAGs
[2022-12-06T05:24:31.184+0000] {logging_mixin.py:137} INFO - [2022-12-06T05:24:31.184+0000] {dag.py:3427} INFO - Setting next_dagrun for example_bash_operator to 2022-12-05T00:00:00+00:00, run_after=2022-12-06T00:00:00+00:00
[2022-12-06T05:24:31.259+0000] {processor.py:175} INFO - Processing /home/airflow/.local/lib/python3.7/site-packages/airflow/example_dags/example_bash_operator.py took 0.505 seconds
[2022-12-06T05:26:10.249+0000] {processor.py:153} INFO - Started process (PID=168) to work on /home/airflow/.local/lib/python3.7/site-packages/airflow/example_dags/example_bash_operator.py
[2022-12-06T05:26:10.253+0000] {processor.py:743} INFO - Processing file /home/airflow/.local/lib/python3.7/site-packages/airflow/example_dags/example_bash_operator.py for tasks to queue
[2022-12-06T05:26:10.257+0000] {logging_mixin.py:137} INFO - [2022-12-06T05:26:10.256+0000] {dagbag.py:538} INFO - Filling up the DagBag from /home/airflow/.local/lib/python3.7/site-packages/airflow/example_dags/example_bash_operator.py
[2022-12-06T05:26:10.399+0000] {processor.py:753} INFO - DAG(s) dict_keys(['example_bash_operator']) retrieved from /home/airflow/.local/lib/python3.7/site-packages/airflow/example_dags/example_bash_operator.py
[2022-12-06T05:26:10.525+0000] {logging_mixin.py:137} INFO - [2022-12-06T05:26:10.525+0000] {dag.py:2676} INFO - Sync 1 DAGs
[2022-12-06T05:26:10.596+0000] {logging_mixin.py:137} INFO - [2022-12-06T05:26:10.596+0000] {dag.py:3427} INFO - Setting next_dagrun for example_bash_operator to 2022-12-05T00:00:00+00:00, run_after=2022-12-06T00:00:00+00:00
[2022-12-06T05:26:10.635+0000] {processor.py:175} INFO - Processing /home/airflow/.local/lib/python3.7/site-packages/airflow/example_dags/example_bash_operator.py took 0.395 seconds
[2022-12-06T05:27:06.415+0000] {processor.py:153} INFO - Started process (PID=258) to work on /home/airflow/.local/lib/python3.7/site-packages/airflow/example_dags/example_bash_operator.py
[2022-12-06T05:27:06.418+0000] {processor.py:743} INFO - Processing file /home/airflow/.local/lib/python3.7/site-packages/airflow/example_dags/example_bash_operator.py for tasks to queue
[2022-12-06T05:27:06.420+0000] {logging_mixin.py:137} INFO - [2022-12-06T05:27:06.420+0000] {dagbag.py:538} INFO - Filling up the DagBag from /home/airflow/.local/lib/python3.7/site-packages/airflow/example_dags/example_bash_operator.py
[2022-12-06T05:27:06.489+0000] {processor.py:753} INFO - DAG(s) dict_keys(['example_bash_operator']) retrieved from /home/airflow/.local/lib/python3.7/site-packages/airflow/example_dags/example_bash_operator.py
[2022-12-06T05:27:06.608+0000] {logging_mixin.py:137} INFO - [2022-12-06T05:27:06.607+0000] {dag.py:2676} INFO - Sync 1 DAGs
[2022-12-06T05:27:06.665+0000] {logging_mixin.py:137} INFO - [2022-12-06T05:27:06.664+0000] {dag.py:3427} INFO - Setting next_dagrun for example_bash_operator to 2022-12-05T00:00:00+00:00, run_after=2022-12-06T00:00:00+00:00
[2022-12-06T05:27:06.709+0000] {processor.py:175} INFO - Processing /home/airflow/.local/lib/python3.7/site-packages/airflow/example_dags/example_bash_operator.py took 0.299 seconds
[2022-12-06T05:27:36.941+0000] {processor.py:153} INFO - Started process (PID=326) to work on /home/airflow/.local/lib/python3.7/site-packages/airflow/example_dags/example_bash_operator.py
[2022-12-06T05:27:36.945+0000] {processor.py:743} INFO - Processing file /home/airflow/.local/lib/python3.7/site-packages/airflow/example_dags/example_bash_operator.py for tasks to queue
[2022-12-06T05:27:36.947+0000] {logging_mixin.py:137} INFO - [2022-12-06T05:27:36.947+0000] {dagbag.py:538} INFO - Filling up the DagBag from /home/airflow/.local/lib/python3.7/site-packages/airflow/example_dags/example_bash_operator.py
[2022-12-06T05:27:36.990+0000] {processor.py:753} INFO - DAG(s) dict_keys(['example_bash_operator']) retrieved from /home/airflow/.local/lib/python3.7/site-packages/airflow/example_dags/example_bash_operator.py
[2022-12-06T05:27:37.082+0000] {logging_mixin.py:137} INFO - [2022-12-06T05:27:37.082+0000] {dag.py:2676} INFO - Sync 1 DAGs
[2022-12-06T05:27:37.124+0000] {logging_mixin.py:137} INFO - [2022-12-06T05:27:37.124+0000] {dag.py:3427} INFO - Setting next_dagrun for example_bash_operator to 2022-12-05T00:00:00+00:00, run_after=2022-12-06T00:00:00+00:00
[2022-12-06T05:27:37.159+0000] {processor.py:175} INFO - Processing /home/airflow/.local/lib/python3.7/site-packages/airflow/example_dags/example_bash_operator.py took 0.225 seconds
[2022-12-06T05:28:07.706+0000] {processor.py:153} INFO - Started process (PID=393) to work on /home/airflow/.local/lib/python3.7/site-packages/airflow/example_dags/example_bash_operator.py
[2022-12-06T05:28:07.713+0000] {processor.py:743} INFO - Processing file /home/airflow/.local/lib/python3.7/site-packages/airflow/example_dags/example_bash_operator.py for tasks to queue
[2022-12-06T05:28:07.718+0000] {logging_mixin.py:137} INFO - [2022-12-06T05:28:07.718+0000] {dagbag.py:538} INFO - Filling up the DagBag from /home/airflow/.local/lib/python3.7/site-packages/airflow/example_dags/example_bash_operator.py
[2022-12-06T05:28:07.777+0000] {processor.py:753} INFO - DAG(s) dict_keys(['example_bash_operator']) retrieved from /home/airflow/.local/lib/python3.7/site-packages/airflow/example_dags/example_bash_operator.py
[2022-12-06T05:28:07.895+0000] {logging_mixin.py:137} INFO - [2022-12-06T05:28:07.895+0000] {dag.py:2676} INFO - Sync 1 DAGs
[2022-12-06T05:28:07.966+0000] {logging_mixin.py:137} INFO - [2022-12-06T05:28:07.966+0000] {dag.py:3427} INFO - Setting next_dagrun for example_bash_operator to 2022-12-05T00:00:00+00:00, run_after=2022-12-06T00:00:00+00:00
[2022-12-06T05:28:08.048+0000] {processor.py:175} INFO - Processing /home/airflow/.local/lib/python3.7/site-packages/airflow/example_dags/example_bash_operator.py took 0.351 seconds
[2022-12-06T05:28:40.913+0000] {processor.py:153} INFO - Started process (PID=460) to work on /home/airflow/.local/lib/python3.7/site-packages/airflow/example_dags/example_bash_operator.py
[2022-12-06T05:28:40.916+0000] {processor.py:743} INFO - Processing file /home/airflow/.local/lib/python3.7/site-packages/airflow/example_dags/example_bash_operator.py for tasks to queue
[2022-12-06T05:28:40.921+0000] {logging_mixin.py:137} INFO - [2022-12-06T05:28:40.920+0000] {dagbag.py:538} INFO - Filling up the DagBag from /home/airflow/.local/lib/python3.7/site-packages/airflow/example_dags/example_bash_operator.py
[2022-12-06T05:28:41.005+0000] {processor.py:753} INFO - DAG(s) dict_keys(['example_bash_operator']) retrieved from /home/airflow/.local/lib/python3.7/site-packages/airflow/example_dags/example_bash_operator.py
[2022-12-06T05:28:41.153+0000] {logging_mixin.py:137} INFO - [2022-12-06T05:28:41.153+0000] {dag.py:2676} INFO - Sync 1 DAGs
[2022-12-06T05:28:41.223+0000] {logging_mixin.py:137} INFO - [2022-12-06T05:28:41.223+0000] {dag.py:3427} INFO - Setting next_dagrun for example_bash_operator to 2022-12-05T00:00:00+00:00, run_after=2022-12-06T00:00:00+00:00
[2022-12-06T05:28:41.267+0000] {processor.py:175} INFO - Processing /home/airflow/.local/lib/python3.7/site-packages/airflow/example_dags/example_bash_operator.py took 0.376 seconds
[2022-12-06T05:29:11.942+0000] {processor.py:153} INFO - Started process (PID=526) to work on /home/airflow/.local/lib/python3.7/site-packages/airflow/example_dags/example_bash_operator.py
[2022-12-06T05:29:11.955+0000] {processor.py:743} INFO - Processing file /home/airflow/.local/lib/python3.7/site-packages/airflow/example_dags/example_bash_operator.py for tasks to queue
[2022-12-06T05:29:11.959+0000] {logging_mixin.py:137} INFO - [2022-12-06T05:29:11.958+0000] {dagbag.py:538} INFO - Filling up the DagBag from /home/airflow/.local/lib/python3.7/site-packages/airflow/example_dags/example_bash_operator.py
[2022-12-06T05:29:12.002+0000] {processor.py:753} INFO - DAG(s) dict_keys(['example_bash_operator']) retrieved from /home/airflow/.local/lib/python3.7/site-packages/airflow/example_dags/example_bash_operator.py
[2022-12-06T05:29:12.114+0000] {logging_mixin.py:137} INFO - [2022-12-06T05:29:12.114+0000] {dag.py:2676} INFO - Sync 1 DAGs
[2022-12-06T05:29:12.182+0000] {logging_mixin.py:137} INFO - [2022-12-06T05:29:12.182+0000] {dag.py:3427} INFO - Setting next_dagrun for example_bash_operator to 2022-12-05T00:00:00+00:00, run_after=2022-12-06T00:00:00+00:00
[2022-12-06T05:29:12.237+0000] {processor.py:175} INFO - Processing /home/airflow/.local/lib/python3.7/site-packages/airflow/example_dags/example_bash_operator.py took 0.301 seconds
[2022-12-06T05:30:18.409+0000] {processor.py:153} INFO - Started process (PID=589) to work on /home/airflow/.local/lib/python3.7/site-packages/airflow/example_dags/example_bash_operator.py
[2022-12-06T05:30:18.417+0000] {processor.py:743} INFO - Processing file /home/airflow/.local/lib/python3.7/site-packages/airflow/example_dags/example_bash_operator.py for tasks to queue
[2022-12-06T05:30:18.420+0000] {logging_mixin.py:137} INFO - [2022-12-06T05:30:18.420+0000] {dagbag.py:538} INFO - Filling up the DagBag from /home/airflow/.local/lib/python3.7/site-packages/airflow/example_dags/example_bash_operator.py
[2022-12-06T05:30:18.485+0000] {processor.py:753} INFO - DAG(s) dict_keys(['example_bash_operator']) retrieved from /home/airflow/.local/lib/python3.7/site-packages/airflow/example_dags/example_bash_operator.py
[2022-12-06T05:30:18.592+0000] {logging_mixin.py:137} INFO - [2022-12-06T05:30:18.592+0000] {dag.py:2676} INFO - Sync 1 DAGs
[2022-12-06T05:30:18.645+0000] {logging_mixin.py:137} INFO - [2022-12-06T05:30:18.645+0000] {dag.py:3427} INFO - Setting next_dagrun for example_bash_operator to 2022-12-05T00:00:00+00:00, run_after=2022-12-06T00:00:00+00:00
[2022-12-06T05:30:18.690+0000] {processor.py:175} INFO - Processing /home/airflow/.local/lib/python3.7/site-packages/airflow/example_dags/example_bash_operator.py took 0.286 seconds
[2022-12-06T05:31:04.409+0000] {processor.py:153} INFO - Started process (PID=665) to work on /home/airflow/.local/lib/python3.7/site-packages/airflow/example_dags/example_bash_operator.py
[2022-12-06T05:31:04.414+0000] {processor.py:743} INFO - Processing file /home/airflow/.local/lib/python3.7/site-packages/airflow/example_dags/example_bash_operator.py for tasks to queue
[2022-12-06T05:31:04.417+0000] {logging_mixin.py:137} INFO - [2022-12-06T05:31:04.416+0000] {dagbag.py:538} INFO - Filling up the DagBag from /home/airflow/.local/lib/python3.7/site-packages/airflow/example_dags/example_bash_operator.py
[2022-12-06T05:31:04.546+0000] {processor.py:753} INFO - DAG(s) dict_keys(['example_bash_operator']) retrieved from /home/airflow/.local/lib/python3.7/site-packages/airflow/example_dags/example_bash_operator.py
[2022-12-06T05:31:04.882+0000] {logging_mixin.py:137} INFO - [2022-12-06T05:31:04.882+0000] {dag.py:2676} INFO - Sync 1 DAGs
[2022-12-06T05:31:04.937+0000] {logging_mixin.py:137} INFO - [2022-12-06T05:31:04.936+0000] {dag.py:3427} INFO - Setting next_dagrun for example_bash_operator to 2022-12-05T00:00:00+00:00, run_after=2022-12-06T00:00:00+00:00
[2022-12-06T05:31:05.042+0000] {processor.py:175} INFO - Processing /home/airflow/.local/lib/python3.7/site-packages/airflow/example_dags/example_bash_operator.py took 0.640 seconds
[2022-12-06T05:32:02.358+0000] {processor.py:153} INFO - Started process (PID=739) to work on /home/airflow/.local/lib/python3.7/site-packages/airflow/example_dags/example_bash_operator.py
[2022-12-06T05:32:02.379+0000] {processor.py:743} INFO - Processing file /home/airflow/.local/lib/python3.7/site-packages/airflow/example_dags/example_bash_operator.py for tasks to queue
[2022-12-06T05:32:02.384+0000] {logging_mixin.py:137} INFO - [2022-12-06T05:32:02.383+0000] {dagbag.py:538} INFO - Filling up the DagBag from /home/airflow/.local/lib/python3.7/site-packages/airflow/example_dags/example_bash_operator.py
[2022-12-06T05:32:02.507+0000] {processor.py:753} INFO - DAG(s) dict_keys(['example_bash_operator']) retrieved from /home/airflow/.local/lib/python3.7/site-packages/airflow/example_dags/example_bash_operator.py
[2022-12-06T05:32:02.579+0000] {logging_mixin.py:137} INFO - [2022-12-06T05:32:02.579+0000] {dag.py:2676} INFO - Sync 1 DAGs
[2022-12-06T05:32:02.633+0000] {logging_mixin.py:137} INFO - [2022-12-06T05:32:02.633+0000] {dag.py:3427} INFO - Setting next_dagrun for example_bash_operator to 2022-12-05T00:00:00+00:00, run_after=2022-12-06T00:00:00+00:00
[2022-12-06T05:32:02.711+0000] {processor.py:175} INFO - Processing /home/airflow/.local/lib/python3.7/site-packages/airflow/example_dags/example_bash_operator.py took 0.372 seconds
[2022-12-06T05:47:26.584+0000] {processor.py:153} INFO - Started process (PID=64) to work on /home/airflow/.local/lib/python3.7/site-packages/airflow/example_dags/example_bash_operator.py
[2022-12-06T05:47:26.592+0000] {processor.py:743} INFO - Processing file /home/airflow/.local/lib/python3.7/site-packages/airflow/example_dags/example_bash_operator.py for tasks to queue
[2022-12-06T05:47:26.604+0000] {logging_mixin.py:137} INFO - [2022-12-06T05:47:26.603+0000] {dagbag.py:538} INFO - Filling up the DagBag from /home/airflow/.local/lib/python3.7/site-packages/airflow/example_dags/example_bash_operator.py
[2022-12-06T05:47:26.662+0000] {processor.py:753} INFO - DAG(s) dict_keys(['example_bash_operator']) retrieved from /home/airflow/.local/lib/python3.7/site-packages/airflow/example_dags/example_bash_operator.py
[2022-12-06T05:47:26.963+0000] {logging_mixin.py:137} INFO - [2022-12-06T05:47:26.963+0000] {dag.py:2676} INFO - Sync 1 DAGs
[2022-12-06T05:47:27.017+0000] {logging_mixin.py:137} INFO - [2022-12-06T05:47:27.017+0000] {dag.py:3427} INFO - Setting next_dagrun for example_bash_operator to 2022-12-05T00:00:00+00:00, run_after=2022-12-06T00:00:00+00:00
[2022-12-06T05:47:27.102+0000] {processor.py:175} INFO - Processing /home/airflow/.local/lib/python3.7/site-packages/airflow/example_dags/example_bash_operator.py took 0.523 seconds
[2022-12-06T05:48:40.028+0000] {processor.py:153} INFO - Started process (PID=154) to work on /home/airflow/.local/lib/python3.7/site-packages/airflow/example_dags/example_bash_operator.py
[2022-12-06T05:48:40.031+0000] {processor.py:743} INFO - Processing file /home/airflow/.local/lib/python3.7/site-packages/airflow/example_dags/example_bash_operator.py for tasks to queue
[2022-12-06T05:48:40.036+0000] {logging_mixin.py:137} INFO - [2022-12-06T05:48:40.035+0000] {dagbag.py:538} INFO - Filling up the DagBag from /home/airflow/.local/lib/python3.7/site-packages/airflow/example_dags/example_bash_operator.py
[2022-12-06T05:48:40.109+0000] {processor.py:753} INFO - DAG(s) dict_keys(['example_bash_operator']) retrieved from /home/airflow/.local/lib/python3.7/site-packages/airflow/example_dags/example_bash_operator.py
[2022-12-06T05:48:40.303+0000] {logging_mixin.py:137} INFO - [2022-12-06T05:48:40.302+0000] {dag.py:2676} INFO - Sync 1 DAGs
[2022-12-06T05:48:40.593+0000] {logging_mixin.py:137} INFO - [2022-12-06T05:48:40.592+0000] {dag.py:3427} INFO - Setting next_dagrun for example_bash_operator to 2022-12-05T00:00:00+00:00, run_after=2022-12-06T00:00:00+00:00
[2022-12-06T05:48:40.666+0000] {processor.py:175} INFO - Processing /home/airflow/.local/lib/python3.7/site-packages/airflow/example_dags/example_bash_operator.py took 0.646 seconds
[2022-12-06T05:49:22.312+0000] {processor.py:153} INFO - Started process (PID=226) to work on /home/airflow/.local/lib/python3.7/site-packages/airflow/example_dags/example_bash_operator.py
[2022-12-06T05:49:22.323+0000] {processor.py:743} INFO - Processing file /home/airflow/.local/lib/python3.7/site-packages/airflow/example_dags/example_bash_operator.py for tasks to queue
[2022-12-06T05:49:22.332+0000] {logging_mixin.py:137} INFO - [2022-12-06T05:49:22.330+0000] {dagbag.py:538} INFO - Filling up the DagBag from /home/airflow/.local/lib/python3.7/site-packages/airflow/example_dags/example_bash_operator.py
[2022-12-06T05:49:22.484+0000] {processor.py:753} INFO - DAG(s) dict_keys(['example_bash_operator']) retrieved from /home/airflow/.local/lib/python3.7/site-packages/airflow/example_dags/example_bash_operator.py
[2022-12-06T05:49:22.678+0000] {logging_mixin.py:137} INFO - [2022-12-06T05:49:22.677+0000] {dag.py:2676} INFO - Sync 1 DAGs
[2022-12-06T05:49:22.737+0000] {logging_mixin.py:137} INFO - [2022-12-06T05:49:22.737+0000] {dag.py:3427} INFO - Setting next_dagrun for example_bash_operator to 2022-12-05T00:00:00+00:00, run_after=2022-12-06T00:00:00+00:00
[2022-12-06T05:49:22.794+0000] {processor.py:175} INFO - Processing /home/airflow/.local/lib/python3.7/site-packages/airflow/example_dags/example_bash_operator.py took 0.509 seconds
[2022-12-06T05:49:55.329+0000] {processor.py:153} INFO - Started process (PID=302) to work on /home/airflow/.local/lib/python3.7/site-packages/airflow/example_dags/example_bash_operator.py
[2022-12-06T05:49:55.332+0000] {processor.py:743} INFO - Processing file /home/airflow/.local/lib/python3.7/site-packages/airflow/example_dags/example_bash_operator.py for tasks to queue
[2022-12-06T05:49:55.334+0000] {logging_mixin.py:137} INFO - [2022-12-06T05:49:55.334+0000] {dagbag.py:538} INFO - Filling up the DagBag from /home/airflow/.local/lib/python3.7/site-packages/airflow/example_dags/example_bash_operator.py
[2022-12-06T05:49:55.390+0000] {processor.py:753} INFO - DAG(s) dict_keys(['example_bash_operator']) retrieved from /home/airflow/.local/lib/python3.7/site-packages/airflow/example_dags/example_bash_operator.py
[2022-12-06T05:49:55.499+0000] {logging_mixin.py:137} INFO - [2022-12-06T05:49:55.498+0000] {dag.py:2676} INFO - Sync 1 DAGs
[2022-12-06T05:49:55.549+0000] {logging_mixin.py:137} INFO - [2022-12-06T05:49:55.549+0000] {dag.py:3427} INFO - Setting next_dagrun for example_bash_operator to 2022-12-05T00:00:00+00:00, run_after=2022-12-06T00:00:00+00:00
[2022-12-06T05:49:55.587+0000] {processor.py:175} INFO - Processing /home/airflow/.local/lib/python3.7/site-packages/airflow/example_dags/example_bash_operator.py took 0.264 seconds
[2022-12-06T05:50:33.413+0000] {processor.py:153} INFO - Started process (PID=362) to work on /home/airflow/.local/lib/python3.7/site-packages/airflow/example_dags/example_bash_operator.py
[2022-12-06T05:50:33.419+0000] {processor.py:743} INFO - Processing file /home/airflow/.local/lib/python3.7/site-packages/airflow/example_dags/example_bash_operator.py for tasks to queue
[2022-12-06T05:50:33.423+0000] {logging_mixin.py:137} INFO - [2022-12-06T05:50:33.423+0000] {dagbag.py:538} INFO - Filling up the DagBag from /home/airflow/.local/lib/python3.7/site-packages/airflow/example_dags/example_bash_operator.py
[2022-12-06T05:50:33.508+0000] {processor.py:753} INFO - DAG(s) dict_keys(['example_bash_operator']) retrieved from /home/airflow/.local/lib/python3.7/site-packages/airflow/example_dags/example_bash_operator.py
[2022-12-06T05:50:33.758+0000] {logging_mixin.py:137} INFO - [2022-12-06T05:50:33.757+0000] {dag.py:2676} INFO - Sync 1 DAGs
[2022-12-06T05:50:33.872+0000] {logging_mixin.py:137} INFO - [2022-12-06T05:50:33.872+0000] {dag.py:3427} INFO - Setting next_dagrun for example_bash_operator to 2022-12-05T00:00:00+00:00, run_after=2022-12-06T00:00:00+00:00
[2022-12-06T05:50:33.957+0000] {processor.py:175} INFO - Processing /home/airflow/.local/lib/python3.7/site-packages/airflow/example_dags/example_bash_operator.py took 0.555 seconds
[2022-12-06T05:51:23.632+0000] {processor.py:153} INFO - Started process (PID=435) to work on /home/airflow/.local/lib/python3.7/site-packages/airflow/example_dags/example_bash_operator.py
[2022-12-06T05:51:23.635+0000] {processor.py:743} INFO - Processing file /home/airflow/.local/lib/python3.7/site-packages/airflow/example_dags/example_bash_operator.py for tasks to queue
[2022-12-06T05:51:23.637+0000] {logging_mixin.py:137} INFO - [2022-12-06T05:51:23.637+0000] {dagbag.py:538} INFO - Filling up the DagBag from /home/airflow/.local/lib/python3.7/site-packages/airflow/example_dags/example_bash_operator.py
[2022-12-06T05:51:23.682+0000] {processor.py:753} INFO - DAG(s) dict_keys(['example_bash_operator']) retrieved from /home/airflow/.local/lib/python3.7/site-packages/airflow/example_dags/example_bash_operator.py
[2022-12-06T05:51:23.795+0000] {logging_mixin.py:137} INFO - [2022-12-06T05:51:23.795+0000] {dag.py:2676} INFO - Sync 1 DAGs
[2022-12-06T05:51:23.857+0000] {logging_mixin.py:137} INFO - [2022-12-06T05:51:23.857+0000] {dag.py:3427} INFO - Setting next_dagrun for example_bash_operator to 2022-12-05T00:00:00+00:00, run_after=2022-12-06T00:00:00+00:00
[2022-12-06T05:51:23.911+0000] {processor.py:175} INFO - Processing /home/airflow/.local/lib/python3.7/site-packages/airflow/example_dags/example_bash_operator.py took 0.285 seconds
[2022-12-06T05:52:13.743+0000] {processor.py:153} INFO - Started process (PID=501) to work on /home/airflow/.local/lib/python3.7/site-packages/airflow/example_dags/example_bash_operator.py
[2022-12-06T05:52:13.747+0000] {processor.py:743} INFO - Processing file /home/airflow/.local/lib/python3.7/site-packages/airflow/example_dags/example_bash_operator.py for tasks to queue
[2022-12-06T05:52:13.750+0000] {logging_mixin.py:137} INFO - [2022-12-06T05:52:13.749+0000] {dagbag.py:538} INFO - Filling up the DagBag from /home/airflow/.local/lib/python3.7/site-packages/airflow/example_dags/example_bash_operator.py
[2022-12-06T05:52:13.817+0000] {processor.py:753} INFO - DAG(s) dict_keys(['example_bash_operator']) retrieved from /home/airflow/.local/lib/python3.7/site-packages/airflow/example_dags/example_bash_operator.py
[2022-12-06T05:52:13.947+0000] {logging_mixin.py:137} INFO - [2022-12-06T05:52:13.946+0000] {dag.py:2676} INFO - Sync 1 DAGs
[2022-12-06T05:52:14.007+0000] {logging_mixin.py:137} INFO - [2022-12-06T05:52:14.007+0000] {dag.py:3427} INFO - Setting next_dagrun for example_bash_operator to 2022-12-05T00:00:00+00:00, run_after=2022-12-06T00:00:00+00:00
[2022-12-06T05:52:14.045+0000] {processor.py:175} INFO - Processing /home/airflow/.local/lib/python3.7/site-packages/airflow/example_dags/example_bash_operator.py took 0.313 seconds
[2022-12-06T05:52:58.869+0000] {processor.py:153} INFO - Started process (PID=574) to work on /home/airflow/.local/lib/python3.7/site-packages/airflow/example_dags/example_bash_operator.py
[2022-12-06T05:52:58.875+0000] {processor.py:743} INFO - Processing file /home/airflow/.local/lib/python3.7/site-packages/airflow/example_dags/example_bash_operator.py for tasks to queue
[2022-12-06T05:52:58.888+0000] {logging_mixin.py:137} INFO - [2022-12-06T05:52:58.887+0000] {dagbag.py:538} INFO - Filling up the DagBag from /home/airflow/.local/lib/python3.7/site-packages/airflow/example_dags/example_bash_operator.py
[2022-12-06T05:52:59.054+0000] {processor.py:753} INFO - DAG(s) dict_keys(['example_bash_operator']) retrieved from /home/airflow/.local/lib/python3.7/site-packages/airflow/example_dags/example_bash_operator.py
[2022-12-06T05:52:59.180+0000] {logging_mixin.py:137} INFO - [2022-12-06T05:52:59.180+0000] {dag.py:2676} INFO - Sync 1 DAGs
[2022-12-06T05:52:59.235+0000] {logging_mixin.py:137} INFO - [2022-12-06T05:52:59.234+0000] {dag.py:3427} INFO - Setting next_dagrun for example_bash_operator to 2022-12-05T00:00:00+00:00, run_after=2022-12-06T00:00:00+00:00
[2022-12-06T05:52:59.283+0000] {processor.py:175} INFO - Processing /home/airflow/.local/lib/python3.7/site-packages/airflow/example_dags/example_bash_operator.py took 0.426 seconds
[2022-12-06T05:53:41.015+0000] {processor.py:153} INFO - Started process (PID=648) to work on /home/airflow/.local/lib/python3.7/site-packages/airflow/example_dags/example_bash_operator.py
[2022-12-06T05:53:41.019+0000] {processor.py:743} INFO - Processing file /home/airflow/.local/lib/python3.7/site-packages/airflow/example_dags/example_bash_operator.py for tasks to queue
[2022-12-06T05:53:41.021+0000] {logging_mixin.py:137} INFO - [2022-12-06T05:53:41.021+0000] {dagbag.py:538} INFO - Filling up the DagBag from /home/airflow/.local/lib/python3.7/site-packages/airflow/example_dags/example_bash_operator.py
[2022-12-06T05:53:41.114+0000] {processor.py:753} INFO - DAG(s) dict_keys(['example_bash_operator']) retrieved from /home/airflow/.local/lib/python3.7/site-packages/airflow/example_dags/example_bash_operator.py
[2022-12-06T05:53:41.257+0000] {logging_mixin.py:137} INFO - [2022-12-06T05:53:41.256+0000] {dag.py:2676} INFO - Sync 1 DAGs
[2022-12-06T05:53:41.329+0000] {logging_mixin.py:137} INFO - [2022-12-06T05:53:41.329+0000] {dag.py:3427} INFO - Setting next_dagrun for example_bash_operator to 2022-12-05T00:00:00+00:00, run_after=2022-12-06T00:00:00+00:00
[2022-12-06T05:53:41.372+0000] {processor.py:175} INFO - Processing /home/airflow/.local/lib/python3.7/site-packages/airflow/example_dags/example_bash_operator.py took 0.363 seconds
[2022-12-06T05:54:22.329+0000] {processor.py:153} INFO - Started process (PID=715) to work on /home/airflow/.local/lib/python3.7/site-packages/airflow/example_dags/example_bash_operator.py
[2022-12-06T05:54:22.333+0000] {processor.py:743} INFO - Processing file /home/airflow/.local/lib/python3.7/site-packages/airflow/example_dags/example_bash_operator.py for tasks to queue
[2022-12-06T05:54:22.336+0000] {logging_mixin.py:137} INFO - [2022-12-06T05:54:22.336+0000] {dagbag.py:538} INFO - Filling up the DagBag from /home/airflow/.local/lib/python3.7/site-packages/airflow/example_dags/example_bash_operator.py
[2022-12-06T05:54:22.397+0000] {processor.py:753} INFO - DAG(s) dict_keys(['example_bash_operator']) retrieved from /home/airflow/.local/lib/python3.7/site-packages/airflow/example_dags/example_bash_operator.py
[2022-12-06T05:54:22.511+0000] {logging_mixin.py:137} INFO - [2022-12-06T05:54:22.511+0000] {dag.py:2676} INFO - Sync 1 DAGs
[2022-12-06T05:54:22.561+0000] {logging_mixin.py:137} INFO - [2022-12-06T05:54:22.560+0000] {dag.py:3427} INFO - Setting next_dagrun for example_bash_operator to 2022-12-05T00:00:00+00:00, run_after=2022-12-06T00:00:00+00:00
[2022-12-06T05:54:22.594+0000] {processor.py:175} INFO - Processing /home/airflow/.local/lib/python3.7/site-packages/airflow/example_dags/example_bash_operator.py took 0.272 seconds
[2022-12-06T05:54:54.002+0000] {processor.py:153} INFO - Started process (PID=794) to work on /home/airflow/.local/lib/python3.7/site-packages/airflow/example_dags/example_bash_operator.py
[2022-12-06T05:54:54.005+0000] {processor.py:743} INFO - Processing file /home/airflow/.local/lib/python3.7/site-packages/airflow/example_dags/example_bash_operator.py for tasks to queue
[2022-12-06T05:54:54.008+0000] {logging_mixin.py:137} INFO - [2022-12-06T05:54:54.007+0000] {dagbag.py:538} INFO - Filling up the DagBag from /home/airflow/.local/lib/python3.7/site-packages/airflow/example_dags/example_bash_operator.py
[2022-12-06T05:54:54.064+0000] {processor.py:753} INFO - DAG(s) dict_keys(['example_bash_operator']) retrieved from /home/airflow/.local/lib/python3.7/site-packages/airflow/example_dags/example_bash_operator.py
[2022-12-06T05:54:54.201+0000] {logging_mixin.py:137} INFO - [2022-12-06T05:54:54.200+0000] {dag.py:2676} INFO - Sync 1 DAGs
[2022-12-06T05:54:54.250+0000] {logging_mixin.py:137} INFO - [2022-12-06T05:54:54.250+0000] {dag.py:3427} INFO - Setting next_dagrun for example_bash_operator to 2022-12-05T00:00:00+00:00, run_after=2022-12-06T00:00:00+00:00
[2022-12-06T05:54:54.290+0000] {processor.py:175} INFO - Processing /home/airflow/.local/lib/python3.7/site-packages/airflow/example_dags/example_bash_operator.py took 0.294 seconds
[2022-12-06T05:55:38.094+0000] {processor.py:153} INFO - Started process (PID=869) to work on /home/airflow/.local/lib/python3.7/site-packages/airflow/example_dags/example_bash_operator.py
[2022-12-06T05:55:38.096+0000] {processor.py:743} INFO - Processing file /home/airflow/.local/lib/python3.7/site-packages/airflow/example_dags/example_bash_operator.py for tasks to queue
[2022-12-06T05:55:38.099+0000] {logging_mixin.py:137} INFO - [2022-12-06T05:55:38.099+0000] {dagbag.py:538} INFO - Filling up the DagBag from /home/airflow/.local/lib/python3.7/site-packages/airflow/example_dags/example_bash_operator.py
[2022-12-06T05:55:38.149+0000] {processor.py:753} INFO - DAG(s) dict_keys(['example_bash_operator']) retrieved from /home/airflow/.local/lib/python3.7/site-packages/airflow/example_dags/example_bash_operator.py
[2022-12-06T05:55:38.272+0000] {logging_mixin.py:137} INFO - [2022-12-06T05:55:38.271+0000] {dag.py:2676} INFO - Sync 1 DAGs
[2022-12-06T05:55:38.327+0000] {logging_mixin.py:137} INFO - [2022-12-06T05:55:38.327+0000] {dag.py:3427} INFO - Setting next_dagrun for example_bash_operator to 2022-12-05T00:00:00+00:00, run_after=2022-12-06T00:00:00+00:00
[2022-12-06T05:55:38.379+0000] {processor.py:175} INFO - Processing /home/airflow/.local/lib/python3.7/site-packages/airflow/example_dags/example_bash_operator.py took 0.292 seconds
[2022-12-06T05:56:30.217+0000] {processor.py:153} INFO - Started process (PID=936) to work on /home/airflow/.local/lib/python3.7/site-packages/airflow/example_dags/example_bash_operator.py
[2022-12-06T05:56:30.219+0000] {processor.py:743} INFO - Processing file /home/airflow/.local/lib/python3.7/site-packages/airflow/example_dags/example_bash_operator.py for tasks to queue
[2022-12-06T05:56:30.220+0000] {logging_mixin.py:137} INFO - [2022-12-06T05:56:30.220+0000] {dagbag.py:538} INFO - Filling up the DagBag from /home/airflow/.local/lib/python3.7/site-packages/airflow/example_dags/example_bash_operator.py
[2022-12-06T05:56:30.265+0000] {processor.py:753} INFO - DAG(s) dict_keys(['example_bash_operator']) retrieved from /home/airflow/.local/lib/python3.7/site-packages/airflow/example_dags/example_bash_operator.py
[2022-12-06T05:56:30.344+0000] {logging_mixin.py:137} INFO - [2022-12-06T05:56:30.344+0000] {dag.py:2676} INFO - Sync 1 DAGs
[2022-12-06T05:56:30.390+0000] {logging_mixin.py:137} INFO - [2022-12-06T05:56:30.390+0000] {dag.py:3427} INFO - Setting next_dagrun for example_bash_operator to 2022-12-05T00:00:00+00:00, run_after=2022-12-06T00:00:00+00:00
[2022-12-06T05:56:30.429+0000] {processor.py:175} INFO - Processing /home/airflow/.local/lib/python3.7/site-packages/airflow/example_dags/example_bash_operator.py took 0.217 seconds
[2022-12-06T05:57:12.849+0000] {processor.py:153} INFO - Started process (PID=1016) to work on /home/airflow/.local/lib/python3.7/site-packages/airflow/example_dags/example_bash_operator.py
[2022-12-06T05:57:12.852+0000] {processor.py:743} INFO - Processing file /home/airflow/.local/lib/python3.7/site-packages/airflow/example_dags/example_bash_operator.py for tasks to queue
[2022-12-06T05:57:12.854+0000] {logging_mixin.py:137} INFO - [2022-12-06T05:57:12.854+0000] {dagbag.py:538} INFO - Filling up the DagBag from /home/airflow/.local/lib/python3.7/site-packages/airflow/example_dags/example_bash_operator.py
[2022-12-06T05:57:12.918+0000] {processor.py:753} INFO - DAG(s) dict_keys(['example_bash_operator']) retrieved from /home/airflow/.local/lib/python3.7/site-packages/airflow/example_dags/example_bash_operator.py
[2022-12-06T05:57:13.051+0000] {logging_mixin.py:137} INFO - [2022-12-06T05:57:13.051+0000] {dag.py:2676} INFO - Sync 1 DAGs
[2022-12-06T05:57:13.107+0000] {logging_mixin.py:137} INFO - [2022-12-06T05:57:13.106+0000] {dag.py:3427} INFO - Setting next_dagrun for example_bash_operator to 2022-12-05T00:00:00+00:00, run_after=2022-12-06T00:00:00+00:00
[2022-12-06T05:57:13.160+0000] {processor.py:175} INFO - Processing /home/airflow/.local/lib/python3.7/site-packages/airflow/example_dags/example_bash_operator.py took 0.318 seconds
[2022-12-06T05:57:53.051+0000] {processor.py:153} INFO - Started process (PID=1084) to work on /home/airflow/.local/lib/python3.7/site-packages/airflow/example_dags/example_bash_operator.py
[2022-12-06T05:57:53.063+0000] {processor.py:743} INFO - Processing file /home/airflow/.local/lib/python3.7/site-packages/airflow/example_dags/example_bash_operator.py for tasks to queue
[2022-12-06T05:57:53.072+0000] {logging_mixin.py:137} INFO - [2022-12-06T05:57:53.072+0000] {dagbag.py:538} INFO - Filling up the DagBag from /home/airflow/.local/lib/python3.7/site-packages/airflow/example_dags/example_bash_operator.py
[2022-12-06T05:57:53.156+0000] {processor.py:753} INFO - DAG(s) dict_keys(['example_bash_operator']) retrieved from /home/airflow/.local/lib/python3.7/site-packages/airflow/example_dags/example_bash_operator.py
[2022-12-06T05:57:53.266+0000] {logging_mixin.py:137} INFO - [2022-12-06T05:57:53.266+0000] {dag.py:2676} INFO - Sync 1 DAGs
[2022-12-06T05:57:53.306+0000] {logging_mixin.py:137} INFO - [2022-12-06T05:57:53.306+0000] {dag.py:3427} INFO - Setting next_dagrun for example_bash_operator to 2022-12-05T00:00:00+00:00, run_after=2022-12-06T00:00:00+00:00
[2022-12-06T05:57:53.336+0000] {processor.py:175} INFO - Processing /home/airflow/.local/lib/python3.7/site-packages/airflow/example_dags/example_bash_operator.py took 0.299 seconds
[2022-12-06T05:58:33.186+0000] {processor.py:153} INFO - Started process (PID=1158) to work on /home/airflow/.local/lib/python3.7/site-packages/airflow/example_dags/example_bash_operator.py
[2022-12-06T05:58:33.190+0000] {processor.py:743} INFO - Processing file /home/airflow/.local/lib/python3.7/site-packages/airflow/example_dags/example_bash_operator.py for tasks to queue
[2022-12-06T05:58:33.193+0000] {logging_mixin.py:137} INFO - [2022-12-06T05:58:33.192+0000] {dagbag.py:538} INFO - Filling up the DagBag from /home/airflow/.local/lib/python3.7/site-packages/airflow/example_dags/example_bash_operator.py
[2022-12-06T05:58:33.274+0000] {processor.py:753} INFO - DAG(s) dict_keys(['example_bash_operator']) retrieved from /home/airflow/.local/lib/python3.7/site-packages/airflow/example_dags/example_bash_operator.py
[2022-12-06T05:58:33.484+0000] {logging_mixin.py:137} INFO - [2022-12-06T05:58:33.484+0000] {dag.py:2676} INFO - Sync 1 DAGs
[2022-12-06T05:58:33.636+0000] {logging_mixin.py:137} INFO - [2022-12-06T05:58:33.635+0000] {dag.py:3427} INFO - Setting next_dagrun for example_bash_operator to 2022-12-05T00:00:00+00:00, run_after=2022-12-06T00:00:00+00:00
[2022-12-06T05:58:33.737+0000] {processor.py:175} INFO - Processing /home/airflow/.local/lib/python3.7/site-packages/airflow/example_dags/example_bash_operator.py took 0.558 seconds
[2022-12-06T05:59:16.490+0000] {processor.py:153} INFO - Started process (PID=1242) to work on /home/airflow/.local/lib/python3.7/site-packages/airflow/example_dags/example_bash_operator.py
[2022-12-06T05:59:16.494+0000] {processor.py:743} INFO - Processing file /home/airflow/.local/lib/python3.7/site-packages/airflow/example_dags/example_bash_operator.py for tasks to queue
[2022-12-06T05:59:16.496+0000] {logging_mixin.py:137} INFO - [2022-12-06T05:59:16.496+0000] {dagbag.py:538} INFO - Filling up the DagBag from /home/airflow/.local/lib/python3.7/site-packages/airflow/example_dags/example_bash_operator.py
[2022-12-06T05:59:16.547+0000] {processor.py:753} INFO - DAG(s) dict_keys(['example_bash_operator']) retrieved from /home/airflow/.local/lib/python3.7/site-packages/airflow/example_dags/example_bash_operator.py
[2022-12-06T05:59:16.632+0000] {logging_mixin.py:137} INFO - [2022-12-06T05:59:16.632+0000] {dag.py:2676} INFO - Sync 1 DAGs
[2022-12-06T05:59:16.683+0000] {logging_mixin.py:137} INFO - [2022-12-06T05:59:16.682+0000] {dag.py:3427} INFO - Setting next_dagrun for example_bash_operator to 2022-12-05T00:00:00+00:00, run_after=2022-12-06T00:00:00+00:00
[2022-12-06T05:59:16.755+0000] {processor.py:175} INFO - Processing /home/airflow/.local/lib/python3.7/site-packages/airflow/example_dags/example_bash_operator.py took 0.271 seconds
[2022-12-06T05:59:54.329+0000] {processor.py:153} INFO - Started process (PID=1309) to work on /home/airflow/.local/lib/python3.7/site-packages/airflow/example_dags/example_bash_operator.py
[2022-12-06T05:59:54.331+0000] {processor.py:743} INFO - Processing file /home/airflow/.local/lib/python3.7/site-packages/airflow/example_dags/example_bash_operator.py for tasks to queue
[2022-12-06T05:59:54.335+0000] {logging_mixin.py:137} INFO - [2022-12-06T05:59:54.334+0000] {dagbag.py:538} INFO - Filling up the DagBag from /home/airflow/.local/lib/python3.7/site-packages/airflow/example_dags/example_bash_operator.py
[2022-12-06T05:59:54.493+0000] {processor.py:753} INFO - DAG(s) dict_keys(['example_bash_operator']) retrieved from /home/airflow/.local/lib/python3.7/site-packages/airflow/example_dags/example_bash_operator.py
[2022-12-06T05:59:54.675+0000] {logging_mixin.py:137} INFO - [2022-12-06T05:59:54.675+0000] {dag.py:2676} INFO - Sync 1 DAGs
[2022-12-06T05:59:54.797+0000] {logging_mixin.py:137} INFO - [2022-12-06T05:59:54.797+0000] {dag.py:3427} INFO - Setting next_dagrun for example_bash_operator to 2022-12-05T00:00:00+00:00, run_after=2022-12-06T00:00:00+00:00
[2022-12-06T05:59:54.837+0000] {processor.py:175} INFO - Processing /home/airflow/.local/lib/python3.7/site-packages/airflow/example_dags/example_bash_operator.py took 0.514 seconds
[2022-12-06T06:00:43.160+0000] {processor.py:153} INFO - Started process (PID=1393) to work on /home/airflow/.local/lib/python3.7/site-packages/airflow/example_dags/example_bash_operator.py
[2022-12-06T06:00:43.164+0000] {processor.py:743} INFO - Processing file /home/airflow/.local/lib/python3.7/site-packages/airflow/example_dags/example_bash_operator.py for tasks to queue
[2022-12-06T06:00:43.168+0000] {logging_mixin.py:137} INFO - [2022-12-06T06:00:43.168+0000] {dagbag.py:538} INFO - Filling up the DagBag from /home/airflow/.local/lib/python3.7/site-packages/airflow/example_dags/example_bash_operator.py
[2022-12-06T06:00:43.245+0000] {processor.py:753} INFO - DAG(s) dict_keys(['example_bash_operator']) retrieved from /home/airflow/.local/lib/python3.7/site-packages/airflow/example_dags/example_bash_operator.py
[2022-12-06T06:00:43.388+0000] {logging_mixin.py:137} INFO - [2022-12-06T06:00:43.388+0000] {dag.py:2676} INFO - Sync 1 DAGs
[2022-12-06T06:00:43.465+0000] {logging_mixin.py:137} INFO - [2022-12-06T06:00:43.465+0000] {dag.py:3427} INFO - Setting next_dagrun for example_bash_operator to 2022-12-05T00:00:00+00:00, run_after=2022-12-06T00:00:00+00:00
[2022-12-06T06:00:43.530+0000] {processor.py:175} INFO - Processing /home/airflow/.local/lib/python3.7/site-packages/airflow/example_dags/example_bash_operator.py took 0.378 seconds
[2022-12-06T06:01:13.693+0000] {processor.py:153} INFO - Started process (PID=1462) to work on /home/airflow/.local/lib/python3.7/site-packages/airflow/example_dags/example_bash_operator.py
[2022-12-06T06:01:13.695+0000] {processor.py:743} INFO - Processing file /home/airflow/.local/lib/python3.7/site-packages/airflow/example_dags/example_bash_operator.py for tasks to queue
[2022-12-06T06:01:13.701+0000] {logging_mixin.py:137} INFO - [2022-12-06T06:01:13.701+0000] {dagbag.py:538} INFO - Filling up the DagBag from /home/airflow/.local/lib/python3.7/site-packages/airflow/example_dags/example_bash_operator.py
[2022-12-06T06:01:13.743+0000] {processor.py:753} INFO - DAG(s) dict_keys(['example_bash_operator']) retrieved from /home/airflow/.local/lib/python3.7/site-packages/airflow/example_dags/example_bash_operator.py
[2022-12-06T06:01:13.850+0000] {logging_mixin.py:137} INFO - [2022-12-06T06:01:13.850+0000] {dag.py:2676} INFO - Sync 1 DAGs
[2022-12-06T06:01:13.910+0000] {logging_mixin.py:137} INFO - [2022-12-06T06:01:13.910+0000] {dag.py:3427} INFO - Setting next_dagrun for example_bash_operator to 2022-12-05T00:00:00+00:00, run_after=2022-12-06T00:00:00+00:00
[2022-12-06T06:01:13.950+0000] {processor.py:175} INFO - Processing /home/airflow/.local/lib/python3.7/site-packages/airflow/example_dags/example_bash_operator.py took 0.264 seconds
[2022-12-06T06:01:45.643+0000] {processor.py:153} INFO - Started process (PID=1537) to work on /home/airflow/.local/lib/python3.7/site-packages/airflow/example_dags/example_bash_operator.py
[2022-12-06T06:01:45.645+0000] {processor.py:743} INFO - Processing file /home/airflow/.local/lib/python3.7/site-packages/airflow/example_dags/example_bash_operator.py for tasks to queue
[2022-12-06T06:01:45.648+0000] {logging_mixin.py:137} INFO - [2022-12-06T06:01:45.648+0000] {dagbag.py:538} INFO - Filling up the DagBag from /home/airflow/.local/lib/python3.7/site-packages/airflow/example_dags/example_bash_operator.py
[2022-12-06T06:01:45.697+0000] {processor.py:753} INFO - DAG(s) dict_keys(['example_bash_operator']) retrieved from /home/airflow/.local/lib/python3.7/site-packages/airflow/example_dags/example_bash_operator.py
[2022-12-06T06:01:45.778+0000] {logging_mixin.py:137} INFO - [2022-12-06T06:01:45.778+0000] {dag.py:2676} INFO - Sync 1 DAGs
[2022-12-06T06:01:45.825+0000] {logging_mixin.py:137} INFO - [2022-12-06T06:01:45.825+0000] {dag.py:3427} INFO - Setting next_dagrun for example_bash_operator to 2022-12-05T00:00:00+00:00, run_after=2022-12-06T00:00:00+00:00
[2022-12-06T06:01:45.831+0000] {processor.py:175} INFO - Processing /home/airflow/.local/lib/python3.7/site-packages/airflow/example_dags/example_bash_operator.py took 0.229 seconds
[2022-12-06T06:02:21.381+0000] {processor.py:153} INFO - Started process (PID=1606) to work on /home/airflow/.local/lib/python3.7/site-packages/airflow/example_dags/example_bash_operator.py
[2022-12-06T06:02:21.383+0000] {processor.py:743} INFO - Processing file /home/airflow/.local/lib/python3.7/site-packages/airflow/example_dags/example_bash_operator.py for tasks to queue
[2022-12-06T06:02:21.385+0000] {logging_mixin.py:137} INFO - [2022-12-06T06:02:21.385+0000] {dagbag.py:538} INFO - Filling up the DagBag from /home/airflow/.local/lib/python3.7/site-packages/airflow/example_dags/example_bash_operator.py
[2022-12-06T06:02:21.437+0000] {processor.py:753} INFO - DAG(s) dict_keys(['example_bash_operator']) retrieved from /home/airflow/.local/lib/python3.7/site-packages/airflow/example_dags/example_bash_operator.py
[2022-12-06T06:02:21.554+0000] {logging_mixin.py:137} INFO - [2022-12-06T06:02:21.554+0000] {dag.py:2676} INFO - Sync 1 DAGs
[2022-12-06T06:02:21.640+0000] {logging_mixin.py:137} INFO - [2022-12-06T06:02:21.639+0000] {dag.py:3427} INFO - Setting next_dagrun for example_bash_operator to 2022-12-05T00:00:00+00:00, run_after=2022-12-06T00:00:00+00:00
[2022-12-06T06:02:21.684+0000] {processor.py:175} INFO - Processing /home/airflow/.local/lib/python3.7/site-packages/airflow/example_dags/example_bash_operator.py took 0.308 seconds
[2022-12-06T06:03:05.459+0000] {processor.py:153} INFO - Started process (PID=1681) to work on /home/airflow/.local/lib/python3.7/site-packages/airflow/example_dags/example_bash_operator.py
[2022-12-06T06:03:05.471+0000] {processor.py:743} INFO - Processing file /home/airflow/.local/lib/python3.7/site-packages/airflow/example_dags/example_bash_operator.py for tasks to queue
[2022-12-06T06:03:05.476+0000] {logging_mixin.py:137} INFO - [2022-12-06T06:03:05.476+0000] {dagbag.py:538} INFO - Filling up the DagBag from /home/airflow/.local/lib/python3.7/site-packages/airflow/example_dags/example_bash_operator.py
[2022-12-06T06:03:05.553+0000] {processor.py:753} INFO - DAG(s) dict_keys(['example_bash_operator']) retrieved from /home/airflow/.local/lib/python3.7/site-packages/airflow/example_dags/example_bash_operator.py
[2022-12-06T06:03:05.690+0000] {logging_mixin.py:137} INFO - [2022-12-06T06:03:05.689+0000] {dag.py:2676} INFO - Sync 1 DAGs
[2022-12-06T06:03:05.794+0000] {logging_mixin.py:137} INFO - [2022-12-06T06:03:05.794+0000] {dag.py:3427} INFO - Setting next_dagrun for example_bash_operator to 2022-12-05T00:00:00+00:00, run_after=2022-12-06T00:00:00+00:00
[2022-12-06T06:03:05.841+0000] {processor.py:175} INFO - Processing /home/airflow/.local/lib/python3.7/site-packages/airflow/example_dags/example_bash_operator.py took 0.409 seconds
[2022-12-06T06:03:59.621+0000] {processor.py:153} INFO - Started process (PID=1764) to work on /home/airflow/.local/lib/python3.7/site-packages/airflow/example_dags/example_bash_operator.py
[2022-12-06T06:03:59.628+0000] {processor.py:743} INFO - Processing file /home/airflow/.local/lib/python3.7/site-packages/airflow/example_dags/example_bash_operator.py for tasks to queue
[2022-12-06T06:03:59.644+0000] {logging_mixin.py:137} INFO - [2022-12-06T06:03:59.640+0000] {dagbag.py:538} INFO - Filling up the DagBag from /home/airflow/.local/lib/python3.7/site-packages/airflow/example_dags/example_bash_operator.py
[2022-12-06T06:03:59.781+0000] {processor.py:753} INFO - DAG(s) dict_keys(['example_bash_operator']) retrieved from /home/airflow/.local/lib/python3.7/site-packages/airflow/example_dags/example_bash_operator.py
[2022-12-06T06:03:59.959+0000] {logging_mixin.py:137} INFO - [2022-12-06T06:03:59.959+0000] {dag.py:2676} INFO - Sync 1 DAGs
[2022-12-06T06:04:00.032+0000] {logging_mixin.py:137} INFO - [2022-12-06T06:04:00.031+0000] {dag.py:3427} INFO - Setting next_dagrun for example_bash_operator to 2022-12-05T00:00:00+00:00, run_after=2022-12-06T00:00:00+00:00
[2022-12-06T06:04:00.074+0000] {processor.py:175} INFO - Processing /home/airflow/.local/lib/python3.7/site-packages/airflow/example_dags/example_bash_operator.py took 0.468 seconds
[2022-12-06T06:04:35.403+0000] {processor.py:153} INFO - Started process (PID=1839) to work on /home/airflow/.local/lib/python3.7/site-packages/airflow/example_dags/example_bash_operator.py
[2022-12-06T06:04:35.408+0000] {processor.py:743} INFO - Processing file /home/airflow/.local/lib/python3.7/site-packages/airflow/example_dags/example_bash_operator.py for tasks to queue
[2022-12-06T06:04:35.423+0000] {logging_mixin.py:137} INFO - [2022-12-06T06:04:35.423+0000] {dagbag.py:538} INFO - Filling up the DagBag from /home/airflow/.local/lib/python3.7/site-packages/airflow/example_dags/example_bash_operator.py
[2022-12-06T06:04:35.522+0000] {processor.py:753} INFO - DAG(s) dict_keys(['example_bash_operator']) retrieved from /home/airflow/.local/lib/python3.7/site-packages/airflow/example_dags/example_bash_operator.py
[2022-12-06T06:04:35.619+0000] {logging_mixin.py:137} INFO - [2022-12-06T06:04:35.619+0000] {dag.py:2676} INFO - Sync 1 DAGs
[2022-12-06T06:04:35.674+0000] {logging_mixin.py:137} INFO - [2022-12-06T06:04:35.674+0000] {dag.py:3427} INFO - Setting next_dagrun for example_bash_operator to 2022-12-05T00:00:00+00:00, run_after=2022-12-06T00:00:00+00:00
[2022-12-06T06:04:35.723+0000] {processor.py:175} INFO - Processing /home/airflow/.local/lib/python3.7/site-packages/airflow/example_dags/example_bash_operator.py took 0.347 seconds
[2022-12-06T06:05:16.227+0000] {processor.py:153} INFO - Started process (PID=1913) to work on /home/airflow/.local/lib/python3.7/site-packages/airflow/example_dags/example_bash_operator.py
[2022-12-06T06:05:16.229+0000] {processor.py:743} INFO - Processing file /home/airflow/.local/lib/python3.7/site-packages/airflow/example_dags/example_bash_operator.py for tasks to queue
[2022-12-06T06:05:16.232+0000] {logging_mixin.py:137} INFO - [2022-12-06T06:05:16.232+0000] {dagbag.py:538} INFO - Filling up the DagBag from /home/airflow/.local/lib/python3.7/site-packages/airflow/example_dags/example_bash_operator.py
[2022-12-06T06:05:16.283+0000] {processor.py:753} INFO - DAG(s) dict_keys(['example_bash_operator']) retrieved from /home/airflow/.local/lib/python3.7/site-packages/airflow/example_dags/example_bash_operator.py
[2022-12-06T06:05:16.360+0000] {logging_mixin.py:137} INFO - [2022-12-06T06:05:16.360+0000] {dag.py:2676} INFO - Sync 1 DAGs
[2022-12-06T06:05:16.417+0000] {logging_mixin.py:137} INFO - [2022-12-06T06:05:16.416+0000] {dag.py:3427} INFO - Setting next_dagrun for example_bash_operator to 2022-12-05T00:00:00+00:00, run_after=2022-12-06T00:00:00+00:00
[2022-12-06T06:05:16.457+0000] {processor.py:175} INFO - Processing /home/airflow/.local/lib/python3.7/site-packages/airflow/example_dags/example_bash_operator.py took 0.236 seconds
[2022-12-06T06:05:47.301+0000] {processor.py:153} INFO - Started process (PID=1981) to work on /home/airflow/.local/lib/python3.7/site-packages/airflow/example_dags/example_bash_operator.py
[2022-12-06T06:05:47.303+0000] {processor.py:743} INFO - Processing file /home/airflow/.local/lib/python3.7/site-packages/airflow/example_dags/example_bash_operator.py for tasks to queue
[2022-12-06T06:05:47.306+0000] {logging_mixin.py:137} INFO - [2022-12-06T06:05:47.306+0000] {dagbag.py:538} INFO - Filling up the DagBag from /home/airflow/.local/lib/python3.7/site-packages/airflow/example_dags/example_bash_operator.py
[2022-12-06T06:05:47.351+0000] {processor.py:753} INFO - DAG(s) dict_keys(['example_bash_operator']) retrieved from /home/airflow/.local/lib/python3.7/site-packages/airflow/example_dags/example_bash_operator.py
[2022-12-06T06:05:47.420+0000] {logging_mixin.py:137} INFO - [2022-12-06T06:05:47.420+0000] {dag.py:2676} INFO - Sync 1 DAGs
[2022-12-06T06:05:47.454+0000] {logging_mixin.py:137} INFO - [2022-12-06T06:05:47.454+0000] {dag.py:3427} INFO - Setting next_dagrun for example_bash_operator to 2022-12-05T00:00:00+00:00, run_after=2022-12-06T00:00:00+00:00
[2022-12-06T06:05:47.495+0000] {processor.py:175} INFO - Processing /home/airflow/.local/lib/python3.7/site-packages/airflow/example_dags/example_bash_operator.py took 0.200 seconds
[2022-12-06T06:06:23.416+0000] {processor.py:153} INFO - Started process (PID=2048) to work on /home/airflow/.local/lib/python3.7/site-packages/airflow/example_dags/example_bash_operator.py
[2022-12-06T06:06:23.418+0000] {processor.py:743} INFO - Processing file /home/airflow/.local/lib/python3.7/site-packages/airflow/example_dags/example_bash_operator.py for tasks to queue
[2022-12-06T06:06:23.420+0000] {logging_mixin.py:137} INFO - [2022-12-06T06:06:23.420+0000] {dagbag.py:538} INFO - Filling up the DagBag from /home/airflow/.local/lib/python3.7/site-packages/airflow/example_dags/example_bash_operator.py
[2022-12-06T06:06:23.501+0000] {processor.py:753} INFO - DAG(s) dict_keys(['example_bash_operator']) retrieved from /home/airflow/.local/lib/python3.7/site-packages/airflow/example_dags/example_bash_operator.py
[2022-12-06T06:06:23.627+0000] {logging_mixin.py:137} INFO - [2022-12-06T06:06:23.626+0000] {dag.py:2676} INFO - Sync 1 DAGs
[2022-12-06T06:06:23.693+0000] {logging_mixin.py:137} INFO - [2022-12-06T06:06:23.693+0000] {dag.py:3427} INFO - Setting next_dagrun for example_bash_operator to 2022-12-05T00:00:00+00:00, run_after=2022-12-06T00:00:00+00:00
[2022-12-06T06:06:23.722+0000] {processor.py:175} INFO - Processing /home/airflow/.local/lib/python3.7/site-packages/airflow/example_dags/example_bash_operator.py took 0.312 seconds
[2022-12-06T06:07:02.761+0000] {processor.py:153} INFO - Started process (PID=2125) to work on /home/airflow/.local/lib/python3.7/site-packages/airflow/example_dags/example_bash_operator.py
[2022-12-06T06:07:02.763+0000] {processor.py:743} INFO - Processing file /home/airflow/.local/lib/python3.7/site-packages/airflow/example_dags/example_bash_operator.py for tasks to queue
[2022-12-06T06:07:02.766+0000] {logging_mixin.py:137} INFO - [2022-12-06T06:07:02.766+0000] {dagbag.py:538} INFO - Filling up the DagBag from /home/airflow/.local/lib/python3.7/site-packages/airflow/example_dags/example_bash_operator.py
[2022-12-06T06:07:02.820+0000] {processor.py:753} INFO - DAG(s) dict_keys(['example_bash_operator']) retrieved from /home/airflow/.local/lib/python3.7/site-packages/airflow/example_dags/example_bash_operator.py
[2022-12-06T06:07:02.905+0000] {logging_mixin.py:137} INFO - [2022-12-06T06:07:02.905+0000] {dag.py:2676} INFO - Sync 1 DAGs
[2022-12-06T06:07:02.944+0000] {logging_mixin.py:137} INFO - [2022-12-06T06:07:02.944+0000] {dag.py:3427} INFO - Setting next_dagrun for example_bash_operator to 2022-12-05T00:00:00+00:00, run_after=2022-12-06T00:00:00+00:00
[2022-12-06T06:07:02.969+0000] {processor.py:175} INFO - Processing /home/airflow/.local/lib/python3.7/site-packages/airflow/example_dags/example_bash_operator.py took 0.215 seconds
[2022-12-06T06:07:43.804+0000] {processor.py:153} INFO - Started process (PID=2183) to work on /home/airflow/.local/lib/python3.7/site-packages/airflow/example_dags/example_bash_operator.py
[2022-12-06T06:07:43.807+0000] {processor.py:743} INFO - Processing file /home/airflow/.local/lib/python3.7/site-packages/airflow/example_dags/example_bash_operator.py for tasks to queue
[2022-12-06T06:07:43.810+0000] {logging_mixin.py:137} INFO - [2022-12-06T06:07:43.810+0000] {dagbag.py:538} INFO - Filling up the DagBag from /home/airflow/.local/lib/python3.7/site-packages/airflow/example_dags/example_bash_operator.py
[2022-12-06T06:07:43.857+0000] {processor.py:753} INFO - DAG(s) dict_keys(['example_bash_operator']) retrieved from /home/airflow/.local/lib/python3.7/site-packages/airflow/example_dags/example_bash_operator.py
[2022-12-06T06:07:43.940+0000] {logging_mixin.py:137} INFO - [2022-12-06T06:07:43.939+0000] {dag.py:2676} INFO - Sync 1 DAGs
[2022-12-06T06:07:43.987+0000] {logging_mixin.py:137} INFO - [2022-12-06T06:07:43.987+0000] {dag.py:3427} INFO - Setting next_dagrun for example_bash_operator to 2022-12-05T00:00:00+00:00, run_after=2022-12-06T00:00:00+00:00
[2022-12-06T06:07:44.021+0000] {processor.py:175} INFO - Processing /home/airflow/.local/lib/python3.7/site-packages/airflow/example_dags/example_bash_operator.py took 0.222 seconds
[2022-12-06T06:08:42.002+0000] {processor.py:153} INFO - Started process (PID=2260) to work on /home/airflow/.local/lib/python3.7/site-packages/airflow/example_dags/example_bash_operator.py
[2022-12-06T06:08:42.005+0000] {processor.py:743} INFO - Processing file /home/airflow/.local/lib/python3.7/site-packages/airflow/example_dags/example_bash_operator.py for tasks to queue
[2022-12-06T06:08:42.007+0000] {logging_mixin.py:137} INFO - [2022-12-06T06:08:42.007+0000] {dagbag.py:538} INFO - Filling up the DagBag from /home/airflow/.local/lib/python3.7/site-packages/airflow/example_dags/example_bash_operator.py
[2022-12-06T06:08:42.092+0000] {processor.py:753} INFO - DAG(s) dict_keys(['example_bash_operator']) retrieved from /home/airflow/.local/lib/python3.7/site-packages/airflow/example_dags/example_bash_operator.py
[2022-12-06T06:08:42.221+0000] {logging_mixin.py:137} INFO - [2022-12-06T06:08:42.220+0000] {dag.py:2676} INFO - Sync 1 DAGs
[2022-12-06T06:08:42.277+0000] {logging_mixin.py:137} INFO - [2022-12-06T06:08:42.277+0000] {dag.py:3427} INFO - Setting next_dagrun for example_bash_operator to 2022-12-05T00:00:00+00:00, run_after=2022-12-06T00:00:00+00:00
[2022-12-06T06:08:42.320+0000] {processor.py:175} INFO - Processing /home/airflow/.local/lib/python3.7/site-packages/airflow/example_dags/example_bash_operator.py took 0.331 seconds
[2022-12-06T06:09:12.799+0000] {processor.py:153} INFO - Started process (PID=2332) to work on /home/airflow/.local/lib/python3.7/site-packages/airflow/example_dags/example_bash_operator.py
[2022-12-06T06:09:12.801+0000] {processor.py:743} INFO - Processing file /home/airflow/.local/lib/python3.7/site-packages/airflow/example_dags/example_bash_operator.py for tasks to queue
[2022-12-06T06:09:12.803+0000] {logging_mixin.py:137} INFO - [2022-12-06T06:09:12.803+0000] {dagbag.py:538} INFO - Filling up the DagBag from /home/airflow/.local/lib/python3.7/site-packages/airflow/example_dags/example_bash_operator.py
[2022-12-06T06:09:12.853+0000] {processor.py:753} INFO - DAG(s) dict_keys(['example_bash_operator']) retrieved from /home/airflow/.local/lib/python3.7/site-packages/airflow/example_dags/example_bash_operator.py
[2022-12-06T06:09:12.923+0000] {logging_mixin.py:137} INFO - [2022-12-06T06:09:12.923+0000] {dag.py:2676} INFO - Sync 1 DAGs
[2022-12-06T06:09:12.954+0000] {logging_mixin.py:137} INFO - [2022-12-06T06:09:12.954+0000] {dag.py:3427} INFO - Setting next_dagrun for example_bash_operator to 2022-12-05T00:00:00+00:00, run_after=2022-12-06T00:00:00+00:00
[2022-12-06T06:09:12.980+0000] {processor.py:175} INFO - Processing /home/airflow/.local/lib/python3.7/site-packages/airflow/example_dags/example_bash_operator.py took 0.187 seconds
[2022-12-06T06:09:46.510+0000] {processor.py:153} INFO - Started process (PID=2399) to work on /home/airflow/.local/lib/python3.7/site-packages/airflow/example_dags/example_bash_operator.py
[2022-12-06T06:09:46.515+0000] {processor.py:743} INFO - Processing file /home/airflow/.local/lib/python3.7/site-packages/airflow/example_dags/example_bash_operator.py for tasks to queue
[2022-12-06T06:09:46.521+0000] {logging_mixin.py:137} INFO - [2022-12-06T06:09:46.521+0000] {dagbag.py:538} INFO - Filling up the DagBag from /home/airflow/.local/lib/python3.7/site-packages/airflow/example_dags/example_bash_operator.py
[2022-12-06T06:09:46.607+0000] {processor.py:753} INFO - DAG(s) dict_keys(['example_bash_operator']) retrieved from /home/airflow/.local/lib/python3.7/site-packages/airflow/example_dags/example_bash_operator.py
[2022-12-06T06:09:47.168+0000] {logging_mixin.py:137} INFO - [2022-12-06T06:09:47.167+0000] {dag.py:2676} INFO - Sync 1 DAGs
[2022-12-06T06:09:47.217+0000] {logging_mixin.py:137} INFO - [2022-12-06T06:09:47.216+0000] {dag.py:3427} INFO - Setting next_dagrun for example_bash_operator to 2022-12-05T00:00:00+00:00, run_after=2022-12-06T00:00:00+00:00
[2022-12-06T06:09:47.258+0000] {processor.py:175} INFO - Processing /home/airflow/.local/lib/python3.7/site-packages/airflow/example_dags/example_bash_operator.py took 0.792 seconds
[2022-12-06T06:10:34.757+0000] {processor.py:153} INFO - Started process (PID=2478) to work on /home/airflow/.local/lib/python3.7/site-packages/airflow/example_dags/example_bash_operator.py
[2022-12-06T06:10:34.770+0000] {processor.py:743} INFO - Processing file /home/airflow/.local/lib/python3.7/site-packages/airflow/example_dags/example_bash_operator.py for tasks to queue
[2022-12-06T06:10:34.774+0000] {logging_mixin.py:137} INFO - [2022-12-06T06:10:34.774+0000] {dagbag.py:538} INFO - Filling up the DagBag from /home/airflow/.local/lib/python3.7/site-packages/airflow/example_dags/example_bash_operator.py
[2022-12-06T06:10:34.924+0000] {processor.py:753} INFO - DAG(s) dict_keys(['example_bash_operator']) retrieved from /home/airflow/.local/lib/python3.7/site-packages/airflow/example_dags/example_bash_operator.py
[2022-12-06T06:10:35.092+0000] {logging_mixin.py:137} INFO - [2022-12-06T06:10:35.092+0000] {dag.py:2676} INFO - Sync 1 DAGs
[2022-12-06T06:10:35.237+0000] {logging_mixin.py:137} INFO - [2022-12-06T06:10:35.237+0000] {dag.py:3427} INFO - Setting next_dagrun for example_bash_operator to 2022-12-05T00:00:00+00:00, run_after=2022-12-06T00:00:00+00:00
[2022-12-06T06:10:35.301+0000] {processor.py:175} INFO - Processing /home/airflow/.local/lib/python3.7/site-packages/airflow/example_dags/example_bash_operator.py took 0.579 seconds
[2022-12-06T06:11:15.639+0000] {processor.py:153} INFO - Started process (PID=2546) to work on /home/airflow/.local/lib/python3.7/site-packages/airflow/example_dags/example_bash_operator.py
[2022-12-06T06:11:15.642+0000] {processor.py:743} INFO - Processing file /home/airflow/.local/lib/python3.7/site-packages/airflow/example_dags/example_bash_operator.py for tasks to queue
[2022-12-06T06:11:15.646+0000] {logging_mixin.py:137} INFO - [2022-12-06T06:11:15.645+0000] {dagbag.py:538} INFO - Filling up the DagBag from /home/airflow/.local/lib/python3.7/site-packages/airflow/example_dags/example_bash_operator.py
[2022-12-06T06:11:15.706+0000] {processor.py:753} INFO - DAG(s) dict_keys(['example_bash_operator']) retrieved from /home/airflow/.local/lib/python3.7/site-packages/airflow/example_dags/example_bash_operator.py
[2022-12-06T06:11:15.815+0000] {logging_mixin.py:137} INFO - [2022-12-06T06:11:15.814+0000] {dag.py:2676} INFO - Sync 1 DAGs
[2022-12-06T06:11:15.882+0000] {logging_mixin.py:137} INFO - [2022-12-06T06:11:15.882+0000] {dag.py:3427} INFO - Setting next_dagrun for example_bash_operator to 2022-12-05T00:00:00+00:00, run_after=2022-12-06T00:00:00+00:00
[2022-12-06T06:11:15.948+0000] {processor.py:175} INFO - Processing /home/airflow/.local/lib/python3.7/site-packages/airflow/example_dags/example_bash_operator.py took 0.315 seconds
