[2022-12-06T05:25:59.263+0000] {processor.py:153} INFO - Started process (PID=128) to work on /home/airflow/.local/lib/python3.7/site-packages/airflow/example_dags/example_skip_dag.py
[2022-12-06T05:25:59.267+0000] {processor.py:743} INFO - Processing file /home/airflow/.local/lib/python3.7/site-packages/airflow/example_dags/example_skip_dag.py for tasks to queue
[2022-12-06T05:25:59.273+0000] {logging_mixin.py:137} INFO - [2022-12-06T05:25:59.272+0000] {dagbag.py:538} INFO - Filling up the DagBag from /home/airflow/.local/lib/python3.7/site-packages/airflow/example_dags/example_skip_dag.py
[2022-12-06T05:25:59.454+0000] {processor.py:753} INFO - DAG(s) dict_keys(['example_skip_dag']) retrieved from /home/airflow/.local/lib/python3.7/site-packages/airflow/example_dags/example_skip_dag.py
[2022-12-06T05:26:00.571+0000] {logging_mixin.py:137} INFO - [2022-12-06T05:26:00.570+0000] {dag.py:2676} INFO - Sync 1 DAGs
[2022-12-06T05:26:00.849+0000] {logging_mixin.py:137} INFO - [2022-12-06T05:26:00.849+0000] {dag.py:3427} INFO - Setting next_dagrun for example_skip_dag to 2022-12-05T05:26:00.839184+00:00, run_after=2022-12-06T05:26:00.839184+00:00
[2022-12-06T05:26:01.250+0000] {processor.py:175} INFO - Processing /home/airflow/.local/lib/python3.7/site-packages/airflow/example_dags/example_skip_dag.py took 1.992 seconds
[2022-12-06T05:26:32.184+0000] {processor.py:153} INFO - Started process (PID=210) to work on /home/airflow/.local/lib/python3.7/site-packages/airflow/example_dags/example_skip_dag.py
[2022-12-06T05:26:32.197+0000] {processor.py:743} INFO - Processing file /home/airflow/.local/lib/python3.7/site-packages/airflow/example_dags/example_skip_dag.py for tasks to queue
[2022-12-06T05:26:32.200+0000] {logging_mixin.py:137} INFO - [2022-12-06T05:26:32.200+0000] {dagbag.py:538} INFO - Filling up the DagBag from /home/airflow/.local/lib/python3.7/site-packages/airflow/example_dags/example_skip_dag.py
[2022-12-06T05:26:32.281+0000] {processor.py:753} INFO - DAG(s) dict_keys(['example_skip_dag']) retrieved from /home/airflow/.local/lib/python3.7/site-packages/airflow/example_dags/example_skip_dag.py
[2022-12-06T05:26:32.486+0000] {logging_mixin.py:137} INFO - [2022-12-06T05:26:32.485+0000] {dag.py:2676} INFO - Sync 1 DAGs
[2022-12-06T05:26:32.655+0000] {logging_mixin.py:137} INFO - [2022-12-06T05:26:32.655+0000] {dag.py:3427} INFO - Setting next_dagrun for example_skip_dag to 2022-12-05T05:26:32.653663+00:00, run_after=2022-12-06T05:26:32.653663+00:00
[2022-12-06T05:26:34.011+0000] {processor.py:175} INFO - Processing /home/airflow/.local/lib/python3.7/site-packages/airflow/example_dags/example_skip_dag.py took 1.837 seconds
[2022-12-06T05:27:09.818+0000] {processor.py:153} INFO - Started process (PID=278) to work on /home/airflow/.local/lib/python3.7/site-packages/airflow/example_dags/example_skip_dag.py
[2022-12-06T05:27:09.821+0000] {processor.py:743} INFO - Processing file /home/airflow/.local/lib/python3.7/site-packages/airflow/example_dags/example_skip_dag.py for tasks to queue
[2022-12-06T05:27:09.823+0000] {logging_mixin.py:137} INFO - [2022-12-06T05:27:09.823+0000] {dagbag.py:538} INFO - Filling up the DagBag from /home/airflow/.local/lib/python3.7/site-packages/airflow/example_dags/example_skip_dag.py
[2022-12-06T05:27:09.849+0000] {processor.py:753} INFO - DAG(s) dict_keys(['example_skip_dag']) retrieved from /home/airflow/.local/lib/python3.7/site-packages/airflow/example_dags/example_skip_dag.py
[2022-12-06T05:27:09.906+0000] {logging_mixin.py:137} INFO - [2022-12-06T05:27:09.906+0000] {dag.py:2676} INFO - Sync 1 DAGs
[2022-12-06T05:27:09.941+0000] {logging_mixin.py:137} INFO - [2022-12-06T05:27:09.941+0000] {dag.py:3427} INFO - Setting next_dagrun for example_skip_dag to 2022-12-05T05:27:09.941373+00:00, run_after=2022-12-06T05:27:09.941373+00:00
[2022-12-06T05:27:09.965+0000] {processor.py:175} INFO - Processing /home/airflow/.local/lib/python3.7/site-packages/airflow/example_dags/example_skip_dag.py took 0.152 seconds
[2022-12-06T05:27:40.583+0000] {processor.py:153} INFO - Started process (PID=346) to work on /home/airflow/.local/lib/python3.7/site-packages/airflow/example_dags/example_skip_dag.py
[2022-12-06T05:27:40.586+0000] {processor.py:743} INFO - Processing file /home/airflow/.local/lib/python3.7/site-packages/airflow/example_dags/example_skip_dag.py for tasks to queue
[2022-12-06T05:27:40.589+0000] {logging_mixin.py:137} INFO - [2022-12-06T05:27:40.588+0000] {dagbag.py:538} INFO - Filling up the DagBag from /home/airflow/.local/lib/python3.7/site-packages/airflow/example_dags/example_skip_dag.py
[2022-12-06T05:27:40.625+0000] {processor.py:753} INFO - DAG(s) dict_keys(['example_skip_dag']) retrieved from /home/airflow/.local/lib/python3.7/site-packages/airflow/example_dags/example_skip_dag.py
[2022-12-06T05:27:40.836+0000] {logging_mixin.py:137} INFO - [2022-12-06T05:27:40.836+0000] {dag.py:2676} INFO - Sync 1 DAGs
[2022-12-06T05:27:40.977+0000] {logging_mixin.py:137} INFO - [2022-12-06T05:27:40.977+0000] {dag.py:3427} INFO - Setting next_dagrun for example_skip_dag to 2022-12-05T05:27:40.976997+00:00, run_after=2022-12-06T05:27:40.976997+00:00
[2022-12-06T05:27:41.494+0000] {processor.py:175} INFO - Processing /home/airflow/.local/lib/python3.7/site-packages/airflow/example_dags/example_skip_dag.py took 0.915 seconds
[2022-12-06T05:28:12.790+0000] {processor.py:153} INFO - Started process (PID=413) to work on /home/airflow/.local/lib/python3.7/site-packages/airflow/example_dags/example_skip_dag.py
[2022-12-06T05:28:12.793+0000] {processor.py:743} INFO - Processing file /home/airflow/.local/lib/python3.7/site-packages/airflow/example_dags/example_skip_dag.py for tasks to queue
[2022-12-06T05:28:12.796+0000] {logging_mixin.py:137} INFO - [2022-12-06T05:28:12.795+0000] {dagbag.py:538} INFO - Filling up the DagBag from /home/airflow/.local/lib/python3.7/site-packages/airflow/example_dags/example_skip_dag.py
[2022-12-06T05:28:12.827+0000] {processor.py:753} INFO - DAG(s) dict_keys(['example_skip_dag']) retrieved from /home/airflow/.local/lib/python3.7/site-packages/airflow/example_dags/example_skip_dag.py
[2022-12-06T05:28:12.888+0000] {logging_mixin.py:137} INFO - [2022-12-06T05:28:12.888+0000] {dag.py:2676} INFO - Sync 1 DAGs
[2022-12-06T05:28:12.935+0000] {logging_mixin.py:137} INFO - [2022-12-06T05:28:12.935+0000] {dag.py:3427} INFO - Setting next_dagrun for example_skip_dag to 2022-12-05T05:28:12.935065+00:00, run_after=2022-12-06T05:28:12.935065+00:00
[2022-12-06T05:28:12.966+0000] {processor.py:175} INFO - Processing /home/airflow/.local/lib/python3.7/site-packages/airflow/example_dags/example_skip_dag.py took 0.181 seconds
[2022-12-06T05:28:44.398+0000] {processor.py:153} INFO - Started process (PID=479) to work on /home/airflow/.local/lib/python3.7/site-packages/airflow/example_dags/example_skip_dag.py
[2022-12-06T05:28:44.402+0000] {processor.py:743} INFO - Processing file /home/airflow/.local/lib/python3.7/site-packages/airflow/example_dags/example_skip_dag.py for tasks to queue
[2022-12-06T05:28:44.405+0000] {logging_mixin.py:137} INFO - [2022-12-06T05:28:44.404+0000] {dagbag.py:538} INFO - Filling up the DagBag from /home/airflow/.local/lib/python3.7/site-packages/airflow/example_dags/example_skip_dag.py
[2022-12-06T05:28:44.440+0000] {processor.py:753} INFO - DAG(s) dict_keys(['example_skip_dag']) retrieved from /home/airflow/.local/lib/python3.7/site-packages/airflow/example_dags/example_skip_dag.py
[2022-12-06T05:28:44.550+0000] {logging_mixin.py:137} INFO - [2022-12-06T05:28:44.550+0000] {dag.py:2676} INFO - Sync 1 DAGs
[2022-12-06T05:28:44.652+0000] {logging_mixin.py:137} INFO - [2022-12-06T05:28:44.651+0000] {dag.py:3427} INFO - Setting next_dagrun for example_skip_dag to 2022-12-05T05:28:44.651030+00:00, run_after=2022-12-06T05:28:44.651030+00:00
[2022-12-06T05:28:44.720+0000] {processor.py:175} INFO - Processing /home/airflow/.local/lib/python3.7/site-packages/airflow/example_dags/example_skip_dag.py took 0.330 seconds
[2022-12-06T05:29:15.394+0000] {processor.py:153} INFO - Started process (PID=548) to work on /home/airflow/.local/lib/python3.7/site-packages/airflow/example_dags/example_skip_dag.py
[2022-12-06T05:29:15.398+0000] {processor.py:743} INFO - Processing file /home/airflow/.local/lib/python3.7/site-packages/airflow/example_dags/example_skip_dag.py for tasks to queue
[2022-12-06T05:29:15.401+0000] {logging_mixin.py:137} INFO - [2022-12-06T05:29:15.401+0000] {dagbag.py:538} INFO - Filling up the DagBag from /home/airflow/.local/lib/python3.7/site-packages/airflow/example_dags/example_skip_dag.py
[2022-12-06T05:29:15.432+0000] {processor.py:753} INFO - DAG(s) dict_keys(['example_skip_dag']) retrieved from /home/airflow/.local/lib/python3.7/site-packages/airflow/example_dags/example_skip_dag.py
[2022-12-06T05:29:15.513+0000] {logging_mixin.py:137} INFO - [2022-12-06T05:29:15.513+0000] {dag.py:2676} INFO - Sync 1 DAGs
[2022-12-06T05:29:15.575+0000] {logging_mixin.py:137} INFO - [2022-12-06T05:29:15.574+0000] {dag.py:3427} INFO - Setting next_dagrun for example_skip_dag to 2022-12-05T05:29:15.574251+00:00, run_after=2022-12-06T05:29:15.574251+00:00
[2022-12-06T05:29:15.607+0000] {processor.py:175} INFO - Processing /home/airflow/.local/lib/python3.7/site-packages/airflow/example_dags/example_skip_dag.py took 0.218 seconds
[2022-12-06T05:30:25.808+0000] {processor.py:153} INFO - Started process (PID=619) to work on /home/airflow/.local/lib/python3.7/site-packages/airflow/example_dags/example_skip_dag.py
[2022-12-06T05:30:25.810+0000] {processor.py:743} INFO - Processing file /home/airflow/.local/lib/python3.7/site-packages/airflow/example_dags/example_skip_dag.py for tasks to queue
[2022-12-06T05:30:25.812+0000] {logging_mixin.py:137} INFO - [2022-12-06T05:30:25.812+0000] {dagbag.py:538} INFO - Filling up the DagBag from /home/airflow/.local/lib/python3.7/site-packages/airflow/example_dags/example_skip_dag.py
[2022-12-06T05:30:25.838+0000] {processor.py:753} INFO - DAG(s) dict_keys(['example_skip_dag']) retrieved from /home/airflow/.local/lib/python3.7/site-packages/airflow/example_dags/example_skip_dag.py
[2022-12-06T05:30:25.916+0000] {logging_mixin.py:137} INFO - [2022-12-06T05:30:25.915+0000] {dag.py:2676} INFO - Sync 1 DAGs
[2022-12-06T05:30:26.010+0000] {logging_mixin.py:137} INFO - [2022-12-06T05:30:26.009+0000] {dag.py:3427} INFO - Setting next_dagrun for example_skip_dag to 2022-12-05T05:30:26.009203+00:00, run_after=2022-12-06T05:30:26.009203+00:00
[2022-12-06T05:30:26.149+0000] {processor.py:175} INFO - Processing /home/airflow/.local/lib/python3.7/site-packages/airflow/example_dags/example_skip_dag.py took 0.346 seconds
[2022-12-06T05:31:10.089+0000] {processor.py:153} INFO - Started process (PID=693) to work on /home/airflow/.local/lib/python3.7/site-packages/airflow/example_dags/example_skip_dag.py
[2022-12-06T05:31:10.093+0000] {processor.py:743} INFO - Processing file /home/airflow/.local/lib/python3.7/site-packages/airflow/example_dags/example_skip_dag.py for tasks to queue
[2022-12-06T05:31:10.096+0000] {logging_mixin.py:137} INFO - [2022-12-06T05:31:10.096+0000] {dagbag.py:538} INFO - Filling up the DagBag from /home/airflow/.local/lib/python3.7/site-packages/airflow/example_dags/example_skip_dag.py
[2022-12-06T05:31:10.142+0000] {processor.py:753} INFO - DAG(s) dict_keys(['example_skip_dag']) retrieved from /home/airflow/.local/lib/python3.7/site-packages/airflow/example_dags/example_skip_dag.py
[2022-12-06T05:31:10.232+0000] {logging_mixin.py:137} INFO - [2022-12-06T05:31:10.231+0000] {dag.py:2676} INFO - Sync 1 DAGs
[2022-12-06T05:31:10.311+0000] {logging_mixin.py:137} INFO - [2022-12-06T05:31:10.310+0000] {dag.py:3427} INFO - Setting next_dagrun for example_skip_dag to 2022-12-05T05:31:10.309475+00:00, run_after=2022-12-06T05:31:10.309475+00:00
[2022-12-06T05:31:10.367+0000] {processor.py:175} INFO - Processing /home/airflow/.local/lib/python3.7/site-packages/airflow/example_dags/example_skip_dag.py took 0.288 seconds
[2022-12-06T05:32:06.935+0000] {processor.py:153} INFO - Started process (PID=760) to work on /home/airflow/.local/lib/python3.7/site-packages/airflow/example_dags/example_skip_dag.py
[2022-12-06T05:32:06.939+0000] {processor.py:743} INFO - Processing file /home/airflow/.local/lib/python3.7/site-packages/airflow/example_dags/example_skip_dag.py for tasks to queue
[2022-12-06T05:32:06.942+0000] {logging_mixin.py:137} INFO - [2022-12-06T05:32:06.942+0000] {dagbag.py:538} INFO - Filling up the DagBag from /home/airflow/.local/lib/python3.7/site-packages/airflow/example_dags/example_skip_dag.py
[2022-12-06T05:32:06.974+0000] {processor.py:753} INFO - DAG(s) dict_keys(['example_skip_dag']) retrieved from /home/airflow/.local/lib/python3.7/site-packages/airflow/example_dags/example_skip_dag.py
[2022-12-06T05:32:07.033+0000] {logging_mixin.py:137} INFO - [2022-12-06T05:32:07.032+0000] {dag.py:2676} INFO - Sync 1 DAGs
[2022-12-06T05:32:07.080+0000] {logging_mixin.py:137} INFO - [2022-12-06T05:32:07.080+0000] {dag.py:3427} INFO - Setting next_dagrun for example_skip_dag to 2022-12-05T05:32:07.080020+00:00, run_after=2022-12-06T05:32:07.080020+00:00
[2022-12-06T05:32:07.117+0000] {processor.py:175} INFO - Processing /home/airflow/.local/lib/python3.7/site-packages/airflow/example_dags/example_skip_dag.py took 0.190 seconds
[2022-12-06T05:48:33.370+0000] {processor.py:153} INFO - Started process (PID=128) to work on /home/airflow/.local/lib/python3.7/site-packages/airflow/example_dags/example_skip_dag.py
[2022-12-06T05:48:33.392+0000] {processor.py:743} INFO - Processing file /home/airflow/.local/lib/python3.7/site-packages/airflow/example_dags/example_skip_dag.py for tasks to queue
[2022-12-06T05:48:33.395+0000] {logging_mixin.py:137} INFO - [2022-12-06T05:48:33.394+0000] {dagbag.py:538} INFO - Filling up the DagBag from /home/airflow/.local/lib/python3.7/site-packages/airflow/example_dags/example_skip_dag.py
[2022-12-06T05:48:33.509+0000] {processor.py:753} INFO - DAG(s) dict_keys(['example_skip_dag']) retrieved from /home/airflow/.local/lib/python3.7/site-packages/airflow/example_dags/example_skip_dag.py
[2022-12-06T05:48:34.098+0000] {logging_mixin.py:137} INFO - [2022-12-06T05:48:34.098+0000] {dag.py:2676} INFO - Sync 1 DAGs
[2022-12-06T05:48:34.224+0000] {logging_mixin.py:137} INFO - [2022-12-06T05:48:34.223+0000] {dag.py:3427} INFO - Setting next_dagrun for example_skip_dag to 2022-12-05T05:48:34.219234+00:00, run_after=2022-12-06T05:48:34.219234+00:00
[2022-12-06T05:48:34.424+0000] {processor.py:175} INFO - Processing /home/airflow/.local/lib/python3.7/site-packages/airflow/example_dags/example_skip_dag.py took 1.093 seconds
[2022-12-06T05:49:17.378+0000] {processor.py:153} INFO - Started process (PID=205) to work on /home/airflow/.local/lib/python3.7/site-packages/airflow/example_dags/example_skip_dag.py
[2022-12-06T05:49:17.381+0000] {processor.py:743} INFO - Processing file /home/airflow/.local/lib/python3.7/site-packages/airflow/example_dags/example_skip_dag.py for tasks to queue
[2022-12-06T05:49:17.384+0000] {logging_mixin.py:137} INFO - [2022-12-06T05:49:17.383+0000] {dagbag.py:538} INFO - Filling up the DagBag from /home/airflow/.local/lib/python3.7/site-packages/airflow/example_dags/example_skip_dag.py
[2022-12-06T05:49:17.444+0000] {processor.py:753} INFO - DAG(s) dict_keys(['example_skip_dag']) retrieved from /home/airflow/.local/lib/python3.7/site-packages/airflow/example_dags/example_skip_dag.py
[2022-12-06T05:49:17.556+0000] {logging_mixin.py:137} INFO - [2022-12-06T05:49:17.555+0000] {dag.py:2676} INFO - Sync 1 DAGs
[2022-12-06T05:49:17.608+0000] {logging_mixin.py:137} INFO - [2022-12-06T05:49:17.608+0000] {dag.py:3427} INFO - Setting next_dagrun for example_skip_dag to 2022-12-05T05:49:17.606757+00:00, run_after=2022-12-06T05:49:17.606757+00:00
[2022-12-06T05:49:17.734+0000] {processor.py:175} INFO - Processing /home/airflow/.local/lib/python3.7/site-packages/airflow/example_dags/example_skip_dag.py took 0.362 seconds
[2022-12-06T05:49:50.933+0000] {processor.py:153} INFO - Started process (PID=279) to work on /home/airflow/.local/lib/python3.7/site-packages/airflow/example_dags/example_skip_dag.py
[2022-12-06T05:49:50.935+0000] {processor.py:743} INFO - Processing file /home/airflow/.local/lib/python3.7/site-packages/airflow/example_dags/example_skip_dag.py for tasks to queue
[2022-12-06T05:49:50.937+0000] {logging_mixin.py:137} INFO - [2022-12-06T05:49:50.937+0000] {dagbag.py:538} INFO - Filling up the DagBag from /home/airflow/.local/lib/python3.7/site-packages/airflow/example_dags/example_skip_dag.py
[2022-12-06T05:49:50.969+0000] {processor.py:753} INFO - DAG(s) dict_keys(['example_skip_dag']) retrieved from /home/airflow/.local/lib/python3.7/site-packages/airflow/example_dags/example_skip_dag.py
[2022-12-06T05:49:51.089+0000] {logging_mixin.py:137} INFO - [2022-12-06T05:49:51.087+0000] {dag.py:2676} INFO - Sync 1 DAGs
[2022-12-06T05:49:51.170+0000] {logging_mixin.py:137} INFO - [2022-12-06T05:49:51.167+0000] {dag.py:3427} INFO - Setting next_dagrun for example_skip_dag to 2022-12-05T05:49:51.165637+00:00, run_after=2022-12-06T05:49:51.165637+00:00
[2022-12-06T05:49:51.322+0000] {processor.py:175} INFO - Processing /home/airflow/.local/lib/python3.7/site-packages/airflow/example_dags/example_skip_dag.py took 0.394 seconds
[2022-12-06T05:50:35.771+0000] {processor.py:153} INFO - Started process (PID=377) to work on /home/airflow/.local/lib/python3.7/site-packages/airflow/example_dags/example_skip_dag.py
[2022-12-06T05:50:35.773+0000] {processor.py:743} INFO - Processing file /home/airflow/.local/lib/python3.7/site-packages/airflow/example_dags/example_skip_dag.py for tasks to queue
[2022-12-06T05:50:35.775+0000] {logging_mixin.py:137} INFO - [2022-12-06T05:50:35.775+0000] {dagbag.py:538} INFO - Filling up the DagBag from /home/airflow/.local/lib/python3.7/site-packages/airflow/example_dags/example_skip_dag.py
[2022-12-06T05:50:35.805+0000] {processor.py:753} INFO - DAG(s) dict_keys(['example_skip_dag']) retrieved from /home/airflow/.local/lib/python3.7/site-packages/airflow/example_dags/example_skip_dag.py
[2022-12-06T05:50:35.880+0000] {logging_mixin.py:137} INFO - [2022-12-06T05:50:35.880+0000] {dag.py:2676} INFO - Sync 1 DAGs
[2022-12-06T05:50:35.933+0000] {logging_mixin.py:137} INFO - [2022-12-06T05:50:35.932+0000] {dag.py:3427} INFO - Setting next_dagrun for example_skip_dag to 2022-12-05T05:50:35.932409+00:00, run_after=2022-12-06T05:50:35.932409+00:00
[2022-12-06T05:50:35.970+0000] {processor.py:175} INFO - Processing /home/airflow/.local/lib/python3.7/site-packages/airflow/example_dags/example_skip_dag.py took 0.209 seconds
[2022-12-06T05:51:26.667+0000] {processor.py:153} INFO - Started process (PID=453) to work on /home/airflow/.local/lib/python3.7/site-packages/airflow/example_dags/example_skip_dag.py
[2022-12-06T05:51:26.670+0000] {processor.py:743} INFO - Processing file /home/airflow/.local/lib/python3.7/site-packages/airflow/example_dags/example_skip_dag.py for tasks to queue
[2022-12-06T05:51:26.673+0000] {logging_mixin.py:137} INFO - [2022-12-06T05:51:26.672+0000] {dagbag.py:538} INFO - Filling up the DagBag from /home/airflow/.local/lib/python3.7/site-packages/airflow/example_dags/example_skip_dag.py
[2022-12-06T05:51:26.707+0000] {processor.py:753} INFO - DAG(s) dict_keys(['example_skip_dag']) retrieved from /home/airflow/.local/lib/python3.7/site-packages/airflow/example_dags/example_skip_dag.py
[2022-12-06T05:51:26.785+0000] {logging_mixin.py:137} INFO - [2022-12-06T05:51:26.784+0000] {dag.py:2676} INFO - Sync 1 DAGs
[2022-12-06T05:51:26.830+0000] {logging_mixin.py:137} INFO - [2022-12-06T05:51:26.830+0000] {dag.py:3427} INFO - Setting next_dagrun for example_skip_dag to 2022-12-05T05:51:26.829631+00:00, run_after=2022-12-06T05:51:26.829631+00:00
[2022-12-06T05:51:26.872+0000] {processor.py:175} INFO - Processing /home/airflow/.local/lib/python3.7/site-packages/airflow/example_dags/example_skip_dag.py took 0.212 seconds
[2022-12-06T05:52:17.102+0000] {processor.py:153} INFO - Started process (PID=519) to work on /home/airflow/.local/lib/python3.7/site-packages/airflow/example_dags/example_skip_dag.py
[2022-12-06T05:52:17.108+0000] {processor.py:743} INFO - Processing file /home/airflow/.local/lib/python3.7/site-packages/airflow/example_dags/example_skip_dag.py for tasks to queue
[2022-12-06T05:52:17.117+0000] {logging_mixin.py:137} INFO - [2022-12-06T05:52:17.116+0000] {dagbag.py:538} INFO - Filling up the DagBag from /home/airflow/.local/lib/python3.7/site-packages/airflow/example_dags/example_skip_dag.py
[2022-12-06T05:52:17.165+0000] {processor.py:753} INFO - DAG(s) dict_keys(['example_skip_dag']) retrieved from /home/airflow/.local/lib/python3.7/site-packages/airflow/example_dags/example_skip_dag.py
[2022-12-06T05:52:17.316+0000] {logging_mixin.py:137} INFO - [2022-12-06T05:52:17.316+0000] {dag.py:2676} INFO - Sync 1 DAGs
[2022-12-06T05:52:17.383+0000] {logging_mixin.py:137} INFO - [2022-12-06T05:52:17.383+0000] {dag.py:3427} INFO - Setting next_dagrun for example_skip_dag to 2022-12-05T05:52:17.382636+00:00, run_after=2022-12-06T05:52:17.382636+00:00
[2022-12-06T05:52:17.426+0000] {processor.py:175} INFO - Processing /home/airflow/.local/lib/python3.7/site-packages/airflow/example_dags/example_skip_dag.py took 0.336 seconds
[2022-12-06T05:53:02.935+0000] {processor.py:153} INFO - Started process (PID=602) to work on /home/airflow/.local/lib/python3.7/site-packages/airflow/example_dags/example_skip_dag.py
[2022-12-06T05:53:02.937+0000] {processor.py:743} INFO - Processing file /home/airflow/.local/lib/python3.7/site-packages/airflow/example_dags/example_skip_dag.py for tasks to queue
[2022-12-06T05:53:02.939+0000] {logging_mixin.py:137} INFO - [2022-12-06T05:53:02.939+0000] {dagbag.py:538} INFO - Filling up the DagBag from /home/airflow/.local/lib/python3.7/site-packages/airflow/example_dags/example_skip_dag.py
[2022-12-06T05:53:02.968+0000] {processor.py:753} INFO - DAG(s) dict_keys(['example_skip_dag']) retrieved from /home/airflow/.local/lib/python3.7/site-packages/airflow/example_dags/example_skip_dag.py
[2022-12-06T05:53:03.055+0000] {logging_mixin.py:137} INFO - [2022-12-06T05:53:03.055+0000] {dag.py:2676} INFO - Sync 1 DAGs
[2022-12-06T05:53:03.150+0000] {logging_mixin.py:137} INFO - [2022-12-06T05:53:03.150+0000] {dag.py:3427} INFO - Setting next_dagrun for example_skip_dag to 2022-12-05T05:53:03.149567+00:00, run_after=2022-12-06T05:53:03.149567+00:00
[2022-12-06T05:53:03.194+0000] {processor.py:175} INFO - Processing /home/airflow/.local/lib/python3.7/site-packages/airflow/example_dags/example_skip_dag.py took 0.265 seconds
[2022-12-06T05:53:44.431+0000] {processor.py:153} INFO - Started process (PID=669) to work on /home/airflow/.local/lib/python3.7/site-packages/airflow/example_dags/example_skip_dag.py
[2022-12-06T05:53:44.433+0000] {processor.py:743} INFO - Processing file /home/airflow/.local/lib/python3.7/site-packages/airflow/example_dags/example_skip_dag.py for tasks to queue
[2022-12-06T05:53:44.435+0000] {logging_mixin.py:137} INFO - [2022-12-06T05:53:44.435+0000] {dagbag.py:538} INFO - Filling up the DagBag from /home/airflow/.local/lib/python3.7/site-packages/airflow/example_dags/example_skip_dag.py
[2022-12-06T05:53:44.460+0000] {processor.py:753} INFO - DAG(s) dict_keys(['example_skip_dag']) retrieved from /home/airflow/.local/lib/python3.7/site-packages/airflow/example_dags/example_skip_dag.py
[2022-12-06T05:53:44.517+0000] {logging_mixin.py:137} INFO - [2022-12-06T05:53:44.516+0000] {dag.py:2676} INFO - Sync 1 DAGs
[2022-12-06T05:53:44.559+0000] {logging_mixin.py:137} INFO - [2022-12-06T05:53:44.559+0000] {dag.py:3427} INFO - Setting next_dagrun for example_skip_dag to 2022-12-05T05:53:44.559246+00:00, run_after=2022-12-06T05:53:44.559246+00:00
[2022-12-06T05:53:44.600+0000] {processor.py:175} INFO - Processing /home/airflow/.local/lib/python3.7/site-packages/airflow/example_dags/example_skip_dag.py took 0.175 seconds
[2022-12-06T05:54:26.032+0000] {processor.py:153} INFO - Started process (PID=752) to work on /home/airflow/.local/lib/python3.7/site-packages/airflow/example_dags/example_skip_dag.py
[2022-12-06T05:54:26.035+0000] {processor.py:743} INFO - Processing file /home/airflow/.local/lib/python3.7/site-packages/airflow/example_dags/example_skip_dag.py for tasks to queue
[2022-12-06T05:54:26.037+0000] {logging_mixin.py:137} INFO - [2022-12-06T05:54:26.037+0000] {dagbag.py:538} INFO - Filling up the DagBag from /home/airflow/.local/lib/python3.7/site-packages/airflow/example_dags/example_skip_dag.py
[2022-12-06T05:54:26.086+0000] {processor.py:753} INFO - DAG(s) dict_keys(['example_skip_dag']) retrieved from /home/airflow/.local/lib/python3.7/site-packages/airflow/example_dags/example_skip_dag.py
[2022-12-06T05:54:26.178+0000] {logging_mixin.py:137} INFO - [2022-12-06T05:54:26.178+0000] {dag.py:2676} INFO - Sync 1 DAGs
[2022-12-06T05:54:26.221+0000] {logging_mixin.py:137} INFO - [2022-12-06T05:54:26.221+0000] {dag.py:3427} INFO - Setting next_dagrun for example_skip_dag to 2022-12-05T05:54:26.220824+00:00, run_after=2022-12-06T05:54:26.220824+00:00
[2022-12-06T05:54:26.252+0000] {processor.py:175} INFO - Processing /home/airflow/.local/lib/python3.7/site-packages/airflow/example_dags/example_skip_dag.py took 0.227 seconds
[2022-12-06T05:54:57.128+0000] {processor.py:153} INFO - Started process (PID=820) to work on /home/airflow/.local/lib/python3.7/site-packages/airflow/example_dags/example_skip_dag.py
[2022-12-06T05:54:57.131+0000] {processor.py:743} INFO - Processing file /home/airflow/.local/lib/python3.7/site-packages/airflow/example_dags/example_skip_dag.py for tasks to queue
[2022-12-06T05:54:57.133+0000] {logging_mixin.py:137} INFO - [2022-12-06T05:54:57.132+0000] {dagbag.py:538} INFO - Filling up the DagBag from /home/airflow/.local/lib/python3.7/site-packages/airflow/example_dags/example_skip_dag.py
[2022-12-06T05:54:57.168+0000] {processor.py:753} INFO - DAG(s) dict_keys(['example_skip_dag']) retrieved from /home/airflow/.local/lib/python3.7/site-packages/airflow/example_dags/example_skip_dag.py
[2022-12-06T05:54:57.246+0000] {logging_mixin.py:137} INFO - [2022-12-06T05:54:57.245+0000] {dag.py:2676} INFO - Sync 1 DAGs
[2022-12-06T05:54:57.348+0000] {logging_mixin.py:137} INFO - [2022-12-06T05:54:57.347+0000] {dag.py:3427} INFO - Setting next_dagrun for example_skip_dag to 2022-12-05T05:54:57.347458+00:00, run_after=2022-12-06T05:54:57.347458+00:00
[2022-12-06T05:54:57.386+0000] {processor.py:175} INFO - Processing /home/airflow/.local/lib/python3.7/site-packages/airflow/example_dags/example_skip_dag.py took 0.262 seconds
[2022-12-06T05:55:41.488+0000] {processor.py:153} INFO - Started process (PID=890) to work on /home/airflow/.local/lib/python3.7/site-packages/airflow/example_dags/example_skip_dag.py
[2022-12-06T05:55:41.490+0000] {processor.py:743} INFO - Processing file /home/airflow/.local/lib/python3.7/site-packages/airflow/example_dags/example_skip_dag.py for tasks to queue
[2022-12-06T05:55:41.492+0000] {logging_mixin.py:137} INFO - [2022-12-06T05:55:41.491+0000] {dagbag.py:538} INFO - Filling up the DagBag from /home/airflow/.local/lib/python3.7/site-packages/airflow/example_dags/example_skip_dag.py
[2022-12-06T05:55:41.516+0000] {processor.py:753} INFO - DAG(s) dict_keys(['example_skip_dag']) retrieved from /home/airflow/.local/lib/python3.7/site-packages/airflow/example_dags/example_skip_dag.py
[2022-12-06T05:55:41.570+0000] {logging_mixin.py:137} INFO - [2022-12-06T05:55:41.570+0000] {dag.py:2676} INFO - Sync 1 DAGs
[2022-12-06T05:55:41.605+0000] {logging_mixin.py:137} INFO - [2022-12-06T05:55:41.605+0000] {dag.py:3427} INFO - Setting next_dagrun for example_skip_dag to 2022-12-05T05:55:41.605038+00:00, run_after=2022-12-06T05:55:41.605038+00:00
[2022-12-06T05:55:41.636+0000] {processor.py:175} INFO - Processing /home/airflow/.local/lib/python3.7/site-packages/airflow/example_dags/example_skip_dag.py took 0.153 seconds
[2022-12-06T05:56:32.900+0000] {processor.py:153} INFO - Started process (PID=957) to work on /home/airflow/.local/lib/python3.7/site-packages/airflow/example_dags/example_skip_dag.py
[2022-12-06T05:56:32.902+0000] {processor.py:743} INFO - Processing file /home/airflow/.local/lib/python3.7/site-packages/airflow/example_dags/example_skip_dag.py for tasks to queue
[2022-12-06T05:56:32.904+0000] {logging_mixin.py:137} INFO - [2022-12-06T05:56:32.903+0000] {dagbag.py:538} INFO - Filling up the DagBag from /home/airflow/.local/lib/python3.7/site-packages/airflow/example_dags/example_skip_dag.py
[2022-12-06T05:56:32.928+0000] {processor.py:753} INFO - DAG(s) dict_keys(['example_skip_dag']) retrieved from /home/airflow/.local/lib/python3.7/site-packages/airflow/example_dags/example_skip_dag.py
[2022-12-06T05:56:32.989+0000] {logging_mixin.py:137} INFO - [2022-12-06T05:56:32.989+0000] {dag.py:2676} INFO - Sync 1 DAGs
[2022-12-06T05:56:33.046+0000] {logging_mixin.py:137} INFO - [2022-12-06T05:56:33.046+0000] {dag.py:3427} INFO - Setting next_dagrun for example_skip_dag to 2022-12-05T05:56:33.045982+00:00, run_after=2022-12-06T05:56:33.045982+00:00
[2022-12-06T05:56:33.088+0000] {processor.py:175} INFO - Processing /home/airflow/.local/lib/python3.7/site-packages/airflow/example_dags/example_skip_dag.py took 0.192 seconds
[2022-12-06T05:57:18.399+0000] {processor.py:153} INFO - Started process (PID=1042) to work on /home/airflow/.local/lib/python3.7/site-packages/airflow/example_dags/example_skip_dag.py
[2022-12-06T05:57:18.402+0000] {processor.py:743} INFO - Processing file /home/airflow/.local/lib/python3.7/site-packages/airflow/example_dags/example_skip_dag.py for tasks to queue
[2022-12-06T05:57:18.404+0000] {logging_mixin.py:137} INFO - [2022-12-06T05:57:18.404+0000] {dagbag.py:538} INFO - Filling up the DagBag from /home/airflow/.local/lib/python3.7/site-packages/airflow/example_dags/example_skip_dag.py
[2022-12-06T05:57:18.461+0000] {processor.py:753} INFO - DAG(s) dict_keys(['example_skip_dag']) retrieved from /home/airflow/.local/lib/python3.7/site-packages/airflow/example_dags/example_skip_dag.py
[2022-12-06T05:57:18.526+0000] {logging_mixin.py:137} INFO - [2022-12-06T05:57:18.526+0000] {dag.py:2676} INFO - Sync 1 DAGs
[2022-12-06T05:57:18.567+0000] {logging_mixin.py:137} INFO - [2022-12-06T05:57:18.567+0000] {dag.py:3427} INFO - Setting next_dagrun for example_skip_dag to 2022-12-05T05:57:18.566847+00:00, run_after=2022-12-06T05:57:18.566847+00:00
[2022-12-06T05:57:18.598+0000] {processor.py:175} INFO - Processing /home/airflow/.local/lib/python3.7/site-packages/airflow/example_dags/example_skip_dag.py took 0.208 seconds
[2022-12-06T05:57:57.862+0000] {processor.py:153} INFO - Started process (PID=1110) to work on /home/airflow/.local/lib/python3.7/site-packages/airflow/example_dags/example_skip_dag.py
[2022-12-06T05:57:57.865+0000] {processor.py:743} INFO - Processing file /home/airflow/.local/lib/python3.7/site-packages/airflow/example_dags/example_skip_dag.py for tasks to queue
[2022-12-06T05:57:57.868+0000] {logging_mixin.py:137} INFO - [2022-12-06T05:57:57.868+0000] {dagbag.py:538} INFO - Filling up the DagBag from /home/airflow/.local/lib/python3.7/site-packages/airflow/example_dags/example_skip_dag.py
[2022-12-06T05:57:57.908+0000] {processor.py:753} INFO - DAG(s) dict_keys(['example_skip_dag']) retrieved from /home/airflow/.local/lib/python3.7/site-packages/airflow/example_dags/example_skip_dag.py
[2022-12-06T05:57:58.000+0000] {logging_mixin.py:137} INFO - [2022-12-06T05:57:58.000+0000] {dag.py:2676} INFO - Sync 1 DAGs
[2022-12-06T05:57:58.053+0000] {logging_mixin.py:137} INFO - [2022-12-06T05:57:58.053+0000] {dag.py:3427} INFO - Setting next_dagrun for example_skip_dag to 2022-12-05T05:57:58.052244+00:00, run_after=2022-12-06T05:57:58.052244+00:00
[2022-12-06T05:57:58.097+0000] {processor.py:175} INFO - Processing /home/airflow/.local/lib/python3.7/site-packages/airflow/example_dags/example_skip_dag.py took 0.241 seconds
[2022-12-06T05:58:37.604+0000] {processor.py:153} INFO - Started process (PID=1190) to work on /home/airflow/.local/lib/python3.7/site-packages/airflow/example_dags/example_skip_dag.py
[2022-12-06T05:58:37.608+0000] {processor.py:743} INFO - Processing file /home/airflow/.local/lib/python3.7/site-packages/airflow/example_dags/example_skip_dag.py for tasks to queue
[2022-12-06T05:58:37.611+0000] {logging_mixin.py:137} INFO - [2022-12-06T05:58:37.611+0000] {dagbag.py:538} INFO - Filling up the DagBag from /home/airflow/.local/lib/python3.7/site-packages/airflow/example_dags/example_skip_dag.py
[2022-12-06T05:58:37.651+0000] {processor.py:753} INFO - DAG(s) dict_keys(['example_skip_dag']) retrieved from /home/airflow/.local/lib/python3.7/site-packages/airflow/example_dags/example_skip_dag.py
[2022-12-06T05:58:37.736+0000] {logging_mixin.py:137} INFO - [2022-12-06T05:58:37.735+0000] {dag.py:2676} INFO - Sync 1 DAGs
[2022-12-06T05:58:37.883+0000] {logging_mixin.py:137} INFO - [2022-12-06T05:58:37.883+0000] {dag.py:3427} INFO - Setting next_dagrun for example_skip_dag to 2022-12-05T05:58:37.882773+00:00, run_after=2022-12-06T05:58:37.882773+00:00
[2022-12-06T05:58:37.953+0000] {processor.py:175} INFO - Processing /home/airflow/.local/lib/python3.7/site-packages/airflow/example_dags/example_skip_dag.py took 0.357 seconds
[2022-12-06T05:59:19.541+0000] {processor.py:153} INFO - Started process (PID=1263) to work on /home/airflow/.local/lib/python3.7/site-packages/airflow/example_dags/example_skip_dag.py
[2022-12-06T05:59:19.544+0000] {processor.py:743} INFO - Processing file /home/airflow/.local/lib/python3.7/site-packages/airflow/example_dags/example_skip_dag.py for tasks to queue
[2022-12-06T05:59:19.546+0000] {logging_mixin.py:137} INFO - [2022-12-06T05:59:19.546+0000] {dagbag.py:538} INFO - Filling up the DagBag from /home/airflow/.local/lib/python3.7/site-packages/airflow/example_dags/example_skip_dag.py
[2022-12-06T05:59:19.583+0000] {processor.py:753} INFO - DAG(s) dict_keys(['example_skip_dag']) retrieved from /home/airflow/.local/lib/python3.7/site-packages/airflow/example_dags/example_skip_dag.py
[2022-12-06T05:59:19.661+0000] {logging_mixin.py:137} INFO - [2022-12-06T05:59:19.661+0000] {dag.py:2676} INFO - Sync 1 DAGs
[2022-12-06T05:59:19.727+0000] {logging_mixin.py:137} INFO - [2022-12-06T05:59:19.726+0000] {dag.py:3427} INFO - Setting next_dagrun for example_skip_dag to 2022-12-05T05:59:19.725954+00:00, run_after=2022-12-06T05:59:19.725954+00:00
[2022-12-06T05:59:19.792+0000] {processor.py:175} INFO - Processing /home/airflow/.local/lib/python3.7/site-packages/airflow/example_dags/example_skip_dag.py took 0.257 seconds
[2022-12-06T05:59:57.994+0000] {processor.py:153} INFO - Started process (PID=1330) to work on /home/airflow/.local/lib/python3.7/site-packages/airflow/example_dags/example_skip_dag.py
[2022-12-06T05:59:57.997+0000] {processor.py:743} INFO - Processing file /home/airflow/.local/lib/python3.7/site-packages/airflow/example_dags/example_skip_dag.py for tasks to queue
[2022-12-06T05:59:57.998+0000] {logging_mixin.py:137} INFO - [2022-12-06T05:59:57.998+0000] {dagbag.py:538} INFO - Filling up the DagBag from /home/airflow/.local/lib/python3.7/site-packages/airflow/example_dags/example_skip_dag.py
[2022-12-06T05:59:58.019+0000] {processor.py:753} INFO - DAG(s) dict_keys(['example_skip_dag']) retrieved from /home/airflow/.local/lib/python3.7/site-packages/airflow/example_dags/example_skip_dag.py
[2022-12-06T05:59:58.068+0000] {logging_mixin.py:137} INFO - [2022-12-06T05:59:58.068+0000] {dag.py:2676} INFO - Sync 1 DAGs
[2022-12-06T05:59:58.102+0000] {logging_mixin.py:137} INFO - [2022-12-06T05:59:58.101+0000] {dag.py:3427} INFO - Setting next_dagrun for example_skip_dag to 2022-12-05T05:59:58.101475+00:00, run_after=2022-12-06T05:59:58.101475+00:00
[2022-12-06T05:59:58.130+0000] {processor.py:175} INFO - Processing /home/airflow/.local/lib/python3.7/site-packages/airflow/example_dags/example_skip_dag.py took 0.144 seconds
[2022-12-06T06:00:46.549+0000] {processor.py:153} INFO - Started process (PID=1414) to work on /home/airflow/.local/lib/python3.7/site-packages/airflow/example_dags/example_skip_dag.py
[2022-12-06T06:00:46.552+0000] {processor.py:743} INFO - Processing file /home/airflow/.local/lib/python3.7/site-packages/airflow/example_dags/example_skip_dag.py for tasks to queue
[2022-12-06T06:00:46.554+0000] {logging_mixin.py:137} INFO - [2022-12-06T06:00:46.554+0000] {dagbag.py:538} INFO - Filling up the DagBag from /home/airflow/.local/lib/python3.7/site-packages/airflow/example_dags/example_skip_dag.py
[2022-12-06T06:00:46.583+0000] {processor.py:753} INFO - DAG(s) dict_keys(['example_skip_dag']) retrieved from /home/airflow/.local/lib/python3.7/site-packages/airflow/example_dags/example_skip_dag.py
[2022-12-06T06:00:46.662+0000] {logging_mixin.py:137} INFO - [2022-12-06T06:00:46.661+0000] {dag.py:2676} INFO - Sync 1 DAGs
[2022-12-06T06:00:46.710+0000] {logging_mixin.py:137} INFO - [2022-12-06T06:00:46.710+0000] {dag.py:3427} INFO - Setting next_dagrun for example_skip_dag to 2022-12-05T06:00:46.710057+00:00, run_after=2022-12-06T06:00:46.710057+00:00
[2022-12-06T06:00:46.757+0000] {processor.py:175} INFO - Processing /home/airflow/.local/lib/python3.7/site-packages/airflow/example_dags/example_skip_dag.py took 0.214 seconds
[2022-12-06T06:01:16.998+0000] {processor.py:153} INFO - Started process (PID=1491) to work on /home/airflow/.local/lib/python3.7/site-packages/airflow/example_dags/example_skip_dag.py
[2022-12-06T06:01:17.001+0000] {processor.py:743} INFO - Processing file /home/airflow/.local/lib/python3.7/site-packages/airflow/example_dags/example_skip_dag.py for tasks to queue
[2022-12-06T06:01:17.003+0000] {logging_mixin.py:137} INFO - [2022-12-06T06:01:17.003+0000] {dagbag.py:538} INFO - Filling up the DagBag from /home/airflow/.local/lib/python3.7/site-packages/airflow/example_dags/example_skip_dag.py
[2022-12-06T06:01:17.031+0000] {processor.py:753} INFO - DAG(s) dict_keys(['example_skip_dag']) retrieved from /home/airflow/.local/lib/python3.7/site-packages/airflow/example_dags/example_skip_dag.py
[2022-12-06T06:01:17.092+0000] {logging_mixin.py:137} INFO - [2022-12-06T06:01:17.091+0000] {dag.py:2676} INFO - Sync 1 DAGs
[2022-12-06T06:01:17.128+0000] {logging_mixin.py:137} INFO - [2022-12-06T06:01:17.127+0000] {dag.py:3427} INFO - Setting next_dagrun for example_skip_dag to 2022-12-05T06:01:17.127471+00:00, run_after=2022-12-06T06:01:17.127471+00:00
[2022-12-06T06:01:17.160+0000] {processor.py:175} INFO - Processing /home/airflow/.local/lib/python3.7/site-packages/airflow/example_dags/example_skip_dag.py took 0.167 seconds
[2022-12-06T06:01:48.784+0000] {processor.py:153} INFO - Started process (PID=1565) to work on /home/airflow/.local/lib/python3.7/site-packages/airflow/example_dags/example_skip_dag.py
[2022-12-06T06:01:48.787+0000] {processor.py:743} INFO - Processing file /home/airflow/.local/lib/python3.7/site-packages/airflow/example_dags/example_skip_dag.py for tasks to queue
[2022-12-06T06:01:48.790+0000] {logging_mixin.py:137} INFO - [2022-12-06T06:01:48.789+0000] {dagbag.py:538} INFO - Filling up the DagBag from /home/airflow/.local/lib/python3.7/site-packages/airflow/example_dags/example_skip_dag.py
[2022-12-06T06:01:48.834+0000] {processor.py:753} INFO - DAG(s) dict_keys(['example_skip_dag']) retrieved from /home/airflow/.local/lib/python3.7/site-packages/airflow/example_dags/example_skip_dag.py
[2022-12-06T06:01:48.906+0000] {logging_mixin.py:137} INFO - [2022-12-06T06:01:48.906+0000] {dag.py:2676} INFO - Sync 1 DAGs
[2022-12-06T06:01:48.958+0000] {logging_mixin.py:137} INFO - [2022-12-06T06:01:48.958+0000] {dag.py:3427} INFO - Setting next_dagrun for example_skip_dag to 2022-12-05T06:01:48.958112+00:00, run_after=2022-12-06T06:01:48.958112+00:00
[2022-12-06T06:01:48.991+0000] {processor.py:175} INFO - Processing /home/airflow/.local/lib/python3.7/site-packages/airflow/example_dags/example_skip_dag.py took 0.214 seconds
[2022-12-06T06:02:25.258+0000] {processor.py:153} INFO - Started process (PID=1632) to work on /home/airflow/.local/lib/python3.7/site-packages/airflow/example_dags/example_skip_dag.py
[2022-12-06T06:02:25.261+0000] {processor.py:743} INFO - Processing file /home/airflow/.local/lib/python3.7/site-packages/airflow/example_dags/example_skip_dag.py for tasks to queue
[2022-12-06T06:02:25.266+0000] {logging_mixin.py:137} INFO - [2022-12-06T06:02:25.265+0000] {dagbag.py:538} INFO - Filling up the DagBag from /home/airflow/.local/lib/python3.7/site-packages/airflow/example_dags/example_skip_dag.py
[2022-12-06T06:02:25.301+0000] {processor.py:753} INFO - DAG(s) dict_keys(['example_skip_dag']) retrieved from /home/airflow/.local/lib/python3.7/site-packages/airflow/example_dags/example_skip_dag.py
[2022-12-06T06:02:25.408+0000] {logging_mixin.py:137} INFO - [2022-12-06T06:02:25.408+0000] {dag.py:2676} INFO - Sync 1 DAGs
[2022-12-06T06:02:25.460+0000] {logging_mixin.py:137} INFO - [2022-12-06T06:02:25.460+0000] {dag.py:3427} INFO - Setting next_dagrun for example_skip_dag to 2022-12-05T06:02:25.460034+00:00, run_after=2022-12-06T06:02:25.460034+00:00
[2022-12-06T06:02:25.504+0000] {processor.py:175} INFO - Processing /home/airflow/.local/lib/python3.7/site-packages/airflow/example_dags/example_skip_dag.py took 0.253 seconds
[2022-12-06T06:03:09.661+0000] {processor.py:153} INFO - Started process (PID=1702) to work on /home/airflow/.local/lib/python3.7/site-packages/airflow/example_dags/example_skip_dag.py
[2022-12-06T06:03:09.665+0000] {processor.py:743} INFO - Processing file /home/airflow/.local/lib/python3.7/site-packages/airflow/example_dags/example_skip_dag.py for tasks to queue
[2022-12-06T06:03:09.667+0000] {logging_mixin.py:137} INFO - [2022-12-06T06:03:09.667+0000] {dagbag.py:538} INFO - Filling up the DagBag from /home/airflow/.local/lib/python3.7/site-packages/airflow/example_dags/example_skip_dag.py
[2022-12-06T06:03:09.709+0000] {processor.py:753} INFO - DAG(s) dict_keys(['example_skip_dag']) retrieved from /home/airflow/.local/lib/python3.7/site-packages/airflow/example_dags/example_skip_dag.py
[2022-12-06T06:03:09.827+0000] {logging_mixin.py:137} INFO - [2022-12-06T06:03:09.827+0000] {dag.py:2676} INFO - Sync 1 DAGs
[2022-12-06T06:03:09.889+0000] {logging_mixin.py:137} INFO - [2022-12-06T06:03:09.889+0000] {dag.py:3427} INFO - Setting next_dagrun for example_skip_dag to 2022-12-05T06:03:09.888940+00:00, run_after=2022-12-06T06:03:09.888940+00:00
[2022-12-06T06:03:09.927+0000] {processor.py:175} INFO - Processing /home/airflow/.local/lib/python3.7/site-packages/airflow/example_dags/example_skip_dag.py took 0.275 seconds
[2022-12-06T06:04:05.415+0000] {processor.py:153} INFO - Started process (PID=1797) to work on /home/airflow/.local/lib/python3.7/site-packages/airflow/example_dags/example_skip_dag.py
[2022-12-06T06:04:05.426+0000] {processor.py:743} INFO - Processing file /home/airflow/.local/lib/python3.7/site-packages/airflow/example_dags/example_skip_dag.py for tasks to queue
[2022-12-06T06:04:05.443+0000] {logging_mixin.py:137} INFO - [2022-12-06T06:04:05.442+0000] {dagbag.py:538} INFO - Filling up the DagBag from /home/airflow/.local/lib/python3.7/site-packages/airflow/example_dags/example_skip_dag.py
[2022-12-06T06:04:05.528+0000] {processor.py:753} INFO - DAG(s) dict_keys(['example_skip_dag']) retrieved from /home/airflow/.local/lib/python3.7/site-packages/airflow/example_dags/example_skip_dag.py
[2022-12-06T06:04:05.686+0000] {logging_mixin.py:137} INFO - [2022-12-06T06:04:05.686+0000] {dag.py:2676} INFO - Sync 1 DAGs
[2022-12-06T06:04:05.779+0000] {logging_mixin.py:137} INFO - [2022-12-06T06:04:05.778+0000] {dag.py:3427} INFO - Setting next_dagrun for example_skip_dag to 2022-12-05T06:04:05.777655+00:00, run_after=2022-12-06T06:04:05.777655+00:00
[2022-12-06T06:04:05.940+0000] {processor.py:175} INFO - Processing /home/airflow/.local/lib/python3.7/site-packages/airflow/example_dags/example_skip_dag.py took 0.546 seconds
[2022-12-06T06:04:38.916+0000] {processor.py:153} INFO - Started process (PID=1865) to work on /home/airflow/.local/lib/python3.7/site-packages/airflow/example_dags/example_skip_dag.py
[2022-12-06T06:04:38.918+0000] {processor.py:743} INFO - Processing file /home/airflow/.local/lib/python3.7/site-packages/airflow/example_dags/example_skip_dag.py for tasks to queue
[2022-12-06T06:04:38.920+0000] {logging_mixin.py:137} INFO - [2022-12-06T06:04:38.920+0000] {dagbag.py:538} INFO - Filling up the DagBag from /home/airflow/.local/lib/python3.7/site-packages/airflow/example_dags/example_skip_dag.py
[2022-12-06T06:04:38.941+0000] {processor.py:753} INFO - DAG(s) dict_keys(['example_skip_dag']) retrieved from /home/airflow/.local/lib/python3.7/site-packages/airflow/example_dags/example_skip_dag.py
[2022-12-06T06:04:38.995+0000] {logging_mixin.py:137} INFO - [2022-12-06T06:04:38.995+0000] {dag.py:2676} INFO - Sync 1 DAGs
[2022-12-06T06:04:39.041+0000] {logging_mixin.py:137} INFO - [2022-12-06T06:04:39.041+0000] {dag.py:3427} INFO - Setting next_dagrun for example_skip_dag to 2022-12-05T06:04:39.040681+00:00, run_after=2022-12-06T06:04:39.040681+00:00
[2022-12-06T06:04:39.073+0000] {processor.py:175} INFO - Processing /home/airflow/.local/lib/python3.7/site-packages/airflow/example_dags/example_skip_dag.py took 0.161 seconds
[2022-12-06T06:05:19.612+0000] {processor.py:153} INFO - Started process (PID=1934) to work on /home/airflow/.local/lib/python3.7/site-packages/airflow/example_dags/example_skip_dag.py
[2022-12-06T06:05:19.615+0000] {processor.py:743} INFO - Processing file /home/airflow/.local/lib/python3.7/site-packages/airflow/example_dags/example_skip_dag.py for tasks to queue
[2022-12-06T06:05:19.617+0000] {logging_mixin.py:137} INFO - [2022-12-06T06:05:19.616+0000] {dagbag.py:538} INFO - Filling up the DagBag from /home/airflow/.local/lib/python3.7/site-packages/airflow/example_dags/example_skip_dag.py
[2022-12-06T06:05:19.644+0000] {processor.py:753} INFO - DAG(s) dict_keys(['example_skip_dag']) retrieved from /home/airflow/.local/lib/python3.7/site-packages/airflow/example_dags/example_skip_dag.py
[2022-12-06T06:05:19.713+0000] {logging_mixin.py:137} INFO - [2022-12-06T06:05:19.713+0000] {dag.py:2676} INFO - Sync 1 DAGs
[2022-12-06T06:05:19.763+0000] {logging_mixin.py:137} INFO - [2022-12-06T06:05:19.763+0000] {dag.py:3427} INFO - Setting next_dagrun for example_skip_dag to 2022-12-05T06:05:19.763099+00:00, run_after=2022-12-06T06:05:19.763099+00:00
[2022-12-06T06:05:19.796+0000] {processor.py:175} INFO - Processing /home/airflow/.local/lib/python3.7/site-packages/airflow/example_dags/example_skip_dag.py took 0.190 seconds
[2022-12-06T06:05:49.962+0000] {processor.py:153} INFO - Started process (PID=2002) to work on /home/airflow/.local/lib/python3.7/site-packages/airflow/example_dags/example_skip_dag.py
[2022-12-06T06:05:49.964+0000] {processor.py:743} INFO - Processing file /home/airflow/.local/lib/python3.7/site-packages/airflow/example_dags/example_skip_dag.py for tasks to queue
[2022-12-06T06:05:49.966+0000] {logging_mixin.py:137} INFO - [2022-12-06T06:05:49.966+0000] {dagbag.py:538} INFO - Filling up the DagBag from /home/airflow/.local/lib/python3.7/site-packages/airflow/example_dags/example_skip_dag.py
[2022-12-06T06:05:49.990+0000] {processor.py:753} INFO - DAG(s) dict_keys(['example_skip_dag']) retrieved from /home/airflow/.local/lib/python3.7/site-packages/airflow/example_dags/example_skip_dag.py
[2022-12-06T06:05:50.041+0000] {logging_mixin.py:137} INFO - [2022-12-06T06:05:50.041+0000] {dag.py:2676} INFO - Sync 1 DAGs
[2022-12-06T06:05:50.075+0000] {logging_mixin.py:137} INFO - [2022-12-06T06:05:50.075+0000] {dag.py:3427} INFO - Setting next_dagrun for example_skip_dag to 2022-12-05T06:05:50.074698+00:00, run_after=2022-12-06T06:05:50.074698+00:00
[2022-12-06T06:05:50.097+0000] {processor.py:175} INFO - Processing /home/airflow/.local/lib/python3.7/site-packages/airflow/example_dags/example_skip_dag.py took 0.141 seconds
[2022-12-06T06:06:28.671+0000] {processor.py:153} INFO - Started process (PID=2069) to work on /home/airflow/.local/lib/python3.7/site-packages/airflow/example_dags/example_skip_dag.py
[2022-12-06T06:06:28.674+0000] {processor.py:743} INFO - Processing file /home/airflow/.local/lib/python3.7/site-packages/airflow/example_dags/example_skip_dag.py for tasks to queue
[2022-12-06T06:06:28.676+0000] {logging_mixin.py:137} INFO - [2022-12-06T06:06:28.676+0000] {dagbag.py:538} INFO - Filling up the DagBag from /home/airflow/.local/lib/python3.7/site-packages/airflow/example_dags/example_skip_dag.py
[2022-12-06T06:06:28.727+0000] {processor.py:753} INFO - DAG(s) dict_keys(['example_skip_dag']) retrieved from /home/airflow/.local/lib/python3.7/site-packages/airflow/example_dags/example_skip_dag.py
[2022-12-06T06:06:28.820+0000] {logging_mixin.py:137} INFO - [2022-12-06T06:06:28.820+0000] {dag.py:2676} INFO - Sync 1 DAGs
[2022-12-06T06:06:28.886+0000] {logging_mixin.py:137} INFO - [2022-12-06T06:06:28.885+0000] {dag.py:3427} INFO - Setting next_dagrun for example_skip_dag to 2022-12-05T06:06:28.884945+00:00, run_after=2022-12-06T06:06:28.884945+00:00
[2022-12-06T06:06:28.979+0000] {processor.py:175} INFO - Processing /home/airflow/.local/lib/python3.7/site-packages/airflow/example_dags/example_skip_dag.py took 0.314 seconds
[2022-12-06T06:07:06.535+0000] {processor.py:153} INFO - Started process (PID=2151) to work on /home/airflow/.local/lib/python3.7/site-packages/airflow/example_dags/example_skip_dag.py
[2022-12-06T06:07:06.538+0000] {processor.py:743} INFO - Processing file /home/airflow/.local/lib/python3.7/site-packages/airflow/example_dags/example_skip_dag.py for tasks to queue
[2022-12-06T06:07:06.540+0000] {logging_mixin.py:137} INFO - [2022-12-06T06:07:06.540+0000] {dagbag.py:538} INFO - Filling up the DagBag from /home/airflow/.local/lib/python3.7/site-packages/airflow/example_dags/example_skip_dag.py
[2022-12-06T06:07:06.578+0000] {processor.py:753} INFO - DAG(s) dict_keys(['example_skip_dag']) retrieved from /home/airflow/.local/lib/python3.7/site-packages/airflow/example_dags/example_skip_dag.py
[2022-12-06T06:07:06.712+0000] {logging_mixin.py:137} INFO - [2022-12-06T06:07:06.712+0000] {dag.py:2676} INFO - Sync 1 DAGs
[2022-12-06T06:07:06.755+0000] {logging_mixin.py:137} INFO - [2022-12-06T06:07:06.754+0000] {dag.py:3427} INFO - Setting next_dagrun for example_skip_dag to 2022-12-05T06:07:06.754534+00:00, run_after=2022-12-06T06:07:06.754534+00:00
[2022-12-06T06:07:06.797+0000] {processor.py:175} INFO - Processing /home/airflow/.local/lib/python3.7/site-packages/airflow/example_dags/example_skip_dag.py took 0.271 seconds
[2022-12-06T06:07:46.279+0000] {processor.py:153} INFO - Started process (PID=2204) to work on /home/airflow/.local/lib/python3.7/site-packages/airflow/example_dags/example_skip_dag.py
[2022-12-06T06:07:46.281+0000] {processor.py:743} INFO - Processing file /home/airflow/.local/lib/python3.7/site-packages/airflow/example_dags/example_skip_dag.py for tasks to queue
[2022-12-06T06:07:46.283+0000] {logging_mixin.py:137} INFO - [2022-12-06T06:07:46.283+0000] {dagbag.py:538} INFO - Filling up the DagBag from /home/airflow/.local/lib/python3.7/site-packages/airflow/example_dags/example_skip_dag.py
[2022-12-06T06:07:46.309+0000] {processor.py:753} INFO - DAG(s) dict_keys(['example_skip_dag']) retrieved from /home/airflow/.local/lib/python3.7/site-packages/airflow/example_dags/example_skip_dag.py
[2022-12-06T06:07:46.367+0000] {logging_mixin.py:137} INFO - [2022-12-06T06:07:46.367+0000] {dag.py:2676} INFO - Sync 1 DAGs
[2022-12-06T06:07:46.405+0000] {logging_mixin.py:137} INFO - [2022-12-06T06:07:46.405+0000] {dag.py:3427} INFO - Setting next_dagrun for example_skip_dag to 2022-12-05T06:07:46.404424+00:00, run_after=2022-12-06T06:07:46.404424+00:00
[2022-12-06T06:07:46.439+0000] {processor.py:175} INFO - Processing /home/airflow/.local/lib/python3.7/site-packages/airflow/example_dags/example_skip_dag.py took 0.165 seconds
[2022-12-06T06:08:45.500+0000] {processor.py:153} INFO - Started process (PID=2286) to work on /home/airflow/.local/lib/python3.7/site-packages/airflow/example_dags/example_skip_dag.py
[2022-12-06T06:08:45.502+0000] {processor.py:743} INFO - Processing file /home/airflow/.local/lib/python3.7/site-packages/airflow/example_dags/example_skip_dag.py for tasks to queue
[2022-12-06T06:08:45.504+0000] {logging_mixin.py:137} INFO - [2022-12-06T06:08:45.504+0000] {dagbag.py:538} INFO - Filling up the DagBag from /home/airflow/.local/lib/python3.7/site-packages/airflow/example_dags/example_skip_dag.py
[2022-12-06T06:08:45.530+0000] {processor.py:753} INFO - DAG(s) dict_keys(['example_skip_dag']) retrieved from /home/airflow/.local/lib/python3.7/site-packages/airflow/example_dags/example_skip_dag.py
[2022-12-06T06:08:45.597+0000] {logging_mixin.py:137} INFO - [2022-12-06T06:08:45.597+0000] {dag.py:2676} INFO - Sync 1 DAGs
[2022-12-06T06:08:45.645+0000] {logging_mixin.py:137} INFO - [2022-12-06T06:08:45.645+0000] {dag.py:3427} INFO - Setting next_dagrun for example_skip_dag to 2022-12-05T06:08:45.645311+00:00, run_after=2022-12-06T06:08:45.645311+00:00
[2022-12-06T06:08:45.676+0000] {processor.py:175} INFO - Processing /home/airflow/.local/lib/python3.7/site-packages/airflow/example_dags/example_skip_dag.py took 0.181 seconds
[2022-12-06T06:09:16.640+0000] {processor.py:153} INFO - Started process (PID=2353) to work on /home/airflow/.local/lib/python3.7/site-packages/airflow/example_dags/example_skip_dag.py
[2022-12-06T06:09:16.643+0000] {processor.py:743} INFO - Processing file /home/airflow/.local/lib/python3.7/site-packages/airflow/example_dags/example_skip_dag.py for tasks to queue
[2022-12-06T06:09:16.644+0000] {logging_mixin.py:137} INFO - [2022-12-06T06:09:16.644+0000] {dagbag.py:538} INFO - Filling up the DagBag from /home/airflow/.local/lib/python3.7/site-packages/airflow/example_dags/example_skip_dag.py
[2022-12-06T06:09:16.671+0000] {processor.py:753} INFO - DAG(s) dict_keys(['example_skip_dag']) retrieved from /home/airflow/.local/lib/python3.7/site-packages/airflow/example_dags/example_skip_dag.py
[2022-12-06T06:09:16.724+0000] {logging_mixin.py:137} INFO - [2022-12-06T06:09:16.724+0000] {dag.py:2676} INFO - Sync 1 DAGs
[2022-12-06T06:09:16.763+0000] {logging_mixin.py:137} INFO - [2022-12-06T06:09:16.763+0000] {dag.py:3427} INFO - Setting next_dagrun for example_skip_dag to 2022-12-05T06:09:16.762881+00:00, run_after=2022-12-06T06:09:16.762881+00:00
[2022-12-06T06:09:16.794+0000] {processor.py:175} INFO - Processing /home/airflow/.local/lib/python3.7/site-packages/airflow/example_dags/example_skip_dag.py took 0.158 seconds
[2022-12-06T06:09:49.724+0000] {processor.py:153} INFO - Started process (PID=2420) to work on /home/airflow/.local/lib/python3.7/site-packages/airflow/example_dags/example_skip_dag.py
[2022-12-06T06:09:49.728+0000] {processor.py:743} INFO - Processing file /home/airflow/.local/lib/python3.7/site-packages/airflow/example_dags/example_skip_dag.py for tasks to queue
[2022-12-06T06:09:49.732+0000] {logging_mixin.py:137} INFO - [2022-12-06T06:09:49.732+0000] {dagbag.py:538} INFO - Filling up the DagBag from /home/airflow/.local/lib/python3.7/site-packages/airflow/example_dags/example_skip_dag.py
[2022-12-06T06:09:49.769+0000] {processor.py:753} INFO - DAG(s) dict_keys(['example_skip_dag']) retrieved from /home/airflow/.local/lib/python3.7/site-packages/airflow/example_dags/example_skip_dag.py
[2022-12-06T06:09:49.869+0000] {logging_mixin.py:137} INFO - [2022-12-06T06:09:49.869+0000] {dag.py:2676} INFO - Sync 1 DAGs
[2022-12-06T06:09:49.922+0000] {logging_mixin.py:137} INFO - [2022-12-06T06:09:49.921+0000] {dag.py:3427} INFO - Setting next_dagrun for example_skip_dag to 2022-12-05T06:09:49.921148+00:00, run_after=2022-12-06T06:09:49.921148+00:00
[2022-12-06T06:09:49.961+0000] {processor.py:175} INFO - Processing /home/airflow/.local/lib/python3.7/site-packages/airflow/example_dags/example_skip_dag.py took 0.247 seconds
[2022-12-06T06:10:39.606+0000] {processor.py:153} INFO - Started process (PID=2504) to work on /home/airflow/.local/lib/python3.7/site-packages/airflow/example_dags/example_skip_dag.py
[2022-12-06T06:10:39.610+0000] {processor.py:743} INFO - Processing file /home/airflow/.local/lib/python3.7/site-packages/airflow/example_dags/example_skip_dag.py for tasks to queue
[2022-12-06T06:10:39.614+0000] {logging_mixin.py:137} INFO - [2022-12-06T06:10:39.613+0000] {dagbag.py:538} INFO - Filling up the DagBag from /home/airflow/.local/lib/python3.7/site-packages/airflow/example_dags/example_skip_dag.py
[2022-12-06T06:10:39.669+0000] {processor.py:753} INFO - DAG(s) dict_keys(['example_skip_dag']) retrieved from /home/airflow/.local/lib/python3.7/site-packages/airflow/example_dags/example_skip_dag.py
[2022-12-06T06:10:39.749+0000] {logging_mixin.py:137} INFO - [2022-12-06T06:10:39.749+0000] {dag.py:2676} INFO - Sync 1 DAGs
[2022-12-06T06:10:39.794+0000] {logging_mixin.py:137} INFO - [2022-12-06T06:10:39.794+0000] {dag.py:3427} INFO - Setting next_dagrun for example_skip_dag to 2022-12-05T06:10:39.794030+00:00, run_after=2022-12-06T06:10:39.794030+00:00
[2022-12-06T06:10:39.835+0000] {processor.py:175} INFO - Processing /home/airflow/.local/lib/python3.7/site-packages/airflow/example_dags/example_skip_dag.py took 0.238 seconds
[2022-12-06T06:11:18.834+0000] {processor.py:153} INFO - Started process (PID=2572) to work on /home/airflow/.local/lib/python3.7/site-packages/airflow/example_dags/example_skip_dag.py
[2022-12-06T06:11:18.837+0000] {processor.py:743} INFO - Processing file /home/airflow/.local/lib/python3.7/site-packages/airflow/example_dags/example_skip_dag.py for tasks to queue
[2022-12-06T06:11:18.839+0000] {logging_mixin.py:137} INFO - [2022-12-06T06:11:18.838+0000] {dagbag.py:538} INFO - Filling up the DagBag from /home/airflow/.local/lib/python3.7/site-packages/airflow/example_dags/example_skip_dag.py
[2022-12-06T06:11:18.868+0000] {processor.py:753} INFO - DAG(s) dict_keys(['example_skip_dag']) retrieved from /home/airflow/.local/lib/python3.7/site-packages/airflow/example_dags/example_skip_dag.py
[2022-12-06T06:11:18.954+0000] {logging_mixin.py:137} INFO - [2022-12-06T06:11:18.954+0000] {dag.py:2676} INFO - Sync 1 DAGs
[2022-12-06T06:11:19.011+0000] {logging_mixin.py:137} INFO - [2022-12-06T06:11:19.010+0000] {dag.py:3427} INFO - Setting next_dagrun for example_skip_dag to 2022-12-05T06:11:19.010354+00:00, run_after=2022-12-06T06:11:19.010354+00:00
[2022-12-06T06:11:19.070+0000] {processor.py:175} INFO - Processing /home/airflow/.local/lib/python3.7/site-packages/airflow/example_dags/example_skip_dag.py took 0.241 seconds
[2022-12-06T06:11:52.565+0000] {processor.py:153} INFO - Started process (PID=2641) to work on /home/airflow/.local/lib/python3.7/site-packages/airflow/example_dags/example_skip_dag.py
[2022-12-06T06:11:52.569+0000] {processor.py:743} INFO - Processing file /home/airflow/.local/lib/python3.7/site-packages/airflow/example_dags/example_skip_dag.py for tasks to queue
[2022-12-06T06:11:52.574+0000] {logging_mixin.py:137} INFO - [2022-12-06T06:11:52.573+0000] {dagbag.py:538} INFO - Filling up the DagBag from /home/airflow/.local/lib/python3.7/site-packages/airflow/example_dags/example_skip_dag.py
[2022-12-06T06:11:52.622+0000] {processor.py:753} INFO - DAG(s) dict_keys(['example_skip_dag']) retrieved from /home/airflow/.local/lib/python3.7/site-packages/airflow/example_dags/example_skip_dag.py
[2022-12-06T06:11:52.696+0000] {logging_mixin.py:137} INFO - [2022-12-06T06:11:52.696+0000] {dag.py:2676} INFO - Sync 1 DAGs
[2022-12-06T06:11:52.742+0000] {logging_mixin.py:137} INFO - [2022-12-06T06:11:52.742+0000] {dag.py:3427} INFO - Setting next_dagrun for example_skip_dag to 2022-12-05T06:11:52.742313+00:00, run_after=2022-12-06T06:11:52.742313+00:00
[2022-12-06T06:11:52.774+0000] {processor.py:175} INFO - Processing /home/airflow/.local/lib/python3.7/site-packages/airflow/example_dags/example_skip_dag.py took 0.220 seconds
[2022-12-06T06:12:35.543+0000] {processor.py:153} INFO - Started process (PID=2725) to work on /home/airflow/.local/lib/python3.7/site-packages/airflow/example_dags/example_skip_dag.py
[2022-12-06T06:12:35.546+0000] {processor.py:743} INFO - Processing file /home/airflow/.local/lib/python3.7/site-packages/airflow/example_dags/example_skip_dag.py for tasks to queue
[2022-12-06T06:12:35.549+0000] {logging_mixin.py:137} INFO - [2022-12-06T06:12:35.549+0000] {dagbag.py:538} INFO - Filling up the DagBag from /home/airflow/.local/lib/python3.7/site-packages/airflow/example_dags/example_skip_dag.py
[2022-12-06T06:12:35.583+0000] {processor.py:753} INFO - DAG(s) dict_keys(['example_skip_dag']) retrieved from /home/airflow/.local/lib/python3.7/site-packages/airflow/example_dags/example_skip_dag.py
[2022-12-06T06:12:35.685+0000] {logging_mixin.py:137} INFO - [2022-12-06T06:12:35.685+0000] {dag.py:2676} INFO - Sync 1 DAGs
[2022-12-06T06:12:35.742+0000] {logging_mixin.py:137} INFO - [2022-12-06T06:12:35.742+0000] {dag.py:3427} INFO - Setting next_dagrun for example_skip_dag to 2022-12-05T06:12:35.741511+00:00, run_after=2022-12-06T06:12:35.741511+00:00
[2022-12-06T06:12:35.797+0000] {processor.py:175} INFO - Processing /home/airflow/.local/lib/python3.7/site-packages/airflow/example_dags/example_skip_dag.py took 0.260 seconds
[2022-12-06T06:13:12.181+0000] {processor.py:153} INFO - Started process (PID=2797) to work on /home/airflow/.local/lib/python3.7/site-packages/airflow/example_dags/example_skip_dag.py
[2022-12-06T06:13:12.184+0000] {processor.py:743} INFO - Processing file /home/airflow/.local/lib/python3.7/site-packages/airflow/example_dags/example_skip_dag.py for tasks to queue
[2022-12-06T06:13:12.186+0000] {logging_mixin.py:137} INFO - [2022-12-06T06:13:12.186+0000] {dagbag.py:538} INFO - Filling up the DagBag from /home/airflow/.local/lib/python3.7/site-packages/airflow/example_dags/example_skip_dag.py
[2022-12-06T06:13:12.233+0000] {processor.py:753} INFO - DAG(s) dict_keys(['example_skip_dag']) retrieved from /home/airflow/.local/lib/python3.7/site-packages/airflow/example_dags/example_skip_dag.py
[2022-12-06T06:13:12.316+0000] {logging_mixin.py:137} INFO - [2022-12-06T06:13:12.316+0000] {dag.py:2676} INFO - Sync 1 DAGs
[2022-12-06T06:13:12.361+0000] {logging_mixin.py:137} INFO - [2022-12-06T06:13:12.360+0000] {dag.py:3427} INFO - Setting next_dagrun for example_skip_dag to 2022-12-05T06:13:12.360514+00:00, run_after=2022-12-06T06:13:12.360514+00:00
[2022-12-06T06:13:12.400+0000] {processor.py:175} INFO - Processing /home/airflow/.local/lib/python3.7/site-packages/airflow/example_dags/example_skip_dag.py took 0.225 seconds
[2022-12-06T06:13:46.951+0000] {processor.py:153} INFO - Started process (PID=2864) to work on /home/airflow/.local/lib/python3.7/site-packages/airflow/example_dags/example_skip_dag.py
[2022-12-06T06:13:46.953+0000] {processor.py:743} INFO - Processing file /home/airflow/.local/lib/python3.7/site-packages/airflow/example_dags/example_skip_dag.py for tasks to queue
[2022-12-06T06:13:46.955+0000] {logging_mixin.py:137} INFO - [2022-12-06T06:13:46.954+0000] {dagbag.py:538} INFO - Filling up the DagBag from /home/airflow/.local/lib/python3.7/site-packages/airflow/example_dags/example_skip_dag.py
[2022-12-06T06:13:46.979+0000] {processor.py:753} INFO - DAG(s) dict_keys(['example_skip_dag']) retrieved from /home/airflow/.local/lib/python3.7/site-packages/airflow/example_dags/example_skip_dag.py
[2022-12-06T06:13:47.034+0000] {logging_mixin.py:137} INFO - [2022-12-06T06:13:47.034+0000] {dag.py:2676} INFO - Sync 1 DAGs
[2022-12-06T06:13:47.088+0000] {logging_mixin.py:137} INFO - [2022-12-06T06:13:47.088+0000] {dag.py:3427} INFO - Setting next_dagrun for example_skip_dag to 2022-12-05T06:13:47.087566+00:00, run_after=2022-12-06T06:13:47.087566+00:00
[2022-12-06T06:13:47.125+0000] {processor.py:175} INFO - Processing /home/airflow/.local/lib/python3.7/site-packages/airflow/example_dags/example_skip_dag.py took 0.179 seconds
[2022-12-06T06:14:28.030+0000] {processor.py:153} INFO - Started process (PID=2932) to work on /home/airflow/.local/lib/python3.7/site-packages/airflow/example_dags/example_skip_dag.py
[2022-12-06T06:14:28.035+0000] {processor.py:743} INFO - Processing file /home/airflow/.local/lib/python3.7/site-packages/airflow/example_dags/example_skip_dag.py for tasks to queue
[2022-12-06T06:14:28.037+0000] {logging_mixin.py:137} INFO - [2022-12-06T06:14:28.037+0000] {dagbag.py:538} INFO - Filling up the DagBag from /home/airflow/.local/lib/python3.7/site-packages/airflow/example_dags/example_skip_dag.py
[2022-12-06T06:14:28.072+0000] {processor.py:753} INFO - DAG(s) dict_keys(['example_skip_dag']) retrieved from /home/airflow/.local/lib/python3.7/site-packages/airflow/example_dags/example_skip_dag.py
[2022-12-06T06:14:28.137+0000] {logging_mixin.py:137} INFO - [2022-12-06T06:14:28.137+0000] {dag.py:2676} INFO - Sync 1 DAGs
[2022-12-06T06:14:28.185+0000] {logging_mixin.py:137} INFO - [2022-12-06T06:14:28.185+0000] {dag.py:3427} INFO - Setting next_dagrun for example_skip_dag to 2022-12-05T06:14:28.185239+00:00, run_after=2022-12-06T06:14:28.185239+00:00
[2022-12-06T06:14:28.218+0000] {processor.py:175} INFO - Processing /home/airflow/.local/lib/python3.7/site-packages/airflow/example_dags/example_skip_dag.py took 0.193 seconds
