[2022-12-06T05:26:06.832+0000] {processor.py:153} INFO - Started process (PID=149) to work on /home/airflow/.local/lib/python3.7/site-packages/airflow/example_dags/example_branch_operator_decorator.py
[2022-12-06T05:26:06.850+0000] {processor.py:743} INFO - Processing file /home/airflow/.local/lib/python3.7/site-packages/airflow/example_dags/example_branch_operator_decorator.py for tasks to queue
[2022-12-06T05:26:06.852+0000] {logging_mixin.py:137} INFO - [2022-12-06T05:26:06.852+0000] {dagbag.py:538} INFO - Filling up the DagBag from /home/airflow/.local/lib/python3.7/site-packages/airflow/example_dags/example_branch_operator_decorator.py
[2022-12-06T05:26:07.267+0000] {processor.py:753} INFO - DAG(s) dict_keys(['example_branch_python_operator_decorator']) retrieved from /home/airflow/.local/lib/python3.7/site-packages/airflow/example_dags/example_branch_operator_decorator.py
[2022-12-06T05:26:07.513+0000] {logging_mixin.py:137} INFO - [2022-12-06T05:26:07.512+0000] {dag.py:2676} INFO - Sync 1 DAGs
[2022-12-06T05:26:07.580+0000] {logging_mixin.py:137} INFO - [2022-12-06T05:26:07.579+0000] {dag.py:3427} INFO - Setting next_dagrun for example_branch_python_operator_decorator to 2022-12-05T00:00:00+00:00, run_after=2022-12-06T00:00:00+00:00
[2022-12-06T05:26:07.694+0000] {processor.py:175} INFO - Processing /home/airflow/.local/lib/python3.7/site-packages/airflow/example_dags/example_branch_operator_decorator.py took 0.892 seconds
[2022-12-06T05:27:04.881+0000] {processor.py:153} INFO - Started process (PID=243) to work on /home/airflow/.local/lib/python3.7/site-packages/airflow/example_dags/example_branch_operator_decorator.py
[2022-12-06T05:27:04.883+0000] {processor.py:743} INFO - Processing file /home/airflow/.local/lib/python3.7/site-packages/airflow/example_dags/example_branch_operator_decorator.py for tasks to queue
[2022-12-06T05:27:04.887+0000] {logging_mixin.py:137} INFO - [2022-12-06T05:27:04.886+0000] {dagbag.py:538} INFO - Filling up the DagBag from /home/airflow/.local/lib/python3.7/site-packages/airflow/example_dags/example_branch_operator_decorator.py
[2022-12-06T05:27:04.955+0000] {processor.py:753} INFO - DAG(s) dict_keys(['example_branch_python_operator_decorator']) retrieved from /home/airflow/.local/lib/python3.7/site-packages/airflow/example_dags/example_branch_operator_decorator.py
[2022-12-06T05:27:05.041+0000] {logging_mixin.py:137} INFO - [2022-12-06T05:27:05.041+0000] {dag.py:2676} INFO - Sync 1 DAGs
[2022-12-06T05:27:05.093+0000] {logging_mixin.py:137} INFO - [2022-12-06T05:27:05.093+0000] {dag.py:3427} INFO - Setting next_dagrun for example_branch_python_operator_decorator to 2022-12-05T00:00:00+00:00, run_after=2022-12-06T00:00:00+00:00
[2022-12-06T05:27:05.180+0000] {processor.py:175} INFO - Processing /home/airflow/.local/lib/python3.7/site-packages/airflow/example_dags/example_branch_operator_decorator.py took 0.305 seconds
[2022-12-06T05:27:35.736+0000] {processor.py:153} INFO - Started process (PID=312) to work on /home/airflow/.local/lib/python3.7/site-packages/airflow/example_dags/example_branch_operator_decorator.py
[2022-12-06T05:27:35.739+0000] {processor.py:743} INFO - Processing file /home/airflow/.local/lib/python3.7/site-packages/airflow/example_dags/example_branch_operator_decorator.py for tasks to queue
[2022-12-06T05:27:35.741+0000] {logging_mixin.py:137} INFO - [2022-12-06T05:27:35.741+0000] {dagbag.py:538} INFO - Filling up the DagBag from /home/airflow/.local/lib/python3.7/site-packages/airflow/example_dags/example_branch_operator_decorator.py
[2022-12-06T05:27:35.800+0000] {processor.py:753} INFO - DAG(s) dict_keys(['example_branch_python_operator_decorator']) retrieved from /home/airflow/.local/lib/python3.7/site-packages/airflow/example_dags/example_branch_operator_decorator.py
[2022-12-06T05:27:35.906+0000] {logging_mixin.py:137} INFO - [2022-12-06T05:27:35.906+0000] {dag.py:2676} INFO - Sync 1 DAGs
[2022-12-06T05:27:36.006+0000] {logging_mixin.py:137} INFO - [2022-12-06T05:27:36.006+0000] {dag.py:3427} INFO - Setting next_dagrun for example_branch_python_operator_decorator to 2022-12-05T00:00:00+00:00, run_after=2022-12-06T00:00:00+00:00
[2022-12-06T05:27:36.059+0000] {processor.py:175} INFO - Processing /home/airflow/.local/lib/python3.7/site-packages/airflow/example_dags/example_branch_operator_decorator.py took 0.329 seconds
[2022-12-06T05:28:06.219+0000] {processor.py:153} INFO - Started process (PID=379) to work on /home/airflow/.local/lib/python3.7/site-packages/airflow/example_dags/example_branch_operator_decorator.py
[2022-12-06T05:28:06.222+0000] {processor.py:743} INFO - Processing file /home/airflow/.local/lib/python3.7/site-packages/airflow/example_dags/example_branch_operator_decorator.py for tasks to queue
[2022-12-06T05:28:06.225+0000] {logging_mixin.py:137} INFO - [2022-12-06T05:28:06.224+0000] {dagbag.py:538} INFO - Filling up the DagBag from /home/airflow/.local/lib/python3.7/site-packages/airflow/example_dags/example_branch_operator_decorator.py
[2022-12-06T05:28:06.287+0000] {processor.py:753} INFO - DAG(s) dict_keys(['example_branch_python_operator_decorator']) retrieved from /home/airflow/.local/lib/python3.7/site-packages/airflow/example_dags/example_branch_operator_decorator.py
[2022-12-06T05:28:06.359+0000] {logging_mixin.py:137} INFO - [2022-12-06T05:28:06.358+0000] {dag.py:2676} INFO - Sync 1 DAGs
[2022-12-06T05:28:06.416+0000] {logging_mixin.py:137} INFO - [2022-12-06T05:28:06.416+0000] {dag.py:3427} INFO - Setting next_dagrun for example_branch_python_operator_decorator to 2022-12-05T00:00:00+00:00, run_after=2022-12-06T00:00:00+00:00
[2022-12-06T05:28:06.449+0000] {processor.py:175} INFO - Processing /home/airflow/.local/lib/python3.7/site-packages/airflow/example_dags/example_branch_operator_decorator.py took 0.239 seconds
[2022-12-06T05:28:39.781+0000] {processor.py:153} INFO - Started process (PID=457) to work on /home/airflow/.local/lib/python3.7/site-packages/airflow/example_dags/example_branch_operator_decorator.py
[2022-12-06T05:28:39.789+0000] {processor.py:743} INFO - Processing file /home/airflow/.local/lib/python3.7/site-packages/airflow/example_dags/example_branch_operator_decorator.py for tasks to queue
[2022-12-06T05:28:39.793+0000] {logging_mixin.py:137} INFO - [2022-12-06T05:28:39.793+0000] {dagbag.py:538} INFO - Filling up the DagBag from /home/airflow/.local/lib/python3.7/site-packages/airflow/example_dags/example_branch_operator_decorator.py
[2022-12-06T05:28:39.881+0000] {processor.py:753} INFO - DAG(s) dict_keys(['example_branch_python_operator_decorator']) retrieved from /home/airflow/.local/lib/python3.7/site-packages/airflow/example_dags/example_branch_operator_decorator.py
[2022-12-06T05:28:40.063+0000] {logging_mixin.py:137} INFO - [2022-12-06T05:28:40.059+0000] {dag.py:2676} INFO - Sync 1 DAGs
[2022-12-06T05:28:40.242+0000] {logging_mixin.py:137} INFO - [2022-12-06T05:28:40.241+0000] {dag.py:3427} INFO - Setting next_dagrun for example_branch_python_operator_decorator to 2022-12-05T00:00:00+00:00, run_after=2022-12-06T00:00:00+00:00
[2022-12-06T05:28:40.326+0000] {processor.py:175} INFO - Processing /home/airflow/.local/lib/python3.7/site-packages/airflow/example_dags/example_branch_operator_decorator.py took 0.561 seconds
[2022-12-06T05:29:12.623+0000] {processor.py:153} INFO - Started process (PID=530) to work on /home/airflow/.local/lib/python3.7/site-packages/airflow/example_dags/example_branch_operator_decorator.py
[2022-12-06T05:29:12.625+0000] {processor.py:743} INFO - Processing file /home/airflow/.local/lib/python3.7/site-packages/airflow/example_dags/example_branch_operator_decorator.py for tasks to queue
[2022-12-06T05:29:12.628+0000] {logging_mixin.py:137} INFO - [2022-12-06T05:29:12.628+0000] {dagbag.py:538} INFO - Filling up the DagBag from /home/airflow/.local/lib/python3.7/site-packages/airflow/example_dags/example_branch_operator_decorator.py
[2022-12-06T05:29:12.682+0000] {processor.py:753} INFO - DAG(s) dict_keys(['example_branch_python_operator_decorator']) retrieved from /home/airflow/.local/lib/python3.7/site-packages/airflow/example_dags/example_branch_operator_decorator.py
[2022-12-06T05:29:12.775+0000] {logging_mixin.py:137} INFO - [2022-12-06T05:29:12.775+0000] {dag.py:2676} INFO - Sync 1 DAGs
[2022-12-06T05:29:12.821+0000] {logging_mixin.py:137} INFO - [2022-12-06T05:29:12.821+0000] {dag.py:3427} INFO - Setting next_dagrun for example_branch_python_operator_decorator to 2022-12-05T00:00:00+00:00, run_after=2022-12-06T00:00:00+00:00
[2022-12-06T05:29:12.871+0000] {processor.py:175} INFO - Processing /home/airflow/.local/lib/python3.7/site-packages/airflow/example_dags/example_branch_operator_decorator.py took 0.255 seconds
[2022-12-06T05:30:23.727+0000] {processor.py:153} INFO - Started process (PID=608) to work on /home/airflow/.local/lib/python3.7/site-packages/airflow/example_dags/example_branch_operator_decorator.py
[2022-12-06T05:30:23.732+0000] {processor.py:743} INFO - Processing file /home/airflow/.local/lib/python3.7/site-packages/airflow/example_dags/example_branch_operator_decorator.py for tasks to queue
[2022-12-06T05:30:23.735+0000] {logging_mixin.py:137} INFO - [2022-12-06T05:30:23.734+0000] {dagbag.py:538} INFO - Filling up the DagBag from /home/airflow/.local/lib/python3.7/site-packages/airflow/example_dags/example_branch_operator_decorator.py
[2022-12-06T05:30:23.819+0000] {processor.py:753} INFO - DAG(s) dict_keys(['example_branch_python_operator_decorator']) retrieved from /home/airflow/.local/lib/python3.7/site-packages/airflow/example_dags/example_branch_operator_decorator.py
[2022-12-06T05:30:23.964+0000] {logging_mixin.py:137} INFO - [2022-12-06T05:30:23.963+0000] {dag.py:2676} INFO - Sync 1 DAGs
[2022-12-06T05:30:24.046+0000] {logging_mixin.py:137} INFO - [2022-12-06T05:30:24.045+0000] {dag.py:3427} INFO - Setting next_dagrun for example_branch_python_operator_decorator to 2022-12-05T00:00:00+00:00, run_after=2022-12-06T00:00:00+00:00
[2022-12-06T05:30:24.152+0000] {processor.py:175} INFO - Processing /home/airflow/.local/lib/python3.7/site-packages/airflow/example_dags/example_branch_operator_decorator.py took 0.433 seconds
[2022-12-06T05:31:11.104+0000] {processor.py:153} INFO - Started process (PID=699) to work on /home/airflow/.local/lib/python3.7/site-packages/airflow/example_dags/example_branch_operator_decorator.py
[2022-12-06T05:31:11.106+0000] {processor.py:743} INFO - Processing file /home/airflow/.local/lib/python3.7/site-packages/airflow/example_dags/example_branch_operator_decorator.py for tasks to queue
[2022-12-06T05:31:11.109+0000] {logging_mixin.py:137} INFO - [2022-12-06T05:31:11.108+0000] {dagbag.py:538} INFO - Filling up the DagBag from /home/airflow/.local/lib/python3.7/site-packages/airflow/example_dags/example_branch_operator_decorator.py
[2022-12-06T05:31:11.160+0000] {processor.py:753} INFO - DAG(s) dict_keys(['example_branch_python_operator_decorator']) retrieved from /home/airflow/.local/lib/python3.7/site-packages/airflow/example_dags/example_branch_operator_decorator.py
[2022-12-06T05:31:11.244+0000] {logging_mixin.py:137} INFO - [2022-12-06T05:31:11.244+0000] {dag.py:2676} INFO - Sync 1 DAGs
[2022-12-06T05:31:11.300+0000] {logging_mixin.py:137} INFO - [2022-12-06T05:31:11.299+0000] {dag.py:3427} INFO - Setting next_dagrun for example_branch_python_operator_decorator to 2022-12-05T00:00:00+00:00, run_after=2022-12-06T00:00:00+00:00
[2022-12-06T05:31:11.344+0000] {processor.py:175} INFO - Processing /home/airflow/.local/lib/python3.7/site-packages/airflow/example_dags/example_branch_operator_decorator.py took 0.245 seconds
[2022-12-06T05:32:07.883+0000] {processor.py:153} INFO - Started process (PID=766) to work on /home/airflow/.local/lib/python3.7/site-packages/airflow/example_dags/example_branch_operator_decorator.py
[2022-12-06T05:32:07.886+0000] {processor.py:743} INFO - Processing file /home/airflow/.local/lib/python3.7/site-packages/airflow/example_dags/example_branch_operator_decorator.py for tasks to queue
[2022-12-06T05:32:07.888+0000] {logging_mixin.py:137} INFO - [2022-12-06T05:32:07.888+0000] {dagbag.py:538} INFO - Filling up the DagBag from /home/airflow/.local/lib/python3.7/site-packages/airflow/example_dags/example_branch_operator_decorator.py
[2022-12-06T05:32:07.945+0000] {processor.py:753} INFO - DAG(s) dict_keys(['example_branch_python_operator_decorator']) retrieved from /home/airflow/.local/lib/python3.7/site-packages/airflow/example_dags/example_branch_operator_decorator.py
[2022-12-06T05:32:08.006+0000] {logging_mixin.py:137} INFO - [2022-12-06T05:32:08.006+0000] {dag.py:2676} INFO - Sync 1 DAGs
[2022-12-06T05:32:08.056+0000] {logging_mixin.py:137} INFO - [2022-12-06T05:32:08.056+0000] {dag.py:3427} INFO - Setting next_dagrun for example_branch_python_operator_decorator to 2022-12-05T00:00:00+00:00, run_after=2022-12-06T00:00:00+00:00
[2022-12-06T05:32:08.096+0000] {processor.py:175} INFO - Processing /home/airflow/.local/lib/python3.7/site-packages/airflow/example_dags/example_branch_operator_decorator.py took 0.223 seconds
[2022-12-06T05:48:36.263+0000] {processor.py:153} INFO - Started process (PID=134) to work on /home/airflow/.local/lib/python3.7/site-packages/airflow/example_dags/example_branch_operator_decorator.py
[2022-12-06T05:48:36.289+0000] {processor.py:743} INFO - Processing file /home/airflow/.local/lib/python3.7/site-packages/airflow/example_dags/example_branch_operator_decorator.py for tasks to queue
[2022-12-06T05:48:36.302+0000] {logging_mixin.py:137} INFO - [2022-12-06T05:48:36.301+0000] {dagbag.py:538} INFO - Filling up the DagBag from /home/airflow/.local/lib/python3.7/site-packages/airflow/example_dags/example_branch_operator_decorator.py
[2022-12-06T05:48:36.417+0000] {processor.py:753} INFO - DAG(s) dict_keys(['example_branch_python_operator_decorator']) retrieved from /home/airflow/.local/lib/python3.7/site-packages/airflow/example_dags/example_branch_operator_decorator.py
[2022-12-06T05:48:36.565+0000] {logging_mixin.py:137} INFO - [2022-12-06T05:48:36.565+0000] {dag.py:2676} INFO - Sync 1 DAGs
[2022-12-06T05:48:36.659+0000] {logging_mixin.py:137} INFO - [2022-12-06T05:48:36.659+0000] {dag.py:3427} INFO - Setting next_dagrun for example_branch_python_operator_decorator to 2022-12-05T00:00:00+00:00, run_after=2022-12-06T00:00:00+00:00
[2022-12-06T05:48:36.748+0000] {processor.py:175} INFO - Processing /home/airflow/.local/lib/python3.7/site-packages/airflow/example_dags/example_branch_operator_decorator.py took 0.545 seconds
[2022-12-06T05:49:20.165+0000] {processor.py:153} INFO - Started process (PID=216) to work on /home/airflow/.local/lib/python3.7/site-packages/airflow/example_dags/example_branch_operator_decorator.py
[2022-12-06T05:49:20.168+0000] {processor.py:743} INFO - Processing file /home/airflow/.local/lib/python3.7/site-packages/airflow/example_dags/example_branch_operator_decorator.py for tasks to queue
[2022-12-06T05:49:20.171+0000] {logging_mixin.py:137} INFO - [2022-12-06T05:49:20.171+0000] {dagbag.py:538} INFO - Filling up the DagBag from /home/airflow/.local/lib/python3.7/site-packages/airflow/example_dags/example_branch_operator_decorator.py
[2022-12-06T05:49:20.253+0000] {processor.py:753} INFO - DAG(s) dict_keys(['example_branch_python_operator_decorator']) retrieved from /home/airflow/.local/lib/python3.7/site-packages/airflow/example_dags/example_branch_operator_decorator.py
[2022-12-06T05:49:20.344+0000] {logging_mixin.py:137} INFO - [2022-12-06T05:49:20.344+0000] {dag.py:2676} INFO - Sync 1 DAGs
[2022-12-06T05:49:20.452+0000] {logging_mixin.py:137} INFO - [2022-12-06T05:49:20.452+0000] {dag.py:3427} INFO - Setting next_dagrun for example_branch_python_operator_decorator to 2022-12-05T00:00:00+00:00, run_after=2022-12-06T00:00:00+00:00
[2022-12-06T05:49:20.519+0000] {processor.py:175} INFO - Processing /home/airflow/.local/lib/python3.7/site-packages/airflow/example_dags/example_branch_operator_decorator.py took 0.359 seconds
[2022-12-06T05:49:54.327+0000] {processor.py:153} INFO - Started process (PID=289) to work on /home/airflow/.local/lib/python3.7/site-packages/airflow/example_dags/example_branch_operator_decorator.py
[2022-12-06T05:49:54.330+0000] {processor.py:743} INFO - Processing file /home/airflow/.local/lib/python3.7/site-packages/airflow/example_dags/example_branch_operator_decorator.py for tasks to queue
[2022-12-06T05:49:54.335+0000] {logging_mixin.py:137} INFO - [2022-12-06T05:49:54.335+0000] {dagbag.py:538} INFO - Filling up the DagBag from /home/airflow/.local/lib/python3.7/site-packages/airflow/example_dags/example_branch_operator_decorator.py
[2022-12-06T05:49:54.502+0000] {processor.py:753} INFO - DAG(s) dict_keys(['example_branch_python_operator_decorator']) retrieved from /home/airflow/.local/lib/python3.7/site-packages/airflow/example_dags/example_branch_operator_decorator.py
[2022-12-06T05:49:54.661+0000] {logging_mixin.py:137} INFO - [2022-12-06T05:49:54.661+0000] {dag.py:2676} INFO - Sync 1 DAGs
[2022-12-06T05:49:54.764+0000] {logging_mixin.py:137} INFO - [2022-12-06T05:49:54.764+0000] {dag.py:3427} INFO - Setting next_dagrun for example_branch_python_operator_decorator to 2022-12-05T00:00:00+00:00, run_after=2022-12-06T00:00:00+00:00
[2022-12-06T05:49:54.879+0000] {processor.py:175} INFO - Processing /home/airflow/.local/lib/python3.7/site-packages/airflow/example_dags/example_branch_operator_decorator.py took 0.564 seconds
[2022-12-06T05:50:36.597+0000] {processor.py:153} INFO - Started process (PID=383) to work on /home/airflow/.local/lib/python3.7/site-packages/airflow/example_dags/example_branch_operator_decorator.py
[2022-12-06T05:50:36.601+0000] {processor.py:743} INFO - Processing file /home/airflow/.local/lib/python3.7/site-packages/airflow/example_dags/example_branch_operator_decorator.py for tasks to queue
[2022-12-06T05:50:36.605+0000] {logging_mixin.py:137} INFO - [2022-12-06T05:50:36.604+0000] {dagbag.py:538} INFO - Filling up the DagBag from /home/airflow/.local/lib/python3.7/site-packages/airflow/example_dags/example_branch_operator_decorator.py
[2022-12-06T05:50:36.654+0000] {processor.py:753} INFO - DAG(s) dict_keys(['example_branch_python_operator_decorator']) retrieved from /home/airflow/.local/lib/python3.7/site-packages/airflow/example_dags/example_branch_operator_decorator.py
[2022-12-06T05:50:36.718+0000] {logging_mixin.py:137} INFO - [2022-12-06T05:50:36.718+0000] {dag.py:2676} INFO - Sync 1 DAGs
[2022-12-06T05:50:36.777+0000] {logging_mixin.py:137} INFO - [2022-12-06T05:50:36.776+0000] {dag.py:3427} INFO - Setting next_dagrun for example_branch_python_operator_decorator to 2022-12-05T00:00:00+00:00, run_after=2022-12-06T00:00:00+00:00
[2022-12-06T05:50:36.825+0000] {processor.py:175} INFO - Processing /home/airflow/.local/lib/python3.7/site-packages/airflow/example_dags/example_branch_operator_decorator.py took 0.234 seconds
[2022-12-06T05:51:28.559+0000] {processor.py:153} INFO - Started process (PID=459) to work on /home/airflow/.local/lib/python3.7/site-packages/airflow/example_dags/example_branch_operator_decorator.py
[2022-12-06T05:51:28.568+0000] {processor.py:743} INFO - Processing file /home/airflow/.local/lib/python3.7/site-packages/airflow/example_dags/example_branch_operator_decorator.py for tasks to queue
[2022-12-06T05:51:28.573+0000] {logging_mixin.py:137} INFO - [2022-12-06T05:51:28.572+0000] {dagbag.py:538} INFO - Filling up the DagBag from /home/airflow/.local/lib/python3.7/site-packages/airflow/example_dags/example_branch_operator_decorator.py
[2022-12-06T05:51:28.688+0000] {processor.py:753} INFO - DAG(s) dict_keys(['example_branch_python_operator_decorator']) retrieved from /home/airflow/.local/lib/python3.7/site-packages/airflow/example_dags/example_branch_operator_decorator.py
[2022-12-06T05:51:28.857+0000] {logging_mixin.py:137} INFO - [2022-12-06T05:51:28.857+0000] {dag.py:2676} INFO - Sync 1 DAGs
[2022-12-06T05:51:29.089+0000] {logging_mixin.py:137} INFO - [2022-12-06T05:51:29.085+0000] {dag.py:3427} INFO - Setting next_dagrun for example_branch_python_operator_decorator to 2022-12-05T00:00:00+00:00, run_after=2022-12-06T00:00:00+00:00
[2022-12-06T05:51:29.272+0000] {processor.py:175} INFO - Processing /home/airflow/.local/lib/python3.7/site-packages/airflow/example_dags/example_branch_operator_decorator.py took 0.723 seconds
[2022-12-06T05:52:18.246+0000] {processor.py:153} INFO - Started process (PID=525) to work on /home/airflow/.local/lib/python3.7/site-packages/airflow/example_dags/example_branch_operator_decorator.py
[2022-12-06T05:52:18.250+0000] {processor.py:743} INFO - Processing file /home/airflow/.local/lib/python3.7/site-packages/airflow/example_dags/example_branch_operator_decorator.py for tasks to queue
[2022-12-06T05:52:18.253+0000] {logging_mixin.py:137} INFO - [2022-12-06T05:52:18.253+0000] {dagbag.py:538} INFO - Filling up the DagBag from /home/airflow/.local/lib/python3.7/site-packages/airflow/example_dags/example_branch_operator_decorator.py
[2022-12-06T05:52:18.312+0000] {processor.py:753} INFO - DAG(s) dict_keys(['example_branch_python_operator_decorator']) retrieved from /home/airflow/.local/lib/python3.7/site-packages/airflow/example_dags/example_branch_operator_decorator.py
[2022-12-06T05:52:18.396+0000] {logging_mixin.py:137} INFO - [2022-12-06T05:52:18.396+0000] {dag.py:2676} INFO - Sync 1 DAGs
[2022-12-06T05:52:18.495+0000] {logging_mixin.py:137} INFO - [2022-12-06T05:52:18.491+0000] {dag.py:3427} INFO - Setting next_dagrun for example_branch_python_operator_decorator to 2022-12-05T00:00:00+00:00, run_after=2022-12-06T00:00:00+00:00
[2022-12-06T05:52:18.550+0000] {processor.py:175} INFO - Processing /home/airflow/.local/lib/python3.7/site-packages/airflow/example_dags/example_branch_operator_decorator.py took 0.311 seconds
[2022-12-06T05:53:03.967+0000] {processor.py:153} INFO - Started process (PID=608) to work on /home/airflow/.local/lib/python3.7/site-packages/airflow/example_dags/example_branch_operator_decorator.py
[2022-12-06T05:53:03.970+0000] {processor.py:743} INFO - Processing file /home/airflow/.local/lib/python3.7/site-packages/airflow/example_dags/example_branch_operator_decorator.py for tasks to queue
[2022-12-06T05:53:03.972+0000] {logging_mixin.py:137} INFO - [2022-12-06T05:53:03.972+0000] {dagbag.py:538} INFO - Filling up the DagBag from /home/airflow/.local/lib/python3.7/site-packages/airflow/example_dags/example_branch_operator_decorator.py
[2022-12-06T05:53:04.033+0000] {processor.py:753} INFO - DAG(s) dict_keys(['example_branch_python_operator_decorator']) retrieved from /home/airflow/.local/lib/python3.7/site-packages/airflow/example_dags/example_branch_operator_decorator.py
[2022-12-06T05:53:04.159+0000] {logging_mixin.py:137} INFO - [2022-12-06T05:53:04.159+0000] {dag.py:2676} INFO - Sync 1 DAGs
[2022-12-06T05:53:04.211+0000] {logging_mixin.py:137} INFO - [2022-12-06T05:53:04.211+0000] {dag.py:3427} INFO - Setting next_dagrun for example_branch_python_operator_decorator to 2022-12-05T00:00:00+00:00, run_after=2022-12-06T00:00:00+00:00
[2022-12-06T05:53:04.238+0000] {processor.py:175} INFO - Processing /home/airflow/.local/lib/python3.7/site-packages/airflow/example_dags/example_branch_operator_decorator.py took 0.278 seconds
[2022-12-06T05:53:45.230+0000] {processor.py:153} INFO - Started process (PID=675) to work on /home/airflow/.local/lib/python3.7/site-packages/airflow/example_dags/example_branch_operator_decorator.py
[2022-12-06T05:53:45.232+0000] {processor.py:743} INFO - Processing file /home/airflow/.local/lib/python3.7/site-packages/airflow/example_dags/example_branch_operator_decorator.py for tasks to queue
[2022-12-06T05:53:45.233+0000] {logging_mixin.py:137} INFO - [2022-12-06T05:53:45.233+0000] {dagbag.py:538} INFO - Filling up the DagBag from /home/airflow/.local/lib/python3.7/site-packages/airflow/example_dags/example_branch_operator_decorator.py
[2022-12-06T05:53:45.267+0000] {processor.py:753} INFO - DAG(s) dict_keys(['example_branch_python_operator_decorator']) retrieved from /home/airflow/.local/lib/python3.7/site-packages/airflow/example_dags/example_branch_operator_decorator.py
[2022-12-06T05:53:45.325+0000] {logging_mixin.py:137} INFO - [2022-12-06T05:53:45.324+0000] {dag.py:2676} INFO - Sync 1 DAGs
[2022-12-06T05:53:45.360+0000] {logging_mixin.py:137} INFO - [2022-12-06T05:53:45.360+0000] {dag.py:3427} INFO - Setting next_dagrun for example_branch_python_operator_decorator to 2022-12-05T00:00:00+00:00, run_after=2022-12-06T00:00:00+00:00
[2022-12-06T05:53:45.386+0000] {processor.py:175} INFO - Processing /home/airflow/.local/lib/python3.7/site-packages/airflow/example_dags/example_branch_operator_decorator.py took 0.161 seconds
[2022-12-06T05:54:26.946+0000] {processor.py:153} INFO - Started process (PID=758) to work on /home/airflow/.local/lib/python3.7/site-packages/airflow/example_dags/example_branch_operator_decorator.py
[2022-12-06T05:54:26.948+0000] {processor.py:743} INFO - Processing file /home/airflow/.local/lib/python3.7/site-packages/airflow/example_dags/example_branch_operator_decorator.py for tasks to queue
[2022-12-06T05:54:26.950+0000] {logging_mixin.py:137} INFO - [2022-12-06T05:54:26.950+0000] {dagbag.py:538} INFO - Filling up the DagBag from /home/airflow/.local/lib/python3.7/site-packages/airflow/example_dags/example_branch_operator_decorator.py
[2022-12-06T05:54:26.993+0000] {processor.py:753} INFO - DAG(s) dict_keys(['example_branch_python_operator_decorator']) retrieved from /home/airflow/.local/lib/python3.7/site-packages/airflow/example_dags/example_branch_operator_decorator.py
[2022-12-06T05:54:27.074+0000] {logging_mixin.py:137} INFO - [2022-12-06T05:54:27.074+0000] {dag.py:2676} INFO - Sync 1 DAGs
[2022-12-06T05:54:27.142+0000] {logging_mixin.py:137} INFO - [2022-12-06T05:54:27.141+0000] {dag.py:3427} INFO - Setting next_dagrun for example_branch_python_operator_decorator to 2022-12-05T00:00:00+00:00, run_after=2022-12-06T00:00:00+00:00
[2022-12-06T05:54:27.201+0000] {processor.py:175} INFO - Processing /home/airflow/.local/lib/python3.7/site-packages/airflow/example_dags/example_branch_operator_decorator.py took 0.262 seconds
[2022-12-06T05:54:57.955+0000] {processor.py:153} INFO - Started process (PID=826) to work on /home/airflow/.local/lib/python3.7/site-packages/airflow/example_dags/example_branch_operator_decorator.py
[2022-12-06T05:54:57.958+0000] {processor.py:743} INFO - Processing file /home/airflow/.local/lib/python3.7/site-packages/airflow/example_dags/example_branch_operator_decorator.py for tasks to queue
[2022-12-06T05:54:57.959+0000] {logging_mixin.py:137} INFO - [2022-12-06T05:54:57.959+0000] {dagbag.py:538} INFO - Filling up the DagBag from /home/airflow/.local/lib/python3.7/site-packages/airflow/example_dags/example_branch_operator_decorator.py
[2022-12-06T05:54:57.993+0000] {processor.py:753} INFO - DAG(s) dict_keys(['example_branch_python_operator_decorator']) retrieved from /home/airflow/.local/lib/python3.7/site-packages/airflow/example_dags/example_branch_operator_decorator.py
[2022-12-06T05:54:58.063+0000] {logging_mixin.py:137} INFO - [2022-12-06T05:54:58.063+0000] {dag.py:2676} INFO - Sync 1 DAGs
[2022-12-06T05:54:58.111+0000] {logging_mixin.py:137} INFO - [2022-12-06T05:54:58.111+0000] {dag.py:3427} INFO - Setting next_dagrun for example_branch_python_operator_decorator to 2022-12-05T00:00:00+00:00, run_after=2022-12-06T00:00:00+00:00
[2022-12-06T05:54:58.143+0000] {processor.py:175} INFO - Processing /home/airflow/.local/lib/python3.7/site-packages/airflow/example_dags/example_branch_operator_decorator.py took 0.193 seconds
[2022-12-06T05:55:42.351+0000] {processor.py:153} INFO - Started process (PID=896) to work on /home/airflow/.local/lib/python3.7/site-packages/airflow/example_dags/example_branch_operator_decorator.py
[2022-12-06T05:55:42.353+0000] {processor.py:743} INFO - Processing file /home/airflow/.local/lib/python3.7/site-packages/airflow/example_dags/example_branch_operator_decorator.py for tasks to queue
[2022-12-06T05:55:42.355+0000] {logging_mixin.py:137} INFO - [2022-12-06T05:55:42.355+0000] {dagbag.py:538} INFO - Filling up the DagBag from /home/airflow/.local/lib/python3.7/site-packages/airflow/example_dags/example_branch_operator_decorator.py
[2022-12-06T05:55:42.393+0000] {processor.py:753} INFO - DAG(s) dict_keys(['example_branch_python_operator_decorator']) retrieved from /home/airflow/.local/lib/python3.7/site-packages/airflow/example_dags/example_branch_operator_decorator.py
[2022-12-06T05:55:42.453+0000] {logging_mixin.py:137} INFO - [2022-12-06T05:55:42.452+0000] {dag.py:2676} INFO - Sync 1 DAGs
[2022-12-06T05:55:42.513+0000] {logging_mixin.py:137} INFO - [2022-12-06T05:55:42.513+0000] {dag.py:3427} INFO - Setting next_dagrun for example_branch_python_operator_decorator to 2022-12-05T00:00:00+00:00, run_after=2022-12-06T00:00:00+00:00
[2022-12-06T05:55:42.557+0000] {processor.py:175} INFO - Processing /home/airflow/.local/lib/python3.7/site-packages/airflow/example_dags/example_branch_operator_decorator.py took 0.210 seconds
[2022-12-06T05:56:33.782+0000] {processor.py:153} INFO - Started process (PID=963) to work on /home/airflow/.local/lib/python3.7/site-packages/airflow/example_dags/example_branch_operator_decorator.py
[2022-12-06T05:56:33.786+0000] {processor.py:743} INFO - Processing file /home/airflow/.local/lib/python3.7/site-packages/airflow/example_dags/example_branch_operator_decorator.py for tasks to queue
[2022-12-06T05:56:33.789+0000] {logging_mixin.py:137} INFO - [2022-12-06T05:56:33.789+0000] {dagbag.py:538} INFO - Filling up the DagBag from /home/airflow/.local/lib/python3.7/site-packages/airflow/example_dags/example_branch_operator_decorator.py
[2022-12-06T05:56:33.851+0000] {processor.py:753} INFO - DAG(s) dict_keys(['example_branch_python_operator_decorator']) retrieved from /home/airflow/.local/lib/python3.7/site-packages/airflow/example_dags/example_branch_operator_decorator.py
[2022-12-06T05:56:33.915+0000] {logging_mixin.py:137} INFO - [2022-12-06T05:56:33.915+0000] {dag.py:2676} INFO - Sync 1 DAGs
[2022-12-06T05:56:33.960+0000] {logging_mixin.py:137} INFO - [2022-12-06T05:56:33.960+0000] {dag.py:3427} INFO - Setting next_dagrun for example_branch_python_operator_decorator to 2022-12-05T00:00:00+00:00, run_after=2022-12-06T00:00:00+00:00
[2022-12-06T05:56:33.997+0000] {processor.py:175} INFO - Processing /home/airflow/.local/lib/python3.7/site-packages/airflow/example_dags/example_branch_operator_decorator.py took 0.222 seconds
[2022-12-06T05:57:20.313+0000] {processor.py:153} INFO - Started process (PID=1048) to work on /home/airflow/.local/lib/python3.7/site-packages/airflow/example_dags/example_branch_operator_decorator.py
[2022-12-06T05:57:20.317+0000] {processor.py:743} INFO - Processing file /home/airflow/.local/lib/python3.7/site-packages/airflow/example_dags/example_branch_operator_decorator.py for tasks to queue
[2022-12-06T05:57:20.326+0000] {logging_mixin.py:137} INFO - [2022-12-06T05:57:20.325+0000] {dagbag.py:538} INFO - Filling up the DagBag from /home/airflow/.local/lib/python3.7/site-packages/airflow/example_dags/example_branch_operator_decorator.py
[2022-12-06T05:57:20.468+0000] {processor.py:753} INFO - DAG(s) dict_keys(['example_branch_python_operator_decorator']) retrieved from /home/airflow/.local/lib/python3.7/site-packages/airflow/example_dags/example_branch_operator_decorator.py
[2022-12-06T05:57:20.659+0000] {logging_mixin.py:137} INFO - [2022-12-06T05:57:20.659+0000] {dag.py:2676} INFO - Sync 1 DAGs
[2022-12-06T05:57:20.798+0000] {logging_mixin.py:137} INFO - [2022-12-06T05:57:20.798+0000] {dag.py:3427} INFO - Setting next_dagrun for example_branch_python_operator_decorator to 2022-12-05T00:00:00+00:00, run_after=2022-12-06T00:00:00+00:00
[2022-12-06T05:57:20.883+0000] {processor.py:175} INFO - Processing /home/airflow/.local/lib/python3.7/site-packages/airflow/example_dags/example_branch_operator_decorator.py took 0.584 seconds
[2022-12-06T05:57:58.882+0000] {processor.py:153} INFO - Started process (PID=1116) to work on /home/airflow/.local/lib/python3.7/site-packages/airflow/example_dags/example_branch_operator_decorator.py
[2022-12-06T05:57:58.885+0000] {processor.py:743} INFO - Processing file /home/airflow/.local/lib/python3.7/site-packages/airflow/example_dags/example_branch_operator_decorator.py for tasks to queue
[2022-12-06T05:57:58.887+0000] {logging_mixin.py:137} INFO - [2022-12-06T05:57:58.887+0000] {dagbag.py:538} INFO - Filling up the DagBag from /home/airflow/.local/lib/python3.7/site-packages/airflow/example_dags/example_branch_operator_decorator.py
[2022-12-06T05:57:58.939+0000] {processor.py:753} INFO - DAG(s) dict_keys(['example_branch_python_operator_decorator']) retrieved from /home/airflow/.local/lib/python3.7/site-packages/airflow/example_dags/example_branch_operator_decorator.py
[2022-12-06T05:57:59.051+0000] {logging_mixin.py:137} INFO - [2022-12-06T05:57:59.051+0000] {dag.py:2676} INFO - Sync 1 DAGs
[2022-12-06T05:57:59.135+0000] {logging_mixin.py:137} INFO - [2022-12-06T05:57:59.134+0000] {dag.py:3427} INFO - Setting next_dagrun for example_branch_python_operator_decorator to 2022-12-05T00:00:00+00:00, run_after=2022-12-06T00:00:00+00:00
[2022-12-06T05:57:59.175+0000] {processor.py:175} INFO - Processing /home/airflow/.local/lib/python3.7/site-packages/airflow/example_dags/example_branch_operator_decorator.py took 0.298 seconds
[2022-12-06T05:58:39.447+0000] {processor.py:153} INFO - Started process (PID=1201) to work on /home/airflow/.local/lib/python3.7/site-packages/airflow/example_dags/example_branch_operator_decorator.py
[2022-12-06T05:58:39.452+0000] {processor.py:743} INFO - Processing file /home/airflow/.local/lib/python3.7/site-packages/airflow/example_dags/example_branch_operator_decorator.py for tasks to queue
[2022-12-06T05:58:39.459+0000] {logging_mixin.py:137} INFO - [2022-12-06T05:58:39.456+0000] {dagbag.py:538} INFO - Filling up the DagBag from /home/airflow/.local/lib/python3.7/site-packages/airflow/example_dags/example_branch_operator_decorator.py
[2022-12-06T05:58:39.519+0000] {processor.py:753} INFO - DAG(s) dict_keys(['example_branch_python_operator_decorator']) retrieved from /home/airflow/.local/lib/python3.7/site-packages/airflow/example_dags/example_branch_operator_decorator.py
[2022-12-06T05:58:39.612+0000] {logging_mixin.py:137} INFO - [2022-12-06T05:58:39.611+0000] {dag.py:2676} INFO - Sync 1 DAGs
[2022-12-06T05:58:39.680+0000] {logging_mixin.py:137} INFO - [2022-12-06T05:58:39.679+0000] {dag.py:3427} INFO - Setting next_dagrun for example_branch_python_operator_decorator to 2022-12-05T00:00:00+00:00, run_after=2022-12-06T00:00:00+00:00
[2022-12-06T05:58:39.730+0000] {processor.py:175} INFO - Processing /home/airflow/.local/lib/python3.7/site-packages/airflow/example_dags/example_branch_operator_decorator.py took 0.292 seconds
[2022-12-06T05:59:20.477+0000] {processor.py:153} INFO - Started process (PID=1269) to work on /home/airflow/.local/lib/python3.7/site-packages/airflow/example_dags/example_branch_operator_decorator.py
[2022-12-06T05:59:20.480+0000] {processor.py:743} INFO - Processing file /home/airflow/.local/lib/python3.7/site-packages/airflow/example_dags/example_branch_operator_decorator.py for tasks to queue
[2022-12-06T05:59:20.481+0000] {logging_mixin.py:137} INFO - [2022-12-06T05:59:20.481+0000] {dagbag.py:538} INFO - Filling up the DagBag from /home/airflow/.local/lib/python3.7/site-packages/airflow/example_dags/example_branch_operator_decorator.py
[2022-12-06T05:59:20.526+0000] {processor.py:753} INFO - DAG(s) dict_keys(['example_branch_python_operator_decorator']) retrieved from /home/airflow/.local/lib/python3.7/site-packages/airflow/example_dags/example_branch_operator_decorator.py
[2022-12-06T05:59:20.599+0000] {logging_mixin.py:137} INFO - [2022-12-06T05:59:20.599+0000] {dag.py:2676} INFO - Sync 1 DAGs
[2022-12-06T05:59:20.651+0000] {logging_mixin.py:137} INFO - [2022-12-06T05:59:20.651+0000] {dag.py:3427} INFO - Setting next_dagrun for example_branch_python_operator_decorator to 2022-12-05T00:00:00+00:00, run_after=2022-12-06T00:00:00+00:00
[2022-12-06T05:59:20.689+0000] {processor.py:175} INFO - Processing /home/airflow/.local/lib/python3.7/site-packages/airflow/example_dags/example_branch_operator_decorator.py took 0.218 seconds
[2022-12-06T05:59:58.754+0000] {processor.py:153} INFO - Started process (PID=1336) to work on /home/airflow/.local/lib/python3.7/site-packages/airflow/example_dags/example_branch_operator_decorator.py
[2022-12-06T05:59:58.756+0000] {processor.py:743} INFO - Processing file /home/airflow/.local/lib/python3.7/site-packages/airflow/example_dags/example_branch_operator_decorator.py for tasks to queue
[2022-12-06T05:59:58.759+0000] {logging_mixin.py:137} INFO - [2022-12-06T05:59:58.759+0000] {dagbag.py:538} INFO - Filling up the DagBag from /home/airflow/.local/lib/python3.7/site-packages/airflow/example_dags/example_branch_operator_decorator.py
[2022-12-06T05:59:58.800+0000] {processor.py:753} INFO - DAG(s) dict_keys(['example_branch_python_operator_decorator']) retrieved from /home/airflow/.local/lib/python3.7/site-packages/airflow/example_dags/example_branch_operator_decorator.py
[2022-12-06T05:59:58.872+0000] {logging_mixin.py:137} INFO - [2022-12-06T05:59:58.871+0000] {dag.py:2676} INFO - Sync 1 DAGs
[2022-12-06T05:59:58.910+0000] {logging_mixin.py:137} INFO - [2022-12-06T05:59:58.910+0000] {dag.py:3427} INFO - Setting next_dagrun for example_branch_python_operator_decorator to 2022-12-05T00:00:00+00:00, run_after=2022-12-06T00:00:00+00:00
[2022-12-06T05:59:58.946+0000] {processor.py:175} INFO - Processing /home/airflow/.local/lib/python3.7/site-packages/airflow/example_dags/example_branch_operator_decorator.py took 0.199 seconds
[2022-12-06T06:00:47.455+0000] {processor.py:153} INFO - Started process (PID=1420) to work on /home/airflow/.local/lib/python3.7/site-packages/airflow/example_dags/example_branch_operator_decorator.py
[2022-12-06T06:00:47.457+0000] {processor.py:743} INFO - Processing file /home/airflow/.local/lib/python3.7/site-packages/airflow/example_dags/example_branch_operator_decorator.py for tasks to queue
[2022-12-06T06:00:47.458+0000] {logging_mixin.py:137} INFO - [2022-12-06T06:00:47.458+0000] {dagbag.py:538} INFO - Filling up the DagBag from /home/airflow/.local/lib/python3.7/site-packages/airflow/example_dags/example_branch_operator_decorator.py
[2022-12-06T06:00:47.517+0000] {processor.py:753} INFO - DAG(s) dict_keys(['example_branch_python_operator_decorator']) retrieved from /home/airflow/.local/lib/python3.7/site-packages/airflow/example_dags/example_branch_operator_decorator.py
[2022-12-06T06:00:47.631+0000] {logging_mixin.py:137} INFO - [2022-12-06T06:00:47.631+0000] {dag.py:2676} INFO - Sync 1 DAGs
[2022-12-06T06:00:47.728+0000] {logging_mixin.py:137} INFO - [2022-12-06T06:00:47.728+0000] {dag.py:3427} INFO - Setting next_dagrun for example_branch_python_operator_decorator to 2022-12-05T00:00:00+00:00, run_after=2022-12-06T00:00:00+00:00
[2022-12-06T06:00:47.778+0000] {processor.py:175} INFO - Processing /home/airflow/.local/lib/python3.7/site-packages/airflow/example_dags/example_branch_operator_decorator.py took 0.328 seconds
[2022-12-06T06:01:17.960+0000] {processor.py:153} INFO - Started process (PID=1499) to work on /home/airflow/.local/lib/python3.7/site-packages/airflow/example_dags/example_branch_operator_decorator.py
[2022-12-06T06:01:17.963+0000] {processor.py:743} INFO - Processing file /home/airflow/.local/lib/python3.7/site-packages/airflow/example_dags/example_branch_operator_decorator.py for tasks to queue
[2022-12-06T06:01:17.966+0000] {logging_mixin.py:137} INFO - [2022-12-06T06:01:17.966+0000] {dagbag.py:538} INFO - Filling up the DagBag from /home/airflow/.local/lib/python3.7/site-packages/airflow/example_dags/example_branch_operator_decorator.py
[2022-12-06T06:01:18.040+0000] {processor.py:753} INFO - DAG(s) dict_keys(['example_branch_python_operator_decorator']) retrieved from /home/airflow/.local/lib/python3.7/site-packages/airflow/example_dags/example_branch_operator_decorator.py
[2022-12-06T06:01:18.144+0000] {logging_mixin.py:137} INFO - [2022-12-06T06:01:18.144+0000] {dag.py:2676} INFO - Sync 1 DAGs
[2022-12-06T06:01:18.204+0000] {logging_mixin.py:137} INFO - [2022-12-06T06:01:18.204+0000] {dag.py:3427} INFO - Setting next_dagrun for example_branch_python_operator_decorator to 2022-12-05T00:00:00+00:00, run_after=2022-12-06T00:00:00+00:00
[2022-12-06T06:01:18.260+0000] {processor.py:175} INFO - Processing /home/airflow/.local/lib/python3.7/site-packages/airflow/example_dags/example_branch_operator_decorator.py took 0.307 seconds
[2022-12-06T06:01:49.684+0000] {processor.py:153} INFO - Started process (PID=1571) to work on /home/airflow/.local/lib/python3.7/site-packages/airflow/example_dags/example_branch_operator_decorator.py
[2022-12-06T06:01:49.687+0000] {processor.py:743} INFO - Processing file /home/airflow/.local/lib/python3.7/site-packages/airflow/example_dags/example_branch_operator_decorator.py for tasks to queue
[2022-12-06T06:01:49.689+0000] {logging_mixin.py:137} INFO - [2022-12-06T06:01:49.689+0000] {dagbag.py:538} INFO - Filling up the DagBag from /home/airflow/.local/lib/python3.7/site-packages/airflow/example_dags/example_branch_operator_decorator.py
[2022-12-06T06:01:49.725+0000] {processor.py:753} INFO - DAG(s) dict_keys(['example_branch_python_operator_decorator']) retrieved from /home/airflow/.local/lib/python3.7/site-packages/airflow/example_dags/example_branch_operator_decorator.py
[2022-12-06T06:01:49.784+0000] {logging_mixin.py:137} INFO - [2022-12-06T06:01:49.784+0000] {dag.py:2676} INFO - Sync 1 DAGs
[2022-12-06T06:01:49.830+0000] {logging_mixin.py:137} INFO - [2022-12-06T06:01:49.830+0000] {dag.py:3427} INFO - Setting next_dagrun for example_branch_python_operator_decorator to 2022-12-05T00:00:00+00:00, run_after=2022-12-06T00:00:00+00:00
[2022-12-06T06:01:49.861+0000] {processor.py:175} INFO - Processing /home/airflow/.local/lib/python3.7/site-packages/airflow/example_dags/example_branch_operator_decorator.py took 0.181 seconds
[2022-12-06T06:02:26.083+0000] {processor.py:153} INFO - Started process (PID=1638) to work on /home/airflow/.local/lib/python3.7/site-packages/airflow/example_dags/example_branch_operator_decorator.py
[2022-12-06T06:02:26.086+0000] {processor.py:743} INFO - Processing file /home/airflow/.local/lib/python3.7/site-packages/airflow/example_dags/example_branch_operator_decorator.py for tasks to queue
[2022-12-06T06:02:26.087+0000] {logging_mixin.py:137} INFO - [2022-12-06T06:02:26.087+0000] {dagbag.py:538} INFO - Filling up the DagBag from /home/airflow/.local/lib/python3.7/site-packages/airflow/example_dags/example_branch_operator_decorator.py
[2022-12-06T06:02:26.124+0000] {processor.py:753} INFO - DAG(s) dict_keys(['example_branch_python_operator_decorator']) retrieved from /home/airflow/.local/lib/python3.7/site-packages/airflow/example_dags/example_branch_operator_decorator.py
[2022-12-06T06:02:26.222+0000] {logging_mixin.py:137} INFO - [2022-12-06T06:02:26.222+0000] {dag.py:2676} INFO - Sync 1 DAGs
[2022-12-06T06:02:26.276+0000] {logging_mixin.py:137} INFO - [2022-12-06T06:02:26.276+0000] {dag.py:3427} INFO - Setting next_dagrun for example_branch_python_operator_decorator to 2022-12-05T00:00:00+00:00, run_after=2022-12-06T00:00:00+00:00
[2022-12-06T06:02:26.307+0000] {processor.py:175} INFO - Processing /home/airflow/.local/lib/python3.7/site-packages/airflow/example_dags/example_branch_operator_decorator.py took 0.229 seconds
