[2022-12-06T05:24:58.361+0000] {processor.py:153} INFO - Started process (PID=84) to work on /home/airflow/.local/lib/python3.7/site-packages/airflow/example_dags/example_branch_day_of_week_operator.py
[2022-12-06T05:24:58.365+0000] {processor.py:743} INFO - Processing file /home/airflow/.local/lib/python3.7/site-packages/airflow/example_dags/example_branch_day_of_week_operator.py for tasks to queue
[2022-12-06T05:24:58.372+0000] {logging_mixin.py:137} INFO - [2022-12-06T05:24:58.371+0000] {dagbag.py:538} INFO - Filling up the DagBag from /home/airflow/.local/lib/python3.7/site-packages/airflow/example_dags/example_branch_day_of_week_operator.py
[2022-12-06T05:24:59.020+0000] {processor.py:753} INFO - DAG(s) dict_keys(['example_weekday_branch_operator']) retrieved from /home/airflow/.local/lib/python3.7/site-packages/airflow/example_dags/example_branch_day_of_week_operator.py
[2022-12-06T05:25:08.575+0000] {logging_mixin.py:137} INFO - [2022-12-06T05:25:08.492+0000] {dag.py:2676} INFO - Sync 1 DAGs
[2022-12-06T05:25:10.286+0000] {logging_mixin.py:137} INFO - [2022-12-06T05:25:10.274+0000] {dag.py:3427} INFO - Setting next_dagrun for example_weekday_branch_operator to 2022-12-05T00:00:00+00:00, run_after=2022-12-06T00:00:00+00:00
[2022-12-06T05:25:29.892+0000] {processor.py:175} INFO - Processing /home/airflow/.local/lib/python3.7/site-packages/airflow/example_dags/example_branch_day_of_week_operator.py took 31.609 seconds
[2022-12-06T05:26:12.756+0000] {processor.py:153} INFO - Started process (PID=187) to work on /home/airflow/.local/lib/python3.7/site-packages/airflow/example_dags/example_branch_day_of_week_operator.py
[2022-12-06T05:26:12.760+0000] {processor.py:743} INFO - Processing file /home/airflow/.local/lib/python3.7/site-packages/airflow/example_dags/example_branch_day_of_week_operator.py for tasks to queue
[2022-12-06T05:26:12.764+0000] {logging_mixin.py:137} INFO - [2022-12-06T05:26:12.763+0000] {dagbag.py:538} INFO - Filling up the DagBag from /home/airflow/.local/lib/python3.7/site-packages/airflow/example_dags/example_branch_day_of_week_operator.py
[2022-12-06T05:26:12.812+0000] {processor.py:753} INFO - DAG(s) dict_keys(['example_weekday_branch_operator']) retrieved from /home/airflow/.local/lib/python3.7/site-packages/airflow/example_dags/example_branch_day_of_week_operator.py
[2022-12-06T05:26:12.918+0000] {logging_mixin.py:137} INFO - [2022-12-06T05:26:12.918+0000] {dag.py:2676} INFO - Sync 1 DAGs
[2022-12-06T05:26:12.989+0000] {logging_mixin.py:137} INFO - [2022-12-06T05:26:12.989+0000] {dag.py:3427} INFO - Setting next_dagrun for example_weekday_branch_operator to 2022-12-05T00:00:00+00:00, run_after=2022-12-06T00:00:00+00:00
[2022-12-06T05:26:13.030+0000] {processor.py:175} INFO - Processing /home/airflow/.local/lib/python3.7/site-packages/airflow/example_dags/example_branch_day_of_week_operator.py took 0.279 seconds
[2022-12-06T05:27:08.937+0000] {processor.py:153} INFO - Started process (PID=270) to work on /home/airflow/.local/lib/python3.7/site-packages/airflow/example_dags/example_branch_day_of_week_operator.py
[2022-12-06T05:27:08.940+0000] {processor.py:743} INFO - Processing file /home/airflow/.local/lib/python3.7/site-packages/airflow/example_dags/example_branch_day_of_week_operator.py for tasks to queue
[2022-12-06T05:27:08.942+0000] {logging_mixin.py:137} INFO - [2022-12-06T05:27:08.942+0000] {dagbag.py:538} INFO - Filling up the DagBag from /home/airflow/.local/lib/python3.7/site-packages/airflow/example_dags/example_branch_day_of_week_operator.py
[2022-12-06T05:27:08.974+0000] {processor.py:753} INFO - DAG(s) dict_keys(['example_weekday_branch_operator']) retrieved from /home/airflow/.local/lib/python3.7/site-packages/airflow/example_dags/example_branch_day_of_week_operator.py
[2022-12-06T05:27:09.042+0000] {logging_mixin.py:137} INFO - [2022-12-06T05:27:09.042+0000] {dag.py:2676} INFO - Sync 1 DAGs
[2022-12-06T05:27:09.084+0000] {logging_mixin.py:137} INFO - [2022-12-06T05:27:09.084+0000] {dag.py:3427} INFO - Setting next_dagrun for example_weekday_branch_operator to 2022-12-05T00:00:00+00:00, run_after=2022-12-06T00:00:00+00:00
[2022-12-06T05:27:09.123+0000] {processor.py:175} INFO - Processing /home/airflow/.local/lib/python3.7/site-packages/airflow/example_dags/example_branch_day_of_week_operator.py took 0.191 seconds
[2022-12-06T05:27:39.484+0000] {processor.py:153} INFO - Started process (PID=338) to work on /home/airflow/.local/lib/python3.7/site-packages/airflow/example_dags/example_branch_day_of_week_operator.py
[2022-12-06T05:27:39.486+0000] {processor.py:743} INFO - Processing file /home/airflow/.local/lib/python3.7/site-packages/airflow/example_dags/example_branch_day_of_week_operator.py for tasks to queue
[2022-12-06T05:27:39.487+0000] {logging_mixin.py:137} INFO - [2022-12-06T05:27:39.487+0000] {dagbag.py:538} INFO - Filling up the DagBag from /home/airflow/.local/lib/python3.7/site-packages/airflow/example_dags/example_branch_day_of_week_operator.py
[2022-12-06T05:27:39.524+0000] {processor.py:753} INFO - DAG(s) dict_keys(['example_weekday_branch_operator']) retrieved from /home/airflow/.local/lib/python3.7/site-packages/airflow/example_dags/example_branch_day_of_week_operator.py
[2022-12-06T05:27:39.604+0000] {logging_mixin.py:137} INFO - [2022-12-06T05:27:39.604+0000] {dag.py:2676} INFO - Sync 1 DAGs
[2022-12-06T05:27:39.652+0000] {logging_mixin.py:137} INFO - [2022-12-06T05:27:39.651+0000] {dag.py:3427} INFO - Setting next_dagrun for example_weekday_branch_operator to 2022-12-05T00:00:00+00:00, run_after=2022-12-06T00:00:00+00:00
[2022-12-06T05:27:39.694+0000] {processor.py:175} INFO - Processing /home/airflow/.local/lib/python3.7/site-packages/airflow/example_dags/example_branch_day_of_week_operator.py took 0.215 seconds
[2022-12-06T05:28:11.172+0000] {processor.py:153} INFO - Started process (PID=405) to work on /home/airflow/.local/lib/python3.7/site-packages/airflow/example_dags/example_branch_day_of_week_operator.py
[2022-12-06T05:28:11.177+0000] {processor.py:743} INFO - Processing file /home/airflow/.local/lib/python3.7/site-packages/airflow/example_dags/example_branch_day_of_week_operator.py for tasks to queue
[2022-12-06T05:28:11.179+0000] {logging_mixin.py:137} INFO - [2022-12-06T05:28:11.179+0000] {dagbag.py:538} INFO - Filling up the DagBag from /home/airflow/.local/lib/python3.7/site-packages/airflow/example_dags/example_branch_day_of_week_operator.py
[2022-12-06T05:28:11.223+0000] {processor.py:753} INFO - DAG(s) dict_keys(['example_weekday_branch_operator']) retrieved from /home/airflow/.local/lib/python3.7/site-packages/airflow/example_dags/example_branch_day_of_week_operator.py
[2022-12-06T05:28:11.533+0000] {logging_mixin.py:137} INFO - [2022-12-06T05:28:11.532+0000] {dag.py:2676} INFO - Sync 1 DAGs
[2022-12-06T05:28:11.724+0000] {logging_mixin.py:137} INFO - [2022-12-06T05:28:11.723+0000] {dag.py:3427} INFO - Setting next_dagrun for example_weekday_branch_operator to 2022-12-05T00:00:00+00:00, run_after=2022-12-06T00:00:00+00:00
[2022-12-06T05:28:11.900+0000] {processor.py:175} INFO - Processing /home/airflow/.local/lib/python3.7/site-packages/airflow/example_dags/example_branch_day_of_week_operator.py took 0.735 seconds
[2022-12-06T05:28:43.156+0000] {processor.py:153} INFO - Started process (PID=471) to work on /home/airflow/.local/lib/python3.7/site-packages/airflow/example_dags/example_branch_day_of_week_operator.py
[2022-12-06T05:28:43.159+0000] {processor.py:743} INFO - Processing file /home/airflow/.local/lib/python3.7/site-packages/airflow/example_dags/example_branch_day_of_week_operator.py for tasks to queue
[2022-12-06T05:28:43.162+0000] {logging_mixin.py:137} INFO - [2022-12-06T05:28:43.161+0000] {dagbag.py:538} INFO - Filling up the DagBag from /home/airflow/.local/lib/python3.7/site-packages/airflow/example_dags/example_branch_day_of_week_operator.py
[2022-12-06T05:28:43.212+0000] {processor.py:753} INFO - DAG(s) dict_keys(['example_weekday_branch_operator']) retrieved from /home/airflow/.local/lib/python3.7/site-packages/airflow/example_dags/example_branch_day_of_week_operator.py
[2022-12-06T05:28:43.302+0000] {logging_mixin.py:137} INFO - [2022-12-06T05:28:43.302+0000] {dag.py:2676} INFO - Sync 1 DAGs
[2022-12-06T05:28:43.362+0000] {logging_mixin.py:137} INFO - [2022-12-06T05:28:43.361+0000] {dag.py:3427} INFO - Setting next_dagrun for example_weekday_branch_operator to 2022-12-05T00:00:00+00:00, run_after=2022-12-06T00:00:00+00:00
[2022-12-06T05:28:43.423+0000] {processor.py:175} INFO - Processing /home/airflow/.local/lib/python3.7/site-packages/airflow/example_dags/example_branch_day_of_week_operator.py took 0.275 seconds
[2022-12-06T05:29:13.809+0000] {processor.py:153} INFO - Started process (PID=539) to work on /home/airflow/.local/lib/python3.7/site-packages/airflow/example_dags/example_branch_day_of_week_operator.py
[2022-12-06T05:29:13.812+0000] {processor.py:743} INFO - Processing file /home/airflow/.local/lib/python3.7/site-packages/airflow/example_dags/example_branch_day_of_week_operator.py for tasks to queue
[2022-12-06T05:29:13.814+0000] {logging_mixin.py:137} INFO - [2022-12-06T05:29:13.814+0000] {dagbag.py:538} INFO - Filling up the DagBag from /home/airflow/.local/lib/python3.7/site-packages/airflow/example_dags/example_branch_day_of_week_operator.py
[2022-12-06T05:29:13.843+0000] {processor.py:753} INFO - DAG(s) dict_keys(['example_weekday_branch_operator']) retrieved from /home/airflow/.local/lib/python3.7/site-packages/airflow/example_dags/example_branch_day_of_week_operator.py
[2022-12-06T05:29:13.931+0000] {logging_mixin.py:137} INFO - [2022-12-06T05:29:13.931+0000] {dag.py:2676} INFO - Sync 1 DAGs
[2022-12-06T05:29:14.003+0000] {logging_mixin.py:137} INFO - [2022-12-06T05:29:14.003+0000] {dag.py:3427} INFO - Setting next_dagrun for example_weekday_branch_operator to 2022-12-05T00:00:00+00:00, run_after=2022-12-06T00:00:00+00:00
[2022-12-06T05:29:14.046+0000] {processor.py:175} INFO - Processing /home/airflow/.local/lib/python3.7/site-packages/airflow/example_dags/example_branch_day_of_week_operator.py took 0.242 seconds
[2022-12-06T05:30:21.416+0000] {processor.py:153} INFO - Started process (PID=601) to work on /home/airflow/.local/lib/python3.7/site-packages/airflow/example_dags/example_branch_day_of_week_operator.py
[2022-12-06T05:30:21.419+0000] {processor.py:743} INFO - Processing file /home/airflow/.local/lib/python3.7/site-packages/airflow/example_dags/example_branch_day_of_week_operator.py for tasks to queue
[2022-12-06T05:30:21.421+0000] {logging_mixin.py:137} INFO - [2022-12-06T05:30:21.421+0000] {dagbag.py:538} INFO - Filling up the DagBag from /home/airflow/.local/lib/python3.7/site-packages/airflow/example_dags/example_branch_day_of_week_operator.py
[2022-12-06T05:30:21.456+0000] {processor.py:753} INFO - DAG(s) dict_keys(['example_weekday_branch_operator']) retrieved from /home/airflow/.local/lib/python3.7/site-packages/airflow/example_dags/example_branch_day_of_week_operator.py
[2022-12-06T05:30:21.534+0000] {logging_mixin.py:137} INFO - [2022-12-06T05:30:21.533+0000] {dag.py:2676} INFO - Sync 1 DAGs
[2022-12-06T05:30:21.596+0000] {logging_mixin.py:137} INFO - [2022-12-06T05:30:21.596+0000] {dag.py:3427} INFO - Setting next_dagrun for example_weekday_branch_operator to 2022-12-05T00:00:00+00:00, run_after=2022-12-06T00:00:00+00:00
[2022-12-06T05:30:21.646+0000] {processor.py:175} INFO - Processing /home/airflow/.local/lib/python3.7/site-packages/airflow/example_dags/example_branch_day_of_week_operator.py took 0.235 seconds
[2022-12-06T05:31:08.264+0000] {processor.py:153} INFO - Started process (PID=684) to work on /home/airflow/.local/lib/python3.7/site-packages/airflow/example_dags/example_branch_day_of_week_operator.py
[2022-12-06T05:31:08.267+0000] {processor.py:743} INFO - Processing file /home/airflow/.local/lib/python3.7/site-packages/airflow/example_dags/example_branch_day_of_week_operator.py for tasks to queue
[2022-12-06T05:31:08.270+0000] {logging_mixin.py:137} INFO - [2022-12-06T05:31:08.269+0000] {dagbag.py:538} INFO - Filling up the DagBag from /home/airflow/.local/lib/python3.7/site-packages/airflow/example_dags/example_branch_day_of_week_operator.py
[2022-12-06T05:31:08.310+0000] {processor.py:753} INFO - DAG(s) dict_keys(['example_weekday_branch_operator']) retrieved from /home/airflow/.local/lib/python3.7/site-packages/airflow/example_dags/example_branch_day_of_week_operator.py
[2022-12-06T05:31:08.388+0000] {logging_mixin.py:137} INFO - [2022-12-06T05:31:08.388+0000] {dag.py:2676} INFO - Sync 1 DAGs
[2022-12-06T05:31:08.429+0000] {logging_mixin.py:137} INFO - [2022-12-06T05:31:08.428+0000] {dag.py:3427} INFO - Setting next_dagrun for example_weekday_branch_operator to 2022-12-05T00:00:00+00:00, run_after=2022-12-06T00:00:00+00:00
[2022-12-06T05:31:08.469+0000] {processor.py:175} INFO - Processing /home/airflow/.local/lib/python3.7/site-packages/airflow/example_dags/example_branch_day_of_week_operator.py took 0.249 seconds
[2022-12-06T05:32:05.228+0000] {processor.py:153} INFO - Started process (PID=751) to work on /home/airflow/.local/lib/python3.7/site-packages/airflow/example_dags/example_branch_day_of_week_operator.py
[2022-12-06T05:32:05.231+0000] {processor.py:743} INFO - Processing file /home/airflow/.local/lib/python3.7/site-packages/airflow/example_dags/example_branch_day_of_week_operator.py for tasks to queue
[2022-12-06T05:32:05.234+0000] {logging_mixin.py:137} INFO - [2022-12-06T05:32:05.233+0000] {dagbag.py:538} INFO - Filling up the DagBag from /home/airflow/.local/lib/python3.7/site-packages/airflow/example_dags/example_branch_day_of_week_operator.py
[2022-12-06T05:32:05.278+0000] {processor.py:753} INFO - DAG(s) dict_keys(['example_weekday_branch_operator']) retrieved from /home/airflow/.local/lib/python3.7/site-packages/airflow/example_dags/example_branch_day_of_week_operator.py
[2022-12-06T05:32:05.383+0000] {logging_mixin.py:137} INFO - [2022-12-06T05:32:05.382+0000] {dag.py:2676} INFO - Sync 1 DAGs
[2022-12-06T05:32:05.489+0000] {logging_mixin.py:137} INFO - [2022-12-06T05:32:05.488+0000] {dag.py:3427} INFO - Setting next_dagrun for example_weekday_branch_operator to 2022-12-05T00:00:00+00:00, run_after=2022-12-06T00:00:00+00:00
[2022-12-06T05:32:05.526+0000] {processor.py:175} INFO - Processing /home/airflow/.local/lib/python3.7/site-packages/airflow/example_dags/example_branch_day_of_week_operator.py took 0.316 seconds
[2022-12-06T05:48:27.928+0000] {processor.py:153} INFO - Started process (PID=104) to work on /home/airflow/.local/lib/python3.7/site-packages/airflow/example_dags/example_branch_day_of_week_operator.py
[2022-12-06T05:48:27.933+0000] {processor.py:743} INFO - Processing file /home/airflow/.local/lib/python3.7/site-packages/airflow/example_dags/example_branch_day_of_week_operator.py for tasks to queue
[2022-12-06T05:48:27.938+0000] {logging_mixin.py:137} INFO - [2022-12-06T05:48:27.938+0000] {dagbag.py:538} INFO - Filling up the DagBag from /home/airflow/.local/lib/python3.7/site-packages/airflow/example_dags/example_branch_day_of_week_operator.py
[2022-12-06T05:48:28.034+0000] {processor.py:753} INFO - DAG(s) dict_keys(['example_weekday_branch_operator']) retrieved from /home/airflow/.local/lib/python3.7/site-packages/airflow/example_dags/example_branch_day_of_week_operator.py
[2022-12-06T05:48:28.174+0000] {logging_mixin.py:137} INFO - [2022-12-06T05:48:28.173+0000] {dag.py:2676} INFO - Sync 1 DAGs
[2022-12-06T05:48:28.325+0000] {logging_mixin.py:137} INFO - [2022-12-06T05:48:28.325+0000] {dag.py:3427} INFO - Setting next_dagrun for example_weekday_branch_operator to 2022-12-05T00:00:00+00:00, run_after=2022-12-06T00:00:00+00:00
[2022-12-06T05:48:28.534+0000] {processor.py:175} INFO - Processing /home/airflow/.local/lib/python3.7/site-packages/airflow/example_dags/example_branch_day_of_week_operator.py took 0.617 seconds
[2022-12-06T05:48:59.003+0000] {processor.py:153} INFO - Started process (PID=185) to work on /home/airflow/.local/lib/python3.7/site-packages/airflow/example_dags/example_branch_day_of_week_operator.py
[2022-12-06T05:48:59.010+0000] {processor.py:743} INFO - Processing file /home/airflow/.local/lib/python3.7/site-packages/airflow/example_dags/example_branch_day_of_week_operator.py for tasks to queue
[2022-12-06T05:48:59.018+0000] {logging_mixin.py:137} INFO - [2022-12-06T05:48:59.017+0000] {dagbag.py:538} INFO - Filling up the DagBag from /home/airflow/.local/lib/python3.7/site-packages/airflow/example_dags/example_branch_day_of_week_operator.py
[2022-12-06T05:48:59.108+0000] {processor.py:753} INFO - DAG(s) dict_keys(['example_weekday_branch_operator']) retrieved from /home/airflow/.local/lib/python3.7/site-packages/airflow/example_dags/example_branch_day_of_week_operator.py
[2022-12-06T05:48:59.199+0000] {logging_mixin.py:137} INFO - [2022-12-06T05:48:59.199+0000] {dag.py:2676} INFO - Sync 1 DAGs
[2022-12-06T05:48:59.263+0000] {logging_mixin.py:137} INFO - [2022-12-06T05:48:59.263+0000] {dag.py:3427} INFO - Setting next_dagrun for example_weekday_branch_operator to 2022-12-05T00:00:00+00:00, run_after=2022-12-06T00:00:00+00:00
[2022-12-06T05:48:59.303+0000] {processor.py:175} INFO - Processing /home/airflow/.local/lib/python3.7/site-packages/airflow/example_dags/example_branch_day_of_week_operator.py took 0.314 seconds
[2022-12-06T05:49:29.739+0000] {processor.py:153} INFO - Started process (PID=254) to work on /home/airflow/.local/lib/python3.7/site-packages/airflow/example_dags/example_branch_day_of_week_operator.py
[2022-12-06T05:49:29.742+0000] {processor.py:743} INFO - Processing file /home/airflow/.local/lib/python3.7/site-packages/airflow/example_dags/example_branch_day_of_week_operator.py for tasks to queue
[2022-12-06T05:49:29.746+0000] {logging_mixin.py:137} INFO - [2022-12-06T05:49:29.745+0000] {dagbag.py:538} INFO - Filling up the DagBag from /home/airflow/.local/lib/python3.7/site-packages/airflow/example_dags/example_branch_day_of_week_operator.py
[2022-12-06T05:49:29.786+0000] {processor.py:753} INFO - DAG(s) dict_keys(['example_weekday_branch_operator']) retrieved from /home/airflow/.local/lib/python3.7/site-packages/airflow/example_dags/example_branch_day_of_week_operator.py
[2022-12-06T05:49:29.876+0000] {logging_mixin.py:137} INFO - [2022-12-06T05:49:29.876+0000] {dag.py:2676} INFO - Sync 1 DAGs
[2022-12-06T05:49:29.963+0000] {logging_mixin.py:137} INFO - [2022-12-06T05:49:29.962+0000] {dag.py:3427} INFO - Setting next_dagrun for example_weekday_branch_operator to 2022-12-05T00:00:00+00:00, run_after=2022-12-06T00:00:00+00:00
[2022-12-06T05:49:30.013+0000] {processor.py:175} INFO - Processing /home/airflow/.local/lib/python3.7/site-packages/airflow/example_dags/example_branch_day_of_week_operator.py took 0.281 seconds
[2022-12-06T05:50:00.884+0000] {processor.py:153} INFO - Started process (PID=321) to work on /home/airflow/.local/lib/python3.7/site-packages/airflow/example_dags/example_branch_day_of_week_operator.py
[2022-12-06T05:50:00.889+0000] {processor.py:743} INFO - Processing file /home/airflow/.local/lib/python3.7/site-packages/airflow/example_dags/example_branch_day_of_week_operator.py for tasks to queue
[2022-12-06T05:50:00.891+0000] {logging_mixin.py:137} INFO - [2022-12-06T05:50:00.891+0000] {dagbag.py:538} INFO - Filling up the DagBag from /home/airflow/.local/lib/python3.7/site-packages/airflow/example_dags/example_branch_day_of_week_operator.py
[2022-12-06T05:50:00.934+0000] {processor.py:753} INFO - DAG(s) dict_keys(['example_weekday_branch_operator']) retrieved from /home/airflow/.local/lib/python3.7/site-packages/airflow/example_dags/example_branch_day_of_week_operator.py
[2022-12-06T05:50:01.006+0000] {logging_mixin.py:137} INFO - [2022-12-06T05:50:01.005+0000] {dag.py:2676} INFO - Sync 1 DAGs
[2022-12-06T05:50:01.057+0000] {logging_mixin.py:137} INFO - [2022-12-06T05:50:01.056+0000] {dag.py:3427} INFO - Setting next_dagrun for example_weekday_branch_operator to 2022-12-05T00:00:00+00:00, run_after=2022-12-06T00:00:00+00:00
[2022-12-06T05:50:01.097+0000] {processor.py:175} INFO - Processing /home/airflow/.local/lib/python3.7/site-packages/airflow/example_dags/example_branch_day_of_week_operator.py took 0.222 seconds
[2022-12-06T05:50:37.349+0000] {processor.py:153} INFO - Started process (PID=389) to work on /home/airflow/.local/lib/python3.7/site-packages/airflow/example_dags/example_branch_day_of_week_operator.py
[2022-12-06T05:50:37.353+0000] {processor.py:743} INFO - Processing file /home/airflow/.local/lib/python3.7/site-packages/airflow/example_dags/example_branch_day_of_week_operator.py for tasks to queue
[2022-12-06T05:50:37.357+0000] {logging_mixin.py:137} INFO - [2022-12-06T05:50:37.357+0000] {dagbag.py:538} INFO - Filling up the DagBag from /home/airflow/.local/lib/python3.7/site-packages/airflow/example_dags/example_branch_day_of_week_operator.py
[2022-12-06T05:50:37.393+0000] {processor.py:753} INFO - DAG(s) dict_keys(['example_weekday_branch_operator']) retrieved from /home/airflow/.local/lib/python3.7/site-packages/airflow/example_dags/example_branch_day_of_week_operator.py
[2022-12-06T05:50:37.487+0000] {logging_mixin.py:137} INFO - [2022-12-06T05:50:37.487+0000] {dag.py:2676} INFO - Sync 1 DAGs
[2022-12-06T05:50:37.571+0000] {logging_mixin.py:137} INFO - [2022-12-06T05:50:37.571+0000] {dag.py:3427} INFO - Setting next_dagrun for example_weekday_branch_operator to 2022-12-05T00:00:00+00:00, run_after=2022-12-06T00:00:00+00:00
[2022-12-06T05:50:37.641+0000] {processor.py:175} INFO - Processing /home/airflow/.local/lib/python3.7/site-packages/airflow/example_dags/example_branch_day_of_week_operator.py took 0.300 seconds
[2022-12-06T05:51:25.609+0000] {processor.py:153} INFO - Started process (PID=447) to work on /home/airflow/.local/lib/python3.7/site-packages/airflow/example_dags/example_branch_day_of_week_operator.py
[2022-12-06T05:51:25.612+0000] {processor.py:743} INFO - Processing file /home/airflow/.local/lib/python3.7/site-packages/airflow/example_dags/example_branch_day_of_week_operator.py for tasks to queue
[2022-12-06T05:51:25.615+0000] {logging_mixin.py:137} INFO - [2022-12-06T05:51:25.614+0000] {dagbag.py:538} INFO - Filling up the DagBag from /home/airflow/.local/lib/python3.7/site-packages/airflow/example_dags/example_branch_day_of_week_operator.py
[2022-12-06T05:51:25.677+0000] {processor.py:753} INFO - DAG(s) dict_keys(['example_weekday_branch_operator']) retrieved from /home/airflow/.local/lib/python3.7/site-packages/airflow/example_dags/example_branch_day_of_week_operator.py
[2022-12-06T05:51:25.830+0000] {logging_mixin.py:137} INFO - [2022-12-06T05:51:25.829+0000] {dag.py:2676} INFO - Sync 1 DAGs
[2022-12-06T05:51:25.958+0000] {logging_mixin.py:137} INFO - [2022-12-06T05:51:25.957+0000] {dag.py:3427} INFO - Setting next_dagrun for example_weekday_branch_operator to 2022-12-05T00:00:00+00:00, run_after=2022-12-06T00:00:00+00:00
[2022-12-06T05:51:26.024+0000] {processor.py:175} INFO - Processing /home/airflow/.local/lib/python3.7/site-packages/airflow/example_dags/example_branch_day_of_week_operator.py took 0.421 seconds
[2022-12-06T05:52:16.087+0000] {processor.py:153} INFO - Started process (PID=513) to work on /home/airflow/.local/lib/python3.7/site-packages/airflow/example_dags/example_branch_day_of_week_operator.py
[2022-12-06T05:52:16.093+0000] {processor.py:743} INFO - Processing file /home/airflow/.local/lib/python3.7/site-packages/airflow/example_dags/example_branch_day_of_week_operator.py for tasks to queue
[2022-12-06T05:52:16.100+0000] {logging_mixin.py:137} INFO - [2022-12-06T05:52:16.100+0000] {dagbag.py:538} INFO - Filling up the DagBag from /home/airflow/.local/lib/python3.7/site-packages/airflow/example_dags/example_branch_day_of_week_operator.py
[2022-12-06T05:52:16.158+0000] {processor.py:753} INFO - DAG(s) dict_keys(['example_weekday_branch_operator']) retrieved from /home/airflow/.local/lib/python3.7/site-packages/airflow/example_dags/example_branch_day_of_week_operator.py
[2022-12-06T05:52:16.266+0000] {logging_mixin.py:137} INFO - [2022-12-06T05:52:16.266+0000] {dag.py:2676} INFO - Sync 1 DAGs
[2022-12-06T05:52:16.321+0000] {logging_mixin.py:137} INFO - [2022-12-06T05:52:16.320+0000] {dag.py:3427} INFO - Setting next_dagrun for example_weekday_branch_operator to 2022-12-05T00:00:00+00:00, run_after=2022-12-06T00:00:00+00:00
[2022-12-06T05:52:16.366+0000] {processor.py:175} INFO - Processing /home/airflow/.local/lib/python3.7/site-packages/airflow/example_dags/example_branch_day_of_week_operator.py took 0.287 seconds
[2022-12-06T05:53:02.016+0000] {processor.py:153} INFO - Started process (PID=596) to work on /home/airflow/.local/lib/python3.7/site-packages/airflow/example_dags/example_branch_day_of_week_operator.py
[2022-12-06T05:53:02.019+0000] {processor.py:743} INFO - Processing file /home/airflow/.local/lib/python3.7/site-packages/airflow/example_dags/example_branch_day_of_week_operator.py for tasks to queue
[2022-12-06T05:53:02.021+0000] {logging_mixin.py:137} INFO - [2022-12-06T05:53:02.021+0000] {dagbag.py:538} INFO - Filling up the DagBag from /home/airflow/.local/lib/python3.7/site-packages/airflow/example_dags/example_branch_day_of_week_operator.py
[2022-12-06T05:53:02.061+0000] {processor.py:753} INFO - DAG(s) dict_keys(['example_weekday_branch_operator']) retrieved from /home/airflow/.local/lib/python3.7/site-packages/airflow/example_dags/example_branch_day_of_week_operator.py
[2022-12-06T05:53:02.146+0000] {logging_mixin.py:137} INFO - [2022-12-06T05:53:02.146+0000] {dag.py:2676} INFO - Sync 1 DAGs
[2022-12-06T05:53:02.210+0000] {logging_mixin.py:137} INFO - [2022-12-06T05:53:02.209+0000] {dag.py:3427} INFO - Setting next_dagrun for example_weekday_branch_operator to 2022-12-05T00:00:00+00:00, run_after=2022-12-06T00:00:00+00:00
[2022-12-06T05:53:02.252+0000] {processor.py:175} INFO - Processing /home/airflow/.local/lib/python3.7/site-packages/airflow/example_dags/example_branch_day_of_week_operator.py took 0.243 seconds
[2022-12-06T05:53:43.159+0000] {processor.py:153} INFO - Started process (PID=660) to work on /home/airflow/.local/lib/python3.7/site-packages/airflow/example_dags/example_branch_day_of_week_operator.py
[2022-12-06T05:53:43.163+0000] {processor.py:743} INFO - Processing file /home/airflow/.local/lib/python3.7/site-packages/airflow/example_dags/example_branch_day_of_week_operator.py for tasks to queue
[2022-12-06T05:53:43.166+0000] {logging_mixin.py:137} INFO - [2022-12-06T05:53:43.165+0000] {dagbag.py:538} INFO - Filling up the DagBag from /home/airflow/.local/lib/python3.7/site-packages/airflow/example_dags/example_branch_day_of_week_operator.py
[2022-12-06T05:53:43.219+0000] {processor.py:753} INFO - DAG(s) dict_keys(['example_weekday_branch_operator']) retrieved from /home/airflow/.local/lib/python3.7/site-packages/airflow/example_dags/example_branch_day_of_week_operator.py
[2022-12-06T05:53:43.317+0000] {logging_mixin.py:137} INFO - [2022-12-06T05:53:43.317+0000] {dag.py:2676} INFO - Sync 1 DAGs
[2022-12-06T05:53:43.384+0000] {logging_mixin.py:137} INFO - [2022-12-06T05:53:43.383+0000] {dag.py:3427} INFO - Setting next_dagrun for example_weekday_branch_operator to 2022-12-05T00:00:00+00:00, run_after=2022-12-06T00:00:00+00:00
[2022-12-06T05:53:43.505+0000] {processor.py:175} INFO - Processing /home/airflow/.local/lib/python3.7/site-packages/airflow/example_dags/example_branch_day_of_week_operator.py took 0.354 seconds
[2022-12-06T05:54:24.564+0000] {processor.py:153} INFO - Started process (PID=738) to work on /home/airflow/.local/lib/python3.7/site-packages/airflow/example_dags/example_branch_day_of_week_operator.py
[2022-12-06T05:54:24.566+0000] {processor.py:743} INFO - Processing file /home/airflow/.local/lib/python3.7/site-packages/airflow/example_dags/example_branch_day_of_week_operator.py for tasks to queue
[2022-12-06T05:54:24.568+0000] {logging_mixin.py:137} INFO - [2022-12-06T05:54:24.568+0000] {dagbag.py:538} INFO - Filling up the DagBag from /home/airflow/.local/lib/python3.7/site-packages/airflow/example_dags/example_branch_day_of_week_operator.py
[2022-12-06T05:54:24.602+0000] {processor.py:753} INFO - DAG(s) dict_keys(['example_weekday_branch_operator']) retrieved from /home/airflow/.local/lib/python3.7/site-packages/airflow/example_dags/example_branch_day_of_week_operator.py
[2022-12-06T05:54:24.671+0000] {logging_mixin.py:137} INFO - [2022-12-06T05:54:24.670+0000] {dag.py:2676} INFO - Sync 1 DAGs
[2022-12-06T05:54:24.715+0000] {logging_mixin.py:137} INFO - [2022-12-06T05:54:24.714+0000] {dag.py:3427} INFO - Setting next_dagrun for example_weekday_branch_operator to 2022-12-05T00:00:00+00:00, run_after=2022-12-06T00:00:00+00:00
[2022-12-06T05:54:24.749+0000] {processor.py:175} INFO - Processing /home/airflow/.local/lib/python3.7/site-packages/airflow/example_dags/example_branch_day_of_week_operator.py took 0.190 seconds
[2022-12-06T05:54:55.893+0000] {processor.py:153} INFO - Started process (PID=811) to work on /home/airflow/.local/lib/python3.7/site-packages/airflow/example_dags/example_branch_day_of_week_operator.py
[2022-12-06T05:54:55.895+0000] {processor.py:743} INFO - Processing file /home/airflow/.local/lib/python3.7/site-packages/airflow/example_dags/example_branch_day_of_week_operator.py for tasks to queue
[2022-12-06T05:54:55.897+0000] {logging_mixin.py:137} INFO - [2022-12-06T05:54:55.897+0000] {dagbag.py:538} INFO - Filling up the DagBag from /home/airflow/.local/lib/python3.7/site-packages/airflow/example_dags/example_branch_day_of_week_operator.py
[2022-12-06T05:54:55.926+0000] {processor.py:753} INFO - DAG(s) dict_keys(['example_weekday_branch_operator']) retrieved from /home/airflow/.local/lib/python3.7/site-packages/airflow/example_dags/example_branch_day_of_week_operator.py
[2022-12-06T05:54:56.000+0000] {logging_mixin.py:137} INFO - [2022-12-06T05:54:56.000+0000] {dag.py:2676} INFO - Sync 1 DAGs
[2022-12-06T05:54:56.048+0000] {logging_mixin.py:137} INFO - [2022-12-06T05:54:56.048+0000] {dag.py:3427} INFO - Setting next_dagrun for example_weekday_branch_operator to 2022-12-05T00:00:00+00:00, run_after=2022-12-06T00:00:00+00:00
[2022-12-06T05:54:56.081+0000] {processor.py:175} INFO - Processing /home/airflow/.local/lib/python3.7/site-packages/airflow/example_dags/example_branch_day_of_week_operator.py took 0.193 seconds
[2022-12-06T05:55:40.251+0000] {processor.py:153} INFO - Started process (PID=881) to work on /home/airflow/.local/lib/python3.7/site-packages/airflow/example_dags/example_branch_day_of_week_operator.py
[2022-12-06T05:55:40.254+0000] {processor.py:743} INFO - Processing file /home/airflow/.local/lib/python3.7/site-packages/airflow/example_dags/example_branch_day_of_week_operator.py for tasks to queue
[2022-12-06T05:55:40.256+0000] {logging_mixin.py:137} INFO - [2022-12-06T05:55:40.256+0000] {dagbag.py:538} INFO - Filling up the DagBag from /home/airflow/.local/lib/python3.7/site-packages/airflow/example_dags/example_branch_day_of_week_operator.py
[2022-12-06T05:55:40.287+0000] {processor.py:753} INFO - DAG(s) dict_keys(['example_weekday_branch_operator']) retrieved from /home/airflow/.local/lib/python3.7/site-packages/airflow/example_dags/example_branch_day_of_week_operator.py
[2022-12-06T05:55:40.346+0000] {logging_mixin.py:137} INFO - [2022-12-06T05:55:40.345+0000] {dag.py:2676} INFO - Sync 1 DAGs
[2022-12-06T05:55:40.390+0000] {logging_mixin.py:137} INFO - [2022-12-06T05:55:40.390+0000] {dag.py:3427} INFO - Setting next_dagrun for example_weekday_branch_operator to 2022-12-05T00:00:00+00:00, run_after=2022-12-06T00:00:00+00:00
[2022-12-06T05:55:40.434+0000] {processor.py:175} INFO - Processing /home/airflow/.local/lib/python3.7/site-packages/airflow/example_dags/example_branch_day_of_week_operator.py took 0.195 seconds
[2022-12-06T05:56:31.870+0000] {processor.py:153} INFO - Started process (PID=948) to work on /home/airflow/.local/lib/python3.7/site-packages/airflow/example_dags/example_branch_day_of_week_operator.py
[2022-12-06T05:56:31.873+0000] {processor.py:743} INFO - Processing file /home/airflow/.local/lib/python3.7/site-packages/airflow/example_dags/example_branch_day_of_week_operator.py for tasks to queue
[2022-12-06T05:56:31.875+0000] {logging_mixin.py:137} INFO - [2022-12-06T05:56:31.875+0000] {dagbag.py:538} INFO - Filling up the DagBag from /home/airflow/.local/lib/python3.7/site-packages/airflow/example_dags/example_branch_day_of_week_operator.py
[2022-12-06T05:56:31.904+0000] {processor.py:753} INFO - DAG(s) dict_keys(['example_weekday_branch_operator']) retrieved from /home/airflow/.local/lib/python3.7/site-packages/airflow/example_dags/example_branch_day_of_week_operator.py
[2022-12-06T05:56:31.985+0000] {logging_mixin.py:137} INFO - [2022-12-06T05:56:31.985+0000] {dag.py:2676} INFO - Sync 1 DAGs
[2022-12-06T05:56:32.035+0000] {logging_mixin.py:137} INFO - [2022-12-06T05:56:32.035+0000] {dag.py:3427} INFO - Setting next_dagrun for example_weekday_branch_operator to 2022-12-05T00:00:00+00:00, run_after=2022-12-06T00:00:00+00:00
[2022-12-06T05:56:32.093+0000] {processor.py:175} INFO - Processing /home/airflow/.local/lib/python3.7/site-packages/airflow/example_dags/example_branch_day_of_week_operator.py took 0.229 seconds
[2022-12-06T05:57:16.826+0000] {processor.py:153} INFO - Started process (PID=1033) to work on /home/airflow/.local/lib/python3.7/site-packages/airflow/example_dags/example_branch_day_of_week_operator.py
[2022-12-06T05:57:16.831+0000] {processor.py:743} INFO - Processing file /home/airflow/.local/lib/python3.7/site-packages/airflow/example_dags/example_branch_day_of_week_operator.py for tasks to queue
[2022-12-06T05:57:16.834+0000] {logging_mixin.py:137} INFO - [2022-12-06T05:57:16.834+0000] {dagbag.py:538} INFO - Filling up the DagBag from /home/airflow/.local/lib/python3.7/site-packages/airflow/example_dags/example_branch_day_of_week_operator.py
[2022-12-06T05:57:16.881+0000] {processor.py:753} INFO - DAG(s) dict_keys(['example_weekday_branch_operator']) retrieved from /home/airflow/.local/lib/python3.7/site-packages/airflow/example_dags/example_branch_day_of_week_operator.py
[2022-12-06T05:57:16.962+0000] {logging_mixin.py:137} INFO - [2022-12-06T05:57:16.962+0000] {dag.py:2676} INFO - Sync 1 DAGs
[2022-12-06T05:57:17.019+0000] {logging_mixin.py:137} INFO - [2022-12-06T05:57:17.019+0000] {dag.py:3427} INFO - Setting next_dagrun for example_weekday_branch_operator to 2022-12-05T00:00:00+00:00, run_after=2022-12-06T00:00:00+00:00
[2022-12-06T05:57:17.064+0000] {processor.py:175} INFO - Processing /home/airflow/.local/lib/python3.7/site-packages/airflow/example_dags/example_branch_day_of_week_operator.py took 0.253 seconds
[2022-12-06T05:57:55.451+0000] {processor.py:153} INFO - Started process (PID=1101) to work on /home/airflow/.local/lib/python3.7/site-packages/airflow/example_dags/example_branch_day_of_week_operator.py
[2022-12-06T05:57:55.455+0000] {processor.py:743} INFO - Processing file /home/airflow/.local/lib/python3.7/site-packages/airflow/example_dags/example_branch_day_of_week_operator.py for tasks to queue
[2022-12-06T05:57:55.458+0000] {logging_mixin.py:137} INFO - [2022-12-06T05:57:55.458+0000] {dagbag.py:538} INFO - Filling up the DagBag from /home/airflow/.local/lib/python3.7/site-packages/airflow/example_dags/example_branch_day_of_week_operator.py
[2022-12-06T05:57:55.519+0000] {processor.py:753} INFO - DAG(s) dict_keys(['example_weekday_branch_operator']) retrieved from /home/airflow/.local/lib/python3.7/site-packages/airflow/example_dags/example_branch_day_of_week_operator.py
[2022-12-06T05:57:55.671+0000] {logging_mixin.py:137} INFO - [2022-12-06T05:57:55.671+0000] {dag.py:2676} INFO - Sync 1 DAGs
[2022-12-06T05:57:55.755+0000] {logging_mixin.py:137} INFO - [2022-12-06T05:57:55.755+0000] {dag.py:3427} INFO - Setting next_dagrun for example_weekday_branch_operator to 2022-12-05T00:00:00+00:00, run_after=2022-12-06T00:00:00+00:00
[2022-12-06T05:57:55.825+0000] {processor.py:175} INFO - Processing /home/airflow/.local/lib/python3.7/site-packages/airflow/example_dags/example_branch_day_of_week_operator.py took 0.385 seconds
[2022-12-06T05:58:35.984+0000] {processor.py:153} INFO - Started process (PID=1179) to work on /home/airflow/.local/lib/python3.7/site-packages/airflow/example_dags/example_branch_day_of_week_operator.py
[2022-12-06T05:58:35.993+0000] {processor.py:743} INFO - Processing file /home/airflow/.local/lib/python3.7/site-packages/airflow/example_dags/example_branch_day_of_week_operator.py for tasks to queue
[2022-12-06T05:58:35.999+0000] {logging_mixin.py:137} INFO - [2022-12-06T05:58:35.999+0000] {dagbag.py:538} INFO - Filling up the DagBag from /home/airflow/.local/lib/python3.7/site-packages/airflow/example_dags/example_branch_day_of_week_operator.py
[2022-12-06T05:58:36.046+0000] {processor.py:753} INFO - DAG(s) dict_keys(['example_weekday_branch_operator']) retrieved from /home/airflow/.local/lib/python3.7/site-packages/airflow/example_dags/example_branch_day_of_week_operator.py
[2022-12-06T05:58:36.160+0000] {logging_mixin.py:137} INFO - [2022-12-06T05:58:36.160+0000] {dag.py:2676} INFO - Sync 1 DAGs
[2022-12-06T05:58:36.231+0000] {logging_mixin.py:137} INFO - [2022-12-06T05:58:36.231+0000] {dag.py:3427} INFO - Setting next_dagrun for example_weekday_branch_operator to 2022-12-05T00:00:00+00:00, run_after=2022-12-06T00:00:00+00:00
[2022-12-06T05:58:36.281+0000] {processor.py:175} INFO - Processing /home/airflow/.local/lib/python3.7/site-packages/airflow/example_dags/example_branch_day_of_week_operator.py took 0.303 seconds
[2022-12-06T05:59:18.525+0000] {processor.py:153} INFO - Started process (PID=1254) to work on /home/airflow/.local/lib/python3.7/site-packages/airflow/example_dags/example_branch_day_of_week_operator.py
[2022-12-06T05:59:18.528+0000] {processor.py:743} INFO - Processing file /home/airflow/.local/lib/python3.7/site-packages/airflow/example_dags/example_branch_day_of_week_operator.py for tasks to queue
[2022-12-06T05:59:18.530+0000] {logging_mixin.py:137} INFO - [2022-12-06T05:59:18.530+0000] {dagbag.py:538} INFO - Filling up the DagBag from /home/airflow/.local/lib/python3.7/site-packages/airflow/example_dags/example_branch_day_of_week_operator.py
[2022-12-06T05:59:18.564+0000] {processor.py:753} INFO - DAG(s) dict_keys(['example_weekday_branch_operator']) retrieved from /home/airflow/.local/lib/python3.7/site-packages/airflow/example_dags/example_branch_day_of_week_operator.py
[2022-12-06T05:59:18.633+0000] {logging_mixin.py:137} INFO - [2022-12-06T05:59:18.633+0000] {dag.py:2676} INFO - Sync 1 DAGs
[2022-12-06T05:59:18.675+0000] {logging_mixin.py:137} INFO - [2022-12-06T05:59:18.674+0000] {dag.py:3427} INFO - Setting next_dagrun for example_weekday_branch_operator to 2022-12-05T00:00:00+00:00, run_after=2022-12-06T00:00:00+00:00
[2022-12-06T05:59:18.709+0000] {processor.py:175} INFO - Processing /home/airflow/.local/lib/python3.7/site-packages/airflow/example_dags/example_branch_day_of_week_operator.py took 0.191 seconds
[2022-12-06T05:59:57.005+0000] {processor.py:153} INFO - Started process (PID=1321) to work on /home/airflow/.local/lib/python3.7/site-packages/airflow/example_dags/example_branch_day_of_week_operator.py
[2022-12-06T05:59:57.008+0000] {processor.py:743} INFO - Processing file /home/airflow/.local/lib/python3.7/site-packages/airflow/example_dags/example_branch_day_of_week_operator.py for tasks to queue
[2022-12-06T05:59:57.010+0000] {logging_mixin.py:137} INFO - [2022-12-06T05:59:57.010+0000] {dagbag.py:538} INFO - Filling up the DagBag from /home/airflow/.local/lib/python3.7/site-packages/airflow/example_dags/example_branch_day_of_week_operator.py
[2022-12-06T05:59:57.037+0000] {processor.py:753} INFO - DAG(s) dict_keys(['example_weekday_branch_operator']) retrieved from /home/airflow/.local/lib/python3.7/site-packages/airflow/example_dags/example_branch_day_of_week_operator.py
[2022-12-06T05:59:57.094+0000] {logging_mixin.py:137} INFO - [2022-12-06T05:59:57.094+0000] {dag.py:2676} INFO - Sync 1 DAGs
[2022-12-06T05:59:57.130+0000] {logging_mixin.py:137} INFO - [2022-12-06T05:59:57.130+0000] {dag.py:3427} INFO - Setting next_dagrun for example_weekday_branch_operator to 2022-12-05T00:00:00+00:00, run_after=2022-12-06T00:00:00+00:00
[2022-12-06T05:59:57.161+0000] {processor.py:175} INFO - Processing /home/airflow/.local/lib/python3.7/site-packages/airflow/example_dags/example_branch_day_of_week_operator.py took 0.161 seconds
[2022-12-06T06:00:45.250+0000] {processor.py:153} INFO - Started process (PID=1405) to work on /home/airflow/.local/lib/python3.7/site-packages/airflow/example_dags/example_branch_day_of_week_operator.py
[2022-12-06T06:00:45.253+0000] {processor.py:743} INFO - Processing file /home/airflow/.local/lib/python3.7/site-packages/airflow/example_dags/example_branch_day_of_week_operator.py for tasks to queue
[2022-12-06T06:00:45.256+0000] {logging_mixin.py:137} INFO - [2022-12-06T06:00:45.256+0000] {dagbag.py:538} INFO - Filling up the DagBag from /home/airflow/.local/lib/python3.7/site-packages/airflow/example_dags/example_branch_day_of_week_operator.py
[2022-12-06T06:00:45.289+0000] {processor.py:753} INFO - DAG(s) dict_keys(['example_weekday_branch_operator']) retrieved from /home/airflow/.local/lib/python3.7/site-packages/airflow/example_dags/example_branch_day_of_week_operator.py
[2022-12-06T06:00:45.361+0000] {logging_mixin.py:137} INFO - [2022-12-06T06:00:45.361+0000] {dag.py:2676} INFO - Sync 1 DAGs
[2022-12-06T06:00:45.418+0000] {logging_mixin.py:137} INFO - [2022-12-06T06:00:45.418+0000] {dag.py:3427} INFO - Setting next_dagrun for example_weekday_branch_operator to 2022-12-05T00:00:00+00:00, run_after=2022-12-06T00:00:00+00:00
[2022-12-06T06:00:45.458+0000] {processor.py:175} INFO - Processing /home/airflow/.local/lib/python3.7/site-packages/airflow/example_dags/example_branch_day_of_week_operator.py took 0.215 seconds
[2022-12-06T06:01:15.637+0000] {processor.py:153} INFO - Started process (PID=1474) to work on /home/airflow/.local/lib/python3.7/site-packages/airflow/example_dags/example_branch_day_of_week_operator.py
[2022-12-06T06:01:15.639+0000] {processor.py:743} INFO - Processing file /home/airflow/.local/lib/python3.7/site-packages/airflow/example_dags/example_branch_day_of_week_operator.py for tasks to queue
[2022-12-06T06:01:15.641+0000] {logging_mixin.py:137} INFO - [2022-12-06T06:01:15.641+0000] {dagbag.py:538} INFO - Filling up the DagBag from /home/airflow/.local/lib/python3.7/site-packages/airflow/example_dags/example_branch_day_of_week_operator.py
[2022-12-06T06:01:15.679+0000] {processor.py:753} INFO - DAG(s) dict_keys(['example_weekday_branch_operator']) retrieved from /home/airflow/.local/lib/python3.7/site-packages/airflow/example_dags/example_branch_day_of_week_operator.py
[2022-12-06T06:01:15.753+0000] {logging_mixin.py:137} INFO - [2022-12-06T06:01:15.753+0000] {dag.py:2676} INFO - Sync 1 DAGs
[2022-12-06T06:01:15.791+0000] {logging_mixin.py:137} INFO - [2022-12-06T06:01:15.790+0000] {dag.py:3427} INFO - Setting next_dagrun for example_weekday_branch_operator to 2022-12-05T00:00:00+00:00, run_after=2022-12-06T00:00:00+00:00
[2022-12-06T06:01:15.821+0000] {processor.py:175} INFO - Processing /home/airflow/.local/lib/python3.7/site-packages/airflow/example_dags/example_branch_day_of_week_operator.py took 0.189 seconds
[2022-12-06T06:01:47.525+0000] {processor.py:153} INFO - Started process (PID=1556) to work on /home/airflow/.local/lib/python3.7/site-packages/airflow/example_dags/example_branch_day_of_week_operator.py
[2022-12-06T06:01:47.528+0000] {processor.py:743} INFO - Processing file /home/airflow/.local/lib/python3.7/site-packages/airflow/example_dags/example_branch_day_of_week_operator.py for tasks to queue
[2022-12-06T06:01:47.532+0000] {logging_mixin.py:137} INFO - [2022-12-06T06:01:47.531+0000] {dagbag.py:538} INFO - Filling up the DagBag from /home/airflow/.local/lib/python3.7/site-packages/airflow/example_dags/example_branch_day_of_week_operator.py
[2022-12-06T06:01:47.574+0000] {processor.py:753} INFO - DAG(s) dict_keys(['example_weekday_branch_operator']) retrieved from /home/airflow/.local/lib/python3.7/site-packages/airflow/example_dags/example_branch_day_of_week_operator.py
[2022-12-06T06:01:47.655+0000] {logging_mixin.py:137} INFO - [2022-12-06T06:01:47.654+0000] {dag.py:2676} INFO - Sync 1 DAGs
[2022-12-06T06:01:47.703+0000] {logging_mixin.py:137} INFO - [2022-12-06T06:01:47.703+0000] {dag.py:3427} INFO - Setting next_dagrun for example_weekday_branch_operator to 2022-12-05T00:00:00+00:00, run_after=2022-12-06T00:00:00+00:00
[2022-12-06T06:01:47.737+0000] {processor.py:175} INFO - Processing /home/airflow/.local/lib/python3.7/site-packages/airflow/example_dags/example_branch_day_of_week_operator.py took 0.218 seconds
[2022-12-06T06:02:23.636+0000] {processor.py:153} INFO - Started process (PID=1623) to work on /home/airflow/.local/lib/python3.7/site-packages/airflow/example_dags/example_branch_day_of_week_operator.py
[2022-12-06T06:02:23.639+0000] {processor.py:743} INFO - Processing file /home/airflow/.local/lib/python3.7/site-packages/airflow/example_dags/example_branch_day_of_week_operator.py for tasks to queue
[2022-12-06T06:02:23.643+0000] {logging_mixin.py:137} INFO - [2022-12-06T06:02:23.642+0000] {dagbag.py:538} INFO - Filling up the DagBag from /home/airflow/.local/lib/python3.7/site-packages/airflow/example_dags/example_branch_day_of_week_operator.py
[2022-12-06T06:02:23.692+0000] {processor.py:753} INFO - DAG(s) dict_keys(['example_weekday_branch_operator']) retrieved from /home/airflow/.local/lib/python3.7/site-packages/airflow/example_dags/example_branch_day_of_week_operator.py
[2022-12-06T06:02:23.775+0000] {logging_mixin.py:137} INFO - [2022-12-06T06:02:23.775+0000] {dag.py:2676} INFO - Sync 1 DAGs
[2022-12-06T06:02:23.829+0000] {logging_mixin.py:137} INFO - [2022-12-06T06:02:23.829+0000] {dag.py:3427} INFO - Setting next_dagrun for example_weekday_branch_operator to 2022-12-05T00:00:00+00:00, run_after=2022-12-06T00:00:00+00:00
[2022-12-06T06:02:23.889+0000] {processor.py:175} INFO - Processing /home/airflow/.local/lib/python3.7/site-packages/airflow/example_dags/example_branch_day_of_week_operator.py took 0.262 seconds
