[2022-12-06T05:26:02.456+0000] {processor.py:153} INFO - Started process (PID=139) to work on /home/airflow/.local/lib/python3.7/site-packages/airflow/example_dags/example_latest_only.py
[2022-12-06T05:26:02.504+0000] {processor.py:743} INFO - Processing file /home/airflow/.local/lib/python3.7/site-packages/airflow/example_dags/example_latest_only.py for tasks to queue
[2022-12-06T05:26:02.521+0000] {logging_mixin.py:137} INFO - [2022-12-06T05:26:02.520+0000] {dagbag.py:538} INFO - Filling up the DagBag from /home/airflow/.local/lib/python3.7/site-packages/airflow/example_dags/example_latest_only.py
[2022-12-06T05:26:02.678+0000] {processor.py:753} INFO - DAG(s) dict_keys(['latest_only']) retrieved from /home/airflow/.local/lib/python3.7/site-packages/airflow/example_dags/example_latest_only.py
[2022-12-06T05:26:02.822+0000] {logging_mixin.py:137} INFO - [2022-12-06T05:26:02.821+0000] {dag.py:2676} INFO - Sync 1 DAGs
[2022-12-06T05:26:02.896+0000] {logging_mixin.py:137} INFO - [2022-12-06T05:26:02.896+0000] {dag.py:3427} INFO - Setting next_dagrun for latest_only to 2022-12-06T01:26:02.894442+00:00, run_after=2022-12-06T05:26:02.894442+00:00
[2022-12-06T05:26:03.048+0000] {processor.py:175} INFO - Processing /home/airflow/.local/lib/python3.7/site-packages/airflow/example_dags/example_latest_only.py took 0.644 seconds
[2022-12-06T05:26:34.679+0000] {processor.py:153} INFO - Started process (PID=212) to work on /home/airflow/.local/lib/python3.7/site-packages/airflow/example_dags/example_latest_only.py
[2022-12-06T05:26:34.705+0000] {processor.py:743} INFO - Processing file /home/airflow/.local/lib/python3.7/site-packages/airflow/example_dags/example_latest_only.py for tasks to queue
[2022-12-06T05:26:34.784+0000] {logging_mixin.py:137} INFO - [2022-12-06T05:26:34.745+0000] {dagbag.py:538} INFO - Filling up the DagBag from /home/airflow/.local/lib/python3.7/site-packages/airflow/example_dags/example_latest_only.py
[2022-12-06T05:26:40.762+0000] {processor.py:753} INFO - DAG(s) dict_keys(['latest_only']) retrieved from /home/airflow/.local/lib/python3.7/site-packages/airflow/example_dags/example_latest_only.py
[2022-12-06T05:26:41.408+0000] {logging_mixin.py:137} INFO - [2022-12-06T05:26:41.407+0000] {dag.py:2676} INFO - Sync 1 DAGs
[2022-12-06T05:26:42.639+0000] {logging_mixin.py:137} INFO - [2022-12-06T05:26:42.638+0000] {dag.py:3427} INFO - Setting next_dagrun for latest_only to 2022-12-06T01:26:42.634419+00:00, run_after=2022-12-06T05:26:42.634419+00:00
[2022-12-06T05:26:42.740+0000] {processor.py:175} INFO - Processing /home/airflow/.local/lib/python3.7/site-packages/airflow/example_dags/example_latest_only.py took 8.126 seconds
[2022-12-06T05:27:12.904+0000] {processor.py:153} INFO - Started process (PID=280) to work on /home/airflow/.local/lib/python3.7/site-packages/airflow/example_dags/example_latest_only.py
[2022-12-06T05:27:12.906+0000] {processor.py:743} INFO - Processing file /home/airflow/.local/lib/python3.7/site-packages/airflow/example_dags/example_latest_only.py for tasks to queue
[2022-12-06T05:27:12.907+0000] {logging_mixin.py:137} INFO - [2022-12-06T05:27:12.907+0000] {dagbag.py:538} INFO - Filling up the DagBag from /home/airflow/.local/lib/python3.7/site-packages/airflow/example_dags/example_latest_only.py
[2022-12-06T05:27:12.926+0000] {processor.py:753} INFO - DAG(s) dict_keys(['latest_only']) retrieved from /home/airflow/.local/lib/python3.7/site-packages/airflow/example_dags/example_latest_only.py
[2022-12-06T05:27:12.972+0000] {logging_mixin.py:137} INFO - [2022-12-06T05:27:12.971+0000] {dag.py:2676} INFO - Sync 1 DAGs
[2022-12-06T05:27:13.006+0000] {logging_mixin.py:137} INFO - [2022-12-06T05:27:13.006+0000] {dag.py:3427} INFO - Setting next_dagrun for latest_only to 2022-12-06T01:27:13.006411+00:00, run_after=2022-12-06T05:27:13.006411+00:00
[2022-12-06T05:27:13.034+0000] {processor.py:175} INFO - Processing /home/airflow/.local/lib/python3.7/site-packages/airflow/example_dags/example_latest_only.py took 0.135 seconds
[2022-12-06T05:27:43.565+0000] {processor.py:153} INFO - Started process (PID=348) to work on /home/airflow/.local/lib/python3.7/site-packages/airflow/example_dags/example_latest_only.py
[2022-12-06T05:27:43.567+0000] {processor.py:743} INFO - Processing file /home/airflow/.local/lib/python3.7/site-packages/airflow/example_dags/example_latest_only.py for tasks to queue
[2022-12-06T05:27:43.568+0000] {logging_mixin.py:137} INFO - [2022-12-06T05:27:43.568+0000] {dagbag.py:538} INFO - Filling up the DagBag from /home/airflow/.local/lib/python3.7/site-packages/airflow/example_dags/example_latest_only.py
[2022-12-06T05:27:43.587+0000] {processor.py:753} INFO - DAG(s) dict_keys(['latest_only']) retrieved from /home/airflow/.local/lib/python3.7/site-packages/airflow/example_dags/example_latest_only.py
[2022-12-06T05:27:43.636+0000] {logging_mixin.py:137} INFO - [2022-12-06T05:27:43.636+0000] {dag.py:2676} INFO - Sync 1 DAGs
[2022-12-06T05:27:43.673+0000] {logging_mixin.py:137} INFO - [2022-12-06T05:27:43.673+0000] {dag.py:3427} INFO - Setting next_dagrun for latest_only to 2022-12-06T01:27:43.672949+00:00, run_after=2022-12-06T05:27:43.672949+00:00
[2022-12-06T05:27:43.718+0000] {processor.py:175} INFO - Processing /home/airflow/.local/lib/python3.7/site-packages/airflow/example_dags/example_latest_only.py took 0.159 seconds
[2022-12-06T05:28:13.896+0000] {processor.py:153} INFO - Started process (PID=415) to work on /home/airflow/.local/lib/python3.7/site-packages/airflow/example_dags/example_latest_only.py
[2022-12-06T05:28:13.899+0000] {processor.py:743} INFO - Processing file /home/airflow/.local/lib/python3.7/site-packages/airflow/example_dags/example_latest_only.py for tasks to queue
[2022-12-06T05:28:13.901+0000] {logging_mixin.py:137} INFO - [2022-12-06T05:28:13.901+0000] {dagbag.py:538} INFO - Filling up the DagBag from /home/airflow/.local/lib/python3.7/site-packages/airflow/example_dags/example_latest_only.py
[2022-12-06T05:28:13.939+0000] {processor.py:753} INFO - DAG(s) dict_keys(['latest_only']) retrieved from /home/airflow/.local/lib/python3.7/site-packages/airflow/example_dags/example_latest_only.py
[2022-12-06T05:28:13.993+0000] {logging_mixin.py:137} INFO - [2022-12-06T05:28:13.993+0000] {dag.py:2676} INFO - Sync 1 DAGs
[2022-12-06T05:28:14.036+0000] {logging_mixin.py:137} INFO - [2022-12-06T05:28:14.035+0000] {dag.py:3427} INFO - Setting next_dagrun for latest_only to 2022-12-06T01:28:14.035287+00:00, run_after=2022-12-06T05:28:14.035287+00:00
[2022-12-06T05:28:14.074+0000] {processor.py:175} INFO - Processing /home/airflow/.local/lib/python3.7/site-packages/airflow/example_dags/example_latest_only.py took 0.183 seconds
[2022-12-06T05:28:44.770+0000] {processor.py:153} INFO - Started process (PID=481) to work on /home/airflow/.local/lib/python3.7/site-packages/airflow/example_dags/example_latest_only.py
[2022-12-06T05:28:44.773+0000] {processor.py:743} INFO - Processing file /home/airflow/.local/lib/python3.7/site-packages/airflow/example_dags/example_latest_only.py for tasks to queue
[2022-12-06T05:28:44.776+0000] {logging_mixin.py:137} INFO - [2022-12-06T05:28:44.776+0000] {dagbag.py:538} INFO - Filling up the DagBag from /home/airflow/.local/lib/python3.7/site-packages/airflow/example_dags/example_latest_only.py
[2022-12-06T05:28:44.809+0000] {processor.py:753} INFO - DAG(s) dict_keys(['latest_only']) retrieved from /home/airflow/.local/lib/python3.7/site-packages/airflow/example_dags/example_latest_only.py
[2022-12-06T05:28:44.940+0000] {logging_mixin.py:137} INFO - [2022-12-06T05:28:44.940+0000] {dag.py:2676} INFO - Sync 1 DAGs
[2022-12-06T05:28:45.010+0000] {logging_mixin.py:137} INFO - [2022-12-06T05:28:45.009+0000] {dag.py:3427} INFO - Setting next_dagrun for latest_only to 2022-12-06T01:28:45.009215+00:00, run_after=2022-12-06T05:28:45.009215+00:00
[2022-12-06T05:28:45.046+0000] {processor.py:175} INFO - Processing /home/airflow/.local/lib/python3.7/site-packages/airflow/example_dags/example_latest_only.py took 0.283 seconds
[2022-12-06T05:29:15.559+0000] {processor.py:153} INFO - Started process (PID=549) to work on /home/airflow/.local/lib/python3.7/site-packages/airflow/example_dags/example_latest_only.py
[2022-12-06T05:29:15.563+0000] {processor.py:743} INFO - Processing file /home/airflow/.local/lib/python3.7/site-packages/airflow/example_dags/example_latest_only.py for tasks to queue
[2022-12-06T05:29:15.566+0000] {logging_mixin.py:137} INFO - [2022-12-06T05:29:15.566+0000] {dagbag.py:538} INFO - Filling up the DagBag from /home/airflow/.local/lib/python3.7/site-packages/airflow/example_dags/example_latest_only.py
[2022-12-06T05:29:15.595+0000] {processor.py:753} INFO - DAG(s) dict_keys(['latest_only']) retrieved from /home/airflow/.local/lib/python3.7/site-packages/airflow/example_dags/example_latest_only.py
[2022-12-06T05:29:15.654+0000] {logging_mixin.py:137} INFO - [2022-12-06T05:29:15.654+0000] {dag.py:2676} INFO - Sync 1 DAGs
[2022-12-06T05:29:15.700+0000] {logging_mixin.py:137} INFO - [2022-12-06T05:29:15.699+0000] {dag.py:3427} INFO - Setting next_dagrun for latest_only to 2022-12-06T01:29:15.699094+00:00, run_after=2022-12-06T05:29:15.699094+00:00
[2022-12-06T05:29:15.734+0000] {processor.py:175} INFO - Processing /home/airflow/.local/lib/python3.7/site-packages/airflow/example_dags/example_latest_only.py took 0.184 seconds
[2022-12-06T05:30:25.941+0000] {processor.py:153} INFO - Started process (PID=620) to work on /home/airflow/.local/lib/python3.7/site-packages/airflow/example_dags/example_latest_only.py
[2022-12-06T05:30:25.946+0000] {processor.py:743} INFO - Processing file /home/airflow/.local/lib/python3.7/site-packages/airflow/example_dags/example_latest_only.py for tasks to queue
[2022-12-06T05:30:25.949+0000] {logging_mixin.py:137} INFO - [2022-12-06T05:30:25.949+0000] {dagbag.py:538} INFO - Filling up the DagBag from /home/airflow/.local/lib/python3.7/site-packages/airflow/example_dags/example_latest_only.py
[2022-12-06T05:30:25.997+0000] {processor.py:753} INFO - DAG(s) dict_keys(['latest_only']) retrieved from /home/airflow/.local/lib/python3.7/site-packages/airflow/example_dags/example_latest_only.py
[2022-12-06T05:30:26.266+0000] {logging_mixin.py:137} INFO - [2022-12-06T05:30:26.265+0000] {dag.py:2676} INFO - Sync 1 DAGs
[2022-12-06T05:30:26.433+0000] {logging_mixin.py:137} INFO - [2022-12-06T05:30:26.431+0000] {dag.py:3427} INFO - Setting next_dagrun for latest_only to 2022-12-06T01:30:26.428382+00:00, run_after=2022-12-06T05:30:26.428382+00:00
[2022-12-06T05:30:26.701+0000] {processor.py:175} INFO - Processing /home/airflow/.local/lib/python3.7/site-packages/airflow/example_dags/example_latest_only.py took 0.774 seconds
[2022-12-06T05:31:10.420+0000] {processor.py:153} INFO - Started process (PID=694) to work on /home/airflow/.local/lib/python3.7/site-packages/airflow/example_dags/example_latest_only.py
[2022-12-06T05:31:10.423+0000] {processor.py:743} INFO - Processing file /home/airflow/.local/lib/python3.7/site-packages/airflow/example_dags/example_latest_only.py for tasks to queue
[2022-12-06T05:31:10.426+0000] {logging_mixin.py:137} INFO - [2022-12-06T05:31:10.425+0000] {dagbag.py:538} INFO - Filling up the DagBag from /home/airflow/.local/lib/python3.7/site-packages/airflow/example_dags/example_latest_only.py
[2022-12-06T05:31:10.457+0000] {processor.py:753} INFO - DAG(s) dict_keys(['latest_only']) retrieved from /home/airflow/.local/lib/python3.7/site-packages/airflow/example_dags/example_latest_only.py
[2022-12-06T05:31:10.521+0000] {logging_mixin.py:137} INFO - [2022-12-06T05:31:10.520+0000] {dag.py:2676} INFO - Sync 1 DAGs
[2022-12-06T05:31:10.560+0000] {logging_mixin.py:137} INFO - [2022-12-06T05:31:10.560+0000] {dag.py:3427} INFO - Setting next_dagrun for latest_only to 2022-12-06T01:31:10.560043+00:00, run_after=2022-12-06T05:31:10.560043+00:00
[2022-12-06T05:31:10.590+0000] {processor.py:175} INFO - Processing /home/airflow/.local/lib/python3.7/site-packages/airflow/example_dags/example_latest_only.py took 0.177 seconds
[2022-12-06T05:32:07.044+0000] {processor.py:153} INFO - Started process (PID=761) to work on /home/airflow/.local/lib/python3.7/site-packages/airflow/example_dags/example_latest_only.py
[2022-12-06T05:32:07.047+0000] {processor.py:743} INFO - Processing file /home/airflow/.local/lib/python3.7/site-packages/airflow/example_dags/example_latest_only.py for tasks to queue
[2022-12-06T05:32:07.050+0000] {logging_mixin.py:137} INFO - [2022-12-06T05:32:07.050+0000] {dagbag.py:538} INFO - Filling up the DagBag from /home/airflow/.local/lib/python3.7/site-packages/airflow/example_dags/example_latest_only.py
[2022-12-06T05:32:07.083+0000] {processor.py:753} INFO - DAG(s) dict_keys(['latest_only']) retrieved from /home/airflow/.local/lib/python3.7/site-packages/airflow/example_dags/example_latest_only.py
[2022-12-06T05:32:07.151+0000] {logging_mixin.py:137} INFO - [2022-12-06T05:32:07.151+0000] {dag.py:2676} INFO - Sync 1 DAGs
[2022-12-06T05:32:07.244+0000] {logging_mixin.py:137} INFO - [2022-12-06T05:32:07.244+0000] {dag.py:3427} INFO - Setting next_dagrun for latest_only to 2022-12-06T01:32:07.243793+00:00, run_after=2022-12-06T05:32:07.243793+00:00
[2022-12-06T05:32:07.291+0000] {processor.py:175} INFO - Processing /home/airflow/.local/lib/python3.7/site-packages/airflow/example_dags/example_latest_only.py took 0.252 seconds
[2022-12-06T05:48:34.556+0000] {processor.py:153} INFO - Started process (PID=129) to work on /home/airflow/.local/lib/python3.7/site-packages/airflow/example_dags/example_latest_only.py
[2022-12-06T05:48:34.577+0000] {processor.py:743} INFO - Processing file /home/airflow/.local/lib/python3.7/site-packages/airflow/example_dags/example_latest_only.py for tasks to queue
[2022-12-06T05:48:34.604+0000] {logging_mixin.py:137} INFO - [2022-12-06T05:48:34.603+0000] {dagbag.py:538} INFO - Filling up the DagBag from /home/airflow/.local/lib/python3.7/site-packages/airflow/example_dags/example_latest_only.py
[2022-12-06T05:48:34.842+0000] {processor.py:753} INFO - DAG(s) dict_keys(['latest_only']) retrieved from /home/airflow/.local/lib/python3.7/site-packages/airflow/example_dags/example_latest_only.py
[2022-12-06T05:48:35.082+0000] {logging_mixin.py:137} INFO - [2022-12-06T05:48:35.082+0000] {dag.py:2676} INFO - Sync 1 DAGs
[2022-12-06T05:48:35.156+0000] {logging_mixin.py:137} INFO - [2022-12-06T05:48:35.156+0000] {dag.py:3427} INFO - Setting next_dagrun for latest_only to 2022-12-06T01:48:35.155744+00:00, run_after=2022-12-06T05:48:35.155744+00:00
[2022-12-06T05:48:35.216+0000] {processor.py:175} INFO - Processing /home/airflow/.local/lib/python3.7/site-packages/airflow/example_dags/example_latest_only.py took 0.714 seconds
[2022-12-06T05:49:17.481+0000] {processor.py:153} INFO - Started process (PID=206) to work on /home/airflow/.local/lib/python3.7/site-packages/airflow/example_dags/example_latest_only.py
[2022-12-06T05:49:17.484+0000] {processor.py:743} INFO - Processing file /home/airflow/.local/lib/python3.7/site-packages/airflow/example_dags/example_latest_only.py for tasks to queue
[2022-12-06T05:49:17.500+0000] {logging_mixin.py:137} INFO - [2022-12-06T05:49:17.499+0000] {dagbag.py:538} INFO - Filling up the DagBag from /home/airflow/.local/lib/python3.7/site-packages/airflow/example_dags/example_latest_only.py
[2022-12-06T05:49:17.590+0000] {processor.py:753} INFO - DAG(s) dict_keys(['latest_only']) retrieved from /home/airflow/.local/lib/python3.7/site-packages/airflow/example_dags/example_latest_only.py
[2022-12-06T05:49:17.799+0000] {logging_mixin.py:137} INFO - [2022-12-06T05:49:17.799+0000] {dag.py:2676} INFO - Sync 1 DAGs
[2022-12-06T05:49:17.901+0000] {logging_mixin.py:137} INFO - [2022-12-06T05:49:17.900+0000] {dag.py:3427} INFO - Setting next_dagrun for latest_only to 2022-12-06T01:49:17.899453+00:00, run_after=2022-12-06T05:49:17.899453+00:00
[2022-12-06T05:49:17.963+0000] {processor.py:175} INFO - Processing /home/airflow/.local/lib/python3.7/site-packages/airflow/example_dags/example_latest_only.py took 0.490 seconds
[2022-12-06T05:49:51.397+0000] {processor.py:153} INFO - Started process (PID=280) to work on /home/airflow/.local/lib/python3.7/site-packages/airflow/example_dags/example_latest_only.py
[2022-12-06T05:49:51.399+0000] {processor.py:743} INFO - Processing file /home/airflow/.local/lib/python3.7/site-packages/airflow/example_dags/example_latest_only.py for tasks to queue
[2022-12-06T05:49:51.402+0000] {logging_mixin.py:137} INFO - [2022-12-06T05:49:51.402+0000] {dagbag.py:538} INFO - Filling up the DagBag from /home/airflow/.local/lib/python3.7/site-packages/airflow/example_dags/example_latest_only.py
[2022-12-06T05:49:51.456+0000] {processor.py:753} INFO - DAG(s) dict_keys(['latest_only']) retrieved from /home/airflow/.local/lib/python3.7/site-packages/airflow/example_dags/example_latest_only.py
[2022-12-06T05:49:51.538+0000] {logging_mixin.py:137} INFO - [2022-12-06T05:49:51.538+0000] {dag.py:2676} INFO - Sync 1 DAGs
[2022-12-06T05:49:51.692+0000] {logging_mixin.py:137} INFO - [2022-12-06T05:49:51.692+0000] {dag.py:3427} INFO - Setting next_dagrun for latest_only to 2022-12-06T01:49:51.690606+00:00, run_after=2022-12-06T05:49:51.690606+00:00
[2022-12-06T05:49:51.762+0000] {processor.py:175} INFO - Processing /home/airflow/.local/lib/python3.7/site-packages/airflow/example_dags/example_latest_only.py took 0.370 seconds
[2022-12-06T05:50:35.880+0000] {processor.py:153} INFO - Started process (PID=378) to work on /home/airflow/.local/lib/python3.7/site-packages/airflow/example_dags/example_latest_only.py
[2022-12-06T05:50:35.882+0000] {processor.py:743} INFO - Processing file /home/airflow/.local/lib/python3.7/site-packages/airflow/example_dags/example_latest_only.py for tasks to queue
[2022-12-06T05:50:35.885+0000] {logging_mixin.py:137} INFO - [2022-12-06T05:50:35.885+0000] {dagbag.py:538} INFO - Filling up the DagBag from /home/airflow/.local/lib/python3.7/site-packages/airflow/example_dags/example_latest_only.py
[2022-12-06T05:50:35.914+0000] {processor.py:753} INFO - DAG(s) dict_keys(['latest_only']) retrieved from /home/airflow/.local/lib/python3.7/site-packages/airflow/example_dags/example_latest_only.py
[2022-12-06T05:50:35.977+0000] {logging_mixin.py:137} INFO - [2022-12-06T05:50:35.977+0000] {dag.py:2676} INFO - Sync 1 DAGs
[2022-12-06T05:50:36.041+0000] {logging_mixin.py:137} INFO - [2022-12-06T05:50:36.040+0000] {dag.py:3427} INFO - Setting next_dagrun for latest_only to 2022-12-06T01:50:36.040123+00:00, run_after=2022-12-06T05:50:36.040123+00:00
[2022-12-06T05:50:36.098+0000] {processor.py:175} INFO - Processing /home/airflow/.local/lib/python3.7/site-packages/airflow/example_dags/example_latest_only.py took 0.224 seconds
[2022-12-06T05:51:26.873+0000] {processor.py:153} INFO - Started process (PID=454) to work on /home/airflow/.local/lib/python3.7/site-packages/airflow/example_dags/example_latest_only.py
[2022-12-06T05:51:26.875+0000] {processor.py:743} INFO - Processing file /home/airflow/.local/lib/python3.7/site-packages/airflow/example_dags/example_latest_only.py for tasks to queue
[2022-12-06T05:51:26.877+0000] {logging_mixin.py:137} INFO - [2022-12-06T05:51:26.877+0000] {dagbag.py:538} INFO - Filling up the DagBag from /home/airflow/.local/lib/python3.7/site-packages/airflow/example_dags/example_latest_only.py
[2022-12-06T05:51:26.906+0000] {processor.py:753} INFO - DAG(s) dict_keys(['latest_only']) retrieved from /home/airflow/.local/lib/python3.7/site-packages/airflow/example_dags/example_latest_only.py
[2022-12-06T05:51:26.977+0000] {logging_mixin.py:137} INFO - [2022-12-06T05:51:26.977+0000] {dag.py:2676} INFO - Sync 1 DAGs
[2022-12-06T05:51:27.020+0000] {logging_mixin.py:137} INFO - [2022-12-06T05:51:27.019+0000] {dag.py:3427} INFO - Setting next_dagrun for latest_only to 2022-12-06T01:51:27.019147+00:00, run_after=2022-12-06T05:51:27.019147+00:00
[2022-12-06T05:51:27.057+0000] {processor.py:175} INFO - Processing /home/airflow/.local/lib/python3.7/site-packages/airflow/example_dags/example_latest_only.py took 0.191 seconds
[2022-12-06T05:52:17.315+0000] {processor.py:153} INFO - Started process (PID=520) to work on /home/airflow/.local/lib/python3.7/site-packages/airflow/example_dags/example_latest_only.py
[2022-12-06T05:52:17.319+0000] {processor.py:743} INFO - Processing file /home/airflow/.local/lib/python3.7/site-packages/airflow/example_dags/example_latest_only.py for tasks to queue
[2022-12-06T05:52:17.321+0000] {logging_mixin.py:137} INFO - [2022-12-06T05:52:17.321+0000] {dagbag.py:538} INFO - Filling up the DagBag from /home/airflow/.local/lib/python3.7/site-packages/airflow/example_dags/example_latest_only.py
[2022-12-06T05:52:17.369+0000] {processor.py:753} INFO - DAG(s) dict_keys(['latest_only']) retrieved from /home/airflow/.local/lib/python3.7/site-packages/airflow/example_dags/example_latest_only.py
[2022-12-06T05:52:17.466+0000] {logging_mixin.py:137} INFO - [2022-12-06T05:52:17.466+0000] {dag.py:2676} INFO - Sync 1 DAGs
[2022-12-06T05:52:17.527+0000] {logging_mixin.py:137} INFO - [2022-12-06T05:52:17.527+0000] {dag.py:3427} INFO - Setting next_dagrun for latest_only to 2022-12-06T01:52:17.526544+00:00, run_after=2022-12-06T05:52:17.526544+00:00
[2022-12-06T05:52:17.578+0000] {processor.py:175} INFO - Processing /home/airflow/.local/lib/python3.7/site-packages/airflow/example_dags/example_latest_only.py took 0.270 seconds
[2022-12-06T05:53:03.129+0000] {processor.py:153} INFO - Started process (PID=603) to work on /home/airflow/.local/lib/python3.7/site-packages/airflow/example_dags/example_latest_only.py
[2022-12-06T05:53:03.132+0000] {processor.py:743} INFO - Processing file /home/airflow/.local/lib/python3.7/site-packages/airflow/example_dags/example_latest_only.py for tasks to queue
[2022-12-06T05:53:03.135+0000] {logging_mixin.py:137} INFO - [2022-12-06T05:53:03.134+0000] {dagbag.py:538} INFO - Filling up the DagBag from /home/airflow/.local/lib/python3.7/site-packages/airflow/example_dags/example_latest_only.py
[2022-12-06T05:53:03.172+0000] {processor.py:753} INFO - DAG(s) dict_keys(['latest_only']) retrieved from /home/airflow/.local/lib/python3.7/site-packages/airflow/example_dags/example_latest_only.py
[2022-12-06T05:53:03.256+0000] {logging_mixin.py:137} INFO - [2022-12-06T05:53:03.255+0000] {dag.py:2676} INFO - Sync 1 DAGs
[2022-12-06T05:53:03.314+0000] {logging_mixin.py:137} INFO - [2022-12-06T05:53:03.314+0000] {dag.py:3427} INFO - Setting next_dagrun for latest_only to 2022-12-06T01:53:03.314178+00:00, run_after=2022-12-06T05:53:03.314178+00:00
[2022-12-06T05:53:03.367+0000] {processor.py:175} INFO - Processing /home/airflow/.local/lib/python3.7/site-packages/airflow/example_dags/example_latest_only.py took 0.249 seconds
[2022-12-06T05:53:44.578+0000] {processor.py:153} INFO - Started process (PID=670) to work on /home/airflow/.local/lib/python3.7/site-packages/airflow/example_dags/example_latest_only.py
[2022-12-06T05:53:44.581+0000] {processor.py:743} INFO - Processing file /home/airflow/.local/lib/python3.7/site-packages/airflow/example_dags/example_latest_only.py for tasks to queue
[2022-12-06T05:53:44.584+0000] {logging_mixin.py:137} INFO - [2022-12-06T05:53:44.584+0000] {dagbag.py:538} INFO - Filling up the DagBag from /home/airflow/.local/lib/python3.7/site-packages/airflow/example_dags/example_latest_only.py
[2022-12-06T05:53:44.622+0000] {processor.py:753} INFO - DAG(s) dict_keys(['latest_only']) retrieved from /home/airflow/.local/lib/python3.7/site-packages/airflow/example_dags/example_latest_only.py
[2022-12-06T05:53:44.689+0000] {logging_mixin.py:137} INFO - [2022-12-06T05:53:44.688+0000] {dag.py:2676} INFO - Sync 1 DAGs
[2022-12-06T05:53:44.727+0000] {logging_mixin.py:137} INFO - [2022-12-06T05:53:44.727+0000] {dag.py:3427} INFO - Setting next_dagrun for latest_only to 2022-12-06T01:53:44.726959+00:00, run_after=2022-12-06T05:53:44.726959+00:00
[2022-12-06T05:53:44.762+0000] {processor.py:175} INFO - Processing /home/airflow/.local/lib/python3.7/site-packages/airflow/example_dags/example_latest_only.py took 0.190 seconds
[2022-12-06T05:54:26.092+0000] {processor.py:153} INFO - Started process (PID=753) to work on /home/airflow/.local/lib/python3.7/site-packages/airflow/example_dags/example_latest_only.py
[2022-12-06T05:54:26.102+0000] {processor.py:743} INFO - Processing file /home/airflow/.local/lib/python3.7/site-packages/airflow/example_dags/example_latest_only.py for tasks to queue
[2022-12-06T05:54:26.107+0000] {logging_mixin.py:137} INFO - [2022-12-06T05:54:26.106+0000] {dagbag.py:538} INFO - Filling up the DagBag from /home/airflow/.local/lib/python3.7/site-packages/airflow/example_dags/example_latest_only.py
[2022-12-06T05:54:26.133+0000] {processor.py:753} INFO - DAG(s) dict_keys(['latest_only']) retrieved from /home/airflow/.local/lib/python3.7/site-packages/airflow/example_dags/example_latest_only.py
[2022-12-06T05:54:26.208+0000] {logging_mixin.py:137} INFO - [2022-12-06T05:54:26.208+0000] {dag.py:2676} INFO - Sync 1 DAGs
[2022-12-06T05:54:26.264+0000] {logging_mixin.py:137} INFO - [2022-12-06T05:54:26.263+0000] {dag.py:3427} INFO - Setting next_dagrun for latest_only to 2022-12-06T01:54:26.262306+00:00, run_after=2022-12-06T05:54:26.262306+00:00
[2022-12-06T05:54:26.317+0000] {processor.py:175} INFO - Processing /home/airflow/.local/lib/python3.7/site-packages/airflow/example_dags/example_latest_only.py took 0.231 seconds
[2022-12-06T05:54:57.296+0000] {processor.py:153} INFO - Started process (PID=821) to work on /home/airflow/.local/lib/python3.7/site-packages/airflow/example_dags/example_latest_only.py
[2022-12-06T05:54:57.299+0000] {processor.py:743} INFO - Processing file /home/airflow/.local/lib/python3.7/site-packages/airflow/example_dags/example_latest_only.py for tasks to queue
[2022-12-06T05:54:57.302+0000] {logging_mixin.py:137} INFO - [2022-12-06T05:54:57.302+0000] {dagbag.py:538} INFO - Filling up the DagBag from /home/airflow/.local/lib/python3.7/site-packages/airflow/example_dags/example_latest_only.py
[2022-12-06T05:54:57.332+0000] {processor.py:753} INFO - DAG(s) dict_keys(['latest_only']) retrieved from /home/airflow/.local/lib/python3.7/site-packages/airflow/example_dags/example_latest_only.py
[2022-12-06T05:54:57.409+0000] {logging_mixin.py:137} INFO - [2022-12-06T05:54:57.409+0000] {dag.py:2676} INFO - Sync 1 DAGs
[2022-12-06T05:54:57.462+0000] {logging_mixin.py:137} INFO - [2022-12-06T05:54:57.462+0000] {dag.py:3427} INFO - Setting next_dagrun for latest_only to 2022-12-06T01:54:57.462422+00:00, run_after=2022-12-06T05:54:57.462422+00:00
[2022-12-06T05:54:57.496+0000] {processor.py:175} INFO - Processing /home/airflow/.local/lib/python3.7/site-packages/airflow/example_dags/example_latest_only.py took 0.207 seconds
[2022-12-06T05:55:41.677+0000] {processor.py:153} INFO - Started process (PID=891) to work on /home/airflow/.local/lib/python3.7/site-packages/airflow/example_dags/example_latest_only.py
[2022-12-06T05:55:41.679+0000] {processor.py:743} INFO - Processing file /home/airflow/.local/lib/python3.7/site-packages/airflow/example_dags/example_latest_only.py for tasks to queue
[2022-12-06T05:55:41.681+0000] {logging_mixin.py:137} INFO - [2022-12-06T05:55:41.680+0000] {dagbag.py:538} INFO - Filling up the DagBag from /home/airflow/.local/lib/python3.7/site-packages/airflow/example_dags/example_latest_only.py
[2022-12-06T05:55:41.703+0000] {processor.py:753} INFO - DAG(s) dict_keys(['latest_only']) retrieved from /home/airflow/.local/lib/python3.7/site-packages/airflow/example_dags/example_latest_only.py
[2022-12-06T05:55:41.764+0000] {logging_mixin.py:137} INFO - [2022-12-06T05:55:41.763+0000] {dag.py:2676} INFO - Sync 1 DAGs
[2022-12-06T05:55:41.798+0000] {logging_mixin.py:137} INFO - [2022-12-06T05:55:41.798+0000] {dag.py:3427} INFO - Setting next_dagrun for latest_only to 2022-12-06T01:55:41.798366+00:00, run_after=2022-12-06T05:55:41.798366+00:00
[2022-12-06T05:55:41.832+0000] {processor.py:175} INFO - Processing /home/airflow/.local/lib/python3.7/site-packages/airflow/example_dags/example_latest_only.py took 0.160 seconds
[2022-12-06T05:56:33.080+0000] {processor.py:153} INFO - Started process (PID=958) to work on /home/airflow/.local/lib/python3.7/site-packages/airflow/example_dags/example_latest_only.py
[2022-12-06T05:56:33.083+0000] {processor.py:743} INFO - Processing file /home/airflow/.local/lib/python3.7/site-packages/airflow/example_dags/example_latest_only.py for tasks to queue
[2022-12-06T05:56:33.087+0000] {logging_mixin.py:137} INFO - [2022-12-06T05:56:33.087+0000] {dagbag.py:538} INFO - Filling up the DagBag from /home/airflow/.local/lib/python3.7/site-packages/airflow/example_dags/example_latest_only.py
[2022-12-06T05:56:33.120+0000] {processor.py:753} INFO - DAG(s) dict_keys(['latest_only']) retrieved from /home/airflow/.local/lib/python3.7/site-packages/airflow/example_dags/example_latest_only.py
[2022-12-06T05:56:33.189+0000] {logging_mixin.py:137} INFO - [2022-12-06T05:56:33.189+0000] {dag.py:2676} INFO - Sync 1 DAGs
[2022-12-06T05:56:33.235+0000] {logging_mixin.py:137} INFO - [2022-12-06T05:56:33.234+0000] {dag.py:3427} INFO - Setting next_dagrun for latest_only to 2022-12-06T01:56:33.234440+00:00, run_after=2022-12-06T05:56:33.234440+00:00
[2022-12-06T05:56:33.273+0000] {processor.py:175} INFO - Processing /home/airflow/.local/lib/python3.7/site-packages/airflow/example_dags/example_latest_only.py took 0.202 seconds
[2022-12-06T05:57:18.636+0000] {processor.py:153} INFO - Started process (PID=1043) to work on /home/airflow/.local/lib/python3.7/site-packages/airflow/example_dags/example_latest_only.py
[2022-12-06T05:57:18.638+0000] {processor.py:743} INFO - Processing file /home/airflow/.local/lib/python3.7/site-packages/airflow/example_dags/example_latest_only.py for tasks to queue
[2022-12-06T05:57:18.641+0000] {logging_mixin.py:137} INFO - [2022-12-06T05:57:18.640+0000] {dagbag.py:538} INFO - Filling up the DagBag from /home/airflow/.local/lib/python3.7/site-packages/airflow/example_dags/example_latest_only.py
[2022-12-06T05:57:18.666+0000] {processor.py:753} INFO - DAG(s) dict_keys(['latest_only']) retrieved from /home/airflow/.local/lib/python3.7/site-packages/airflow/example_dags/example_latest_only.py
[2022-12-06T05:57:18.751+0000] {logging_mixin.py:137} INFO - [2022-12-06T05:57:18.751+0000] {dag.py:2676} INFO - Sync 1 DAGs
[2022-12-06T05:57:18.840+0000] {logging_mixin.py:137} INFO - [2022-12-06T05:57:18.839+0000] {dag.py:3427} INFO - Setting next_dagrun for latest_only to 2022-12-06T01:57:18.838369+00:00, run_after=2022-12-06T05:57:18.838369+00:00
[2022-12-06T05:57:18.906+0000] {processor.py:175} INFO - Processing /home/airflow/.local/lib/python3.7/site-packages/airflow/example_dags/example_latest_only.py took 0.275 seconds
[2022-12-06T05:57:58.076+0000] {processor.py:153} INFO - Started process (PID=1111) to work on /home/airflow/.local/lib/python3.7/site-packages/airflow/example_dags/example_latest_only.py
[2022-12-06T05:57:58.079+0000] {processor.py:743} INFO - Processing file /home/airflow/.local/lib/python3.7/site-packages/airflow/example_dags/example_latest_only.py for tasks to queue
[2022-12-06T05:57:58.081+0000] {logging_mixin.py:137} INFO - [2022-12-06T05:57:58.081+0000] {dagbag.py:538} INFO - Filling up the DagBag from /home/airflow/.local/lib/python3.7/site-packages/airflow/example_dags/example_latest_only.py
[2022-12-06T05:57:58.119+0000] {processor.py:753} INFO - DAG(s) dict_keys(['latest_only']) retrieved from /home/airflow/.local/lib/python3.7/site-packages/airflow/example_dags/example_latest_only.py
[2022-12-06T05:57:58.202+0000] {logging_mixin.py:137} INFO - [2022-12-06T05:57:58.202+0000] {dag.py:2676} INFO - Sync 1 DAGs
[2022-12-06T05:57:58.259+0000] {logging_mixin.py:137} INFO - [2022-12-06T05:57:58.259+0000] {dag.py:3427} INFO - Setting next_dagrun for latest_only to 2022-12-06T01:57:58.258869+00:00, run_after=2022-12-06T05:57:58.258869+00:00
[2022-12-06T05:57:58.301+0000] {processor.py:175} INFO - Processing /home/airflow/.local/lib/python3.7/site-packages/airflow/example_dags/example_latest_only.py took 0.231 seconds
[2022-12-06T05:58:38.028+0000] {processor.py:153} INFO - Started process (PID=1196) to work on /home/airflow/.local/lib/python3.7/site-packages/airflow/example_dags/example_latest_only.py
[2022-12-06T05:58:38.033+0000] {processor.py:743} INFO - Processing file /home/airflow/.local/lib/python3.7/site-packages/airflow/example_dags/example_latest_only.py for tasks to queue
[2022-12-06T05:58:38.040+0000] {logging_mixin.py:137} INFO - [2022-12-06T05:58:38.038+0000] {dagbag.py:538} INFO - Filling up the DagBag from /home/airflow/.local/lib/python3.7/site-packages/airflow/example_dags/example_latest_only.py
[2022-12-06T05:58:38.139+0000] {processor.py:753} INFO - DAG(s) dict_keys(['latest_only']) retrieved from /home/airflow/.local/lib/python3.7/site-packages/airflow/example_dags/example_latest_only.py
[2022-12-06T05:58:38.250+0000] {logging_mixin.py:137} INFO - [2022-12-06T05:58:38.249+0000] {dag.py:2676} INFO - Sync 1 DAGs
[2022-12-06T05:58:38.513+0000] {logging_mixin.py:137} INFO - [2022-12-06T05:58:38.513+0000] {dag.py:3427} INFO - Setting next_dagrun for latest_only to 2022-12-06T01:58:38.512594+00:00, run_after=2022-12-06T05:58:38.512594+00:00
[2022-12-06T05:58:38.682+0000] {processor.py:175} INFO - Processing /home/airflow/.local/lib/python3.7/site-packages/airflow/example_dags/example_latest_only.py took 0.662 seconds
[2022-12-06T05:59:19.685+0000] {processor.py:153} INFO - Started process (PID=1264) to work on /home/airflow/.local/lib/python3.7/site-packages/airflow/example_dags/example_latest_only.py
[2022-12-06T05:59:19.688+0000] {processor.py:743} INFO - Processing file /home/airflow/.local/lib/python3.7/site-packages/airflow/example_dags/example_latest_only.py for tasks to queue
[2022-12-06T05:59:19.690+0000] {logging_mixin.py:137} INFO - [2022-12-06T05:59:19.690+0000] {dagbag.py:538} INFO - Filling up the DagBag from /home/airflow/.local/lib/python3.7/site-packages/airflow/example_dags/example_latest_only.py
[2022-12-06T05:59:19.735+0000] {processor.py:753} INFO - DAG(s) dict_keys(['latest_only']) retrieved from /home/airflow/.local/lib/python3.7/site-packages/airflow/example_dags/example_latest_only.py
[2022-12-06T05:59:19.881+0000] {logging_mixin.py:137} INFO - [2022-12-06T05:59:19.881+0000] {dag.py:2676} INFO - Sync 1 DAGs
[2022-12-06T05:59:19.951+0000] {logging_mixin.py:137} INFO - [2022-12-06T05:59:19.951+0000] {dag.py:3427} INFO - Setting next_dagrun for latest_only to 2022-12-06T01:59:19.951105+00:00, run_after=2022-12-06T05:59:19.951105+00:00
[2022-12-06T05:59:19.997+0000] {processor.py:175} INFO - Processing /home/airflow/.local/lib/python3.7/site-packages/airflow/example_dags/example_latest_only.py took 0.318 seconds
[2022-12-06T05:59:58.082+0000] {processor.py:153} INFO - Started process (PID=1331) to work on /home/airflow/.local/lib/python3.7/site-packages/airflow/example_dags/example_latest_only.py
[2022-12-06T05:59:58.084+0000] {processor.py:743} INFO - Processing file /home/airflow/.local/lib/python3.7/site-packages/airflow/example_dags/example_latest_only.py for tasks to queue
[2022-12-06T05:59:58.086+0000] {logging_mixin.py:137} INFO - [2022-12-06T05:59:58.086+0000] {dagbag.py:538} INFO - Filling up the DagBag from /home/airflow/.local/lib/python3.7/site-packages/airflow/example_dags/example_latest_only.py
[2022-12-06T05:59:58.105+0000] {processor.py:753} INFO - DAG(s) dict_keys(['latest_only']) retrieved from /home/airflow/.local/lib/python3.7/site-packages/airflow/example_dags/example_latest_only.py
[2022-12-06T05:59:58.157+0000] {logging_mixin.py:137} INFO - [2022-12-06T05:59:58.157+0000] {dag.py:2676} INFO - Sync 1 DAGs
[2022-12-06T05:59:58.189+0000] {logging_mixin.py:137} INFO - [2022-12-06T05:59:58.189+0000] {dag.py:3427} INFO - Setting next_dagrun for latest_only to 2022-12-06T01:59:58.189037+00:00, run_after=2022-12-06T05:59:58.189037+00:00
[2022-12-06T05:59:58.220+0000] {processor.py:175} INFO - Processing /home/airflow/.local/lib/python3.7/site-packages/airflow/example_dags/example_latest_only.py took 0.142 seconds
[2022-12-06T06:00:46.695+0000] {processor.py:153} INFO - Started process (PID=1415) to work on /home/airflow/.local/lib/python3.7/site-packages/airflow/example_dags/example_latest_only.py
[2022-12-06T06:00:46.699+0000] {processor.py:743} INFO - Processing file /home/airflow/.local/lib/python3.7/site-packages/airflow/example_dags/example_latest_only.py for tasks to queue
[2022-12-06T06:00:46.703+0000] {logging_mixin.py:137} INFO - [2022-12-06T06:00:46.702+0000] {dagbag.py:538} INFO - Filling up the DagBag from /home/airflow/.local/lib/python3.7/site-packages/airflow/example_dags/example_latest_only.py
[2022-12-06T06:00:46.742+0000] {processor.py:753} INFO - DAG(s) dict_keys(['latest_only']) retrieved from /home/airflow/.local/lib/python3.7/site-packages/airflow/example_dags/example_latest_only.py
[2022-12-06T06:00:46.829+0000] {logging_mixin.py:137} INFO - [2022-12-06T06:00:46.829+0000] {dag.py:2676} INFO - Sync 1 DAGs
[2022-12-06T06:00:46.891+0000] {logging_mixin.py:137} INFO - [2022-12-06T06:00:46.890+0000] {dag.py:3427} INFO - Setting next_dagrun for latest_only to 2022-12-06T02:00:46.887136+00:00, run_after=2022-12-06T06:00:46.887136+00:00
[2022-12-06T06:00:46.934+0000] {processor.py:175} INFO - Processing /home/airflow/.local/lib/python3.7/site-packages/airflow/example_dags/example_latest_only.py took 0.248 seconds
[2022-12-06T06:01:17.201+0000] {processor.py:153} INFO - Started process (PID=1494) to work on /home/airflow/.local/lib/python3.7/site-packages/airflow/example_dags/example_latest_only.py
[2022-12-06T06:01:17.203+0000] {processor.py:743} INFO - Processing file /home/airflow/.local/lib/python3.7/site-packages/airflow/example_dags/example_latest_only.py for tasks to queue
[2022-12-06T06:01:17.205+0000] {logging_mixin.py:137} INFO - [2022-12-06T06:01:17.205+0000] {dagbag.py:538} INFO - Filling up the DagBag from /home/airflow/.local/lib/python3.7/site-packages/airflow/example_dags/example_latest_only.py
[2022-12-06T06:01:17.231+0000] {processor.py:753} INFO - DAG(s) dict_keys(['latest_only']) retrieved from /home/airflow/.local/lib/python3.7/site-packages/airflow/example_dags/example_latest_only.py
[2022-12-06T06:01:17.287+0000] {logging_mixin.py:137} INFO - [2022-12-06T06:01:17.287+0000] {dag.py:2676} INFO - Sync 1 DAGs
[2022-12-06T06:01:17.325+0000] {logging_mixin.py:137} INFO - [2022-12-06T06:01:17.325+0000] {dag.py:3427} INFO - Setting next_dagrun for latest_only to 2022-12-06T02:01:17.325214+00:00, run_after=2022-12-06T06:01:17.325214+00:00
[2022-12-06T06:01:17.361+0000] {processor.py:175} INFO - Processing /home/airflow/.local/lib/python3.7/site-packages/airflow/example_dags/example_latest_only.py took 0.165 seconds
[2022-12-06T06:01:48.944+0000] {processor.py:153} INFO - Started process (PID=1566) to work on /home/airflow/.local/lib/python3.7/site-packages/airflow/example_dags/example_latest_only.py
[2022-12-06T06:01:48.946+0000] {processor.py:743} INFO - Processing file /home/airflow/.local/lib/python3.7/site-packages/airflow/example_dags/example_latest_only.py for tasks to queue
[2022-12-06T06:01:48.948+0000] {logging_mixin.py:137} INFO - [2022-12-06T06:01:48.948+0000] {dagbag.py:538} INFO - Filling up the DagBag from /home/airflow/.local/lib/python3.7/site-packages/airflow/example_dags/example_latest_only.py
[2022-12-06T06:01:48.980+0000] {processor.py:753} INFO - DAG(s) dict_keys(['latest_only']) retrieved from /home/airflow/.local/lib/python3.7/site-packages/airflow/example_dags/example_latest_only.py
[2022-12-06T06:01:49.053+0000] {logging_mixin.py:137} INFO - [2022-12-06T06:01:49.051+0000] {dag.py:2676} INFO - Sync 1 DAGs
[2022-12-06T06:01:49.107+0000] {logging_mixin.py:137} INFO - [2022-12-06T06:01:49.106+0000] {dag.py:3427} INFO - Setting next_dagrun for latest_only to 2022-12-06T02:01:49.106355+00:00, run_after=2022-12-06T06:01:49.106355+00:00
[2022-12-06T06:01:49.148+0000] {processor.py:175} INFO - Processing /home/airflow/.local/lib/python3.7/site-packages/airflow/example_dags/example_latest_only.py took 0.209 seconds
[2022-12-06T06:02:25.541+0000] {processor.py:153} INFO - Started process (PID=1633) to work on /home/airflow/.local/lib/python3.7/site-packages/airflow/example_dags/example_latest_only.py
[2022-12-06T06:02:25.544+0000] {processor.py:743} INFO - Processing file /home/airflow/.local/lib/python3.7/site-packages/airflow/example_dags/example_latest_only.py for tasks to queue
[2022-12-06T06:02:25.546+0000] {logging_mixin.py:137} INFO - [2022-12-06T06:02:25.545+0000] {dagbag.py:538} INFO - Filling up the DagBag from /home/airflow/.local/lib/python3.7/site-packages/airflow/example_dags/example_latest_only.py
[2022-12-06T06:02:25.572+0000] {processor.py:753} INFO - DAG(s) dict_keys(['latest_only']) retrieved from /home/airflow/.local/lib/python3.7/site-packages/airflow/example_dags/example_latest_only.py
[2022-12-06T06:02:25.639+0000] {logging_mixin.py:137} INFO - [2022-12-06T06:02:25.638+0000] {dag.py:2676} INFO - Sync 1 DAGs
[2022-12-06T06:02:25.685+0000] {logging_mixin.py:137} INFO - [2022-12-06T06:02:25.684+0000] {dag.py:3427} INFO - Setting next_dagrun for latest_only to 2022-12-06T02:02:25.684355+00:00, run_after=2022-12-06T06:02:25.684355+00:00
[2022-12-06T06:02:25.717+0000] {processor.py:175} INFO - Processing /home/airflow/.local/lib/python3.7/site-packages/airflow/example_dags/example_latest_only.py took 0.182 seconds
