[2022-12-06T05:24:33.633+0000] {processor.py:153} INFO - Started process (PID=71) to work on /home/airflow/.local/lib/python3.7/site-packages/airflow/example_dags/example_external_task_marker_dag.py
[2022-12-06T05:24:33.637+0000] {processor.py:743} INFO - Processing file /home/airflow/.local/lib/python3.7/site-packages/airflow/example_dags/example_external_task_marker_dag.py for tasks to queue
[2022-12-06T05:24:33.640+0000] {logging_mixin.py:137} INFO - [2022-12-06T05:24:33.639+0000] {dagbag.py:538} INFO - Filling up the DagBag from /home/airflow/.local/lib/python3.7/site-packages/airflow/example_dags/example_external_task_marker_dag.py
[2022-12-06T05:24:33.734+0000] {processor.py:753} INFO - DAG(s) dict_keys(['example_external_task_marker_parent', 'example_external_task_marker_child']) retrieved from /home/airflow/.local/lib/python3.7/site-packages/airflow/example_dags/example_external_task_marker_dag.py
[2022-12-06T05:24:34.136+0000] {logging_mixin.py:137} INFO - [2022-12-06T05:24:34.134+0000] {dag.py:2676} INFO - Sync 2 DAGs
[2022-12-06T05:24:34.337+0000] {logging_mixin.py:137} INFO - [2022-12-06T05:24:34.337+0000] {dag.py:3427} INFO - Setting next_dagrun for example_external_task_marker_child to None, run_after=None
[2022-12-06T05:24:35.471+0000] {logging_mixin.py:137} INFO - [2022-12-06T05:24:35.446+0000] {dag.py:3427} INFO - Setting next_dagrun for example_external_task_marker_parent to None, run_after=None
[2022-12-06T05:24:37.550+0000] {processor.py:175} INFO - Processing /home/airflow/.local/lib/python3.7/site-packages/airflow/example_dags/example_external_task_marker_dag.py took 3.924 seconds
[2022-12-06T05:26:12.170+0000] {processor.py:153} INFO - Started process (PID=179) to work on /home/airflow/.local/lib/python3.7/site-packages/airflow/example_dags/example_external_task_marker_dag.py
[2022-12-06T05:26:12.173+0000] {processor.py:743} INFO - Processing file /home/airflow/.local/lib/python3.7/site-packages/airflow/example_dags/example_external_task_marker_dag.py for tasks to queue
[2022-12-06T05:26:12.177+0000] {logging_mixin.py:137} INFO - [2022-12-06T05:26:12.176+0000] {dagbag.py:538} INFO - Filling up the DagBag from /home/airflow/.local/lib/python3.7/site-packages/airflow/example_dags/example_external_task_marker_dag.py
[2022-12-06T05:26:12.214+0000] {processor.py:753} INFO - DAG(s) dict_keys(['example_external_task_marker_parent', 'example_external_task_marker_child']) retrieved from /home/airflow/.local/lib/python3.7/site-packages/airflow/example_dags/example_external_task_marker_dag.py
[2022-12-06T05:26:12.309+0000] {logging_mixin.py:137} INFO - [2022-12-06T05:26:12.308+0000] {dag.py:2676} INFO - Sync 2 DAGs
[2022-12-06T05:26:12.354+0000] {logging_mixin.py:137} INFO - [2022-12-06T05:26:12.354+0000] {dag.py:3427} INFO - Setting next_dagrun for example_external_task_marker_child to None, run_after=None
[2022-12-06T05:26:12.362+0000] {logging_mixin.py:137} INFO - [2022-12-06T05:26:12.362+0000] {dag.py:3427} INFO - Setting next_dagrun for example_external_task_marker_parent to None, run_after=None
[2022-12-06T05:26:12.399+0000] {processor.py:175} INFO - Processing /home/airflow/.local/lib/python3.7/site-packages/airflow/example_dags/example_external_task_marker_dag.py took 0.237 seconds
[2022-12-06T05:27:08.532+0000] {processor.py:153} INFO - Started process (PID=267) to work on /home/airflow/.local/lib/python3.7/site-packages/airflow/example_dags/example_external_task_marker_dag.py
[2022-12-06T05:27:08.535+0000] {processor.py:743} INFO - Processing file /home/airflow/.local/lib/python3.7/site-packages/airflow/example_dags/example_external_task_marker_dag.py for tasks to queue
[2022-12-06T05:27:08.537+0000] {logging_mixin.py:137} INFO - [2022-12-06T05:27:08.536+0000] {dagbag.py:538} INFO - Filling up the DagBag from /home/airflow/.local/lib/python3.7/site-packages/airflow/example_dags/example_external_task_marker_dag.py
[2022-12-06T05:27:08.561+0000] {processor.py:753} INFO - DAG(s) dict_keys(['example_external_task_marker_child', 'example_external_task_marker_parent']) retrieved from /home/airflow/.local/lib/python3.7/site-packages/airflow/example_dags/example_external_task_marker_dag.py
[2022-12-06T05:27:08.634+0000] {logging_mixin.py:137} INFO - [2022-12-06T05:27:08.634+0000] {dag.py:2676} INFO - Sync 2 DAGs
[2022-12-06T05:27:08.672+0000] {logging_mixin.py:137} INFO - [2022-12-06T05:27:08.672+0000] {dag.py:3427} INFO - Setting next_dagrun for example_external_task_marker_child to None, run_after=None
[2022-12-06T05:27:08.680+0000] {logging_mixin.py:137} INFO - [2022-12-06T05:27:08.680+0000] {dag.py:3427} INFO - Setting next_dagrun for example_external_task_marker_parent to None, run_after=None
[2022-12-06T05:27:08.708+0000] {processor.py:175} INFO - Processing /home/airflow/.local/lib/python3.7/site-packages/airflow/example_dags/example_external_task_marker_dag.py took 0.181 seconds
[2022-12-06T05:27:39.030+0000] {processor.py:153} INFO - Started process (PID=335) to work on /home/airflow/.local/lib/python3.7/site-packages/airflow/example_dags/example_external_task_marker_dag.py
[2022-12-06T05:27:39.033+0000] {processor.py:743} INFO - Processing file /home/airflow/.local/lib/python3.7/site-packages/airflow/example_dags/example_external_task_marker_dag.py for tasks to queue
[2022-12-06T05:27:39.035+0000] {logging_mixin.py:137} INFO - [2022-12-06T05:27:39.035+0000] {dagbag.py:538} INFO - Filling up the DagBag from /home/airflow/.local/lib/python3.7/site-packages/airflow/example_dags/example_external_task_marker_dag.py
[2022-12-06T05:27:39.082+0000] {processor.py:753} INFO - DAG(s) dict_keys(['example_external_task_marker_parent', 'example_external_task_marker_child']) retrieved from /home/airflow/.local/lib/python3.7/site-packages/airflow/example_dags/example_external_task_marker_dag.py
[2022-12-06T05:27:39.172+0000] {logging_mixin.py:137} INFO - [2022-12-06T05:27:39.171+0000] {dag.py:2676} INFO - Sync 2 DAGs
[2022-12-06T05:27:39.259+0000] {logging_mixin.py:137} INFO - [2022-12-06T05:27:39.258+0000] {dag.py:3427} INFO - Setting next_dagrun for example_external_task_marker_child to None, run_after=None
[2022-12-06T05:27:39.266+0000] {logging_mixin.py:137} INFO - [2022-12-06T05:27:39.266+0000] {dag.py:3427} INFO - Setting next_dagrun for example_external_task_marker_parent to None, run_after=None
[2022-12-06T05:27:39.294+0000] {processor.py:175} INFO - Processing /home/airflow/.local/lib/python3.7/site-packages/airflow/example_dags/example_external_task_marker_dag.py took 0.269 seconds
[2022-12-06T05:28:10.299+0000] {processor.py:153} INFO - Started process (PID=402) to work on /home/airflow/.local/lib/python3.7/site-packages/airflow/example_dags/example_external_task_marker_dag.py
[2022-12-06T05:28:10.303+0000] {processor.py:743} INFO - Processing file /home/airflow/.local/lib/python3.7/site-packages/airflow/example_dags/example_external_task_marker_dag.py for tasks to queue
[2022-12-06T05:28:10.305+0000] {logging_mixin.py:137} INFO - [2022-12-06T05:28:10.305+0000] {dagbag.py:538} INFO - Filling up the DagBag from /home/airflow/.local/lib/python3.7/site-packages/airflow/example_dags/example_external_task_marker_dag.py
[2022-12-06T05:28:10.352+0000] {processor.py:753} INFO - DAG(s) dict_keys(['example_external_task_marker_parent', 'example_external_task_marker_child']) retrieved from /home/airflow/.local/lib/python3.7/site-packages/airflow/example_dags/example_external_task_marker_dag.py
[2022-12-06T05:28:10.538+0000] {logging_mixin.py:137} INFO - [2022-12-06T05:28:10.538+0000] {dag.py:2676} INFO - Sync 2 DAGs
[2022-12-06T05:28:10.610+0000] {logging_mixin.py:137} INFO - [2022-12-06T05:28:10.609+0000] {dag.py:3427} INFO - Setting next_dagrun for example_external_task_marker_child to None, run_after=None
[2022-12-06T05:28:10.642+0000] {logging_mixin.py:137} INFO - [2022-12-06T05:28:10.642+0000] {dag.py:3427} INFO - Setting next_dagrun for example_external_task_marker_parent to None, run_after=None
[2022-12-06T05:28:10.699+0000] {processor.py:175} INFO - Processing /home/airflow/.local/lib/python3.7/site-packages/airflow/example_dags/example_external_task_marker_dag.py took 0.409 seconds
[2022-12-06T05:28:42.604+0000] {processor.py:153} INFO - Started process (PID=468) to work on /home/airflow/.local/lib/python3.7/site-packages/airflow/example_dags/example_external_task_marker_dag.py
[2022-12-06T05:28:42.607+0000] {processor.py:743} INFO - Processing file /home/airflow/.local/lib/python3.7/site-packages/airflow/example_dags/example_external_task_marker_dag.py for tasks to queue
[2022-12-06T05:28:42.610+0000] {logging_mixin.py:137} INFO - [2022-12-06T05:28:42.609+0000] {dagbag.py:538} INFO - Filling up the DagBag from /home/airflow/.local/lib/python3.7/site-packages/airflow/example_dags/example_external_task_marker_dag.py
[2022-12-06T05:28:42.640+0000] {processor.py:753} INFO - DAG(s) dict_keys(['example_external_task_marker_child', 'example_external_task_marker_parent']) retrieved from /home/airflow/.local/lib/python3.7/site-packages/airflow/example_dags/example_external_task_marker_dag.py
[2022-12-06T05:28:42.741+0000] {logging_mixin.py:137} INFO - [2022-12-06T05:28:42.741+0000] {dag.py:2676} INFO - Sync 2 DAGs
[2022-12-06T05:28:42.787+0000] {logging_mixin.py:137} INFO - [2022-12-06T05:28:42.787+0000] {dag.py:3427} INFO - Setting next_dagrun for example_external_task_marker_child to None, run_after=None
[2022-12-06T05:28:42.793+0000] {logging_mixin.py:137} INFO - [2022-12-06T05:28:42.793+0000] {dag.py:3427} INFO - Setting next_dagrun for example_external_task_marker_parent to None, run_after=None
[2022-12-06T05:28:42.825+0000] {processor.py:175} INFO - Processing /home/airflow/.local/lib/python3.7/site-packages/airflow/example_dags/example_external_task_marker_dag.py took 0.228 seconds
[2022-12-06T05:29:13.491+0000] {processor.py:153} INFO - Started process (PID=536) to work on /home/airflow/.local/lib/python3.7/site-packages/airflow/example_dags/example_external_task_marker_dag.py
[2022-12-06T05:29:13.493+0000] {processor.py:743} INFO - Processing file /home/airflow/.local/lib/python3.7/site-packages/airflow/example_dags/example_external_task_marker_dag.py for tasks to queue
[2022-12-06T05:29:13.495+0000] {logging_mixin.py:137} INFO - [2022-12-06T05:29:13.495+0000] {dagbag.py:538} INFO - Filling up the DagBag from /home/airflow/.local/lib/python3.7/site-packages/airflow/example_dags/example_external_task_marker_dag.py
[2022-12-06T05:29:13.520+0000] {processor.py:753} INFO - DAG(s) dict_keys(['example_external_task_marker_child', 'example_external_task_marker_parent']) retrieved from /home/airflow/.local/lib/python3.7/site-packages/airflow/example_dags/example_external_task_marker_dag.py
[2022-12-06T05:29:13.589+0000] {logging_mixin.py:137} INFO - [2022-12-06T05:29:13.589+0000] {dag.py:2676} INFO - Sync 2 DAGs
[2022-12-06T05:29:13.625+0000] {logging_mixin.py:137} INFO - [2022-12-06T05:29:13.625+0000] {dag.py:3427} INFO - Setting next_dagrun for example_external_task_marker_child to None, run_after=None
[2022-12-06T05:29:13.631+0000] {logging_mixin.py:137} INFO - [2022-12-06T05:29:13.631+0000] {dag.py:3427} INFO - Setting next_dagrun for example_external_task_marker_parent to None, run_after=None
[2022-12-06T05:29:13.657+0000] {processor.py:175} INFO - Processing /home/airflow/.local/lib/python3.7/site-packages/airflow/example_dags/example_external_task_marker_dag.py took 0.172 seconds
[2022-12-06T05:30:20.529+0000] {processor.py:153} INFO - Started process (PID=598) to work on /home/airflow/.local/lib/python3.7/site-packages/airflow/example_dags/example_external_task_marker_dag.py
[2022-12-06T05:30:20.534+0000] {processor.py:743} INFO - Processing file /home/airflow/.local/lib/python3.7/site-packages/airflow/example_dags/example_external_task_marker_dag.py for tasks to queue
[2022-12-06T05:30:20.539+0000] {logging_mixin.py:137} INFO - [2022-12-06T05:30:20.539+0000] {dagbag.py:538} INFO - Filling up the DagBag from /home/airflow/.local/lib/python3.7/site-packages/airflow/example_dags/example_external_task_marker_dag.py
[2022-12-06T05:30:20.583+0000] {processor.py:753} INFO - DAG(s) dict_keys(['example_external_task_marker_parent', 'example_external_task_marker_child']) retrieved from /home/airflow/.local/lib/python3.7/site-packages/airflow/example_dags/example_external_task_marker_dag.py
[2022-12-06T05:30:20.740+0000] {logging_mixin.py:137} INFO - [2022-12-06T05:30:20.740+0000] {dag.py:2676} INFO - Sync 2 DAGs
[2022-12-06T05:30:20.844+0000] {logging_mixin.py:137} INFO - [2022-12-06T05:30:20.844+0000] {dag.py:3427} INFO - Setting next_dagrun for example_external_task_marker_child to None, run_after=None
[2022-12-06T05:30:20.858+0000] {logging_mixin.py:137} INFO - [2022-12-06T05:30:20.858+0000] {dag.py:3427} INFO - Setting next_dagrun for example_external_task_marker_parent to None, run_after=None
[2022-12-06T05:30:20.933+0000] {processor.py:175} INFO - Processing /home/airflow/.local/lib/python3.7/site-packages/airflow/example_dags/example_external_task_marker_dag.py took 0.413 seconds
[2022-12-06T05:31:07.390+0000] {processor.py:153} INFO - Started process (PID=681) to work on /home/airflow/.local/lib/python3.7/site-packages/airflow/example_dags/example_external_task_marker_dag.py
[2022-12-06T05:31:07.395+0000] {processor.py:743} INFO - Processing file /home/airflow/.local/lib/python3.7/site-packages/airflow/example_dags/example_external_task_marker_dag.py for tasks to queue
[2022-12-06T05:31:07.399+0000] {logging_mixin.py:137} INFO - [2022-12-06T05:31:07.398+0000] {dagbag.py:538} INFO - Filling up the DagBag from /home/airflow/.local/lib/python3.7/site-packages/airflow/example_dags/example_external_task_marker_dag.py
[2022-12-06T05:31:07.482+0000] {processor.py:753} INFO - DAG(s) dict_keys(['example_external_task_marker_child', 'example_external_task_marker_parent']) retrieved from /home/airflow/.local/lib/python3.7/site-packages/airflow/example_dags/example_external_task_marker_dag.py
[2022-12-06T05:31:07.808+0000] {logging_mixin.py:137} INFO - [2022-12-06T05:31:07.807+0000] {dag.py:2676} INFO - Sync 2 DAGs
[2022-12-06T05:31:07.966+0000] {logging_mixin.py:137} INFO - [2022-12-06T05:31:07.966+0000] {dag.py:3427} INFO - Setting next_dagrun for example_external_task_marker_child to None, run_after=None
[2022-12-06T05:31:07.976+0000] {logging_mixin.py:137} INFO - [2022-12-06T05:31:07.976+0000] {dag.py:3427} INFO - Setting next_dagrun for example_external_task_marker_parent to None, run_after=None
[2022-12-06T05:31:08.037+0000] {processor.py:175} INFO - Processing /home/airflow/.local/lib/python3.7/site-packages/airflow/example_dags/example_external_task_marker_dag.py took 0.658 seconds
[2022-12-06T05:32:04.442+0000] {processor.py:153} INFO - Started process (PID=748) to work on /home/airflow/.local/lib/python3.7/site-packages/airflow/example_dags/example_external_task_marker_dag.py
[2022-12-06T05:32:04.445+0000] {processor.py:743} INFO - Processing file /home/airflow/.local/lib/python3.7/site-packages/airflow/example_dags/example_external_task_marker_dag.py for tasks to queue
[2022-12-06T05:32:04.449+0000] {logging_mixin.py:137} INFO - [2022-12-06T05:32:04.449+0000] {dagbag.py:538} INFO - Filling up the DagBag from /home/airflow/.local/lib/python3.7/site-packages/airflow/example_dags/example_external_task_marker_dag.py
[2022-12-06T05:32:04.512+0000] {processor.py:753} INFO - DAG(s) dict_keys(['example_external_task_marker_child', 'example_external_task_marker_parent']) retrieved from /home/airflow/.local/lib/python3.7/site-packages/airflow/example_dags/example_external_task_marker_dag.py
[2022-12-06T05:32:04.579+0000] {logging_mixin.py:137} INFO - [2022-12-06T05:32:04.579+0000] {dag.py:2676} INFO - Sync 2 DAGs
[2022-12-06T05:32:04.633+0000] {logging_mixin.py:137} INFO - [2022-12-06T05:32:04.633+0000] {dag.py:3427} INFO - Setting next_dagrun for example_external_task_marker_child to None, run_after=None
[2022-12-06T05:32:04.642+0000] {logging_mixin.py:137} INFO - [2022-12-06T05:32:04.641+0000] {dag.py:3427} INFO - Setting next_dagrun for example_external_task_marker_parent to None, run_after=None
[2022-12-06T05:32:04.681+0000] {processor.py:175} INFO - Processing /home/airflow/.local/lib/python3.7/site-packages/airflow/example_dags/example_external_task_marker_dag.py took 0.252 seconds
[2022-12-06T05:48:26.486+0000] {processor.py:153} INFO - Started process (PID=101) to work on /home/airflow/.local/lib/python3.7/site-packages/airflow/example_dags/example_external_task_marker_dag.py
[2022-12-06T05:48:26.493+0000] {processor.py:743} INFO - Processing file /home/airflow/.local/lib/python3.7/site-packages/airflow/example_dags/example_external_task_marker_dag.py for tasks to queue
[2022-12-06T05:48:26.495+0000] {logging_mixin.py:137} INFO - [2022-12-06T05:48:26.495+0000] {dagbag.py:538} INFO - Filling up the DagBag from /home/airflow/.local/lib/python3.7/site-packages/airflow/example_dags/example_external_task_marker_dag.py
[2022-12-06T05:48:26.579+0000] {processor.py:753} INFO - DAG(s) dict_keys(['example_external_task_marker_child', 'example_external_task_marker_parent']) retrieved from /home/airflow/.local/lib/python3.7/site-packages/airflow/example_dags/example_external_task_marker_dag.py
[2022-12-06T05:48:26.871+0000] {logging_mixin.py:137} INFO - [2022-12-06T05:48:26.870+0000] {dag.py:2676} INFO - Sync 2 DAGs
[2022-12-06T05:48:26.939+0000] {logging_mixin.py:137} INFO - [2022-12-06T05:48:26.939+0000] {dag.py:3427} INFO - Setting next_dagrun for example_external_task_marker_child to None, run_after=None
[2022-12-06T05:48:26.947+0000] {logging_mixin.py:137} INFO - [2022-12-06T05:48:26.946+0000] {dag.py:3427} INFO - Setting next_dagrun for example_external_task_marker_parent to None, run_after=None
[2022-12-06T05:48:27.040+0000] {processor.py:175} INFO - Processing /home/airflow/.local/lib/python3.7/site-packages/airflow/example_dags/example_external_task_marker_dag.py took 0.562 seconds
[2022-12-06T05:48:58.031+0000] {processor.py:153} INFO - Started process (PID=182) to work on /home/airflow/.local/lib/python3.7/site-packages/airflow/example_dags/example_external_task_marker_dag.py
[2022-12-06T05:48:58.033+0000] {processor.py:743} INFO - Processing file /home/airflow/.local/lib/python3.7/site-packages/airflow/example_dags/example_external_task_marker_dag.py for tasks to queue
[2022-12-06T05:48:58.035+0000] {logging_mixin.py:137} INFO - [2022-12-06T05:48:58.035+0000] {dagbag.py:538} INFO - Filling up the DagBag from /home/airflow/.local/lib/python3.7/site-packages/airflow/example_dags/example_external_task_marker_dag.py
[2022-12-06T05:48:58.075+0000] {processor.py:753} INFO - DAG(s) dict_keys(['example_external_task_marker_child', 'example_external_task_marker_parent']) retrieved from /home/airflow/.local/lib/python3.7/site-packages/airflow/example_dags/example_external_task_marker_dag.py
[2022-12-06T05:48:58.163+0000] {logging_mixin.py:137} INFO - [2022-12-06T05:48:58.163+0000] {dag.py:2676} INFO - Sync 2 DAGs
[2022-12-06T05:48:58.213+0000] {logging_mixin.py:137} INFO - [2022-12-06T05:48:58.213+0000] {dag.py:3427} INFO - Setting next_dagrun for example_external_task_marker_child to None, run_after=None
[2022-12-06T05:48:58.219+0000] {logging_mixin.py:137} INFO - [2022-12-06T05:48:58.219+0000] {dag.py:3427} INFO - Setting next_dagrun for example_external_task_marker_parent to None, run_after=None
[2022-12-06T05:48:58.294+0000] {processor.py:175} INFO - Processing /home/airflow/.local/lib/python3.7/site-packages/airflow/example_dags/example_external_task_marker_dag.py took 0.268 seconds
[2022-12-06T05:49:28.405+0000] {processor.py:153} INFO - Started process (PID=251) to work on /home/airflow/.local/lib/python3.7/site-packages/airflow/example_dags/example_external_task_marker_dag.py
[2022-12-06T05:49:28.407+0000] {processor.py:743} INFO - Processing file /home/airflow/.local/lib/python3.7/site-packages/airflow/example_dags/example_external_task_marker_dag.py for tasks to queue
[2022-12-06T05:49:28.408+0000] {logging_mixin.py:137} INFO - [2022-12-06T05:49:28.408+0000] {dagbag.py:538} INFO - Filling up the DagBag from /home/airflow/.local/lib/python3.7/site-packages/airflow/example_dags/example_external_task_marker_dag.py
[2022-12-06T05:49:28.435+0000] {processor.py:753} INFO - DAG(s) dict_keys(['example_external_task_marker_child', 'example_external_task_marker_parent']) retrieved from /home/airflow/.local/lib/python3.7/site-packages/airflow/example_dags/example_external_task_marker_dag.py
[2022-12-06T05:49:28.513+0000] {logging_mixin.py:137} INFO - [2022-12-06T05:49:28.513+0000] {dag.py:2676} INFO - Sync 2 DAGs
[2022-12-06T05:49:28.551+0000] {logging_mixin.py:137} INFO - [2022-12-06T05:49:28.551+0000] {dag.py:3427} INFO - Setting next_dagrun for example_external_task_marker_child to None, run_after=None
[2022-12-06T05:49:28.557+0000] {logging_mixin.py:137} INFO - [2022-12-06T05:49:28.557+0000] {dag.py:3427} INFO - Setting next_dagrun for example_external_task_marker_parent to None, run_after=None
[2022-12-06T05:49:28.587+0000] {processor.py:175} INFO - Processing /home/airflow/.local/lib/python3.7/site-packages/airflow/example_dags/example_external_task_marker_dag.py took 0.186 seconds
[2022-12-06T05:49:59.052+0000] {processor.py:153} INFO - Started process (PID=318) to work on /home/airflow/.local/lib/python3.7/site-packages/airflow/example_dags/example_external_task_marker_dag.py
[2022-12-06T05:49:59.059+0000] {processor.py:743} INFO - Processing file /home/airflow/.local/lib/python3.7/site-packages/airflow/example_dags/example_external_task_marker_dag.py for tasks to queue
[2022-12-06T05:49:59.066+0000] {logging_mixin.py:137} INFO - [2022-12-06T05:49:59.065+0000] {dagbag.py:538} INFO - Filling up the DagBag from /home/airflow/.local/lib/python3.7/site-packages/airflow/example_dags/example_external_task_marker_dag.py
[2022-12-06T05:49:59.141+0000] {processor.py:753} INFO - DAG(s) dict_keys(['example_external_task_marker_parent', 'example_external_task_marker_child']) retrieved from /home/airflow/.local/lib/python3.7/site-packages/airflow/example_dags/example_external_task_marker_dag.py
[2022-12-06T05:49:59.362+0000] {logging_mixin.py:137} INFO - [2022-12-06T05:49:59.360+0000] {dag.py:2676} INFO - Sync 2 DAGs
[2022-12-06T05:49:59.512+0000] {logging_mixin.py:137} INFO - [2022-12-06T05:49:59.511+0000] {dag.py:3427} INFO - Setting next_dagrun for example_external_task_marker_child to None, run_after=None
[2022-12-06T05:49:59.522+0000] {logging_mixin.py:137} INFO - [2022-12-06T05:49:59.522+0000] {dag.py:3427} INFO - Setting next_dagrun for example_external_task_marker_parent to None, run_after=None
[2022-12-06T05:49:59.563+0000] {processor.py:175} INFO - Processing /home/airflow/.local/lib/python3.7/site-packages/airflow/example_dags/example_external_task_marker_dag.py took 0.523 seconds
[2022-12-06T05:50:36.948+0000] {processor.py:153} INFO - Started process (PID=386) to work on /home/airflow/.local/lib/python3.7/site-packages/airflow/example_dags/example_external_task_marker_dag.py
[2022-12-06T05:50:36.950+0000] {processor.py:743} INFO - Processing file /home/airflow/.local/lib/python3.7/site-packages/airflow/example_dags/example_external_task_marker_dag.py for tasks to queue
[2022-12-06T05:50:36.952+0000] {logging_mixin.py:137} INFO - [2022-12-06T05:50:36.952+0000] {dagbag.py:538} INFO - Filling up the DagBag from /home/airflow/.local/lib/python3.7/site-packages/airflow/example_dags/example_external_task_marker_dag.py
[2022-12-06T05:50:36.975+0000] {processor.py:753} INFO - DAG(s) dict_keys(['example_external_task_marker_child', 'example_external_task_marker_parent']) retrieved from /home/airflow/.local/lib/python3.7/site-packages/airflow/example_dags/example_external_task_marker_dag.py
[2022-12-06T05:50:37.065+0000] {logging_mixin.py:137} INFO - [2022-12-06T05:50:37.065+0000] {dag.py:2676} INFO - Sync 2 DAGs
[2022-12-06T05:50:37.119+0000] {logging_mixin.py:137} INFO - [2022-12-06T05:50:37.118+0000] {dag.py:3427} INFO - Setting next_dagrun for example_external_task_marker_child to None, run_after=None
[2022-12-06T05:50:37.128+0000] {logging_mixin.py:137} INFO - [2022-12-06T05:50:37.128+0000] {dag.py:3427} INFO - Setting next_dagrun for example_external_task_marker_parent to None, run_after=None
[2022-12-06T05:50:37.160+0000] {processor.py:175} INFO - Processing /home/airflow/.local/lib/python3.7/site-packages/airflow/example_dags/example_external_task_marker_dag.py took 0.217 seconds
[2022-12-06T05:51:25.166+0000] {processor.py:153} INFO - Started process (PID=444) to work on /home/airflow/.local/lib/python3.7/site-packages/airflow/example_dags/example_external_task_marker_dag.py
[2022-12-06T05:51:25.176+0000] {processor.py:743} INFO - Processing file /home/airflow/.local/lib/python3.7/site-packages/airflow/example_dags/example_external_task_marker_dag.py for tasks to queue
[2022-12-06T05:51:25.185+0000] {logging_mixin.py:137} INFO - [2022-12-06T05:51:25.184+0000] {dagbag.py:538} INFO - Filling up the DagBag from /home/airflow/.local/lib/python3.7/site-packages/airflow/example_dags/example_external_task_marker_dag.py
[2022-12-06T05:51:25.236+0000] {processor.py:753} INFO - DAG(s) dict_keys(['example_external_task_marker_parent', 'example_external_task_marker_child']) retrieved from /home/airflow/.local/lib/python3.7/site-packages/airflow/example_dags/example_external_task_marker_dag.py
[2022-12-06T05:51:25.322+0000] {logging_mixin.py:137} INFO - [2022-12-06T05:51:25.321+0000] {dag.py:2676} INFO - Sync 2 DAGs
[2022-12-06T05:51:25.379+0000] {logging_mixin.py:137} INFO - [2022-12-06T05:51:25.379+0000] {dag.py:3427} INFO - Setting next_dagrun for example_external_task_marker_child to None, run_after=None
[2022-12-06T05:51:25.387+0000] {logging_mixin.py:137} INFO - [2022-12-06T05:51:25.387+0000] {dag.py:3427} INFO - Setting next_dagrun for example_external_task_marker_parent to None, run_after=None
[2022-12-06T05:51:25.418+0000] {processor.py:175} INFO - Processing /home/airflow/.local/lib/python3.7/site-packages/airflow/example_dags/example_external_task_marker_dag.py took 0.265 seconds
[2022-12-06T05:52:15.308+0000] {processor.py:153} INFO - Started process (PID=510) to work on /home/airflow/.local/lib/python3.7/site-packages/airflow/example_dags/example_external_task_marker_dag.py
[2022-12-06T05:52:15.311+0000] {processor.py:743} INFO - Processing file /home/airflow/.local/lib/python3.7/site-packages/airflow/example_dags/example_external_task_marker_dag.py for tasks to queue
[2022-12-06T05:52:15.313+0000] {logging_mixin.py:137} INFO - [2022-12-06T05:52:15.313+0000] {dagbag.py:538} INFO - Filling up the DagBag from /home/airflow/.local/lib/python3.7/site-packages/airflow/example_dags/example_external_task_marker_dag.py
[2022-12-06T05:52:15.343+0000] {processor.py:753} INFO - DAG(s) dict_keys(['example_external_task_marker_child', 'example_external_task_marker_parent']) retrieved from /home/airflow/.local/lib/python3.7/site-packages/airflow/example_dags/example_external_task_marker_dag.py
[2022-12-06T05:52:15.471+0000] {logging_mixin.py:137} INFO - [2022-12-06T05:52:15.470+0000] {dag.py:2676} INFO - Sync 2 DAGs
[2022-12-06T05:52:15.528+0000] {logging_mixin.py:137} INFO - [2022-12-06T05:52:15.528+0000] {dag.py:3427} INFO - Setting next_dagrun for example_external_task_marker_child to None, run_after=None
[2022-12-06T05:52:15.541+0000] {logging_mixin.py:137} INFO - [2022-12-06T05:52:15.541+0000] {dag.py:3427} INFO - Setting next_dagrun for example_external_task_marker_parent to None, run_after=None
[2022-12-06T05:52:15.584+0000] {processor.py:175} INFO - Processing /home/airflow/.local/lib/python3.7/site-packages/airflow/example_dags/example_external_task_marker_dag.py took 0.284 seconds
[2022-12-06T05:53:01.277+0000] {processor.py:153} INFO - Started process (PID=588) to work on /home/airflow/.local/lib/python3.7/site-packages/airflow/example_dags/example_external_task_marker_dag.py
[2022-12-06T05:53:01.283+0000] {processor.py:743} INFO - Processing file /home/airflow/.local/lib/python3.7/site-packages/airflow/example_dags/example_external_task_marker_dag.py for tasks to queue
[2022-12-06T05:53:01.286+0000] {logging_mixin.py:137} INFO - [2022-12-06T05:53:01.286+0000] {dagbag.py:538} INFO - Filling up the DagBag from /home/airflow/.local/lib/python3.7/site-packages/airflow/example_dags/example_external_task_marker_dag.py
[2022-12-06T05:53:01.350+0000] {processor.py:753} INFO - DAG(s) dict_keys(['example_external_task_marker_child', 'example_external_task_marker_parent']) retrieved from /home/airflow/.local/lib/python3.7/site-packages/airflow/example_dags/example_external_task_marker_dag.py
[2022-12-06T05:53:01.562+0000] {logging_mixin.py:137} INFO - [2022-12-06T05:53:01.562+0000] {dag.py:2676} INFO - Sync 2 DAGs
[2022-12-06T05:53:01.623+0000] {logging_mixin.py:137} INFO - [2022-12-06T05:53:01.623+0000] {dag.py:3427} INFO - Setting next_dagrun for example_external_task_marker_child to None, run_after=None
[2022-12-06T05:53:01.630+0000] {logging_mixin.py:137} INFO - [2022-12-06T05:53:01.630+0000] {dag.py:3427} INFO - Setting next_dagrun for example_external_task_marker_parent to None, run_after=None
[2022-12-06T05:53:01.669+0000] {processor.py:175} INFO - Processing /home/airflow/.local/lib/python3.7/site-packages/airflow/example_dags/example_external_task_marker_dag.py took 0.403 seconds
[2022-12-06T05:53:42.511+0000] {processor.py:153} INFO - Started process (PID=657) to work on /home/airflow/.local/lib/python3.7/site-packages/airflow/example_dags/example_external_task_marker_dag.py
[2022-12-06T05:53:42.513+0000] {processor.py:743} INFO - Processing file /home/airflow/.local/lib/python3.7/site-packages/airflow/example_dags/example_external_task_marker_dag.py for tasks to queue
[2022-12-06T05:53:42.515+0000] {logging_mixin.py:137} INFO - [2022-12-06T05:53:42.515+0000] {dagbag.py:538} INFO - Filling up the DagBag from /home/airflow/.local/lib/python3.7/site-packages/airflow/example_dags/example_external_task_marker_dag.py
[2022-12-06T05:53:42.543+0000] {processor.py:753} INFO - DAG(s) dict_keys(['example_external_task_marker_parent', 'example_external_task_marker_child']) retrieved from /home/airflow/.local/lib/python3.7/site-packages/airflow/example_dags/example_external_task_marker_dag.py
[2022-12-06T05:53:42.667+0000] {logging_mixin.py:137} INFO - [2022-12-06T05:53:42.666+0000] {dag.py:2676} INFO - Sync 2 DAGs
[2022-12-06T05:53:42.723+0000] {logging_mixin.py:137} INFO - [2022-12-06T05:53:42.723+0000] {dag.py:3427} INFO - Setting next_dagrun for example_external_task_marker_child to None, run_after=None
[2022-12-06T05:53:42.732+0000] {logging_mixin.py:137} INFO - [2022-12-06T05:53:42.732+0000] {dag.py:3427} INFO - Setting next_dagrun for example_external_task_marker_parent to None, run_after=None
[2022-12-06T05:53:42.769+0000] {processor.py:175} INFO - Processing /home/airflow/.local/lib/python3.7/site-packages/airflow/example_dags/example_external_task_marker_dag.py took 0.265 seconds
[2022-12-06T05:54:23.953+0000] {processor.py:153} INFO - Started process (PID=724) to work on /home/airflow/.local/lib/python3.7/site-packages/airflow/example_dags/example_external_task_marker_dag.py
[2022-12-06T05:54:23.957+0000] {processor.py:743} INFO - Processing file /home/airflow/.local/lib/python3.7/site-packages/airflow/example_dags/example_external_task_marker_dag.py for tasks to queue
[2022-12-06T05:54:23.964+0000] {logging_mixin.py:137} INFO - [2022-12-06T05:54:23.963+0000] {dagbag.py:538} INFO - Filling up the DagBag from /home/airflow/.local/lib/python3.7/site-packages/airflow/example_dags/example_external_task_marker_dag.py
[2022-12-06T05:54:24.038+0000] {processor.py:753} INFO - DAG(s) dict_keys(['example_external_task_marker_child', 'example_external_task_marker_parent']) retrieved from /home/airflow/.local/lib/python3.7/site-packages/airflow/example_dags/example_external_task_marker_dag.py
[2022-12-06T05:54:24.160+0000] {logging_mixin.py:137} INFO - [2022-12-06T05:54:24.160+0000] {dag.py:2676} INFO - Sync 2 DAGs
[2022-12-06T05:54:24.209+0000] {logging_mixin.py:137} INFO - [2022-12-06T05:54:24.209+0000] {dag.py:3427} INFO - Setting next_dagrun for example_external_task_marker_child to None, run_after=None
[2022-12-06T05:54:24.215+0000] {logging_mixin.py:137} INFO - [2022-12-06T05:54:24.215+0000] {dag.py:3427} INFO - Setting next_dagrun for example_external_task_marker_parent to None, run_after=None
[2022-12-06T05:54:24.245+0000] {processor.py:175} INFO - Processing /home/airflow/.local/lib/python3.7/site-packages/airflow/example_dags/example_external_task_marker_dag.py took 0.315 seconds
[2022-12-06T05:54:55.433+0000] {processor.py:153} INFO - Started process (PID=808) to work on /home/airflow/.local/lib/python3.7/site-packages/airflow/example_dags/example_external_task_marker_dag.py
[2022-12-06T05:54:55.436+0000] {processor.py:743} INFO - Processing file /home/airflow/.local/lib/python3.7/site-packages/airflow/example_dags/example_external_task_marker_dag.py for tasks to queue
[2022-12-06T05:54:55.438+0000] {logging_mixin.py:137} INFO - [2022-12-06T05:54:55.438+0000] {dagbag.py:538} INFO - Filling up the DagBag from /home/airflow/.local/lib/python3.7/site-packages/airflow/example_dags/example_external_task_marker_dag.py
[2022-12-06T05:54:55.467+0000] {processor.py:753} INFO - DAG(s) dict_keys(['example_external_task_marker_parent', 'example_external_task_marker_child']) retrieved from /home/airflow/.local/lib/python3.7/site-packages/airflow/example_dags/example_external_task_marker_dag.py
[2022-12-06T05:54:55.567+0000] {logging_mixin.py:137} INFO - [2022-12-06T05:54:55.567+0000] {dag.py:2676} INFO - Sync 2 DAGs
[2022-12-06T05:54:55.602+0000] {logging_mixin.py:137} INFO - [2022-12-06T05:54:55.602+0000] {dag.py:3427} INFO - Setting next_dagrun for example_external_task_marker_child to None, run_after=None
[2022-12-06T05:54:55.608+0000] {logging_mixin.py:137} INFO - [2022-12-06T05:54:55.608+0000] {dag.py:3427} INFO - Setting next_dagrun for example_external_task_marker_parent to None, run_after=None
[2022-12-06T05:54:55.634+0000] {processor.py:175} INFO - Processing /home/airflow/.local/lib/python3.7/site-packages/airflow/example_dags/example_external_task_marker_dag.py took 0.207 seconds
[2022-12-06T05:55:39.635+0000] {processor.py:153} INFO - Started process (PID=878) to work on /home/airflow/.local/lib/python3.7/site-packages/airflow/example_dags/example_external_task_marker_dag.py
[2022-12-06T05:55:39.640+0000] {processor.py:743} INFO - Processing file /home/airflow/.local/lib/python3.7/site-packages/airflow/example_dags/example_external_task_marker_dag.py for tasks to queue
[2022-12-06T05:55:39.644+0000] {logging_mixin.py:137} INFO - [2022-12-06T05:55:39.643+0000] {dagbag.py:538} INFO - Filling up the DagBag from /home/airflow/.local/lib/python3.7/site-packages/airflow/example_dags/example_external_task_marker_dag.py
[2022-12-06T05:55:39.702+0000] {processor.py:753} INFO - DAG(s) dict_keys(['example_external_task_marker_parent', 'example_external_task_marker_child']) retrieved from /home/airflow/.local/lib/python3.7/site-packages/airflow/example_dags/example_external_task_marker_dag.py
[2022-12-06T05:55:39.820+0000] {logging_mixin.py:137} INFO - [2022-12-06T05:55:39.820+0000] {dag.py:2676} INFO - Sync 2 DAGs
[2022-12-06T05:55:39.872+0000] {logging_mixin.py:137} INFO - [2022-12-06T05:55:39.872+0000] {dag.py:3427} INFO - Setting next_dagrun for example_external_task_marker_child to None, run_after=None
[2022-12-06T05:55:39.879+0000] {logging_mixin.py:137} INFO - [2022-12-06T05:55:39.878+0000] {dag.py:3427} INFO - Setting next_dagrun for example_external_task_marker_parent to None, run_after=None
[2022-12-06T05:55:39.908+0000] {processor.py:175} INFO - Processing /home/airflow/.local/lib/python3.7/site-packages/airflow/example_dags/example_external_task_marker_dag.py took 0.284 seconds
[2022-12-06T05:56:31.370+0000] {processor.py:153} INFO - Started process (PID=945) to work on /home/airflow/.local/lib/python3.7/site-packages/airflow/example_dags/example_external_task_marker_dag.py
[2022-12-06T05:56:31.373+0000] {processor.py:743} INFO - Processing file /home/airflow/.local/lib/python3.7/site-packages/airflow/example_dags/example_external_task_marker_dag.py for tasks to queue
[2022-12-06T05:56:31.375+0000] {logging_mixin.py:137} INFO - [2022-12-06T05:56:31.375+0000] {dagbag.py:538} INFO - Filling up the DagBag from /home/airflow/.local/lib/python3.7/site-packages/airflow/example_dags/example_external_task_marker_dag.py
[2022-12-06T05:56:31.404+0000] {processor.py:753} INFO - DAG(s) dict_keys(['example_external_task_marker_child', 'example_external_task_marker_parent']) retrieved from /home/airflow/.local/lib/python3.7/site-packages/airflow/example_dags/example_external_task_marker_dag.py
[2022-12-06T05:56:31.511+0000] {logging_mixin.py:137} INFO - [2022-12-06T05:56:31.511+0000] {dag.py:2676} INFO - Sync 2 DAGs
[2022-12-06T05:56:31.559+0000] {logging_mixin.py:137} INFO - [2022-12-06T05:56:31.559+0000] {dag.py:3427} INFO - Setting next_dagrun for example_external_task_marker_child to None, run_after=None
[2022-12-06T05:56:31.566+0000] {logging_mixin.py:137} INFO - [2022-12-06T05:56:31.566+0000] {dag.py:3427} INFO - Setting next_dagrun for example_external_task_marker_parent to None, run_after=None
[2022-12-06T05:56:31.596+0000] {processor.py:175} INFO - Processing /home/airflow/.local/lib/python3.7/site-packages/airflow/example_dags/example_external_task_marker_dag.py took 0.233 seconds
[2022-12-06T05:57:15.515+0000] {processor.py:153} INFO - Started process (PID=1030) to work on /home/airflow/.local/lib/python3.7/site-packages/airflow/example_dags/example_external_task_marker_dag.py
[2022-12-06T05:57:15.519+0000] {processor.py:743} INFO - Processing file /home/airflow/.local/lib/python3.7/site-packages/airflow/example_dags/example_external_task_marker_dag.py for tasks to queue
[2022-12-06T05:57:15.533+0000] {logging_mixin.py:137} INFO - [2022-12-06T05:57:15.532+0000] {dagbag.py:538} INFO - Filling up the DagBag from /home/airflow/.local/lib/python3.7/site-packages/airflow/example_dags/example_external_task_marker_dag.py
[2022-12-06T05:57:15.579+0000] {processor.py:753} INFO - DAG(s) dict_keys(['example_external_task_marker_child', 'example_external_task_marker_parent']) retrieved from /home/airflow/.local/lib/python3.7/site-packages/airflow/example_dags/example_external_task_marker_dag.py
[2022-12-06T05:57:15.839+0000] {logging_mixin.py:137} INFO - [2022-12-06T05:57:15.839+0000] {dag.py:2676} INFO - Sync 2 DAGs
[2022-12-06T05:57:15.932+0000] {logging_mixin.py:137} INFO - [2022-12-06T05:57:15.932+0000] {dag.py:3427} INFO - Setting next_dagrun for example_external_task_marker_child to None, run_after=None
[2022-12-06T05:57:15.945+0000] {logging_mixin.py:137} INFO - [2022-12-06T05:57:15.945+0000] {dag.py:3427} INFO - Setting next_dagrun for example_external_task_marker_parent to None, run_after=None
[2022-12-06T05:57:16.053+0000] {processor.py:175} INFO - Processing /home/airflow/.local/lib/python3.7/site-packages/airflow/example_dags/example_external_task_marker_dag.py took 0.552 seconds
[2022-12-06T05:57:54.651+0000] {processor.py:153} INFO - Started process (PID=1098) to work on /home/airflow/.local/lib/python3.7/site-packages/airflow/example_dags/example_external_task_marker_dag.py
[2022-12-06T05:57:54.653+0000] {processor.py:743} INFO - Processing file /home/airflow/.local/lib/python3.7/site-packages/airflow/example_dags/example_external_task_marker_dag.py for tasks to queue
[2022-12-06T05:57:54.655+0000] {logging_mixin.py:137} INFO - [2022-12-06T05:57:54.655+0000] {dagbag.py:538} INFO - Filling up the DagBag from /home/airflow/.local/lib/python3.7/site-packages/airflow/example_dags/example_external_task_marker_dag.py
[2022-12-06T05:57:54.697+0000] {processor.py:753} INFO - DAG(s) dict_keys(['example_external_task_marker_child', 'example_external_task_marker_parent']) retrieved from /home/airflow/.local/lib/python3.7/site-packages/airflow/example_dags/example_external_task_marker_dag.py
[2022-12-06T05:57:54.908+0000] {logging_mixin.py:137} INFO - [2022-12-06T05:57:54.908+0000] {dag.py:2676} INFO - Sync 2 DAGs
[2022-12-06T05:57:54.984+0000] {logging_mixin.py:137} INFO - [2022-12-06T05:57:54.984+0000] {dag.py:3427} INFO - Setting next_dagrun for example_external_task_marker_child to None, run_after=None
[2022-12-06T05:57:54.993+0000] {logging_mixin.py:137} INFO - [2022-12-06T05:57:54.993+0000] {dag.py:3427} INFO - Setting next_dagrun for example_external_task_marker_parent to None, run_after=None
[2022-12-06T05:57:55.038+0000] {processor.py:175} INFO - Processing /home/airflow/.local/lib/python3.7/site-packages/airflow/example_dags/example_external_task_marker_dag.py took 0.398 seconds
[2022-12-06T05:58:35.150+0000] {processor.py:153} INFO - Started process (PID=1167) to work on /home/airflow/.local/lib/python3.7/site-packages/airflow/example_dags/example_external_task_marker_dag.py
[2022-12-06T05:58:35.155+0000] {processor.py:743} INFO - Processing file /home/airflow/.local/lib/python3.7/site-packages/airflow/example_dags/example_external_task_marker_dag.py for tasks to queue
[2022-12-06T05:58:35.160+0000] {logging_mixin.py:137} INFO - [2022-12-06T05:58:35.159+0000] {dagbag.py:538} INFO - Filling up the DagBag from /home/airflow/.local/lib/python3.7/site-packages/airflow/example_dags/example_external_task_marker_dag.py
[2022-12-06T05:58:35.206+0000] {processor.py:753} INFO - DAG(s) dict_keys(['example_external_task_marker_parent', 'example_external_task_marker_child']) retrieved from /home/airflow/.local/lib/python3.7/site-packages/airflow/example_dags/example_external_task_marker_dag.py
[2022-12-06T05:58:35.402+0000] {logging_mixin.py:137} INFO - [2022-12-06T05:58:35.402+0000] {dag.py:2676} INFO - Sync 2 DAGs
[2022-12-06T05:58:35.499+0000] {logging_mixin.py:137} INFO - [2022-12-06T05:58:35.498+0000] {dag.py:3427} INFO - Setting next_dagrun for example_external_task_marker_child to None, run_after=None
[2022-12-06T05:58:35.519+0000] {logging_mixin.py:137} INFO - [2022-12-06T05:58:35.519+0000] {dag.py:3427} INFO - Setting next_dagrun for example_external_task_marker_parent to None, run_after=None
[2022-12-06T05:58:35.577+0000] {processor.py:175} INFO - Processing /home/airflow/.local/lib/python3.7/site-packages/airflow/example_dags/example_external_task_marker_dag.py took 0.440 seconds
[2022-12-06T05:59:17.981+0000] {processor.py:153} INFO - Started process (PID=1251) to work on /home/airflow/.local/lib/python3.7/site-packages/airflow/example_dags/example_external_task_marker_dag.py
[2022-12-06T05:59:17.985+0000] {processor.py:743} INFO - Processing file /home/airflow/.local/lib/python3.7/site-packages/airflow/example_dags/example_external_task_marker_dag.py for tasks to queue
[2022-12-06T05:59:17.990+0000] {logging_mixin.py:137} INFO - [2022-12-06T05:59:17.989+0000] {dagbag.py:538} INFO - Filling up the DagBag from /home/airflow/.local/lib/python3.7/site-packages/airflow/example_dags/example_external_task_marker_dag.py
[2022-12-06T05:59:18.038+0000] {processor.py:753} INFO - DAG(s) dict_keys(['example_external_task_marker_child', 'example_external_task_marker_parent']) retrieved from /home/airflow/.local/lib/python3.7/site-packages/airflow/example_dags/example_external_task_marker_dag.py
[2022-12-06T05:59:18.142+0000] {logging_mixin.py:137} INFO - [2022-12-06T05:59:18.141+0000] {dag.py:2676} INFO - Sync 2 DAGs
[2022-12-06T05:59:18.198+0000] {logging_mixin.py:137} INFO - [2022-12-06T05:59:18.197+0000] {dag.py:3427} INFO - Setting next_dagrun for example_external_task_marker_child to None, run_after=None
[2022-12-06T05:59:18.205+0000] {logging_mixin.py:137} INFO - [2022-12-06T05:59:18.205+0000] {dag.py:3427} INFO - Setting next_dagrun for example_external_task_marker_parent to None, run_after=None
[2022-12-06T05:59:18.233+0000] {processor.py:175} INFO - Processing /home/airflow/.local/lib/python3.7/site-packages/airflow/example_dags/example_external_task_marker_dag.py took 0.258 seconds
[2022-12-06T05:59:56.477+0000] {processor.py:153} INFO - Started process (PID=1318) to work on /home/airflow/.local/lib/python3.7/site-packages/airflow/example_dags/example_external_task_marker_dag.py
[2022-12-06T05:59:56.480+0000] {processor.py:743} INFO - Processing file /home/airflow/.local/lib/python3.7/site-packages/airflow/example_dags/example_external_task_marker_dag.py for tasks to queue
[2022-12-06T05:59:56.483+0000] {logging_mixin.py:137} INFO - [2022-12-06T05:59:56.482+0000] {dagbag.py:538} INFO - Filling up the DagBag from /home/airflow/.local/lib/python3.7/site-packages/airflow/example_dags/example_external_task_marker_dag.py
[2022-12-06T05:59:56.520+0000] {processor.py:753} INFO - DAG(s) dict_keys(['example_external_task_marker_child', 'example_external_task_marker_parent']) retrieved from /home/airflow/.local/lib/python3.7/site-packages/airflow/example_dags/example_external_task_marker_dag.py
[2022-12-06T05:59:56.630+0000] {logging_mixin.py:137} INFO - [2022-12-06T05:59:56.629+0000] {dag.py:2676} INFO - Sync 2 DAGs
[2022-12-06T05:59:56.690+0000] {logging_mixin.py:137} INFO - [2022-12-06T05:59:56.689+0000] {dag.py:3427} INFO - Setting next_dagrun for example_external_task_marker_child to None, run_after=None
[2022-12-06T05:59:56.695+0000] {logging_mixin.py:137} INFO - [2022-12-06T05:59:56.695+0000] {dag.py:3427} INFO - Setting next_dagrun for example_external_task_marker_parent to None, run_after=None
[2022-12-06T05:59:56.724+0000] {processor.py:175} INFO - Processing /home/airflow/.local/lib/python3.7/site-packages/airflow/example_dags/example_external_task_marker_dag.py took 0.258 seconds
[2022-12-06T06:00:44.762+0000] {processor.py:153} INFO - Started process (PID=1402) to work on /home/airflow/.local/lib/python3.7/site-packages/airflow/example_dags/example_external_task_marker_dag.py
[2022-12-06T06:00:44.766+0000] {processor.py:743} INFO - Processing file /home/airflow/.local/lib/python3.7/site-packages/airflow/example_dags/example_external_task_marker_dag.py for tasks to queue
[2022-12-06T06:00:44.768+0000] {logging_mixin.py:137} INFO - [2022-12-06T06:00:44.768+0000] {dagbag.py:538} INFO - Filling up the DagBag from /home/airflow/.local/lib/python3.7/site-packages/airflow/example_dags/example_external_task_marker_dag.py
[2022-12-06T06:00:44.799+0000] {processor.py:753} INFO - DAG(s) dict_keys(['example_external_task_marker_child', 'example_external_task_marker_parent']) retrieved from /home/airflow/.local/lib/python3.7/site-packages/airflow/example_dags/example_external_task_marker_dag.py
[2022-12-06T06:00:44.908+0000] {logging_mixin.py:137} INFO - [2022-12-06T06:00:44.908+0000] {dag.py:2676} INFO - Sync 2 DAGs
[2022-12-06T06:00:44.951+0000] {logging_mixin.py:137} INFO - [2022-12-06T06:00:44.950+0000] {dag.py:3427} INFO - Setting next_dagrun for example_external_task_marker_child to None, run_after=None
[2022-12-06T06:00:44.958+0000] {logging_mixin.py:137} INFO - [2022-12-06T06:00:44.958+0000] {dag.py:3427} INFO - Setting next_dagrun for example_external_task_marker_parent to None, run_after=None
[2022-12-06T06:00:44.983+0000] {processor.py:175} INFO - Processing /home/airflow/.local/lib/python3.7/site-packages/airflow/example_dags/example_external_task_marker_dag.py took 0.234 seconds
[2022-12-06T06:01:15.115+0000] {processor.py:153} INFO - Started process (PID=1471) to work on /home/airflow/.local/lib/python3.7/site-packages/airflow/example_dags/example_external_task_marker_dag.py
[2022-12-06T06:01:15.117+0000] {processor.py:743} INFO - Processing file /home/airflow/.local/lib/python3.7/site-packages/airflow/example_dags/example_external_task_marker_dag.py for tasks to queue
[2022-12-06T06:01:15.119+0000] {logging_mixin.py:137} INFO - [2022-12-06T06:01:15.119+0000] {dagbag.py:538} INFO - Filling up the DagBag from /home/airflow/.local/lib/python3.7/site-packages/airflow/example_dags/example_external_task_marker_dag.py
[2022-12-06T06:01:15.147+0000] {processor.py:753} INFO - DAG(s) dict_keys(['example_external_task_marker_parent', 'example_external_task_marker_child']) retrieved from /home/airflow/.local/lib/python3.7/site-packages/airflow/example_dags/example_external_task_marker_dag.py
[2022-12-06T06:01:15.217+0000] {logging_mixin.py:137} INFO - [2022-12-06T06:01:15.217+0000] {dag.py:2676} INFO - Sync 2 DAGs
[2022-12-06T06:01:15.255+0000] {logging_mixin.py:137} INFO - [2022-12-06T06:01:15.255+0000] {dag.py:3427} INFO - Setting next_dagrun for example_external_task_marker_child to None, run_after=None
[2022-12-06T06:01:15.261+0000] {logging_mixin.py:137} INFO - [2022-12-06T06:01:15.261+0000] {dag.py:3427} INFO - Setting next_dagrun for example_external_task_marker_parent to None, run_after=None
[2022-12-06T06:01:15.287+0000] {processor.py:175} INFO - Processing /home/airflow/.local/lib/python3.7/site-packages/airflow/example_dags/example_external_task_marker_dag.py took 0.178 seconds
[2022-12-06T06:01:47.232+0000] {processor.py:153} INFO - Started process (PID=1553) to work on /home/airflow/.local/lib/python3.7/site-packages/airflow/example_dags/example_external_task_marker_dag.py
[2022-12-06T06:01:47.234+0000] {processor.py:743} INFO - Processing file /home/airflow/.local/lib/python3.7/site-packages/airflow/example_dags/example_external_task_marker_dag.py for tasks to queue
[2022-12-06T06:01:47.237+0000] {logging_mixin.py:137} INFO - [2022-12-06T06:01:47.236+0000] {dagbag.py:538} INFO - Filling up the DagBag from /home/airflow/.local/lib/python3.7/site-packages/airflow/example_dags/example_external_task_marker_dag.py
[2022-12-06T06:01:47.260+0000] {processor.py:753} INFO - DAG(s) dict_keys(['example_external_task_marker_child', 'example_external_task_marker_parent']) retrieved from /home/airflow/.local/lib/python3.7/site-packages/airflow/example_dags/example_external_task_marker_dag.py
[2022-12-06T06:01:47.354+0000] {logging_mixin.py:137} INFO - [2022-12-06T06:01:47.354+0000] {dag.py:2676} INFO - Sync 2 DAGs
[2022-12-06T06:01:47.397+0000] {logging_mixin.py:137} INFO - [2022-12-06T06:01:47.397+0000] {dag.py:3427} INFO - Setting next_dagrun for example_external_task_marker_child to None, run_after=None
[2022-12-06T06:01:47.404+0000] {logging_mixin.py:137} INFO - [2022-12-06T06:01:47.404+0000] {dag.py:3427} INFO - Setting next_dagrun for example_external_task_marker_parent to None, run_after=None
[2022-12-06T06:01:47.435+0000] {processor.py:175} INFO - Processing /home/airflow/.local/lib/python3.7/site-packages/airflow/example_dags/example_external_task_marker_dag.py took 0.209 seconds
[2022-12-06T06:02:23.017+0000] {processor.py:153} INFO - Started process (PID=1620) to work on /home/airflow/.local/lib/python3.7/site-packages/airflow/example_dags/example_external_task_marker_dag.py
[2022-12-06T06:02:23.020+0000] {processor.py:743} INFO - Processing file /home/airflow/.local/lib/python3.7/site-packages/airflow/example_dags/example_external_task_marker_dag.py for tasks to queue
[2022-12-06T06:02:23.023+0000] {logging_mixin.py:137} INFO - [2022-12-06T06:02:23.023+0000] {dagbag.py:538} INFO - Filling up the DagBag from /home/airflow/.local/lib/python3.7/site-packages/airflow/example_dags/example_external_task_marker_dag.py
[2022-12-06T06:02:23.057+0000] {processor.py:753} INFO - DAG(s) dict_keys(['example_external_task_marker_parent', 'example_external_task_marker_child']) retrieved from /home/airflow/.local/lib/python3.7/site-packages/airflow/example_dags/example_external_task_marker_dag.py
[2022-12-06T06:02:23.139+0000] {logging_mixin.py:137} INFO - [2022-12-06T06:02:23.139+0000] {dag.py:2676} INFO - Sync 2 DAGs
[2022-12-06T06:02:23.186+0000] {logging_mixin.py:137} INFO - [2022-12-06T06:02:23.186+0000] {dag.py:3427} INFO - Setting next_dagrun for example_external_task_marker_child to None, run_after=None
[2022-12-06T06:02:23.193+0000] {logging_mixin.py:137} INFO - [2022-12-06T06:02:23.192+0000] {dag.py:3427} INFO - Setting next_dagrun for example_external_task_marker_parent to None, run_after=None
[2022-12-06T06:02:23.229+0000] {processor.py:175} INFO - Processing /home/airflow/.local/lib/python3.7/site-packages/airflow/example_dags/example_external_task_marker_dag.py took 0.220 seconds
