[2022-12-06T05:24:29.947+0000] {processor.py:153} INFO - Started process (PID=58) to work on /home/airflow/.local/lib/python3.7/site-packages/airflow/example_dags/example_short_circuit_operator.py
[2022-12-06T05:24:29.950+0000] {processor.py:743} INFO - Processing file /home/airflow/.local/lib/python3.7/site-packages/airflow/example_dags/example_short_circuit_operator.py for tasks to queue
[2022-12-06T05:24:29.952+0000] {logging_mixin.py:137} INFO - [2022-12-06T05:24:29.952+0000] {dagbag.py:538} INFO - Filling up the DagBag from /home/airflow/.local/lib/python3.7/site-packages/airflow/example_dags/example_short_circuit_operator.py
[2022-12-06T05:24:29.982+0000] {processor.py:753} INFO - DAG(s) dict_keys(['example_short_circuit_operator']) retrieved from /home/airflow/.local/lib/python3.7/site-packages/airflow/example_dags/example_short_circuit_operator.py
[2022-12-06T05:24:30.071+0000] {logging_mixin.py:137} INFO - [2022-12-06T05:24:30.071+0000] {dag.py:2676} INFO - Sync 1 DAGs
[2022-12-06T05:24:30.127+0000] {logging_mixin.py:137} INFO - [2022-12-06T05:24:30.127+0000] {dag.py:3427} INFO - Setting next_dagrun for example_short_circuit_operator to 2022-12-05T05:24:30.126491+00:00, run_after=2022-12-06T05:24:30.126491+00:00
[2022-12-06T05:24:30.186+0000] {processor.py:175} INFO - Processing /home/airflow/.local/lib/python3.7/site-packages/airflow/example_dags/example_short_circuit_operator.py took 0.246 seconds
[2022-12-06T05:26:09.064+0000] {processor.py:153} INFO - Started process (PID=156) to work on /home/airflow/.local/lib/python3.7/site-packages/airflow/example_dags/example_short_circuit_operator.py
[2022-12-06T05:26:09.083+0000] {processor.py:743} INFO - Processing file /home/airflow/.local/lib/python3.7/site-packages/airflow/example_dags/example_short_circuit_operator.py for tasks to queue
[2022-12-06T05:26:09.090+0000] {logging_mixin.py:137} INFO - [2022-12-06T05:26:09.090+0000] {dagbag.py:538} INFO - Filling up the DagBag from /home/airflow/.local/lib/python3.7/site-packages/airflow/example_dags/example_short_circuit_operator.py
[2022-12-06T05:26:09.230+0000] {processor.py:753} INFO - DAG(s) dict_keys(['example_short_circuit_operator']) retrieved from /home/airflow/.local/lib/python3.7/site-packages/airflow/example_dags/example_short_circuit_operator.py
[2022-12-06T05:26:09.368+0000] {logging_mixin.py:137} INFO - [2022-12-06T05:26:09.367+0000] {dag.py:2676} INFO - Sync 1 DAGs
[2022-12-06T05:26:09.485+0000] {logging_mixin.py:137} INFO - [2022-12-06T05:26:09.484+0000] {dag.py:3427} INFO - Setting next_dagrun for example_short_circuit_operator to 2022-12-05T05:26:09.484216+00:00, run_after=2022-12-06T05:26:09.484216+00:00
[2022-12-06T05:26:09.586+0000] {processor.py:175} INFO - Processing /home/airflow/.local/lib/python3.7/site-packages/airflow/example_dags/example_short_circuit_operator.py took 0.574 seconds
[2022-12-06T05:27:05.704+0000] {processor.py:153} INFO - Started process (PID=249) to work on /home/airflow/.local/lib/python3.7/site-packages/airflow/example_dags/example_short_circuit_operator.py
[2022-12-06T05:27:05.707+0000] {processor.py:743} INFO - Processing file /home/airflow/.local/lib/python3.7/site-packages/airflow/example_dags/example_short_circuit_operator.py for tasks to queue
[2022-12-06T05:27:05.710+0000] {logging_mixin.py:137} INFO - [2022-12-06T05:27:05.710+0000] {dagbag.py:538} INFO - Filling up the DagBag from /home/airflow/.local/lib/python3.7/site-packages/airflow/example_dags/example_short_circuit_operator.py
[2022-12-06T05:27:05.784+0000] {processor.py:753} INFO - DAG(s) dict_keys(['example_short_circuit_operator']) retrieved from /home/airflow/.local/lib/python3.7/site-packages/airflow/example_dags/example_short_circuit_operator.py
[2022-12-06T05:27:05.885+0000] {logging_mixin.py:137} INFO - [2022-12-06T05:27:05.885+0000] {dag.py:2676} INFO - Sync 1 DAGs
[2022-12-06T05:27:05.930+0000] {logging_mixin.py:137} INFO - [2022-12-06T05:27:05.929+0000] {dag.py:3427} INFO - Setting next_dagrun for example_short_circuit_operator to 2022-12-05T05:27:05.929106+00:00, run_after=2022-12-06T05:27:05.929106+00:00
[2022-12-06T05:27:05.967+0000] {processor.py:175} INFO - Processing /home/airflow/.local/lib/python3.7/site-packages/airflow/example_dags/example_short_circuit_operator.py took 0.268 seconds
[2022-12-06T05:27:36.379+0000] {processor.py:153} INFO - Started process (PID=322) to work on /home/airflow/.local/lib/python3.7/site-packages/airflow/example_dags/example_short_circuit_operator.py
[2022-12-06T05:27:36.382+0000] {processor.py:743} INFO - Processing file /home/airflow/.local/lib/python3.7/site-packages/airflow/example_dags/example_short_circuit_operator.py for tasks to queue
[2022-12-06T05:27:36.384+0000] {logging_mixin.py:137} INFO - [2022-12-06T05:27:36.384+0000] {dagbag.py:538} INFO - Filling up the DagBag from /home/airflow/.local/lib/python3.7/site-packages/airflow/example_dags/example_short_circuit_operator.py
[2022-12-06T05:27:36.417+0000] {processor.py:753} INFO - DAG(s) dict_keys(['example_short_circuit_operator']) retrieved from /home/airflow/.local/lib/python3.7/site-packages/airflow/example_dags/example_short_circuit_operator.py
[2022-12-06T05:27:36.477+0000] {logging_mixin.py:137} INFO - [2022-12-06T05:27:36.477+0000] {dag.py:2676} INFO - Sync 1 DAGs
[2022-12-06T05:27:36.539+0000] {logging_mixin.py:137} INFO - [2022-12-06T05:27:36.539+0000] {dag.py:3427} INFO - Setting next_dagrun for example_short_circuit_operator to 2022-12-05T05:27:36.539117+00:00, run_after=2022-12-06T05:27:36.539117+00:00
[2022-12-06T05:27:36.579+0000] {processor.py:175} INFO - Processing /home/airflow/.local/lib/python3.7/site-packages/airflow/example_dags/example_short_circuit_operator.py took 0.205 seconds
[2022-12-06T05:28:06.867+0000] {processor.py:153} INFO - Started process (PID=384) to work on /home/airflow/.local/lib/python3.7/site-packages/airflow/example_dags/example_short_circuit_operator.py
[2022-12-06T05:28:06.870+0000] {processor.py:743} INFO - Processing file /home/airflow/.local/lib/python3.7/site-packages/airflow/example_dags/example_short_circuit_operator.py for tasks to queue
[2022-12-06T05:28:06.872+0000] {logging_mixin.py:137} INFO - [2022-12-06T05:28:06.871+0000] {dagbag.py:538} INFO - Filling up the DagBag from /home/airflow/.local/lib/python3.7/site-packages/airflow/example_dags/example_short_circuit_operator.py
[2022-12-06T05:28:06.907+0000] {processor.py:753} INFO - DAG(s) dict_keys(['example_short_circuit_operator']) retrieved from /home/airflow/.local/lib/python3.7/site-packages/airflow/example_dags/example_short_circuit_operator.py
[2022-12-06T05:28:06.988+0000] {logging_mixin.py:137} INFO - [2022-12-06T05:28:06.988+0000] {dag.py:2676} INFO - Sync 1 DAGs
[2022-12-06T05:28:07.097+0000] {logging_mixin.py:137} INFO - [2022-12-06T05:28:07.096+0000] {dag.py:3427} INFO - Setting next_dagrun for example_short_circuit_operator to 2022-12-05T05:28:07.094169+00:00, run_after=2022-12-06T05:28:07.094169+00:00
[2022-12-06T05:28:07.158+0000] {processor.py:175} INFO - Processing /home/airflow/.local/lib/python3.7/site-packages/airflow/example_dags/example_short_circuit_operator.py took 0.297 seconds
[2022-12-06T05:28:38.514+0000] {processor.py:153} INFO - Started process (PID=450) to work on /home/airflow/.local/lib/python3.7/site-packages/airflow/example_dags/example_short_circuit_operator.py
[2022-12-06T05:28:38.519+0000] {processor.py:743} INFO - Processing file /home/airflow/.local/lib/python3.7/site-packages/airflow/example_dags/example_short_circuit_operator.py for tasks to queue
[2022-12-06T05:28:38.522+0000] {logging_mixin.py:137} INFO - [2022-12-06T05:28:38.522+0000] {dagbag.py:538} INFO - Filling up the DagBag from /home/airflow/.local/lib/python3.7/site-packages/airflow/example_dags/example_short_circuit_operator.py
[2022-12-06T05:28:38.563+0000] {processor.py:753} INFO - DAG(s) dict_keys(['example_short_circuit_operator']) retrieved from /home/airflow/.local/lib/python3.7/site-packages/airflow/example_dags/example_short_circuit_operator.py
[2022-12-06T05:28:38.635+0000] {logging_mixin.py:137} INFO - [2022-12-06T05:28:38.635+0000] {dag.py:2676} INFO - Sync 1 DAGs
[2022-12-06T05:28:38.683+0000] {logging_mixin.py:137} INFO - [2022-12-06T05:28:38.682+0000] {dag.py:3427} INFO - Setting next_dagrun for example_short_circuit_operator to 2022-12-05T05:28:38.682536+00:00, run_after=2022-12-06T05:28:38.682536+00:00
[2022-12-06T05:28:38.716+0000] {processor.py:175} INFO - Processing /home/airflow/.local/lib/python3.7/site-packages/airflow/example_dags/example_short_circuit_operator.py took 0.209 seconds
[2022-12-06T05:29:10.280+0000] {processor.py:153} INFO - Started process (PID=516) to work on /home/airflow/.local/lib/python3.7/site-packages/airflow/example_dags/example_short_circuit_operator.py
[2022-12-06T05:29:10.283+0000] {processor.py:743} INFO - Processing file /home/airflow/.local/lib/python3.7/site-packages/airflow/example_dags/example_short_circuit_operator.py for tasks to queue
[2022-12-06T05:29:10.286+0000] {logging_mixin.py:137} INFO - [2022-12-06T05:29:10.286+0000] {dagbag.py:538} INFO - Filling up the DagBag from /home/airflow/.local/lib/python3.7/site-packages/airflow/example_dags/example_short_circuit_operator.py
[2022-12-06T05:29:10.337+0000] {processor.py:753} INFO - DAG(s) dict_keys(['example_short_circuit_operator']) retrieved from /home/airflow/.local/lib/python3.7/site-packages/airflow/example_dags/example_short_circuit_operator.py
[2022-12-06T05:29:10.439+0000] {logging_mixin.py:137} INFO - [2022-12-06T05:29:10.439+0000] {dag.py:2676} INFO - Sync 1 DAGs
[2022-12-06T05:29:10.488+0000] {logging_mixin.py:137} INFO - [2022-12-06T05:29:10.488+0000] {dag.py:3427} INFO - Setting next_dagrun for example_short_circuit_operator to 2022-12-05T05:29:10.487789+00:00, run_after=2022-12-06T05:29:10.487789+00:00
[2022-12-06T05:29:10.539+0000] {processor.py:175} INFO - Processing /home/airflow/.local/lib/python3.7/site-packages/airflow/example_dags/example_short_circuit_operator.py took 0.269 seconds
[2022-12-06T05:30:17.078+0000] {processor.py:153} INFO - Started process (PID=580) to work on /home/airflow/.local/lib/python3.7/site-packages/airflow/example_dags/example_short_circuit_operator.py
[2022-12-06T05:30:17.090+0000] {processor.py:743} INFO - Processing file /home/airflow/.local/lib/python3.7/site-packages/airflow/example_dags/example_short_circuit_operator.py for tasks to queue
[2022-12-06T05:30:17.104+0000] {logging_mixin.py:137} INFO - [2022-12-06T05:30:17.103+0000] {dagbag.py:538} INFO - Filling up the DagBag from /home/airflow/.local/lib/python3.7/site-packages/airflow/example_dags/example_short_circuit_operator.py
[2022-12-06T05:30:17.404+0000] {processor.py:753} INFO - DAG(s) dict_keys(['example_short_circuit_operator']) retrieved from /home/airflow/.local/lib/python3.7/site-packages/airflow/example_dags/example_short_circuit_operator.py
[2022-12-06T05:30:17.821+0000] {logging_mixin.py:137} INFO - [2022-12-06T05:30:17.821+0000] {dag.py:2676} INFO - Sync 1 DAGs
[2022-12-06T05:30:17.950+0000] {logging_mixin.py:137} INFO - [2022-12-06T05:30:17.949+0000] {dag.py:3427} INFO - Setting next_dagrun for example_short_circuit_operator to 2022-12-05T05:30:17.949532+00:00, run_after=2022-12-06T05:30:17.949532+00:00
[2022-12-06T05:30:17.991+0000] {processor.py:175} INFO - Processing /home/airflow/.local/lib/python3.7/site-packages/airflow/example_dags/example_short_circuit_operator.py took 0.964 seconds
[2022-12-06T05:31:01.639+0000] {processor.py:153} INFO - Started process (PID=659) to work on /home/airflow/.local/lib/python3.7/site-packages/airflow/example_dags/example_short_circuit_operator.py
[2022-12-06T05:31:01.646+0000] {processor.py:743} INFO - Processing file /home/airflow/.local/lib/python3.7/site-packages/airflow/example_dags/example_short_circuit_operator.py for tasks to queue
[2022-12-06T05:31:01.653+0000] {logging_mixin.py:137} INFO - [2022-12-06T05:31:01.652+0000] {dagbag.py:538} INFO - Filling up the DagBag from /home/airflow/.local/lib/python3.7/site-packages/airflow/example_dags/example_short_circuit_operator.py
[2022-12-06T05:31:01.801+0000] {processor.py:753} INFO - DAG(s) dict_keys(['example_short_circuit_operator']) retrieved from /home/airflow/.local/lib/python3.7/site-packages/airflow/example_dags/example_short_circuit_operator.py
[2022-12-06T05:31:01.921+0000] {logging_mixin.py:137} INFO - [2022-12-06T05:31:01.920+0000] {dag.py:2676} INFO - Sync 1 DAGs
[2022-12-06T05:31:01.961+0000] {logging_mixin.py:137} INFO - [2022-12-06T05:31:01.961+0000] {dag.py:3427} INFO - Setting next_dagrun for example_short_circuit_operator to 2022-12-05T05:31:01.961214+00:00, run_after=2022-12-06T05:31:01.961214+00:00
[2022-12-06T05:31:02.004+0000] {processor.py:175} INFO - Processing /home/airflow/.local/lib/python3.7/site-packages/airflow/example_dags/example_short_circuit_operator.py took 0.393 seconds
[2022-12-06T05:31:41.172+0000] {processor.py:153} INFO - Started process (PID=733) to work on /home/airflow/.local/lib/python3.7/site-packages/airflow/example_dags/example_short_circuit_operator.py
[2022-12-06T05:31:41.184+0000] {processor.py:743} INFO - Processing file /home/airflow/.local/lib/python3.7/site-packages/airflow/example_dags/example_short_circuit_operator.py for tasks to queue
[2022-12-06T05:31:41.188+0000] {logging_mixin.py:137} INFO - [2022-12-06T05:31:41.188+0000] {dagbag.py:538} INFO - Filling up the DagBag from /home/airflow/.local/lib/python3.7/site-packages/airflow/example_dags/example_short_circuit_operator.py
[2022-12-06T05:31:41.282+0000] {processor.py:753} INFO - DAG(s) dict_keys(['example_short_circuit_operator']) retrieved from /home/airflow/.local/lib/python3.7/site-packages/airflow/example_dags/example_short_circuit_operator.py
[2022-12-06T05:31:41.489+0000] {logging_mixin.py:137} INFO - [2022-12-06T05:31:41.486+0000] {dag.py:2676} INFO - Sync 1 DAGs
[2022-12-06T05:31:41.588+0000] {logging_mixin.py:137} INFO - [2022-12-06T05:31:41.586+0000] {dag.py:3427} INFO - Setting next_dagrun for example_short_circuit_operator to 2022-12-05T05:31:41.584498+00:00, run_after=2022-12-06T05:31:41.584498+00:00
[2022-12-06T05:31:41.644+0000] {processor.py:175} INFO - Processing /home/airflow/.local/lib/python3.7/site-packages/airflow/example_dags/example_short_circuit_operator.py took 0.509 seconds
[2022-12-06T05:32:12.204+0000] {processor.py:153} INFO - Started process (PID=786) to work on /home/airflow/.local/lib/python3.7/site-packages/airflow/example_dags/example_short_circuit_operator.py
[2022-12-06T05:32:12.207+0000] {processor.py:743} INFO - Processing file /home/airflow/.local/lib/python3.7/site-packages/airflow/example_dags/example_short_circuit_operator.py for tasks to queue
[2022-12-06T05:32:12.214+0000] {logging_mixin.py:137} INFO - [2022-12-06T05:32:12.212+0000] {dagbag.py:538} INFO - Filling up the DagBag from /home/airflow/.local/lib/python3.7/site-packages/airflow/example_dags/example_short_circuit_operator.py
[2022-12-06T05:32:12.264+0000] {processor.py:753} INFO - DAG(s) dict_keys(['example_short_circuit_operator']) retrieved from /home/airflow/.local/lib/python3.7/site-packages/airflow/example_dags/example_short_circuit_operator.py
[2022-12-06T05:32:12.325+0000] {logging_mixin.py:137} INFO - [2022-12-06T05:32:12.325+0000] {dag.py:2676} INFO - Sync 1 DAGs
[2022-12-06T05:32:12.363+0000] {logging_mixin.py:137} INFO - [2022-12-06T05:32:12.363+0000] {dag.py:3427} INFO - Setting next_dagrun for example_short_circuit_operator to 2022-12-05T05:32:12.362838+00:00, run_after=2022-12-06T05:32:12.362838+00:00
[2022-12-06T05:32:12.397+0000] {processor.py:175} INFO - Processing /home/airflow/.local/lib/python3.7/site-packages/airflow/example_dags/example_short_circuit_operator.py took 0.203 seconds
[2022-12-06T05:47:25.249+0000] {processor.py:153} INFO - Started process (PID=60) to work on /home/airflow/.local/lib/python3.7/site-packages/airflow/example_dags/example_short_circuit_operator.py
[2022-12-06T05:47:25.251+0000] {processor.py:743} INFO - Processing file /home/airflow/.local/lib/python3.7/site-packages/airflow/example_dags/example_short_circuit_operator.py for tasks to queue
[2022-12-06T05:47:25.253+0000] {logging_mixin.py:137} INFO - [2022-12-06T05:47:25.253+0000] {dagbag.py:538} INFO - Filling up the DagBag from /home/airflow/.local/lib/python3.7/site-packages/airflow/example_dags/example_short_circuit_operator.py
[2022-12-06T05:47:25.282+0000] {processor.py:753} INFO - DAG(s) dict_keys(['example_short_circuit_operator']) retrieved from /home/airflow/.local/lib/python3.7/site-packages/airflow/example_dags/example_short_circuit_operator.py
[2022-12-06T05:47:25.350+0000] {logging_mixin.py:137} INFO - [2022-12-06T05:47:25.349+0000] {dag.py:2676} INFO - Sync 1 DAGs
[2022-12-06T05:47:25.441+0000] {logging_mixin.py:137} INFO - [2022-12-06T05:47:25.441+0000] {dag.py:3427} INFO - Setting next_dagrun for example_short_circuit_operator to 2022-12-05T05:47:25.441107+00:00, run_after=2022-12-06T05:47:25.441107+00:00
[2022-12-06T05:47:25.519+0000] {processor.py:175} INFO - Processing /home/airflow/.local/lib/python3.7/site-packages/airflow/example_dags/example_short_circuit_operator.py took 0.274 seconds
[2022-12-06T05:48:38.243+0000] {processor.py:153} INFO - Started process (PID=148) to work on /home/airflow/.local/lib/python3.7/site-packages/airflow/example_dags/example_short_circuit_operator.py
[2022-12-06T05:48:38.256+0000] {processor.py:743} INFO - Processing file /home/airflow/.local/lib/python3.7/site-packages/airflow/example_dags/example_short_circuit_operator.py for tasks to queue
[2022-12-06T05:48:38.265+0000] {logging_mixin.py:137} INFO - [2022-12-06T05:48:38.264+0000] {dagbag.py:538} INFO - Filling up the DagBag from /home/airflow/.local/lib/python3.7/site-packages/airflow/example_dags/example_short_circuit_operator.py
[2022-12-06T05:48:38.406+0000] {processor.py:753} INFO - DAG(s) dict_keys(['example_short_circuit_operator']) retrieved from /home/airflow/.local/lib/python3.7/site-packages/airflow/example_dags/example_short_circuit_operator.py
[2022-12-06T05:48:38.929+0000] {logging_mixin.py:137} INFO - [2022-12-06T05:48:38.929+0000] {dag.py:2676} INFO - Sync 1 DAGs
[2022-12-06T05:48:39.179+0000] {logging_mixin.py:137} INFO - [2022-12-06T05:48:39.179+0000] {dag.py:3427} INFO - Setting next_dagrun for example_short_circuit_operator to 2022-12-05T05:48:39.178313+00:00, run_after=2022-12-06T05:48:39.178313+00:00
[2022-12-06T05:48:39.294+0000] {processor.py:175} INFO - Processing /home/airflow/.local/lib/python3.7/site-packages/airflow/example_dags/example_short_circuit_operator.py took 1.072 seconds
[2022-12-06T05:49:21.153+0000] {processor.py:153} INFO - Started process (PID=222) to work on /home/airflow/.local/lib/python3.7/site-packages/airflow/example_dags/example_short_circuit_operator.py
[2022-12-06T05:49:21.165+0000] {processor.py:743} INFO - Processing file /home/airflow/.local/lib/python3.7/site-packages/airflow/example_dags/example_short_circuit_operator.py for tasks to queue
[2022-12-06T05:49:21.170+0000] {logging_mixin.py:137} INFO - [2022-12-06T05:49:21.169+0000] {dagbag.py:538} INFO - Filling up the DagBag from /home/airflow/.local/lib/python3.7/site-packages/airflow/example_dags/example_short_circuit_operator.py
[2022-12-06T05:49:21.257+0000] {processor.py:753} INFO - DAG(s) dict_keys(['example_short_circuit_operator']) retrieved from /home/airflow/.local/lib/python3.7/site-packages/airflow/example_dags/example_short_circuit_operator.py
[2022-12-06T05:49:21.393+0000] {logging_mixin.py:137} INFO - [2022-12-06T05:49:21.393+0000] {dag.py:2676} INFO - Sync 1 DAGs
[2022-12-06T05:49:21.469+0000] {logging_mixin.py:137} INFO - [2022-12-06T05:49:21.468+0000] {dag.py:3427} INFO - Setting next_dagrun for example_short_circuit_operator to 2022-12-05T05:49:21.466082+00:00, run_after=2022-12-06T05:49:21.466082+00:00
[2022-12-06T05:49:21.532+0000] {processor.py:175} INFO - Processing /home/airflow/.local/lib/python3.7/site-packages/airflow/example_dags/example_short_circuit_operator.py took 0.417 seconds
[2022-12-06T05:49:53.194+0000] {processor.py:153} INFO - Started process (PID=284) to work on /home/airflow/.local/lib/python3.7/site-packages/airflow/example_dags/example_short_circuit_operator.py
[2022-12-06T05:49:53.198+0000] {processor.py:743} INFO - Processing file /home/airflow/.local/lib/python3.7/site-packages/airflow/example_dags/example_short_circuit_operator.py for tasks to queue
[2022-12-06T05:49:53.201+0000] {logging_mixin.py:137} INFO - [2022-12-06T05:49:53.201+0000] {dagbag.py:538} INFO - Filling up the DagBag from /home/airflow/.local/lib/python3.7/site-packages/airflow/example_dags/example_short_circuit_operator.py
[2022-12-06T05:49:53.245+0000] {processor.py:753} INFO - DAG(s) dict_keys(['example_short_circuit_operator']) retrieved from /home/airflow/.local/lib/python3.7/site-packages/airflow/example_dags/example_short_circuit_operator.py
[2022-12-06T05:49:53.329+0000] {logging_mixin.py:137} INFO - [2022-12-06T05:49:53.329+0000] {dag.py:2676} INFO - Sync 1 DAGs
[2022-12-06T05:49:53.388+0000] {logging_mixin.py:137} INFO - [2022-12-06T05:49:53.387+0000] {dag.py:3427} INFO - Setting next_dagrun for example_short_circuit_operator to 2022-12-05T05:49:53.387216+00:00, run_after=2022-12-06T05:49:53.387216+00:00
[2022-12-06T05:49:53.434+0000] {processor.py:175} INFO - Processing /home/airflow/.local/lib/python3.7/site-packages/airflow/example_dags/example_short_circuit_operator.py took 0.249 seconds
[2022-12-06T05:50:32.440+0000] {processor.py:153} INFO - Started process (PID=358) to work on /home/airflow/.local/lib/python3.7/site-packages/airflow/example_dags/example_short_circuit_operator.py
[2022-12-06T05:50:32.446+0000] {processor.py:743} INFO - Processing file /home/airflow/.local/lib/python3.7/site-packages/airflow/example_dags/example_short_circuit_operator.py for tasks to queue
[2022-12-06T05:50:32.449+0000] {logging_mixin.py:137} INFO - [2022-12-06T05:50:32.449+0000] {dagbag.py:538} INFO - Filling up the DagBag from /home/airflow/.local/lib/python3.7/site-packages/airflow/example_dags/example_short_circuit_operator.py
[2022-12-06T05:50:32.486+0000] {processor.py:753} INFO - DAG(s) dict_keys(['example_short_circuit_operator']) retrieved from /home/airflow/.local/lib/python3.7/site-packages/airflow/example_dags/example_short_circuit_operator.py
[2022-12-06T05:50:32.568+0000] {logging_mixin.py:137} INFO - [2022-12-06T05:50:32.568+0000] {dag.py:2676} INFO - Sync 1 DAGs
[2022-12-06T05:50:32.620+0000] {logging_mixin.py:137} INFO - [2022-12-06T05:50:32.620+0000] {dag.py:3427} INFO - Setting next_dagrun for example_short_circuit_operator to 2022-12-05T05:50:32.619395+00:00, run_after=2022-12-06T05:50:32.619395+00:00
[2022-12-06T05:50:32.663+0000] {processor.py:175} INFO - Processing /home/airflow/.local/lib/python3.7/site-packages/airflow/example_dags/example_short_circuit_operator.py took 0.232 seconds
[2022-12-06T05:51:20.790+0000] {processor.py:153} INFO - Started process (PID=422) to work on /home/airflow/.local/lib/python3.7/site-packages/airflow/example_dags/example_short_circuit_operator.py
[2022-12-06T05:51:20.794+0000] {processor.py:743} INFO - Processing file /home/airflow/.local/lib/python3.7/site-packages/airflow/example_dags/example_short_circuit_operator.py for tasks to queue
[2022-12-06T05:51:20.802+0000] {logging_mixin.py:137} INFO - [2022-12-06T05:51:20.801+0000] {dagbag.py:538} INFO - Filling up the DagBag from /home/airflow/.local/lib/python3.7/site-packages/airflow/example_dags/example_short_circuit_operator.py
[2022-12-06T05:51:21.022+0000] {processor.py:753} INFO - DAG(s) dict_keys(['example_short_circuit_operator']) retrieved from /home/airflow/.local/lib/python3.7/site-packages/airflow/example_dags/example_short_circuit_operator.py
[2022-12-06T05:51:21.745+0000] {logging_mixin.py:137} INFO - [2022-12-06T05:51:21.745+0000] {dag.py:2676} INFO - Sync 1 DAGs
[2022-12-06T05:51:21.914+0000] {logging_mixin.py:137} INFO - [2022-12-06T05:51:21.913+0000] {dag.py:3427} INFO - Setting next_dagrun for example_short_circuit_operator to 2022-12-05T05:51:21.907847+00:00, run_after=2022-12-06T05:51:21.907847+00:00
[2022-12-06T05:51:21.976+0000] {processor.py:175} INFO - Processing /home/airflow/.local/lib/python3.7/site-packages/airflow/example_dags/example_short_circuit_operator.py took 1.203 seconds
[2022-12-06T05:52:12.292+0000] {processor.py:153} INFO - Started process (PID=494) to work on /home/airflow/.local/lib/python3.7/site-packages/airflow/example_dags/example_short_circuit_operator.py
[2022-12-06T05:52:12.307+0000] {processor.py:743} INFO - Processing file /home/airflow/.local/lib/python3.7/site-packages/airflow/example_dags/example_short_circuit_operator.py for tasks to queue
[2022-12-06T05:52:12.322+0000] {logging_mixin.py:137} INFO - [2022-12-06T05:52:12.321+0000] {dagbag.py:538} INFO - Filling up the DagBag from /home/airflow/.local/lib/python3.7/site-packages/airflow/example_dags/example_short_circuit_operator.py
[2022-12-06T05:52:12.374+0000] {processor.py:753} INFO - DAG(s) dict_keys(['example_short_circuit_operator']) retrieved from /home/airflow/.local/lib/python3.7/site-packages/airflow/example_dags/example_short_circuit_operator.py
[2022-12-06T05:52:12.482+0000] {logging_mixin.py:137} INFO - [2022-12-06T05:52:12.482+0000] {dag.py:2676} INFO - Sync 1 DAGs
[2022-12-06T05:52:12.608+0000] {logging_mixin.py:137} INFO - [2022-12-06T05:52:12.607+0000] {dag.py:3427} INFO - Setting next_dagrun for example_short_circuit_operator to 2022-12-05T05:52:12.606357+00:00, run_after=2022-12-06T05:52:12.606357+00:00
[2022-12-06T05:52:12.647+0000] {processor.py:175} INFO - Processing /home/airflow/.local/lib/python3.7/site-packages/airflow/example_dags/example_short_circuit_operator.py took 0.398 seconds
[2022-12-06T05:52:57.446+0000] {processor.py:153} INFO - Started process (PID=561) to work on /home/airflow/.local/lib/python3.7/site-packages/airflow/example_dags/example_short_circuit_operator.py
[2022-12-06T05:52:57.451+0000] {processor.py:743} INFO - Processing file /home/airflow/.local/lib/python3.7/site-packages/airflow/example_dags/example_short_circuit_operator.py for tasks to queue
[2022-12-06T05:52:57.454+0000] {logging_mixin.py:137} INFO - [2022-12-06T05:52:57.453+0000] {dagbag.py:538} INFO - Filling up the DagBag from /home/airflow/.local/lib/python3.7/site-packages/airflow/example_dags/example_short_circuit_operator.py
[2022-12-06T05:52:57.497+0000] {processor.py:753} INFO - DAG(s) dict_keys(['example_short_circuit_operator']) retrieved from /home/airflow/.local/lib/python3.7/site-packages/airflow/example_dags/example_short_circuit_operator.py
[2022-12-06T05:52:57.603+0000] {logging_mixin.py:137} INFO - [2022-12-06T05:52:57.602+0000] {dag.py:2676} INFO - Sync 1 DAGs
[2022-12-06T05:52:57.669+0000] {logging_mixin.py:137} INFO - [2022-12-06T05:52:57.668+0000] {dag.py:3427} INFO - Setting next_dagrun for example_short_circuit_operator to 2022-12-05T05:52:57.663628+00:00, run_after=2022-12-06T05:52:57.663628+00:00
[2022-12-06T05:52:57.715+0000] {processor.py:175} INFO - Processing /home/airflow/.local/lib/python3.7/site-packages/airflow/example_dags/example_short_circuit_operator.py took 0.279 seconds
[2022-12-06T05:53:38.820+0000] {processor.py:153} INFO - Started process (PID=639) to work on /home/airflow/.local/lib/python3.7/site-packages/airflow/example_dags/example_short_circuit_operator.py
[2022-12-06T05:53:38.823+0000] {processor.py:743} INFO - Processing file /home/airflow/.local/lib/python3.7/site-packages/airflow/example_dags/example_short_circuit_operator.py for tasks to queue
[2022-12-06T05:53:38.825+0000] {logging_mixin.py:137} INFO - [2022-12-06T05:53:38.824+0000] {dagbag.py:538} INFO - Filling up the DagBag from /home/airflow/.local/lib/python3.7/site-packages/airflow/example_dags/example_short_circuit_operator.py
[2022-12-06T05:53:38.907+0000] {processor.py:753} INFO - DAG(s) dict_keys(['example_short_circuit_operator']) retrieved from /home/airflow/.local/lib/python3.7/site-packages/airflow/example_dags/example_short_circuit_operator.py
[2022-12-06T05:53:39.164+0000] {logging_mixin.py:137} INFO - [2022-12-06T05:53:39.162+0000] {dag.py:2676} INFO - Sync 1 DAGs
[2022-12-06T05:53:39.265+0000] {logging_mixin.py:137} INFO - [2022-12-06T05:53:39.263+0000] {dag.py:3427} INFO - Setting next_dagrun for example_short_circuit_operator to 2022-12-05T05:53:39.256351+00:00, run_after=2022-12-06T05:53:39.256351+00:00
[2022-12-06T05:53:39.527+0000] {processor.py:175} INFO - Processing /home/airflow/.local/lib/python3.7/site-packages/airflow/example_dags/example_short_circuit_operator.py took 0.715 seconds
[2022-12-06T05:54:21.570+0000] {processor.py:153} INFO - Started process (PID=711) to work on /home/airflow/.local/lib/python3.7/site-packages/airflow/example_dags/example_short_circuit_operator.py
[2022-12-06T05:54:21.574+0000] {processor.py:743} INFO - Processing file /home/airflow/.local/lib/python3.7/site-packages/airflow/example_dags/example_short_circuit_operator.py for tasks to queue
[2022-12-06T05:54:21.578+0000] {logging_mixin.py:137} INFO - [2022-12-06T05:54:21.577+0000] {dagbag.py:538} INFO - Filling up the DagBag from /home/airflow/.local/lib/python3.7/site-packages/airflow/example_dags/example_short_circuit_operator.py
[2022-12-06T05:54:21.627+0000] {processor.py:753} INFO - DAG(s) dict_keys(['example_short_circuit_operator']) retrieved from /home/airflow/.local/lib/python3.7/site-packages/airflow/example_dags/example_short_circuit_operator.py
[2022-12-06T05:54:21.753+0000] {logging_mixin.py:137} INFO - [2022-12-06T05:54:21.753+0000] {dag.py:2676} INFO - Sync 1 DAGs
[2022-12-06T05:54:21.809+0000] {logging_mixin.py:137} INFO - [2022-12-06T05:54:21.809+0000] {dag.py:3427} INFO - Setting next_dagrun for example_short_circuit_operator to 2022-12-05T05:54:21.808942+00:00, run_after=2022-12-06T05:54:21.808942+00:00
[2022-12-06T05:54:21.911+0000] {processor.py:175} INFO - Processing /home/airflow/.local/lib/python3.7/site-packages/airflow/example_dags/example_short_circuit_operator.py took 0.349 seconds
[2022-12-06T05:54:53.283+0000] {processor.py:153} INFO - Started process (PID=790) to work on /home/airflow/.local/lib/python3.7/site-packages/airflow/example_dags/example_short_circuit_operator.py
[2022-12-06T05:54:53.287+0000] {processor.py:743} INFO - Processing file /home/airflow/.local/lib/python3.7/site-packages/airflow/example_dags/example_short_circuit_operator.py for tasks to queue
[2022-12-06T05:54:53.290+0000] {logging_mixin.py:137} INFO - [2022-12-06T05:54:53.290+0000] {dagbag.py:538} INFO - Filling up the DagBag from /home/airflow/.local/lib/python3.7/site-packages/airflow/example_dags/example_short_circuit_operator.py
[2022-12-06T05:54:53.369+0000] {processor.py:753} INFO - DAG(s) dict_keys(['example_short_circuit_operator']) retrieved from /home/airflow/.local/lib/python3.7/site-packages/airflow/example_dags/example_short_circuit_operator.py
[2022-12-06T05:54:53.470+0000] {logging_mixin.py:137} INFO - [2022-12-06T05:54:53.469+0000] {dag.py:2676} INFO - Sync 1 DAGs
[2022-12-06T05:54:53.523+0000] {logging_mixin.py:137} INFO - [2022-12-06T05:54:53.522+0000] {dag.py:3427} INFO - Setting next_dagrun for example_short_circuit_operator to 2022-12-05T05:54:53.522103+00:00, run_after=2022-12-06T05:54:53.522103+00:00
[2022-12-06T05:54:53.588+0000] {processor.py:175} INFO - Processing /home/airflow/.local/lib/python3.7/site-packages/airflow/example_dags/example_short_circuit_operator.py took 0.312 seconds
[2022-12-06T05:55:37.239+0000] {processor.py:153} INFO - Started process (PID=860) to work on /home/airflow/.local/lib/python3.7/site-packages/airflow/example_dags/example_short_circuit_operator.py
[2022-12-06T05:55:37.242+0000] {processor.py:743} INFO - Processing file /home/airflow/.local/lib/python3.7/site-packages/airflow/example_dags/example_short_circuit_operator.py for tasks to queue
[2022-12-06T05:55:37.244+0000] {logging_mixin.py:137} INFO - [2022-12-06T05:55:37.244+0000] {dagbag.py:538} INFO - Filling up the DagBag from /home/airflow/.local/lib/python3.7/site-packages/airflow/example_dags/example_short_circuit_operator.py
[2022-12-06T05:55:37.300+0000] {processor.py:753} INFO - DAG(s) dict_keys(['example_short_circuit_operator']) retrieved from /home/airflow/.local/lib/python3.7/site-packages/airflow/example_dags/example_short_circuit_operator.py
[2022-12-06T05:55:37.396+0000] {logging_mixin.py:137} INFO - [2022-12-06T05:55:37.396+0000] {dag.py:2676} INFO - Sync 1 DAGs
[2022-12-06T05:55:37.476+0000] {logging_mixin.py:137} INFO - [2022-12-06T05:55:37.476+0000] {dag.py:3427} INFO - Setting next_dagrun for example_short_circuit_operator to 2022-12-05T05:55:37.475516+00:00, run_after=2022-12-06T05:55:37.475516+00:00
[2022-12-06T05:55:37.523+0000] {processor.py:175} INFO - Processing /home/airflow/.local/lib/python3.7/site-packages/airflow/example_dags/example_short_circuit_operator.py took 0.289 seconds
[2022-12-06T05:56:29.568+0000] {processor.py:153} INFO - Started process (PID=932) to work on /home/airflow/.local/lib/python3.7/site-packages/airflow/example_dags/example_short_circuit_operator.py
[2022-12-06T05:56:29.570+0000] {processor.py:743} INFO - Processing file /home/airflow/.local/lib/python3.7/site-packages/airflow/example_dags/example_short_circuit_operator.py for tasks to queue
[2022-12-06T05:56:29.571+0000] {logging_mixin.py:137} INFO - [2022-12-06T05:56:29.571+0000] {dagbag.py:538} INFO - Filling up the DagBag from /home/airflow/.local/lib/python3.7/site-packages/airflow/example_dags/example_short_circuit_operator.py
[2022-12-06T05:56:29.597+0000] {processor.py:753} INFO - DAG(s) dict_keys(['example_short_circuit_operator']) retrieved from /home/airflow/.local/lib/python3.7/site-packages/airflow/example_dags/example_short_circuit_operator.py
[2022-12-06T05:56:29.663+0000] {logging_mixin.py:137} INFO - [2022-12-06T05:56:29.663+0000] {dag.py:2676} INFO - Sync 1 DAGs
[2022-12-06T05:56:29.706+0000] {logging_mixin.py:137} INFO - [2022-12-06T05:56:29.706+0000] {dag.py:3427} INFO - Setting next_dagrun for example_short_circuit_operator to 2022-12-05T05:56:29.706257+00:00, run_after=2022-12-06T05:56:29.706257+00:00
[2022-12-06T05:56:29.735+0000] {processor.py:175} INFO - Processing /home/airflow/.local/lib/python3.7/site-packages/airflow/example_dags/example_short_circuit_operator.py took 0.171 seconds
[2022-12-06T05:57:11.883+0000] {processor.py:153} INFO - Started process (PID=1001) to work on /home/airflow/.local/lib/python3.7/site-packages/airflow/example_dags/example_short_circuit_operator.py
[2022-12-06T05:57:11.890+0000] {processor.py:743} INFO - Processing file /home/airflow/.local/lib/python3.7/site-packages/airflow/example_dags/example_short_circuit_operator.py for tasks to queue
[2022-12-06T05:57:11.894+0000] {logging_mixin.py:137} INFO - [2022-12-06T05:57:11.894+0000] {dagbag.py:538} INFO - Filling up the DagBag from /home/airflow/.local/lib/python3.7/site-packages/airflow/example_dags/example_short_circuit_operator.py
[2022-12-06T05:57:12.074+0000] {processor.py:753} INFO - DAG(s) dict_keys(['example_short_circuit_operator']) retrieved from /home/airflow/.local/lib/python3.7/site-packages/airflow/example_dags/example_short_circuit_operator.py
[2022-12-06T05:57:12.346+0000] {logging_mixin.py:137} INFO - [2022-12-06T05:57:12.346+0000] {dag.py:2676} INFO - Sync 1 DAGs
[2022-12-06T05:57:12.411+0000] {logging_mixin.py:137} INFO - [2022-12-06T05:57:12.410+0000] {dag.py:3427} INFO - Setting next_dagrun for example_short_circuit_operator to 2022-12-05T05:57:12.410221+00:00, run_after=2022-12-06T05:57:12.410221+00:00
[2022-12-06T05:57:12.456+0000] {processor.py:175} INFO - Processing /home/airflow/.local/lib/python3.7/site-packages/airflow/example_dags/example_short_circuit_operator.py took 0.584 seconds
[2022-12-06T05:57:51.995+0000] {processor.py:153} INFO - Started process (PID=1080) to work on /home/airflow/.local/lib/python3.7/site-packages/airflow/example_dags/example_short_circuit_operator.py
[2022-12-06T05:57:51.998+0000] {processor.py:743} INFO - Processing file /home/airflow/.local/lib/python3.7/site-packages/airflow/example_dags/example_short_circuit_operator.py for tasks to queue
[2022-12-06T05:57:52.001+0000] {logging_mixin.py:137} INFO - [2022-12-06T05:57:52.001+0000] {dagbag.py:538} INFO - Filling up the DagBag from /home/airflow/.local/lib/python3.7/site-packages/airflow/example_dags/example_short_circuit_operator.py
[2022-12-06T05:57:52.054+0000] {processor.py:753} INFO - DAG(s) dict_keys(['example_short_circuit_operator']) retrieved from /home/airflow/.local/lib/python3.7/site-packages/airflow/example_dags/example_short_circuit_operator.py
[2022-12-06T05:57:52.151+0000] {logging_mixin.py:137} INFO - [2022-12-06T05:57:52.151+0000] {dag.py:2676} INFO - Sync 1 DAGs
[2022-12-06T05:57:52.198+0000] {logging_mixin.py:137} INFO - [2022-12-06T05:57:52.198+0000] {dag.py:3427} INFO - Setting next_dagrun for example_short_circuit_operator to 2022-12-05T05:57:52.197897+00:00, run_after=2022-12-06T05:57:52.197897+00:00
[2022-12-06T05:57:52.240+0000] {processor.py:175} INFO - Processing /home/airflow/.local/lib/python3.7/site-packages/airflow/example_dags/example_short_circuit_operator.py took 0.254 seconds
[2022-12-06T05:58:32.300+0000] {processor.py:153} INFO - Started process (PID=1154) to work on /home/airflow/.local/lib/python3.7/site-packages/airflow/example_dags/example_short_circuit_operator.py
[2022-12-06T05:58:32.304+0000] {processor.py:743} INFO - Processing file /home/airflow/.local/lib/python3.7/site-packages/airflow/example_dags/example_short_circuit_operator.py for tasks to queue
[2022-12-06T05:58:32.310+0000] {logging_mixin.py:137} INFO - [2022-12-06T05:58:32.309+0000] {dagbag.py:538} INFO - Filling up the DagBag from /home/airflow/.local/lib/python3.7/site-packages/airflow/example_dags/example_short_circuit_operator.py
[2022-12-06T05:58:32.367+0000] {processor.py:753} INFO - DAG(s) dict_keys(['example_short_circuit_operator']) retrieved from /home/airflow/.local/lib/python3.7/site-packages/airflow/example_dags/example_short_circuit_operator.py
[2022-12-06T05:58:32.480+0000] {logging_mixin.py:137} INFO - [2022-12-06T05:58:32.480+0000] {dag.py:2676} INFO - Sync 1 DAGs
[2022-12-06T05:58:32.539+0000] {logging_mixin.py:137} INFO - [2022-12-06T05:58:32.539+0000] {dag.py:3427} INFO - Setting next_dagrun for example_short_circuit_operator to 2022-12-05T05:58:32.538899+00:00, run_after=2022-12-06T05:58:32.538899+00:00
[2022-12-06T05:58:32.576+0000] {processor.py:175} INFO - Processing /home/airflow/.local/lib/python3.7/site-packages/airflow/example_dags/example_short_circuit_operator.py took 0.290 seconds
[2022-12-06T05:59:15.741+0000] {processor.py:153} INFO - Started process (PID=1238) to work on /home/airflow/.local/lib/python3.7/site-packages/airflow/example_dags/example_short_circuit_operator.py
[2022-12-06T05:59:15.745+0000] {processor.py:743} INFO - Processing file /home/airflow/.local/lib/python3.7/site-packages/airflow/example_dags/example_short_circuit_operator.py for tasks to queue
[2022-12-06T05:59:15.748+0000] {logging_mixin.py:137} INFO - [2022-12-06T05:59:15.747+0000] {dagbag.py:538} INFO - Filling up the DagBag from /home/airflow/.local/lib/python3.7/site-packages/airflow/example_dags/example_short_circuit_operator.py
[2022-12-06T05:59:15.806+0000] {processor.py:753} INFO - DAG(s) dict_keys(['example_short_circuit_operator']) retrieved from /home/airflow/.local/lib/python3.7/site-packages/airflow/example_dags/example_short_circuit_operator.py
[2022-12-06T05:59:15.914+0000] {logging_mixin.py:137} INFO - [2022-12-06T05:59:15.914+0000] {dag.py:2676} INFO - Sync 1 DAGs
[2022-12-06T05:59:15.981+0000] {logging_mixin.py:137} INFO - [2022-12-06T05:59:15.980+0000] {dag.py:3427} INFO - Setting next_dagrun for example_short_circuit_operator to 2022-12-05T05:59:15.980489+00:00, run_after=2022-12-06T05:59:15.980489+00:00
[2022-12-06T05:59:16.026+0000] {processor.py:175} INFO - Processing /home/airflow/.local/lib/python3.7/site-packages/airflow/example_dags/example_short_circuit_operator.py took 0.292 seconds
[2022-12-06T05:59:49.912+0000] {processor.py:153} INFO - Started process (PID=1300) to work on /home/airflow/.local/lib/python3.7/site-packages/airflow/example_dags/example_short_circuit_operator.py
[2022-12-06T05:59:49.915+0000] {processor.py:743} INFO - Processing file /home/airflow/.local/lib/python3.7/site-packages/airflow/example_dags/example_short_circuit_operator.py for tasks to queue
[2022-12-06T05:59:49.917+0000] {logging_mixin.py:137} INFO - [2022-12-06T05:59:49.917+0000] {dagbag.py:538} INFO - Filling up the DagBag from /home/airflow/.local/lib/python3.7/site-packages/airflow/example_dags/example_short_circuit_operator.py
[2022-12-06T05:59:49.975+0000] {processor.py:753} INFO - DAG(s) dict_keys(['example_short_circuit_operator']) retrieved from /home/airflow/.local/lib/python3.7/site-packages/airflow/example_dags/example_short_circuit_operator.py
[2022-12-06T05:59:52.098+0000] {logging_mixin.py:137} INFO - [2022-12-06T05:59:52.096+0000] {dag.py:2676} INFO - Sync 1 DAGs
[2022-12-06T05:59:52.416+0000] {logging_mixin.py:137} INFO - [2022-12-06T05:59:52.413+0000] {dag.py:3427} INFO - Setting next_dagrun for example_short_circuit_operator to 2022-12-05T05:59:52.409669+00:00, run_after=2022-12-06T05:59:52.409669+00:00
[2022-12-06T05:59:52.608+0000] {processor.py:175} INFO - Processing /home/airflow/.local/lib/python3.7/site-packages/airflow/example_dags/example_short_circuit_operator.py took 2.706 seconds
[2022-12-06T06:00:42.000+0000] {processor.py:153} INFO - Started process (PID=1384) to work on /home/airflow/.local/lib/python3.7/site-packages/airflow/example_dags/example_short_circuit_operator.py
[2022-12-06T06:00:42.016+0000] {processor.py:743} INFO - Processing file /home/airflow/.local/lib/python3.7/site-packages/airflow/example_dags/example_short_circuit_operator.py for tasks to queue
[2022-12-06T06:00:42.025+0000] {logging_mixin.py:137} INFO - [2022-12-06T06:00:42.024+0000] {dagbag.py:538} INFO - Filling up the DagBag from /home/airflow/.local/lib/python3.7/site-packages/airflow/example_dags/example_short_circuit_operator.py
[2022-12-06T06:00:42.294+0000] {processor.py:753} INFO - DAG(s) dict_keys(['example_short_circuit_operator']) retrieved from /home/airflow/.local/lib/python3.7/site-packages/airflow/example_dags/example_short_circuit_operator.py
[2022-12-06T06:00:42.554+0000] {logging_mixin.py:137} INFO - [2022-12-06T06:00:42.554+0000] {dag.py:2676} INFO - Sync 1 DAGs
[2022-12-06T06:00:42.615+0000] {logging_mixin.py:137} INFO - [2022-12-06T06:00:42.615+0000] {dag.py:3427} INFO - Setting next_dagrun for example_short_circuit_operator to 2022-12-05T06:00:42.614626+00:00, run_after=2022-12-06T06:00:42.614626+00:00
[2022-12-06T06:00:42.654+0000] {processor.py:175} INFO - Processing /home/airflow/.local/lib/python3.7/site-packages/airflow/example_dags/example_short_circuit_operator.py took 0.730 seconds
[2022-12-06T06:01:13.166+0000] {processor.py:153} INFO - Started process (PID=1458) to work on /home/airflow/.local/lib/python3.7/site-packages/airflow/example_dags/example_short_circuit_operator.py
[2022-12-06T06:01:13.168+0000] {processor.py:743} INFO - Processing file /home/airflow/.local/lib/python3.7/site-packages/airflow/example_dags/example_short_circuit_operator.py for tasks to queue
[2022-12-06T06:01:13.170+0000] {logging_mixin.py:137} INFO - [2022-12-06T06:01:13.170+0000] {dagbag.py:538} INFO - Filling up the DagBag from /home/airflow/.local/lib/python3.7/site-packages/airflow/example_dags/example_short_circuit_operator.py
[2022-12-06T06:01:13.196+0000] {processor.py:753} INFO - DAG(s) dict_keys(['example_short_circuit_operator']) retrieved from /home/airflow/.local/lib/python3.7/site-packages/airflow/example_dags/example_short_circuit_operator.py
[2022-12-06T06:01:13.261+0000] {logging_mixin.py:137} INFO - [2022-12-06T06:01:13.261+0000] {dag.py:2676} INFO - Sync 1 DAGs
[2022-12-06T06:01:13.306+0000] {logging_mixin.py:137} INFO - [2022-12-06T06:01:13.306+0000] {dag.py:3427} INFO - Setting next_dagrun for example_short_circuit_operator to 2022-12-05T06:01:13.305661+00:00, run_after=2022-12-06T06:01:13.305661+00:00
[2022-12-06T06:01:13.343+0000] {processor.py:175} INFO - Processing /home/airflow/.local/lib/python3.7/site-packages/airflow/example_dags/example_short_circuit_operator.py took 0.182 seconds
[2022-12-06T06:01:45.128+0000] {processor.py:153} INFO - Started process (PID=1525) to work on /home/airflow/.local/lib/python3.7/site-packages/airflow/example_dags/example_short_circuit_operator.py
[2022-12-06T06:01:45.131+0000] {processor.py:743} INFO - Processing file /home/airflow/.local/lib/python3.7/site-packages/airflow/example_dags/example_short_circuit_operator.py for tasks to queue
[2022-12-06T06:01:45.134+0000] {logging_mixin.py:137} INFO - [2022-12-06T06:01:45.133+0000] {dagbag.py:538} INFO - Filling up the DagBag from /home/airflow/.local/lib/python3.7/site-packages/airflow/example_dags/example_short_circuit_operator.py
[2022-12-06T06:01:45.173+0000] {processor.py:753} INFO - DAG(s) dict_keys(['example_short_circuit_operator']) retrieved from /home/airflow/.local/lib/python3.7/site-packages/airflow/example_dags/example_short_circuit_operator.py
[2022-12-06T06:01:45.251+0000] {logging_mixin.py:137} INFO - [2022-12-06T06:01:45.251+0000] {dag.py:2676} INFO - Sync 1 DAGs
[2022-12-06T06:01:45.304+0000] {logging_mixin.py:137} INFO - [2022-12-06T06:01:45.304+0000] {dag.py:3427} INFO - Setting next_dagrun for example_short_circuit_operator to 2022-12-05T06:01:45.304063+00:00, run_after=2022-12-06T06:01:45.304063+00:00
[2022-12-06T06:01:45.343+0000] {processor.py:175} INFO - Processing /home/airflow/.local/lib/python3.7/site-packages/airflow/example_dags/example_short_circuit_operator.py took 0.222 seconds
[2022-12-06T06:02:20.468+0000] {processor.py:153} INFO - Started process (PID=1600) to work on /home/airflow/.local/lib/python3.7/site-packages/airflow/example_dags/example_short_circuit_operator.py
[2022-12-06T06:02:20.470+0000] {processor.py:743} INFO - Processing file /home/airflow/.local/lib/python3.7/site-packages/airflow/example_dags/example_short_circuit_operator.py for tasks to queue
[2022-12-06T06:02:20.472+0000] {logging_mixin.py:137} INFO - [2022-12-06T06:02:20.472+0000] {dagbag.py:538} INFO - Filling up the DagBag from /home/airflow/.local/lib/python3.7/site-packages/airflow/example_dags/example_short_circuit_operator.py
[2022-12-06T06:02:20.519+0000] {processor.py:753} INFO - DAG(s) dict_keys(['example_short_circuit_operator']) retrieved from /home/airflow/.local/lib/python3.7/site-packages/airflow/example_dags/example_short_circuit_operator.py
[2022-12-06T06:02:20.675+0000] {logging_mixin.py:137} INFO - [2022-12-06T06:02:20.674+0000] {dag.py:2676} INFO - Sync 1 DAGs
[2022-12-06T06:02:20.789+0000] {logging_mixin.py:137} INFO - [2022-12-06T06:02:20.787+0000] {dag.py:3427} INFO - Setting next_dagrun for example_short_circuit_operator to 2022-12-05T06:02:20.784484+00:00, run_after=2022-12-06T06:02:20.784484+00:00
[2022-12-06T06:02:20.978+0000] {processor.py:175} INFO - Processing /home/airflow/.local/lib/python3.7/site-packages/airflow/example_dags/example_short_circuit_operator.py took 0.515 seconds
