[2022-12-06T05:24:30.244+0000] {processor.py:153} INFO - Started process (PID=59) to work on /home/airflow/.local/lib/python3.7/site-packages/airflow/example_dags/example_subdag_operator.py
[2022-12-06T05:24:30.245+0000] {processor.py:743} INFO - Processing file /home/airflow/.local/lib/python3.7/site-packages/airflow/example_dags/example_subdag_operator.py for tasks to queue
[2022-12-06T05:24:30.247+0000] {logging_mixin.py:137} INFO - [2022-12-06T05:24:30.247+0000] {dagbag.py:538} INFO - Filling up the DagBag from /home/airflow/.local/lib/python3.7/site-packages/airflow/example_dags/example_subdag_operator.py
[2022-12-06T05:24:30.315+0000] {processor.py:753} INFO - DAG(s) dict_keys(['example_subdag_operator.section-1', 'example_subdag_operator.section-2', 'example_subdag_operator']) retrieved from /home/airflow/.local/lib/python3.7/site-packages/airflow/example_dags/example_subdag_operator.py
[2022-12-06T05:24:30.367+0000] {logging_mixin.py:137} INFO - [2022-12-06T05:24:30.367+0000] {dag.py:2676} INFO - Sync 3 DAGs
[2022-12-06T05:24:30.406+0000] {logging_mixin.py:137} INFO - [2022-12-06T05:24:30.406+0000] {dag.py:3427} INFO - Setting next_dagrun for example_subdag_operator to 2022-01-01T00:00:00+00:00, run_after=2022-01-01T00:00:00+00:00
[2022-12-06T05:24:30.410+0000] {logging_mixin.py:137} INFO - [2022-12-06T05:24:30.410+0000] {dag.py:3427} INFO - Setting next_dagrun for example_subdag_operator.section-1 to None, run_after=None
[2022-12-06T05:24:30.412+0000] {logging_mixin.py:137} INFO - [2022-12-06T05:24:30.412+0000] {dag.py:3427} INFO - Setting next_dagrun for example_subdag_operator.section-2 to None, run_after=None
[2022-12-06T05:24:30.421+0000] {logging_mixin.py:137} INFO - [2022-12-06T05:24:30.421+0000] {dag.py:2676} INFO - Sync 2 DAGs
[2022-12-06T05:24:30.428+0000] {logging_mixin.py:137} INFO - [2022-12-06T05:24:30.428+0000] {dag.py:3427} INFO - Setting next_dagrun for example_subdag_operator.section-1 to None, run_after=None
[2022-12-06T05:24:30.429+0000] {logging_mixin.py:137} INFO - [2022-12-06T05:24:30.429+0000] {dag.py:3427} INFO - Setting next_dagrun for example_subdag_operator.section-2 to None, run_after=None
[2022-12-06T05:24:30.455+0000] {processor.py:175} INFO - Processing /home/airflow/.local/lib/python3.7/site-packages/airflow/example_dags/example_subdag_operator.py took 0.216 seconds
[2022-12-06T05:26:09.304+0000] {processor.py:153} INFO - Started process (PID=157) to work on /home/airflow/.local/lib/python3.7/site-packages/airflow/example_dags/example_subdag_operator.py
[2022-12-06T05:26:09.313+0000] {processor.py:743} INFO - Processing file /home/airflow/.local/lib/python3.7/site-packages/airflow/example_dags/example_subdag_operator.py for tasks to queue
[2022-12-06T05:26:09.324+0000] {logging_mixin.py:137} INFO - [2022-12-06T05:26:09.321+0000] {dagbag.py:538} INFO - Filling up the DagBag from /home/airflow/.local/lib/python3.7/site-packages/airflow/example_dags/example_subdag_operator.py
[2022-12-06T05:26:09.421+0000] {processor.py:753} INFO - DAG(s) dict_keys(['example_subdag_operator.section-1', 'example_subdag_operator.section-2', 'example_subdag_operator']) retrieved from /home/airflow/.local/lib/python3.7/site-packages/airflow/example_dags/example_subdag_operator.py
[2022-12-06T05:26:09.551+0000] {logging_mixin.py:137} INFO - [2022-12-06T05:26:09.551+0000] {dag.py:2676} INFO - Sync 3 DAGs
[2022-12-06T05:26:09.680+0000] {logging_mixin.py:137} INFO - [2022-12-06T05:26:09.679+0000] {dag.py:3427} INFO - Setting next_dagrun for example_subdag_operator to 2022-01-01T00:00:00+00:00, run_after=2022-01-01T00:00:00+00:00
[2022-12-06T05:26:09.702+0000] {logging_mixin.py:137} INFO - [2022-12-06T05:26:09.701+0000] {dag.py:3427} INFO - Setting next_dagrun for example_subdag_operator.section-1 to None, run_after=None
[2022-12-06T05:26:09.714+0000] {logging_mixin.py:137} INFO - [2022-12-06T05:26:09.714+0000] {dag.py:3427} INFO - Setting next_dagrun for example_subdag_operator.section-2 to None, run_after=None
[2022-12-06T05:26:09.747+0000] {logging_mixin.py:137} INFO - [2022-12-06T05:26:09.746+0000] {dag.py:2676} INFO - Sync 2 DAGs
[2022-12-06T05:26:09.773+0000] {logging_mixin.py:137} INFO - [2022-12-06T05:26:09.773+0000] {dag.py:3427} INFO - Setting next_dagrun for example_subdag_operator.section-1 to None, run_after=None
[2022-12-06T05:26:09.778+0000] {logging_mixin.py:137} INFO - [2022-12-06T05:26:09.777+0000] {dag.py:3427} INFO - Setting next_dagrun for example_subdag_operator.section-2 to None, run_after=None
[2022-12-06T05:26:09.831+0000] {processor.py:175} INFO - Processing /home/airflow/.local/lib/python3.7/site-packages/airflow/example_dags/example_subdag_operator.py took 0.533 seconds
[2022-12-06T05:27:05.991+0000] {processor.py:153} INFO - Started process (PID=255) to work on /home/airflow/.local/lib/python3.7/site-packages/airflow/example_dags/example_subdag_operator.py
[2022-12-06T05:27:05.994+0000] {processor.py:743} INFO - Processing file /home/airflow/.local/lib/python3.7/site-packages/airflow/example_dags/example_subdag_operator.py for tasks to queue
[2022-12-06T05:27:05.996+0000] {logging_mixin.py:137} INFO - [2022-12-06T05:27:05.996+0000] {dagbag.py:538} INFO - Filling up the DagBag from /home/airflow/.local/lib/python3.7/site-packages/airflow/example_dags/example_subdag_operator.py
[2022-12-06T05:27:06.097+0000] {processor.py:753} INFO - DAG(s) dict_keys(['example_subdag_operator.section-1', 'example_subdag_operator.section-2', 'example_subdag_operator']) retrieved from /home/airflow/.local/lib/python3.7/site-packages/airflow/example_dags/example_subdag_operator.py
[2022-12-06T05:27:06.183+0000] {logging_mixin.py:137} INFO - [2022-12-06T05:27:06.183+0000] {dag.py:2676} INFO - Sync 3 DAGs
[2022-12-06T05:27:06.237+0000] {logging_mixin.py:137} INFO - [2022-12-06T05:27:06.237+0000] {dag.py:3427} INFO - Setting next_dagrun for example_subdag_operator to 2022-01-01T00:00:00+00:00, run_after=2022-01-01T00:00:00+00:00
[2022-12-06T05:27:06.247+0000] {logging_mixin.py:137} INFO - [2022-12-06T05:27:06.246+0000] {dag.py:3427} INFO - Setting next_dagrun for example_subdag_operator.section-1 to None, run_after=None
[2022-12-06T05:27:06.256+0000] {logging_mixin.py:137} INFO - [2022-12-06T05:27:06.256+0000] {dag.py:3427} INFO - Setting next_dagrun for example_subdag_operator.section-2 to None, run_after=None
[2022-12-06T05:27:06.312+0000] {logging_mixin.py:137} INFO - [2022-12-06T05:27:06.311+0000] {dag.py:2676} INFO - Sync 2 DAGs
[2022-12-06T05:27:06.327+0000] {logging_mixin.py:137} INFO - [2022-12-06T05:27:06.327+0000] {dag.py:3427} INFO - Setting next_dagrun for example_subdag_operator.section-1 to None, run_after=None
[2022-12-06T05:27:06.329+0000] {logging_mixin.py:137} INFO - [2022-12-06T05:27:06.329+0000] {dag.py:3427} INFO - Setting next_dagrun for example_subdag_operator.section-2 to None, run_after=None
[2022-12-06T05:27:06.360+0000] {processor.py:175} INFO - Processing /home/airflow/.local/lib/python3.7/site-packages/airflow/example_dags/example_subdag_operator.py took 0.375 seconds
[2022-12-06T05:27:36.514+0000] {processor.py:153} INFO - Started process (PID=323) to work on /home/airflow/.local/lib/python3.7/site-packages/airflow/example_dags/example_subdag_operator.py
[2022-12-06T05:27:36.516+0000] {processor.py:743} INFO - Processing file /home/airflow/.local/lib/python3.7/site-packages/airflow/example_dags/example_subdag_operator.py for tasks to queue
[2022-12-06T05:27:36.518+0000] {logging_mixin.py:137} INFO - [2022-12-06T05:27:36.518+0000] {dagbag.py:538} INFO - Filling up the DagBag from /home/airflow/.local/lib/python3.7/site-packages/airflow/example_dags/example_subdag_operator.py
[2022-12-06T05:27:36.584+0000] {processor.py:753} INFO - DAG(s) dict_keys(['example_subdag_operator.section-1', 'example_subdag_operator.section-2', 'example_subdag_operator']) retrieved from /home/airflow/.local/lib/python3.7/site-packages/airflow/example_dags/example_subdag_operator.py
[2022-12-06T05:27:36.668+0000] {logging_mixin.py:137} INFO - [2022-12-06T05:27:36.668+0000] {dag.py:2676} INFO - Sync 3 DAGs
[2022-12-06T05:27:36.728+0000] {logging_mixin.py:137} INFO - [2022-12-06T05:27:36.727+0000] {dag.py:3427} INFO - Setting next_dagrun for example_subdag_operator to 2022-01-01T00:00:00+00:00, run_after=2022-01-01T00:00:00+00:00
[2022-12-06T05:27:36.736+0000] {logging_mixin.py:137} INFO - [2022-12-06T05:27:36.736+0000] {dag.py:3427} INFO - Setting next_dagrun for example_subdag_operator.section-1 to None, run_after=None
[2022-12-06T05:27:36.740+0000] {logging_mixin.py:137} INFO - [2022-12-06T05:27:36.740+0000] {dag.py:3427} INFO - Setting next_dagrun for example_subdag_operator.section-2 to None, run_after=None
[2022-12-06T05:27:36.758+0000] {logging_mixin.py:137} INFO - [2022-12-06T05:27:36.758+0000] {dag.py:2676} INFO - Sync 2 DAGs
[2022-12-06T05:27:36.769+0000] {logging_mixin.py:137} INFO - [2022-12-06T05:27:36.769+0000] {dag.py:3427} INFO - Setting next_dagrun for example_subdag_operator.section-1 to None, run_after=None
[2022-12-06T05:27:36.772+0000] {logging_mixin.py:137} INFO - [2022-12-06T05:27:36.771+0000] {dag.py:3427} INFO - Setting next_dagrun for example_subdag_operator.section-2 to None, run_after=None
[2022-12-06T05:27:36.801+0000] {processor.py:175} INFO - Processing /home/airflow/.local/lib/python3.7/site-packages/airflow/example_dags/example_subdag_operator.py took 0.294 seconds
[2022-12-06T05:28:06.916+0000] {processor.py:153} INFO - Started process (PID=385) to work on /home/airflow/.local/lib/python3.7/site-packages/airflow/example_dags/example_subdag_operator.py
[2022-12-06T05:28:06.919+0000] {processor.py:743} INFO - Processing file /home/airflow/.local/lib/python3.7/site-packages/airflow/example_dags/example_subdag_operator.py for tasks to queue
[2022-12-06T05:28:06.922+0000] {logging_mixin.py:137} INFO - [2022-12-06T05:28:06.922+0000] {dagbag.py:538} INFO - Filling up the DagBag from /home/airflow/.local/lib/python3.7/site-packages/airflow/example_dags/example_subdag_operator.py
[2022-12-06T05:28:06.998+0000] {processor.py:753} INFO - DAG(s) dict_keys(['example_subdag_operator.section-1', 'example_subdag_operator.section-2', 'example_subdag_operator']) retrieved from /home/airflow/.local/lib/python3.7/site-packages/airflow/example_dags/example_subdag_operator.py
[2022-12-06T05:28:07.075+0000] {logging_mixin.py:137} INFO - [2022-12-06T05:28:07.074+0000] {dag.py:2676} INFO - Sync 3 DAGs
[2022-12-06T05:28:07.145+0000] {logging_mixin.py:137} INFO - [2022-12-06T05:28:07.144+0000] {dag.py:3427} INFO - Setting next_dagrun for example_subdag_operator to 2022-01-01T00:00:00+00:00, run_after=2022-01-01T00:00:00+00:00
[2022-12-06T05:28:07.155+0000] {logging_mixin.py:137} INFO - [2022-12-06T05:28:07.155+0000] {dag.py:3427} INFO - Setting next_dagrun for example_subdag_operator.section-1 to None, run_after=None
[2022-12-06T05:28:07.160+0000] {logging_mixin.py:137} INFO - [2022-12-06T05:28:07.160+0000] {dag.py:3427} INFO - Setting next_dagrun for example_subdag_operator.section-2 to None, run_after=None
[2022-12-06T05:28:07.195+0000] {logging_mixin.py:137} INFO - [2022-12-06T05:28:07.195+0000] {dag.py:2676} INFO - Sync 2 DAGs
[2022-12-06T05:28:07.212+0000] {logging_mixin.py:137} INFO - [2022-12-06T05:28:07.212+0000] {dag.py:3427} INFO - Setting next_dagrun for example_subdag_operator.section-1 to None, run_after=None
[2022-12-06T05:28:07.215+0000] {logging_mixin.py:137} INFO - [2022-12-06T05:28:07.214+0000] {dag.py:3427} INFO - Setting next_dagrun for example_subdag_operator.section-2 to None, run_after=None
[2022-12-06T05:28:07.270+0000] {processor.py:175} INFO - Processing /home/airflow/.local/lib/python3.7/site-packages/airflow/example_dags/example_subdag_operator.py took 0.360 seconds
[2022-12-06T05:28:38.683+0000] {processor.py:153} INFO - Started process (PID=451) to work on /home/airflow/.local/lib/python3.7/site-packages/airflow/example_dags/example_subdag_operator.py
[2022-12-06T05:28:38.686+0000] {processor.py:743} INFO - Processing file /home/airflow/.local/lib/python3.7/site-packages/airflow/example_dags/example_subdag_operator.py for tasks to queue
[2022-12-06T05:28:38.688+0000] {logging_mixin.py:137} INFO - [2022-12-06T05:28:38.688+0000] {dagbag.py:538} INFO - Filling up the DagBag from /home/airflow/.local/lib/python3.7/site-packages/airflow/example_dags/example_subdag_operator.py
[2022-12-06T05:28:38.758+0000] {processor.py:753} INFO - DAG(s) dict_keys(['example_subdag_operator.section-1', 'example_subdag_operator.section-2', 'example_subdag_operator']) retrieved from /home/airflow/.local/lib/python3.7/site-packages/airflow/example_dags/example_subdag_operator.py
[2022-12-06T05:28:38.806+0000] {logging_mixin.py:137} INFO - [2022-12-06T05:28:38.806+0000] {dag.py:2676} INFO - Sync 3 DAGs
[2022-12-06T05:28:38.856+0000] {logging_mixin.py:137} INFO - [2022-12-06T05:28:38.856+0000] {dag.py:3427} INFO - Setting next_dagrun for example_subdag_operator to 2022-01-01T00:00:00+00:00, run_after=2022-01-01T00:00:00+00:00
[2022-12-06T05:28:38.862+0000] {logging_mixin.py:137} INFO - [2022-12-06T05:28:38.862+0000] {dag.py:3427} INFO - Setting next_dagrun for example_subdag_operator.section-1 to None, run_after=None
[2022-12-06T05:28:38.866+0000] {logging_mixin.py:137} INFO - [2022-12-06T05:28:38.865+0000] {dag.py:3427} INFO - Setting next_dagrun for example_subdag_operator.section-2 to None, run_after=None
[2022-12-06T05:28:38.881+0000] {logging_mixin.py:137} INFO - [2022-12-06T05:28:38.881+0000] {dag.py:2676} INFO - Sync 2 DAGs
[2022-12-06T05:28:38.895+0000] {logging_mixin.py:137} INFO - [2022-12-06T05:28:38.895+0000] {dag.py:3427} INFO - Setting next_dagrun for example_subdag_operator.section-1 to None, run_after=None
[2022-12-06T05:28:38.897+0000] {logging_mixin.py:137} INFO - [2022-12-06T05:28:38.897+0000] {dag.py:3427} INFO - Setting next_dagrun for example_subdag_operator.section-2 to None, run_after=None
[2022-12-06T05:28:38.930+0000] {processor.py:175} INFO - Processing /home/airflow/.local/lib/python3.7/site-packages/airflow/example_dags/example_subdag_operator.py took 0.253 seconds
[2022-12-06T05:29:10.597+0000] {processor.py:153} INFO - Started process (PID=519) to work on /home/airflow/.local/lib/python3.7/site-packages/airflow/example_dags/example_subdag_operator.py
[2022-12-06T05:29:10.600+0000] {processor.py:743} INFO - Processing file /home/airflow/.local/lib/python3.7/site-packages/airflow/example_dags/example_subdag_operator.py for tasks to queue
[2022-12-06T05:29:10.602+0000] {logging_mixin.py:137} INFO - [2022-12-06T05:29:10.601+0000] {dagbag.py:538} INFO - Filling up the DagBag from /home/airflow/.local/lib/python3.7/site-packages/airflow/example_dags/example_subdag_operator.py
[2022-12-06T05:29:10.666+0000] {processor.py:753} INFO - DAG(s) dict_keys(['example_subdag_operator.section-1', 'example_subdag_operator.section-2', 'example_subdag_operator']) retrieved from /home/airflow/.local/lib/python3.7/site-packages/airflow/example_dags/example_subdag_operator.py
[2022-12-06T05:29:10.730+0000] {logging_mixin.py:137} INFO - [2022-12-06T05:29:10.730+0000] {dag.py:2676} INFO - Sync 3 DAGs
[2022-12-06T05:29:10.772+0000] {logging_mixin.py:137} INFO - [2022-12-06T05:29:10.772+0000] {dag.py:3427} INFO - Setting next_dagrun for example_subdag_operator to 2022-01-01T00:00:00+00:00, run_after=2022-01-01T00:00:00+00:00
[2022-12-06T05:29:10.822+0000] {logging_mixin.py:137} INFO - [2022-12-06T05:29:10.822+0000] {dag.py:3427} INFO - Setting next_dagrun for example_subdag_operator.section-1 to None, run_after=None
[2022-12-06T05:29:10.827+0000] {logging_mixin.py:137} INFO - [2022-12-06T05:29:10.827+0000] {dag.py:3427} INFO - Setting next_dagrun for example_subdag_operator.section-2 to None, run_after=None
[2022-12-06T05:29:10.846+0000] {logging_mixin.py:137} INFO - [2022-12-06T05:29:10.846+0000] {dag.py:2676} INFO - Sync 2 DAGs
[2022-12-06T05:29:10.872+0000] {logging_mixin.py:137} INFO - [2022-12-06T05:29:10.872+0000] {dag.py:3427} INFO - Setting next_dagrun for example_subdag_operator.section-1 to None, run_after=None
[2022-12-06T05:29:10.875+0000] {logging_mixin.py:137} INFO - [2022-12-06T05:29:10.875+0000] {dag.py:3427} INFO - Setting next_dagrun for example_subdag_operator.section-2 to None, run_after=None
[2022-12-06T05:29:10.898+0000] {processor.py:175} INFO - Processing /home/airflow/.local/lib/python3.7/site-packages/airflow/example_dags/example_subdag_operator.py took 0.307 seconds
[2022-12-06T05:30:17.080+0000] {processor.py:153} INFO - Started process (PID=581) to work on /home/airflow/.local/lib/python3.7/site-packages/airflow/example_dags/example_subdag_operator.py
[2022-12-06T05:30:17.090+0000] {processor.py:743} INFO - Processing file /home/airflow/.local/lib/python3.7/site-packages/airflow/example_dags/example_subdag_operator.py for tasks to queue
[2022-12-06T05:30:17.101+0000] {logging_mixin.py:137} INFO - [2022-12-06T05:30:17.099+0000] {dagbag.py:538} INFO - Filling up the DagBag from /home/airflow/.local/lib/python3.7/site-packages/airflow/example_dags/example_subdag_operator.py
[2022-12-06T05:30:17.596+0000] {processor.py:753} INFO - DAG(s) dict_keys(['example_subdag_operator.section-1', 'example_subdag_operator.section-2', 'example_subdag_operator']) retrieved from /home/airflow/.local/lib/python3.7/site-packages/airflow/example_dags/example_subdag_operator.py
[2022-12-06T05:30:17.822+0000] {logging_mixin.py:137} INFO - [2022-12-06T05:30:17.821+0000] {dag.py:2676} INFO - Sync 3 DAGs
[2022-12-06T05:30:17.965+0000] {logging_mixin.py:137} INFO - [2022-12-06T05:30:17.964+0000] {dag.py:3427} INFO - Setting next_dagrun for example_subdag_operator to 2022-01-01T00:00:00+00:00, run_after=2022-01-01T00:00:00+00:00
[2022-12-06T05:30:17.972+0000] {logging_mixin.py:137} INFO - [2022-12-06T05:30:17.972+0000] {dag.py:3427} INFO - Setting next_dagrun for example_subdag_operator.section-1 to None, run_after=None
[2022-12-06T05:30:17.975+0000] {logging_mixin.py:137} INFO - [2022-12-06T05:30:17.975+0000] {dag.py:3427} INFO - Setting next_dagrun for example_subdag_operator.section-2 to None, run_after=None
[2022-12-06T05:30:17.992+0000] {logging_mixin.py:137} INFO - [2022-12-06T05:30:17.992+0000] {dag.py:2676} INFO - Sync 2 DAGs
[2022-12-06T05:30:18.004+0000] {logging_mixin.py:137} INFO - [2022-12-06T05:30:18.004+0000] {dag.py:3427} INFO - Setting next_dagrun for example_subdag_operator.section-1 to None, run_after=None
[2022-12-06T05:30:18.006+0000] {logging_mixin.py:137} INFO - [2022-12-06T05:30:18.006+0000] {dag.py:3427} INFO - Setting next_dagrun for example_subdag_operator.section-2 to None, run_after=None
[2022-12-06T05:30:18.036+0000] {processor.py:175} INFO - Processing /home/airflow/.local/lib/python3.7/site-packages/airflow/example_dags/example_subdag_operator.py took 1.009 seconds
[2022-12-06T05:31:02.053+0000] {processor.py:153} INFO - Started process (PID=662) to work on /home/airflow/.local/lib/python3.7/site-packages/airflow/example_dags/example_subdag_operator.py
[2022-12-06T05:31:02.056+0000] {processor.py:743} INFO - Processing file /home/airflow/.local/lib/python3.7/site-packages/airflow/example_dags/example_subdag_operator.py for tasks to queue
[2022-12-06T05:31:02.058+0000] {logging_mixin.py:137} INFO - [2022-12-06T05:31:02.058+0000] {dagbag.py:538} INFO - Filling up the DagBag from /home/airflow/.local/lib/python3.7/site-packages/airflow/example_dags/example_subdag_operator.py
[2022-12-06T05:31:02.219+0000] {processor.py:753} INFO - DAG(s) dict_keys(['example_subdag_operator.section-1', 'example_subdag_operator.section-2', 'example_subdag_operator']) retrieved from /home/airflow/.local/lib/python3.7/site-packages/airflow/example_dags/example_subdag_operator.py
[2022-12-06T05:31:02.583+0000] {logging_mixin.py:137} INFO - [2022-12-06T05:31:02.582+0000] {dag.py:2676} INFO - Sync 3 DAGs
[2022-12-06T05:31:02.864+0000] {logging_mixin.py:137} INFO - [2022-12-06T05:31:02.861+0000] {dag.py:3427} INFO - Setting next_dagrun for example_subdag_operator to 2022-01-01T00:00:00+00:00, run_after=2022-01-01T00:00:00+00:00
[2022-12-06T05:31:02.904+0000] {logging_mixin.py:137} INFO - [2022-12-06T05:31:02.901+0000] {dag.py:3427} INFO - Setting next_dagrun for example_subdag_operator.section-1 to None, run_after=None
[2022-12-06T05:31:02.928+0000] {logging_mixin.py:137} INFO - [2022-12-06T05:31:02.925+0000] {dag.py:3427} INFO - Setting next_dagrun for example_subdag_operator.section-2 to None, run_after=None
[2022-12-06T05:31:03.925+0000] {logging_mixin.py:137} INFO - [2022-12-06T05:31:03.923+0000] {dag.py:2676} INFO - Sync 2 DAGs
[2022-12-06T05:31:04.013+0000] {logging_mixin.py:137} INFO - [2022-12-06T05:31:04.013+0000] {dag.py:3427} INFO - Setting next_dagrun for example_subdag_operator.section-1 to None, run_after=None
[2022-12-06T05:31:04.021+0000] {logging_mixin.py:137} INFO - [2022-12-06T05:31:04.020+0000] {dag.py:3427} INFO - Setting next_dagrun for example_subdag_operator.section-2 to None, run_after=None
[2022-12-06T05:31:04.248+0000] {processor.py:175} INFO - Processing /home/airflow/.local/lib/python3.7/site-packages/airflow/example_dags/example_subdag_operator.py took 2.203 seconds
[2022-12-06T05:32:01.480+0000] {processor.py:153} INFO - Started process (PID=736) to work on /home/airflow/.local/lib/python3.7/site-packages/airflow/example_dags/example_subdag_operator.py
[2022-12-06T05:32:01.489+0000] {processor.py:743} INFO - Processing file /home/airflow/.local/lib/python3.7/site-packages/airflow/example_dags/example_subdag_operator.py for tasks to queue
[2022-12-06T05:32:01.501+0000] {logging_mixin.py:137} INFO - [2022-12-06T05:32:01.500+0000] {dagbag.py:538} INFO - Filling up the DagBag from /home/airflow/.local/lib/python3.7/site-packages/airflow/example_dags/example_subdag_operator.py
[2022-12-06T05:32:02.001+0000] {processor.py:753} INFO - DAG(s) dict_keys(['example_subdag_operator.section-1', 'example_subdag_operator.section-2', 'example_subdag_operator']) retrieved from /home/airflow/.local/lib/python3.7/site-packages/airflow/example_dags/example_subdag_operator.py
[2022-12-06T05:32:02.089+0000] {logging_mixin.py:137} INFO - [2022-12-06T05:32:02.089+0000] {dag.py:2676} INFO - Sync 3 DAGs
[2022-12-06T05:32:02.151+0000] {logging_mixin.py:137} INFO - [2022-12-06T05:32:02.150+0000] {dag.py:3427} INFO - Setting next_dagrun for example_subdag_operator to 2022-01-01T00:00:00+00:00, run_after=2022-01-01T00:00:00+00:00
[2022-12-06T05:32:02.157+0000] {logging_mixin.py:137} INFO - [2022-12-06T05:32:02.157+0000] {dag.py:3427} INFO - Setting next_dagrun for example_subdag_operator.section-1 to None, run_after=None
[2022-12-06T05:32:02.160+0000] {logging_mixin.py:137} INFO - [2022-12-06T05:32:02.160+0000] {dag.py:3427} INFO - Setting next_dagrun for example_subdag_operator.section-2 to None, run_after=None
[2022-12-06T05:32:02.177+0000] {logging_mixin.py:137} INFO - [2022-12-06T05:32:02.177+0000] {dag.py:2676} INFO - Sync 2 DAGs
[2022-12-06T05:32:02.193+0000] {logging_mixin.py:137} INFO - [2022-12-06T05:32:02.193+0000] {dag.py:3427} INFO - Setting next_dagrun for example_subdag_operator.section-1 to None, run_after=None
[2022-12-06T05:32:02.195+0000] {logging_mixin.py:137} INFO - [2022-12-06T05:32:02.195+0000] {dag.py:3427} INFO - Setting next_dagrun for example_subdag_operator.section-2 to None, run_after=None
[2022-12-06T05:32:02.222+0000] {processor.py:175} INFO - Processing /home/airflow/.local/lib/python3.7/site-packages/airflow/example_dags/example_subdag_operator.py took 0.799 seconds
[2022-12-06T05:32:42.970+0000] {processor.py:153} INFO - Started process (PID=803) to work on /home/airflow/.local/lib/python3.7/site-packages/airflow/example_dags/example_subdag_operator.py
[2022-12-06T05:32:42.978+0000] {processor.py:743} INFO - Processing file /home/airflow/.local/lib/python3.7/site-packages/airflow/example_dags/example_subdag_operator.py for tasks to queue
[2022-12-06T05:32:42.989+0000] {logging_mixin.py:137} INFO - [2022-12-06T05:32:42.987+0000] {dagbag.py:538} INFO - Filling up the DagBag from /home/airflow/.local/lib/python3.7/site-packages/airflow/example_dags/example_subdag_operator.py
[2022-12-06T05:32:46.525+0000] {logging_mixin.py:137} INFO - [2022-12-06T05:32:46.525+0000] {process_utils.py:256} INFO - Waiting up to 5 seconds for processes to exit...
[2022-12-06T05:47:25.582+0000] {processor.py:153} INFO - Started process (PID=61) to work on /home/airflow/.local/lib/python3.7/site-packages/airflow/example_dags/example_subdag_operator.py
[2022-12-06T05:47:25.584+0000] {processor.py:743} INFO - Processing file /home/airflow/.local/lib/python3.7/site-packages/airflow/example_dags/example_subdag_operator.py for tasks to queue
[2022-12-06T05:47:25.587+0000] {logging_mixin.py:137} INFO - [2022-12-06T05:47:25.587+0000] {dagbag.py:538} INFO - Filling up the DagBag from /home/airflow/.local/lib/python3.7/site-packages/airflow/example_dags/example_subdag_operator.py
[2022-12-06T05:47:25.903+0000] {processor.py:753} INFO - DAG(s) dict_keys(['example_subdag_operator.section-1', 'example_subdag_operator.section-2', 'example_subdag_operator']) retrieved from /home/airflow/.local/lib/python3.7/site-packages/airflow/example_dags/example_subdag_operator.py
[2022-12-06T05:47:26.062+0000] {logging_mixin.py:137} INFO - [2022-12-06T05:47:26.062+0000] {dag.py:2676} INFO - Sync 3 DAGs
[2022-12-06T05:47:26.193+0000] {logging_mixin.py:137} INFO - [2022-12-06T05:47:26.193+0000] {dag.py:3427} INFO - Setting next_dagrun for example_subdag_operator to 2022-01-01T00:00:00+00:00, run_after=2022-01-01T00:00:00+00:00
[2022-12-06T05:47:26.222+0000] {logging_mixin.py:137} INFO - [2022-12-06T05:47:26.221+0000] {dag.py:3427} INFO - Setting next_dagrun for example_subdag_operator.section-1 to None, run_after=None
[2022-12-06T05:47:26.228+0000] {logging_mixin.py:137} INFO - [2022-12-06T05:47:26.227+0000] {dag.py:3427} INFO - Setting next_dagrun for example_subdag_operator.section-2 to None, run_after=None
[2022-12-06T05:47:26.260+0000] {logging_mixin.py:137} INFO - [2022-12-06T05:47:26.260+0000] {dag.py:2676} INFO - Sync 2 DAGs
[2022-12-06T05:47:26.415+0000] {logging_mixin.py:137} INFO - [2022-12-06T05:47:26.414+0000] {dag.py:3427} INFO - Setting next_dagrun for example_subdag_operator.section-1 to None, run_after=None
[2022-12-06T05:47:26.417+0000] {logging_mixin.py:137} INFO - [2022-12-06T05:47:26.416+0000] {dag.py:3427} INFO - Setting next_dagrun for example_subdag_operator.section-2 to None, run_after=None
[2022-12-06T05:47:26.515+0000] {processor.py:175} INFO - Processing /home/airflow/.local/lib/python3.7/site-packages/airflow/example_dags/example_subdag_operator.py took 0.942 seconds
[2022-12-06T05:48:38.692+0000] {processor.py:153} INFO - Started process (PID=149) to work on /home/airflow/.local/lib/python3.7/site-packages/airflow/example_dags/example_subdag_operator.py
[2022-12-06T05:48:38.720+0000] {processor.py:743} INFO - Processing file /home/airflow/.local/lib/python3.7/site-packages/airflow/example_dags/example_subdag_operator.py for tasks to queue
[2022-12-06T05:48:38.733+0000] {logging_mixin.py:137} INFO - [2022-12-06T05:48:38.733+0000] {dagbag.py:538} INFO - Filling up the DagBag from /home/airflow/.local/lib/python3.7/site-packages/airflow/example_dags/example_subdag_operator.py
[2022-12-06T05:48:39.055+0000] {processor.py:753} INFO - DAG(s) dict_keys(['example_subdag_operator.section-1', 'example_subdag_operator.section-2', 'example_subdag_operator']) retrieved from /home/airflow/.local/lib/python3.7/site-packages/airflow/example_dags/example_subdag_operator.py
[2022-12-06T05:48:39.219+0000] {logging_mixin.py:137} INFO - [2022-12-06T05:48:39.218+0000] {dag.py:2676} INFO - Sync 3 DAGs
[2022-12-06T05:48:39.371+0000] {logging_mixin.py:137} INFO - [2022-12-06T05:48:39.370+0000] {dag.py:3427} INFO - Setting next_dagrun for example_subdag_operator to 2022-01-01T00:00:00+00:00, run_after=2022-01-01T00:00:00+00:00
[2022-12-06T05:48:39.385+0000] {logging_mixin.py:137} INFO - [2022-12-06T05:48:39.384+0000] {dag.py:3427} INFO - Setting next_dagrun for example_subdag_operator.section-1 to None, run_after=None
[2022-12-06T05:48:39.393+0000] {logging_mixin.py:137} INFO - [2022-12-06T05:48:39.392+0000] {dag.py:3427} INFO - Setting next_dagrun for example_subdag_operator.section-2 to None, run_after=None
[2022-12-06T05:48:39.425+0000] {logging_mixin.py:137} INFO - [2022-12-06T05:48:39.424+0000] {dag.py:2676} INFO - Sync 2 DAGs
[2022-12-06T05:48:39.441+0000] {logging_mixin.py:137} INFO - [2022-12-06T05:48:39.441+0000] {dag.py:3427} INFO - Setting next_dagrun for example_subdag_operator.section-1 to None, run_after=None
[2022-12-06T05:48:39.444+0000] {logging_mixin.py:137} INFO - [2022-12-06T05:48:39.444+0000] {dag.py:3427} INFO - Setting next_dagrun for example_subdag_operator.section-2 to None, run_after=None
[2022-12-06T05:48:39.485+0000] {processor.py:175} INFO - Processing /home/airflow/.local/lib/python3.7/site-packages/airflow/example_dags/example_subdag_operator.py took 0.868 seconds
[2022-12-06T05:49:21.469+0000] {processor.py:153} INFO - Started process (PID=223) to work on /home/airflow/.local/lib/python3.7/site-packages/airflow/example_dags/example_subdag_operator.py
[2022-12-06T05:49:21.473+0000] {processor.py:743} INFO - Processing file /home/airflow/.local/lib/python3.7/site-packages/airflow/example_dags/example_subdag_operator.py for tasks to queue
[2022-12-06T05:49:21.476+0000] {logging_mixin.py:137} INFO - [2022-12-06T05:49:21.476+0000] {dagbag.py:538} INFO - Filling up the DagBag from /home/airflow/.local/lib/python3.7/site-packages/airflow/example_dags/example_subdag_operator.py
[2022-12-06T05:49:21.568+0000] {processor.py:753} INFO - DAG(s) dict_keys(['example_subdag_operator.section-1', 'example_subdag_operator.section-2', 'example_subdag_operator']) retrieved from /home/airflow/.local/lib/python3.7/site-packages/airflow/example_dags/example_subdag_operator.py
[2022-12-06T05:49:21.687+0000] {logging_mixin.py:137} INFO - [2022-12-06T05:49:21.686+0000] {dag.py:2676} INFO - Sync 3 DAGs
[2022-12-06T05:49:21.798+0000] {logging_mixin.py:137} INFO - [2022-12-06T05:49:21.798+0000] {dag.py:3427} INFO - Setting next_dagrun for example_subdag_operator to 2022-01-01T00:00:00+00:00, run_after=2022-01-01T00:00:00+00:00
[2022-12-06T05:49:21.809+0000] {logging_mixin.py:137} INFO - [2022-12-06T05:49:21.809+0000] {dag.py:3427} INFO - Setting next_dagrun for example_subdag_operator.section-1 to None, run_after=None
[2022-12-06T05:49:21.817+0000] {logging_mixin.py:137} INFO - [2022-12-06T05:49:21.817+0000] {dag.py:3427} INFO - Setting next_dagrun for example_subdag_operator.section-2 to None, run_after=None
[2022-12-06T05:49:21.868+0000] {logging_mixin.py:137} INFO - [2022-12-06T05:49:21.867+0000] {dag.py:2676} INFO - Sync 2 DAGs
[2022-12-06T05:49:21.992+0000] {logging_mixin.py:137} INFO - [2022-12-06T05:49:21.992+0000] {dag.py:3427} INFO - Setting next_dagrun for example_subdag_operator.section-1 to None, run_after=None
[2022-12-06T05:49:22.033+0000] {logging_mixin.py:137} INFO - [2022-12-06T05:49:22.032+0000] {dag.py:3427} INFO - Setting next_dagrun for example_subdag_operator.section-2 to None, run_after=None
[2022-12-06T05:49:22.106+0000] {processor.py:175} INFO - Processing /home/airflow/.local/lib/python3.7/site-packages/airflow/example_dags/example_subdag_operator.py took 0.644 seconds
[2022-12-06T05:49:54.694+0000] {processor.py:153} INFO - Started process (PID=292) to work on /home/airflow/.local/lib/python3.7/site-packages/airflow/example_dags/example_subdag_operator.py
[2022-12-06T05:49:54.697+0000] {processor.py:743} INFO - Processing file /home/airflow/.local/lib/python3.7/site-packages/airflow/example_dags/example_subdag_operator.py for tasks to queue
[2022-12-06T05:49:54.701+0000] {logging_mixin.py:137} INFO - [2022-12-06T05:49:54.701+0000] {dagbag.py:538} INFO - Filling up the DagBag from /home/airflow/.local/lib/python3.7/site-packages/airflow/example_dags/example_subdag_operator.py
[2022-12-06T05:49:54.824+0000] {processor.py:753} INFO - DAG(s) dict_keys(['example_subdag_operator.section-1', 'example_subdag_operator.section-2', 'example_subdag_operator']) retrieved from /home/airflow/.local/lib/python3.7/site-packages/airflow/example_dags/example_subdag_operator.py
[2022-12-06T05:49:54.904+0000] {logging_mixin.py:137} INFO - [2022-12-06T05:49:54.904+0000] {dag.py:2676} INFO - Sync 3 DAGs
[2022-12-06T05:49:54.989+0000] {logging_mixin.py:137} INFO - [2022-12-06T05:49:54.989+0000] {dag.py:3427} INFO - Setting next_dagrun for example_subdag_operator to 2022-01-01T00:00:00+00:00, run_after=2022-01-01T00:00:00+00:00
[2022-12-06T05:49:54.999+0000] {logging_mixin.py:137} INFO - [2022-12-06T05:49:54.999+0000] {dag.py:3427} INFO - Setting next_dagrun for example_subdag_operator.section-1 to None, run_after=None
[2022-12-06T05:49:55.003+0000] {logging_mixin.py:137} INFO - [2022-12-06T05:49:55.003+0000] {dag.py:3427} INFO - Setting next_dagrun for example_subdag_operator.section-2 to None, run_after=None
[2022-12-06T05:49:55.029+0000] {logging_mixin.py:137} INFO - [2022-12-06T05:49:55.029+0000] {dag.py:2676} INFO - Sync 2 DAGs
[2022-12-06T05:49:55.041+0000] {logging_mixin.py:137} INFO - [2022-12-06T05:49:55.041+0000] {dag.py:3427} INFO - Setting next_dagrun for example_subdag_operator.section-1 to None, run_after=None
[2022-12-06T05:49:55.043+0000] {logging_mixin.py:137} INFO - [2022-12-06T05:49:55.043+0000] {dag.py:3427} INFO - Setting next_dagrun for example_subdag_operator.section-2 to None, run_after=None
[2022-12-06T05:49:55.079+0000] {processor.py:175} INFO - Processing /home/airflow/.local/lib/python3.7/site-packages/airflow/example_dags/example_subdag_operator.py took 0.394 seconds
[2022-12-06T05:50:32.739+0000] {processor.py:153} INFO - Started process (PID=359) to work on /home/airflow/.local/lib/python3.7/site-packages/airflow/example_dags/example_subdag_operator.py
[2022-12-06T05:50:32.743+0000] {processor.py:743} INFO - Processing file /home/airflow/.local/lib/python3.7/site-packages/airflow/example_dags/example_subdag_operator.py for tasks to queue
[2022-12-06T05:50:32.751+0000] {logging_mixin.py:137} INFO - [2022-12-06T05:50:32.750+0000] {dagbag.py:538} INFO - Filling up the DagBag from /home/airflow/.local/lib/python3.7/site-packages/airflow/example_dags/example_subdag_operator.py
[2022-12-06T05:50:32.882+0000] {processor.py:753} INFO - DAG(s) dict_keys(['example_subdag_operator.section-1', 'example_subdag_operator.section-2', 'example_subdag_operator']) retrieved from /home/airflow/.local/lib/python3.7/site-packages/airflow/example_dags/example_subdag_operator.py
[2022-12-06T05:50:33.051+0000] {logging_mixin.py:137} INFO - [2022-12-06T05:50:33.050+0000] {dag.py:2676} INFO - Sync 3 DAGs
[2022-12-06T05:50:33.120+0000] {logging_mixin.py:137} INFO - [2022-12-06T05:50:33.119+0000] {dag.py:3427} INFO - Setting next_dagrun for example_subdag_operator to 2022-01-01T00:00:00+00:00, run_after=2022-01-01T00:00:00+00:00
[2022-12-06T05:50:33.138+0000] {logging_mixin.py:137} INFO - [2022-12-06T05:50:33.138+0000] {dag.py:3427} INFO - Setting next_dagrun for example_subdag_operator.section-1 to None, run_after=None
[2022-12-06T05:50:33.144+0000] {logging_mixin.py:137} INFO - [2022-12-06T05:50:33.144+0000] {dag.py:3427} INFO - Setting next_dagrun for example_subdag_operator.section-2 to None, run_after=None
[2022-12-06T05:50:33.168+0000] {logging_mixin.py:137} INFO - [2022-12-06T05:50:33.168+0000] {dag.py:2676} INFO - Sync 2 DAGs
[2022-12-06T05:50:33.191+0000] {logging_mixin.py:137} INFO - [2022-12-06T05:50:33.191+0000] {dag.py:3427} INFO - Setting next_dagrun for example_subdag_operator.section-1 to None, run_after=None
[2022-12-06T05:50:33.194+0000] {logging_mixin.py:137} INFO - [2022-12-06T05:50:33.194+0000] {dag.py:3427} INFO - Setting next_dagrun for example_subdag_operator.section-2 to None, run_after=None
[2022-12-06T05:50:33.225+0000] {processor.py:175} INFO - Processing /home/airflow/.local/lib/python3.7/site-packages/airflow/example_dags/example_subdag_operator.py took 0.497 seconds
[2022-12-06T05:51:22.966+0000] {processor.py:153} INFO - Started process (PID=432) to work on /home/airflow/.local/lib/python3.7/site-packages/airflow/example_dags/example_subdag_operator.py
[2022-12-06T05:51:22.969+0000] {processor.py:743} INFO - Processing file /home/airflow/.local/lib/python3.7/site-packages/airflow/example_dags/example_subdag_operator.py for tasks to queue
[2022-12-06T05:51:22.971+0000] {logging_mixin.py:137} INFO - [2022-12-06T05:51:22.970+0000] {dagbag.py:538} INFO - Filling up the DagBag from /home/airflow/.local/lib/python3.7/site-packages/airflow/example_dags/example_subdag_operator.py
[2022-12-06T05:51:23.038+0000] {processor.py:753} INFO - DAG(s) dict_keys(['example_subdag_operator.section-1', 'example_subdag_operator.section-2', 'example_subdag_operator']) retrieved from /home/airflow/.local/lib/python3.7/site-packages/airflow/example_dags/example_subdag_operator.py
[2022-12-06T05:51:23.134+0000] {logging_mixin.py:137} INFO - [2022-12-06T05:51:23.133+0000] {dag.py:2676} INFO - Sync 3 DAGs
[2022-12-06T05:51:23.211+0000] {logging_mixin.py:137} INFO - [2022-12-06T05:51:23.211+0000] {dag.py:3427} INFO - Setting next_dagrun for example_subdag_operator to 2022-01-01T00:00:00+00:00, run_after=2022-01-01T00:00:00+00:00
[2022-12-06T05:51:23.221+0000] {logging_mixin.py:137} INFO - [2022-12-06T05:51:23.221+0000] {dag.py:3427} INFO - Setting next_dagrun for example_subdag_operator.section-1 to None, run_after=None
[2022-12-06T05:51:23.225+0000] {logging_mixin.py:137} INFO - [2022-12-06T05:51:23.225+0000] {dag.py:3427} INFO - Setting next_dagrun for example_subdag_operator.section-2 to None, run_after=None
[2022-12-06T05:51:23.250+0000] {logging_mixin.py:137} INFO - [2022-12-06T05:51:23.250+0000] {dag.py:2676} INFO - Sync 2 DAGs
[2022-12-06T05:51:23.287+0000] {logging_mixin.py:137} INFO - [2022-12-06T05:51:23.287+0000] {dag.py:3427} INFO - Setting next_dagrun for example_subdag_operator.section-1 to None, run_after=None
[2022-12-06T05:51:23.290+0000] {logging_mixin.py:137} INFO - [2022-12-06T05:51:23.290+0000] {dag.py:3427} INFO - Setting next_dagrun for example_subdag_operator.section-2 to None, run_after=None
[2022-12-06T05:51:23.322+0000] {processor.py:175} INFO - Processing /home/airflow/.local/lib/python3.7/site-packages/airflow/example_dags/example_subdag_operator.py took 0.360 seconds
[2022-12-06T05:52:12.347+0000] {processor.py:153} INFO - Started process (PID=495) to work on /home/airflow/.local/lib/python3.7/site-packages/airflow/example_dags/example_subdag_operator.py
[2022-12-06T05:52:12.355+0000] {processor.py:743} INFO - Processing file /home/airflow/.local/lib/python3.7/site-packages/airflow/example_dags/example_subdag_operator.py for tasks to queue
[2022-12-06T05:52:12.360+0000] {logging_mixin.py:137} INFO - [2022-12-06T05:52:12.359+0000] {dagbag.py:538} INFO - Filling up the DagBag from /home/airflow/.local/lib/python3.7/site-packages/airflow/example_dags/example_subdag_operator.py
[2022-12-06T05:52:12.509+0000] {processor.py:753} INFO - DAG(s) dict_keys(['example_subdag_operator.section-1', 'example_subdag_operator.section-2', 'example_subdag_operator']) retrieved from /home/airflow/.local/lib/python3.7/site-packages/airflow/example_dags/example_subdag_operator.py
[2022-12-06T05:52:12.594+0000] {logging_mixin.py:137} INFO - [2022-12-06T05:52:12.594+0000] {dag.py:2676} INFO - Sync 3 DAGs
[2022-12-06T05:52:12.678+0000] {logging_mixin.py:137} INFO - [2022-12-06T05:52:12.677+0000] {dag.py:3427} INFO - Setting next_dagrun for example_subdag_operator to 2022-01-01T00:00:00+00:00, run_after=2022-01-01T00:00:00+00:00
[2022-12-06T05:52:12.700+0000] {logging_mixin.py:137} INFO - [2022-12-06T05:52:12.699+0000] {dag.py:3427} INFO - Setting next_dagrun for example_subdag_operator.section-1 to None, run_after=None
[2022-12-06T05:52:12.712+0000] {logging_mixin.py:137} INFO - [2022-12-06T05:52:12.711+0000] {dag.py:3427} INFO - Setting next_dagrun for example_subdag_operator.section-2 to None, run_after=None
[2022-12-06T05:52:12.765+0000] {logging_mixin.py:137} INFO - [2022-12-06T05:52:12.765+0000] {dag.py:2676} INFO - Sync 2 DAGs
[2022-12-06T05:52:12.792+0000] {logging_mixin.py:137} INFO - [2022-12-06T05:52:12.792+0000] {dag.py:3427} INFO - Setting next_dagrun for example_subdag_operator.section-1 to None, run_after=None
[2022-12-06T05:52:12.801+0000] {logging_mixin.py:137} INFO - [2022-12-06T05:52:12.797+0000] {dag.py:3427} INFO - Setting next_dagrun for example_subdag_operator.section-2 to None, run_after=None
[2022-12-06T05:52:12.846+0000] {processor.py:175} INFO - Processing /home/airflow/.local/lib/python3.7/site-packages/airflow/example_dags/example_subdag_operator.py took 0.553 seconds
[2022-12-06T05:52:57.789+0000] {processor.py:153} INFO - Started process (PID=562) to work on /home/airflow/.local/lib/python3.7/site-packages/airflow/example_dags/example_subdag_operator.py
[2022-12-06T05:52:57.791+0000] {processor.py:743} INFO - Processing file /home/airflow/.local/lib/python3.7/site-packages/airflow/example_dags/example_subdag_operator.py for tasks to queue
[2022-12-06T05:52:57.796+0000] {logging_mixin.py:137} INFO - [2022-12-06T05:52:57.796+0000] {dagbag.py:538} INFO - Filling up the DagBag from /home/airflow/.local/lib/python3.7/site-packages/airflow/example_dags/example_subdag_operator.py
[2022-12-06T05:52:57.883+0000] {processor.py:753} INFO - DAG(s) dict_keys(['example_subdag_operator.section-1', 'example_subdag_operator.section-2', 'example_subdag_operator']) retrieved from /home/airflow/.local/lib/python3.7/site-packages/airflow/example_dags/example_subdag_operator.py
[2022-12-06T05:52:57.956+0000] {logging_mixin.py:137} INFO - [2022-12-06T05:52:57.955+0000] {dag.py:2676} INFO - Sync 3 DAGs
[2022-12-06T05:52:58.004+0000] {logging_mixin.py:137} INFO - [2022-12-06T05:52:58.004+0000] {dag.py:3427} INFO - Setting next_dagrun for example_subdag_operator to 2022-01-01T00:00:00+00:00, run_after=2022-01-01T00:00:00+00:00
[2022-12-06T05:52:58.014+0000] {logging_mixin.py:137} INFO - [2022-12-06T05:52:58.014+0000] {dag.py:3427} INFO - Setting next_dagrun for example_subdag_operator.section-1 to None, run_after=None
[2022-12-06T05:52:58.018+0000] {logging_mixin.py:137} INFO - [2022-12-06T05:52:58.018+0000] {dag.py:3427} INFO - Setting next_dagrun for example_subdag_operator.section-2 to None, run_after=None
[2022-12-06T05:52:58.036+0000] {logging_mixin.py:137} INFO - [2022-12-06T05:52:58.035+0000] {dag.py:2676} INFO - Sync 2 DAGs
[2022-12-06T05:52:58.049+0000] {logging_mixin.py:137} INFO - [2022-12-06T05:52:58.048+0000] {dag.py:3427} INFO - Setting next_dagrun for example_subdag_operator.section-1 to None, run_after=None
[2022-12-06T05:52:58.050+0000] {logging_mixin.py:137} INFO - [2022-12-06T05:52:58.050+0000] {dag.py:3427} INFO - Setting next_dagrun for example_subdag_operator.section-2 to None, run_after=None
[2022-12-06T05:52:58.080+0000] {processor.py:175} INFO - Processing /home/airflow/.local/lib/python3.7/site-packages/airflow/example_dags/example_subdag_operator.py took 0.299 seconds
[2022-12-06T05:53:39.687+0000] {processor.py:153} INFO - Started process (PID=640) to work on /home/airflow/.local/lib/python3.7/site-packages/airflow/example_dags/example_subdag_operator.py
[2022-12-06T05:53:39.694+0000] {processor.py:743} INFO - Processing file /home/airflow/.local/lib/python3.7/site-packages/airflow/example_dags/example_subdag_operator.py for tasks to queue
[2022-12-06T05:53:39.702+0000] {logging_mixin.py:137} INFO - [2022-12-06T05:53:39.701+0000] {dagbag.py:538} INFO - Filling up the DagBag from /home/airflow/.local/lib/python3.7/site-packages/airflow/example_dags/example_subdag_operator.py
[2022-12-06T05:53:40.144+0000] {processor.py:753} INFO - DAG(s) dict_keys(['example_subdag_operator.section-1', 'example_subdag_operator.section-2', 'example_subdag_operator']) retrieved from /home/airflow/.local/lib/python3.7/site-packages/airflow/example_dags/example_subdag_operator.py
[2022-12-06T05:53:40.456+0000] {logging_mixin.py:137} INFO - [2022-12-06T05:53:40.456+0000] {dag.py:2676} INFO - Sync 3 DAGs
[2022-12-06T05:53:40.811+0000] {logging_mixin.py:137} INFO - [2022-12-06T05:53:40.809+0000] {dag.py:3427} INFO - Setting next_dagrun for example_subdag_operator to 2022-01-01T00:00:00+00:00, run_after=2022-01-01T00:00:00+00:00
[2022-12-06T05:53:40.839+0000] {logging_mixin.py:137} INFO - [2022-12-06T05:53:40.839+0000] {dag.py:3427} INFO - Setting next_dagrun for example_subdag_operator.section-1 to None, run_after=None
[2022-12-06T05:53:40.852+0000] {logging_mixin.py:137} INFO - [2022-12-06T05:53:40.852+0000] {dag.py:3427} INFO - Setting next_dagrun for example_subdag_operator.section-2 to None, run_after=None
[2022-12-06T05:53:40.888+0000] {logging_mixin.py:137} INFO - [2022-12-06T05:53:40.888+0000] {dag.py:2676} INFO - Sync 2 DAGs
[2022-12-06T05:53:40.916+0000] {logging_mixin.py:137} INFO - [2022-12-06T05:53:40.916+0000] {dag.py:3427} INFO - Setting next_dagrun for example_subdag_operator.section-1 to None, run_after=None
[2022-12-06T05:53:40.919+0000] {logging_mixin.py:137} INFO - [2022-12-06T05:53:40.918+0000] {dag.py:3427} INFO - Setting next_dagrun for example_subdag_operator.section-2 to None, run_after=None
[2022-12-06T05:53:40.951+0000] {processor.py:175} INFO - Processing /home/airflow/.local/lib/python3.7/site-packages/airflow/example_dags/example_subdag_operator.py took 1.336 seconds
[2022-12-06T05:54:21.600+0000] {processor.py:153} INFO - Started process (PID=712) to work on /home/airflow/.local/lib/python3.7/site-packages/airflow/example_dags/example_subdag_operator.py
[2022-12-06T05:54:21.603+0000] {processor.py:743} INFO - Processing file /home/airflow/.local/lib/python3.7/site-packages/airflow/example_dags/example_subdag_operator.py for tasks to queue
[2022-12-06T05:54:21.605+0000] {logging_mixin.py:137} INFO - [2022-12-06T05:54:21.604+0000] {dagbag.py:538} INFO - Filling up the DagBag from /home/airflow/.local/lib/python3.7/site-packages/airflow/example_dags/example_subdag_operator.py
[2022-12-06T05:54:21.697+0000] {processor.py:753} INFO - DAG(s) dict_keys(['example_subdag_operator.section-1', 'example_subdag_operator.section-2', 'example_subdag_operator']) retrieved from /home/airflow/.local/lib/python3.7/site-packages/airflow/example_dags/example_subdag_operator.py
[2022-12-06T05:54:21.777+0000] {logging_mixin.py:137} INFO - [2022-12-06T05:54:21.777+0000] {dag.py:2676} INFO - Sync 3 DAGs
[2022-12-06T05:54:21.824+0000] {logging_mixin.py:137} INFO - [2022-12-06T05:54:21.824+0000] {dag.py:3427} INFO - Setting next_dagrun for example_subdag_operator to 2022-01-01T00:00:00+00:00, run_after=2022-01-01T00:00:00+00:00
[2022-12-06T05:54:21.833+0000] {logging_mixin.py:137} INFO - [2022-12-06T05:54:21.833+0000] {dag.py:3427} INFO - Setting next_dagrun for example_subdag_operator.section-1 to None, run_after=None
[2022-12-06T05:54:21.838+0000] {logging_mixin.py:137} INFO - [2022-12-06T05:54:21.838+0000] {dag.py:3427} INFO - Setting next_dagrun for example_subdag_operator.section-2 to None, run_after=None
[2022-12-06T05:54:21.898+0000] {logging_mixin.py:137} INFO - [2022-12-06T05:54:21.898+0000] {dag.py:2676} INFO - Sync 2 DAGs
[2022-12-06T05:54:21.910+0000] {logging_mixin.py:137} INFO - [2022-12-06T05:54:21.910+0000] {dag.py:3427} INFO - Setting next_dagrun for example_subdag_operator.section-1 to None, run_after=None
[2022-12-06T05:54:21.912+0000] {logging_mixin.py:137} INFO - [2022-12-06T05:54:21.912+0000] {dag.py:3427} INFO - Setting next_dagrun for example_subdag_operator.section-2 to None, run_after=None
[2022-12-06T05:54:21.949+0000] {processor.py:175} INFO - Processing /home/airflow/.local/lib/python3.7/site-packages/airflow/example_dags/example_subdag_operator.py took 0.355 seconds
[2022-12-06T05:54:53.314+0000] {processor.py:153} INFO - Started process (PID=791) to work on /home/airflow/.local/lib/python3.7/site-packages/airflow/example_dags/example_subdag_operator.py
[2022-12-06T05:54:53.317+0000] {processor.py:743} INFO - Processing file /home/airflow/.local/lib/python3.7/site-packages/airflow/example_dags/example_subdag_operator.py for tasks to queue
[2022-12-06T05:54:53.331+0000] {logging_mixin.py:137} INFO - [2022-12-06T05:54:53.326+0000] {dagbag.py:538} INFO - Filling up the DagBag from /home/airflow/.local/lib/python3.7/site-packages/airflow/example_dags/example_subdag_operator.py
[2022-12-06T05:54:53.424+0000] {processor.py:753} INFO - DAG(s) dict_keys(['example_subdag_operator.section-1', 'example_subdag_operator.section-2', 'example_subdag_operator']) retrieved from /home/airflow/.local/lib/python3.7/site-packages/airflow/example_dags/example_subdag_operator.py
[2022-12-06T05:54:53.508+0000] {logging_mixin.py:137} INFO - [2022-12-06T05:54:53.507+0000] {dag.py:2676} INFO - Sync 3 DAGs
[2022-12-06T05:54:53.602+0000] {logging_mixin.py:137} INFO - [2022-12-06T05:54:53.602+0000] {dag.py:3427} INFO - Setting next_dagrun for example_subdag_operator to 2022-01-01T00:00:00+00:00, run_after=2022-01-01T00:00:00+00:00
[2022-12-06T05:54:53.615+0000] {logging_mixin.py:137} INFO - [2022-12-06T05:54:53.615+0000] {dag.py:3427} INFO - Setting next_dagrun for example_subdag_operator.section-1 to None, run_after=None
[2022-12-06T05:54:53.619+0000] {logging_mixin.py:137} INFO - [2022-12-06T05:54:53.618+0000] {dag.py:3427} INFO - Setting next_dagrun for example_subdag_operator.section-2 to None, run_after=None
[2022-12-06T05:54:53.633+0000] {logging_mixin.py:137} INFO - [2022-12-06T05:54:53.632+0000] {dag.py:2676} INFO - Sync 2 DAGs
[2022-12-06T05:54:53.644+0000] {logging_mixin.py:137} INFO - [2022-12-06T05:54:53.643+0000] {dag.py:3427} INFO - Setting next_dagrun for example_subdag_operator.section-1 to None, run_after=None
[2022-12-06T05:54:53.646+0000] {logging_mixin.py:137} INFO - [2022-12-06T05:54:53.646+0000] {dag.py:3427} INFO - Setting next_dagrun for example_subdag_operator.section-2 to None, run_after=None
[2022-12-06T05:54:53.696+0000] {processor.py:175} INFO - Processing /home/airflow/.local/lib/python3.7/site-packages/airflow/example_dags/example_subdag_operator.py took 0.390 seconds
[2022-12-06T05:55:37.525+0000] {processor.py:153} INFO - Started process (PID=866) to work on /home/airflow/.local/lib/python3.7/site-packages/airflow/example_dags/example_subdag_operator.py
[2022-12-06T05:55:37.531+0000] {processor.py:743} INFO - Processing file /home/airflow/.local/lib/python3.7/site-packages/airflow/example_dags/example_subdag_operator.py for tasks to queue
[2022-12-06T05:55:37.534+0000] {logging_mixin.py:137} INFO - [2022-12-06T05:55:37.533+0000] {dagbag.py:538} INFO - Filling up the DagBag from /home/airflow/.local/lib/python3.7/site-packages/airflow/example_dags/example_subdag_operator.py
[2022-12-06T05:55:37.622+0000] {processor.py:753} INFO - DAG(s) dict_keys(['example_subdag_operator.section-1', 'example_subdag_operator.section-2', 'example_subdag_operator']) retrieved from /home/airflow/.local/lib/python3.7/site-packages/airflow/example_dags/example_subdag_operator.py
[2022-12-06T05:55:37.699+0000] {logging_mixin.py:137} INFO - [2022-12-06T05:55:37.699+0000] {dag.py:2676} INFO - Sync 3 DAGs
[2022-12-06T05:55:37.752+0000] {logging_mixin.py:137} INFO - [2022-12-06T05:55:37.751+0000] {dag.py:3427} INFO - Setting next_dagrun for example_subdag_operator to 2022-01-01T00:00:00+00:00, run_after=2022-01-01T00:00:00+00:00
[2022-12-06T05:55:37.760+0000] {logging_mixin.py:137} INFO - [2022-12-06T05:55:37.760+0000] {dag.py:3427} INFO - Setting next_dagrun for example_subdag_operator.section-1 to None, run_after=None
[2022-12-06T05:55:37.764+0000] {logging_mixin.py:137} INFO - [2022-12-06T05:55:37.764+0000] {dag.py:3427} INFO - Setting next_dagrun for example_subdag_operator.section-2 to None, run_after=None
[2022-12-06T05:55:37.779+0000] {logging_mixin.py:137} INFO - [2022-12-06T05:55:37.779+0000] {dag.py:2676} INFO - Sync 2 DAGs
[2022-12-06T05:55:37.791+0000] {logging_mixin.py:137} INFO - [2022-12-06T05:55:37.791+0000] {dag.py:3427} INFO - Setting next_dagrun for example_subdag_operator.section-1 to None, run_after=None
[2022-12-06T05:55:37.797+0000] {logging_mixin.py:137} INFO - [2022-12-06T05:55:37.797+0000] {dag.py:3427} INFO - Setting next_dagrun for example_subdag_operator.section-2 to None, run_after=None
[2022-12-06T05:55:37.834+0000] {processor.py:175} INFO - Processing /home/airflow/.local/lib/python3.7/site-packages/airflow/example_dags/example_subdag_operator.py took 0.316 seconds
[2022-12-06T05:56:29.762+0000] {processor.py:153} INFO - Started process (PID=933) to work on /home/airflow/.local/lib/python3.7/site-packages/airflow/example_dags/example_subdag_operator.py
[2022-12-06T05:56:29.763+0000] {processor.py:743} INFO - Processing file /home/airflow/.local/lib/python3.7/site-packages/airflow/example_dags/example_subdag_operator.py for tasks to queue
[2022-12-06T05:56:29.765+0000] {logging_mixin.py:137} INFO - [2022-12-06T05:56:29.765+0000] {dagbag.py:538} INFO - Filling up the DagBag from /home/airflow/.local/lib/python3.7/site-packages/airflow/example_dags/example_subdag_operator.py
[2022-12-06T05:56:29.827+0000] {processor.py:753} INFO - DAG(s) dict_keys(['example_subdag_operator.section-1', 'example_subdag_operator.section-2', 'example_subdag_operator']) retrieved from /home/airflow/.local/lib/python3.7/site-packages/airflow/example_dags/example_subdag_operator.py
[2022-12-06T05:56:29.869+0000] {logging_mixin.py:137} INFO - [2022-12-06T05:56:29.869+0000] {dag.py:2676} INFO - Sync 3 DAGs
[2022-12-06T05:56:29.902+0000] {logging_mixin.py:137} INFO - [2022-12-06T05:56:29.902+0000] {dag.py:3427} INFO - Setting next_dagrun for example_subdag_operator to 2022-01-01T00:00:00+00:00, run_after=2022-01-01T00:00:00+00:00
[2022-12-06T05:56:29.908+0000] {logging_mixin.py:137} INFO - [2022-12-06T05:56:29.908+0000] {dag.py:3427} INFO - Setting next_dagrun for example_subdag_operator.section-1 to None, run_after=None
[2022-12-06T05:56:29.911+0000] {logging_mixin.py:137} INFO - [2022-12-06T05:56:29.910+0000] {dag.py:3427} INFO - Setting next_dagrun for example_subdag_operator.section-2 to None, run_after=None
[2022-12-06T05:56:29.925+0000] {logging_mixin.py:137} INFO - [2022-12-06T05:56:29.925+0000] {dag.py:2676} INFO - Sync 2 DAGs
[2022-12-06T05:56:29.933+0000] {logging_mixin.py:137} INFO - [2022-12-06T05:56:29.933+0000] {dag.py:3427} INFO - Setting next_dagrun for example_subdag_operator.section-1 to None, run_after=None
[2022-12-06T05:56:29.935+0000] {logging_mixin.py:137} INFO - [2022-12-06T05:56:29.935+0000] {dag.py:3427} INFO - Setting next_dagrun for example_subdag_operator.section-2 to None, run_after=None
[2022-12-06T05:56:29.955+0000] {processor.py:175} INFO - Processing /home/airflow/.local/lib/python3.7/site-packages/airflow/example_dags/example_subdag_operator.py took 0.197 seconds
[2022-12-06T05:57:11.881+0000] {processor.py:153} INFO - Started process (PID=1002) to work on /home/airflow/.local/lib/python3.7/site-packages/airflow/example_dags/example_subdag_operator.py
[2022-12-06T05:57:11.887+0000] {processor.py:743} INFO - Processing file /home/airflow/.local/lib/python3.7/site-packages/airflow/example_dags/example_subdag_operator.py for tasks to queue
[2022-12-06T05:57:11.894+0000] {logging_mixin.py:137} INFO - [2022-12-06T05:57:11.893+0000] {dagbag.py:538} INFO - Filling up the DagBag from /home/airflow/.local/lib/python3.7/site-packages/airflow/example_dags/example_subdag_operator.py
[2022-12-06T05:57:12.162+0000] {processor.py:753} INFO - DAG(s) dict_keys(['example_subdag_operator.section-1', 'example_subdag_operator.section-2', 'example_subdag_operator']) retrieved from /home/airflow/.local/lib/python3.7/site-packages/airflow/example_dags/example_subdag_operator.py
[2022-12-06T05:57:12.226+0000] {logging_mixin.py:137} INFO - [2022-12-06T05:57:12.226+0000] {dag.py:2676} INFO - Sync 3 DAGs
[2022-12-06T05:57:12.327+0000] {logging_mixin.py:137} INFO - [2022-12-06T05:57:12.327+0000] {dag.py:3427} INFO - Setting next_dagrun for example_subdag_operator to 2022-01-01T00:00:00+00:00, run_after=2022-01-01T00:00:00+00:00
[2022-12-06T05:57:12.341+0000] {logging_mixin.py:137} INFO - [2022-12-06T05:57:12.341+0000] {dag.py:3427} INFO - Setting next_dagrun for example_subdag_operator.section-1 to None, run_after=None
[2022-12-06T05:57:12.349+0000] {logging_mixin.py:137} INFO - [2022-12-06T05:57:12.349+0000] {dag.py:3427} INFO - Setting next_dagrun for example_subdag_operator.section-2 to None, run_after=None
[2022-12-06T05:57:12.379+0000] {logging_mixin.py:137} INFO - [2022-12-06T05:57:12.379+0000] {dag.py:2676} INFO - Sync 2 DAGs
[2022-12-06T05:57:12.390+0000] {logging_mixin.py:137} INFO - [2022-12-06T05:57:12.390+0000] {dag.py:3427} INFO - Setting next_dagrun for example_subdag_operator.section-1 to None, run_after=None
[2022-12-06T05:57:12.391+0000] {logging_mixin.py:137} INFO - [2022-12-06T05:57:12.391+0000] {dag.py:3427} INFO - Setting next_dagrun for example_subdag_operator.section-2 to None, run_after=None
[2022-12-06T05:57:12.445+0000] {processor.py:175} INFO - Processing /home/airflow/.local/lib/python3.7/site-packages/airflow/example_dags/example_subdag_operator.py took 0.572 seconds
[2022-12-06T05:57:52.290+0000] {processor.py:153} INFO - Started process (PID=1081) to work on /home/airflow/.local/lib/python3.7/site-packages/airflow/example_dags/example_subdag_operator.py
[2022-12-06T05:57:52.294+0000] {processor.py:743} INFO - Processing file /home/airflow/.local/lib/python3.7/site-packages/airflow/example_dags/example_subdag_operator.py for tasks to queue
[2022-12-06T05:57:52.297+0000] {logging_mixin.py:137} INFO - [2022-12-06T05:57:52.297+0000] {dagbag.py:538} INFO - Filling up the DagBag from /home/airflow/.local/lib/python3.7/site-packages/airflow/example_dags/example_subdag_operator.py
[2022-12-06T05:57:52.405+0000] {processor.py:753} INFO - DAG(s) dict_keys(['example_subdag_operator.section-1', 'example_subdag_operator.section-2', 'example_subdag_operator']) retrieved from /home/airflow/.local/lib/python3.7/site-packages/airflow/example_dags/example_subdag_operator.py
[2022-12-06T05:57:52.483+0000] {logging_mixin.py:137} INFO - [2022-12-06T05:57:52.483+0000] {dag.py:2676} INFO - Sync 3 DAGs
[2022-12-06T05:57:52.552+0000] {logging_mixin.py:137} INFO - [2022-12-06T05:57:52.552+0000] {dag.py:3427} INFO - Setting next_dagrun for example_subdag_operator to 2022-01-01T00:00:00+00:00, run_after=2022-01-01T00:00:00+00:00
[2022-12-06T05:57:52.567+0000] {logging_mixin.py:137} INFO - [2022-12-06T05:57:52.566+0000] {dag.py:3427} INFO - Setting next_dagrun for example_subdag_operator.section-1 to None, run_after=None
[2022-12-06T05:57:52.570+0000] {logging_mixin.py:137} INFO - [2022-12-06T05:57:52.570+0000] {dag.py:3427} INFO - Setting next_dagrun for example_subdag_operator.section-2 to None, run_after=None
[2022-12-06T05:57:52.599+0000] {logging_mixin.py:137} INFO - [2022-12-06T05:57:52.599+0000] {dag.py:2676} INFO - Sync 2 DAGs
[2022-12-06T05:57:52.612+0000] {logging_mixin.py:137} INFO - [2022-12-06T05:57:52.612+0000] {dag.py:3427} INFO - Setting next_dagrun for example_subdag_operator.section-1 to None, run_after=None
[2022-12-06T05:57:52.614+0000] {logging_mixin.py:137} INFO - [2022-12-06T05:57:52.614+0000] {dag.py:3427} INFO - Setting next_dagrun for example_subdag_operator.section-2 to None, run_after=None
[2022-12-06T05:57:52.643+0000] {processor.py:175} INFO - Processing /home/airflow/.local/lib/python3.7/site-packages/airflow/example_dags/example_subdag_operator.py took 0.361 seconds
[2022-12-06T05:58:32.423+0000] {processor.py:153} INFO - Started process (PID=1155) to work on /home/airflow/.local/lib/python3.7/site-packages/airflow/example_dags/example_subdag_operator.py
[2022-12-06T05:58:32.426+0000] {processor.py:743} INFO - Processing file /home/airflow/.local/lib/python3.7/site-packages/airflow/example_dags/example_subdag_operator.py for tasks to queue
[2022-12-06T05:58:32.431+0000] {logging_mixin.py:137} INFO - [2022-12-06T05:58:32.430+0000] {dagbag.py:538} INFO - Filling up the DagBag from /home/airflow/.local/lib/python3.7/site-packages/airflow/example_dags/example_subdag_operator.py
[2022-12-06T05:58:32.530+0000] {processor.py:753} INFO - DAG(s) dict_keys(['example_subdag_operator.section-1', 'example_subdag_operator.section-2', 'example_subdag_operator']) retrieved from /home/airflow/.local/lib/python3.7/site-packages/airflow/example_dags/example_subdag_operator.py
[2022-12-06T05:58:32.620+0000] {logging_mixin.py:137} INFO - [2022-12-06T05:58:32.619+0000] {dag.py:2676} INFO - Sync 3 DAGs
[2022-12-06T05:58:32.707+0000] {logging_mixin.py:137} INFO - [2022-12-06T05:58:32.707+0000] {dag.py:3427} INFO - Setting next_dagrun for example_subdag_operator to 2022-01-01T00:00:00+00:00, run_after=2022-01-01T00:00:00+00:00
[2022-12-06T05:58:32.718+0000] {logging_mixin.py:137} INFO - [2022-12-06T05:58:32.716+0000] {dag.py:3427} INFO - Setting next_dagrun for example_subdag_operator.section-1 to None, run_after=None
[2022-12-06T05:58:32.723+0000] {logging_mixin.py:137} INFO - [2022-12-06T05:58:32.723+0000] {dag.py:3427} INFO - Setting next_dagrun for example_subdag_operator.section-2 to None, run_after=None
[2022-12-06T05:58:32.746+0000] {logging_mixin.py:137} INFO - [2022-12-06T05:58:32.746+0000] {dag.py:2676} INFO - Sync 2 DAGs
[2022-12-06T05:58:32.802+0000] {logging_mixin.py:137} INFO - [2022-12-06T05:58:32.802+0000] {dag.py:3427} INFO - Setting next_dagrun for example_subdag_operator.section-1 to None, run_after=None
[2022-12-06T05:58:32.808+0000] {logging_mixin.py:137} INFO - [2022-12-06T05:58:32.808+0000] {dag.py:3427} INFO - Setting next_dagrun for example_subdag_operator.section-2 to None, run_after=None
[2022-12-06T05:58:32.864+0000] {processor.py:175} INFO - Processing /home/airflow/.local/lib/python3.7/site-packages/airflow/example_dags/example_subdag_operator.py took 0.450 seconds
[2022-12-06T05:59:16.085+0000] {processor.py:153} INFO - Started process (PID=1239) to work on /home/airflow/.local/lib/python3.7/site-packages/airflow/example_dags/example_subdag_operator.py
[2022-12-06T05:59:16.088+0000] {processor.py:743} INFO - Processing file /home/airflow/.local/lib/python3.7/site-packages/airflow/example_dags/example_subdag_operator.py for tasks to queue
[2022-12-06T05:59:16.092+0000] {logging_mixin.py:137} INFO - [2022-12-06T05:59:16.091+0000] {dagbag.py:538} INFO - Filling up the DagBag from /home/airflow/.local/lib/python3.7/site-packages/airflow/example_dags/example_subdag_operator.py
[2022-12-06T05:59:16.234+0000] {processor.py:753} INFO - DAG(s) dict_keys(['example_subdag_operator.section-1', 'example_subdag_operator.section-2', 'example_subdag_operator']) retrieved from /home/airflow/.local/lib/python3.7/site-packages/airflow/example_dags/example_subdag_operator.py
[2022-12-06T05:59:16.282+0000] {logging_mixin.py:137} INFO - [2022-12-06T05:59:16.282+0000] {dag.py:2676} INFO - Sync 3 DAGs
[2022-12-06T05:59:16.356+0000] {logging_mixin.py:137} INFO - [2022-12-06T05:59:16.355+0000] {dag.py:3427} INFO - Setting next_dagrun for example_subdag_operator to 2022-01-01T00:00:00+00:00, run_after=2022-01-01T00:00:00+00:00
[2022-12-06T05:59:16.366+0000] {logging_mixin.py:137} INFO - [2022-12-06T05:59:16.366+0000] {dag.py:3427} INFO - Setting next_dagrun for example_subdag_operator.section-1 to None, run_after=None
[2022-12-06T05:59:16.375+0000] {logging_mixin.py:137} INFO - [2022-12-06T05:59:16.373+0000] {dag.py:3427} INFO - Setting next_dagrun for example_subdag_operator.section-2 to None, run_after=None
[2022-12-06T05:59:16.395+0000] {logging_mixin.py:137} INFO - [2022-12-06T05:59:16.395+0000] {dag.py:2676} INFO - Sync 2 DAGs
[2022-12-06T05:59:16.407+0000] {logging_mixin.py:137} INFO - [2022-12-06T05:59:16.406+0000] {dag.py:3427} INFO - Setting next_dagrun for example_subdag_operator.section-1 to None, run_after=None
[2022-12-06T05:59:16.410+0000] {logging_mixin.py:137} INFO - [2022-12-06T05:59:16.410+0000] {dag.py:3427} INFO - Setting next_dagrun for example_subdag_operator.section-2 to None, run_after=None
[2022-12-06T05:59:16.435+0000] {processor.py:175} INFO - Processing /home/airflow/.local/lib/python3.7/site-packages/airflow/example_dags/example_subdag_operator.py took 0.361 seconds
[2022-12-06T05:59:52.699+0000] {processor.py:153} INFO - Started process (PID=1306) to work on /home/airflow/.local/lib/python3.7/site-packages/airflow/example_dags/example_subdag_operator.py
[2022-12-06T05:59:52.701+0000] {processor.py:743} INFO - Processing file /home/airflow/.local/lib/python3.7/site-packages/airflow/example_dags/example_subdag_operator.py for tasks to queue
[2022-12-06T05:59:52.704+0000] {logging_mixin.py:137} INFO - [2022-12-06T05:59:52.704+0000] {dagbag.py:538} INFO - Filling up the DagBag from /home/airflow/.local/lib/python3.7/site-packages/airflow/example_dags/example_subdag_operator.py
[2022-12-06T05:59:53.824+0000] {processor.py:753} INFO - DAG(s) dict_keys(['example_subdag_operator.section-1', 'example_subdag_operator.section-2', 'example_subdag_operator']) retrieved from /home/airflow/.local/lib/python3.7/site-packages/airflow/example_dags/example_subdag_operator.py
[2022-12-06T05:59:54.043+0000] {logging_mixin.py:137} INFO - [2022-12-06T05:59:54.042+0000] {dag.py:2676} INFO - Sync 3 DAGs
[2022-12-06T05:59:54.183+0000] {logging_mixin.py:137} INFO - [2022-12-06T05:59:54.182+0000] {dag.py:3427} INFO - Setting next_dagrun for example_subdag_operator to 2022-01-01T00:00:00+00:00, run_after=2022-01-01T00:00:00+00:00
[2022-12-06T05:59:54.190+0000] {logging_mixin.py:137} INFO - [2022-12-06T05:59:54.189+0000] {dag.py:3427} INFO - Setting next_dagrun for example_subdag_operator.section-1 to None, run_after=None
[2022-12-06T05:59:54.194+0000] {logging_mixin.py:137} INFO - [2022-12-06T05:59:54.194+0000] {dag.py:3427} INFO - Setting next_dagrun for example_subdag_operator.section-2 to None, run_after=None
[2022-12-06T05:59:54.208+0000] {logging_mixin.py:137} INFO - [2022-12-06T05:59:54.208+0000] {dag.py:2676} INFO - Sync 2 DAGs
[2022-12-06T05:59:54.219+0000] {logging_mixin.py:137} INFO - [2022-12-06T05:59:54.219+0000] {dag.py:3427} INFO - Setting next_dagrun for example_subdag_operator.section-1 to None, run_after=None
[2022-12-06T05:59:54.221+0000] {logging_mixin.py:137} INFO - [2022-12-06T05:59:54.221+0000] {dag.py:3427} INFO - Setting next_dagrun for example_subdag_operator.section-2 to None, run_after=None
[2022-12-06T05:59:54.254+0000] {processor.py:175} INFO - Processing /home/airflow/.local/lib/python3.7/site-packages/airflow/example_dags/example_subdag_operator.py took 1.565 seconds
[2022-12-06T06:00:42.686+0000] {processor.py:153} INFO - Started process (PID=1385) to work on /home/airflow/.local/lib/python3.7/site-packages/airflow/example_dags/example_subdag_operator.py
[2022-12-06T06:00:42.689+0000] {processor.py:743} INFO - Processing file /home/airflow/.local/lib/python3.7/site-packages/airflow/example_dags/example_subdag_operator.py for tasks to queue
[2022-12-06T06:00:42.692+0000] {logging_mixin.py:137} INFO - [2022-12-06T06:00:42.691+0000] {dagbag.py:538} INFO - Filling up the DagBag from /home/airflow/.local/lib/python3.7/site-packages/airflow/example_dags/example_subdag_operator.py
[2022-12-06T06:00:42.851+0000] {processor.py:753} INFO - DAG(s) dict_keys(['example_subdag_operator.section-1', 'example_subdag_operator.section-2', 'example_subdag_operator']) retrieved from /home/airflow/.local/lib/python3.7/site-packages/airflow/example_dags/example_subdag_operator.py
[2022-12-06T06:00:42.928+0000] {logging_mixin.py:137} INFO - [2022-12-06T06:00:42.928+0000] {dag.py:2676} INFO - Sync 3 DAGs
[2022-12-06T06:00:43.041+0000] {logging_mixin.py:137} INFO - [2022-12-06T06:00:43.041+0000] {dag.py:3427} INFO - Setting next_dagrun for example_subdag_operator to 2022-01-01T00:00:00+00:00, run_after=2022-01-01T00:00:00+00:00
[2022-12-06T06:00:43.048+0000] {logging_mixin.py:137} INFO - [2022-12-06T06:00:43.048+0000] {dag.py:3427} INFO - Setting next_dagrun for example_subdag_operator.section-1 to None, run_after=None
[2022-12-06T06:00:43.051+0000] {logging_mixin.py:137} INFO - [2022-12-06T06:00:43.051+0000] {dag.py:3427} INFO - Setting next_dagrun for example_subdag_operator.section-2 to None, run_after=None
[2022-12-06T06:00:43.071+0000] {logging_mixin.py:137} INFO - [2022-12-06T06:00:43.070+0000] {dag.py:2676} INFO - Sync 2 DAGs
[2022-12-06T06:00:43.086+0000] {logging_mixin.py:137} INFO - [2022-12-06T06:00:43.086+0000] {dag.py:3427} INFO - Setting next_dagrun for example_subdag_operator.section-1 to None, run_after=None
[2022-12-06T06:00:43.088+0000] {logging_mixin.py:137} INFO - [2022-12-06T06:00:43.088+0000] {dag.py:3427} INFO - Setting next_dagrun for example_subdag_operator.section-2 to None, run_after=None
[2022-12-06T06:00:43.107+0000] {processor.py:175} INFO - Processing /home/airflow/.local/lib/python3.7/site-packages/airflow/example_dags/example_subdag_operator.py took 0.427 seconds
[2022-12-06T06:01:13.381+0000] {processor.py:153} INFO - Started process (PID=1459) to work on /home/airflow/.local/lib/python3.7/site-packages/airflow/example_dags/example_subdag_operator.py
[2022-12-06T06:01:13.385+0000] {processor.py:743} INFO - Processing file /home/airflow/.local/lib/python3.7/site-packages/airflow/example_dags/example_subdag_operator.py for tasks to queue
[2022-12-06T06:01:13.388+0000] {logging_mixin.py:137} INFO - [2022-12-06T06:01:13.387+0000] {dagbag.py:538} INFO - Filling up the DagBag from /home/airflow/.local/lib/python3.7/site-packages/airflow/example_dags/example_subdag_operator.py
[2022-12-06T06:01:13.463+0000] {processor.py:753} INFO - DAG(s) dict_keys(['example_subdag_operator.section-1', 'example_subdag_operator.section-2', 'example_subdag_operator']) retrieved from /home/airflow/.local/lib/python3.7/site-packages/airflow/example_dags/example_subdag_operator.py
[2022-12-06T06:01:13.522+0000] {logging_mixin.py:137} INFO - [2022-12-06T06:01:13.521+0000] {dag.py:2676} INFO - Sync 3 DAGs
[2022-12-06T06:01:13.571+0000] {logging_mixin.py:137} INFO - [2022-12-06T06:01:13.571+0000] {dag.py:3427} INFO - Setting next_dagrun for example_subdag_operator to 2022-01-01T00:00:00+00:00, run_after=2022-01-01T00:00:00+00:00
[2022-12-06T06:01:13.578+0000] {logging_mixin.py:137} INFO - [2022-12-06T06:01:13.577+0000] {dag.py:3427} INFO - Setting next_dagrun for example_subdag_operator.section-1 to None, run_after=None
[2022-12-06T06:01:13.581+0000] {logging_mixin.py:137} INFO - [2022-12-06T06:01:13.581+0000] {dag.py:3427} INFO - Setting next_dagrun for example_subdag_operator.section-2 to None, run_after=None
[2022-12-06T06:01:13.597+0000] {logging_mixin.py:137} INFO - [2022-12-06T06:01:13.596+0000] {dag.py:2676} INFO - Sync 2 DAGs
[2022-12-06T06:01:13.611+0000] {logging_mixin.py:137} INFO - [2022-12-06T06:01:13.611+0000] {dag.py:3427} INFO - Setting next_dagrun for example_subdag_operator.section-1 to None, run_after=None
[2022-12-06T06:01:13.613+0000] {logging_mixin.py:137} INFO - [2022-12-06T06:01:13.612+0000] {dag.py:3427} INFO - Setting next_dagrun for example_subdag_operator.section-2 to None, run_after=None
[2022-12-06T06:01:13.635+0000] {processor.py:175} INFO - Processing /home/airflow/.local/lib/python3.7/site-packages/airflow/example_dags/example_subdag_operator.py took 0.259 seconds
[2022-12-06T06:01:45.377+0000] {processor.py:153} INFO - Started process (PID=1534) to work on /home/airflow/.local/lib/python3.7/site-packages/airflow/example_dags/example_subdag_operator.py
[2022-12-06T06:01:45.379+0000] {processor.py:743} INFO - Processing file /home/airflow/.local/lib/python3.7/site-packages/airflow/example_dags/example_subdag_operator.py for tasks to queue
[2022-12-06T06:01:45.381+0000] {logging_mixin.py:137} INFO - [2022-12-06T06:01:45.381+0000] {dagbag.py:538} INFO - Filling up the DagBag from /home/airflow/.local/lib/python3.7/site-packages/airflow/example_dags/example_subdag_operator.py
[2022-12-06T06:01:45.463+0000] {processor.py:753} INFO - DAG(s) dict_keys(['example_subdag_operator.section-1', 'example_subdag_operator.section-2', 'example_subdag_operator']) retrieved from /home/airflow/.local/lib/python3.7/site-packages/airflow/example_dags/example_subdag_operator.py
[2022-12-06T06:01:45.508+0000] {logging_mixin.py:137} INFO - [2022-12-06T06:01:45.508+0000] {dag.py:2676} INFO - Sync 3 DAGs
[2022-12-06T06:01:45.544+0000] {logging_mixin.py:137} INFO - [2022-12-06T06:01:45.544+0000] {dag.py:3427} INFO - Setting next_dagrun for example_subdag_operator to 2022-01-01T00:00:00+00:00, run_after=2022-01-01T00:00:00+00:00
[2022-12-06T06:01:45.550+0000] {logging_mixin.py:137} INFO - [2022-12-06T06:01:45.550+0000] {dag.py:3427} INFO - Setting next_dagrun for example_subdag_operator.section-1 to None, run_after=None
[2022-12-06T06:01:45.552+0000] {logging_mixin.py:137} INFO - [2022-12-06T06:01:45.552+0000] {dag.py:3427} INFO - Setting next_dagrun for example_subdag_operator.section-2 to None, run_after=None
[2022-12-06T06:01:45.565+0000] {logging_mixin.py:137} INFO - [2022-12-06T06:01:45.565+0000] {dag.py:2676} INFO - Sync 2 DAGs
[2022-12-06T06:01:45.573+0000] {logging_mixin.py:137} INFO - [2022-12-06T06:01:45.573+0000] {dag.py:3427} INFO - Setting next_dagrun for example_subdag_operator.section-1 to None, run_after=None
[2022-12-06T06:01:45.575+0000] {logging_mixin.py:137} INFO - [2022-12-06T06:01:45.575+0000] {dag.py:3427} INFO - Setting next_dagrun for example_subdag_operator.section-2 to None, run_after=None
[2022-12-06T06:01:45.602+0000] {processor.py:175} INFO - Processing /home/airflow/.local/lib/python3.7/site-packages/airflow/example_dags/example_subdag_operator.py took 0.229 seconds
[2022-12-06T06:02:20.709+0000] {processor.py:153} INFO - Started process (PID=1601) to work on /home/airflow/.local/lib/python3.7/site-packages/airflow/example_dags/example_subdag_operator.py
[2022-12-06T06:02:20.713+0000] {processor.py:743} INFO - Processing file /home/airflow/.local/lib/python3.7/site-packages/airflow/example_dags/example_subdag_operator.py for tasks to queue
[2022-12-06T06:02:20.716+0000] {logging_mixin.py:137} INFO - [2022-12-06T06:02:20.715+0000] {dagbag.py:538} INFO - Filling up the DagBag from /home/airflow/.local/lib/python3.7/site-packages/airflow/example_dags/example_subdag_operator.py
[2022-12-06T06:02:20.991+0000] {processor.py:753} INFO - DAG(s) dict_keys(['example_subdag_operator.section-1', 'example_subdag_operator.section-2', 'example_subdag_operator']) retrieved from /home/airflow/.local/lib/python3.7/site-packages/airflow/example_dags/example_subdag_operator.py
[2022-12-06T06:02:21.163+0000] {logging_mixin.py:137} INFO - [2022-12-06T06:02:21.163+0000] {dag.py:2676} INFO - Sync 3 DAGs
[2022-12-06T06:02:21.216+0000] {logging_mixin.py:137} INFO - [2022-12-06T06:02:21.215+0000] {dag.py:3427} INFO - Setting next_dagrun for example_subdag_operator to 2022-01-01T00:00:00+00:00, run_after=2022-01-01T00:00:00+00:00
[2022-12-06T06:02:21.225+0000] {logging_mixin.py:137} INFO - [2022-12-06T06:02:21.225+0000] {dag.py:3427} INFO - Setting next_dagrun for example_subdag_operator.section-1 to None, run_after=None
[2022-12-06T06:02:21.229+0000] {logging_mixin.py:137} INFO - [2022-12-06T06:02:21.229+0000] {dag.py:3427} INFO - Setting next_dagrun for example_subdag_operator.section-2 to None, run_after=None
[2022-12-06T06:02:21.247+0000] {logging_mixin.py:137} INFO - [2022-12-06T06:02:21.247+0000] {dag.py:2676} INFO - Sync 2 DAGs
[2022-12-06T06:02:21.259+0000] {logging_mixin.py:137} INFO - [2022-12-06T06:02:21.259+0000] {dag.py:3427} INFO - Setting next_dagrun for example_subdag_operator.section-1 to None, run_after=None
[2022-12-06T06:02:21.263+0000] {logging_mixin.py:137} INFO - [2022-12-06T06:02:21.263+0000] {dag.py:3427} INFO - Setting next_dagrun for example_subdag_operator.section-2 to None, run_after=None
[2022-12-06T06:02:21.285+0000] {processor.py:175} INFO - Processing /home/airflow/.local/lib/python3.7/site-packages/airflow/example_dags/example_subdag_operator.py took 0.590 seconds
