[2022-12-06T05:24:37.748+0000] {processor.py:153} INFO - Started process (PID=80) to work on /home/airflow/.local/lib/python3.7/site-packages/airflow/example_dags/example_kubernetes_executor.py
[2022-12-06T05:24:37.753+0000] {processor.py:743} INFO - Processing file /home/airflow/.local/lib/python3.7/site-packages/airflow/example_dags/example_kubernetes_executor.py for tasks to queue
[2022-12-06T05:24:37.761+0000] {logging_mixin.py:137} INFO - [2022-12-06T05:24:37.761+0000] {dagbag.py:538} INFO - Filling up the DagBag from /home/airflow/.local/lib/python3.7/site-packages/airflow/example_dags/example_kubernetes_executor.py
[2022-12-06T05:24:40.512+0000] {processor.py:753} INFO - DAG(s) dict_keys(['example_kubernetes_executor']) retrieved from /home/airflow/.local/lib/python3.7/site-packages/airflow/example_dags/example_kubernetes_executor.py
[2022-12-06T05:24:42.914+0000] {logging_mixin.py:137} INFO - [2022-12-06T05:24:42.908+0000] {dag.py:2676} INFO - Sync 1 DAGs
[2022-12-06T05:24:44.189+0000] {logging_mixin.py:137} INFO - [2022-12-06T05:24:44.174+0000] {dag.py:3427} INFO - Setting next_dagrun for example_kubernetes_executor to None, run_after=None
[2022-12-06T05:24:58.208+0000] {processor.py:175} INFO - Processing /home/airflow/.local/lib/python3.7/site-packages/airflow/example_dags/example_kubernetes_executor.py took 20.477 seconds
[2022-12-06T05:26:12.193+0000] {processor.py:153} INFO - Started process (PID=180) to work on /home/airflow/.local/lib/python3.7/site-packages/airflow/example_dags/example_kubernetes_executor.py
[2022-12-06T05:26:12.196+0000] {processor.py:743} INFO - Processing file /home/airflow/.local/lib/python3.7/site-packages/airflow/example_dags/example_kubernetes_executor.py for tasks to queue
[2022-12-06T05:26:12.198+0000] {logging_mixin.py:137} INFO - [2022-12-06T05:26:12.197+0000] {dagbag.py:538} INFO - Filling up the DagBag from /home/airflow/.local/lib/python3.7/site-packages/airflow/example_dags/example_kubernetes_executor.py
[2022-12-06T05:26:12.333+0000] {processor.py:753} INFO - DAG(s) dict_keys(['example_kubernetes_executor']) retrieved from /home/airflow/.local/lib/python3.7/site-packages/airflow/example_dags/example_kubernetes_executor.py
[2022-12-06T05:26:12.505+0000] {logging_mixin.py:137} INFO - [2022-12-06T05:26:12.505+0000] {dag.py:2676} INFO - Sync 1 DAGs
[2022-12-06T05:26:12.583+0000] {logging_mixin.py:137} INFO - [2022-12-06T05:26:12.582+0000] {dag.py:3427} INFO - Setting next_dagrun for example_kubernetes_executor to None, run_after=None
[2022-12-06T05:26:12.660+0000] {processor.py:175} INFO - Processing /home/airflow/.local/lib/python3.7/site-packages/airflow/example_dags/example_kubernetes_executor.py took 0.473 seconds
[2022-12-06T05:27:08.605+0000] {processor.py:153} INFO - Started process (PID=268) to work on /home/airflow/.local/lib/python3.7/site-packages/airflow/example_dags/example_kubernetes_executor.py
[2022-12-06T05:27:08.607+0000] {processor.py:743} INFO - Processing file /home/airflow/.local/lib/python3.7/site-packages/airflow/example_dags/example_kubernetes_executor.py for tasks to queue
[2022-12-06T05:27:08.609+0000] {logging_mixin.py:137} INFO - [2022-12-06T05:27:08.609+0000] {dagbag.py:538} INFO - Filling up the DagBag from /home/airflow/.local/lib/python3.7/site-packages/airflow/example_dags/example_kubernetes_executor.py
[2022-12-06T05:27:08.725+0000] {processor.py:753} INFO - DAG(s) dict_keys(['example_kubernetes_executor']) retrieved from /home/airflow/.local/lib/python3.7/site-packages/airflow/example_dags/example_kubernetes_executor.py
[2022-12-06T05:27:08.825+0000] {logging_mixin.py:137} INFO - [2022-12-06T05:27:08.824+0000] {dag.py:2676} INFO - Sync 1 DAGs
[2022-12-06T05:27:08.863+0000] {logging_mixin.py:137} INFO - [2022-12-06T05:27:08.863+0000] {dag.py:3427} INFO - Setting next_dagrun for example_kubernetes_executor to None, run_after=None
[2022-12-06T05:27:08.899+0000] {processor.py:175} INFO - Processing /home/airflow/.local/lib/python3.7/site-packages/airflow/example_dags/example_kubernetes_executor.py took 0.298 seconds
[2022-12-06T05:27:39.124+0000] {processor.py:153} INFO - Started process (PID=336) to work on /home/airflow/.local/lib/python3.7/site-packages/airflow/example_dags/example_kubernetes_executor.py
[2022-12-06T05:27:39.128+0000] {processor.py:743} INFO - Processing file /home/airflow/.local/lib/python3.7/site-packages/airflow/example_dags/example_kubernetes_executor.py for tasks to queue
[2022-12-06T05:27:39.132+0000] {logging_mixin.py:137} INFO - [2022-12-06T05:27:39.131+0000] {dagbag.py:538} INFO - Filling up the DagBag from /home/airflow/.local/lib/python3.7/site-packages/airflow/example_dags/example_kubernetes_executor.py
[2022-12-06T05:27:39.245+0000] {processor.py:753} INFO - DAG(s) dict_keys(['example_kubernetes_executor']) retrieved from /home/airflow/.local/lib/python3.7/site-packages/airflow/example_dags/example_kubernetes_executor.py
[2022-12-06T05:27:39.338+0000] {logging_mixin.py:137} INFO - [2022-12-06T05:27:39.338+0000] {dag.py:2676} INFO - Sync 1 DAGs
[2022-12-06T05:27:39.384+0000] {logging_mixin.py:137} INFO - [2022-12-06T05:27:39.384+0000] {dag.py:3427} INFO - Setting next_dagrun for example_kubernetes_executor to None, run_after=None
[2022-12-06T05:27:39.441+0000] {processor.py:175} INFO - Processing /home/airflow/.local/lib/python3.7/site-packages/airflow/example_dags/example_kubernetes_executor.py took 0.323 seconds
[2022-12-06T05:28:10.685+0000] {processor.py:153} INFO - Started process (PID=403) to work on /home/airflow/.local/lib/python3.7/site-packages/airflow/example_dags/example_kubernetes_executor.py
[2022-12-06T05:28:10.689+0000] {processor.py:743} INFO - Processing file /home/airflow/.local/lib/python3.7/site-packages/airflow/example_dags/example_kubernetes_executor.py for tasks to queue
[2022-12-06T05:28:10.692+0000] {logging_mixin.py:137} INFO - [2022-12-06T05:28:10.692+0000] {dagbag.py:538} INFO - Filling up the DagBag from /home/airflow/.local/lib/python3.7/site-packages/airflow/example_dags/example_kubernetes_executor.py
[2022-12-06T05:28:10.861+0000] {processor.py:753} INFO - DAG(s) dict_keys(['example_kubernetes_executor']) retrieved from /home/airflow/.local/lib/python3.7/site-packages/airflow/example_dags/example_kubernetes_executor.py
[2022-12-06T05:28:11.020+0000] {logging_mixin.py:137} INFO - [2022-12-06T05:28:11.019+0000] {dag.py:2676} INFO - Sync 1 DAGs
[2022-12-06T05:28:11.099+0000] {logging_mixin.py:137} INFO - [2022-12-06T05:28:11.099+0000] {dag.py:3427} INFO - Setting next_dagrun for example_kubernetes_executor to None, run_after=None
[2022-12-06T05:28:11.179+0000] {processor.py:175} INFO - Processing /home/airflow/.local/lib/python3.7/site-packages/airflow/example_dags/example_kubernetes_executor.py took 0.516 seconds
[2022-12-06T05:28:42.740+0000] {processor.py:153} INFO - Started process (PID=469) to work on /home/airflow/.local/lib/python3.7/site-packages/airflow/example_dags/example_kubernetes_executor.py
[2022-12-06T05:28:42.742+0000] {processor.py:743} INFO - Processing file /home/airflow/.local/lib/python3.7/site-packages/airflow/example_dags/example_kubernetes_executor.py for tasks to queue
[2022-12-06T05:28:42.745+0000] {logging_mixin.py:137} INFO - [2022-12-06T05:28:42.744+0000] {dagbag.py:538} INFO - Filling up the DagBag from /home/airflow/.local/lib/python3.7/site-packages/airflow/example_dags/example_kubernetes_executor.py
[2022-12-06T05:28:42.899+0000] {processor.py:753} INFO - DAG(s) dict_keys(['example_kubernetes_executor']) retrieved from /home/airflow/.local/lib/python3.7/site-packages/airflow/example_dags/example_kubernetes_executor.py
[2022-12-06T05:28:43.021+0000] {logging_mixin.py:137} INFO - [2022-12-06T05:28:43.021+0000] {dag.py:2676} INFO - Sync 1 DAGs
[2022-12-06T05:28:43.067+0000] {logging_mixin.py:137} INFO - [2022-12-06T05:28:43.066+0000] {dag.py:3427} INFO - Setting next_dagrun for example_kubernetes_executor to None, run_after=None
[2022-12-06T05:28:43.109+0000] {processor.py:175} INFO - Processing /home/airflow/.local/lib/python3.7/site-packages/airflow/example_dags/example_kubernetes_executor.py took 0.375 seconds
[2022-12-06T05:29:13.554+0000] {processor.py:153} INFO - Started process (PID=537) to work on /home/airflow/.local/lib/python3.7/site-packages/airflow/example_dags/example_kubernetes_executor.py
[2022-12-06T05:29:13.558+0000] {processor.py:743} INFO - Processing file /home/airflow/.local/lib/python3.7/site-packages/airflow/example_dags/example_kubernetes_executor.py for tasks to queue
[2022-12-06T05:29:13.560+0000] {logging_mixin.py:137} INFO - [2022-12-06T05:29:13.560+0000] {dagbag.py:538} INFO - Filling up the DagBag from /home/airflow/.local/lib/python3.7/site-packages/airflow/example_dags/example_kubernetes_executor.py
[2022-12-06T05:29:13.618+0000] {processor.py:753} INFO - DAG(s) dict_keys(['example_kubernetes_executor']) retrieved from /home/airflow/.local/lib/python3.7/site-packages/airflow/example_dags/example_kubernetes_executor.py
[2022-12-06T05:29:13.700+0000] {logging_mixin.py:137} INFO - [2022-12-06T05:29:13.699+0000] {dag.py:2676} INFO - Sync 1 DAGs
[2022-12-06T05:29:13.742+0000] {logging_mixin.py:137} INFO - [2022-12-06T05:29:13.742+0000] {dag.py:3427} INFO - Setting next_dagrun for example_kubernetes_executor to None, run_after=None
[2022-12-06T05:29:13.771+0000] {processor.py:175} INFO - Processing /home/airflow/.local/lib/python3.7/site-packages/airflow/example_dags/example_kubernetes_executor.py took 0.223 seconds
[2022-12-06T05:30:20.802+0000] {processor.py:153} INFO - Started process (PID=599) to work on /home/airflow/.local/lib/python3.7/site-packages/airflow/example_dags/example_kubernetes_executor.py
[2022-12-06T05:30:20.825+0000] {processor.py:743} INFO - Processing file /home/airflow/.local/lib/python3.7/site-packages/airflow/example_dags/example_kubernetes_executor.py for tasks to queue
[2022-12-06T05:30:20.832+0000] {logging_mixin.py:137} INFO - [2022-12-06T05:30:20.831+0000] {dagbag.py:538} INFO - Filling up the DagBag from /home/airflow/.local/lib/python3.7/site-packages/airflow/example_dags/example_kubernetes_executor.py
[2022-12-06T05:30:21.068+0000] {processor.py:753} INFO - DAG(s) dict_keys(['example_kubernetes_executor']) retrieved from /home/airflow/.local/lib/python3.7/site-packages/airflow/example_dags/example_kubernetes_executor.py
[2022-12-06T05:30:21.207+0000] {logging_mixin.py:137} INFO - [2022-12-06T05:30:21.207+0000] {dag.py:2676} INFO - Sync 1 DAGs
[2022-12-06T05:30:21.326+0000] {logging_mixin.py:137} INFO - [2022-12-06T05:30:21.326+0000] {dag.py:3427} INFO - Setting next_dagrun for example_kubernetes_executor to None, run_after=None
[2022-12-06T05:30:21.368+0000] {processor.py:175} INFO - Processing /home/airflow/.local/lib/python3.7/site-packages/airflow/example_dags/example_kubernetes_executor.py took 0.574 seconds
[2022-12-06T05:31:07.553+0000] {processor.py:153} INFO - Started process (PID=682) to work on /home/airflow/.local/lib/python3.7/site-packages/airflow/example_dags/example_kubernetes_executor.py
[2022-12-06T05:31:07.558+0000] {processor.py:743} INFO - Processing file /home/airflow/.local/lib/python3.7/site-packages/airflow/example_dags/example_kubernetes_executor.py for tasks to queue
[2022-12-06T05:31:07.563+0000] {logging_mixin.py:137} INFO - [2022-12-06T05:31:07.563+0000] {dagbag.py:538} INFO - Filling up the DagBag from /home/airflow/.local/lib/python3.7/site-packages/airflow/example_dags/example_kubernetes_executor.py
[2022-12-06T05:31:07.895+0000] {processor.py:753} INFO - DAG(s) dict_keys(['example_kubernetes_executor']) retrieved from /home/airflow/.local/lib/python3.7/site-packages/airflow/example_dags/example_kubernetes_executor.py
[2022-12-06T05:31:08.105+0000] {logging_mixin.py:137} INFO - [2022-12-06T05:31:08.105+0000] {dag.py:2676} INFO - Sync 1 DAGs
[2022-12-06T05:31:08.162+0000] {logging_mixin.py:137} INFO - [2022-12-06T05:31:08.162+0000] {dag.py:3427} INFO - Setting next_dagrun for example_kubernetes_executor to None, run_after=None
[2022-12-06T05:31:08.204+0000] {processor.py:175} INFO - Processing /home/airflow/.local/lib/python3.7/site-packages/airflow/example_dags/example_kubernetes_executor.py took 0.660 seconds
[2022-12-06T05:32:04.695+0000] {processor.py:153} INFO - Started process (PID=749) to work on /home/airflow/.local/lib/python3.7/site-packages/airflow/example_dags/example_kubernetes_executor.py
[2022-12-06T05:32:04.700+0000] {processor.py:743} INFO - Processing file /home/airflow/.local/lib/python3.7/site-packages/airflow/example_dags/example_kubernetes_executor.py for tasks to queue
[2022-12-06T05:32:04.704+0000] {logging_mixin.py:137} INFO - [2022-12-06T05:32:04.704+0000] {dagbag.py:538} INFO - Filling up the DagBag from /home/airflow/.local/lib/python3.7/site-packages/airflow/example_dags/example_kubernetes_executor.py
[2022-12-06T05:32:04.966+0000] {processor.py:753} INFO - DAG(s) dict_keys(['example_kubernetes_executor']) retrieved from /home/airflow/.local/lib/python3.7/site-packages/airflow/example_dags/example_kubernetes_executor.py
[2022-12-06T05:32:05.025+0000] {logging_mixin.py:137} INFO - [2022-12-06T05:32:05.024+0000] {dag.py:2676} INFO - Sync 1 DAGs
[2022-12-06T05:32:05.104+0000] {logging_mixin.py:137} INFO - [2022-12-06T05:32:05.104+0000] {dag.py:3427} INFO - Setting next_dagrun for example_kubernetes_executor to None, run_after=None
[2022-12-06T05:32:05.153+0000] {processor.py:175} INFO - Processing /home/airflow/.local/lib/python3.7/site-packages/airflow/example_dags/example_kubernetes_executor.py took 0.466 seconds
[2022-12-06T05:48:27.151+0000] {processor.py:153} INFO - Started process (PID=102) to work on /home/airflow/.local/lib/python3.7/site-packages/airflow/example_dags/example_kubernetes_executor.py
[2022-12-06T05:48:27.155+0000] {processor.py:743} INFO - Processing file /home/airflow/.local/lib/python3.7/site-packages/airflow/example_dags/example_kubernetes_executor.py for tasks to queue
[2022-12-06T05:48:27.169+0000] {logging_mixin.py:137} INFO - [2022-12-06T05:48:27.169+0000] {dagbag.py:538} INFO - Filling up the DagBag from /home/airflow/.local/lib/python3.7/site-packages/airflow/example_dags/example_kubernetes_executor.py
[2022-12-06T05:48:27.289+0000] {processor.py:753} INFO - DAG(s) dict_keys(['example_kubernetes_executor']) retrieved from /home/airflow/.local/lib/python3.7/site-packages/airflow/example_dags/example_kubernetes_executor.py
[2022-12-06T05:48:27.658+0000] {logging_mixin.py:137} INFO - [2022-12-06T05:48:27.657+0000] {dag.py:2676} INFO - Sync 1 DAGs
[2022-12-06T05:48:27.877+0000] {logging_mixin.py:137} INFO - [2022-12-06T05:48:27.876+0000] {dag.py:3427} INFO - Setting next_dagrun for example_kubernetes_executor to None, run_after=None
[2022-12-06T05:48:27.996+0000] {processor.py:175} INFO - Processing /home/airflow/.local/lib/python3.7/site-packages/airflow/example_dags/example_kubernetes_executor.py took 0.852 seconds
[2022-12-06T05:48:58.431+0000] {processor.py:153} INFO - Started process (PID=183) to work on /home/airflow/.local/lib/python3.7/site-packages/airflow/example_dags/example_kubernetes_executor.py
[2022-12-06T05:48:58.439+0000] {processor.py:743} INFO - Processing file /home/airflow/.local/lib/python3.7/site-packages/airflow/example_dags/example_kubernetes_executor.py for tasks to queue
[2022-12-06T05:48:58.484+0000] {logging_mixin.py:137} INFO - [2022-12-06T05:48:58.484+0000] {dagbag.py:538} INFO - Filling up the DagBag from /home/airflow/.local/lib/python3.7/site-packages/airflow/example_dags/example_kubernetes_executor.py
[2022-12-06T05:48:58.822+0000] {processor.py:753} INFO - DAG(s) dict_keys(['example_kubernetes_executor']) retrieved from /home/airflow/.local/lib/python3.7/site-packages/airflow/example_dags/example_kubernetes_executor.py
[2022-12-06T05:48:58.996+0000] {logging_mixin.py:137} INFO - [2022-12-06T05:48:58.996+0000] {dag.py:2676} INFO - Sync 1 DAGs
[2022-12-06T05:48:59.044+0000] {logging_mixin.py:137} INFO - [2022-12-06T05:48:59.043+0000] {dag.py:3427} INFO - Setting next_dagrun for example_kubernetes_executor to None, run_after=None
[2022-12-06T05:48:59.082+0000] {processor.py:175} INFO - Processing /home/airflow/.local/lib/python3.7/site-packages/airflow/example_dags/example_kubernetes_executor.py took 0.656 seconds
[2022-12-06T05:49:29.419+0000] {processor.py:153} INFO - Started process (PID=252) to work on /home/airflow/.local/lib/python3.7/site-packages/airflow/example_dags/example_kubernetes_executor.py
[2022-12-06T05:49:29.423+0000] {processor.py:743} INFO - Processing file /home/airflow/.local/lib/python3.7/site-packages/airflow/example_dags/example_kubernetes_executor.py for tasks to queue
[2022-12-06T05:49:29.425+0000] {logging_mixin.py:137} INFO - [2022-12-06T05:49:29.425+0000] {dagbag.py:538} INFO - Filling up the DagBag from /home/airflow/.local/lib/python3.7/site-packages/airflow/example_dags/example_kubernetes_executor.py
[2022-12-06T05:49:29.593+0000] {processor.py:753} INFO - DAG(s) dict_keys(['example_kubernetes_executor']) retrieved from /home/airflow/.local/lib/python3.7/site-packages/airflow/example_dags/example_kubernetes_executor.py
[2022-12-06T05:49:29.754+0000] {logging_mixin.py:137} INFO - [2022-12-06T05:49:29.754+0000] {dag.py:2676} INFO - Sync 1 DAGs
[2022-12-06T05:49:29.809+0000] {logging_mixin.py:137} INFO - [2022-12-06T05:49:29.808+0000] {dag.py:3427} INFO - Setting next_dagrun for example_kubernetes_executor to None, run_after=None
[2022-12-06T05:49:29.851+0000] {processor.py:175} INFO - Processing /home/airflow/.local/lib/python3.7/site-packages/airflow/example_dags/example_kubernetes_executor.py took 0.437 seconds
[2022-12-06T05:50:00.600+0000] {processor.py:153} INFO - Started process (PID=319) to work on /home/airflow/.local/lib/python3.7/site-packages/airflow/example_dags/example_kubernetes_executor.py
[2022-12-06T05:50:00.603+0000] {processor.py:743} INFO - Processing file /home/airflow/.local/lib/python3.7/site-packages/airflow/example_dags/example_kubernetes_executor.py for tasks to queue
[2022-12-06T05:50:00.607+0000] {logging_mixin.py:137} INFO - [2022-12-06T05:50:00.607+0000] {dagbag.py:538} INFO - Filling up the DagBag from /home/airflow/.local/lib/python3.7/site-packages/airflow/example_dags/example_kubernetes_executor.py
[2022-12-06T05:50:00.773+0000] {processor.py:753} INFO - DAG(s) dict_keys(['example_kubernetes_executor']) retrieved from /home/airflow/.local/lib/python3.7/site-packages/airflow/example_dags/example_kubernetes_executor.py
[2022-12-06T05:50:00.912+0000] {logging_mixin.py:137} INFO - [2022-12-06T05:50:00.912+0000] {dag.py:2676} INFO - Sync 1 DAGs
[2022-12-06T05:50:00.970+0000] {logging_mixin.py:137} INFO - [2022-12-06T05:50:00.970+0000] {dag.py:3427} INFO - Setting next_dagrun for example_kubernetes_executor to None, run_after=None
[2022-12-06T05:50:01.005+0000] {processor.py:175} INFO - Processing /home/airflow/.local/lib/python3.7/site-packages/airflow/example_dags/example_kubernetes_executor.py took 0.418 seconds
[2022-12-06T05:50:36.973+0000] {processor.py:153} INFO - Started process (PID=387) to work on /home/airflow/.local/lib/python3.7/site-packages/airflow/example_dags/example_kubernetes_executor.py
[2022-12-06T05:50:36.976+0000] {processor.py:743} INFO - Processing file /home/airflow/.local/lib/python3.7/site-packages/airflow/example_dags/example_kubernetes_executor.py for tasks to queue
[2022-12-06T05:50:36.979+0000] {logging_mixin.py:137} INFO - [2022-12-06T05:50:36.978+0000] {dagbag.py:538} INFO - Filling up the DagBag from /home/airflow/.local/lib/python3.7/site-packages/airflow/example_dags/example_kubernetes_executor.py
[2022-12-06T05:50:37.033+0000] {processor.py:753} INFO - DAG(s) dict_keys(['example_kubernetes_executor']) retrieved from /home/airflow/.local/lib/python3.7/site-packages/airflow/example_dags/example_kubernetes_executor.py
[2022-12-06T05:50:37.137+0000] {logging_mixin.py:137} INFO - [2022-12-06T05:50:37.137+0000] {dag.py:2676} INFO - Sync 1 DAGs
[2022-12-06T05:50:37.202+0000] {logging_mixin.py:137} INFO - [2022-12-06T05:50:37.202+0000] {dag.py:3427} INFO - Setting next_dagrun for example_kubernetes_executor to None, run_after=None
[2022-12-06T05:50:37.275+0000] {processor.py:175} INFO - Processing /home/airflow/.local/lib/python3.7/site-packages/airflow/example_dags/example_kubernetes_executor.py took 0.318 seconds
[2022-12-06T05:51:25.214+0000] {processor.py:153} INFO - Started process (PID=445) to work on /home/airflow/.local/lib/python3.7/site-packages/airflow/example_dags/example_kubernetes_executor.py
[2022-12-06T05:51:25.218+0000] {processor.py:743} INFO - Processing file /home/airflow/.local/lib/python3.7/site-packages/airflow/example_dags/example_kubernetes_executor.py for tasks to queue
[2022-12-06T05:51:25.221+0000] {logging_mixin.py:137} INFO - [2022-12-06T05:51:25.220+0000] {dagbag.py:538} INFO - Filling up the DagBag from /home/airflow/.local/lib/python3.7/site-packages/airflow/example_dags/example_kubernetes_executor.py
[2022-12-06T05:51:25.401+0000] {processor.py:753} INFO - DAG(s) dict_keys(['example_kubernetes_executor']) retrieved from /home/airflow/.local/lib/python3.7/site-packages/airflow/example_dags/example_kubernetes_executor.py
[2022-12-06T05:51:25.490+0000] {logging_mixin.py:137} INFO - [2022-12-06T05:51:25.490+0000] {dag.py:2676} INFO - Sync 1 DAGs
[2022-12-06T05:51:25.534+0000] {logging_mixin.py:137} INFO - [2022-12-06T05:51:25.533+0000] {dag.py:3427} INFO - Setting next_dagrun for example_kubernetes_executor to None, run_after=None
[2022-12-06T05:51:25.567+0000] {processor.py:175} INFO - Processing /home/airflow/.local/lib/python3.7/site-packages/airflow/example_dags/example_kubernetes_executor.py took 0.358 seconds
[2022-12-06T05:52:15.543+0000] {processor.py:153} INFO - Started process (PID=511) to work on /home/airflow/.local/lib/python3.7/site-packages/airflow/example_dags/example_kubernetes_executor.py
[2022-12-06T05:52:15.548+0000] {processor.py:743} INFO - Processing file /home/airflow/.local/lib/python3.7/site-packages/airflow/example_dags/example_kubernetes_executor.py for tasks to queue
[2022-12-06T05:52:15.552+0000] {logging_mixin.py:137} INFO - [2022-12-06T05:52:15.552+0000] {dagbag.py:538} INFO - Filling up the DagBag from /home/airflow/.local/lib/python3.7/site-packages/airflow/example_dags/example_kubernetes_executor.py
[2022-12-06T05:52:15.876+0000] {processor.py:753} INFO - DAG(s) dict_keys(['example_kubernetes_executor']) retrieved from /home/airflow/.local/lib/python3.7/site-packages/airflow/example_dags/example_kubernetes_executor.py
[2022-12-06T05:52:16.017+0000] {logging_mixin.py:137} INFO - [2022-12-06T05:52:16.016+0000] {dag.py:2676} INFO - Sync 1 DAGs
[2022-12-06T05:52:16.086+0000] {logging_mixin.py:137} INFO - [2022-12-06T05:52:16.086+0000] {dag.py:3427} INFO - Setting next_dagrun for example_kubernetes_executor to None, run_after=None
[2022-12-06T05:52:16.147+0000] {processor.py:175} INFO - Processing /home/airflow/.local/lib/python3.7/site-packages/airflow/example_dags/example_kubernetes_executor.py took 0.622 seconds
[2022-12-06T05:53:01.465+0000] {processor.py:153} INFO - Started process (PID=594) to work on /home/airflow/.local/lib/python3.7/site-packages/airflow/example_dags/example_kubernetes_executor.py
[2022-12-06T05:53:01.469+0000] {processor.py:743} INFO - Processing file /home/airflow/.local/lib/python3.7/site-packages/airflow/example_dags/example_kubernetes_executor.py for tasks to queue
[2022-12-06T05:53:01.500+0000] {logging_mixin.py:137} INFO - [2022-12-06T05:53:01.499+0000] {dagbag.py:538} INFO - Filling up the DagBag from /home/airflow/.local/lib/python3.7/site-packages/airflow/example_dags/example_kubernetes_executor.py
[2022-12-06T05:53:01.804+0000] {processor.py:753} INFO - DAG(s) dict_keys(['example_kubernetes_executor']) retrieved from /home/airflow/.local/lib/python3.7/site-packages/airflow/example_dags/example_kubernetes_executor.py
[2022-12-06T05:53:01.945+0000] {logging_mixin.py:137} INFO - [2022-12-06T05:53:01.945+0000] {dag.py:2676} INFO - Sync 1 DAGs
[2022-12-06T05:53:02.013+0000] {logging_mixin.py:137} INFO - [2022-12-06T05:53:02.013+0000] {dag.py:3427} INFO - Setting next_dagrun for example_kubernetes_executor to None, run_after=None
[2022-12-06T05:53:02.059+0000] {processor.py:175} INFO - Processing /home/airflow/.local/lib/python3.7/site-packages/airflow/example_dags/example_kubernetes_executor.py took 0.603 seconds
[2022-12-06T05:53:42.676+0000] {processor.py:153} INFO - Started process (PID=658) to work on /home/airflow/.local/lib/python3.7/site-packages/airflow/example_dags/example_kubernetes_executor.py
[2022-12-06T05:53:42.680+0000] {processor.py:743} INFO - Processing file /home/airflow/.local/lib/python3.7/site-packages/airflow/example_dags/example_kubernetes_executor.py for tasks to queue
[2022-12-06T05:53:42.682+0000] {logging_mixin.py:137} INFO - [2022-12-06T05:53:42.682+0000] {dagbag.py:538} INFO - Filling up the DagBag from /home/airflow/.local/lib/python3.7/site-packages/airflow/example_dags/example_kubernetes_executor.py
[2022-12-06T05:53:42.932+0000] {processor.py:753} INFO - DAG(s) dict_keys(['example_kubernetes_executor']) retrieved from /home/airflow/.local/lib/python3.7/site-packages/airflow/example_dags/example_kubernetes_executor.py
[2022-12-06T05:53:43.062+0000] {logging_mixin.py:137} INFO - [2022-12-06T05:53:43.062+0000] {dag.py:2676} INFO - Sync 1 DAGs
[2022-12-06T05:53:43.118+0000] {logging_mixin.py:137} INFO - [2022-12-06T05:53:43.118+0000] {dag.py:3427} INFO - Setting next_dagrun for example_kubernetes_executor to None, run_after=None
[2022-12-06T05:53:43.171+0000] {processor.py:175} INFO - Processing /home/airflow/.local/lib/python3.7/site-packages/airflow/example_dags/example_kubernetes_executor.py took 0.507 seconds
[2022-12-06T05:54:24.215+0000] {processor.py:153} INFO - Started process (PID=734) to work on /home/airflow/.local/lib/python3.7/site-packages/airflow/example_dags/example_kubernetes_executor.py
[2022-12-06T05:54:24.218+0000] {processor.py:743} INFO - Processing file /home/airflow/.local/lib/python3.7/site-packages/airflow/example_dags/example_kubernetes_executor.py for tasks to queue
[2022-12-06T05:54:24.221+0000] {logging_mixin.py:137} INFO - [2022-12-06T05:54:24.220+0000] {dagbag.py:538} INFO - Filling up the DagBag from /home/airflow/.local/lib/python3.7/site-packages/airflow/example_dags/example_kubernetes_executor.py
[2022-12-06T05:54:24.487+0000] {processor.py:753} INFO - DAG(s) dict_keys(['example_kubernetes_executor']) retrieved from /home/airflow/.local/lib/python3.7/site-packages/airflow/example_dags/example_kubernetes_executor.py
[2022-12-06T05:54:24.650+0000] {logging_mixin.py:137} INFO - [2022-12-06T05:54:24.650+0000] {dag.py:2676} INFO - Sync 1 DAGs
[2022-12-06T05:54:24.720+0000] {logging_mixin.py:137} INFO - [2022-12-06T05:54:24.720+0000] {dag.py:3427} INFO - Setting next_dagrun for example_kubernetes_executor to None, run_after=None
[2022-12-06T05:54:24.785+0000] {processor.py:175} INFO - Processing /home/airflow/.local/lib/python3.7/site-packages/airflow/example_dags/example_kubernetes_executor.py took 0.578 seconds
[2022-12-06T05:54:55.531+0000] {processor.py:153} INFO - Started process (PID=809) to work on /home/airflow/.local/lib/python3.7/site-packages/airflow/example_dags/example_kubernetes_executor.py
[2022-12-06T05:54:55.533+0000] {processor.py:743} INFO - Processing file /home/airflow/.local/lib/python3.7/site-packages/airflow/example_dags/example_kubernetes_executor.py for tasks to queue
[2022-12-06T05:54:55.536+0000] {logging_mixin.py:137} INFO - [2022-12-06T05:54:55.535+0000] {dagbag.py:538} INFO - Filling up the DagBag from /home/airflow/.local/lib/python3.7/site-packages/airflow/example_dags/example_kubernetes_executor.py
[2022-12-06T05:54:55.782+0000] {processor.py:753} INFO - DAG(s) dict_keys(['example_kubernetes_executor']) retrieved from /home/airflow/.local/lib/python3.7/site-packages/airflow/example_dags/example_kubernetes_executor.py
[2022-12-06T05:54:55.885+0000] {logging_mixin.py:137} INFO - [2022-12-06T05:54:55.885+0000] {dag.py:2676} INFO - Sync 1 DAGs
[2022-12-06T05:54:55.925+0000] {logging_mixin.py:137} INFO - [2022-12-06T05:54:55.925+0000] {dag.py:3427} INFO - Setting next_dagrun for example_kubernetes_executor to None, run_after=None
[2022-12-06T05:54:55.960+0000] {processor.py:175} INFO - Processing /home/airflow/.local/lib/python3.7/site-packages/airflow/example_dags/example_kubernetes_executor.py took 0.437 seconds
[2022-12-06T05:55:39.698+0000] {processor.py:153} INFO - Started process (PID=879) to work on /home/airflow/.local/lib/python3.7/site-packages/airflow/example_dags/example_kubernetes_executor.py
[2022-12-06T05:55:39.701+0000] {processor.py:743} INFO - Processing file /home/airflow/.local/lib/python3.7/site-packages/airflow/example_dags/example_kubernetes_executor.py for tasks to queue
[2022-12-06T05:55:39.704+0000] {logging_mixin.py:137} INFO - [2022-12-06T05:55:39.704+0000] {dagbag.py:538} INFO - Filling up the DagBag from /home/airflow/.local/lib/python3.7/site-packages/airflow/example_dags/example_kubernetes_executor.py
[2022-12-06T05:55:39.970+0000] {processor.py:753} INFO - DAG(s) dict_keys(['example_kubernetes_executor']) retrieved from /home/airflow/.local/lib/python3.7/site-packages/airflow/example_dags/example_kubernetes_executor.py
[2022-12-06T05:55:40.110+0000] {logging_mixin.py:137} INFO - [2022-12-06T05:55:40.109+0000] {dag.py:2676} INFO - Sync 1 DAGs
[2022-12-06T05:55:40.155+0000] {logging_mixin.py:137} INFO - [2022-12-06T05:55:40.155+0000] {dag.py:3427} INFO - Setting next_dagrun for example_kubernetes_executor to None, run_after=None
[2022-12-06T05:55:40.192+0000] {processor.py:175} INFO - Processing /home/airflow/.local/lib/python3.7/site-packages/airflow/example_dags/example_kubernetes_executor.py took 0.501 seconds
[2022-12-06T05:56:31.479+0000] {processor.py:153} INFO - Started process (PID=946) to work on /home/airflow/.local/lib/python3.7/site-packages/airflow/example_dags/example_kubernetes_executor.py
[2022-12-06T05:56:31.482+0000] {processor.py:743} INFO - Processing file /home/airflow/.local/lib/python3.7/site-packages/airflow/example_dags/example_kubernetes_executor.py for tasks to queue
[2022-12-06T05:56:31.484+0000] {logging_mixin.py:137} INFO - [2022-12-06T05:56:31.483+0000] {dagbag.py:538} INFO - Filling up the DagBag from /home/airflow/.local/lib/python3.7/site-packages/airflow/example_dags/example_kubernetes_executor.py
[2022-12-06T05:56:31.709+0000] {processor.py:753} INFO - DAG(s) dict_keys(['example_kubernetes_executor']) retrieved from /home/airflow/.local/lib/python3.7/site-packages/airflow/example_dags/example_kubernetes_executor.py
[2022-12-06T05:56:31.839+0000] {logging_mixin.py:137} INFO - [2022-12-06T05:56:31.838+0000] {dag.py:2676} INFO - Sync 1 DAGs
[2022-12-06T05:56:31.889+0000] {logging_mixin.py:137} INFO - [2022-12-06T05:56:31.889+0000] {dag.py:3427} INFO - Setting next_dagrun for example_kubernetes_executor to None, run_after=None
[2022-12-06T05:56:31.923+0000] {processor.py:175} INFO - Processing /home/airflow/.local/lib/python3.7/site-packages/airflow/example_dags/example_kubernetes_executor.py took 0.449 seconds
[2022-12-06T05:57:15.743+0000] {processor.py:153} INFO - Started process (PID=1031) to work on /home/airflow/.local/lib/python3.7/site-packages/airflow/example_dags/example_kubernetes_executor.py
[2022-12-06T05:57:15.748+0000] {processor.py:743} INFO - Processing file /home/airflow/.local/lib/python3.7/site-packages/airflow/example_dags/example_kubernetes_executor.py for tasks to queue
[2022-12-06T05:57:15.761+0000] {logging_mixin.py:137} INFO - [2022-12-06T05:57:15.761+0000] {dagbag.py:538} INFO - Filling up the DagBag from /home/airflow/.local/lib/python3.7/site-packages/airflow/example_dags/example_kubernetes_executor.py
[2022-12-06T05:57:16.409+0000] {processor.py:753} INFO - DAG(s) dict_keys(['example_kubernetes_executor']) retrieved from /home/airflow/.local/lib/python3.7/site-packages/airflow/example_dags/example_kubernetes_executor.py
[2022-12-06T05:57:16.614+0000] {logging_mixin.py:137} INFO - [2022-12-06T05:57:16.613+0000] {dag.py:2676} INFO - Sync 1 DAGs
[2022-12-06T05:57:16.696+0000] {logging_mixin.py:137} INFO - [2022-12-06T05:57:16.695+0000] {dag.py:3427} INFO - Setting next_dagrun for example_kubernetes_executor to None, run_after=None
[2022-12-06T05:57:16.779+0000] {processor.py:175} INFO - Processing /home/airflow/.local/lib/python3.7/site-packages/airflow/example_dags/example_kubernetes_executor.py took 1.061 seconds
[2022-12-06T05:57:54.884+0000] {processor.py:153} INFO - Started process (PID=1099) to work on /home/airflow/.local/lib/python3.7/site-packages/airflow/example_dags/example_kubernetes_executor.py
[2022-12-06T05:57:54.938+0000] {processor.py:743} INFO - Processing file /home/airflow/.local/lib/python3.7/site-packages/airflow/example_dags/example_kubernetes_executor.py for tasks to queue
[2022-12-06T05:57:54.946+0000] {logging_mixin.py:137} INFO - [2022-12-06T05:57:54.946+0000] {dagbag.py:538} INFO - Filling up the DagBag from /home/airflow/.local/lib/python3.7/site-packages/airflow/example_dags/example_kubernetes_executor.py
[2022-12-06T05:57:55.242+0000] {processor.py:753} INFO - DAG(s) dict_keys(['example_kubernetes_executor']) retrieved from /home/airflow/.local/lib/python3.7/site-packages/airflow/example_dags/example_kubernetes_executor.py
[2022-12-06T05:57:55.371+0000] {logging_mixin.py:137} INFO - [2022-12-06T05:57:55.371+0000] {dag.py:2676} INFO - Sync 1 DAGs
[2022-12-06T05:57:55.448+0000] {logging_mixin.py:137} INFO - [2022-12-06T05:57:55.448+0000] {dag.py:3427} INFO - Setting next_dagrun for example_kubernetes_executor to None, run_after=None
[2022-12-06T05:57:55.519+0000] {processor.py:175} INFO - Processing /home/airflow/.local/lib/python3.7/site-packages/airflow/example_dags/example_kubernetes_executor.py took 0.645 seconds
[2022-12-06T05:58:35.312+0000] {processor.py:153} INFO - Started process (PID=1168) to work on /home/airflow/.local/lib/python3.7/site-packages/airflow/example_dags/example_kubernetes_executor.py
[2022-12-06T05:58:35.316+0000] {processor.py:743} INFO - Processing file /home/airflow/.local/lib/python3.7/site-packages/airflow/example_dags/example_kubernetes_executor.py for tasks to queue
[2022-12-06T05:58:35.319+0000] {logging_mixin.py:137} INFO - [2022-12-06T05:58:35.319+0000] {dagbag.py:538} INFO - Filling up the DagBag from /home/airflow/.local/lib/python3.7/site-packages/airflow/example_dags/example_kubernetes_executor.py
[2022-12-06T05:58:35.727+0000] {processor.py:753} INFO - DAG(s) dict_keys(['example_kubernetes_executor']) retrieved from /home/airflow/.local/lib/python3.7/site-packages/airflow/example_dags/example_kubernetes_executor.py
[2022-12-06T05:58:35.886+0000] {logging_mixin.py:137} INFO - [2022-12-06T05:58:35.886+0000] {dag.py:2676} INFO - Sync 1 DAGs
[2022-12-06T05:58:35.969+0000] {logging_mixin.py:137} INFO - [2022-12-06T05:58:35.969+0000] {dag.py:3427} INFO - Setting next_dagrun for example_kubernetes_executor to None, run_after=None
[2022-12-06T05:58:36.026+0000] {processor.py:175} INFO - Processing /home/airflow/.local/lib/python3.7/site-packages/airflow/example_dags/example_kubernetes_executor.py took 0.725 seconds
[2022-12-06T05:59:18.101+0000] {processor.py:153} INFO - Started process (PID=1252) to work on /home/airflow/.local/lib/python3.7/site-packages/airflow/example_dags/example_kubernetes_executor.py
[2022-12-06T05:59:18.104+0000] {processor.py:743} INFO - Processing file /home/airflow/.local/lib/python3.7/site-packages/airflow/example_dags/example_kubernetes_executor.py for tasks to queue
[2022-12-06T05:59:18.106+0000] {logging_mixin.py:137} INFO - [2022-12-06T05:59:18.106+0000] {dagbag.py:538} INFO - Filling up the DagBag from /home/airflow/.local/lib/python3.7/site-packages/airflow/example_dags/example_kubernetes_executor.py
[2022-12-06T05:59:18.362+0000] {processor.py:753} INFO - DAG(s) dict_keys(['example_kubernetes_executor']) retrieved from /home/airflow/.local/lib/python3.7/site-packages/airflow/example_dags/example_kubernetes_executor.py
[2022-12-06T05:59:18.474+0000] {logging_mixin.py:137} INFO - [2022-12-06T05:59:18.474+0000] {dag.py:2676} INFO - Sync 1 DAGs
[2022-12-06T05:59:18.518+0000] {logging_mixin.py:137} INFO - [2022-12-06T05:59:18.518+0000] {dag.py:3427} INFO - Setting next_dagrun for example_kubernetes_executor to None, run_after=None
[2022-12-06T05:59:18.557+0000] {processor.py:175} INFO - Processing /home/airflow/.local/lib/python3.7/site-packages/airflow/example_dags/example_kubernetes_executor.py took 0.462 seconds
[2022-12-06T05:59:56.670+0000] {processor.py:153} INFO - Started process (PID=1319) to work on /home/airflow/.local/lib/python3.7/site-packages/airflow/example_dags/example_kubernetes_executor.py
[2022-12-06T05:59:56.673+0000] {processor.py:743} INFO - Processing file /home/airflow/.local/lib/python3.7/site-packages/airflow/example_dags/example_kubernetes_executor.py for tasks to queue
[2022-12-06T05:59:56.675+0000] {logging_mixin.py:137} INFO - [2022-12-06T05:59:56.675+0000] {dagbag.py:538} INFO - Filling up the DagBag from /home/airflow/.local/lib/python3.7/site-packages/airflow/example_dags/example_kubernetes_executor.py
[2022-12-06T05:59:56.892+0000] {processor.py:753} INFO - DAG(s) dict_keys(['example_kubernetes_executor']) retrieved from /home/airflow/.local/lib/python3.7/site-packages/airflow/example_dags/example_kubernetes_executor.py
[2022-12-06T05:59:57.007+0000] {logging_mixin.py:137} INFO - [2022-12-06T05:59:57.006+0000] {dag.py:2676} INFO - Sync 1 DAGs
[2022-12-06T05:59:57.041+0000] {logging_mixin.py:137} INFO - [2022-12-06T05:59:57.040+0000] {dag.py:3427} INFO - Setting next_dagrun for example_kubernetes_executor to None, run_after=None
[2022-12-06T05:59:57.067+0000] {processor.py:175} INFO - Processing /home/airflow/.local/lib/python3.7/site-packages/airflow/example_dags/example_kubernetes_executor.py took 0.402 seconds
[2022-12-06T06:00:44.889+0000] {processor.py:153} INFO - Started process (PID=1403) to work on /home/airflow/.local/lib/python3.7/site-packages/airflow/example_dags/example_kubernetes_executor.py
[2022-12-06T06:00:44.892+0000] {processor.py:743} INFO - Processing file /home/airflow/.local/lib/python3.7/site-packages/airflow/example_dags/example_kubernetes_executor.py for tasks to queue
[2022-12-06T06:00:44.894+0000] {logging_mixin.py:137} INFO - [2022-12-06T06:00:44.894+0000] {dagbag.py:538} INFO - Filling up the DagBag from /home/airflow/.local/lib/python3.7/site-packages/airflow/example_dags/example_kubernetes_executor.py
[2022-12-06T06:00:45.152+0000] {processor.py:753} INFO - DAG(s) dict_keys(['example_kubernetes_executor']) retrieved from /home/airflow/.local/lib/python3.7/site-packages/airflow/example_dags/example_kubernetes_executor.py
[2022-12-06T06:00:45.271+0000] {logging_mixin.py:137} INFO - [2022-12-06T06:00:45.270+0000] {dag.py:2676} INFO - Sync 1 DAGs
[2022-12-06T06:00:45.315+0000] {logging_mixin.py:137} INFO - [2022-12-06T06:00:45.315+0000] {dag.py:3427} INFO - Setting next_dagrun for example_kubernetes_executor to None, run_after=None
[2022-12-06T06:00:45.349+0000] {processor.py:175} INFO - Processing /home/airflow/.local/lib/python3.7/site-packages/airflow/example_dags/example_kubernetes_executor.py took 0.465 seconds
[2022-12-06T06:01:15.637+0000] {processor.py:153} INFO - Started process (PID=1473) to work on /home/airflow/.local/lib/python3.7/site-packages/airflow/example_dags/example_kubernetes_executor.py
[2022-12-06T06:01:15.640+0000] {processor.py:743} INFO - Processing file /home/airflow/.local/lib/python3.7/site-packages/airflow/example_dags/example_kubernetes_executor.py for tasks to queue
[2022-12-06T06:01:15.643+0000] {logging_mixin.py:137} INFO - [2022-12-06T06:01:15.643+0000] {dagbag.py:538} INFO - Filling up the DagBag from /home/airflow/.local/lib/python3.7/site-packages/airflow/example_dags/example_kubernetes_executor.py
[2022-12-06T06:01:15.709+0000] {processor.py:753} INFO - DAG(s) dict_keys(['example_kubernetes_executor']) retrieved from /home/airflow/.local/lib/python3.7/site-packages/airflow/example_dags/example_kubernetes_executor.py
[2022-12-06T06:01:15.788+0000] {logging_mixin.py:137} INFO - [2022-12-06T06:01:15.787+0000] {dag.py:2676} INFO - Sync 1 DAGs
[2022-12-06T06:01:15.826+0000] {logging_mixin.py:137} INFO - [2022-12-06T06:01:15.826+0000] {dag.py:3427} INFO - Setting next_dagrun for example_kubernetes_executor to None, run_after=None
[2022-12-06T06:01:15.836+0000] {processor.py:175} INFO - Processing /home/airflow/.local/lib/python3.7/site-packages/airflow/example_dags/example_kubernetes_executor.py took 0.242 seconds
[2022-12-06T06:01:47.479+0000] {processor.py:153} INFO - Started process (PID=1555) to work on /home/airflow/.local/lib/python3.7/site-packages/airflow/example_dags/example_kubernetes_executor.py
[2022-12-06T06:01:47.482+0000] {processor.py:743} INFO - Processing file /home/airflow/.local/lib/python3.7/site-packages/airflow/example_dags/example_kubernetes_executor.py for tasks to queue
[2022-12-06T06:01:47.488+0000] {logging_mixin.py:137} INFO - [2022-12-06T06:01:47.488+0000] {dagbag.py:538} INFO - Filling up the DagBag from /home/airflow/.local/lib/python3.7/site-packages/airflow/example_dags/example_kubernetes_executor.py
[2022-12-06T06:01:47.737+0000] {processor.py:753} INFO - DAG(s) dict_keys(['example_kubernetes_executor']) retrieved from /home/airflow/.local/lib/python3.7/site-packages/airflow/example_dags/example_kubernetes_executor.py
[2022-12-06T06:01:47.842+0000] {logging_mixin.py:137} INFO - [2022-12-06T06:01:47.842+0000] {dag.py:2676} INFO - Sync 1 DAGs
[2022-12-06T06:01:47.896+0000] {logging_mixin.py:137} INFO - [2022-12-06T06:01:47.896+0000] {dag.py:3427} INFO - Setting next_dagrun for example_kubernetes_executor to None, run_after=None
[2022-12-06T06:01:47.937+0000] {processor.py:175} INFO - Processing /home/airflow/.local/lib/python3.7/site-packages/airflow/example_dags/example_kubernetes_executor.py took 0.465 seconds
[2022-12-06T06:02:23.640+0000] {processor.py:153} INFO - Started process (PID=1622) to work on /home/airflow/.local/lib/python3.7/site-packages/airflow/example_dags/example_kubernetes_executor.py
[2022-12-06T06:02:23.644+0000] {processor.py:743} INFO - Processing file /home/airflow/.local/lib/python3.7/site-packages/airflow/example_dags/example_kubernetes_executor.py for tasks to queue
[2022-12-06T06:02:23.647+0000] {logging_mixin.py:137} INFO - [2022-12-06T06:02:23.647+0000] {dagbag.py:538} INFO - Filling up the DagBag from /home/airflow/.local/lib/python3.7/site-packages/airflow/example_dags/example_kubernetes_executor.py
[2022-12-06T06:02:23.723+0000] {processor.py:753} INFO - DAG(s) dict_keys(['example_kubernetes_executor']) retrieved from /home/airflow/.local/lib/python3.7/site-packages/airflow/example_dags/example_kubernetes_executor.py
[2022-12-06T06:02:23.817+0000] {logging_mixin.py:137} INFO - [2022-12-06T06:02:23.816+0000] {dag.py:2676} INFO - Sync 1 DAGs
[2022-12-06T06:02:23.872+0000] {logging_mixin.py:137} INFO - [2022-12-06T06:02:23.872+0000] {dag.py:3427} INFO - Setting next_dagrun for example_kubernetes_executor to None, run_after=None
[2022-12-06T06:02:23.921+0000] {processor.py:175} INFO - Processing /home/airflow/.local/lib/python3.7/site-packages/airflow/example_dags/example_kubernetes_executor.py took 0.290 seconds
[2022-12-06T06:03:07.645+0000] {processor.py:153} INFO - Started process (PID=1691) to work on /home/airflow/.local/lib/python3.7/site-packages/airflow/example_dags/example_kubernetes_executor.py
[2022-12-06T06:03:07.648+0000] {processor.py:743} INFO - Processing file /home/airflow/.local/lib/python3.7/site-packages/airflow/example_dags/example_kubernetes_executor.py for tasks to queue
[2022-12-06T06:03:07.650+0000] {logging_mixin.py:137} INFO - [2022-12-06T06:03:07.649+0000] {dagbag.py:538} INFO - Filling up the DagBag from /home/airflow/.local/lib/python3.7/site-packages/airflow/example_dags/example_kubernetes_executor.py
[2022-12-06T06:03:07.949+0000] {processor.py:753} INFO - DAG(s) dict_keys(['example_kubernetes_executor']) retrieved from /home/airflow/.local/lib/python3.7/site-packages/airflow/example_dags/example_kubernetes_executor.py
[2022-12-06T06:03:08.105+0000] {logging_mixin.py:137} INFO - [2022-12-06T06:03:08.105+0000] {dag.py:2676} INFO - Sync 1 DAGs
[2022-12-06T06:03:08.166+0000] {logging_mixin.py:137} INFO - [2022-12-06T06:03:08.166+0000] {dag.py:3427} INFO - Setting next_dagrun for example_kubernetes_executor to None, run_after=None
[2022-12-06T06:03:08.217+0000] {processor.py:175} INFO - Processing /home/airflow/.local/lib/python3.7/site-packages/airflow/example_dags/example_kubernetes_executor.py took 0.578 seconds
[2022-12-06T06:04:02.301+0000] {processor.py:153} INFO - Started process (PID=1786) to work on /home/airflow/.local/lib/python3.7/site-packages/airflow/example_dags/example_kubernetes_executor.py
[2022-12-06T06:04:02.305+0000] {processor.py:743} INFO - Processing file /home/airflow/.local/lib/python3.7/site-packages/airflow/example_dags/example_kubernetes_executor.py for tasks to queue
[2022-12-06T06:04:02.312+0000] {logging_mixin.py:137} INFO - [2022-12-06T06:04:02.311+0000] {dagbag.py:538} INFO - Filling up the DagBag from /home/airflow/.local/lib/python3.7/site-packages/airflow/example_dags/example_kubernetes_executor.py
[2022-12-06T06:04:02.640+0000] {processor.py:753} INFO - DAG(s) dict_keys(['example_kubernetes_executor']) retrieved from /home/airflow/.local/lib/python3.7/site-packages/airflow/example_dags/example_kubernetes_executor.py
[2022-12-06T06:04:02.814+0000] {logging_mixin.py:137} INFO - [2022-12-06T06:04:02.813+0000] {dag.py:2676} INFO - Sync 1 DAGs
[2022-12-06T06:04:02.888+0000] {logging_mixin.py:137} INFO - [2022-12-06T06:04:02.888+0000] {dag.py:3427} INFO - Setting next_dagrun for example_kubernetes_executor to None, run_after=None
[2022-12-06T06:04:02.980+0000] {processor.py:175} INFO - Processing /home/airflow/.local/lib/python3.7/site-packages/airflow/example_dags/example_kubernetes_executor.py took 0.689 seconds
[2022-12-06T06:04:37.451+0000] {processor.py:153} INFO - Started process (PID=1854) to work on /home/airflow/.local/lib/python3.7/site-packages/airflow/example_dags/example_kubernetes_executor.py
[2022-12-06T06:04:37.453+0000] {processor.py:743} INFO - Processing file /home/airflow/.local/lib/python3.7/site-packages/airflow/example_dags/example_kubernetes_executor.py for tasks to queue
[2022-12-06T06:04:37.454+0000] {logging_mixin.py:137} INFO - [2022-12-06T06:04:37.454+0000] {dagbag.py:538} INFO - Filling up the DagBag from /home/airflow/.local/lib/python3.7/site-packages/airflow/example_dags/example_kubernetes_executor.py
[2022-12-06T06:04:37.685+0000] {processor.py:753} INFO - DAG(s) dict_keys(['example_kubernetes_executor']) retrieved from /home/airflow/.local/lib/python3.7/site-packages/airflow/example_dags/example_kubernetes_executor.py
[2022-12-06T06:04:37.777+0000] {logging_mixin.py:137} INFO - [2022-12-06T06:04:37.777+0000] {dag.py:2676} INFO - Sync 1 DAGs
[2022-12-06T06:04:37.808+0000] {logging_mixin.py:137} INFO - [2022-12-06T06:04:37.808+0000] {dag.py:3427} INFO - Setting next_dagrun for example_kubernetes_executor to None, run_after=None
[2022-12-06T06:04:37.838+0000] {processor.py:175} INFO - Processing /home/airflow/.local/lib/python3.7/site-packages/airflow/example_dags/example_kubernetes_executor.py took 0.391 seconds
[2022-12-06T06:05:17.882+0000] {processor.py:153} INFO - Started process (PID=1923) to work on /home/airflow/.local/lib/python3.7/site-packages/airflow/example_dags/example_kubernetes_executor.py
[2022-12-06T06:05:17.884+0000] {processor.py:743} INFO - Processing file /home/airflow/.local/lib/python3.7/site-packages/airflow/example_dags/example_kubernetes_executor.py for tasks to queue
[2022-12-06T06:05:17.886+0000] {logging_mixin.py:137} INFO - [2022-12-06T06:05:17.886+0000] {dagbag.py:538} INFO - Filling up the DagBag from /home/airflow/.local/lib/python3.7/site-packages/airflow/example_dags/example_kubernetes_executor.py
[2022-12-06T06:05:18.168+0000] {processor.py:753} INFO - DAG(s) dict_keys(['example_kubernetes_executor']) retrieved from /home/airflow/.local/lib/python3.7/site-packages/airflow/example_dags/example_kubernetes_executor.py
[2022-12-06T06:05:18.283+0000] {logging_mixin.py:137} INFO - [2022-12-06T06:05:18.283+0000] {dag.py:2676} INFO - Sync 1 DAGs
[2022-12-06T06:05:18.328+0000] {logging_mixin.py:137} INFO - [2022-12-06T06:05:18.328+0000] {dag.py:3427} INFO - Setting next_dagrun for example_kubernetes_executor to None, run_after=None
[2022-12-06T06:05:18.365+0000] {processor.py:175} INFO - Processing /home/airflow/.local/lib/python3.7/site-packages/airflow/example_dags/example_kubernetes_executor.py took 0.488 seconds
[2022-12-06T06:05:48.739+0000] {processor.py:153} INFO - Started process (PID=1991) to work on /home/airflow/.local/lib/python3.7/site-packages/airflow/example_dags/example_kubernetes_executor.py
[2022-12-06T06:05:48.741+0000] {processor.py:743} INFO - Processing file /home/airflow/.local/lib/python3.7/site-packages/airflow/example_dags/example_kubernetes_executor.py for tasks to queue
[2022-12-06T06:05:48.743+0000] {logging_mixin.py:137} INFO - [2022-12-06T06:05:48.743+0000] {dagbag.py:538} INFO - Filling up the DagBag from /home/airflow/.local/lib/python3.7/site-packages/airflow/example_dags/example_kubernetes_executor.py
[2022-12-06T06:05:48.945+0000] {processor.py:753} INFO - DAG(s) dict_keys(['example_kubernetes_executor']) retrieved from /home/airflow/.local/lib/python3.7/site-packages/airflow/example_dags/example_kubernetes_executor.py
[2022-12-06T06:05:49.032+0000] {logging_mixin.py:137} INFO - [2022-12-06T06:05:49.032+0000] {dag.py:2676} INFO - Sync 1 DAGs
[2022-12-06T06:05:49.065+0000] {logging_mixin.py:137} INFO - [2022-12-06T06:05:49.065+0000] {dag.py:3427} INFO - Setting next_dagrun for example_kubernetes_executor to None, run_after=None
[2022-12-06T06:05:49.088+0000] {processor.py:175} INFO - Processing /home/airflow/.local/lib/python3.7/site-packages/airflow/example_dags/example_kubernetes_executor.py took 0.355 seconds
[2022-12-06T06:06:25.704+0000] {processor.py:153} INFO - Started process (PID=2058) to work on /home/airflow/.local/lib/python3.7/site-packages/airflow/example_dags/example_kubernetes_executor.py
[2022-12-06T06:06:25.712+0000] {processor.py:743} INFO - Processing file /home/airflow/.local/lib/python3.7/site-packages/airflow/example_dags/example_kubernetes_executor.py for tasks to queue
[2022-12-06T06:06:25.719+0000] {logging_mixin.py:137} INFO - [2022-12-06T06:06:25.718+0000] {dagbag.py:538} INFO - Filling up the DagBag from /home/airflow/.local/lib/python3.7/site-packages/airflow/example_dags/example_kubernetes_executor.py
[2022-12-06T06:06:26.364+0000] {processor.py:753} INFO - DAG(s) dict_keys(['example_kubernetes_executor']) retrieved from /home/airflow/.local/lib/python3.7/site-packages/airflow/example_dags/example_kubernetes_executor.py
[2022-12-06T06:06:26.584+0000] {logging_mixin.py:137} INFO - [2022-12-06T06:06:26.584+0000] {dag.py:2676} INFO - Sync 1 DAGs
[2022-12-06T06:06:26.728+0000] {logging_mixin.py:137} INFO - [2022-12-06T06:06:26.728+0000] {dag.py:3427} INFO - Setting next_dagrun for example_kubernetes_executor to None, run_after=None
[2022-12-06T06:06:26.906+0000] {processor.py:175} INFO - Processing /home/airflow/.local/lib/python3.7/site-packages/airflow/example_dags/example_kubernetes_executor.py took 1.221 seconds
[2022-12-06T06:07:04.737+0000] {processor.py:153} INFO - Started process (PID=2140) to work on /home/airflow/.local/lib/python3.7/site-packages/airflow/example_dags/example_kubernetes_executor.py
[2022-12-06T06:07:04.740+0000] {processor.py:743} INFO - Processing file /home/airflow/.local/lib/python3.7/site-packages/airflow/example_dags/example_kubernetes_executor.py for tasks to queue
[2022-12-06T06:07:04.743+0000] {logging_mixin.py:137} INFO - [2022-12-06T06:07:04.743+0000] {dagbag.py:538} INFO - Filling up the DagBag from /home/airflow/.local/lib/python3.7/site-packages/airflow/example_dags/example_kubernetes_executor.py
[2022-12-06T06:07:04.997+0000] {processor.py:753} INFO - DAG(s) dict_keys(['example_kubernetes_executor']) retrieved from /home/airflow/.local/lib/python3.7/site-packages/airflow/example_dags/example_kubernetes_executor.py
[2022-12-06T06:07:05.123+0000] {logging_mixin.py:137} INFO - [2022-12-06T06:07:05.122+0000] {dag.py:2676} INFO - Sync 1 DAGs
[2022-12-06T06:07:05.168+0000] {logging_mixin.py:137} INFO - [2022-12-06T06:07:05.168+0000] {dag.py:3427} INFO - Setting next_dagrun for example_kubernetes_executor to None, run_after=None
[2022-12-06T06:07:05.211+0000] {processor.py:175} INFO - Processing /home/airflow/.local/lib/python3.7/site-packages/airflow/example_dags/example_kubernetes_executor.py took 0.479 seconds
[2022-12-06T06:07:45.046+0000] {processor.py:153} INFO - Started process (PID=2193) to work on /home/airflow/.local/lib/python3.7/site-packages/airflow/example_dags/example_kubernetes_executor.py
[2022-12-06T06:07:45.048+0000] {processor.py:743} INFO - Processing file /home/airflow/.local/lib/python3.7/site-packages/airflow/example_dags/example_kubernetes_executor.py for tasks to queue
[2022-12-06T06:07:45.050+0000] {logging_mixin.py:137} INFO - [2022-12-06T06:07:45.050+0000] {dagbag.py:538} INFO - Filling up the DagBag from /home/airflow/.local/lib/python3.7/site-packages/airflow/example_dags/example_kubernetes_executor.py
[2022-12-06T06:07:45.258+0000] {processor.py:753} INFO - DAG(s) dict_keys(['example_kubernetes_executor']) retrieved from /home/airflow/.local/lib/python3.7/site-packages/airflow/example_dags/example_kubernetes_executor.py
[2022-12-06T06:07:45.360+0000] {logging_mixin.py:137} INFO - [2022-12-06T06:07:45.359+0000] {dag.py:2676} INFO - Sync 1 DAGs
[2022-12-06T06:07:45.397+0000] {logging_mixin.py:137} INFO - [2022-12-06T06:07:45.397+0000] {dag.py:3427} INFO - Setting next_dagrun for example_kubernetes_executor to None, run_after=None
[2022-12-06T06:07:45.427+0000] {processor.py:175} INFO - Processing /home/airflow/.local/lib/python3.7/site-packages/airflow/example_dags/example_kubernetes_executor.py took 0.388 seconds
[2022-12-06T06:08:43.740+0000] {processor.py:153} INFO - Started process (PID=2275) to work on /home/airflow/.local/lib/python3.7/site-packages/airflow/example_dags/example_kubernetes_executor.py
[2022-12-06T06:08:43.743+0000] {processor.py:743} INFO - Processing file /home/airflow/.local/lib/python3.7/site-packages/airflow/example_dags/example_kubernetes_executor.py for tasks to queue
[2022-12-06T06:08:43.747+0000] {logging_mixin.py:137} INFO - [2022-12-06T06:08:43.746+0000] {dagbag.py:538} INFO - Filling up the DagBag from /home/airflow/.local/lib/python3.7/site-packages/airflow/example_dags/example_kubernetes_executor.py
[2022-12-06T06:08:44.028+0000] {processor.py:753} INFO - DAG(s) dict_keys(['example_kubernetes_executor']) retrieved from /home/airflow/.local/lib/python3.7/site-packages/airflow/example_dags/example_kubernetes_executor.py
[2022-12-06T06:08:44.186+0000] {logging_mixin.py:137} INFO - [2022-12-06T06:08:44.186+0000] {dag.py:2676} INFO - Sync 1 DAGs
[2022-12-06T06:08:44.254+0000] {logging_mixin.py:137} INFO - [2022-12-06T06:08:44.254+0000] {dag.py:3427} INFO - Setting next_dagrun for example_kubernetes_executor to None, run_after=None
[2022-12-06T06:08:44.308+0000] {processor.py:175} INFO - Processing /home/airflow/.local/lib/python3.7/site-packages/airflow/example_dags/example_kubernetes_executor.py took 0.576 seconds
[2022-12-06T06:09:14.872+0000] {processor.py:153} INFO - Started process (PID=2342) to work on /home/airflow/.local/lib/python3.7/site-packages/airflow/example_dags/example_kubernetes_executor.py
[2022-12-06T06:09:14.874+0000] {processor.py:743} INFO - Processing file /home/airflow/.local/lib/python3.7/site-packages/airflow/example_dags/example_kubernetes_executor.py for tasks to queue
[2022-12-06T06:09:14.876+0000] {logging_mixin.py:137} INFO - [2022-12-06T06:09:14.876+0000] {dagbag.py:538} INFO - Filling up the DagBag from /home/airflow/.local/lib/python3.7/site-packages/airflow/example_dags/example_kubernetes_executor.py
[2022-12-06T06:09:15.115+0000] {processor.py:753} INFO - DAG(s) dict_keys(['example_kubernetes_executor']) retrieved from /home/airflow/.local/lib/python3.7/site-packages/airflow/example_dags/example_kubernetes_executor.py
[2022-12-06T06:09:15.242+0000] {logging_mixin.py:137} INFO - [2022-12-06T06:09:15.242+0000] {dag.py:2676} INFO - Sync 1 DAGs
[2022-12-06T06:09:15.292+0000] {logging_mixin.py:137} INFO - [2022-12-06T06:09:15.292+0000] {dag.py:3427} INFO - Setting next_dagrun for example_kubernetes_executor to None, run_after=None
[2022-12-06T06:09:15.332+0000] {processor.py:175} INFO - Processing /home/airflow/.local/lib/python3.7/site-packages/airflow/example_dags/example_kubernetes_executor.py took 0.465 seconds
[2022-12-06T06:09:48.362+0000] {processor.py:153} INFO - Started process (PID=2409) to work on /home/airflow/.local/lib/python3.7/site-packages/airflow/example_dags/example_kubernetes_executor.py
[2022-12-06T06:09:48.369+0000] {processor.py:743} INFO - Processing file /home/airflow/.local/lib/python3.7/site-packages/airflow/example_dags/example_kubernetes_executor.py for tasks to queue
[2022-12-06T06:09:48.372+0000] {logging_mixin.py:137} INFO - [2022-12-06T06:09:48.372+0000] {dagbag.py:538} INFO - Filling up the DagBag from /home/airflow/.local/lib/python3.7/site-packages/airflow/example_dags/example_kubernetes_executor.py
[2022-12-06T06:09:48.437+0000] {processor.py:753} INFO - DAG(s) dict_keys(['example_kubernetes_executor']) retrieved from /home/airflow/.local/lib/python3.7/site-packages/airflow/example_dags/example_kubernetes_executor.py
[2022-12-06T06:09:48.510+0000] {logging_mixin.py:137} INFO - [2022-12-06T06:09:48.510+0000] {dag.py:2676} INFO - Sync 1 DAGs
[2022-12-06T06:09:48.548+0000] {logging_mixin.py:137} INFO - [2022-12-06T06:09:48.548+0000] {dag.py:3427} INFO - Setting next_dagrun for example_kubernetes_executor to None, run_after=None
[2022-12-06T06:09:48.576+0000] {processor.py:175} INFO - Processing /home/airflow/.local/lib/python3.7/site-packages/airflow/example_dags/example_kubernetes_executor.py took 0.220 seconds
[2022-12-06T06:10:37.310+0000] {processor.py:153} INFO - Started process (PID=2493) to work on /home/airflow/.local/lib/python3.7/site-packages/airflow/example_dags/example_kubernetes_executor.py
[2022-12-06T06:10:37.314+0000] {processor.py:743} INFO - Processing file /home/airflow/.local/lib/python3.7/site-packages/airflow/example_dags/example_kubernetes_executor.py for tasks to queue
[2022-12-06T06:10:37.319+0000] {logging_mixin.py:137} INFO - [2022-12-06T06:10:37.319+0000] {dagbag.py:538} INFO - Filling up the DagBag from /home/airflow/.local/lib/python3.7/site-packages/airflow/example_dags/example_kubernetes_executor.py
[2022-12-06T06:10:37.705+0000] {processor.py:753} INFO - DAG(s) dict_keys(['example_kubernetes_executor']) retrieved from /home/airflow/.local/lib/python3.7/site-packages/airflow/example_dags/example_kubernetes_executor.py
[2022-12-06T06:10:38.008+0000] {logging_mixin.py:137} INFO - [2022-12-06T06:10:38.008+0000] {dag.py:2676} INFO - Sync 1 DAGs
[2022-12-06T06:10:38.070+0000] {logging_mixin.py:137} INFO - [2022-12-06T06:10:38.070+0000] {dag.py:3427} INFO - Setting next_dagrun for example_kubernetes_executor to None, run_after=None
[2022-12-06T06:10:38.111+0000] {processor.py:175} INFO - Processing /home/airflow/.local/lib/python3.7/site-packages/airflow/example_dags/example_kubernetes_executor.py took 0.808 seconds
[2022-12-06T06:11:17.265+0000] {processor.py:153} INFO - Started process (PID=2561) to work on /home/airflow/.local/lib/python3.7/site-packages/airflow/example_dags/example_kubernetes_executor.py
[2022-12-06T06:11:17.270+0000] {processor.py:743} INFO - Processing file /home/airflow/.local/lib/python3.7/site-packages/airflow/example_dags/example_kubernetes_executor.py for tasks to queue
[2022-12-06T06:11:17.274+0000] {logging_mixin.py:137} INFO - [2022-12-06T06:11:17.273+0000] {dagbag.py:538} INFO - Filling up the DagBag from /home/airflow/.local/lib/python3.7/site-packages/airflow/example_dags/example_kubernetes_executor.py
[2022-12-06T06:11:17.316+0000] {processor.py:753} INFO - DAG(s) dict_keys(['example_kubernetes_executor']) retrieved from /home/airflow/.local/lib/python3.7/site-packages/airflow/example_dags/example_kubernetes_executor.py
[2022-12-06T06:11:17.419+0000] {logging_mixin.py:137} INFO - [2022-12-06T06:11:17.419+0000] {dag.py:2676} INFO - Sync 1 DAGs
[2022-12-06T06:11:17.496+0000] {logging_mixin.py:137} INFO - [2022-12-06T06:11:17.496+0000] {dag.py:3427} INFO - Setting next_dagrun for example_kubernetes_executor to None, run_after=None
[2022-12-06T06:11:17.552+0000] {processor.py:175} INFO - Processing /home/airflow/.local/lib/python3.7/site-packages/airflow/example_dags/example_kubernetes_executor.py took 0.327 seconds
[2022-12-06T06:11:50.421+0000] {processor.py:153} INFO - Started process (PID=2630) to work on /home/airflow/.local/lib/python3.7/site-packages/airflow/example_dags/example_kubernetes_executor.py
[2022-12-06T06:11:50.424+0000] {processor.py:743} INFO - Processing file /home/airflow/.local/lib/python3.7/site-packages/airflow/example_dags/example_kubernetes_executor.py for tasks to queue
[2022-12-06T06:11:50.428+0000] {logging_mixin.py:137} INFO - [2022-12-06T06:11:50.427+0000] {dagbag.py:538} INFO - Filling up the DagBag from /home/airflow/.local/lib/python3.7/site-packages/airflow/example_dags/example_kubernetes_executor.py
[2022-12-06T06:11:50.774+0000] {processor.py:753} INFO - DAG(s) dict_keys(['example_kubernetes_executor']) retrieved from /home/airflow/.local/lib/python3.7/site-packages/airflow/example_dags/example_kubernetes_executor.py
[2022-12-06T06:11:50.907+0000] {logging_mixin.py:137} INFO - [2022-12-06T06:11:50.906+0000] {dag.py:2676} INFO - Sync 1 DAGs
[2022-12-06T06:11:50.959+0000] {logging_mixin.py:137} INFO - [2022-12-06T06:11:50.958+0000] {dag.py:3427} INFO - Setting next_dagrun for example_kubernetes_executor to None, run_after=None
[2022-12-06T06:11:51.016+0000] {processor.py:175} INFO - Processing /home/airflow/.local/lib/python3.7/site-packages/airflow/example_dags/example_kubernetes_executor.py took 0.602 seconds
[2022-12-06T06:12:33.056+0000] {processor.py:153} INFO - Started process (PID=2707) to work on /home/airflow/.local/lib/python3.7/site-packages/airflow/example_dags/example_kubernetes_executor.py
[2022-12-06T06:12:33.061+0000] {processor.py:743} INFO - Processing file /home/airflow/.local/lib/python3.7/site-packages/airflow/example_dags/example_kubernetes_executor.py for tasks to queue
[2022-12-06T06:12:33.066+0000] {logging_mixin.py:137} INFO - [2022-12-06T06:12:33.066+0000] {dagbag.py:538} INFO - Filling up the DagBag from /home/airflow/.local/lib/python3.7/site-packages/airflow/example_dags/example_kubernetes_executor.py
[2022-12-06T06:12:33.458+0000] {processor.py:753} INFO - DAG(s) dict_keys(['example_kubernetes_executor']) retrieved from /home/airflow/.local/lib/python3.7/site-packages/airflow/example_dags/example_kubernetes_executor.py
[2022-12-06T06:12:33.653+0000] {logging_mixin.py:137} INFO - [2022-12-06T06:12:33.653+0000] {dag.py:2676} INFO - Sync 1 DAGs
[2022-12-06T06:12:33.715+0000] {logging_mixin.py:137} INFO - [2022-12-06T06:12:33.715+0000] {dag.py:3427} INFO - Setting next_dagrun for example_kubernetes_executor to None, run_after=None
[2022-12-06T06:12:33.816+0000] {processor.py:175} INFO - Processing /home/airflow/.local/lib/python3.7/site-packages/airflow/example_dags/example_kubernetes_executor.py took 0.771 seconds
[2022-12-06T06:13:10.148+0000] {processor.py:153} INFO - Started process (PID=2786) to work on /home/airflow/.local/lib/python3.7/site-packages/airflow/example_dags/example_kubernetes_executor.py
[2022-12-06T06:13:10.151+0000] {processor.py:743} INFO - Processing file /home/airflow/.local/lib/python3.7/site-packages/airflow/example_dags/example_kubernetes_executor.py for tasks to queue
[2022-12-06T06:13:10.154+0000] {logging_mixin.py:137} INFO - [2022-12-06T06:13:10.153+0000] {dagbag.py:538} INFO - Filling up the DagBag from /home/airflow/.local/lib/python3.7/site-packages/airflow/example_dags/example_kubernetes_executor.py
[2022-12-06T06:13:10.227+0000] {processor.py:753} INFO - DAG(s) dict_keys(['example_kubernetes_executor']) retrieved from /home/airflow/.local/lib/python3.7/site-packages/airflow/example_dags/example_kubernetes_executor.py
[2022-12-06T06:13:10.325+0000] {logging_mixin.py:137} INFO - [2022-12-06T06:13:10.324+0000] {dag.py:2676} INFO - Sync 1 DAGs
[2022-12-06T06:13:10.371+0000] {logging_mixin.py:137} INFO - [2022-12-06T06:13:10.370+0000] {dag.py:3427} INFO - Setting next_dagrun for example_kubernetes_executor to None, run_after=None
[2022-12-06T06:13:10.417+0000] {processor.py:175} INFO - Processing /home/airflow/.local/lib/python3.7/site-packages/airflow/example_dags/example_kubernetes_executor.py took 0.288 seconds
[2022-12-06T06:13:44.821+0000] {processor.py:153} INFO - Started process (PID=2853) to work on /home/airflow/.local/lib/python3.7/site-packages/airflow/example_dags/example_kubernetes_executor.py
[2022-12-06T06:13:44.825+0000] {processor.py:743} INFO - Processing file /home/airflow/.local/lib/python3.7/site-packages/airflow/example_dags/example_kubernetes_executor.py for tasks to queue
[2022-12-06T06:13:44.828+0000] {logging_mixin.py:137} INFO - [2022-12-06T06:13:44.827+0000] {dagbag.py:538} INFO - Filling up the DagBag from /home/airflow/.local/lib/python3.7/site-packages/airflow/example_dags/example_kubernetes_executor.py
[2022-12-06T06:13:45.150+0000] {processor.py:753} INFO - DAG(s) dict_keys(['example_kubernetes_executor']) retrieved from /home/airflow/.local/lib/python3.7/site-packages/airflow/example_dags/example_kubernetes_executor.py
[2022-12-06T06:13:45.269+0000] {logging_mixin.py:137} INFO - [2022-12-06T06:13:45.269+0000] {dag.py:2676} INFO - Sync 1 DAGs
[2022-12-06T06:13:45.317+0000] {logging_mixin.py:137} INFO - [2022-12-06T06:13:45.317+0000] {dag.py:3427} INFO - Setting next_dagrun for example_kubernetes_executor to None, run_after=None
[2022-12-06T06:13:45.351+0000] {processor.py:175} INFO - Processing /home/airflow/.local/lib/python3.7/site-packages/airflow/example_dags/example_kubernetes_executor.py took 0.541 seconds
[2022-12-06T06:14:26.249+0000] {processor.py:153} INFO - Started process (PID=2921) to work on /home/airflow/.local/lib/python3.7/site-packages/airflow/example_dags/example_kubernetes_executor.py
[2022-12-06T06:14:26.252+0000] {processor.py:743} INFO - Processing file /home/airflow/.local/lib/python3.7/site-packages/airflow/example_dags/example_kubernetes_executor.py for tasks to queue
[2022-12-06T06:14:26.254+0000] {logging_mixin.py:137} INFO - [2022-12-06T06:14:26.254+0000] {dagbag.py:538} INFO - Filling up the DagBag from /home/airflow/.local/lib/python3.7/site-packages/airflow/example_dags/example_kubernetes_executor.py
[2022-12-06T06:14:26.486+0000] {processor.py:753} INFO - DAG(s) dict_keys(['example_kubernetes_executor']) retrieved from /home/airflow/.local/lib/python3.7/site-packages/airflow/example_dags/example_kubernetes_executor.py
[2022-12-06T06:14:26.604+0000] {logging_mixin.py:137} INFO - [2022-12-06T06:14:26.604+0000] {dag.py:2676} INFO - Sync 1 DAGs
[2022-12-06T06:14:26.650+0000] {logging_mixin.py:137} INFO - [2022-12-06T06:14:26.649+0000] {dag.py:3427} INFO - Setting next_dagrun for example_kubernetes_executor to None, run_after=None
[2022-12-06T06:14:26.687+0000] {processor.py:175} INFO - Processing /home/airflow/.local/lib/python3.7/site-packages/airflow/example_dags/example_kubernetes_executor.py took 0.443 seconds
[2022-12-06T06:15:04.166+0000] {processor.py:153} INFO - Started process (PID=2989) to work on /home/airflow/.local/lib/python3.7/site-packages/airflow/example_dags/example_kubernetes_executor.py
[2022-12-06T06:15:04.170+0000] {processor.py:743} INFO - Processing file /home/airflow/.local/lib/python3.7/site-packages/airflow/example_dags/example_kubernetes_executor.py for tasks to queue
[2022-12-06T06:15:04.173+0000] {logging_mixin.py:137} INFO - [2022-12-06T06:15:04.173+0000] {dagbag.py:538} INFO - Filling up the DagBag from /home/airflow/.local/lib/python3.7/site-packages/airflow/example_dags/example_kubernetes_executor.py
[2022-12-06T06:15:04.469+0000] {processor.py:753} INFO - DAG(s) dict_keys(['example_kubernetes_executor']) retrieved from /home/airflow/.local/lib/python3.7/site-packages/airflow/example_dags/example_kubernetes_executor.py
[2022-12-06T06:15:04.656+0000] {logging_mixin.py:137} INFO - [2022-12-06T06:15:04.656+0000] {dag.py:2676} INFO - Sync 1 DAGs
[2022-12-06T06:15:04.743+0000] {logging_mixin.py:137} INFO - [2022-12-06T06:15:04.743+0000] {dag.py:3427} INFO - Setting next_dagrun for example_kubernetes_executor to None, run_after=None
[2022-12-06T06:15:04.858+0000] {processor.py:175} INFO - Processing /home/airflow/.local/lib/python3.7/site-packages/airflow/example_dags/example_kubernetes_executor.py took 0.699 seconds
[2022-12-06T06:15:52.538+0000] {processor.py:153} INFO - Started process (PID=3074) to work on /home/airflow/.local/lib/python3.7/site-packages/airflow/example_dags/example_kubernetes_executor.py
[2022-12-06T06:15:52.541+0000] {processor.py:743} INFO - Processing file /home/airflow/.local/lib/python3.7/site-packages/airflow/example_dags/example_kubernetes_executor.py for tasks to queue
[2022-12-06T06:15:52.543+0000] {logging_mixin.py:137} INFO - [2022-12-06T06:15:52.543+0000] {dagbag.py:538} INFO - Filling up the DagBag from /home/airflow/.local/lib/python3.7/site-packages/airflow/example_dags/example_kubernetes_executor.py
[2022-12-06T06:15:52.671+0000] {processor.py:753} INFO - DAG(s) dict_keys(['example_kubernetes_executor']) retrieved from /home/airflow/.local/lib/python3.7/site-packages/airflow/example_dags/example_kubernetes_executor.py
[2022-12-06T06:15:52.780+0000] {logging_mixin.py:137} INFO - [2022-12-06T06:15:52.780+0000] {dag.py:2676} INFO - Sync 1 DAGs
[2022-12-06T06:15:52.838+0000] {logging_mixin.py:137} INFO - [2022-12-06T06:15:52.838+0000] {dag.py:3427} INFO - Setting next_dagrun for example_kubernetes_executor to None, run_after=None
[2022-12-06T06:15:52.901+0000] {processor.py:175} INFO - Processing /home/airflow/.local/lib/python3.7/site-packages/airflow/example_dags/example_kubernetes_executor.py took 0.379 seconds
