[2022-12-06T05:24:31.332+0000] {processor.py:153} INFO - Started process (PID=65) to work on /home/airflow/.local/lib/python3.7/site-packages/airflow/example_dags/example_datasets.py
[2022-12-06T05:24:31.334+0000] {processor.py:743} INFO - Processing file /home/airflow/.local/lib/python3.7/site-packages/airflow/example_dags/example_datasets.py for tasks to queue
[2022-12-06T05:24:31.338+0000] {logging_mixin.py:137} INFO - [2022-12-06T05:24:31.337+0000] {dagbag.py:538} INFO - Filling up the DagBag from /home/airflow/.local/lib/python3.7/site-packages/airflow/example_dags/example_datasets.py
[2022-12-06T05:24:31.405+0000] {processor.py:753} INFO - DAG(s) dict_keys(['dataset_consumes_unknown_never_scheduled', 'dataset_produces_1', 'dataset_consumes_1_never_scheduled', 'dataset_consumes_1', 'dataset_consumes_1_and_2', 'dataset_produces_2']) retrieved from /home/airflow/.local/lib/python3.7/site-packages/airflow/example_dags/example_datasets.py
[2022-12-06T05:24:31.863+0000] {logging_mixin.py:137} INFO - [2022-12-06T05:24:31.862+0000] {dag.py:2676} INFO - Sync 6 DAGs
[2022-12-06T05:24:31.910+0000] {logging_mixin.py:137} INFO - [2022-12-06T05:24:31.909+0000] {dag.py:3427} INFO - Setting next_dagrun for dataset_consumes_1 to None, run_after=None
[2022-12-06T05:24:31.916+0000] {logging_mixin.py:137} INFO - [2022-12-06T05:24:31.916+0000] {dag.py:3427} INFO - Setting next_dagrun for dataset_consumes_1_and_2 to None, run_after=None
[2022-12-06T05:24:31.919+0000] {logging_mixin.py:137} INFO - [2022-12-06T05:24:31.919+0000] {dag.py:3427} INFO - Setting next_dagrun for dataset_consumes_1_never_scheduled to None, run_after=None
[2022-12-06T05:24:31.922+0000] {logging_mixin.py:137} INFO - [2022-12-06T05:24:31.922+0000] {dag.py:3427} INFO - Setting next_dagrun for dataset_consumes_unknown_never_scheduled to None, run_after=None
[2022-12-06T05:24:31.928+0000] {logging_mixin.py:137} INFO - [2022-12-06T05:24:31.928+0000] {dag.py:3427} INFO - Setting next_dagrun for dataset_produces_1 to 2022-12-05T00:00:00+00:00, run_after=2022-12-06T00:00:00+00:00
[2022-12-06T05:24:31.932+0000] {logging_mixin.py:137} INFO - [2022-12-06T05:24:31.932+0000] {dag.py:3427} INFO - Setting next_dagrun for dataset_produces_2 to None, run_after=None
[2022-12-06T05:24:32.126+0000] {processor.py:175} INFO - Processing /home/airflow/.local/lib/python3.7/site-packages/airflow/example_dags/example_datasets.py took 0.802 seconds
[2022-12-06T05:26:10.917+0000] {processor.py:153} INFO - Started process (PID=173) to work on /home/airflow/.local/lib/python3.7/site-packages/airflow/example_dags/example_datasets.py
[2022-12-06T05:26:10.919+0000] {processor.py:743} INFO - Processing file /home/airflow/.local/lib/python3.7/site-packages/airflow/example_dags/example_datasets.py for tasks to queue
[2022-12-06T05:26:10.921+0000] {logging_mixin.py:137} INFO - [2022-12-06T05:26:10.921+0000] {dagbag.py:538} INFO - Filling up the DagBag from /home/airflow/.local/lib/python3.7/site-packages/airflow/example_dags/example_datasets.py
[2022-12-06T05:26:10.987+0000] {processor.py:753} INFO - DAG(s) dict_keys(['dataset_consumes_unknown_never_scheduled', 'dataset_consumes_1_never_scheduled', 'dataset_produces_1', 'dataset_consumes_1', 'dataset_consumes_1_and_2', 'dataset_produces_2']) retrieved from /home/airflow/.local/lib/python3.7/site-packages/airflow/example_dags/example_datasets.py
[2022-12-06T05:26:11.159+0000] {logging_mixin.py:137} INFO - [2022-12-06T05:26:11.158+0000] {dag.py:2676} INFO - Sync 6 DAGs
[2022-12-06T05:26:11.208+0000] {logging_mixin.py:137} INFO - [2022-12-06T05:26:11.208+0000] {dag.py:3427} INFO - Setting next_dagrun for dataset_consumes_1 to None, run_after=None
[2022-12-06T05:26:11.216+0000] {logging_mixin.py:137} INFO - [2022-12-06T05:26:11.216+0000] {dag.py:3427} INFO - Setting next_dagrun for dataset_consumes_1_and_2 to None, run_after=None
[2022-12-06T05:26:11.219+0000] {logging_mixin.py:137} INFO - [2022-12-06T05:26:11.219+0000] {dag.py:3427} INFO - Setting next_dagrun for dataset_consumes_1_never_scheduled to None, run_after=None
[2022-12-06T05:26:11.222+0000] {logging_mixin.py:137} INFO - [2022-12-06T05:26:11.222+0000] {dag.py:3427} INFO - Setting next_dagrun for dataset_consumes_unknown_never_scheduled to None, run_after=None
[2022-12-06T05:26:11.228+0000] {logging_mixin.py:137} INFO - [2022-12-06T05:26:11.228+0000] {dag.py:3427} INFO - Setting next_dagrun for dataset_produces_1 to 2022-12-05T00:00:00+00:00, run_after=2022-12-06T00:00:00+00:00
[2022-12-06T05:26:11.231+0000] {logging_mixin.py:137} INFO - [2022-12-06T05:26:11.231+0000] {dag.py:3427} INFO - Setting next_dagrun for dataset_produces_2 to None, run_after=None
[2022-12-06T05:26:11.314+0000] {processor.py:175} INFO - Processing /home/airflow/.local/lib/python3.7/site-packages/airflow/example_dags/example_datasets.py took 0.407 seconds
[2022-12-06T05:27:07.095+0000] {processor.py:153} INFO - Started process (PID=261) to work on /home/airflow/.local/lib/python3.7/site-packages/airflow/example_dags/example_datasets.py
[2022-12-06T05:27:07.115+0000] {processor.py:743} INFO - Processing file /home/airflow/.local/lib/python3.7/site-packages/airflow/example_dags/example_datasets.py for tasks to queue
[2022-12-06T05:27:07.120+0000] {logging_mixin.py:137} INFO - [2022-12-06T05:27:07.120+0000] {dagbag.py:538} INFO - Filling up the DagBag from /home/airflow/.local/lib/python3.7/site-packages/airflow/example_dags/example_datasets.py
[2022-12-06T05:27:07.173+0000] {processor.py:753} INFO - DAG(s) dict_keys(['dataset_consumes_1_and_2', 'dataset_consumes_unknown_never_scheduled', 'dataset_produces_1', 'dataset_produces_2', 'dataset_consumes_1', 'dataset_consumes_1_never_scheduled']) retrieved from /home/airflow/.local/lib/python3.7/site-packages/airflow/example_dags/example_datasets.py
[2022-12-06T05:27:07.296+0000] {logging_mixin.py:137} INFO - [2022-12-06T05:27:07.295+0000] {dag.py:2676} INFO - Sync 6 DAGs
[2022-12-06T05:27:07.355+0000] {logging_mixin.py:137} INFO - [2022-12-06T05:27:07.355+0000] {dag.py:3427} INFO - Setting next_dagrun for dataset_consumes_1 to None, run_after=None
[2022-12-06T05:27:07.369+0000] {logging_mixin.py:137} INFO - [2022-12-06T05:27:07.369+0000] {dag.py:3427} INFO - Setting next_dagrun for dataset_consumes_1_and_2 to None, run_after=None
[2022-12-06T05:27:07.380+0000] {logging_mixin.py:137} INFO - [2022-12-06T05:27:07.379+0000] {dag.py:3427} INFO - Setting next_dagrun for dataset_consumes_1_never_scheduled to None, run_after=None
[2022-12-06T05:27:07.388+0000] {logging_mixin.py:137} INFO - [2022-12-06T05:27:07.387+0000] {dag.py:3427} INFO - Setting next_dagrun for dataset_consumes_unknown_never_scheduled to None, run_after=None
[2022-12-06T05:27:07.405+0000] {logging_mixin.py:137} INFO - [2022-12-06T05:27:07.404+0000] {dag.py:3427} INFO - Setting next_dagrun for dataset_produces_1 to 2022-12-05T00:00:00+00:00, run_after=2022-12-06T00:00:00+00:00
[2022-12-06T05:27:07.410+0000] {logging_mixin.py:137} INFO - [2022-12-06T05:27:07.409+0000] {dag.py:3427} INFO - Setting next_dagrun for dataset_produces_2 to None, run_after=None
[2022-12-06T05:27:07.500+0000] {processor.py:175} INFO - Processing /home/airflow/.local/lib/python3.7/site-packages/airflow/example_dags/example_datasets.py took 0.417 seconds
[2022-12-06T05:27:38.412+0000] {processor.py:153} INFO - Started process (PID=329) to work on /home/airflow/.local/lib/python3.7/site-packages/airflow/example_dags/example_datasets.py
[2022-12-06T05:27:38.415+0000] {processor.py:743} INFO - Processing file /home/airflow/.local/lib/python3.7/site-packages/airflow/example_dags/example_datasets.py for tasks to queue
[2022-12-06T05:27:38.417+0000] {logging_mixin.py:137} INFO - [2022-12-06T05:27:38.417+0000] {dagbag.py:538} INFO - Filling up the DagBag from /home/airflow/.local/lib/python3.7/site-packages/airflow/example_dags/example_datasets.py
[2022-12-06T05:27:38.448+0000] {processor.py:753} INFO - DAG(s) dict_keys(['dataset_consumes_unknown_never_scheduled', 'dataset_produces_1', 'dataset_produces_2', 'dataset_consumes_1', 'dataset_consumes_1_and_2', 'dataset_consumes_1_never_scheduled']) retrieved from /home/airflow/.local/lib/python3.7/site-packages/airflow/example_dags/example_datasets.py
[2022-12-06T05:27:38.492+0000] {logging_mixin.py:137} INFO - [2022-12-06T05:27:38.492+0000] {dag.py:2676} INFO - Sync 6 DAGs
[2022-12-06T05:27:38.528+0000] {logging_mixin.py:137} INFO - [2022-12-06T05:27:38.527+0000] {dag.py:3427} INFO - Setting next_dagrun for dataset_consumes_1 to None, run_after=None
[2022-12-06T05:27:38.533+0000] {logging_mixin.py:137} INFO - [2022-12-06T05:27:38.532+0000] {dag.py:3427} INFO - Setting next_dagrun for dataset_consumes_1_and_2 to None, run_after=None
[2022-12-06T05:27:38.535+0000] {logging_mixin.py:137} INFO - [2022-12-06T05:27:38.535+0000] {dag.py:3427} INFO - Setting next_dagrun for dataset_consumes_1_never_scheduled to None, run_after=None
[2022-12-06T05:27:38.538+0000] {logging_mixin.py:137} INFO - [2022-12-06T05:27:38.538+0000] {dag.py:3427} INFO - Setting next_dagrun for dataset_consumes_unknown_never_scheduled to None, run_after=None
[2022-12-06T05:27:38.543+0000] {logging_mixin.py:137} INFO - [2022-12-06T05:27:38.543+0000] {dag.py:3427} INFO - Setting next_dagrun for dataset_produces_1 to 2022-12-05T00:00:00+00:00, run_after=2022-12-06T00:00:00+00:00
[2022-12-06T05:27:38.546+0000] {logging_mixin.py:137} INFO - [2022-12-06T05:27:38.546+0000] {dag.py:3427} INFO - Setting next_dagrun for dataset_produces_2 to None, run_after=None
[2022-12-06T05:27:38.613+0000] {processor.py:175} INFO - Processing /home/airflow/.local/lib/python3.7/site-packages/airflow/example_dags/example_datasets.py took 0.247 seconds
[2022-12-06T05:28:09.101+0000] {processor.py:153} INFO - Started process (PID=396) to work on /home/airflow/.local/lib/python3.7/site-packages/airflow/example_dags/example_datasets.py
[2022-12-06T05:28:09.108+0000] {processor.py:743} INFO - Processing file /home/airflow/.local/lib/python3.7/site-packages/airflow/example_dags/example_datasets.py for tasks to queue
[2022-12-06T05:28:09.113+0000] {logging_mixin.py:137} INFO - [2022-12-06T05:28:09.112+0000] {dagbag.py:538} INFO - Filling up the DagBag from /home/airflow/.local/lib/python3.7/site-packages/airflow/example_dags/example_datasets.py
[2022-12-06T05:28:09.172+0000] {processor.py:753} INFO - DAG(s) dict_keys(['dataset_consumes_1_and_2', 'dataset_produces_2', 'dataset_consumes_1', 'dataset_produces_1', 'dataset_consumes_unknown_never_scheduled', 'dataset_consumes_1_never_scheduled']) retrieved from /home/airflow/.local/lib/python3.7/site-packages/airflow/example_dags/example_datasets.py
[2022-12-06T05:28:09.323+0000] {logging_mixin.py:137} INFO - [2022-12-06T05:28:09.323+0000] {dag.py:2676} INFO - Sync 6 DAGs
[2022-12-06T05:28:09.393+0000] {logging_mixin.py:137} INFO - [2022-12-06T05:28:09.392+0000] {dag.py:3427} INFO - Setting next_dagrun for dataset_consumes_1 to None, run_after=None
[2022-12-06T05:28:09.408+0000] {logging_mixin.py:137} INFO - [2022-12-06T05:28:09.408+0000] {dag.py:3427} INFO - Setting next_dagrun for dataset_consumes_1_and_2 to None, run_after=None
[2022-12-06T05:28:09.416+0000] {logging_mixin.py:137} INFO - [2022-12-06T05:28:09.416+0000] {dag.py:3427} INFO - Setting next_dagrun for dataset_consumes_1_never_scheduled to None, run_after=None
[2022-12-06T05:28:09.423+0000] {logging_mixin.py:137} INFO - [2022-12-06T05:28:09.423+0000] {dag.py:3427} INFO - Setting next_dagrun for dataset_consumes_unknown_never_scheduled to None, run_after=None
[2022-12-06T05:28:09.439+0000] {logging_mixin.py:137} INFO - [2022-12-06T05:28:09.438+0000] {dag.py:3427} INFO - Setting next_dagrun for dataset_produces_1 to 2022-12-05T00:00:00+00:00, run_after=2022-12-06T00:00:00+00:00
[2022-12-06T05:28:09.445+0000] {logging_mixin.py:137} INFO - [2022-12-06T05:28:09.444+0000] {dag.py:3427} INFO - Setting next_dagrun for dataset_produces_2 to None, run_after=None
[2022-12-06T05:28:09.682+0000] {processor.py:175} INFO - Processing /home/airflow/.local/lib/python3.7/site-packages/airflow/example_dags/example_datasets.py took 0.592 seconds
[2022-12-06T05:28:41.324+0000] {processor.py:153} INFO - Started process (PID=462) to work on /home/airflow/.local/lib/python3.7/site-packages/airflow/example_dags/example_datasets.py
[2022-12-06T05:28:41.329+0000] {processor.py:743} INFO - Processing file /home/airflow/.local/lib/python3.7/site-packages/airflow/example_dags/example_datasets.py for tasks to queue
[2022-12-06T05:28:41.332+0000] {logging_mixin.py:137} INFO - [2022-12-06T05:28:41.331+0000] {dagbag.py:538} INFO - Filling up the DagBag from /home/airflow/.local/lib/python3.7/site-packages/airflow/example_dags/example_datasets.py
[2022-12-06T05:28:41.386+0000] {processor.py:753} INFO - DAG(s) dict_keys(['dataset_produces_1', 'dataset_consumes_1', 'dataset_produces_2', 'dataset_consumes_1_and_2', 'dataset_consumes_1_never_scheduled', 'dataset_consumes_unknown_never_scheduled']) retrieved from /home/airflow/.local/lib/python3.7/site-packages/airflow/example_dags/example_datasets.py
[2022-12-06T05:28:41.571+0000] {logging_mixin.py:137} INFO - [2022-12-06T05:28:41.570+0000] {dag.py:2676} INFO - Sync 6 DAGs
[2022-12-06T05:28:41.650+0000] {logging_mixin.py:137} INFO - [2022-12-06T05:28:41.649+0000] {dag.py:3427} INFO - Setting next_dagrun for dataset_consumes_1 to None, run_after=None
[2022-12-06T05:28:41.661+0000] {logging_mixin.py:137} INFO - [2022-12-06T05:28:41.661+0000] {dag.py:3427} INFO - Setting next_dagrun for dataset_consumes_1_and_2 to None, run_after=None
[2022-12-06T05:28:41.666+0000] {logging_mixin.py:137} INFO - [2022-12-06T05:28:41.666+0000] {dag.py:3427} INFO - Setting next_dagrun for dataset_consumes_1_never_scheduled to None, run_after=None
[2022-12-06T05:28:41.672+0000] {logging_mixin.py:137} INFO - [2022-12-06T05:28:41.672+0000] {dag.py:3427} INFO - Setting next_dagrun for dataset_consumes_unknown_never_scheduled to None, run_after=None
[2022-12-06T05:28:41.682+0000] {logging_mixin.py:137} INFO - [2022-12-06T05:28:41.682+0000] {dag.py:3427} INFO - Setting next_dagrun for dataset_produces_1 to 2022-12-05T00:00:00+00:00, run_after=2022-12-06T00:00:00+00:00
[2022-12-06T05:28:41.687+0000] {logging_mixin.py:137} INFO - [2022-12-06T05:28:41.686+0000] {dag.py:3427} INFO - Setting next_dagrun for dataset_produces_2 to None, run_after=None
[2022-12-06T05:28:41.837+0000] {processor.py:175} INFO - Processing /home/airflow/.local/lib/python3.7/site-packages/airflow/example_dags/example_datasets.py took 0.523 seconds
[2022-12-06T05:29:12.276+0000] {processor.py:153} INFO - Started process (PID=528) to work on /home/airflow/.local/lib/python3.7/site-packages/airflow/example_dags/example_datasets.py
[2022-12-06T05:29:12.279+0000] {processor.py:743} INFO - Processing file /home/airflow/.local/lib/python3.7/site-packages/airflow/example_dags/example_datasets.py for tasks to queue
[2022-12-06T05:29:12.281+0000] {logging_mixin.py:137} INFO - [2022-12-06T05:29:12.281+0000] {dagbag.py:538} INFO - Filling up the DagBag from /home/airflow/.local/lib/python3.7/site-packages/airflow/example_dags/example_datasets.py
[2022-12-06T05:29:12.312+0000] {processor.py:753} INFO - DAG(s) dict_keys(['dataset_consumes_1_and_2', 'dataset_produces_1', 'dataset_consumes_unknown_never_scheduled', 'dataset_produces_2', 'dataset_consumes_1', 'dataset_consumes_1_never_scheduled']) retrieved from /home/airflow/.local/lib/python3.7/site-packages/airflow/example_dags/example_datasets.py
[2022-12-06T05:29:12.409+0000] {logging_mixin.py:137} INFO - [2022-12-06T05:29:12.409+0000] {dag.py:2676} INFO - Sync 6 DAGs
[2022-12-06T05:29:12.450+0000] {logging_mixin.py:137} INFO - [2022-12-06T05:29:12.450+0000] {dag.py:3427} INFO - Setting next_dagrun for dataset_consumes_1 to None, run_after=None
[2022-12-06T05:29:12.457+0000] {logging_mixin.py:137} INFO - [2022-12-06T05:29:12.457+0000] {dag.py:3427} INFO - Setting next_dagrun for dataset_consumes_1_and_2 to None, run_after=None
[2022-12-06T05:29:12.460+0000] {logging_mixin.py:137} INFO - [2022-12-06T05:29:12.460+0000] {dag.py:3427} INFO - Setting next_dagrun for dataset_consumes_1_never_scheduled to None, run_after=None
[2022-12-06T05:29:12.463+0000] {logging_mixin.py:137} INFO - [2022-12-06T05:29:12.463+0000] {dag.py:3427} INFO - Setting next_dagrun for dataset_consumes_unknown_never_scheduled to None, run_after=None
[2022-12-06T05:29:12.469+0000] {logging_mixin.py:137} INFO - [2022-12-06T05:29:12.469+0000] {dag.py:3427} INFO - Setting next_dagrun for dataset_produces_1 to 2022-12-05T00:00:00+00:00, run_after=2022-12-06T00:00:00+00:00
[2022-12-06T05:29:12.474+0000] {logging_mixin.py:137} INFO - [2022-12-06T05:29:12.474+0000] {dag.py:3427} INFO - Setting next_dagrun for dataset_produces_2 to None, run_after=None
[2022-12-06T05:29:12.547+0000] {processor.py:175} INFO - Processing /home/airflow/.local/lib/python3.7/site-packages/airflow/example_dags/example_datasets.py took 0.277 seconds
[2022-12-06T05:30:18.781+0000] {processor.py:153} INFO - Started process (PID=592) to work on /home/airflow/.local/lib/python3.7/site-packages/airflow/example_dags/example_datasets.py
[2022-12-06T05:30:18.783+0000] {processor.py:743} INFO - Processing file /home/airflow/.local/lib/python3.7/site-packages/airflow/example_dags/example_datasets.py for tasks to queue
[2022-12-06T05:30:18.786+0000] {logging_mixin.py:137} INFO - [2022-12-06T05:30:18.785+0000] {dagbag.py:538} INFO - Filling up the DagBag from /home/airflow/.local/lib/python3.7/site-packages/airflow/example_dags/example_datasets.py
[2022-12-06T05:30:18.838+0000] {processor.py:753} INFO - DAG(s) dict_keys(['dataset_consumes_1', 'dataset_consumes_unknown_never_scheduled', 'dataset_produces_2', 'dataset_consumes_1_and_2', 'dataset_produces_1', 'dataset_consumes_1_never_scheduled']) retrieved from /home/airflow/.local/lib/python3.7/site-packages/airflow/example_dags/example_datasets.py
[2022-12-06T05:30:18.963+0000] {logging_mixin.py:137} INFO - [2022-12-06T05:30:18.963+0000] {dag.py:2676} INFO - Sync 6 DAGs
[2022-12-06T05:30:19.027+0000] {logging_mixin.py:137} INFO - [2022-12-06T05:30:19.027+0000] {dag.py:3427} INFO - Setting next_dagrun for dataset_consumes_1 to None, run_after=None
[2022-12-06T05:30:19.035+0000] {logging_mixin.py:137} INFO - [2022-12-06T05:30:19.034+0000] {dag.py:3427} INFO - Setting next_dagrun for dataset_consumes_1_and_2 to None, run_after=None
[2022-12-06T05:30:19.039+0000] {logging_mixin.py:137} INFO - [2022-12-06T05:30:19.039+0000] {dag.py:3427} INFO - Setting next_dagrun for dataset_consumes_1_never_scheduled to None, run_after=None
[2022-12-06T05:30:19.050+0000] {logging_mixin.py:137} INFO - [2022-12-06T05:30:19.049+0000] {dag.py:3427} INFO - Setting next_dagrun for dataset_consumes_unknown_never_scheduled to None, run_after=None
[2022-12-06T05:30:19.062+0000] {logging_mixin.py:137} INFO - [2022-12-06T05:30:19.062+0000] {dag.py:3427} INFO - Setting next_dagrun for dataset_produces_1 to 2022-12-05T00:00:00+00:00, run_after=2022-12-06T00:00:00+00:00
[2022-12-06T05:30:19.072+0000] {logging_mixin.py:137} INFO - [2022-12-06T05:30:19.071+0000] {dag.py:3427} INFO - Setting next_dagrun for dataset_produces_2 to None, run_after=None
[2022-12-06T05:30:19.429+0000] {processor.py:175} INFO - Processing /home/airflow/.local/lib/python3.7/site-packages/airflow/example_dags/example_datasets.py took 0.654 seconds
[2022-12-06T05:31:05.822+0000] {processor.py:153} INFO - Started process (PID=675) to work on /home/airflow/.local/lib/python3.7/site-packages/airflow/example_dags/example_datasets.py
[2022-12-06T05:31:05.825+0000] {processor.py:743} INFO - Processing file /home/airflow/.local/lib/python3.7/site-packages/airflow/example_dags/example_datasets.py for tasks to queue
[2022-12-06T05:31:05.828+0000] {logging_mixin.py:137} INFO - [2022-12-06T05:31:05.828+0000] {dagbag.py:538} INFO - Filling up the DagBag from /home/airflow/.local/lib/python3.7/site-packages/airflow/example_dags/example_datasets.py
[2022-12-06T05:31:05.957+0000] {processor.py:753} INFO - DAG(s) dict_keys(['dataset_produces_1', 'dataset_produces_2', 'dataset_consumes_1', 'dataset_consumes_1_and_2', 'dataset_consumes_unknown_never_scheduled', 'dataset_consumes_1_never_scheduled']) retrieved from /home/airflow/.local/lib/python3.7/site-packages/airflow/example_dags/example_datasets.py
[2022-12-06T05:31:06.186+0000] {logging_mixin.py:137} INFO - [2022-12-06T05:31:06.185+0000] {dag.py:2676} INFO - Sync 6 DAGs
[2022-12-06T05:31:06.291+0000] {logging_mixin.py:137} INFO - [2022-12-06T05:31:06.291+0000] {dag.py:3427} INFO - Setting next_dagrun for dataset_consumes_1 to None, run_after=None
[2022-12-06T05:31:06.303+0000] {logging_mixin.py:137} INFO - [2022-12-06T05:31:06.303+0000] {dag.py:3427} INFO - Setting next_dagrun for dataset_consumes_1_and_2 to None, run_after=None
[2022-12-06T05:31:06.309+0000] {logging_mixin.py:137} INFO - [2022-12-06T05:31:06.308+0000] {dag.py:3427} INFO - Setting next_dagrun for dataset_consumes_1_never_scheduled to None, run_after=None
[2022-12-06T05:31:06.321+0000] {logging_mixin.py:137} INFO - [2022-12-06T05:31:06.321+0000] {dag.py:3427} INFO - Setting next_dagrun for dataset_consumes_unknown_never_scheduled to None, run_after=None
[2022-12-06T05:31:06.341+0000] {logging_mixin.py:137} INFO - [2022-12-06T05:31:06.340+0000] {dag.py:3427} INFO - Setting next_dagrun for dataset_produces_1 to 2022-12-05T00:00:00+00:00, run_after=2022-12-06T00:00:00+00:00
[2022-12-06T05:31:06.348+0000] {logging_mixin.py:137} INFO - [2022-12-06T05:31:06.348+0000] {dag.py:3427} INFO - Setting next_dagrun for dataset_produces_2 to None, run_after=None
[2022-12-06T05:31:06.575+0000] {processor.py:175} INFO - Processing /home/airflow/.local/lib/python3.7/site-packages/airflow/example_dags/example_datasets.py took 0.760 seconds
[2022-12-06T05:32:03.023+0000] {processor.py:153} INFO - Started process (PID=742) to work on /home/airflow/.local/lib/python3.7/site-packages/airflow/example_dags/example_datasets.py
[2022-12-06T05:32:03.033+0000] {processor.py:743} INFO - Processing file /home/airflow/.local/lib/python3.7/site-packages/airflow/example_dags/example_datasets.py for tasks to queue
[2022-12-06T05:32:03.044+0000] {logging_mixin.py:137} INFO - [2022-12-06T05:32:03.044+0000] {dagbag.py:538} INFO - Filling up the DagBag from /home/airflow/.local/lib/python3.7/site-packages/airflow/example_dags/example_datasets.py
[2022-12-06T05:32:03.125+0000] {processor.py:753} INFO - DAG(s) dict_keys(['dataset_consumes_1_never_scheduled', 'dataset_consumes_unknown_never_scheduled', 'dataset_consumes_1', 'dataset_consumes_1_and_2', 'dataset_produces_2', 'dataset_produces_1']) retrieved from /home/airflow/.local/lib/python3.7/site-packages/airflow/example_dags/example_datasets.py
[2022-12-06T05:32:03.233+0000] {logging_mixin.py:137} INFO - [2022-12-06T05:32:03.233+0000] {dag.py:2676} INFO - Sync 6 DAGs
[2022-12-06T05:32:03.366+0000] {logging_mixin.py:137} INFO - [2022-12-06T05:32:03.366+0000] {dag.py:3427} INFO - Setting next_dagrun for dataset_consumes_1 to None, run_after=None
[2022-12-06T05:32:03.376+0000] {logging_mixin.py:137} INFO - [2022-12-06T05:32:03.376+0000] {dag.py:3427} INFO - Setting next_dagrun for dataset_consumes_1_and_2 to None, run_after=None
[2022-12-06T05:32:03.381+0000] {logging_mixin.py:137} INFO - [2022-12-06T05:32:03.381+0000] {dag.py:3427} INFO - Setting next_dagrun for dataset_consumes_1_never_scheduled to None, run_after=None
[2022-12-06T05:32:03.388+0000] {logging_mixin.py:137} INFO - [2022-12-06T05:32:03.388+0000] {dag.py:3427} INFO - Setting next_dagrun for dataset_consumes_unknown_never_scheduled to None, run_after=None
[2022-12-06T05:32:03.394+0000] {logging_mixin.py:137} INFO - [2022-12-06T05:32:03.393+0000] {dag.py:3427} INFO - Setting next_dagrun for dataset_produces_1 to 2022-12-05T00:00:00+00:00, run_after=2022-12-06T00:00:00+00:00
[2022-12-06T05:32:03.399+0000] {logging_mixin.py:137} INFO - [2022-12-06T05:32:03.399+0000] {dag.py:3427} INFO - Setting next_dagrun for dataset_produces_2 to None, run_after=None
[2022-12-06T05:32:03.506+0000] {processor.py:175} INFO - Processing /home/airflow/.local/lib/python3.7/site-packages/airflow/example_dags/example_datasets.py took 0.494 seconds
[2022-12-06T05:47:28.253+0000] {processor.py:153} INFO - Started process (PID=67) to work on /home/airflow/.local/lib/python3.7/site-packages/airflow/example_dags/example_datasets.py
[2022-12-06T05:47:28.256+0000] {processor.py:743} INFO - Processing file /home/airflow/.local/lib/python3.7/site-packages/airflow/example_dags/example_datasets.py for tasks to queue
[2022-12-06T05:47:28.263+0000] {logging_mixin.py:137} INFO - [2022-12-06T05:47:28.263+0000] {dagbag.py:538} INFO - Filling up the DagBag from /home/airflow/.local/lib/python3.7/site-packages/airflow/example_dags/example_datasets.py
[2022-12-06T05:47:28.376+0000] {processor.py:753} INFO - DAG(s) dict_keys(['dataset_consumes_unknown_never_scheduled', 'dataset_produces_1', 'dataset_consumes_1', 'dataset_produces_2', 'dataset_consumes_1_and_2', 'dataset_consumes_1_never_scheduled']) retrieved from /home/airflow/.local/lib/python3.7/site-packages/airflow/example_dags/example_datasets.py
[2022-12-06T05:47:35.854+0000] {logging_mixin.py:137} INFO - [2022-12-06T05:47:35.849+0000] {dag.py:2676} INFO - Sync 6 DAGs
[2022-12-06T05:47:43.444+0000] {logging_mixin.py:137} INFO - [2022-12-06T05:47:43.429+0000] {dag.py:3427} INFO - Setting next_dagrun for dataset_consumes_1 to None, run_after=None
[2022-12-06T05:47:43.535+0000] {logging_mixin.py:137} INFO - [2022-12-06T05:47:43.534+0000] {dag.py:3427} INFO - Setting next_dagrun for dataset_consumes_1_and_2 to None, run_after=None
[2022-12-06T05:47:43.546+0000] {logging_mixin.py:137} INFO - [2022-12-06T05:47:43.545+0000] {dag.py:3427} INFO - Setting next_dagrun for dataset_consumes_1_never_scheduled to None, run_after=None
[2022-12-06T05:47:43.569+0000] {logging_mixin.py:137} INFO - [2022-12-06T05:47:43.566+0000] {dag.py:3427} INFO - Setting next_dagrun for dataset_consumes_unknown_never_scheduled to None, run_after=None
[2022-12-06T05:47:43.657+0000] {logging_mixin.py:137} INFO - [2022-12-06T05:47:43.636+0000] {dag.py:3427} INFO - Setting next_dagrun for dataset_produces_1 to 2022-12-05T00:00:00+00:00, run_after=2022-12-06T00:00:00+00:00
[2022-12-06T05:47:43.668+0000] {logging_mixin.py:137} INFO - [2022-12-06T05:47:43.668+0000] {dag.py:3427} INFO - Setting next_dagrun for dataset_produces_2 to None, run_after=None
[2022-12-06T05:47:55.440+0000] {processor.py:175} INFO - Processing /home/airflow/.local/lib/python3.7/site-packages/airflow/example_dags/example_datasets.py took 27.189 seconds
[2022-12-06T05:48:41.060+0000] {processor.py:153} INFO - Started process (PID=157) to work on /home/airflow/.local/lib/python3.7/site-packages/airflow/example_dags/example_datasets.py
[2022-12-06T05:48:41.063+0000] {processor.py:743} INFO - Processing file /home/airflow/.local/lib/python3.7/site-packages/airflow/example_dags/example_datasets.py for tasks to queue
[2022-12-06T05:48:41.066+0000] {logging_mixin.py:137} INFO - [2022-12-06T05:48:41.065+0000] {dagbag.py:538} INFO - Filling up the DagBag from /home/airflow/.local/lib/python3.7/site-packages/airflow/example_dags/example_datasets.py
[2022-12-06T05:48:41.113+0000] {processor.py:753} INFO - DAG(s) dict_keys(['dataset_consumes_1_and_2', 'dataset_produces_1', 'dataset_produces_2', 'dataset_consumes_1', 'dataset_consumes_1_never_scheduled', 'dataset_consumes_unknown_never_scheduled']) retrieved from /home/airflow/.local/lib/python3.7/site-packages/airflow/example_dags/example_datasets.py
[2022-12-06T05:48:41.323+0000] {logging_mixin.py:137} INFO - [2022-12-06T05:48:41.323+0000] {dag.py:2676} INFO - Sync 6 DAGs
[2022-12-06T05:48:41.415+0000] {logging_mixin.py:137} INFO - [2022-12-06T05:48:41.415+0000] {dag.py:3427} INFO - Setting next_dagrun for dataset_consumes_1 to None, run_after=None
[2022-12-06T05:48:41.426+0000] {logging_mixin.py:137} INFO - [2022-12-06T05:48:41.425+0000] {dag.py:3427} INFO - Setting next_dagrun for dataset_consumes_1_and_2 to None, run_after=None
[2022-12-06T05:48:41.433+0000] {logging_mixin.py:137} INFO - [2022-12-06T05:48:41.432+0000] {dag.py:3427} INFO - Setting next_dagrun for dataset_consumes_1_never_scheduled to None, run_after=None
[2022-12-06T05:48:41.442+0000] {logging_mixin.py:137} INFO - [2022-12-06T05:48:41.441+0000] {dag.py:3427} INFO - Setting next_dagrun for dataset_consumes_unknown_never_scheduled to None, run_after=None
[2022-12-06T05:48:41.459+0000] {logging_mixin.py:137} INFO - [2022-12-06T05:48:41.458+0000] {dag.py:3427} INFO - Setting next_dagrun for dataset_produces_1 to 2022-12-05T00:00:00+00:00, run_after=2022-12-06T00:00:00+00:00
[2022-12-06T05:48:41.487+0000] {logging_mixin.py:137} INFO - [2022-12-06T05:48:41.486+0000] {dag.py:3427} INFO - Setting next_dagrun for dataset_produces_2 to None, run_after=None
[2022-12-06T05:48:41.676+0000] {processor.py:175} INFO - Processing /home/airflow/.local/lib/python3.7/site-packages/airflow/example_dags/example_datasets.py took 0.622 seconds
[2022-12-06T05:49:23.119+0000] {processor.py:153} INFO - Started process (PID=229) to work on /home/airflow/.local/lib/python3.7/site-packages/airflow/example_dags/example_datasets.py
[2022-12-06T05:49:23.123+0000] {processor.py:743} INFO - Processing file /home/airflow/.local/lib/python3.7/site-packages/airflow/example_dags/example_datasets.py for tasks to queue
[2022-12-06T05:49:23.128+0000] {logging_mixin.py:137} INFO - [2022-12-06T05:49:23.127+0000] {dagbag.py:538} INFO - Filling up the DagBag from /home/airflow/.local/lib/python3.7/site-packages/airflow/example_dags/example_datasets.py
[2022-12-06T05:49:23.184+0000] {processor.py:753} INFO - DAG(s) dict_keys(['dataset_produces_2', 'dataset_consumes_1_never_scheduled', 'dataset_consumes_unknown_never_scheduled', 'dataset_consumes_1_and_2', 'dataset_consumes_1', 'dataset_produces_1']) retrieved from /home/airflow/.local/lib/python3.7/site-packages/airflow/example_dags/example_datasets.py
[2022-12-06T05:49:23.294+0000] {logging_mixin.py:137} INFO - [2022-12-06T05:49:23.293+0000] {dag.py:2676} INFO - Sync 6 DAGs
[2022-12-06T05:49:23.344+0000] {logging_mixin.py:137} INFO - [2022-12-06T05:49:23.344+0000] {dag.py:3427} INFO - Setting next_dagrun for dataset_consumes_1 to None, run_after=None
[2022-12-06T05:49:23.352+0000] {logging_mixin.py:137} INFO - [2022-12-06T05:49:23.351+0000] {dag.py:3427} INFO - Setting next_dagrun for dataset_consumes_1_and_2 to None, run_after=None
[2022-12-06T05:49:23.356+0000] {logging_mixin.py:137} INFO - [2022-12-06T05:49:23.355+0000] {dag.py:3427} INFO - Setting next_dagrun for dataset_consumes_1_never_scheduled to None, run_after=None
[2022-12-06T05:49:23.359+0000] {logging_mixin.py:137} INFO - [2022-12-06T05:49:23.359+0000] {dag.py:3427} INFO - Setting next_dagrun for dataset_consumes_unknown_never_scheduled to None, run_after=None
[2022-12-06T05:49:23.366+0000] {logging_mixin.py:137} INFO - [2022-12-06T05:49:23.366+0000] {dag.py:3427} INFO - Setting next_dagrun for dataset_produces_1 to 2022-12-05T00:00:00+00:00, run_after=2022-12-06T00:00:00+00:00
[2022-12-06T05:49:23.383+0000] {logging_mixin.py:137} INFO - [2022-12-06T05:49:23.382+0000] {dag.py:3427} INFO - Setting next_dagrun for dataset_produces_2 to None, run_after=None
[2022-12-06T05:49:23.504+0000] {processor.py:175} INFO - Processing /home/airflow/.local/lib/python3.7/site-packages/airflow/example_dags/example_datasets.py took 0.393 seconds
[2022-12-06T05:49:55.688+0000] {processor.py:153} INFO - Started process (PID=307) to work on /home/airflow/.local/lib/python3.7/site-packages/airflow/example_dags/example_datasets.py
[2022-12-06T05:49:55.690+0000] {processor.py:743} INFO - Processing file /home/airflow/.local/lib/python3.7/site-packages/airflow/example_dags/example_datasets.py for tasks to queue
[2022-12-06T05:49:55.693+0000] {logging_mixin.py:137} INFO - [2022-12-06T05:49:55.693+0000] {dagbag.py:538} INFO - Filling up the DagBag from /home/airflow/.local/lib/python3.7/site-packages/airflow/example_dags/example_datasets.py
[2022-12-06T05:49:55.739+0000] {processor.py:753} INFO - DAG(s) dict_keys(['dataset_produces_1', 'dataset_consumes_1', 'dataset_consumes_1_and_2', 'dataset_consumes_unknown_never_scheduled', 'dataset_consumes_1_never_scheduled', 'dataset_produces_2']) retrieved from /home/airflow/.local/lib/python3.7/site-packages/airflow/example_dags/example_datasets.py
[2022-12-06T05:49:55.869+0000] {logging_mixin.py:137} INFO - [2022-12-06T05:49:55.869+0000] {dag.py:2676} INFO - Sync 6 DAGs
[2022-12-06T05:49:55.945+0000] {logging_mixin.py:137} INFO - [2022-12-06T05:49:55.945+0000] {dag.py:3427} INFO - Setting next_dagrun for dataset_consumes_1 to None, run_after=None
[2022-12-06T05:49:55.954+0000] {logging_mixin.py:137} INFO - [2022-12-06T05:49:55.954+0000] {dag.py:3427} INFO - Setting next_dagrun for dataset_consumes_1_and_2 to None, run_after=None
[2022-12-06T05:49:55.959+0000] {logging_mixin.py:137} INFO - [2022-12-06T05:49:55.959+0000] {dag.py:3427} INFO - Setting next_dagrun for dataset_consumes_1_never_scheduled to None, run_after=None
[2022-12-06T05:49:55.963+0000] {logging_mixin.py:137} INFO - [2022-12-06T05:49:55.962+0000] {dag.py:3427} INFO - Setting next_dagrun for dataset_consumes_unknown_never_scheduled to None, run_after=None
[2022-12-06T05:49:55.970+0000] {logging_mixin.py:137} INFO - [2022-12-06T05:49:55.970+0000] {dag.py:3427} INFO - Setting next_dagrun for dataset_produces_1 to 2022-12-05T00:00:00+00:00, run_after=2022-12-06T00:00:00+00:00
[2022-12-06T05:49:55.975+0000] {logging_mixin.py:137} INFO - [2022-12-06T05:49:55.975+0000] {dag.py:3427} INFO - Setting next_dagrun for dataset_produces_2 to None, run_after=None
[2022-12-06T05:49:56.078+0000] {processor.py:175} INFO - Processing /home/airflow/.local/lib/python3.7/site-packages/airflow/example_dags/example_datasets.py took 0.395 seconds
[2022-12-06T05:50:34.215+0000] {processor.py:153} INFO - Started process (PID=370) to work on /home/airflow/.local/lib/python3.7/site-packages/airflow/example_dags/example_datasets.py
[2022-12-06T05:50:34.218+0000] {processor.py:743} INFO - Processing file /home/airflow/.local/lib/python3.7/site-packages/airflow/example_dags/example_datasets.py for tasks to queue
[2022-12-06T05:50:34.221+0000] {logging_mixin.py:137} INFO - [2022-12-06T05:50:34.221+0000] {dagbag.py:538} INFO - Filling up the DagBag from /home/airflow/.local/lib/python3.7/site-packages/airflow/example_dags/example_datasets.py
[2022-12-06T05:50:34.311+0000] {processor.py:753} INFO - DAG(s) dict_keys(['dataset_produces_2', 'dataset_produces_1', 'dataset_consumes_1_and_2', 'dataset_consumes_1_never_scheduled', 'dataset_consumes_1', 'dataset_consumes_unknown_never_scheduled']) retrieved from /home/airflow/.local/lib/python3.7/site-packages/airflow/example_dags/example_datasets.py
[2022-12-06T05:50:34.442+0000] {logging_mixin.py:137} INFO - [2022-12-06T05:50:34.441+0000] {dag.py:2676} INFO - Sync 6 DAGs
[2022-12-06T05:50:34.518+0000] {logging_mixin.py:137} INFO - [2022-12-06T05:50:34.517+0000] {dag.py:3427} INFO - Setting next_dagrun for dataset_consumes_1 to None, run_after=None
[2022-12-06T05:50:34.532+0000] {logging_mixin.py:137} INFO - [2022-12-06T05:50:34.532+0000] {dag.py:3427} INFO - Setting next_dagrun for dataset_consumes_1_and_2 to None, run_after=None
[2022-12-06T05:50:34.539+0000] {logging_mixin.py:137} INFO - [2022-12-06T05:50:34.539+0000] {dag.py:3427} INFO - Setting next_dagrun for dataset_consumes_1_never_scheduled to None, run_after=None
[2022-12-06T05:50:34.547+0000] {logging_mixin.py:137} INFO - [2022-12-06T05:50:34.547+0000] {dag.py:3427} INFO - Setting next_dagrun for dataset_consumes_unknown_never_scheduled to None, run_after=None
[2022-12-06T05:50:34.560+0000] {logging_mixin.py:137} INFO - [2022-12-06T05:50:34.559+0000] {dag.py:3427} INFO - Setting next_dagrun for dataset_produces_1 to 2022-12-05T00:00:00+00:00, run_after=2022-12-06T00:00:00+00:00
[2022-12-06T05:50:34.573+0000] {logging_mixin.py:137} INFO - [2022-12-06T05:50:34.573+0000] {dag.py:3427} INFO - Setting next_dagrun for dataset_produces_2 to None, run_after=None
[2022-12-06T05:50:34.873+0000] {processor.py:175} INFO - Processing /home/airflow/.local/lib/python3.7/site-packages/airflow/example_dags/example_datasets.py took 0.663 seconds
[2022-12-06T05:51:24.118+0000] {processor.py:153} INFO - Started process (PID=438) to work on /home/airflow/.local/lib/python3.7/site-packages/airflow/example_dags/example_datasets.py
[2022-12-06T05:51:24.120+0000] {processor.py:743} INFO - Processing file /home/airflow/.local/lib/python3.7/site-packages/airflow/example_dags/example_datasets.py for tasks to queue
[2022-12-06T05:51:24.122+0000] {logging_mixin.py:137} INFO - [2022-12-06T05:51:24.122+0000] {dagbag.py:538} INFO - Filling up the DagBag from /home/airflow/.local/lib/python3.7/site-packages/airflow/example_dags/example_datasets.py
[2022-12-06T05:51:24.161+0000] {processor.py:753} INFO - DAG(s) dict_keys(['dataset_produces_1', 'dataset_produces_2', 'dataset_consumes_1_and_2', 'dataset_consumes_unknown_never_scheduled', 'dataset_consumes_1_never_scheduled', 'dataset_consumes_1']) retrieved from /home/airflow/.local/lib/python3.7/site-packages/airflow/example_dags/example_datasets.py
[2022-12-06T05:51:24.307+0000] {logging_mixin.py:137} INFO - [2022-12-06T05:51:24.306+0000] {dag.py:2676} INFO - Sync 6 DAGs
[2022-12-06T05:51:24.361+0000] {logging_mixin.py:137} INFO - [2022-12-06T05:51:24.361+0000] {dag.py:3427} INFO - Setting next_dagrun for dataset_consumes_1 to None, run_after=None
[2022-12-06T05:51:24.369+0000] {logging_mixin.py:137} INFO - [2022-12-06T05:51:24.368+0000] {dag.py:3427} INFO - Setting next_dagrun for dataset_consumes_1_and_2 to None, run_after=None
[2022-12-06T05:51:24.373+0000] {logging_mixin.py:137} INFO - [2022-12-06T05:51:24.372+0000] {dag.py:3427} INFO - Setting next_dagrun for dataset_consumes_1_never_scheduled to None, run_after=None
[2022-12-06T05:51:24.376+0000] {logging_mixin.py:137} INFO - [2022-12-06T05:51:24.376+0000] {dag.py:3427} INFO - Setting next_dagrun for dataset_consumes_unknown_never_scheduled to None, run_after=None
[2022-12-06T05:51:24.382+0000] {logging_mixin.py:137} INFO - [2022-12-06T05:51:24.382+0000] {dag.py:3427} INFO - Setting next_dagrun for dataset_produces_1 to 2022-12-05T00:00:00+00:00, run_after=2022-12-06T00:00:00+00:00
[2022-12-06T05:51:24.387+0000] {logging_mixin.py:137} INFO - [2022-12-06T05:51:24.387+0000] {dag.py:3427} INFO - Setting next_dagrun for dataset_produces_2 to None, run_after=None
[2022-12-06T05:51:24.499+0000] {processor.py:175} INFO - Processing /home/airflow/.local/lib/python3.7/site-packages/airflow/example_dags/example_datasets.py took 0.385 seconds
[2022-12-06T05:52:14.238+0000] {processor.py:153} INFO - Started process (PID=504) to work on /home/airflow/.local/lib/python3.7/site-packages/airflow/example_dags/example_datasets.py
[2022-12-06T05:52:14.241+0000] {processor.py:743} INFO - Processing file /home/airflow/.local/lib/python3.7/site-packages/airflow/example_dags/example_datasets.py for tasks to queue
[2022-12-06T05:52:14.245+0000] {logging_mixin.py:137} INFO - [2022-12-06T05:52:14.244+0000] {dagbag.py:538} INFO - Filling up the DagBag from /home/airflow/.local/lib/python3.7/site-packages/airflow/example_dags/example_datasets.py
[2022-12-06T05:52:14.291+0000] {processor.py:753} INFO - DAG(s) dict_keys(['dataset_produces_1', 'dataset_consumes_1_never_scheduled', 'dataset_produces_2', 'dataset_consumes_1', 'dataset_consumes_1_and_2', 'dataset_consumes_unknown_never_scheduled']) retrieved from /home/airflow/.local/lib/python3.7/site-packages/airflow/example_dags/example_datasets.py
[2022-12-06T05:52:14.426+0000] {logging_mixin.py:137} INFO - [2022-12-06T05:52:14.425+0000] {dag.py:2676} INFO - Sync 6 DAGs
[2022-12-06T05:52:14.480+0000] {logging_mixin.py:137} INFO - [2022-12-06T05:52:14.480+0000] {dag.py:3427} INFO - Setting next_dagrun for dataset_consumes_1 to None, run_after=None
[2022-12-06T05:52:14.488+0000] {logging_mixin.py:137} INFO - [2022-12-06T05:52:14.488+0000] {dag.py:3427} INFO - Setting next_dagrun for dataset_consumes_1_and_2 to None, run_after=None
[2022-12-06T05:52:14.492+0000] {logging_mixin.py:137} INFO - [2022-12-06T05:52:14.492+0000] {dag.py:3427} INFO - Setting next_dagrun for dataset_consumes_1_never_scheduled to None, run_after=None
[2022-12-06T05:52:14.496+0000] {logging_mixin.py:137} INFO - [2022-12-06T05:52:14.496+0000] {dag.py:3427} INFO - Setting next_dagrun for dataset_consumes_unknown_never_scheduled to None, run_after=None
[2022-12-06T05:52:14.504+0000] {logging_mixin.py:137} INFO - [2022-12-06T05:52:14.503+0000] {dag.py:3427} INFO - Setting next_dagrun for dataset_produces_1 to 2022-12-05T00:00:00+00:00, run_after=2022-12-06T00:00:00+00:00
[2022-12-06T05:52:14.508+0000] {logging_mixin.py:137} INFO - [2022-12-06T05:52:14.508+0000] {dag.py:3427} INFO - Setting next_dagrun for dataset_produces_2 to None, run_after=None
[2022-12-06T05:52:14.630+0000] {processor.py:175} INFO - Processing /home/airflow/.local/lib/python3.7/site-packages/airflow/example_dags/example_datasets.py took 0.400 seconds
[2022-12-06T05:53:00.021+0000] {processor.py:153} INFO - Started process (PID=582) to work on /home/airflow/.local/lib/python3.7/site-packages/airflow/example_dags/example_datasets.py
[2022-12-06T05:53:00.025+0000] {processor.py:743} INFO - Processing file /home/airflow/.local/lib/python3.7/site-packages/airflow/example_dags/example_datasets.py for tasks to queue
[2022-12-06T05:53:00.035+0000] {logging_mixin.py:137} INFO - [2022-12-06T05:53:00.035+0000] {dagbag.py:538} INFO - Filling up the DagBag from /home/airflow/.local/lib/python3.7/site-packages/airflow/example_dags/example_datasets.py
[2022-12-06T05:53:00.118+0000] {processor.py:753} INFO - DAG(s) dict_keys(['dataset_produces_1', 'dataset_consumes_1_and_2', 'dataset_consumes_unknown_never_scheduled', 'dataset_consumes_1', 'dataset_consumes_1_never_scheduled', 'dataset_produces_2']) retrieved from /home/airflow/.local/lib/python3.7/site-packages/airflow/example_dags/example_datasets.py
[2022-12-06T05:53:00.215+0000] {logging_mixin.py:137} INFO - [2022-12-06T05:53:00.215+0000] {dag.py:2676} INFO - Sync 6 DAGs
[2022-12-06T05:53:00.271+0000] {logging_mixin.py:137} INFO - [2022-12-06T05:53:00.271+0000] {dag.py:3427} INFO - Setting next_dagrun for dataset_consumes_1 to None, run_after=None
[2022-12-06T05:53:00.277+0000] {logging_mixin.py:137} INFO - [2022-12-06T05:53:00.277+0000] {dag.py:3427} INFO - Setting next_dagrun for dataset_consumes_1_and_2 to None, run_after=None
[2022-12-06T05:53:00.281+0000] {logging_mixin.py:137} INFO - [2022-12-06T05:53:00.280+0000] {dag.py:3427} INFO - Setting next_dagrun for dataset_consumes_1_never_scheduled to None, run_after=None
[2022-12-06T05:53:00.285+0000] {logging_mixin.py:137} INFO - [2022-12-06T05:53:00.284+0000] {dag.py:3427} INFO - Setting next_dagrun for dataset_consumes_unknown_never_scheduled to None, run_after=None
[2022-12-06T05:53:00.292+0000] {logging_mixin.py:137} INFO - [2022-12-06T05:53:00.291+0000] {dag.py:3427} INFO - Setting next_dagrun for dataset_produces_1 to 2022-12-05T00:00:00+00:00, run_after=2022-12-06T00:00:00+00:00
[2022-12-06T05:53:00.297+0000] {logging_mixin.py:137} INFO - [2022-12-06T05:53:00.296+0000] {dag.py:3427} INFO - Setting next_dagrun for dataset_produces_2 to None, run_after=None
[2022-12-06T05:53:00.485+0000] {processor.py:175} INFO - Processing /home/airflow/.local/lib/python3.7/site-packages/airflow/example_dags/example_datasets.py took 0.470 seconds
[2022-12-06T05:53:41.634+0000] {processor.py:153} INFO - Started process (PID=651) to work on /home/airflow/.local/lib/python3.7/site-packages/airflow/example_dags/example_datasets.py
[2022-12-06T05:53:41.639+0000] {processor.py:743} INFO - Processing file /home/airflow/.local/lib/python3.7/site-packages/airflow/example_dags/example_datasets.py for tasks to queue
[2022-12-06T05:53:41.642+0000] {logging_mixin.py:137} INFO - [2022-12-06T05:53:41.642+0000] {dagbag.py:538} INFO - Filling up the DagBag from /home/airflow/.local/lib/python3.7/site-packages/airflow/example_dags/example_datasets.py
[2022-12-06T05:53:41.702+0000] {processor.py:753} INFO - DAG(s) dict_keys(['dataset_produces_2', 'dataset_consumes_1_and_2', 'dataset_consumes_1', 'dataset_consumes_unknown_never_scheduled', 'dataset_produces_1', 'dataset_consumes_1_never_scheduled']) retrieved from /home/airflow/.local/lib/python3.7/site-packages/airflow/example_dags/example_datasets.py
[2022-12-06T05:53:41.823+0000] {logging_mixin.py:137} INFO - [2022-12-06T05:53:41.823+0000] {dag.py:2676} INFO - Sync 6 DAGs
[2022-12-06T05:53:41.886+0000] {logging_mixin.py:137} INFO - [2022-12-06T05:53:41.886+0000] {dag.py:3427} INFO - Setting next_dagrun for dataset_consumes_1 to None, run_after=None
[2022-12-06T05:53:41.899+0000] {logging_mixin.py:137} INFO - [2022-12-06T05:53:41.898+0000] {dag.py:3427} INFO - Setting next_dagrun for dataset_consumes_1_and_2 to None, run_after=None
[2022-12-06T05:53:41.904+0000] {logging_mixin.py:137} INFO - [2022-12-06T05:53:41.904+0000] {dag.py:3427} INFO - Setting next_dagrun for dataset_consumes_1_never_scheduled to None, run_after=None
[2022-12-06T05:53:41.909+0000] {logging_mixin.py:137} INFO - [2022-12-06T05:53:41.909+0000] {dag.py:3427} INFO - Setting next_dagrun for dataset_consumes_unknown_never_scheduled to None, run_after=None
[2022-12-06T05:53:41.915+0000] {logging_mixin.py:137} INFO - [2022-12-06T05:53:41.915+0000] {dag.py:3427} INFO - Setting next_dagrun for dataset_produces_1 to 2022-12-05T00:00:00+00:00, run_after=2022-12-06T00:00:00+00:00
[2022-12-06T05:53:41.919+0000] {logging_mixin.py:137} INFO - [2022-12-06T05:53:41.919+0000] {dag.py:3427} INFO - Setting next_dagrun for dataset_produces_2 to None, run_after=None
[2022-12-06T05:53:42.041+0000] {processor.py:175} INFO - Processing /home/airflow/.local/lib/python3.7/site-packages/airflow/example_dags/example_datasets.py took 0.421 seconds
[2022-12-06T05:54:22.927+0000] {processor.py:153} INFO - Started process (PID=718) to work on /home/airflow/.local/lib/python3.7/site-packages/airflow/example_dags/example_datasets.py
[2022-12-06T05:54:22.932+0000] {processor.py:743} INFO - Processing file /home/airflow/.local/lib/python3.7/site-packages/airflow/example_dags/example_datasets.py for tasks to queue
[2022-12-06T05:54:22.936+0000] {logging_mixin.py:137} INFO - [2022-12-06T05:54:22.936+0000] {dagbag.py:538} INFO - Filling up the DagBag from /home/airflow/.local/lib/python3.7/site-packages/airflow/example_dags/example_datasets.py
[2022-12-06T05:54:23.002+0000] {processor.py:753} INFO - DAG(s) dict_keys(['dataset_produces_2', 'dataset_consumes_1_never_scheduled', 'dataset_consumes_1', 'dataset_consumes_1_and_2', 'dataset_consumes_unknown_never_scheduled', 'dataset_produces_1']) retrieved from /home/airflow/.local/lib/python3.7/site-packages/airflow/example_dags/example_datasets.py
[2022-12-06T05:54:23.150+0000] {logging_mixin.py:137} INFO - [2022-12-06T05:54:23.149+0000] {dag.py:2676} INFO - Sync 6 DAGs
[2022-12-06T05:54:23.230+0000] {logging_mixin.py:137} INFO - [2022-12-06T05:54:23.230+0000] {dag.py:3427} INFO - Setting next_dagrun for dataset_consumes_1 to None, run_after=None
[2022-12-06T05:54:23.240+0000] {logging_mixin.py:137} INFO - [2022-12-06T05:54:23.239+0000] {dag.py:3427} INFO - Setting next_dagrun for dataset_consumes_1_and_2 to None, run_after=None
[2022-12-06T05:54:23.244+0000] {logging_mixin.py:137} INFO - [2022-12-06T05:54:23.243+0000] {dag.py:3427} INFO - Setting next_dagrun for dataset_consumes_1_never_scheduled to None, run_after=None
[2022-12-06T05:54:23.249+0000] {logging_mixin.py:137} INFO - [2022-12-06T05:54:23.248+0000] {dag.py:3427} INFO - Setting next_dagrun for dataset_consumes_unknown_never_scheduled to None, run_after=None
[2022-12-06T05:54:23.258+0000] {logging_mixin.py:137} INFO - [2022-12-06T05:54:23.257+0000] {dag.py:3427} INFO - Setting next_dagrun for dataset_produces_1 to 2022-12-05T00:00:00+00:00, run_after=2022-12-06T00:00:00+00:00
[2022-12-06T05:54:23.270+0000] {logging_mixin.py:137} INFO - [2022-12-06T05:54:23.269+0000] {dag.py:3427} INFO - Setting next_dagrun for dataset_produces_2 to None, run_after=None
[2022-12-06T05:54:23.424+0000] {processor.py:175} INFO - Processing /home/airflow/.local/lib/python3.7/site-packages/airflow/example_dags/example_datasets.py took 0.505 seconds
[2022-12-06T05:54:54.377+0000] {processor.py:153} INFO - Started process (PID=802) to work on /home/airflow/.local/lib/python3.7/site-packages/airflow/example_dags/example_datasets.py
[2022-12-06T05:54:54.380+0000] {processor.py:743} INFO - Processing file /home/airflow/.local/lib/python3.7/site-packages/airflow/example_dags/example_datasets.py for tasks to queue
[2022-12-06T05:54:54.383+0000] {logging_mixin.py:137} INFO - [2022-12-06T05:54:54.382+0000] {dagbag.py:538} INFO - Filling up the DagBag from /home/airflow/.local/lib/python3.7/site-packages/airflow/example_dags/example_datasets.py
[2022-12-06T05:54:54.429+0000] {processor.py:753} INFO - DAG(s) dict_keys(['dataset_produces_2', 'dataset_consumes_1_never_scheduled', 'dataset_produces_1', 'dataset_consumes_unknown_never_scheduled', 'dataset_consumes_1', 'dataset_consumes_1_and_2']) retrieved from /home/airflow/.local/lib/python3.7/site-packages/airflow/example_dags/example_datasets.py
[2022-12-06T05:54:54.558+0000] {logging_mixin.py:137} INFO - [2022-12-06T05:54:54.558+0000] {dag.py:2676} INFO - Sync 6 DAGs
[2022-12-06T05:54:54.599+0000] {logging_mixin.py:137} INFO - [2022-12-06T05:54:54.599+0000] {dag.py:3427} INFO - Setting next_dagrun for dataset_consumes_1 to None, run_after=None
[2022-12-06T05:54:54.607+0000] {logging_mixin.py:137} INFO - [2022-12-06T05:54:54.606+0000] {dag.py:3427} INFO - Setting next_dagrun for dataset_consumes_1_and_2 to None, run_after=None
[2022-12-06T05:54:54.611+0000] {logging_mixin.py:137} INFO - [2022-12-06T05:54:54.611+0000] {dag.py:3427} INFO - Setting next_dagrun for dataset_consumes_1_never_scheduled to None, run_after=None
[2022-12-06T05:54:54.614+0000] {logging_mixin.py:137} INFO - [2022-12-06T05:54:54.613+0000] {dag.py:3427} INFO - Setting next_dagrun for dataset_consumes_unknown_never_scheduled to None, run_after=None
[2022-12-06T05:54:54.618+0000] {logging_mixin.py:137} INFO - [2022-12-06T05:54:54.618+0000] {dag.py:3427} INFO - Setting next_dagrun for dataset_produces_1 to 2022-12-05T00:00:00+00:00, run_after=2022-12-06T00:00:00+00:00
[2022-12-06T05:54:54.621+0000] {logging_mixin.py:137} INFO - [2022-12-06T05:54:54.621+0000] {dag.py:3427} INFO - Setting next_dagrun for dataset_produces_2 to None, run_after=None
[2022-12-06T05:54:54.726+0000] {processor.py:175} INFO - Processing /home/airflow/.local/lib/python3.7/site-packages/airflow/example_dags/example_datasets.py took 0.356 seconds
[2022-12-06T05:55:38.541+0000] {processor.py:153} INFO - Started process (PID=872) to work on /home/airflow/.local/lib/python3.7/site-packages/airflow/example_dags/example_datasets.py
[2022-12-06T05:55:38.544+0000] {processor.py:743} INFO - Processing file /home/airflow/.local/lib/python3.7/site-packages/airflow/example_dags/example_datasets.py for tasks to queue
[2022-12-06T05:55:38.548+0000] {logging_mixin.py:137} INFO - [2022-12-06T05:55:38.547+0000] {dagbag.py:538} INFO - Filling up the DagBag from /home/airflow/.local/lib/python3.7/site-packages/airflow/example_dags/example_datasets.py
[2022-12-06T05:55:38.591+0000] {processor.py:753} INFO - DAG(s) dict_keys(['dataset_consumes_unknown_never_scheduled', 'dataset_consumes_1', 'dataset_produces_2', 'dataset_produces_1', 'dataset_consumes_1_and_2', 'dataset_consumes_1_never_scheduled']) retrieved from /home/airflow/.local/lib/python3.7/site-packages/airflow/example_dags/example_datasets.py
[2022-12-06T05:55:38.707+0000] {logging_mixin.py:137} INFO - [2022-12-06T05:55:38.707+0000] {dag.py:2676} INFO - Sync 6 DAGs
[2022-12-06T05:55:38.761+0000] {logging_mixin.py:137} INFO - [2022-12-06T05:55:38.761+0000] {dag.py:3427} INFO - Setting next_dagrun for dataset_consumes_1 to None, run_after=None
[2022-12-06T05:55:38.769+0000] {logging_mixin.py:137} INFO - [2022-12-06T05:55:38.769+0000] {dag.py:3427} INFO - Setting next_dagrun for dataset_consumes_1_and_2 to None, run_after=None
[2022-12-06T05:55:38.773+0000] {logging_mixin.py:137} INFO - [2022-12-06T05:55:38.772+0000] {dag.py:3427} INFO - Setting next_dagrun for dataset_consumes_1_never_scheduled to None, run_after=None
[2022-12-06T05:55:38.776+0000] {logging_mixin.py:137} INFO - [2022-12-06T05:55:38.775+0000] {dag.py:3427} INFO - Setting next_dagrun for dataset_consumes_unknown_never_scheduled to None, run_after=None
[2022-12-06T05:55:38.780+0000] {logging_mixin.py:137} INFO - [2022-12-06T05:55:38.780+0000] {dag.py:3427} INFO - Setting next_dagrun for dataset_produces_1 to 2022-12-05T00:00:00+00:00, run_after=2022-12-06T00:00:00+00:00
[2022-12-06T05:55:38.783+0000] {logging_mixin.py:137} INFO - [2022-12-06T05:55:38.783+0000] {dag.py:3427} INFO - Setting next_dagrun for dataset_produces_2 to None, run_after=None
[2022-12-06T05:55:38.899+0000] {processor.py:175} INFO - Processing /home/airflow/.local/lib/python3.7/site-packages/airflow/example_dags/example_datasets.py took 0.363 seconds
[2022-12-06T05:56:30.469+0000] {processor.py:153} INFO - Started process (PID=939) to work on /home/airflow/.local/lib/python3.7/site-packages/airflow/example_dags/example_datasets.py
[2022-12-06T05:56:30.471+0000] {processor.py:743} INFO - Processing file /home/airflow/.local/lib/python3.7/site-packages/airflow/example_dags/example_datasets.py for tasks to queue
[2022-12-06T05:56:30.473+0000] {logging_mixin.py:137} INFO - [2022-12-06T05:56:30.473+0000] {dagbag.py:538} INFO - Filling up the DagBag from /home/airflow/.local/lib/python3.7/site-packages/airflow/example_dags/example_datasets.py
[2022-12-06T05:56:30.504+0000] {processor.py:753} INFO - DAG(s) dict_keys(['dataset_produces_1', 'dataset_consumes_1_and_2', 'dataset_produces_2', 'dataset_consumes_1_never_scheduled', 'dataset_consumes_1', 'dataset_consumes_unknown_never_scheduled']) retrieved from /home/airflow/.local/lib/python3.7/site-packages/airflow/example_dags/example_datasets.py
[2022-12-06T05:56:30.597+0000] {logging_mixin.py:137} INFO - [2022-12-06T05:56:30.597+0000] {dag.py:2676} INFO - Sync 6 DAGs
[2022-12-06T05:56:30.643+0000] {logging_mixin.py:137} INFO - [2022-12-06T05:56:30.643+0000] {dag.py:3427} INFO - Setting next_dagrun for dataset_consumes_1 to None, run_after=None
[2022-12-06T05:56:30.650+0000] {logging_mixin.py:137} INFO - [2022-12-06T05:56:30.650+0000] {dag.py:3427} INFO - Setting next_dagrun for dataset_consumes_1_and_2 to None, run_after=None
[2022-12-06T05:56:30.654+0000] {logging_mixin.py:137} INFO - [2022-12-06T05:56:30.653+0000] {dag.py:3427} INFO - Setting next_dagrun for dataset_consumes_1_never_scheduled to None, run_after=None
[2022-12-06T05:56:30.657+0000] {logging_mixin.py:137} INFO - [2022-12-06T05:56:30.657+0000] {dag.py:3427} INFO - Setting next_dagrun for dataset_consumes_unknown_never_scheduled to None, run_after=None
[2022-12-06T05:56:30.663+0000] {logging_mixin.py:137} INFO - [2022-12-06T05:56:30.662+0000] {dag.py:3427} INFO - Setting next_dagrun for dataset_produces_1 to 2022-12-05T00:00:00+00:00, run_after=2022-12-06T00:00:00+00:00
[2022-12-06T05:56:30.666+0000] {logging_mixin.py:137} INFO - [2022-12-06T05:56:30.665+0000] {dag.py:3427} INFO - Setting next_dagrun for dataset_produces_2 to None, run_after=None
[2022-12-06T05:56:30.775+0000] {processor.py:175} INFO - Processing /home/airflow/.local/lib/python3.7/site-packages/airflow/example_dags/example_datasets.py took 0.311 seconds
[2022-12-06T05:57:13.589+0000] {processor.py:153} INFO - Started process (PID=1019) to work on /home/airflow/.local/lib/python3.7/site-packages/airflow/example_dags/example_datasets.py
[2022-12-06T05:57:13.597+0000] {processor.py:743} INFO - Processing file /home/airflow/.local/lib/python3.7/site-packages/airflow/example_dags/example_datasets.py for tasks to queue
[2022-12-06T05:57:13.605+0000] {logging_mixin.py:137} INFO - [2022-12-06T05:57:13.604+0000] {dagbag.py:538} INFO - Filling up the DagBag from /home/airflow/.local/lib/python3.7/site-packages/airflow/example_dags/example_datasets.py
[2022-12-06T05:57:13.701+0000] {processor.py:753} INFO - DAG(s) dict_keys(['dataset_produces_1', 'dataset_consumes_1_never_scheduled', 'dataset_produces_2', 'dataset_consumes_unknown_never_scheduled', 'dataset_consumes_1_and_2', 'dataset_consumes_1']) retrieved from /home/airflow/.local/lib/python3.7/site-packages/airflow/example_dags/example_datasets.py
[2022-12-06T05:57:13.875+0000] {logging_mixin.py:137} INFO - [2022-12-06T05:57:13.874+0000] {dag.py:2676} INFO - Sync 6 DAGs
[2022-12-06T05:57:13.977+0000] {logging_mixin.py:137} INFO - [2022-12-06T05:57:13.977+0000] {dag.py:3427} INFO - Setting next_dagrun for dataset_consumes_1 to None, run_after=None
[2022-12-06T05:57:13.986+0000] {logging_mixin.py:137} INFO - [2022-12-06T05:57:13.986+0000] {dag.py:3427} INFO - Setting next_dagrun for dataset_consumes_1_and_2 to None, run_after=None
[2022-12-06T05:57:13.989+0000] {logging_mixin.py:137} INFO - [2022-12-06T05:57:13.989+0000] {dag.py:3427} INFO - Setting next_dagrun for dataset_consumes_1_never_scheduled to None, run_after=None
[2022-12-06T05:57:13.995+0000] {logging_mixin.py:137} INFO - [2022-12-06T05:57:13.994+0000] {dag.py:3427} INFO - Setting next_dagrun for dataset_consumes_unknown_never_scheduled to None, run_after=None
[2022-12-06T05:57:14.002+0000] {logging_mixin.py:137} INFO - [2022-12-06T05:57:14.002+0000] {dag.py:3427} INFO - Setting next_dagrun for dataset_produces_1 to 2022-12-05T00:00:00+00:00, run_after=2022-12-06T00:00:00+00:00
[2022-12-06T05:57:14.007+0000] {logging_mixin.py:137} INFO - [2022-12-06T05:57:14.006+0000] {dag.py:3427} INFO - Setting next_dagrun for dataset_produces_2 to None, run_after=None
[2022-12-06T05:57:14.219+0000] {processor.py:175} INFO - Processing /home/airflow/.local/lib/python3.7/site-packages/airflow/example_dags/example_datasets.py took 0.643 seconds
[2022-12-06T05:57:53.618+0000] {processor.py:153} INFO - Started process (PID=1092) to work on /home/airflow/.local/lib/python3.7/site-packages/airflow/example_dags/example_datasets.py
[2022-12-06T05:57:53.620+0000] {processor.py:743} INFO - Processing file /home/airflow/.local/lib/python3.7/site-packages/airflow/example_dags/example_datasets.py for tasks to queue
[2022-12-06T05:57:53.623+0000] {logging_mixin.py:137} INFO - [2022-12-06T05:57:53.622+0000] {dagbag.py:538} INFO - Filling up the DagBag from /home/airflow/.local/lib/python3.7/site-packages/airflow/example_dags/example_datasets.py
[2022-12-06T05:57:53.661+0000] {processor.py:753} INFO - DAG(s) dict_keys(['dataset_consumes_1_and_2', 'dataset_produces_1', 'dataset_produces_2', 'dataset_consumes_1_never_scheduled', 'dataset_consumes_1', 'dataset_consumes_unknown_never_scheduled']) retrieved from /home/airflow/.local/lib/python3.7/site-packages/airflow/example_dags/example_datasets.py
[2022-12-06T05:57:53.807+0000] {logging_mixin.py:137} INFO - [2022-12-06T05:57:53.807+0000] {dag.py:2676} INFO - Sync 6 DAGs
[2022-12-06T05:57:53.862+0000] {logging_mixin.py:137} INFO - [2022-12-06T05:57:53.861+0000] {dag.py:3427} INFO - Setting next_dagrun for dataset_consumes_1 to None, run_after=None
[2022-12-06T05:57:53.869+0000] {logging_mixin.py:137} INFO - [2022-12-06T05:57:53.869+0000] {dag.py:3427} INFO - Setting next_dagrun for dataset_consumes_1_and_2 to None, run_after=None
[2022-12-06T05:57:53.872+0000] {logging_mixin.py:137} INFO - [2022-12-06T05:57:53.872+0000] {dag.py:3427} INFO - Setting next_dagrun for dataset_consumes_1_never_scheduled to None, run_after=None
[2022-12-06T05:57:53.876+0000] {logging_mixin.py:137} INFO - [2022-12-06T05:57:53.875+0000] {dag.py:3427} INFO - Setting next_dagrun for dataset_consumes_unknown_never_scheduled to None, run_after=None
[2022-12-06T05:57:53.881+0000] {logging_mixin.py:137} INFO - [2022-12-06T05:57:53.881+0000] {dag.py:3427} INFO - Setting next_dagrun for dataset_produces_1 to 2022-12-05T00:00:00+00:00, run_after=2022-12-06T00:00:00+00:00
[2022-12-06T05:57:53.884+0000] {logging_mixin.py:137} INFO - [2022-12-06T05:57:53.884+0000] {dag.py:3427} INFO - Setting next_dagrun for dataset_produces_2 to None, run_after=None
[2022-12-06T05:57:54.001+0000] {processor.py:175} INFO - Processing /home/airflow/.local/lib/python3.7/site-packages/airflow/example_dags/example_datasets.py took 0.388 seconds
[2022-12-06T05:58:33.852+0000] {processor.py:153} INFO - Started process (PID=1161) to work on /home/airflow/.local/lib/python3.7/site-packages/airflow/example_dags/example_datasets.py
[2022-12-06T05:58:33.855+0000] {processor.py:743} INFO - Processing file /home/airflow/.local/lib/python3.7/site-packages/airflow/example_dags/example_datasets.py for tasks to queue
[2022-12-06T05:58:33.857+0000] {logging_mixin.py:137} INFO - [2022-12-06T05:58:33.857+0000] {dagbag.py:538} INFO - Filling up the DagBag from /home/airflow/.local/lib/python3.7/site-packages/airflow/example_dags/example_datasets.py
[2022-12-06T05:58:33.907+0000] {processor.py:753} INFO - DAG(s) dict_keys(['dataset_consumes_unknown_never_scheduled', 'dataset_consumes_1', 'dataset_consumes_1_never_scheduled', 'dataset_produces_2', 'dataset_consumes_1_and_2', 'dataset_produces_1']) retrieved from /home/airflow/.local/lib/python3.7/site-packages/airflow/example_dags/example_datasets.py
[2022-12-06T05:58:34.032+0000] {logging_mixin.py:137} INFO - [2022-12-06T05:58:34.032+0000] {dag.py:2676} INFO - Sync 6 DAGs
[2022-12-06T05:58:34.106+0000] {logging_mixin.py:137} INFO - [2022-12-06T05:58:34.106+0000] {dag.py:3427} INFO - Setting next_dagrun for dataset_consumes_1 to None, run_after=None
[2022-12-06T05:58:34.117+0000] {logging_mixin.py:137} INFO - [2022-12-06T05:58:34.116+0000] {dag.py:3427} INFO - Setting next_dagrun for dataset_consumes_1_and_2 to None, run_after=None
[2022-12-06T05:58:34.122+0000] {logging_mixin.py:137} INFO - [2022-12-06T05:58:34.122+0000] {dag.py:3427} INFO - Setting next_dagrun for dataset_consumes_1_never_scheduled to None, run_after=None
[2022-12-06T05:58:34.128+0000] {logging_mixin.py:137} INFO - [2022-12-06T05:58:34.127+0000] {dag.py:3427} INFO - Setting next_dagrun for dataset_consumes_unknown_never_scheduled to None, run_after=None
[2022-12-06T05:58:34.139+0000] {logging_mixin.py:137} INFO - [2022-12-06T05:58:34.138+0000] {dag.py:3427} INFO - Setting next_dagrun for dataset_produces_1 to 2022-12-05T00:00:00+00:00, run_after=2022-12-06T00:00:00+00:00
[2022-12-06T05:58:34.145+0000] {logging_mixin.py:137} INFO - [2022-12-06T05:58:34.144+0000] {dag.py:3427} INFO - Setting next_dagrun for dataset_produces_2 to None, run_after=None
[2022-12-06T05:58:34.276+0000] {processor.py:175} INFO - Processing /home/airflow/.local/lib/python3.7/site-packages/airflow/example_dags/example_datasets.py took 0.431 seconds
[2022-12-06T05:59:17.023+0000] {processor.py:153} INFO - Started process (PID=1245) to work on /home/airflow/.local/lib/python3.7/site-packages/airflow/example_dags/example_datasets.py
[2022-12-06T05:59:17.027+0000] {processor.py:743} INFO - Processing file /home/airflow/.local/lib/python3.7/site-packages/airflow/example_dags/example_datasets.py for tasks to queue
[2022-12-06T05:59:17.030+0000] {logging_mixin.py:137} INFO - [2022-12-06T05:59:17.030+0000] {dagbag.py:538} INFO - Filling up the DagBag from /home/airflow/.local/lib/python3.7/site-packages/airflow/example_dags/example_datasets.py
[2022-12-06T05:59:17.085+0000] {processor.py:753} INFO - DAG(s) dict_keys(['dataset_consumes_1_and_2', 'dataset_consumes_unknown_never_scheduled', 'dataset_consumes_1', 'dataset_produces_1', 'dataset_consumes_1_never_scheduled', 'dataset_produces_2']) retrieved from /home/airflow/.local/lib/python3.7/site-packages/airflow/example_dags/example_datasets.py
[2022-12-06T05:59:17.191+0000] {logging_mixin.py:137} INFO - [2022-12-06T05:59:17.191+0000] {dag.py:2676} INFO - Sync 6 DAGs
[2022-12-06T05:59:17.245+0000] {logging_mixin.py:137} INFO - [2022-12-06T05:59:17.245+0000] {dag.py:3427} INFO - Setting next_dagrun for dataset_consumes_1 to None, run_after=None
[2022-12-06T05:59:17.250+0000] {logging_mixin.py:137} INFO - [2022-12-06T05:59:17.250+0000] {dag.py:3427} INFO - Setting next_dagrun for dataset_consumes_1_and_2 to None, run_after=None
[2022-12-06T05:59:17.253+0000] {logging_mixin.py:137} INFO - [2022-12-06T05:59:17.253+0000] {dag.py:3427} INFO - Setting next_dagrun for dataset_consumes_1_never_scheduled to None, run_after=None
[2022-12-06T05:59:17.256+0000] {logging_mixin.py:137} INFO - [2022-12-06T05:59:17.256+0000] {dag.py:3427} INFO - Setting next_dagrun for dataset_consumes_unknown_never_scheduled to None, run_after=None
[2022-12-06T05:59:17.261+0000] {logging_mixin.py:137} INFO - [2022-12-06T05:59:17.261+0000] {dag.py:3427} INFO - Setting next_dagrun for dataset_produces_1 to 2022-12-05T00:00:00+00:00, run_after=2022-12-06T00:00:00+00:00
[2022-12-06T05:59:17.264+0000] {logging_mixin.py:137} INFO - [2022-12-06T05:59:17.264+0000] {dag.py:3427} INFO - Setting next_dagrun for dataset_produces_2 to None, run_after=None
[2022-12-06T05:59:17.352+0000] {processor.py:175} INFO - Processing /home/airflow/.local/lib/python3.7/site-packages/airflow/example_dags/example_datasets.py took 0.338 seconds
[2022-12-06T05:59:55.251+0000] {processor.py:153} INFO - Started process (PID=1312) to work on /home/airflow/.local/lib/python3.7/site-packages/airflow/example_dags/example_datasets.py
[2022-12-06T05:59:55.256+0000] {processor.py:743} INFO - Processing file /home/airflow/.local/lib/python3.7/site-packages/airflow/example_dags/example_datasets.py for tasks to queue
[2022-12-06T05:59:55.258+0000] {logging_mixin.py:137} INFO - [2022-12-06T05:59:55.258+0000] {dagbag.py:538} INFO - Filling up the DagBag from /home/airflow/.local/lib/python3.7/site-packages/airflow/example_dags/example_datasets.py
[2022-12-06T05:59:55.322+0000] {processor.py:753} INFO - DAG(s) dict_keys(['dataset_consumes_1', 'dataset_consumes_1_and_2', 'dataset_consumes_unknown_never_scheduled', 'dataset_produces_2', 'dataset_consumes_1_never_scheduled', 'dataset_produces_1']) retrieved from /home/airflow/.local/lib/python3.7/site-packages/airflow/example_dags/example_datasets.py
[2022-12-06T05:59:55.525+0000] {logging_mixin.py:137} INFO - [2022-12-06T05:59:55.525+0000] {dag.py:2676} INFO - Sync 6 DAGs
[2022-12-06T05:59:55.680+0000] {logging_mixin.py:137} INFO - [2022-12-06T05:59:55.680+0000] {dag.py:3427} INFO - Setting next_dagrun for dataset_consumes_1 to None, run_after=None
[2022-12-06T05:59:55.690+0000] {logging_mixin.py:137} INFO - [2022-12-06T05:59:55.689+0000] {dag.py:3427} INFO - Setting next_dagrun for dataset_consumes_1_and_2 to None, run_after=None
[2022-12-06T05:59:55.694+0000] {logging_mixin.py:137} INFO - [2022-12-06T05:59:55.693+0000] {dag.py:3427} INFO - Setting next_dagrun for dataset_consumes_1_never_scheduled to None, run_after=None
[2022-12-06T05:59:55.698+0000] {logging_mixin.py:137} INFO - [2022-12-06T05:59:55.698+0000] {dag.py:3427} INFO - Setting next_dagrun for dataset_consumes_unknown_never_scheduled to None, run_after=None
[2022-12-06T05:59:55.706+0000] {logging_mixin.py:137} INFO - [2022-12-06T05:59:55.705+0000] {dag.py:3427} INFO - Setting next_dagrun for dataset_produces_1 to 2022-12-05T00:00:00+00:00, run_after=2022-12-06T00:00:00+00:00
[2022-12-06T05:59:55.711+0000] {logging_mixin.py:137} INFO - [2022-12-06T05:59:55.711+0000] {dag.py:3427} INFO - Setting next_dagrun for dataset_produces_2 to None, run_after=None
[2022-12-06T05:59:55.871+0000] {processor.py:175} INFO - Processing /home/airflow/.local/lib/python3.7/site-packages/airflow/example_dags/example_datasets.py took 0.626 seconds
[2022-12-06T06:00:43.861+0000] {processor.py:153} INFO - Started process (PID=1396) to work on /home/airflow/.local/lib/python3.7/site-packages/airflow/example_dags/example_datasets.py
[2022-12-06T06:00:43.863+0000] {processor.py:743} INFO - Processing file /home/airflow/.local/lib/python3.7/site-packages/airflow/example_dags/example_datasets.py for tasks to queue
[2022-12-06T06:00:43.869+0000] {logging_mixin.py:137} INFO - [2022-12-06T06:00:43.869+0000] {dagbag.py:538} INFO - Filling up the DagBag from /home/airflow/.local/lib/python3.7/site-packages/airflow/example_dags/example_datasets.py
[2022-12-06T06:00:43.929+0000] {processor.py:753} INFO - DAG(s) dict_keys(['dataset_consumes_1', 'dataset_produces_2', 'dataset_consumes_unknown_never_scheduled', 'dataset_consumes_1_and_2', 'dataset_consumes_1_never_scheduled', 'dataset_produces_1']) retrieved from /home/airflow/.local/lib/python3.7/site-packages/airflow/example_dags/example_datasets.py
[2022-12-06T06:00:44.021+0000] {logging_mixin.py:137} INFO - [2022-12-06T06:00:44.021+0000] {dag.py:2676} INFO - Sync 6 DAGs
[2022-12-06T06:00:44.064+0000] {logging_mixin.py:137} INFO - [2022-12-06T06:00:44.064+0000] {dag.py:3427} INFO - Setting next_dagrun for dataset_consumes_1 to None, run_after=None
[2022-12-06T06:00:44.073+0000] {logging_mixin.py:137} INFO - [2022-12-06T06:00:44.072+0000] {dag.py:3427} INFO - Setting next_dagrun for dataset_consumes_1_and_2 to None, run_after=None
[2022-12-06T06:00:44.082+0000] {logging_mixin.py:137} INFO - [2022-12-06T06:00:44.082+0000] {dag.py:3427} INFO - Setting next_dagrun for dataset_consumes_1_never_scheduled to None, run_after=None
[2022-12-06T06:00:44.086+0000] {logging_mixin.py:137} INFO - [2022-12-06T06:00:44.085+0000] {dag.py:3427} INFO - Setting next_dagrun for dataset_consumes_unknown_never_scheduled to None, run_after=None
[2022-12-06T06:00:44.092+0000] {logging_mixin.py:137} INFO - [2022-12-06T06:00:44.092+0000] {dag.py:3427} INFO - Setting next_dagrun for dataset_produces_1 to 2022-12-05T00:00:00+00:00, run_after=2022-12-06T00:00:00+00:00
[2022-12-06T06:00:44.096+0000] {logging_mixin.py:137} INFO - [2022-12-06T06:00:44.096+0000] {dag.py:3427} INFO - Setting next_dagrun for dataset_produces_2 to None, run_after=None
[2022-12-06T06:00:44.189+0000] {processor.py:175} INFO - Processing /home/airflow/.local/lib/python3.7/site-packages/airflow/example_dags/example_datasets.py took 0.334 seconds
[2022-12-06T06:01:14.322+0000] {processor.py:153} INFO - Started process (PID=1466) to work on /home/airflow/.local/lib/python3.7/site-packages/airflow/example_dags/example_datasets.py
[2022-12-06T06:01:14.324+0000] {processor.py:743} INFO - Processing file /home/airflow/.local/lib/python3.7/site-packages/airflow/example_dags/example_datasets.py for tasks to queue
[2022-12-06T06:01:14.326+0000] {logging_mixin.py:137} INFO - [2022-12-06T06:01:14.326+0000] {dagbag.py:538} INFO - Filling up the DagBag from /home/airflow/.local/lib/python3.7/site-packages/airflow/example_dags/example_datasets.py
[2022-12-06T06:01:14.352+0000] {processor.py:753} INFO - DAG(s) dict_keys(['dataset_consumes_1', 'dataset_consumes_1_and_2', 'dataset_consumes_1_never_scheduled', 'dataset_consumes_unknown_never_scheduled', 'dataset_produces_2', 'dataset_produces_1']) retrieved from /home/airflow/.local/lib/python3.7/site-packages/airflow/example_dags/example_datasets.py
[2022-12-06T06:01:14.450+0000] {logging_mixin.py:137} INFO - [2022-12-06T06:01:14.450+0000] {dag.py:2676} INFO - Sync 6 DAGs
[2022-12-06T06:01:14.489+0000] {logging_mixin.py:137} INFO - [2022-12-06T06:01:14.489+0000] {dag.py:3427} INFO - Setting next_dagrun for dataset_consumes_1 to None, run_after=None
[2022-12-06T06:01:14.506+0000] {logging_mixin.py:137} INFO - [2022-12-06T06:01:14.506+0000] {dag.py:3427} INFO - Setting next_dagrun for dataset_consumes_1_and_2 to None, run_after=None
[2022-12-06T06:01:14.509+0000] {logging_mixin.py:137} INFO - [2022-12-06T06:01:14.509+0000] {dag.py:3427} INFO - Setting next_dagrun for dataset_consumes_1_never_scheduled to None, run_after=None
[2022-12-06T06:01:14.512+0000] {logging_mixin.py:137} INFO - [2022-12-06T06:01:14.511+0000] {dag.py:3427} INFO - Setting next_dagrun for dataset_consumes_unknown_never_scheduled to None, run_after=None
[2022-12-06T06:01:14.517+0000] {logging_mixin.py:137} INFO - [2022-12-06T06:01:14.516+0000] {dag.py:3427} INFO - Setting next_dagrun for dataset_produces_1 to 2022-12-05T00:00:00+00:00, run_after=2022-12-06T00:00:00+00:00
[2022-12-06T06:01:14.520+0000] {logging_mixin.py:137} INFO - [2022-12-06T06:01:14.520+0000] {dag.py:3427} INFO - Setting next_dagrun for dataset_produces_2 to None, run_after=None
[2022-12-06T06:01:14.580+0000] {processor.py:175} INFO - Processing /home/airflow/.local/lib/python3.7/site-packages/airflow/example_dags/example_datasets.py took 0.262 seconds
[2022-12-06T06:01:46.065+0000] {processor.py:153} INFO - Started process (PID=1542) to work on /home/airflow/.local/lib/python3.7/site-packages/airflow/example_dags/example_datasets.py
[2022-12-06T06:01:46.069+0000] {processor.py:743} INFO - Processing file /home/airflow/.local/lib/python3.7/site-packages/airflow/example_dags/example_datasets.py for tasks to queue
[2022-12-06T06:01:46.073+0000] {logging_mixin.py:137} INFO - [2022-12-06T06:01:46.073+0000] {dagbag.py:538} INFO - Filling up the DagBag from /home/airflow/.local/lib/python3.7/site-packages/airflow/example_dags/example_datasets.py
[2022-12-06T06:01:46.112+0000] {processor.py:753} INFO - DAG(s) dict_keys(['dataset_produces_1', 'dataset_consumes_1', 'dataset_consumes_1_never_scheduled', 'dataset_produces_2', 'dataset_consumes_unknown_never_scheduled', 'dataset_consumes_1_and_2']) retrieved from /home/airflow/.local/lib/python3.7/site-packages/airflow/example_dags/example_datasets.py
[2022-12-06T06:01:46.229+0000] {logging_mixin.py:137} INFO - [2022-12-06T06:01:46.228+0000] {dag.py:2676} INFO - Sync 6 DAGs
[2022-12-06T06:01:46.276+0000] {logging_mixin.py:137} INFO - [2022-12-06T06:01:46.276+0000] {dag.py:3427} INFO - Setting next_dagrun for dataset_consumes_1 to None, run_after=None
[2022-12-06T06:01:46.283+0000] {logging_mixin.py:137} INFO - [2022-12-06T06:01:46.283+0000] {dag.py:3427} INFO - Setting next_dagrun for dataset_consumes_1_and_2 to None, run_after=None
[2022-12-06T06:01:46.286+0000] {logging_mixin.py:137} INFO - [2022-12-06T06:01:46.286+0000] {dag.py:3427} INFO - Setting next_dagrun for dataset_consumes_1_never_scheduled to None, run_after=None
[2022-12-06T06:01:46.289+0000] {logging_mixin.py:137} INFO - [2022-12-06T06:01:46.288+0000] {dag.py:3427} INFO - Setting next_dagrun for dataset_consumes_unknown_never_scheduled to None, run_after=None
[2022-12-06T06:01:46.296+0000] {logging_mixin.py:137} INFO - [2022-12-06T06:01:46.295+0000] {dag.py:3427} INFO - Setting next_dagrun for dataset_produces_1 to 2022-12-05T00:00:00+00:00, run_after=2022-12-06T00:00:00+00:00
[2022-12-06T06:01:46.299+0000] {logging_mixin.py:137} INFO - [2022-12-06T06:01:46.299+0000] {dag.py:3427} INFO - Setting next_dagrun for dataset_produces_2 to None, run_after=None
[2022-12-06T06:01:46.386+0000] {processor.py:175} INFO - Processing /home/airflow/.local/lib/python3.7/site-packages/airflow/example_dags/example_datasets.py took 0.328 seconds
[2022-12-06T06:02:21.960+0000] {processor.py:153} INFO - Started process (PID=1609) to work on /home/airflow/.local/lib/python3.7/site-packages/airflow/example_dags/example_datasets.py
[2022-12-06T06:02:21.963+0000] {processor.py:743} INFO - Processing file /home/airflow/.local/lib/python3.7/site-packages/airflow/example_dags/example_datasets.py for tasks to queue
[2022-12-06T06:02:21.965+0000] {logging_mixin.py:137} INFO - [2022-12-06T06:02:21.965+0000] {dagbag.py:538} INFO - Filling up the DagBag from /home/airflow/.local/lib/python3.7/site-packages/airflow/example_dags/example_datasets.py
[2022-12-06T06:02:22.019+0000] {processor.py:753} INFO - DAG(s) dict_keys(['dataset_produces_1', 'dataset_consumes_1_and_2', 'dataset_consumes_unknown_never_scheduled', 'dataset_produces_2', 'dataset_consumes_1', 'dataset_consumes_1_never_scheduled']) retrieved from /home/airflow/.local/lib/python3.7/site-packages/airflow/example_dags/example_datasets.py
[2022-12-06T06:02:22.190+0000] {logging_mixin.py:137} INFO - [2022-12-06T06:02:22.190+0000] {dag.py:2676} INFO - Sync 6 DAGs
[2022-12-06T06:02:22.249+0000] {logging_mixin.py:137} INFO - [2022-12-06T06:02:22.249+0000] {dag.py:3427} INFO - Setting next_dagrun for dataset_consumes_1 to None, run_after=None
[2022-12-06T06:02:22.256+0000] {logging_mixin.py:137} INFO - [2022-12-06T06:02:22.255+0000] {dag.py:3427} INFO - Setting next_dagrun for dataset_consumes_1_and_2 to None, run_after=None
[2022-12-06T06:02:22.260+0000] {logging_mixin.py:137} INFO - [2022-12-06T06:02:22.259+0000] {dag.py:3427} INFO - Setting next_dagrun for dataset_consumes_1_never_scheduled to None, run_after=None
[2022-12-06T06:02:22.262+0000] {logging_mixin.py:137} INFO - [2022-12-06T06:02:22.262+0000] {dag.py:3427} INFO - Setting next_dagrun for dataset_consumes_unknown_never_scheduled to None, run_after=None
[2022-12-06T06:02:22.269+0000] {logging_mixin.py:137} INFO - [2022-12-06T06:02:22.269+0000] {dag.py:3427} INFO - Setting next_dagrun for dataset_produces_1 to 2022-12-05T00:00:00+00:00, run_after=2022-12-06T00:00:00+00:00
[2022-12-06T06:02:22.273+0000] {logging_mixin.py:137} INFO - [2022-12-06T06:02:22.273+0000] {dag.py:3427} INFO - Setting next_dagrun for dataset_produces_2 to None, run_after=None
[2022-12-06T06:02:22.345+0000] {processor.py:175} INFO - Processing /home/airflow/.local/lib/python3.7/site-packages/airflow/example_dags/example_datasets.py took 0.390 seconds
