[2022-12-06T05:25:39.396+0000] {processor.py:153} INFO - Started process (PID=115) to work on /home/airflow/.local/lib/python3.7/site-packages/airflow/example_dags/example_xcomargs.py
[2022-12-06T05:25:39.402+0000] {processor.py:743} INFO - Processing file /home/airflow/.local/lib/python3.7/site-packages/airflow/example_dags/example_xcomargs.py for tasks to queue
[2022-12-06T05:25:39.410+0000] {logging_mixin.py:137} INFO - [2022-12-06T05:25:39.409+0000] {dagbag.py:538} INFO - Filling up the DagBag from /home/airflow/.local/lib/python3.7/site-packages/airflow/example_dags/example_xcomargs.py
[2022-12-06T05:25:39.797+0000] {processor.py:753} INFO - DAG(s) dict_keys(['example_xcom_args_with_operators', 'example_xcom_args']) retrieved from /home/airflow/.local/lib/python3.7/site-packages/airflow/example_dags/example_xcomargs.py
[2022-12-06T05:25:41.176+0000] {logging_mixin.py:137} INFO - [2022-12-06T05:25:41.170+0000] {dag.py:2676} INFO - Sync 2 DAGs
[2022-12-06T05:25:55.795+0000] {logging_mixin.py:137} INFO - [2022-12-06T05:25:55.793+0000] {dag.py:3427} INFO - Setting next_dagrun for example_xcom_args to None, run_after=None
[2022-12-06T05:25:55.832+0000] {logging_mixin.py:137} INFO - [2022-12-06T05:25:55.832+0000] {dag.py:3427} INFO - Setting next_dagrun for example_xcom_args_with_operators to None, run_after=None
[2022-12-06T05:25:56.435+0000] {processor.py:175} INFO - Processing /home/airflow/.local/lib/python3.7/site-packages/airflow/example_dags/example_xcomargs.py took 17.058 seconds
[2022-12-06T05:26:27.459+0000] {processor.py:153} INFO - Started process (PID=207) to work on /home/airflow/.local/lib/python3.7/site-packages/airflow/example_dags/example_xcomargs.py
[2022-12-06T05:26:27.464+0000] {processor.py:743} INFO - Processing file /home/airflow/.local/lib/python3.7/site-packages/airflow/example_dags/example_xcomargs.py for tasks to queue
[2022-12-06T05:26:27.466+0000] {logging_mixin.py:137} INFO - [2022-12-06T05:26:27.465+0000] {dagbag.py:538} INFO - Filling up the DagBag from /home/airflow/.local/lib/python3.7/site-packages/airflow/example_dags/example_xcomargs.py
[2022-12-06T05:26:27.528+0000] {processor.py:753} INFO - DAG(s) dict_keys(['example_xcom_args_with_operators', 'example_xcom_args']) retrieved from /home/airflow/.local/lib/python3.7/site-packages/airflow/example_dags/example_xcomargs.py
[2022-12-06T05:26:27.658+0000] {logging_mixin.py:137} INFO - [2022-12-06T05:26:27.657+0000] {dag.py:2676} INFO - Sync 2 DAGs
[2022-12-06T05:26:27.719+0000] {logging_mixin.py:137} INFO - [2022-12-06T05:26:27.718+0000] {dag.py:3427} INFO - Setting next_dagrun for example_xcom_args to None, run_after=None
[2022-12-06T05:26:27.728+0000] {logging_mixin.py:137} INFO - [2022-12-06T05:26:27.728+0000] {dag.py:3427} INFO - Setting next_dagrun for example_xcom_args_with_operators to None, run_after=None
[2022-12-06T05:26:27.762+0000] {processor.py:175} INFO - Processing /home/airflow/.local/lib/python3.7/site-packages/airflow/example_dags/example_xcomargs.py took 0.308 seconds
[2022-12-06T05:27:09.424+0000] {processor.py:153} INFO - Started process (PID=275) to work on /home/airflow/.local/lib/python3.7/site-packages/airflow/example_dags/example_xcomargs.py
[2022-12-06T05:27:09.427+0000] {processor.py:743} INFO - Processing file /home/airflow/.local/lib/python3.7/site-packages/airflow/example_dags/example_xcomargs.py for tasks to queue
[2022-12-06T05:27:09.429+0000] {logging_mixin.py:137} INFO - [2022-12-06T05:27:09.428+0000] {dagbag.py:538} INFO - Filling up the DagBag from /home/airflow/.local/lib/python3.7/site-packages/airflow/example_dags/example_xcomargs.py
[2022-12-06T05:27:09.466+0000] {processor.py:753} INFO - DAG(s) dict_keys(['example_xcom_args_with_operators', 'example_xcom_args']) retrieved from /home/airflow/.local/lib/python3.7/site-packages/airflow/example_dags/example_xcomargs.py
[2022-12-06T05:27:09.533+0000] {logging_mixin.py:137} INFO - [2022-12-06T05:27:09.532+0000] {dag.py:2676} INFO - Sync 2 DAGs
[2022-12-06T05:27:09.579+0000] {logging_mixin.py:137} INFO - [2022-12-06T05:27:09.579+0000] {dag.py:3427} INFO - Setting next_dagrun for example_xcom_args to None, run_after=None
[2022-12-06T05:27:09.587+0000] {logging_mixin.py:137} INFO - [2022-12-06T05:27:09.587+0000] {dag.py:3427} INFO - Setting next_dagrun for example_xcom_args_with_operators to None, run_after=None
[2022-12-06T05:27:09.622+0000] {processor.py:175} INFO - Processing /home/airflow/.local/lib/python3.7/site-packages/airflow/example_dags/example_xcomargs.py took 0.202 seconds
[2022-12-06T05:27:40.180+0000] {processor.py:153} INFO - Started process (PID=343) to work on /home/airflow/.local/lib/python3.7/site-packages/airflow/example_dags/example_xcomargs.py
[2022-12-06T05:27:40.184+0000] {processor.py:743} INFO - Processing file /home/airflow/.local/lib/python3.7/site-packages/airflow/example_dags/example_xcomargs.py for tasks to queue
[2022-12-06T05:27:40.186+0000] {logging_mixin.py:137} INFO - [2022-12-06T05:27:40.186+0000] {dagbag.py:538} INFO - Filling up the DagBag from /home/airflow/.local/lib/python3.7/site-packages/airflow/example_dags/example_xcomargs.py
[2022-12-06T05:27:40.253+0000] {processor.py:753} INFO - DAG(s) dict_keys(['example_xcom_args_with_operators', 'example_xcom_args']) retrieved from /home/airflow/.local/lib/python3.7/site-packages/airflow/example_dags/example_xcomargs.py
[2022-12-06T05:27:40.344+0000] {logging_mixin.py:137} INFO - [2022-12-06T05:27:40.344+0000] {dag.py:2676} INFO - Sync 2 DAGs
[2022-12-06T05:27:40.400+0000] {logging_mixin.py:137} INFO - [2022-12-06T05:27:40.397+0000] {dag.py:3427} INFO - Setting next_dagrun for example_xcom_args to None, run_after=None
[2022-12-06T05:27:40.411+0000] {logging_mixin.py:137} INFO - [2022-12-06T05:27:40.411+0000] {dag.py:3427} INFO - Setting next_dagrun for example_xcom_args_with_operators to None, run_after=None
[2022-12-06T05:27:40.446+0000] {processor.py:175} INFO - Processing /home/airflow/.local/lib/python3.7/site-packages/airflow/example_dags/example_xcomargs.py took 0.274 seconds
[2022-12-06T05:28:12.364+0000] {processor.py:153} INFO - Started process (PID=410) to work on /home/airflow/.local/lib/python3.7/site-packages/airflow/example_dags/example_xcomargs.py
[2022-12-06T05:28:12.367+0000] {processor.py:743} INFO - Processing file /home/airflow/.local/lib/python3.7/site-packages/airflow/example_dags/example_xcomargs.py for tasks to queue
[2022-12-06T05:28:12.368+0000] {logging_mixin.py:137} INFO - [2022-12-06T05:28:12.368+0000] {dagbag.py:538} INFO - Filling up the DagBag from /home/airflow/.local/lib/python3.7/site-packages/airflow/example_dags/example_xcomargs.py
[2022-12-06T05:28:12.412+0000] {processor.py:753} INFO - DAG(s) dict_keys(['example_xcom_args', 'example_xcom_args_with_operators']) retrieved from /home/airflow/.local/lib/python3.7/site-packages/airflow/example_dags/example_xcomargs.py
[2022-12-06T05:28:12.493+0000] {logging_mixin.py:137} INFO - [2022-12-06T05:28:12.492+0000] {dag.py:2676} INFO - Sync 2 DAGs
[2022-12-06T05:28:12.555+0000] {logging_mixin.py:137} INFO - [2022-12-06T05:28:12.555+0000] {dag.py:3427} INFO - Setting next_dagrun for example_xcom_args to None, run_after=None
[2022-12-06T05:28:12.561+0000] {logging_mixin.py:137} INFO - [2022-12-06T05:28:12.561+0000] {dag.py:3427} INFO - Setting next_dagrun for example_xcom_args_with_operators to None, run_after=None
[2022-12-06T05:28:12.589+0000] {processor.py:175} INFO - Processing /home/airflow/.local/lib/python3.7/site-packages/airflow/example_dags/example_xcomargs.py took 0.230 seconds
[2022-12-06T05:28:43.843+0000] {processor.py:153} INFO - Started process (PID=476) to work on /home/airflow/.local/lib/python3.7/site-packages/airflow/example_dags/example_xcomargs.py
[2022-12-06T05:28:43.846+0000] {processor.py:743} INFO - Processing file /home/airflow/.local/lib/python3.7/site-packages/airflow/example_dags/example_xcomargs.py for tasks to queue
[2022-12-06T05:28:43.848+0000] {logging_mixin.py:137} INFO - [2022-12-06T05:28:43.848+0000] {dagbag.py:538} INFO - Filling up the DagBag from /home/airflow/.local/lib/python3.7/site-packages/airflow/example_dags/example_xcomargs.py
[2022-12-06T05:28:43.896+0000] {processor.py:753} INFO - DAG(s) dict_keys(['example_xcom_args_with_operators', 'example_xcom_args']) retrieved from /home/airflow/.local/lib/python3.7/site-packages/airflow/example_dags/example_xcomargs.py
[2022-12-06T05:28:43.995+0000] {logging_mixin.py:137} INFO - [2022-12-06T05:28:43.995+0000] {dag.py:2676} INFO - Sync 2 DAGs
[2022-12-06T05:28:44.050+0000] {logging_mixin.py:137} INFO - [2022-12-06T05:28:44.049+0000] {dag.py:3427} INFO - Setting next_dagrun for example_xcom_args to None, run_after=None
[2022-12-06T05:28:44.057+0000] {logging_mixin.py:137} INFO - [2022-12-06T05:28:44.057+0000] {dag.py:3427} INFO - Setting next_dagrun for example_xcom_args_with_operators to None, run_after=None
[2022-12-06T05:28:44.110+0000] {processor.py:175} INFO - Processing /home/airflow/.local/lib/python3.7/site-packages/airflow/example_dags/example_xcomargs.py took 0.273 seconds
[2022-12-06T05:29:14.558+0000] {processor.py:153} INFO - Started process (PID=544) to work on /home/airflow/.local/lib/python3.7/site-packages/airflow/example_dags/example_xcomargs.py
[2022-12-06T05:29:14.563+0000] {processor.py:743} INFO - Processing file /home/airflow/.local/lib/python3.7/site-packages/airflow/example_dags/example_xcomargs.py for tasks to queue
[2022-12-06T05:29:14.570+0000] {logging_mixin.py:137} INFO - [2022-12-06T05:29:14.569+0000] {dagbag.py:538} INFO - Filling up the DagBag from /home/airflow/.local/lib/python3.7/site-packages/airflow/example_dags/example_xcomargs.py
[2022-12-06T05:29:14.643+0000] {processor.py:753} INFO - DAG(s) dict_keys(['example_xcom_args', 'example_xcom_args_with_operators']) retrieved from /home/airflow/.local/lib/python3.7/site-packages/airflow/example_dags/example_xcomargs.py
[2022-12-06T05:29:14.811+0000] {logging_mixin.py:137} INFO - [2022-12-06T05:29:14.810+0000] {dag.py:2676} INFO - Sync 2 DAGs
[2022-12-06T05:29:14.882+0000] {logging_mixin.py:137} INFO - [2022-12-06T05:29:14.882+0000] {dag.py:3427} INFO - Setting next_dagrun for example_xcom_args to None, run_after=None
[2022-12-06T05:29:14.894+0000] {logging_mixin.py:137} INFO - [2022-12-06T05:29:14.893+0000] {dag.py:3427} INFO - Setting next_dagrun for example_xcom_args_with_operators to None, run_after=None
[2022-12-06T05:29:14.963+0000] {processor.py:175} INFO - Processing /home/airflow/.local/lib/python3.7/site-packages/airflow/example_dags/example_xcomargs.py took 0.417 seconds
[2022-12-06T05:30:25.028+0000] {processor.py:153} INFO - Started process (PID=615) to work on /home/airflow/.local/lib/python3.7/site-packages/airflow/example_dags/example_xcomargs.py
[2022-12-06T05:30:25.032+0000] {processor.py:743} INFO - Processing file /home/airflow/.local/lib/python3.7/site-packages/airflow/example_dags/example_xcomargs.py for tasks to queue
[2022-12-06T05:30:25.037+0000] {logging_mixin.py:137} INFO - [2022-12-06T05:30:25.036+0000] {dagbag.py:538} INFO - Filling up the DagBag from /home/airflow/.local/lib/python3.7/site-packages/airflow/example_dags/example_xcomargs.py
[2022-12-06T05:30:25.100+0000] {processor.py:753} INFO - DAG(s) dict_keys(['example_xcom_args', 'example_xcom_args_with_operators']) retrieved from /home/airflow/.local/lib/python3.7/site-packages/airflow/example_dags/example_xcomargs.py
[2022-12-06T05:30:25.199+0000] {logging_mixin.py:137} INFO - [2022-12-06T05:30:25.199+0000] {dag.py:2676} INFO - Sync 2 DAGs
[2022-12-06T05:30:25.275+0000] {logging_mixin.py:137} INFO - [2022-12-06T05:30:25.275+0000] {dag.py:3427} INFO - Setting next_dagrun for example_xcom_args to None, run_after=None
[2022-12-06T05:30:25.287+0000] {logging_mixin.py:137} INFO - [2022-12-06T05:30:25.286+0000] {dag.py:3427} INFO - Setting next_dagrun for example_xcom_args_with_operators to None, run_after=None
[2022-12-06T05:30:25.354+0000] {processor.py:175} INFO - Processing /home/airflow/.local/lib/python3.7/site-packages/airflow/example_dags/example_xcomargs.py took 0.335 seconds
[2022-12-06T05:31:09.090+0000] {processor.py:153} INFO - Started process (PID=689) to work on /home/airflow/.local/lib/python3.7/site-packages/airflow/example_dags/example_xcomargs.py
[2022-12-06T05:31:09.093+0000] {processor.py:743} INFO - Processing file /home/airflow/.local/lib/python3.7/site-packages/airflow/example_dags/example_xcomargs.py for tasks to queue
[2022-12-06T05:31:09.096+0000] {logging_mixin.py:137} INFO - [2022-12-06T05:31:09.096+0000] {dagbag.py:538} INFO - Filling up the DagBag from /home/airflow/.local/lib/python3.7/site-packages/airflow/example_dags/example_xcomargs.py
[2022-12-06T05:31:09.143+0000] {processor.py:753} INFO - DAG(s) dict_keys(['example_xcom_args', 'example_xcom_args_with_operators']) retrieved from /home/airflow/.local/lib/python3.7/site-packages/airflow/example_dags/example_xcomargs.py
[2022-12-06T05:31:09.223+0000] {logging_mixin.py:137} INFO - [2022-12-06T05:31:09.223+0000] {dag.py:2676} INFO - Sync 2 DAGs
[2022-12-06T05:31:09.272+0000] {logging_mixin.py:137} INFO - [2022-12-06T05:31:09.272+0000] {dag.py:3427} INFO - Setting next_dagrun for example_xcom_args to None, run_after=None
[2022-12-06T05:31:09.278+0000] {logging_mixin.py:137} INFO - [2022-12-06T05:31:09.278+0000] {dag.py:3427} INFO - Setting next_dagrun for example_xcom_args_with_operators to None, run_after=None
[2022-12-06T05:31:09.312+0000] {processor.py:175} INFO - Processing /home/airflow/.local/lib/python3.7/site-packages/airflow/example_dags/example_xcomargs.py took 0.228 seconds
[2022-12-06T05:32:06.221+0000] {processor.py:153} INFO - Started process (PID=756) to work on /home/airflow/.local/lib/python3.7/site-packages/airflow/example_dags/example_xcomargs.py
[2022-12-06T05:32:06.225+0000] {processor.py:743} INFO - Processing file /home/airflow/.local/lib/python3.7/site-packages/airflow/example_dags/example_xcomargs.py for tasks to queue
[2022-12-06T05:32:06.228+0000] {logging_mixin.py:137} INFO - [2022-12-06T05:32:06.227+0000] {dagbag.py:538} INFO - Filling up the DagBag from /home/airflow/.local/lib/python3.7/site-packages/airflow/example_dags/example_xcomargs.py
[2022-12-06T05:32:06.307+0000] {processor.py:753} INFO - DAG(s) dict_keys(['example_xcom_args', 'example_xcom_args_with_operators']) retrieved from /home/airflow/.local/lib/python3.7/site-packages/airflow/example_dags/example_xcomargs.py
[2022-12-06T05:32:06.378+0000] {logging_mixin.py:137} INFO - [2022-12-06T05:32:06.378+0000] {dag.py:2676} INFO - Sync 2 DAGs
[2022-12-06T05:32:06.446+0000] {logging_mixin.py:137} INFO - [2022-12-06T05:32:06.446+0000] {dag.py:3427} INFO - Setting next_dagrun for example_xcom_args to None, run_after=None
[2022-12-06T05:32:06.454+0000] {logging_mixin.py:137} INFO - [2022-12-06T05:32:06.454+0000] {dag.py:3427} INFO - Setting next_dagrun for example_xcom_args_with_operators to None, run_after=None
[2022-12-06T05:32:06.507+0000] {processor.py:175} INFO - Processing /home/airflow/.local/lib/python3.7/site-packages/airflow/example_dags/example_xcomargs.py took 0.292 seconds
[2022-12-06T05:48:29.614+0000] {processor.py:153} INFO - Started process (PID=119) to work on /home/airflow/.local/lib/python3.7/site-packages/airflow/example_dags/example_xcomargs.py
[2022-12-06T05:48:29.632+0000] {processor.py:743} INFO - Processing file /home/airflow/.local/lib/python3.7/site-packages/airflow/example_dags/example_xcomargs.py for tasks to queue
[2022-12-06T05:48:29.640+0000] {logging_mixin.py:137} INFO - [2022-12-06T05:48:29.640+0000] {dagbag.py:538} INFO - Filling up the DagBag from /home/airflow/.local/lib/python3.7/site-packages/airflow/example_dags/example_xcomargs.py
[2022-12-06T05:48:30.197+0000] {processor.py:753} INFO - DAG(s) dict_keys(['example_xcom_args_with_operators', 'example_xcom_args']) retrieved from /home/airflow/.local/lib/python3.7/site-packages/airflow/example_dags/example_xcomargs.py
[2022-12-06T05:48:30.923+0000] {logging_mixin.py:137} INFO - [2022-12-06T05:48:30.923+0000] {dag.py:2676} INFO - Sync 2 DAGs
[2022-12-06T05:48:30.973+0000] {logging_mixin.py:137} INFO - [2022-12-06T05:48:30.972+0000] {dag.py:3427} INFO - Setting next_dagrun for example_xcom_args to None, run_after=None
[2022-12-06T05:48:30.989+0000] {logging_mixin.py:137} INFO - [2022-12-06T05:48:30.989+0000] {dag.py:3427} INFO - Setting next_dagrun for example_xcom_args_with_operators to None, run_after=None
[2022-12-06T05:48:31.034+0000] {processor.py:175} INFO - Processing /home/airflow/.local/lib/python3.7/site-packages/airflow/example_dags/example_xcomargs.py took 1.469 seconds
[2022-12-06T05:49:10.478+0000] {processor.py:153} INFO - Started process (PID=201) to work on /home/airflow/.local/lib/python3.7/site-packages/airflow/example_dags/example_xcomargs.py
[2022-12-06T05:49:10.483+0000] {processor.py:743} INFO - Processing file /home/airflow/.local/lib/python3.7/site-packages/airflow/example_dags/example_xcomargs.py for tasks to queue
[2022-12-06T05:49:10.490+0000] {logging_mixin.py:137} INFO - [2022-12-06T05:49:10.489+0000] {dagbag.py:538} INFO - Filling up the DagBag from /home/airflow/.local/lib/python3.7/site-packages/airflow/example_dags/example_xcomargs.py
[2022-12-06T05:49:12.503+0000] {processor.py:753} INFO - DAG(s) dict_keys(['example_xcom_args', 'example_xcom_args_with_operators']) retrieved from /home/airflow/.local/lib/python3.7/site-packages/airflow/example_dags/example_xcomargs.py
[2022-12-06T05:49:14.614+0000] {logging_mixin.py:137} INFO - [2022-12-06T05:49:14.439+0000] {dag.py:2676} INFO - Sync 2 DAGs
[2022-12-06T05:49:16.509+0000] {logging_mixin.py:137} INFO - [2022-12-06T05:49:16.508+0000] {dag.py:3427} INFO - Setting next_dagrun for example_xcom_args to None, run_after=None
[2022-12-06T05:49:16.519+0000] {logging_mixin.py:137} INFO - [2022-12-06T05:49:16.518+0000] {dag.py:3427} INFO - Setting next_dagrun for example_xcom_args_with_operators to None, run_after=None
[2022-12-06T05:49:16.609+0000] {processor.py:175} INFO - Processing /home/airflow/.local/lib/python3.7/site-packages/airflow/example_dags/example_xcomargs.py took 6.175 seconds
[2022-12-06T05:49:48.746+0000] {processor.py:153} INFO - Started process (PID=275) to work on /home/airflow/.local/lib/python3.7/site-packages/airflow/example_dags/example_xcomargs.py
[2022-12-06T05:49:48.751+0000] {processor.py:743} INFO - Processing file /home/airflow/.local/lib/python3.7/site-packages/airflow/example_dags/example_xcomargs.py for tasks to queue
[2022-12-06T05:49:48.757+0000] {logging_mixin.py:137} INFO - [2022-12-06T05:49:48.757+0000] {dagbag.py:538} INFO - Filling up the DagBag from /home/airflow/.local/lib/python3.7/site-packages/airflow/example_dags/example_xcomargs.py
[2022-12-06T05:49:49.035+0000] {processor.py:753} INFO - DAG(s) dict_keys(['example_xcom_args_with_operators', 'example_xcom_args']) retrieved from /home/airflow/.local/lib/python3.7/site-packages/airflow/example_dags/example_xcomargs.py
[2022-12-06T05:49:49.390+0000] {logging_mixin.py:137} INFO - [2022-12-06T05:49:49.390+0000] {dag.py:2676} INFO - Sync 2 DAGs
[2022-12-06T05:49:50.379+0000] {logging_mixin.py:137} INFO - [2022-12-06T05:49:50.378+0000] {dag.py:3427} INFO - Setting next_dagrun for example_xcom_args to None, run_after=None
[2022-12-06T05:49:50.391+0000] {logging_mixin.py:137} INFO - [2022-12-06T05:49:50.391+0000] {dag.py:3427} INFO - Setting next_dagrun for example_xcom_args_with_operators to None, run_after=None
[2022-12-06T05:49:50.485+0000] {processor.py:175} INFO - Processing /home/airflow/.local/lib/python3.7/site-packages/airflow/example_dags/example_xcomargs.py took 1.757 seconds
[2022-12-06T05:50:20.988+0000] {processor.py:153} INFO - Started process (PID=342) to work on /home/airflow/.local/lib/python3.7/site-packages/airflow/example_dags/example_xcomargs.py
[2022-12-06T05:50:20.991+0000] {processor.py:743} INFO - Processing file /home/airflow/.local/lib/python3.7/site-packages/airflow/example_dags/example_xcomargs.py for tasks to queue
[2022-12-06T05:50:20.994+0000] {logging_mixin.py:137} INFO - [2022-12-06T05:50:20.994+0000] {dagbag.py:538} INFO - Filling up the DagBag from /home/airflow/.local/lib/python3.7/site-packages/airflow/example_dags/example_xcomargs.py
[2022-12-06T05:50:26.964+0000] {processor.py:753} INFO - DAG(s) dict_keys(['example_xcom_args', 'example_xcom_args_with_operators']) retrieved from /home/airflow/.local/lib/python3.7/site-packages/airflow/example_dags/example_xcomargs.py
[2022-12-06T05:50:27.394+0000] {logging_mixin.py:137} INFO - [2022-12-06T05:50:27.393+0000] {dag.py:2676} INFO - Sync 2 DAGs
[2022-12-06T05:50:28.919+0000] {logging_mixin.py:137} INFO - [2022-12-06T05:50:28.918+0000] {dag.py:3427} INFO - Setting next_dagrun for example_xcom_args to None, run_after=None
[2022-12-06T05:50:28.929+0000] {logging_mixin.py:137} INFO - [2022-12-06T05:50:28.929+0000] {dag.py:3427} INFO - Setting next_dagrun for example_xcom_args_with_operators to None, run_after=None
[2022-12-06T05:50:29.136+0000] {processor.py:175} INFO - Processing /home/airflow/.local/lib/python3.7/site-packages/airflow/example_dags/example_xcomargs.py took 8.155 seconds
[2022-12-06T05:51:22.078+0000] {processor.py:153} INFO - Started process (PID=428) to work on /home/airflow/.local/lib/python3.7/site-packages/airflow/example_dags/example_xcomargs.py
[2022-12-06T05:51:22.082+0000] {processor.py:743} INFO - Processing file /home/airflow/.local/lib/python3.7/site-packages/airflow/example_dags/example_xcomargs.py for tasks to queue
[2022-12-06T05:51:22.088+0000] {logging_mixin.py:137} INFO - [2022-12-06T05:51:22.087+0000] {dagbag.py:538} INFO - Filling up the DagBag from /home/airflow/.local/lib/python3.7/site-packages/airflow/example_dags/example_xcomargs.py
[2022-12-06T05:51:22.306+0000] {processor.py:753} INFO - DAG(s) dict_keys(['example_xcom_args_with_operators', 'example_xcom_args']) retrieved from /home/airflow/.local/lib/python3.7/site-packages/airflow/example_dags/example_xcomargs.py
[2022-12-06T05:51:22.415+0000] {logging_mixin.py:137} INFO - [2022-12-06T05:51:22.415+0000] {dag.py:2676} INFO - Sync 2 DAGs
[2022-12-06T05:51:22.460+0000] {logging_mixin.py:137} INFO - [2022-12-06T05:51:22.460+0000] {dag.py:3427} INFO - Setting next_dagrun for example_xcom_args to None, run_after=None
[2022-12-06T05:51:22.467+0000] {logging_mixin.py:137} INFO - [2022-12-06T05:51:22.467+0000] {dag.py:3427} INFO - Setting next_dagrun for example_xcom_args_with_operators to None, run_after=None
[2022-12-06T05:51:22.503+0000] {processor.py:175} INFO - Processing /home/airflow/.local/lib/python3.7/site-packages/airflow/example_dags/example_xcomargs.py took 0.439 seconds
[2022-12-06T05:52:12.925+0000] {processor.py:153} INFO - Started process (PID=497) to work on /home/airflow/.local/lib/python3.7/site-packages/airflow/example_dags/example_xcomargs.py
[2022-12-06T05:52:12.932+0000] {processor.py:743} INFO - Processing file /home/airflow/.local/lib/python3.7/site-packages/airflow/example_dags/example_xcomargs.py for tasks to queue
[2022-12-06T05:52:12.939+0000] {logging_mixin.py:137} INFO - [2022-12-06T05:52:12.938+0000] {dagbag.py:538} INFO - Filling up the DagBag from /home/airflow/.local/lib/python3.7/site-packages/airflow/example_dags/example_xcomargs.py
[2022-12-06T05:52:13.052+0000] {processor.py:753} INFO - DAG(s) dict_keys(['example_xcom_args', 'example_xcom_args_with_operators']) retrieved from /home/airflow/.local/lib/python3.7/site-packages/airflow/example_dags/example_xcomargs.py
[2022-12-06T05:52:13.148+0000] {logging_mixin.py:137} INFO - [2022-12-06T05:52:13.148+0000] {dag.py:2676} INFO - Sync 2 DAGs
[2022-12-06T05:52:13.194+0000] {logging_mixin.py:137} INFO - [2022-12-06T05:52:13.194+0000] {dag.py:3427} INFO - Setting next_dagrun for example_xcom_args to None, run_after=None
[2022-12-06T05:52:13.202+0000] {logging_mixin.py:137} INFO - [2022-12-06T05:52:13.202+0000] {dag.py:3427} INFO - Setting next_dagrun for example_xcom_args_with_operators to None, run_after=None
[2022-12-06T05:52:13.242+0000] {processor.py:175} INFO - Processing /home/airflow/.local/lib/python3.7/site-packages/airflow/example_dags/example_xcomargs.py took 0.329 seconds
[2022-12-06T05:52:59.281+0000] {processor.py:153} INFO - Started process (PID=577) to work on /home/airflow/.local/lib/python3.7/site-packages/airflow/example_dags/example_xcomargs.py
[2022-12-06T05:52:59.284+0000] {processor.py:743} INFO - Processing file /home/airflow/.local/lib/python3.7/site-packages/airflow/example_dags/example_xcomargs.py for tasks to queue
[2022-12-06T05:52:59.294+0000] {logging_mixin.py:137} INFO - [2022-12-06T05:52:59.293+0000] {dagbag.py:538} INFO - Filling up the DagBag from /home/airflow/.local/lib/python3.7/site-packages/airflow/example_dags/example_xcomargs.py
[2022-12-06T05:52:59.401+0000] {processor.py:753} INFO - DAG(s) dict_keys(['example_xcom_args', 'example_xcom_args_with_operators']) retrieved from /home/airflow/.local/lib/python3.7/site-packages/airflow/example_dags/example_xcomargs.py
[2022-12-06T05:52:59.488+0000] {logging_mixin.py:137} INFO - [2022-12-06T05:52:59.487+0000] {dag.py:2676} INFO - Sync 2 DAGs
[2022-12-06T05:52:59.549+0000] {logging_mixin.py:137} INFO - [2022-12-06T05:52:59.549+0000] {dag.py:3427} INFO - Setting next_dagrun for example_xcom_args to None, run_after=None
[2022-12-06T05:52:59.573+0000] {logging_mixin.py:137} INFO - [2022-12-06T05:52:59.572+0000] {dag.py:3427} INFO - Setting next_dagrun for example_xcom_args_with_operators to None, run_after=None
[2022-12-06T05:52:59.642+0000] {processor.py:175} INFO - Processing /home/airflow/.local/lib/python3.7/site-packages/airflow/example_dags/example_xcomargs.py took 0.373 seconds
[2022-12-06T05:53:43.911+0000] {processor.py:153} INFO - Started process (PID=665) to work on /home/airflow/.local/lib/python3.7/site-packages/airflow/example_dags/example_xcomargs.py
[2022-12-06T05:53:43.913+0000] {processor.py:743} INFO - Processing file /home/airflow/.local/lib/python3.7/site-packages/airflow/example_dags/example_xcomargs.py for tasks to queue
[2022-12-06T05:53:43.915+0000] {logging_mixin.py:137} INFO - [2022-12-06T05:53:43.915+0000] {dagbag.py:538} INFO - Filling up the DagBag from /home/airflow/.local/lib/python3.7/site-packages/airflow/example_dags/example_xcomargs.py
[2022-12-06T05:53:43.958+0000] {processor.py:753} INFO - DAG(s) dict_keys(['example_xcom_args', 'example_xcom_args_with_operators']) retrieved from /home/airflow/.local/lib/python3.7/site-packages/airflow/example_dags/example_xcomargs.py
[2022-12-06T05:53:44.025+0000] {logging_mixin.py:137} INFO - [2022-12-06T05:53:44.024+0000] {dag.py:2676} INFO - Sync 2 DAGs
[2022-12-06T05:53:44.073+0000] {logging_mixin.py:137} INFO - [2022-12-06T05:53:44.072+0000] {dag.py:3427} INFO - Setting next_dagrun for example_xcom_args to None, run_after=None
[2022-12-06T05:53:44.080+0000] {logging_mixin.py:137} INFO - [2022-12-06T05:53:44.080+0000] {dag.py:3427} INFO - Setting next_dagrun for example_xcom_args_with_operators to None, run_after=None
[2022-12-06T05:53:44.119+0000] {processor.py:175} INFO - Processing /home/airflow/.local/lib/python3.7/site-packages/airflow/example_dags/example_xcomargs.py took 0.213 seconds
[2022-12-06T05:54:25.319+0000] {processor.py:153} INFO - Started process (PID=743) to work on /home/airflow/.local/lib/python3.7/site-packages/airflow/example_dags/example_xcomargs.py
[2022-12-06T05:54:25.322+0000] {processor.py:743} INFO - Processing file /home/airflow/.local/lib/python3.7/site-packages/airflow/example_dags/example_xcomargs.py for tasks to queue
[2022-12-06T05:54:25.324+0000] {logging_mixin.py:137} INFO - [2022-12-06T05:54:25.324+0000] {dagbag.py:538} INFO - Filling up the DagBag from /home/airflow/.local/lib/python3.7/site-packages/airflow/example_dags/example_xcomargs.py
[2022-12-06T05:54:25.368+0000] {processor.py:753} INFO - DAG(s) dict_keys(['example_xcom_args_with_operators', 'example_xcom_args']) retrieved from /home/airflow/.local/lib/python3.7/site-packages/airflow/example_dags/example_xcomargs.py
[2022-12-06T05:54:25.466+0000] {logging_mixin.py:137} INFO - [2022-12-06T05:54:25.466+0000] {dag.py:2676} INFO - Sync 2 DAGs
[2022-12-06T05:54:25.547+0000] {logging_mixin.py:137} INFO - [2022-12-06T05:54:25.547+0000] {dag.py:3427} INFO - Setting next_dagrun for example_xcom_args to None, run_after=None
[2022-12-06T05:54:25.558+0000] {logging_mixin.py:137} INFO - [2022-12-06T05:54:25.558+0000] {dag.py:3427} INFO - Setting next_dagrun for example_xcom_args_with_operators to None, run_after=None
[2022-12-06T05:54:25.590+0000] {processor.py:175} INFO - Processing /home/airflow/.local/lib/python3.7/site-packages/airflow/example_dags/example_xcomargs.py took 0.276 seconds
[2022-12-06T05:54:56.544+0000] {processor.py:153} INFO - Started process (PID=816) to work on /home/airflow/.local/lib/python3.7/site-packages/airflow/example_dags/example_xcomargs.py
[2022-12-06T05:54:56.547+0000] {processor.py:743} INFO - Processing file /home/airflow/.local/lib/python3.7/site-packages/airflow/example_dags/example_xcomargs.py for tasks to queue
[2022-12-06T05:54:56.550+0000] {logging_mixin.py:137} INFO - [2022-12-06T05:54:56.549+0000] {dagbag.py:538} INFO - Filling up the DagBag from /home/airflow/.local/lib/python3.7/site-packages/airflow/example_dags/example_xcomargs.py
[2022-12-06T05:54:56.602+0000] {processor.py:753} INFO - DAG(s) dict_keys(['example_xcom_args_with_operators', 'example_xcom_args']) retrieved from /home/airflow/.local/lib/python3.7/site-packages/airflow/example_dags/example_xcomargs.py
[2022-12-06T05:54:56.708+0000] {logging_mixin.py:137} INFO - [2022-12-06T05:54:56.708+0000] {dag.py:2676} INFO - Sync 2 DAGs
[2022-12-06T05:54:56.774+0000] {logging_mixin.py:137} INFO - [2022-12-06T05:54:56.774+0000] {dag.py:3427} INFO - Setting next_dagrun for example_xcom_args to None, run_after=None
[2022-12-06T05:54:56.783+0000] {logging_mixin.py:137} INFO - [2022-12-06T05:54:56.783+0000] {dag.py:3427} INFO - Setting next_dagrun for example_xcom_args_with_operators to None, run_after=None
[2022-12-06T05:54:56.820+0000] {processor.py:175} INFO - Processing /home/airflow/.local/lib/python3.7/site-packages/airflow/example_dags/example_xcomargs.py took 0.282 seconds
[2022-12-06T05:55:40.969+0000] {processor.py:153} INFO - Started process (PID=886) to work on /home/airflow/.local/lib/python3.7/site-packages/airflow/example_dags/example_xcomargs.py
[2022-12-06T05:55:40.972+0000] {processor.py:743} INFO - Processing file /home/airflow/.local/lib/python3.7/site-packages/airflow/example_dags/example_xcomargs.py for tasks to queue
[2022-12-06T05:55:40.975+0000] {logging_mixin.py:137} INFO - [2022-12-06T05:55:40.974+0000] {dagbag.py:538} INFO - Filling up the DagBag from /home/airflow/.local/lib/python3.7/site-packages/airflow/example_dags/example_xcomargs.py
[2022-12-06T05:55:41.021+0000] {processor.py:753} INFO - DAG(s) dict_keys(['example_xcom_args_with_operators', 'example_xcom_args']) retrieved from /home/airflow/.local/lib/python3.7/site-packages/airflow/example_dags/example_xcomargs.py
[2022-12-06T05:55:41.112+0000] {logging_mixin.py:137} INFO - [2022-12-06T05:55:41.112+0000] {dag.py:2676} INFO - Sync 2 DAGs
[2022-12-06T05:55:41.180+0000] {logging_mixin.py:137} INFO - [2022-12-06T05:55:41.180+0000] {dag.py:3427} INFO - Setting next_dagrun for example_xcom_args to None, run_after=None
[2022-12-06T05:55:41.188+0000] {logging_mixin.py:137} INFO - [2022-12-06T05:55:41.187+0000] {dag.py:3427} INFO - Setting next_dagrun for example_xcom_args_with_operators to None, run_after=None
[2022-12-06T05:55:41.227+0000] {processor.py:175} INFO - Processing /home/airflow/.local/lib/python3.7/site-packages/airflow/example_dags/example_xcomargs.py took 0.267 seconds
[2022-12-06T05:56:32.464+0000] {processor.py:153} INFO - Started process (PID=953) to work on /home/airflow/.local/lib/python3.7/site-packages/airflow/example_dags/example_xcomargs.py
[2022-12-06T05:56:32.467+0000] {processor.py:743} INFO - Processing file /home/airflow/.local/lib/python3.7/site-packages/airflow/example_dags/example_xcomargs.py for tasks to queue
[2022-12-06T05:56:32.468+0000] {logging_mixin.py:137} INFO - [2022-12-06T05:56:32.468+0000] {dagbag.py:538} INFO - Filling up the DagBag from /home/airflow/.local/lib/python3.7/site-packages/airflow/example_dags/example_xcomargs.py
[2022-12-06T05:56:32.504+0000] {processor.py:753} INFO - DAG(s) dict_keys(['example_xcom_args', 'example_xcom_args_with_operators']) retrieved from /home/airflow/.local/lib/python3.7/site-packages/airflow/example_dags/example_xcomargs.py
[2022-12-06T05:56:32.572+0000] {logging_mixin.py:137} INFO - [2022-12-06T05:56:32.572+0000] {dag.py:2676} INFO - Sync 2 DAGs
[2022-12-06T05:56:32.613+0000] {logging_mixin.py:137} INFO - [2022-12-06T05:56:32.613+0000] {dag.py:3427} INFO - Setting next_dagrun for example_xcom_args to None, run_after=None
[2022-12-06T05:56:32.620+0000] {logging_mixin.py:137} INFO - [2022-12-06T05:56:32.619+0000] {dag.py:3427} INFO - Setting next_dagrun for example_xcom_args_with_operators to None, run_after=None
[2022-12-06T05:56:32.645+0000] {processor.py:175} INFO - Processing /home/airflow/.local/lib/python3.7/site-packages/airflow/example_dags/example_xcomargs.py took 0.186 seconds
[2022-12-06T05:57:17.512+0000] {processor.py:153} INFO - Started process (PID=1038) to work on /home/airflow/.local/lib/python3.7/site-packages/airflow/example_dags/example_xcomargs.py
[2022-12-06T05:57:17.515+0000] {processor.py:743} INFO - Processing file /home/airflow/.local/lib/python3.7/site-packages/airflow/example_dags/example_xcomargs.py for tasks to queue
[2022-12-06T05:57:17.517+0000] {logging_mixin.py:137} INFO - [2022-12-06T05:57:17.516+0000] {dagbag.py:538} INFO - Filling up the DagBag from /home/airflow/.local/lib/python3.7/site-packages/airflow/example_dags/example_xcomargs.py
[2022-12-06T05:57:17.575+0000] {processor.py:753} INFO - DAG(s) dict_keys(['example_xcom_args', 'example_xcom_args_with_operators']) retrieved from /home/airflow/.local/lib/python3.7/site-packages/airflow/example_dags/example_xcomargs.py
[2022-12-06T05:57:17.810+0000] {logging_mixin.py:137} INFO - [2022-12-06T05:57:17.809+0000] {dag.py:2676} INFO - Sync 2 DAGs
[2022-12-06T05:57:17.936+0000] {logging_mixin.py:137} INFO - [2022-12-06T05:57:17.935+0000] {dag.py:3427} INFO - Setting next_dagrun for example_xcom_args to None, run_after=None
[2022-12-06T05:57:17.950+0000] {logging_mixin.py:137} INFO - [2022-12-06T05:57:17.949+0000] {dag.py:3427} INFO - Setting next_dagrun for example_xcom_args_with_operators to None, run_after=None
[2022-12-06T05:57:18.017+0000] {processor.py:175} INFO - Processing /home/airflow/.local/lib/python3.7/site-packages/airflow/example_dags/example_xcomargs.py took 0.511 seconds
[2022-12-06T05:57:57.122+0000] {processor.py:153} INFO - Started process (PID=1106) to work on /home/airflow/.local/lib/python3.7/site-packages/airflow/example_dags/example_xcomargs.py
[2022-12-06T05:57:57.128+0000] {processor.py:743} INFO - Processing file /home/airflow/.local/lib/python3.7/site-packages/airflow/example_dags/example_xcomargs.py for tasks to queue
[2022-12-06T05:57:57.132+0000] {logging_mixin.py:137} INFO - [2022-12-06T05:57:57.132+0000] {dagbag.py:538} INFO - Filling up the DagBag from /home/airflow/.local/lib/python3.7/site-packages/airflow/example_dags/example_xcomargs.py
[2022-12-06T05:57:57.196+0000] {processor.py:753} INFO - DAG(s) dict_keys(['example_xcom_args', 'example_xcom_args_with_operators']) retrieved from /home/airflow/.local/lib/python3.7/site-packages/airflow/example_dags/example_xcomargs.py
[2022-12-06T05:57:57.305+0000] {logging_mixin.py:137} INFO - [2022-12-06T05:57:57.305+0000] {dag.py:2676} INFO - Sync 2 DAGs
[2022-12-06T05:57:57.360+0000] {logging_mixin.py:137} INFO - [2022-12-06T05:57:57.360+0000] {dag.py:3427} INFO - Setting next_dagrun for example_xcom_args to None, run_after=None
[2022-12-06T05:57:57.367+0000] {logging_mixin.py:137} INFO - [2022-12-06T05:57:57.367+0000] {dag.py:3427} INFO - Setting next_dagrun for example_xcom_args_with_operators to None, run_after=None
[2022-12-06T05:57:57.433+0000] {processor.py:175} INFO - Processing /home/airflow/.local/lib/python3.7/site-packages/airflow/example_dags/example_xcomargs.py took 0.323 seconds
[2022-12-06T05:58:36.756+0000] {processor.py:153} INFO - Started process (PID=1186) to work on /home/airflow/.local/lib/python3.7/site-packages/airflow/example_dags/example_xcomargs.py
[2022-12-06T05:58:36.768+0000] {processor.py:743} INFO - Processing file /home/airflow/.local/lib/python3.7/site-packages/airflow/example_dags/example_xcomargs.py for tasks to queue
[2022-12-06T05:58:36.774+0000] {logging_mixin.py:137} INFO - [2022-12-06T05:58:36.773+0000] {dagbag.py:538} INFO - Filling up the DagBag from /home/airflow/.local/lib/python3.7/site-packages/airflow/example_dags/example_xcomargs.py
[2022-12-06T05:58:36.859+0000] {processor.py:753} INFO - DAG(s) dict_keys(['example_xcom_args', 'example_xcom_args_with_operators']) retrieved from /home/airflow/.local/lib/python3.7/site-packages/airflow/example_dags/example_xcomargs.py
[2022-12-06T05:58:36.983+0000] {logging_mixin.py:137} INFO - [2022-12-06T05:58:36.982+0000] {dag.py:2676} INFO - Sync 2 DAGs
[2022-12-06T05:58:37.092+0000] {logging_mixin.py:137} INFO - [2022-12-06T05:58:37.092+0000] {dag.py:3427} INFO - Setting next_dagrun for example_xcom_args to None, run_after=None
[2022-12-06T05:58:37.113+0000] {logging_mixin.py:137} INFO - [2022-12-06T05:58:37.112+0000] {dag.py:3427} INFO - Setting next_dagrun for example_xcom_args_with_operators to None, run_after=None
[2022-12-06T05:58:37.215+0000] {processor.py:175} INFO - Processing /home/airflow/.local/lib/python3.7/site-packages/airflow/example_dags/example_xcomargs.py took 0.477 seconds
[2022-12-06T05:59:19.037+0000] {processor.py:153} INFO - Started process (PID=1259) to work on /home/airflow/.local/lib/python3.7/site-packages/airflow/example_dags/example_xcomargs.py
[2022-12-06T05:59:19.039+0000] {processor.py:743} INFO - Processing file /home/airflow/.local/lib/python3.7/site-packages/airflow/example_dags/example_xcomargs.py for tasks to queue
[2022-12-06T05:59:19.041+0000] {logging_mixin.py:137} INFO - [2022-12-06T05:59:19.041+0000] {dagbag.py:538} INFO - Filling up the DagBag from /home/airflow/.local/lib/python3.7/site-packages/airflow/example_dags/example_xcomargs.py
[2022-12-06T05:59:19.080+0000] {processor.py:753} INFO - DAG(s) dict_keys(['example_xcom_args', 'example_xcom_args_with_operators']) retrieved from /home/airflow/.local/lib/python3.7/site-packages/airflow/example_dags/example_xcomargs.py
[2022-12-06T05:59:19.147+0000] {logging_mixin.py:137} INFO - [2022-12-06T05:59:19.147+0000] {dag.py:2676} INFO - Sync 2 DAGs
[2022-12-06T05:59:19.189+0000] {logging_mixin.py:137} INFO - [2022-12-06T05:59:19.189+0000] {dag.py:3427} INFO - Setting next_dagrun for example_xcom_args to None, run_after=None
[2022-12-06T05:59:19.195+0000] {logging_mixin.py:137} INFO - [2022-12-06T05:59:19.195+0000] {dag.py:3427} INFO - Setting next_dagrun for example_xcom_args_with_operators to None, run_after=None
[2022-12-06T05:59:19.222+0000] {processor.py:175} INFO - Processing /home/airflow/.local/lib/python3.7/site-packages/airflow/example_dags/example_xcomargs.py took 0.191 seconds
[2022-12-06T05:59:57.544+0000] {processor.py:153} INFO - Started process (PID=1326) to work on /home/airflow/.local/lib/python3.7/site-packages/airflow/example_dags/example_xcomargs.py
[2022-12-06T05:59:57.546+0000] {processor.py:743} INFO - Processing file /home/airflow/.local/lib/python3.7/site-packages/airflow/example_dags/example_xcomargs.py for tasks to queue
[2022-12-06T05:59:57.548+0000] {logging_mixin.py:137} INFO - [2022-12-06T05:59:57.548+0000] {dagbag.py:538} INFO - Filling up the DagBag from /home/airflow/.local/lib/python3.7/site-packages/airflow/example_dags/example_xcomargs.py
[2022-12-06T05:59:57.583+0000] {processor.py:753} INFO - DAG(s) dict_keys(['example_xcom_args', 'example_xcom_args_with_operators']) retrieved from /home/airflow/.local/lib/python3.7/site-packages/airflow/example_dags/example_xcomargs.py
[2022-12-06T05:59:57.640+0000] {logging_mixin.py:137} INFO - [2022-12-06T05:59:57.640+0000] {dag.py:2676} INFO - Sync 2 DAGs
[2022-12-06T05:59:57.672+0000] {logging_mixin.py:137} INFO - [2022-12-06T05:59:57.672+0000] {dag.py:3427} INFO - Setting next_dagrun for example_xcom_args to None, run_after=None
[2022-12-06T05:59:57.677+0000] {logging_mixin.py:137} INFO - [2022-12-06T05:59:57.677+0000] {dag.py:3427} INFO - Setting next_dagrun for example_xcom_args_with_operators to None, run_after=None
[2022-12-06T05:59:57.704+0000] {processor.py:175} INFO - Processing /home/airflow/.local/lib/python3.7/site-packages/airflow/example_dags/example_xcomargs.py took 0.165 seconds
[2022-12-06T06:00:45.992+0000] {processor.py:153} INFO - Started process (PID=1410) to work on /home/airflow/.local/lib/python3.7/site-packages/airflow/example_dags/example_xcomargs.py
[2022-12-06T06:00:45.999+0000] {processor.py:743} INFO - Processing file /home/airflow/.local/lib/python3.7/site-packages/airflow/example_dags/example_xcomargs.py for tasks to queue
[2022-12-06T06:00:46.002+0000] {logging_mixin.py:137} INFO - [2022-12-06T06:00:46.002+0000] {dagbag.py:538} INFO - Filling up the DagBag from /home/airflow/.local/lib/python3.7/site-packages/airflow/example_dags/example_xcomargs.py
[2022-12-06T06:00:46.065+0000] {processor.py:753} INFO - DAG(s) dict_keys(['example_xcom_args_with_operators', 'example_xcom_args']) retrieved from /home/airflow/.local/lib/python3.7/site-packages/airflow/example_dags/example_xcomargs.py
[2022-12-06T06:00:46.205+0000] {logging_mixin.py:137} INFO - [2022-12-06T06:00:46.204+0000] {dag.py:2676} INFO - Sync 2 DAGs
[2022-12-06T06:00:46.255+0000] {logging_mixin.py:137} INFO - [2022-12-06T06:00:46.255+0000] {dag.py:3427} INFO - Setting next_dagrun for example_xcom_args to None, run_after=None
[2022-12-06T06:00:46.262+0000] {logging_mixin.py:137} INFO - [2022-12-06T06:00:46.262+0000] {dag.py:3427} INFO - Setting next_dagrun for example_xcom_args_with_operators to None, run_after=None
[2022-12-06T06:00:46.297+0000] {processor.py:175} INFO - Processing /home/airflow/.local/lib/python3.7/site-packages/airflow/example_dags/example_xcomargs.py took 0.316 seconds
[2022-12-06T06:01:16.475+0000] {processor.py:153} INFO - Started process (PID=1479) to work on /home/airflow/.local/lib/python3.7/site-packages/airflow/example_dags/example_xcomargs.py
[2022-12-06T06:01:16.477+0000] {processor.py:743} INFO - Processing file /home/airflow/.local/lib/python3.7/site-packages/airflow/example_dags/example_xcomargs.py for tasks to queue
[2022-12-06T06:01:16.479+0000] {logging_mixin.py:137} INFO - [2022-12-06T06:01:16.479+0000] {dagbag.py:538} INFO - Filling up the DagBag from /home/airflow/.local/lib/python3.7/site-packages/airflow/example_dags/example_xcomargs.py
[2022-12-06T06:01:16.554+0000] {processor.py:753} INFO - DAG(s) dict_keys(['example_xcom_args_with_operators', 'example_xcom_args']) retrieved from /home/airflow/.local/lib/python3.7/site-packages/airflow/example_dags/example_xcomargs.py
[2022-12-06T06:01:16.652+0000] {logging_mixin.py:137} INFO - [2022-12-06T06:01:16.652+0000] {dag.py:2676} INFO - Sync 2 DAGs
[2022-12-06T06:01:16.690+0000] {logging_mixin.py:137} INFO - [2022-12-06T06:01:16.690+0000] {dag.py:3427} INFO - Setting next_dagrun for example_xcom_args to None, run_after=None
[2022-12-06T06:01:16.696+0000] {logging_mixin.py:137} INFO - [2022-12-06T06:01:16.696+0000] {dag.py:3427} INFO - Setting next_dagrun for example_xcom_args_with_operators to None, run_after=None
[2022-12-06T06:01:16.737+0000] {processor.py:175} INFO - Processing /home/airflow/.local/lib/python3.7/site-packages/airflow/example_dags/example_xcomargs.py took 0.267 seconds
[2022-12-06T06:01:48.267+0000] {processor.py:153} INFO - Started process (PID=1561) to work on /home/airflow/.local/lib/python3.7/site-packages/airflow/example_dags/example_xcomargs.py
[2022-12-06T06:01:48.270+0000] {processor.py:743} INFO - Processing file /home/airflow/.local/lib/python3.7/site-packages/airflow/example_dags/example_xcomargs.py for tasks to queue
[2022-12-06T06:01:48.273+0000] {logging_mixin.py:137} INFO - [2022-12-06T06:01:48.272+0000] {dagbag.py:538} INFO - Filling up the DagBag from /home/airflow/.local/lib/python3.7/site-packages/airflow/example_dags/example_xcomargs.py
[2022-12-06T06:01:48.321+0000] {processor.py:753} INFO - DAG(s) dict_keys(['example_xcom_args_with_operators', 'example_xcom_args']) retrieved from /home/airflow/.local/lib/python3.7/site-packages/airflow/example_dags/example_xcomargs.py
[2022-12-06T06:01:48.391+0000] {logging_mixin.py:137} INFO - [2022-12-06T06:01:48.391+0000] {dag.py:2676} INFO - Sync 2 DAGs
[2022-12-06T06:01:48.437+0000] {logging_mixin.py:137} INFO - [2022-12-06T06:01:48.436+0000] {dag.py:3427} INFO - Setting next_dagrun for example_xcom_args to None, run_after=None
[2022-12-06T06:01:48.443+0000] {logging_mixin.py:137} INFO - [2022-12-06T06:01:48.443+0000] {dag.py:3427} INFO - Setting next_dagrun for example_xcom_args_with_operators to None, run_after=None
[2022-12-06T06:01:48.476+0000] {processor.py:175} INFO - Processing /home/airflow/.local/lib/python3.7/site-packages/airflow/example_dags/example_xcomargs.py took 0.215 seconds
[2022-12-06T06:02:24.486+0000] {processor.py:153} INFO - Started process (PID=1628) to work on /home/airflow/.local/lib/python3.7/site-packages/airflow/example_dags/example_xcomargs.py
[2022-12-06T06:02:24.488+0000] {processor.py:743} INFO - Processing file /home/airflow/.local/lib/python3.7/site-packages/airflow/example_dags/example_xcomargs.py for tasks to queue
[2022-12-06T06:02:24.489+0000] {logging_mixin.py:137} INFO - [2022-12-06T06:02:24.489+0000] {dagbag.py:538} INFO - Filling up the DagBag from /home/airflow/.local/lib/python3.7/site-packages/airflow/example_dags/example_xcomargs.py
[2022-12-06T06:02:24.536+0000] {processor.py:753} INFO - DAG(s) dict_keys(['example_xcom_args', 'example_xcom_args_with_operators']) retrieved from /home/airflow/.local/lib/python3.7/site-packages/airflow/example_dags/example_xcomargs.py
[2022-12-06T06:02:24.617+0000] {logging_mixin.py:137} INFO - [2022-12-06T06:02:24.617+0000] {dag.py:2676} INFO - Sync 2 DAGs
[2022-12-06T06:02:24.690+0000] {logging_mixin.py:137} INFO - [2022-12-06T06:02:24.690+0000] {dag.py:3427} INFO - Setting next_dagrun for example_xcom_args to None, run_after=None
[2022-12-06T06:02:24.700+0000] {logging_mixin.py:137} INFO - [2022-12-06T06:02:24.699+0000] {dag.py:3427} INFO - Setting next_dagrun for example_xcom_args_with_operators to None, run_after=None
[2022-12-06T06:02:24.741+0000] {processor.py:175} INFO - Processing /home/airflow/.local/lib/python3.7/site-packages/airflow/example_dags/example_xcomargs.py took 0.261 seconds
