[2022-12-06T05:24:30.512+0000] {processor.py:153} INFO - Started process (PID=61) to work on /home/airflow/.local/lib/python3.7/site-packages/airflow/example_dags/example_short_circuit_decorator.py
[2022-12-06T05:24:30.514+0000] {processor.py:743} INFO - Processing file /home/airflow/.local/lib/python3.7/site-packages/airflow/example_dags/example_short_circuit_decorator.py for tasks to queue
[2022-12-06T05:24:30.516+0000] {logging_mixin.py:137} INFO - [2022-12-06T05:24:30.516+0000] {dagbag.py:538} INFO - Filling up the DagBag from /home/airflow/.local/lib/python3.7/site-packages/airflow/example_dags/example_short_circuit_decorator.py
[2022-12-06T05:24:30.570+0000] {processor.py:753} INFO - DAG(s) dict_keys(['example_short_circuit_decorator']) retrieved from /home/airflow/.local/lib/python3.7/site-packages/airflow/example_dags/example_short_circuit_decorator.py
[2022-12-06T05:24:30.635+0000] {logging_mixin.py:137} INFO - [2022-12-06T05:24:30.634+0000] {dag.py:2676} INFO - Sync 1 DAGs
[2022-12-06T05:24:30.682+0000] {logging_mixin.py:137} INFO - [2022-12-06T05:24:30.681+0000] {dag.py:3427} INFO - Setting next_dagrun for example_short_circuit_decorator to 2022-12-05T05:24:30.681610+00:00, run_after=2022-12-06T05:24:30.681610+00:00
[2022-12-06T05:24:30.721+0000] {processor.py:175} INFO - Processing /home/airflow/.local/lib/python3.7/site-packages/airflow/example_dags/example_short_circuit_decorator.py took 0.213 seconds
[2022-12-06T05:26:09.962+0000] {processor.py:153} INFO - Started process (PID=167) to work on /home/airflow/.local/lib/python3.7/site-packages/airflow/example_dags/example_short_circuit_decorator.py
[2022-12-06T05:26:09.965+0000] {processor.py:743} INFO - Processing file /home/airflow/.local/lib/python3.7/site-packages/airflow/example_dags/example_short_circuit_decorator.py for tasks to queue
[2022-12-06T05:26:09.968+0000] {logging_mixin.py:137} INFO - [2022-12-06T05:26:09.968+0000] {dagbag.py:538} INFO - Filling up the DagBag from /home/airflow/.local/lib/python3.7/site-packages/airflow/example_dags/example_short_circuit_decorator.py
[2022-12-06T05:26:10.093+0000] {processor.py:753} INFO - DAG(s) dict_keys(['example_short_circuit_decorator']) retrieved from /home/airflow/.local/lib/python3.7/site-packages/airflow/example_dags/example_short_circuit_decorator.py
[2022-12-06T05:26:10.257+0000] {logging_mixin.py:137} INFO - [2022-12-06T05:26:10.256+0000] {dag.py:2676} INFO - Sync 1 DAGs
[2022-12-06T05:26:10.371+0000] {logging_mixin.py:137} INFO - [2022-12-06T05:26:10.364+0000] {dag.py:3427} INFO - Setting next_dagrun for example_short_circuit_decorator to 2022-12-05T05:26:10.362750+00:00, run_after=2022-12-06T05:26:10.362750+00:00
[2022-12-06T05:26:10.471+0000] {processor.py:175} INFO - Processing /home/airflow/.local/lib/python3.7/site-packages/airflow/example_dags/example_short_circuit_decorator.py took 0.516 seconds
[2022-12-06T05:27:06.382+0000] {processor.py:153} INFO - Started process (PID=257) to work on /home/airflow/.local/lib/python3.7/site-packages/airflow/example_dags/example_short_circuit_decorator.py
[2022-12-06T05:27:06.388+0000] {processor.py:743} INFO - Processing file /home/airflow/.local/lib/python3.7/site-packages/airflow/example_dags/example_short_circuit_decorator.py for tasks to queue
[2022-12-06T05:27:06.391+0000] {logging_mixin.py:137} INFO - [2022-12-06T05:27:06.391+0000] {dagbag.py:538} INFO - Filling up the DagBag from /home/airflow/.local/lib/python3.7/site-packages/airflow/example_dags/example_short_circuit_decorator.py
[2022-12-06T05:27:06.473+0000] {processor.py:753} INFO - DAG(s) dict_keys(['example_short_circuit_decorator']) retrieved from /home/airflow/.local/lib/python3.7/site-packages/airflow/example_dags/example_short_circuit_decorator.py
[2022-12-06T05:27:06.538+0000] {logging_mixin.py:137} INFO - [2022-12-06T05:27:06.538+0000] {dag.py:2676} INFO - Sync 1 DAGs
[2022-12-06T05:27:06.617+0000] {logging_mixin.py:137} INFO - [2022-12-06T05:27:06.617+0000] {dag.py:3427} INFO - Setting next_dagrun for example_short_circuit_decorator to 2022-12-05T05:27:06.617201+00:00, run_after=2022-12-06T05:27:06.617201+00:00
[2022-12-06T05:27:06.657+0000] {processor.py:175} INFO - Processing /home/airflow/.local/lib/python3.7/site-packages/airflow/example_dags/example_short_circuit_decorator.py took 0.283 seconds
[2022-12-06T05:27:36.853+0000] {processor.py:153} INFO - Started process (PID=325) to work on /home/airflow/.local/lib/python3.7/site-packages/airflow/example_dags/example_short_circuit_decorator.py
[2022-12-06T05:27:36.856+0000] {processor.py:743} INFO - Processing file /home/airflow/.local/lib/python3.7/site-packages/airflow/example_dags/example_short_circuit_decorator.py for tasks to queue
[2022-12-06T05:27:36.858+0000] {logging_mixin.py:137} INFO - [2022-12-06T05:27:36.858+0000] {dagbag.py:538} INFO - Filling up the DagBag from /home/airflow/.local/lib/python3.7/site-packages/airflow/example_dags/example_short_circuit_decorator.py
[2022-12-06T05:27:36.928+0000] {processor.py:753} INFO - DAG(s) dict_keys(['example_short_circuit_decorator']) retrieved from /home/airflow/.local/lib/python3.7/site-packages/airflow/example_dags/example_short_circuit_decorator.py
[2022-12-06T05:27:37.001+0000] {logging_mixin.py:137} INFO - [2022-12-06T05:27:37.001+0000] {dag.py:2676} INFO - Sync 1 DAGs
[2022-12-06T05:27:37.051+0000] {logging_mixin.py:137} INFO - [2022-12-06T05:27:37.050+0000] {dag.py:3427} INFO - Setting next_dagrun for example_short_circuit_decorator to 2022-12-05T05:27:37.050259+00:00, run_after=2022-12-06T05:27:37.050259+00:00
[2022-12-06T05:27:37.094+0000] {processor.py:175} INFO - Processing /home/airflow/.local/lib/python3.7/site-packages/airflow/example_dags/example_short_circuit_decorator.py took 0.248 seconds
[2022-12-06T05:28:07.355+0000] {processor.py:153} INFO - Started process (PID=392) to work on /home/airflow/.local/lib/python3.7/site-packages/airflow/example_dags/example_short_circuit_decorator.py
[2022-12-06T05:28:07.359+0000] {processor.py:743} INFO - Processing file /home/airflow/.local/lib/python3.7/site-packages/airflow/example_dags/example_short_circuit_decorator.py for tasks to queue
[2022-12-06T05:28:07.363+0000] {logging_mixin.py:137} INFO - [2022-12-06T05:28:07.363+0000] {dagbag.py:538} INFO - Filling up the DagBag from /home/airflow/.local/lib/python3.7/site-packages/airflow/example_dags/example_short_circuit_decorator.py
[2022-12-06T05:28:07.421+0000] {processor.py:753} INFO - DAG(s) dict_keys(['example_short_circuit_decorator']) retrieved from /home/airflow/.local/lib/python3.7/site-packages/airflow/example_dags/example_short_circuit_decorator.py
[2022-12-06T05:28:07.538+0000] {logging_mixin.py:137} INFO - [2022-12-06T05:28:07.538+0000] {dag.py:2676} INFO - Sync 1 DAGs
[2022-12-06T05:28:07.602+0000] {logging_mixin.py:137} INFO - [2022-12-06T05:28:07.602+0000] {dag.py:3427} INFO - Setting next_dagrun for example_short_circuit_decorator to 2022-12-05T05:28:07.601870+00:00, run_after=2022-12-06T05:28:07.601870+00:00
[2022-12-06T05:28:07.653+0000] {processor.py:175} INFO - Processing /home/airflow/.local/lib/python3.7/site-packages/airflow/example_dags/example_short_circuit_decorator.py took 0.304 seconds
[2022-12-06T05:28:38.993+0000] {processor.py:153} INFO - Started process (PID=453) to work on /home/airflow/.local/lib/python3.7/site-packages/airflow/example_dags/example_short_circuit_decorator.py
[2022-12-06T05:28:38.997+0000] {processor.py:743} INFO - Processing file /home/airflow/.local/lib/python3.7/site-packages/airflow/example_dags/example_short_circuit_decorator.py for tasks to queue
[2022-12-06T05:28:39.001+0000] {logging_mixin.py:137} INFO - [2022-12-06T05:28:39.000+0000] {dagbag.py:538} INFO - Filling up the DagBag from /home/airflow/.local/lib/python3.7/site-packages/airflow/example_dags/example_short_circuit_decorator.py
[2022-12-06T05:28:39.068+0000] {processor.py:753} INFO - DAG(s) dict_keys(['example_short_circuit_decorator']) retrieved from /home/airflow/.local/lib/python3.7/site-packages/airflow/example_dags/example_short_circuit_decorator.py
[2022-12-06T05:28:39.171+0000] {logging_mixin.py:137} INFO - [2022-12-06T05:28:39.169+0000] {dag.py:2676} INFO - Sync 1 DAGs
[2022-12-06T05:28:39.249+0000] {logging_mixin.py:137} INFO - [2022-12-06T05:28:39.249+0000] {dag.py:3427} INFO - Setting next_dagrun for example_short_circuit_decorator to 2022-12-05T05:28:39.248430+00:00, run_after=2022-12-06T05:28:39.248430+00:00
[2022-12-06T05:28:39.326+0000] {processor.py:175} INFO - Processing /home/airflow/.local/lib/python3.7/site-packages/airflow/example_dags/example_short_circuit_decorator.py took 0.342 seconds
[2022-12-06T05:29:10.982+0000] {processor.py:153} INFO - Started process (PID=521) to work on /home/airflow/.local/lib/python3.7/site-packages/airflow/example_dags/example_short_circuit_decorator.py
[2022-12-06T05:29:10.988+0000] {processor.py:743} INFO - Processing file /home/airflow/.local/lib/python3.7/site-packages/airflow/example_dags/example_short_circuit_decorator.py for tasks to queue
[2022-12-06T05:29:10.993+0000] {logging_mixin.py:137} INFO - [2022-12-06T05:29:10.992+0000] {dagbag.py:538} INFO - Filling up the DagBag from /home/airflow/.local/lib/python3.7/site-packages/airflow/example_dags/example_short_circuit_decorator.py
[2022-12-06T05:29:11.058+0000] {processor.py:753} INFO - DAG(s) dict_keys(['example_short_circuit_decorator']) retrieved from /home/airflow/.local/lib/python3.7/site-packages/airflow/example_dags/example_short_circuit_decorator.py
[2022-12-06T05:29:11.127+0000] {logging_mixin.py:137} INFO - [2022-12-06T05:29:11.127+0000] {dag.py:2676} INFO - Sync 1 DAGs
[2022-12-06T05:29:11.179+0000] {logging_mixin.py:137} INFO - [2022-12-06T05:29:11.179+0000] {dag.py:3427} INFO - Setting next_dagrun for example_short_circuit_decorator to 2022-12-05T05:29:11.178941+00:00, run_after=2022-12-06T05:29:11.178941+00:00
[2022-12-06T05:29:11.228+0000] {processor.py:175} INFO - Processing /home/airflow/.local/lib/python3.7/site-packages/airflow/example_dags/example_short_circuit_decorator.py took 0.258 seconds
[2022-12-06T05:30:18.086+0000] {processor.py:153} INFO - Started process (PID=588) to work on /home/airflow/.local/lib/python3.7/site-packages/airflow/example_dags/example_short_circuit_decorator.py
[2022-12-06T05:30:18.089+0000] {processor.py:743} INFO - Processing file /home/airflow/.local/lib/python3.7/site-packages/airflow/example_dags/example_short_circuit_decorator.py for tasks to queue
[2022-12-06T05:30:18.091+0000] {logging_mixin.py:137} INFO - [2022-12-06T05:30:18.090+0000] {dagbag.py:538} INFO - Filling up the DagBag from /home/airflow/.local/lib/python3.7/site-packages/airflow/example_dags/example_short_circuit_decorator.py
[2022-12-06T05:30:18.172+0000] {processor.py:753} INFO - DAG(s) dict_keys(['example_short_circuit_decorator']) retrieved from /home/airflow/.local/lib/python3.7/site-packages/airflow/example_dags/example_short_circuit_decorator.py
[2022-12-06T05:30:18.260+0000] {logging_mixin.py:137} INFO - [2022-12-06T05:30:18.260+0000] {dag.py:2676} INFO - Sync 1 DAGs
[2022-12-06T05:30:18.318+0000] {logging_mixin.py:137} INFO - [2022-12-06T05:30:18.318+0000] {dag.py:3427} INFO - Setting next_dagrun for example_short_circuit_decorator to 2022-12-05T05:30:18.318231+00:00, run_after=2022-12-06T05:30:18.318231+00:00
[2022-12-06T05:30:18.367+0000] {processor.py:175} INFO - Processing /home/airflow/.local/lib/python3.7/site-packages/airflow/example_dags/example_short_circuit_decorator.py took 0.287 seconds
[2022-12-06T05:31:02.700+0000] {processor.py:153} INFO - Started process (PID=664) to work on /home/airflow/.local/lib/python3.7/site-packages/airflow/example_dags/example_short_circuit_decorator.py
[2022-12-06T05:31:02.707+0000] {processor.py:743} INFO - Processing file /home/airflow/.local/lib/python3.7/site-packages/airflow/example_dags/example_short_circuit_decorator.py for tasks to queue
[2022-12-06T05:31:02.713+0000] {logging_mixin.py:137} INFO - [2022-12-06T05:31:02.712+0000] {dagbag.py:538} INFO - Filling up the DagBag from /home/airflow/.local/lib/python3.7/site-packages/airflow/example_dags/example_short_circuit_decorator.py
[2022-12-06T05:31:04.218+0000] {processor.py:753} INFO - DAG(s) dict_keys(['example_short_circuit_decorator']) retrieved from /home/airflow/.local/lib/python3.7/site-packages/airflow/example_dags/example_short_circuit_decorator.py
[2022-12-06T05:31:04.849+0000] {logging_mixin.py:137} INFO - [2022-12-06T05:31:04.848+0000] {dag.py:2676} INFO - Sync 1 DAGs
[2022-12-06T05:31:04.935+0000] {logging_mixin.py:137} INFO - [2022-12-06T05:31:04.934+0000] {dag.py:3427} INFO - Setting next_dagrun for example_short_circuit_decorator to 2022-12-05T05:31:04.927576+00:00, run_after=2022-12-06T05:31:04.927576+00:00
[2022-12-06T05:31:05.045+0000] {processor.py:175} INFO - Processing /home/airflow/.local/lib/python3.7/site-packages/airflow/example_dags/example_short_circuit_decorator.py took 2.384 seconds
[2022-12-06T05:32:02.269+0000] {processor.py:153} INFO - Started process (PID=738) to work on /home/airflow/.local/lib/python3.7/site-packages/airflow/example_dags/example_short_circuit_decorator.py
[2022-12-06T05:32:02.282+0000] {processor.py:743} INFO - Processing file /home/airflow/.local/lib/python3.7/site-packages/airflow/example_dags/example_short_circuit_decorator.py for tasks to queue
[2022-12-06T05:32:02.285+0000] {logging_mixin.py:137} INFO - [2022-12-06T05:32:02.285+0000] {dagbag.py:538} INFO - Filling up the DagBag from /home/airflow/.local/lib/python3.7/site-packages/airflow/example_dags/example_short_circuit_decorator.py
[2022-12-06T05:32:02.427+0000] {processor.py:753} INFO - DAG(s) dict_keys(['example_short_circuit_decorator']) retrieved from /home/airflow/.local/lib/python3.7/site-packages/airflow/example_dags/example_short_circuit_decorator.py
[2022-12-06T05:32:02.475+0000] {logging_mixin.py:137} INFO - [2022-12-06T05:32:02.475+0000] {dag.py:2676} INFO - Sync 1 DAGs
[2022-12-06T05:32:02.517+0000] {logging_mixin.py:137} INFO - [2022-12-06T05:32:02.517+0000] {dag.py:3427} INFO - Setting next_dagrun for example_short_circuit_decorator to 2022-12-05T05:32:02.515001+00:00, run_after=2022-12-06T05:32:02.515001+00:00
[2022-12-06T05:32:02.561+0000] {processor.py:175} INFO - Processing /home/airflow/.local/lib/python3.7/site-packages/airflow/example_dags/example_short_circuit_decorator.py took 0.299 seconds
[2022-12-06T05:47:26.560+0000] {processor.py:153} INFO - Started process (PID=63) to work on /home/airflow/.local/lib/python3.7/site-packages/airflow/example_dags/example_short_circuit_decorator.py
[2022-12-06T05:47:26.562+0000] {processor.py:743} INFO - Processing file /home/airflow/.local/lib/python3.7/site-packages/airflow/example_dags/example_short_circuit_decorator.py for tasks to queue
[2022-12-06T05:47:26.566+0000] {logging_mixin.py:137} INFO - [2022-12-06T05:47:26.565+0000] {dagbag.py:538} INFO - Filling up the DagBag from /home/airflow/.local/lib/python3.7/site-packages/airflow/example_dags/example_short_circuit_decorator.py
[2022-12-06T05:47:26.666+0000] {processor.py:753} INFO - DAG(s) dict_keys(['example_short_circuit_decorator']) retrieved from /home/airflow/.local/lib/python3.7/site-packages/airflow/example_dags/example_short_circuit_decorator.py
[2022-12-06T05:47:26.939+0000] {logging_mixin.py:137} INFO - [2022-12-06T05:47:26.939+0000] {dag.py:2676} INFO - Sync 1 DAGs
[2022-12-06T05:47:27.008+0000] {logging_mixin.py:137} INFO - [2022-12-06T05:47:27.008+0000] {dag.py:3427} INFO - Setting next_dagrun for example_short_circuit_decorator to 2022-12-05T05:47:27.006977+00:00, run_after=2022-12-06T05:47:27.006977+00:00
[2022-12-06T05:47:27.093+0000] {processor.py:175} INFO - Processing /home/airflow/.local/lib/python3.7/site-packages/airflow/example_dags/example_short_circuit_decorator.py took 0.538 seconds
[2022-12-06T05:48:39.614+0000] {processor.py:153} INFO - Started process (PID=153) to work on /home/airflow/.local/lib/python3.7/site-packages/airflow/example_dags/example_short_circuit_decorator.py
[2022-12-06T05:48:39.622+0000] {processor.py:743} INFO - Processing file /home/airflow/.local/lib/python3.7/site-packages/airflow/example_dags/example_short_circuit_decorator.py for tasks to queue
[2022-12-06T05:48:39.628+0000] {logging_mixin.py:137} INFO - [2022-12-06T05:48:39.628+0000] {dagbag.py:538} INFO - Filling up the DagBag from /home/airflow/.local/lib/python3.7/site-packages/airflow/example_dags/example_short_circuit_decorator.py
[2022-12-06T05:48:39.711+0000] {processor.py:753} INFO - DAG(s) dict_keys(['example_short_circuit_decorator']) retrieved from /home/airflow/.local/lib/python3.7/site-packages/airflow/example_dags/example_short_circuit_decorator.py
[2022-12-06T05:48:39.901+0000] {logging_mixin.py:137} INFO - [2022-12-06T05:48:39.900+0000] {dag.py:2676} INFO - Sync 1 DAGs
[2022-12-06T05:48:40.039+0000] {logging_mixin.py:137} INFO - [2022-12-06T05:48:40.039+0000] {dag.py:3427} INFO - Setting next_dagrun for example_short_circuit_decorator to 2022-12-05T05:48:40.038853+00:00, run_after=2022-12-06T05:48:40.038853+00:00
[2022-12-06T05:48:40.078+0000] {processor.py:175} INFO - Processing /home/airflow/.local/lib/python3.7/site-packages/airflow/example_dags/example_short_circuit_decorator.py took 0.475 seconds
[2022-12-06T05:49:22.245+0000] {processor.py:153} INFO - Started process (PID=225) to work on /home/airflow/.local/lib/python3.7/site-packages/airflow/example_dags/example_short_circuit_decorator.py
[2022-12-06T05:49:22.253+0000] {processor.py:743} INFO - Processing file /home/airflow/.local/lib/python3.7/site-packages/airflow/example_dags/example_short_circuit_decorator.py for tasks to queue
[2022-12-06T05:49:22.261+0000] {logging_mixin.py:137} INFO - [2022-12-06T05:49:22.261+0000] {dagbag.py:538} INFO - Filling up the DagBag from /home/airflow/.local/lib/python3.7/site-packages/airflow/example_dags/example_short_circuit_decorator.py
[2022-12-06T05:49:22.446+0000] {processor.py:753} INFO - DAG(s) dict_keys(['example_short_circuit_decorator']) retrieved from /home/airflow/.local/lib/python3.7/site-packages/airflow/example_dags/example_short_circuit_decorator.py
[2022-12-06T05:49:22.607+0000] {logging_mixin.py:137} INFO - [2022-12-06T05:49:22.606+0000] {dag.py:2676} INFO - Sync 1 DAGs
[2022-12-06T05:49:22.709+0000] {logging_mixin.py:137} INFO - [2022-12-06T05:49:22.709+0000] {dag.py:3427} INFO - Setting next_dagrun for example_short_circuit_decorator to 2022-12-05T05:49:22.708530+00:00, run_after=2022-12-06T05:49:22.708530+00:00
[2022-12-06T05:49:22.762+0000] {processor.py:175} INFO - Processing /home/airflow/.local/lib/python3.7/site-packages/airflow/example_dags/example_short_circuit_decorator.py took 0.527 seconds
[2022-12-06T05:49:55.138+0000] {processor.py:153} INFO - Started process (PID=301) to work on /home/airflow/.local/lib/python3.7/site-packages/airflow/example_dags/example_short_circuit_decorator.py
[2022-12-06T05:49:55.142+0000] {processor.py:743} INFO - Processing file /home/airflow/.local/lib/python3.7/site-packages/airflow/example_dags/example_short_circuit_decorator.py for tasks to queue
[2022-12-06T05:49:55.146+0000] {logging_mixin.py:137} INFO - [2022-12-06T05:49:55.145+0000] {dagbag.py:538} INFO - Filling up the DagBag from /home/airflow/.local/lib/python3.7/site-packages/airflow/example_dags/example_short_circuit_decorator.py
[2022-12-06T05:49:55.222+0000] {processor.py:753} INFO - DAG(s) dict_keys(['example_short_circuit_decorator']) retrieved from /home/airflow/.local/lib/python3.7/site-packages/airflow/example_dags/example_short_circuit_decorator.py
[2022-12-06T05:49:55.293+0000] {logging_mixin.py:137} INFO - [2022-12-06T05:49:55.292+0000] {dag.py:2676} INFO - Sync 1 DAGs
[2022-12-06T05:49:55.344+0000] {logging_mixin.py:137} INFO - [2022-12-06T05:49:55.344+0000] {dag.py:3427} INFO - Setting next_dagrun for example_short_circuit_decorator to 2022-12-05T05:49:55.343929+00:00, run_after=2022-12-06T05:49:55.343929+00:00
[2022-12-06T05:49:55.381+0000] {processor.py:175} INFO - Processing /home/airflow/.local/lib/python3.7/site-packages/airflow/example_dags/example_short_circuit_decorator.py took 0.251 seconds
[2022-12-06T05:50:33.297+0000] {processor.py:153} INFO - Started process (PID=361) to work on /home/airflow/.local/lib/python3.7/site-packages/airflow/example_dags/example_short_circuit_decorator.py
[2022-12-06T05:50:33.300+0000] {processor.py:743} INFO - Processing file /home/airflow/.local/lib/python3.7/site-packages/airflow/example_dags/example_short_circuit_decorator.py for tasks to queue
[2022-12-06T05:50:33.305+0000] {logging_mixin.py:137} INFO - [2022-12-06T05:50:33.304+0000] {dagbag.py:538} INFO - Filling up the DagBag from /home/airflow/.local/lib/python3.7/site-packages/airflow/example_dags/example_short_circuit_decorator.py
[2022-12-06T05:50:33.413+0000] {processor.py:753} INFO - DAG(s) dict_keys(['example_short_circuit_decorator']) retrieved from /home/airflow/.local/lib/python3.7/site-packages/airflow/example_dags/example_short_circuit_decorator.py
[2022-12-06T05:50:33.508+0000] {logging_mixin.py:137} INFO - [2022-12-06T05:50:33.508+0000] {dag.py:2676} INFO - Sync 1 DAGs
[2022-12-06T05:50:33.604+0000] {logging_mixin.py:137} INFO - [2022-12-06T05:50:33.604+0000] {dag.py:3427} INFO - Setting next_dagrun for example_short_circuit_decorator to 2022-12-05T05:50:33.603163+00:00, run_after=2022-12-06T05:50:33.603163+00:00
[2022-12-06T05:50:33.694+0000] {processor.py:175} INFO - Processing /home/airflow/.local/lib/python3.7/site-packages/airflow/example_dags/example_short_circuit_decorator.py took 0.405 seconds
[2022-12-06T05:51:23.387+0000] {processor.py:153} INFO - Started process (PID=434) to work on /home/airflow/.local/lib/python3.7/site-packages/airflow/example_dags/example_short_circuit_decorator.py
[2022-12-06T05:51:23.390+0000] {processor.py:743} INFO - Processing file /home/airflow/.local/lib/python3.7/site-packages/airflow/example_dags/example_short_circuit_decorator.py for tasks to queue
[2022-12-06T05:51:23.394+0000] {logging_mixin.py:137} INFO - [2022-12-06T05:51:23.394+0000] {dagbag.py:538} INFO - Filling up the DagBag from /home/airflow/.local/lib/python3.7/site-packages/airflow/example_dags/example_short_circuit_decorator.py
[2022-12-06T05:51:23.482+0000] {processor.py:753} INFO - DAG(s) dict_keys(['example_short_circuit_decorator']) retrieved from /home/airflow/.local/lib/python3.7/site-packages/airflow/example_dags/example_short_circuit_decorator.py
[2022-12-06T05:51:23.661+0000] {logging_mixin.py:137} INFO - [2022-12-06T05:51:23.660+0000] {dag.py:2676} INFO - Sync 1 DAGs
[2022-12-06T05:51:23.709+0000] {logging_mixin.py:137} INFO - [2022-12-06T05:51:23.709+0000] {dag.py:3427} INFO - Setting next_dagrun for example_short_circuit_decorator to 2022-12-05T05:51:23.709163+00:00, run_after=2022-12-06T05:51:23.709163+00:00
[2022-12-06T05:51:23.774+0000] {processor.py:175} INFO - Processing /home/airflow/.local/lib/python3.7/site-packages/airflow/example_dags/example_short_circuit_decorator.py took 0.398 seconds
[2022-12-06T05:52:13.474+0000] {processor.py:153} INFO - Started process (PID=500) to work on /home/airflow/.local/lib/python3.7/site-packages/airflow/example_dags/example_short_circuit_decorator.py
[2022-12-06T05:52:13.479+0000] {processor.py:743} INFO - Processing file /home/airflow/.local/lib/python3.7/site-packages/airflow/example_dags/example_short_circuit_decorator.py for tasks to queue
[2022-12-06T05:52:13.482+0000] {logging_mixin.py:137} INFO - [2022-12-06T05:52:13.482+0000] {dagbag.py:538} INFO - Filling up the DagBag from /home/airflow/.local/lib/python3.7/site-packages/airflow/example_dags/example_short_circuit_decorator.py
[2022-12-06T05:52:13.550+0000] {processor.py:753} INFO - DAG(s) dict_keys(['example_short_circuit_decorator']) retrieved from /home/airflow/.local/lib/python3.7/site-packages/airflow/example_dags/example_short_circuit_decorator.py
[2022-12-06T05:52:13.693+0000] {logging_mixin.py:137} INFO - [2022-12-06T05:52:13.693+0000] {dag.py:2676} INFO - Sync 1 DAGs
[2022-12-06T05:52:13.762+0000] {logging_mixin.py:137} INFO - [2022-12-06T05:52:13.761+0000] {dag.py:3427} INFO - Setting next_dagrun for example_short_circuit_decorator to 2022-12-05T05:52:13.760970+00:00, run_after=2022-12-06T05:52:13.760970+00:00
[2022-12-06T05:52:13.818+0000] {processor.py:175} INFO - Processing /home/airflow/.local/lib/python3.7/site-packages/airflow/example_dags/example_short_circuit_decorator.py took 0.351 seconds
[2022-12-06T05:52:58.175+0000] {processor.py:153} INFO - Started process (PID=564) to work on /home/airflow/.local/lib/python3.7/site-packages/airflow/example_dags/example_short_circuit_decorator.py
[2022-12-06T05:52:58.187+0000] {processor.py:743} INFO - Processing file /home/airflow/.local/lib/python3.7/site-packages/airflow/example_dags/example_short_circuit_decorator.py for tasks to queue
[2022-12-06T05:52:58.195+0000] {logging_mixin.py:137} INFO - [2022-12-06T05:52:58.195+0000] {dagbag.py:538} INFO - Filling up the DagBag from /home/airflow/.local/lib/python3.7/site-packages/airflow/example_dags/example_short_circuit_decorator.py
[2022-12-06T05:52:58.386+0000] {processor.py:753} INFO - DAG(s) dict_keys(['example_short_circuit_decorator']) retrieved from /home/airflow/.local/lib/python3.7/site-packages/airflow/example_dags/example_short_circuit_decorator.py
[2022-12-06T05:52:58.578+0000] {logging_mixin.py:137} INFO - [2022-12-06T05:52:58.578+0000] {dag.py:2676} INFO - Sync 1 DAGs
[2022-12-06T05:52:58.733+0000] {logging_mixin.py:137} INFO - [2022-12-06T05:52:58.733+0000] {dag.py:3427} INFO - Setting next_dagrun for example_short_circuit_decorator to 2022-12-05T05:52:58.732354+00:00, run_after=2022-12-06T05:52:58.732354+00:00
[2022-12-06T05:52:58.856+0000] {processor.py:175} INFO - Processing /home/airflow/.local/lib/python3.7/site-packages/airflow/example_dags/example_short_circuit_decorator.py took 0.697 seconds
[2022-12-06T05:53:40.985+0000] {processor.py:153} INFO - Started process (PID=647) to work on /home/airflow/.local/lib/python3.7/site-packages/airflow/example_dags/example_short_circuit_decorator.py
[2022-12-06T05:53:40.989+0000] {processor.py:743} INFO - Processing file /home/airflow/.local/lib/python3.7/site-packages/airflow/example_dags/example_short_circuit_decorator.py for tasks to queue
[2022-12-06T05:53:40.991+0000] {logging_mixin.py:137} INFO - [2022-12-06T05:53:40.991+0000] {dagbag.py:538} INFO - Filling up the DagBag from /home/airflow/.local/lib/python3.7/site-packages/airflow/example_dags/example_short_circuit_decorator.py
[2022-12-06T05:53:41.137+0000] {processor.py:753} INFO - DAG(s) dict_keys(['example_short_circuit_decorator']) retrieved from /home/airflow/.local/lib/python3.7/site-packages/airflow/example_dags/example_short_circuit_decorator.py
[2022-12-06T05:53:41.238+0000] {logging_mixin.py:137} INFO - [2022-12-06T05:53:41.238+0000] {dag.py:2676} INFO - Sync 1 DAGs
[2022-12-06T05:53:41.301+0000] {logging_mixin.py:137} INFO - [2022-12-06T05:53:41.300+0000] {dag.py:3427} INFO - Setting next_dagrun for example_short_circuit_decorator to 2022-12-05T05:53:41.299698+00:00, run_after=2022-12-06T05:53:41.299698+00:00
[2022-12-06T05:53:41.354+0000] {processor.py:175} INFO - Processing /home/airflow/.local/lib/python3.7/site-packages/airflow/example_dags/example_short_circuit_decorator.py took 0.375 seconds
[2022-12-06T05:54:21.998+0000] {processor.py:153} INFO - Started process (PID=714) to work on /home/airflow/.local/lib/python3.7/site-packages/airflow/example_dags/example_short_circuit_decorator.py
[2022-12-06T05:54:22.001+0000] {processor.py:743} INFO - Processing file /home/airflow/.local/lib/python3.7/site-packages/airflow/example_dags/example_short_circuit_decorator.py for tasks to queue
[2022-12-06T05:54:22.003+0000] {logging_mixin.py:137} INFO - [2022-12-06T05:54:22.003+0000] {dagbag.py:538} INFO - Filling up the DagBag from /home/airflow/.local/lib/python3.7/site-packages/airflow/example_dags/example_short_circuit_decorator.py
[2022-12-06T05:54:22.067+0000] {processor.py:753} INFO - DAG(s) dict_keys(['example_short_circuit_decorator']) retrieved from /home/airflow/.local/lib/python3.7/site-packages/airflow/example_dags/example_short_circuit_decorator.py
[2022-12-06T05:54:22.168+0000] {logging_mixin.py:137} INFO - [2022-12-06T05:54:22.167+0000] {dag.py:2676} INFO - Sync 1 DAGs
[2022-12-06T05:54:22.226+0000] {logging_mixin.py:137} INFO - [2022-12-06T05:54:22.226+0000] {dag.py:3427} INFO - Setting next_dagrun for example_short_circuit_decorator to 2022-12-05T05:54:22.225852+00:00, run_after=2022-12-06T05:54:22.225852+00:00
[2022-12-06T05:54:22.273+0000] {processor.py:175} INFO - Processing /home/airflow/.local/lib/python3.7/site-packages/airflow/example_dags/example_short_circuit_decorator.py took 0.281 seconds
[2022-12-06T05:54:53.759+0000] {processor.py:153} INFO - Started process (PID=793) to work on /home/airflow/.local/lib/python3.7/site-packages/airflow/example_dags/example_short_circuit_decorator.py
[2022-12-06T05:54:53.763+0000] {processor.py:743} INFO - Processing file /home/airflow/.local/lib/python3.7/site-packages/airflow/example_dags/example_short_circuit_decorator.py for tasks to queue
[2022-12-06T05:54:53.768+0000] {logging_mixin.py:137} INFO - [2022-12-06T05:54:53.768+0000] {dagbag.py:538} INFO - Filling up the DagBag from /home/airflow/.local/lib/python3.7/site-packages/airflow/example_dags/example_short_circuit_decorator.py
[2022-12-06T05:54:53.829+0000] {processor.py:753} INFO - DAG(s) dict_keys(['example_short_circuit_decorator']) retrieved from /home/airflow/.local/lib/python3.7/site-packages/airflow/example_dags/example_short_circuit_decorator.py
[2022-12-06T05:54:53.915+0000] {logging_mixin.py:137} INFO - [2022-12-06T05:54:53.915+0000] {dag.py:2676} INFO - Sync 1 DAGs
[2022-12-06T05:54:53.993+0000] {logging_mixin.py:137} INFO - [2022-12-06T05:54:53.989+0000] {dag.py:3427} INFO - Setting next_dagrun for example_short_circuit_decorator to 2022-12-05T05:54:53.988350+00:00, run_after=2022-12-06T05:54:53.988350+00:00
[2022-12-06T05:54:54.033+0000] {processor.py:175} INFO - Processing /home/airflow/.local/lib/python3.7/site-packages/airflow/example_dags/example_short_circuit_decorator.py took 0.280 seconds
[2022-12-06T05:55:37.903+0000] {processor.py:153} INFO - Started process (PID=868) to work on /home/airflow/.local/lib/python3.7/site-packages/airflow/example_dags/example_short_circuit_decorator.py
[2022-12-06T05:55:37.906+0000] {processor.py:743} INFO - Processing file /home/airflow/.local/lib/python3.7/site-packages/airflow/example_dags/example_short_circuit_decorator.py for tasks to queue
[2022-12-06T05:55:37.908+0000] {logging_mixin.py:137} INFO - [2022-12-06T05:55:37.908+0000] {dagbag.py:538} INFO - Filling up the DagBag from /home/airflow/.local/lib/python3.7/site-packages/airflow/example_dags/example_short_circuit_decorator.py
[2022-12-06T05:55:37.972+0000] {processor.py:753} INFO - DAG(s) dict_keys(['example_short_circuit_decorator']) retrieved from /home/airflow/.local/lib/python3.7/site-packages/airflow/example_dags/example_short_circuit_decorator.py
[2022-12-06T05:55:38.071+0000] {logging_mixin.py:137} INFO - [2022-12-06T05:55:38.070+0000] {dag.py:2676} INFO - Sync 1 DAGs
[2022-12-06T05:55:38.130+0000] {logging_mixin.py:137} INFO - [2022-12-06T05:55:38.129+0000] {dag.py:3427} INFO - Setting next_dagrun for example_short_circuit_decorator to 2022-12-05T05:55:38.129248+00:00, run_after=2022-12-06T05:55:38.129248+00:00
[2022-12-06T05:55:38.159+0000] {processor.py:175} INFO - Processing /home/airflow/.local/lib/python3.7/site-packages/airflow/example_dags/example_short_circuit_decorator.py took 0.264 seconds
[2022-12-06T05:56:29.993+0000] {processor.py:153} INFO - Started process (PID=935) to work on /home/airflow/.local/lib/python3.7/site-packages/airflow/example_dags/example_short_circuit_decorator.py
[2022-12-06T05:56:29.996+0000] {processor.py:743} INFO - Processing file /home/airflow/.local/lib/python3.7/site-packages/airflow/example_dags/example_short_circuit_decorator.py for tasks to queue
[2022-12-06T05:56:29.998+0000] {logging_mixin.py:137} INFO - [2022-12-06T05:56:29.998+0000] {dagbag.py:538} INFO - Filling up the DagBag from /home/airflow/.local/lib/python3.7/site-packages/airflow/example_dags/example_short_circuit_decorator.py
[2022-12-06T05:56:30.043+0000] {processor.py:753} INFO - DAG(s) dict_keys(['example_short_circuit_decorator']) retrieved from /home/airflow/.local/lib/python3.7/site-packages/airflow/example_dags/example_short_circuit_decorator.py
[2022-12-06T05:56:30.107+0000] {logging_mixin.py:137} INFO - [2022-12-06T05:56:30.106+0000] {dag.py:2676} INFO - Sync 1 DAGs
[2022-12-06T05:56:30.146+0000] {logging_mixin.py:137} INFO - [2022-12-06T05:56:30.146+0000] {dag.py:3427} INFO - Setting next_dagrun for example_short_circuit_decorator to 2022-12-05T05:56:30.145692+00:00, run_after=2022-12-06T05:56:30.145692+00:00
[2022-12-06T05:56:30.178+0000] {processor.py:175} INFO - Processing /home/airflow/.local/lib/python3.7/site-packages/airflow/example_dags/example_short_circuit_decorator.py took 0.190 seconds
[2022-12-06T05:57:12.849+0000] {processor.py:153} INFO - Started process (PID=1015) to work on /home/airflow/.local/lib/python3.7/site-packages/airflow/example_dags/example_short_circuit_decorator.py
[2022-12-06T05:57:12.853+0000] {processor.py:743} INFO - Processing file /home/airflow/.local/lib/python3.7/site-packages/airflow/example_dags/example_short_circuit_decorator.py for tasks to queue
[2022-12-06T05:57:12.856+0000] {logging_mixin.py:137} INFO - [2022-12-06T05:57:12.855+0000] {dagbag.py:538} INFO - Filling up the DagBag from /home/airflow/.local/lib/python3.7/site-packages/airflow/example_dags/example_short_circuit_decorator.py
[2022-12-06T05:57:12.939+0000] {processor.py:753} INFO - DAG(s) dict_keys(['example_short_circuit_decorator']) retrieved from /home/airflow/.local/lib/python3.7/site-packages/airflow/example_dags/example_short_circuit_decorator.py
[2022-12-06T05:57:13.051+0000] {logging_mixin.py:137} INFO - [2022-12-06T05:57:13.051+0000] {dag.py:2676} INFO - Sync 1 DAGs
[2022-12-06T05:57:13.110+0000] {logging_mixin.py:137} INFO - [2022-12-06T05:57:13.109+0000] {dag.py:3427} INFO - Setting next_dagrun for example_short_circuit_decorator to 2022-12-05T05:57:13.109436+00:00, run_after=2022-12-06T05:57:13.109436+00:00
[2022-12-06T05:57:13.162+0000] {processor.py:175} INFO - Processing /home/airflow/.local/lib/python3.7/site-packages/airflow/example_dags/example_short_circuit_decorator.py took 0.332 seconds
[2022-12-06T05:57:52.712+0000] {processor.py:153} INFO - Started process (PID=1083) to work on /home/airflow/.local/lib/python3.7/site-packages/airflow/example_dags/example_short_circuit_decorator.py
[2022-12-06T05:57:52.714+0000] {processor.py:743} INFO - Processing file /home/airflow/.local/lib/python3.7/site-packages/airflow/example_dags/example_short_circuit_decorator.py for tasks to queue
[2022-12-06T05:57:52.715+0000] {logging_mixin.py:137} INFO - [2022-12-06T05:57:52.715+0000] {dagbag.py:538} INFO - Filling up the DagBag from /home/airflow/.local/lib/python3.7/site-packages/airflow/example_dags/example_short_circuit_decorator.py
[2022-12-06T05:57:52.765+0000] {processor.py:753} INFO - DAG(s) dict_keys(['example_short_circuit_decorator']) retrieved from /home/airflow/.local/lib/python3.7/site-packages/airflow/example_dags/example_short_circuit_decorator.py
[2022-12-06T05:57:52.859+0000] {logging_mixin.py:137} INFO - [2022-12-06T05:57:52.859+0000] {dag.py:2676} INFO - Sync 1 DAGs
[2022-12-06T05:57:52.897+0000] {logging_mixin.py:137} INFO - [2022-12-06T05:57:52.897+0000] {dag.py:3427} INFO - Setting next_dagrun for example_short_circuit_decorator to 2022-12-05T05:57:52.897346+00:00, run_after=2022-12-06T05:57:52.897346+00:00
[2022-12-06T05:57:52.938+0000] {processor.py:175} INFO - Processing /home/airflow/.local/lib/python3.7/site-packages/airflow/example_dags/example_short_circuit_decorator.py took 0.231 seconds
[2022-12-06T05:58:32.948+0000] {processor.py:153} INFO - Started process (PID=1157) to work on /home/airflow/.local/lib/python3.7/site-packages/airflow/example_dags/example_short_circuit_decorator.py
[2022-12-06T05:58:32.952+0000] {processor.py:743} INFO - Processing file /home/airflow/.local/lib/python3.7/site-packages/airflow/example_dags/example_short_circuit_decorator.py for tasks to queue
[2022-12-06T05:58:32.955+0000] {logging_mixin.py:137} INFO - [2022-12-06T05:58:32.955+0000] {dagbag.py:538} INFO - Filling up the DagBag from /home/airflow/.local/lib/python3.7/site-packages/airflow/example_dags/example_short_circuit_decorator.py
[2022-12-06T05:58:33.039+0000] {processor.py:753} INFO - DAG(s) dict_keys(['example_short_circuit_decorator']) retrieved from /home/airflow/.local/lib/python3.7/site-packages/airflow/example_dags/example_short_circuit_decorator.py
[2022-12-06T05:58:33.147+0000] {logging_mixin.py:137} INFO - [2022-12-06T05:58:33.147+0000] {dag.py:2676} INFO - Sync 1 DAGs
[2022-12-06T05:58:33.214+0000] {logging_mixin.py:137} INFO - [2022-12-06T05:58:33.214+0000] {dag.py:3427} INFO - Setting next_dagrun for example_short_circuit_decorator to 2022-12-05T05:58:33.210965+00:00, run_after=2022-12-06T05:58:33.210965+00:00
[2022-12-06T05:58:33.277+0000] {processor.py:175} INFO - Processing /home/airflow/.local/lib/python3.7/site-packages/airflow/example_dags/example_short_circuit_decorator.py took 0.337 seconds
[2022-12-06T05:59:16.452+0000] {processor.py:153} INFO - Started process (PID=1241) to work on /home/airflow/.local/lib/python3.7/site-packages/airflow/example_dags/example_short_circuit_decorator.py
[2022-12-06T05:59:16.457+0000] {processor.py:743} INFO - Processing file /home/airflow/.local/lib/python3.7/site-packages/airflow/example_dags/example_short_circuit_decorator.py for tasks to queue
[2022-12-06T05:59:16.459+0000] {logging_mixin.py:137} INFO - [2022-12-06T05:59:16.459+0000] {dagbag.py:538} INFO - Filling up the DagBag from /home/airflow/.local/lib/python3.7/site-packages/airflow/example_dags/example_short_circuit_decorator.py
[2022-12-06T05:59:16.508+0000] {processor.py:753} INFO - DAG(s) dict_keys(['example_short_circuit_decorator']) retrieved from /home/airflow/.local/lib/python3.7/site-packages/airflow/example_dags/example_short_circuit_decorator.py
[2022-12-06T05:59:16.576+0000] {logging_mixin.py:137} INFO - [2022-12-06T05:59:16.575+0000] {dag.py:2676} INFO - Sync 1 DAGs
[2022-12-06T05:59:16.618+0000] {logging_mixin.py:137} INFO - [2022-12-06T05:59:16.617+0000] {dag.py:3427} INFO - Setting next_dagrun for example_short_circuit_decorator to 2022-12-05T05:59:16.617409+00:00, run_after=2022-12-06T05:59:16.617409+00:00
[2022-12-06T05:59:16.660+0000] {processor.py:175} INFO - Processing /home/airflow/.local/lib/python3.7/site-packages/airflow/example_dags/example_short_circuit_decorator.py took 0.216 seconds
[2022-12-06T05:59:54.261+0000] {processor.py:153} INFO - Started process (PID=1308) to work on /home/airflow/.local/lib/python3.7/site-packages/airflow/example_dags/example_short_circuit_decorator.py
[2022-12-06T05:59:54.263+0000] {processor.py:743} INFO - Processing file /home/airflow/.local/lib/python3.7/site-packages/airflow/example_dags/example_short_circuit_decorator.py for tasks to queue
[2022-12-06T05:59:54.265+0000] {logging_mixin.py:137} INFO - [2022-12-06T05:59:54.264+0000] {dagbag.py:538} INFO - Filling up the DagBag from /home/airflow/.local/lib/python3.7/site-packages/airflow/example_dags/example_short_circuit_decorator.py
[2022-12-06T05:59:54.346+0000] {processor.py:753} INFO - DAG(s) dict_keys(['example_short_circuit_decorator']) retrieved from /home/airflow/.local/lib/python3.7/site-packages/airflow/example_dags/example_short_circuit_decorator.py
[2022-12-06T05:59:54.429+0000] {logging_mixin.py:137} INFO - [2022-12-06T05:59:54.429+0000] {dag.py:2676} INFO - Sync 1 DAGs
[2022-12-06T05:59:54.476+0000] {logging_mixin.py:137} INFO - [2022-12-06T05:59:54.476+0000] {dag.py:3427} INFO - Setting next_dagrun for example_short_circuit_decorator to 2022-12-05T05:59:54.475904+00:00, run_after=2022-12-06T05:59:54.475904+00:00
[2022-12-06T05:59:54.520+0000] {processor.py:175} INFO - Processing /home/airflow/.local/lib/python3.7/site-packages/airflow/example_dags/example_short_circuit_decorator.py took 0.264 seconds
[2022-12-06T06:00:43.070+0000] {processor.py:153} INFO - Started process (PID=1392) to work on /home/airflow/.local/lib/python3.7/site-packages/airflow/example_dags/example_short_circuit_decorator.py
[2022-12-06T06:00:43.073+0000] {processor.py:743} INFO - Processing file /home/airflow/.local/lib/python3.7/site-packages/airflow/example_dags/example_short_circuit_decorator.py for tasks to queue
[2022-12-06T06:00:43.077+0000] {logging_mixin.py:137} INFO - [2022-12-06T06:00:43.076+0000] {dagbag.py:538} INFO - Filling up the DagBag from /home/airflow/.local/lib/python3.7/site-packages/airflow/example_dags/example_short_circuit_decorator.py
[2022-12-06T06:00:43.216+0000] {processor.py:753} INFO - DAG(s) dict_keys(['example_short_circuit_decorator']) retrieved from /home/airflow/.local/lib/python3.7/site-packages/airflow/example_dags/example_short_circuit_decorator.py
[2022-12-06T06:00:43.321+0000] {logging_mixin.py:137} INFO - [2022-12-06T06:00:43.321+0000] {dag.py:2676} INFO - Sync 1 DAGs
[2022-12-06T06:00:43.405+0000] {logging_mixin.py:137} INFO - [2022-12-06T06:00:43.405+0000] {dag.py:3427} INFO - Setting next_dagrun for example_short_circuit_decorator to 2022-12-05T06:00:43.404507+00:00, run_after=2022-12-06T06:00:43.404507+00:00
[2022-12-06T06:00:43.450+0000] {processor.py:175} INFO - Processing /home/airflow/.local/lib/python3.7/site-packages/airflow/example_dags/example_short_circuit_decorator.py took 0.386 seconds
[2022-12-06T06:01:13.677+0000] {processor.py:153} INFO - Started process (PID=1461) to work on /home/airflow/.local/lib/python3.7/site-packages/airflow/example_dags/example_short_circuit_decorator.py
[2022-12-06T06:01:13.679+0000] {processor.py:743} INFO - Processing file /home/airflow/.local/lib/python3.7/site-packages/airflow/example_dags/example_short_circuit_decorator.py for tasks to queue
[2022-12-06T06:01:13.681+0000] {logging_mixin.py:137} INFO - [2022-12-06T06:01:13.681+0000] {dagbag.py:538} INFO - Filling up the DagBag from /home/airflow/.local/lib/python3.7/site-packages/airflow/example_dags/example_short_circuit_decorator.py
[2022-12-06T06:01:13.726+0000] {processor.py:753} INFO - DAG(s) dict_keys(['example_short_circuit_decorator']) retrieved from /home/airflow/.local/lib/python3.7/site-packages/airflow/example_dags/example_short_circuit_decorator.py
[2022-12-06T06:01:13.799+0000] {logging_mixin.py:137} INFO - [2022-12-06T06:01:13.798+0000] {dag.py:2676} INFO - Sync 1 DAGs
[2022-12-06T06:01:13.841+0000] {logging_mixin.py:137} INFO - [2022-12-06T06:01:13.841+0000] {dag.py:3427} INFO - Setting next_dagrun for example_short_circuit_decorator to 2022-12-05T06:01:13.840612+00:00, run_after=2022-12-06T06:01:13.840612+00:00
[2022-12-06T06:01:13.875+0000] {processor.py:175} INFO - Processing /home/airflow/.local/lib/python3.7/site-packages/airflow/example_dags/example_short_circuit_decorator.py took 0.203 seconds
[2022-12-06T06:01:45.625+0000] {processor.py:153} INFO - Started process (PID=1536) to work on /home/airflow/.local/lib/python3.7/site-packages/airflow/example_dags/example_short_circuit_decorator.py
[2022-12-06T06:01:45.627+0000] {processor.py:743} INFO - Processing file /home/airflow/.local/lib/python3.7/site-packages/airflow/example_dags/example_short_circuit_decorator.py for tasks to queue
[2022-12-06T06:01:45.629+0000] {logging_mixin.py:137} INFO - [2022-12-06T06:01:45.628+0000] {dagbag.py:538} INFO - Filling up the DagBag from /home/airflow/.local/lib/python3.7/site-packages/airflow/example_dags/example_short_circuit_decorator.py
[2022-12-06T06:01:45.676+0000] {processor.py:753} INFO - DAG(s) dict_keys(['example_short_circuit_decorator']) retrieved from /home/airflow/.local/lib/python3.7/site-packages/airflow/example_dags/example_short_circuit_decorator.py
[2022-12-06T06:01:45.742+0000] {logging_mixin.py:137} INFO - [2022-12-06T06:01:45.742+0000] {dag.py:2676} INFO - Sync 1 DAGs
[2022-12-06T06:01:45.783+0000] {logging_mixin.py:137} INFO - [2022-12-06T06:01:45.783+0000] {dag.py:3427} INFO - Setting next_dagrun for example_short_circuit_decorator to 2022-12-05T06:01:45.782803+00:00, run_after=2022-12-06T06:01:45.782803+00:00
[2022-12-06T06:01:45.814+0000] {processor.py:175} INFO - Processing /home/airflow/.local/lib/python3.7/site-packages/airflow/example_dags/example_short_circuit_decorator.py took 0.195 seconds
[2022-12-06T06:02:21.342+0000] {processor.py:153} INFO - Started process (PID=1605) to work on /home/airflow/.local/lib/python3.7/site-packages/airflow/example_dags/example_short_circuit_decorator.py
[2022-12-06T06:02:21.348+0000] {processor.py:743} INFO - Processing file /home/airflow/.local/lib/python3.7/site-packages/airflow/example_dags/example_short_circuit_decorator.py for tasks to queue
[2022-12-06T06:02:21.352+0000] {logging_mixin.py:137} INFO - [2022-12-06T06:02:21.351+0000] {dagbag.py:538} INFO - Filling up the DagBag from /home/airflow/.local/lib/python3.7/site-packages/airflow/example_dags/example_short_circuit_decorator.py
[2022-12-06T06:02:21.408+0000] {processor.py:753} INFO - DAG(s) dict_keys(['example_short_circuit_decorator']) retrieved from /home/airflow/.local/lib/python3.7/site-packages/airflow/example_dags/example_short_circuit_decorator.py
[2022-12-06T06:02:21.492+0000] {logging_mixin.py:137} INFO - [2022-12-06T06:02:21.491+0000] {dag.py:2676} INFO - Sync 1 DAGs
[2022-12-06T06:02:21.546+0000] {logging_mixin.py:137} INFO - [2022-12-06T06:02:21.546+0000] {dag.py:3427} INFO - Setting next_dagrun for example_short_circuit_decorator to 2022-12-05T06:02:21.545332+00:00, run_after=2022-12-06T06:02:21.545332+00:00
[2022-12-06T06:02:21.601+0000] {processor.py:175} INFO - Processing /home/airflow/.local/lib/python3.7/site-packages/airflow/example_dags/example_short_circuit_decorator.py took 0.265 seconds
[2022-12-06T06:03:05.277+0000] {processor.py:153} INFO - Started process (PID=1680) to work on /home/airflow/.local/lib/python3.7/site-packages/airflow/example_dags/example_short_circuit_decorator.py
[2022-12-06T06:03:05.282+0000] {processor.py:743} INFO - Processing file /home/airflow/.local/lib/python3.7/site-packages/airflow/example_dags/example_short_circuit_decorator.py for tasks to queue
[2022-12-06T06:03:05.286+0000] {logging_mixin.py:137} INFO - [2022-12-06T06:03:05.286+0000] {dagbag.py:538} INFO - Filling up the DagBag from /home/airflow/.local/lib/python3.7/site-packages/airflow/example_dags/example_short_circuit_decorator.py
[2022-12-06T06:03:05.374+0000] {processor.py:753} INFO - DAG(s) dict_keys(['example_short_circuit_decorator']) retrieved from /home/airflow/.local/lib/python3.7/site-packages/airflow/example_dags/example_short_circuit_decorator.py
[2022-12-06T06:03:05.547+0000] {logging_mixin.py:137} INFO - [2022-12-06T06:03:05.546+0000] {dag.py:2676} INFO - Sync 1 DAGs
[2022-12-06T06:03:05.652+0000] {logging_mixin.py:137} INFO - [2022-12-06T06:03:05.652+0000] {dag.py:3427} INFO - Setting next_dagrun for example_short_circuit_decorator to 2022-12-05T06:03:05.651610+00:00, run_after=2022-12-06T06:03:05.651610+00:00
[2022-12-06T06:03:05.708+0000] {processor.py:175} INFO - Processing /home/airflow/.local/lib/python3.7/site-packages/airflow/example_dags/example_short_circuit_decorator.py took 0.441 seconds
[2022-12-06T06:03:59.286+0000] {processor.py:153} INFO - Started process (PID=1763) to work on /home/airflow/.local/lib/python3.7/site-packages/airflow/example_dags/example_short_circuit_decorator.py
[2022-12-06T06:03:59.289+0000] {processor.py:743} INFO - Processing file /home/airflow/.local/lib/python3.7/site-packages/airflow/example_dags/example_short_circuit_decorator.py for tasks to queue
[2022-12-06T06:03:59.291+0000] {logging_mixin.py:137} INFO - [2022-12-06T06:03:59.291+0000] {dagbag.py:538} INFO - Filling up the DagBag from /home/airflow/.local/lib/python3.7/site-packages/airflow/example_dags/example_short_circuit_decorator.py
[2022-12-06T06:03:59.456+0000] {processor.py:753} INFO - DAG(s) dict_keys(['example_short_circuit_decorator']) retrieved from /home/airflow/.local/lib/python3.7/site-packages/airflow/example_dags/example_short_circuit_decorator.py
[2022-12-06T06:03:59.625+0000] {logging_mixin.py:137} INFO - [2022-12-06T06:03:59.625+0000] {dag.py:2676} INFO - Sync 1 DAGs
[2022-12-06T06:03:59.680+0000] {logging_mixin.py:137} INFO - [2022-12-06T06:03:59.680+0000] {dag.py:3427} INFO - Setting next_dagrun for example_short_circuit_decorator to 2022-12-05T06:03:59.679942+00:00, run_after=2022-12-06T06:03:59.679942+00:00
[2022-12-06T06:03:59.769+0000] {processor.py:175} INFO - Processing /home/airflow/.local/lib/python3.7/site-packages/airflow/example_dags/example_short_circuit_decorator.py took 0.488 seconds
[2022-12-06T06:04:35.027+0000] {processor.py:153} INFO - Started process (PID=1838) to work on /home/airflow/.local/lib/python3.7/site-packages/airflow/example_dags/example_short_circuit_decorator.py
[2022-12-06T06:04:35.030+0000] {processor.py:743} INFO - Processing file /home/airflow/.local/lib/python3.7/site-packages/airflow/example_dags/example_short_circuit_decorator.py for tasks to queue
[2022-12-06T06:04:35.032+0000] {logging_mixin.py:137} INFO - [2022-12-06T06:04:35.032+0000] {dagbag.py:538} INFO - Filling up the DagBag from /home/airflow/.local/lib/python3.7/site-packages/airflow/example_dags/example_short_circuit_decorator.py
[2022-12-06T06:04:35.125+0000] {processor.py:753} INFO - DAG(s) dict_keys(['example_short_circuit_decorator']) retrieved from /home/airflow/.local/lib/python3.7/site-packages/airflow/example_dags/example_short_circuit_decorator.py
[2022-12-06T06:04:35.209+0000] {logging_mixin.py:137} INFO - [2022-12-06T06:04:35.209+0000] {dag.py:2676} INFO - Sync 1 DAGs
[2022-12-06T06:04:35.267+0000] {logging_mixin.py:137} INFO - [2022-12-06T06:04:35.267+0000] {dag.py:3427} INFO - Setting next_dagrun for example_short_circuit_decorator to 2022-12-05T06:04:35.266701+00:00, run_after=2022-12-06T06:04:35.266701+00:00
[2022-12-06T06:04:35.319+0000] {processor.py:175} INFO - Processing /home/airflow/.local/lib/python3.7/site-packages/airflow/example_dags/example_short_circuit_decorator.py took 0.297 seconds
[2022-12-06T06:05:15.626+0000] {processor.py:153} INFO - Started process (PID=1905) to work on /home/airflow/.local/lib/python3.7/site-packages/airflow/example_dags/example_short_circuit_decorator.py
[2022-12-06T06:05:15.629+0000] {processor.py:743} INFO - Processing file /home/airflow/.local/lib/python3.7/site-packages/airflow/example_dags/example_short_circuit_decorator.py for tasks to queue
[2022-12-06T06:05:15.633+0000] {logging_mixin.py:137} INFO - [2022-12-06T06:05:15.632+0000] {dagbag.py:538} INFO - Filling up the DagBag from /home/airflow/.local/lib/python3.7/site-packages/airflow/example_dags/example_short_circuit_decorator.py
[2022-12-06T06:05:15.711+0000] {processor.py:753} INFO - DAG(s) dict_keys(['example_short_circuit_decorator']) retrieved from /home/airflow/.local/lib/python3.7/site-packages/airflow/example_dags/example_short_circuit_decorator.py
[2022-12-06T06:05:15.987+0000] {logging_mixin.py:137} INFO - [2022-12-06T06:05:15.987+0000] {dag.py:2676} INFO - Sync 1 DAGs
[2022-12-06T06:05:16.065+0000] {logging_mixin.py:137} INFO - [2022-12-06T06:05:16.064+0000] {dag.py:3427} INFO - Setting next_dagrun for example_short_circuit_decorator to 2022-12-05T06:05:16.059452+00:00, run_after=2022-12-06T06:05:16.059452+00:00
[2022-12-06T06:05:16.138+0000] {processor.py:175} INFO - Processing /home/airflow/.local/lib/python3.7/site-packages/airflow/example_dags/example_short_circuit_decorator.py took 0.517 seconds
[2022-12-06T06:05:47.272+0000] {processor.py:153} INFO - Started process (PID=1980) to work on /home/airflow/.local/lib/python3.7/site-packages/airflow/example_dags/example_short_circuit_decorator.py
[2022-12-06T06:05:47.274+0000] {processor.py:743} INFO - Processing file /home/airflow/.local/lib/python3.7/site-packages/airflow/example_dags/example_short_circuit_decorator.py for tasks to queue
[2022-12-06T06:05:47.276+0000] {logging_mixin.py:137} INFO - [2022-12-06T06:05:47.276+0000] {dagbag.py:538} INFO - Filling up the DagBag from /home/airflow/.local/lib/python3.7/site-packages/airflow/example_dags/example_short_circuit_decorator.py
[2022-12-06T06:05:47.318+0000] {processor.py:753} INFO - DAG(s) dict_keys(['example_short_circuit_decorator']) retrieved from /home/airflow/.local/lib/python3.7/site-packages/airflow/example_dags/example_short_circuit_decorator.py
[2022-12-06T06:05:47.377+0000] {logging_mixin.py:137} INFO - [2022-12-06T06:05:47.377+0000] {dag.py:2676} INFO - Sync 1 DAGs
[2022-12-06T06:05:47.412+0000] {logging_mixin.py:137} INFO - [2022-12-06T06:05:47.412+0000] {dag.py:3427} INFO - Setting next_dagrun for example_short_circuit_decorator to 2022-12-05T06:05:47.411939+00:00, run_after=2022-12-06T06:05:47.411939+00:00
[2022-12-06T06:05:47.437+0000] {processor.py:175} INFO - Processing /home/airflow/.local/lib/python3.7/site-packages/airflow/example_dags/example_short_circuit_decorator.py took 0.170 seconds
[2022-12-06T06:06:23.244+0000] {processor.py:153} INFO - Started process (PID=2047) to work on /home/airflow/.local/lib/python3.7/site-packages/airflow/example_dags/example_short_circuit_decorator.py
[2022-12-06T06:06:23.248+0000] {processor.py:743} INFO - Processing file /home/airflow/.local/lib/python3.7/site-packages/airflow/example_dags/example_short_circuit_decorator.py for tasks to queue
[2022-12-06T06:06:23.253+0000] {logging_mixin.py:137} INFO - [2022-12-06T06:06:23.253+0000] {dagbag.py:538} INFO - Filling up the DagBag from /home/airflow/.local/lib/python3.7/site-packages/airflow/example_dags/example_short_circuit_decorator.py
[2022-12-06T06:06:23.310+0000] {processor.py:753} INFO - DAG(s) dict_keys(['example_short_circuit_decorator']) retrieved from /home/airflow/.local/lib/python3.7/site-packages/airflow/example_dags/example_short_circuit_decorator.py
[2022-12-06T06:06:23.420+0000] {logging_mixin.py:137} INFO - [2022-12-06T06:06:23.419+0000] {dag.py:2676} INFO - Sync 1 DAGs
[2022-12-06T06:06:23.485+0000] {logging_mixin.py:137} INFO - [2022-12-06T06:06:23.485+0000] {dag.py:3427} INFO - Setting next_dagrun for example_short_circuit_decorator to 2022-12-05T06:06:23.484778+00:00, run_after=2022-12-06T06:06:23.484778+00:00
[2022-12-06T06:06:23.546+0000] {processor.py:175} INFO - Processing /home/airflow/.local/lib/python3.7/site-packages/airflow/example_dags/example_short_circuit_decorator.py took 0.313 seconds
[2022-12-06T06:07:02.567+0000] {processor.py:153} INFO - Started process (PID=2124) to work on /home/airflow/.local/lib/python3.7/site-packages/airflow/example_dags/example_short_circuit_decorator.py
[2022-12-06T06:07:02.570+0000] {processor.py:743} INFO - Processing file /home/airflow/.local/lib/python3.7/site-packages/airflow/example_dags/example_short_circuit_decorator.py for tasks to queue
[2022-12-06T06:07:02.572+0000] {logging_mixin.py:137} INFO - [2022-12-06T06:07:02.572+0000] {dagbag.py:538} INFO - Filling up the DagBag from /home/airflow/.local/lib/python3.7/site-packages/airflow/example_dags/example_short_circuit_decorator.py
[2022-12-06T06:07:02.621+0000] {processor.py:753} INFO - DAG(s) dict_keys(['example_short_circuit_decorator']) retrieved from /home/airflow/.local/lib/python3.7/site-packages/airflow/example_dags/example_short_circuit_decorator.py
[2022-12-06T06:07:02.682+0000] {logging_mixin.py:137} INFO - [2022-12-06T06:07:02.682+0000] {dag.py:2676} INFO - Sync 1 DAGs
[2022-12-06T06:07:02.730+0000] {logging_mixin.py:137} INFO - [2022-12-06T06:07:02.730+0000] {dag.py:3427} INFO - Setting next_dagrun for example_short_circuit_decorator to 2022-12-05T06:07:02.730059+00:00, run_after=2022-12-06T06:07:02.730059+00:00
[2022-12-06T06:07:02.764+0000] {processor.py:175} INFO - Processing /home/airflow/.local/lib/python3.7/site-packages/airflow/example_dags/example_short_circuit_decorator.py took 0.204 seconds
[2022-12-06T06:07:43.779+0000] {processor.py:153} INFO - Started process (PID=2182) to work on /home/airflow/.local/lib/python3.7/site-packages/airflow/example_dags/example_short_circuit_decorator.py
[2022-12-06T06:07:43.781+0000] {processor.py:743} INFO - Processing file /home/airflow/.local/lib/python3.7/site-packages/airflow/example_dags/example_short_circuit_decorator.py for tasks to queue
[2022-12-06T06:07:43.783+0000] {logging_mixin.py:137} INFO - [2022-12-06T06:07:43.782+0000] {dagbag.py:538} INFO - Filling up the DagBag from /home/airflow/.local/lib/python3.7/site-packages/airflow/example_dags/example_short_circuit_decorator.py
[2022-12-06T06:07:43.823+0000] {processor.py:753} INFO - DAG(s) dict_keys(['example_short_circuit_decorator']) retrieved from /home/airflow/.local/lib/python3.7/site-packages/airflow/example_dags/example_short_circuit_decorator.py
[2022-12-06T06:07:43.888+0000] {logging_mixin.py:137} INFO - [2022-12-06T06:07:43.887+0000] {dag.py:2676} INFO - Sync 1 DAGs
[2022-12-06T06:07:43.929+0000] {logging_mixin.py:137} INFO - [2022-12-06T06:07:43.928+0000] {dag.py:3427} INFO - Setting next_dagrun for example_short_circuit_decorator to 2022-12-05T06:07:43.928526+00:00, run_after=2022-12-06T06:07:43.928526+00:00
[2022-12-06T06:07:43.965+0000] {processor.py:175} INFO - Processing /home/airflow/.local/lib/python3.7/site-packages/airflow/example_dags/example_short_circuit_decorator.py took 0.191 seconds
[2022-12-06T06:08:41.871+0000] {processor.py:153} INFO - Started process (PID=2259) to work on /home/airflow/.local/lib/python3.7/site-packages/airflow/example_dags/example_short_circuit_decorator.py
[2022-12-06T06:08:41.877+0000] {processor.py:743} INFO - Processing file /home/airflow/.local/lib/python3.7/site-packages/airflow/example_dags/example_short_circuit_decorator.py for tasks to queue
[2022-12-06T06:08:41.880+0000] {logging_mixin.py:137} INFO - [2022-12-06T06:08:41.880+0000] {dagbag.py:538} INFO - Filling up the DagBag from /home/airflow/.local/lib/python3.7/site-packages/airflow/example_dags/example_short_circuit_decorator.py
[2022-12-06T06:08:41.949+0000] {processor.py:753} INFO - DAG(s) dict_keys(['example_short_circuit_decorator']) retrieved from /home/airflow/.local/lib/python3.7/site-packages/airflow/example_dags/example_short_circuit_decorator.py
[2022-12-06T06:08:42.035+0000] {logging_mixin.py:137} INFO - [2022-12-06T06:08:42.034+0000] {dag.py:2676} INFO - Sync 1 DAGs
[2022-12-06T06:08:42.078+0000] {logging_mixin.py:137} INFO - [2022-12-06T06:08:42.077+0000] {dag.py:3427} INFO - Setting next_dagrun for example_short_circuit_decorator to 2022-12-05T06:08:42.077616+00:00, run_after=2022-12-06T06:08:42.077616+00:00
[2022-12-06T06:08:42.122+0000] {processor.py:175} INFO - Processing /home/airflow/.local/lib/python3.7/site-packages/airflow/example_dags/example_short_circuit_decorator.py took 0.257 seconds
[2022-12-06T06:09:12.634+0000] {processor.py:153} INFO - Started process (PID=2331) to work on /home/airflow/.local/lib/python3.7/site-packages/airflow/example_dags/example_short_circuit_decorator.py
[2022-12-06T06:09:12.637+0000] {processor.py:743} INFO - Processing file /home/airflow/.local/lib/python3.7/site-packages/airflow/example_dags/example_short_circuit_decorator.py for tasks to queue
[2022-12-06T06:09:12.639+0000] {logging_mixin.py:137} INFO - [2022-12-06T06:09:12.639+0000] {dagbag.py:538} INFO - Filling up the DagBag from /home/airflow/.local/lib/python3.7/site-packages/airflow/example_dags/example_short_circuit_decorator.py
[2022-12-06T06:09:12.685+0000] {processor.py:753} INFO - DAG(s) dict_keys(['example_short_circuit_decorator']) retrieved from /home/airflow/.local/lib/python3.7/site-packages/airflow/example_dags/example_short_circuit_decorator.py
[2022-12-06T06:09:12.744+0000] {logging_mixin.py:137} INFO - [2022-12-06T06:09:12.744+0000] {dag.py:2676} INFO - Sync 1 DAGs
[2022-12-06T06:09:12.786+0000] {logging_mixin.py:137} INFO - [2022-12-06T06:09:12.785+0000] {dag.py:3427} INFO - Setting next_dagrun for example_short_circuit_decorator to 2022-12-05T06:09:12.785568+00:00, run_after=2022-12-06T06:09:12.785568+00:00
[2022-12-06T06:09:12.823+0000] {processor.py:175} INFO - Processing /home/airflow/.local/lib/python3.7/site-packages/airflow/example_dags/example_short_circuit_decorator.py took 0.195 seconds
[2022-12-06T06:09:46.367+0000] {processor.py:153} INFO - Started process (PID=2398) to work on /home/airflow/.local/lib/python3.7/site-packages/airflow/example_dags/example_short_circuit_decorator.py
[2022-12-06T06:09:46.372+0000] {processor.py:743} INFO - Processing file /home/airflow/.local/lib/python3.7/site-packages/airflow/example_dags/example_short_circuit_decorator.py for tasks to queue
[2022-12-06T06:09:46.379+0000] {logging_mixin.py:137} INFO - [2022-12-06T06:09:46.378+0000] {dagbag.py:538} INFO - Filling up the DagBag from /home/airflow/.local/lib/python3.7/site-packages/airflow/example_dags/example_short_circuit_decorator.py
[2022-12-06T06:09:46.451+0000] {processor.py:753} INFO - DAG(s) dict_keys(['example_short_circuit_decorator']) retrieved from /home/airflow/.local/lib/python3.7/site-packages/airflow/example_dags/example_short_circuit_decorator.py
[2022-12-06T06:09:46.554+0000] {logging_mixin.py:137} INFO - [2022-12-06T06:09:46.554+0000] {dag.py:2676} INFO - Sync 1 DAGs
[2022-12-06T06:09:46.637+0000] {logging_mixin.py:137} INFO - [2022-12-06T06:09:46.636+0000] {dag.py:3427} INFO - Setting next_dagrun for example_short_circuit_decorator to 2022-12-05T06:09:46.634896+00:00, run_after=2022-12-06T06:09:46.634896+00:00
[2022-12-06T06:09:46.681+0000] {processor.py:175} INFO - Processing /home/airflow/.local/lib/python3.7/site-packages/airflow/example_dags/example_short_circuit_decorator.py took 0.327 seconds
[2022-12-06T06:10:34.314+0000] {processor.py:153} INFO - Started process (PID=2472) to work on /home/airflow/.local/lib/python3.7/site-packages/airflow/example_dags/example_short_circuit_decorator.py
[2022-12-06T06:10:34.325+0000] {processor.py:743} INFO - Processing file /home/airflow/.local/lib/python3.7/site-packages/airflow/example_dags/example_short_circuit_decorator.py for tasks to queue
[2022-12-06T06:10:34.327+0000] {logging_mixin.py:137} INFO - [2022-12-06T06:10:34.327+0000] {dagbag.py:538} INFO - Filling up the DagBag from /home/airflow/.local/lib/python3.7/site-packages/airflow/example_dags/example_short_circuit_decorator.py
[2022-12-06T06:10:34.417+0000] {processor.py:753} INFO - DAG(s) dict_keys(['example_short_circuit_decorator']) retrieved from /home/airflow/.local/lib/python3.7/site-packages/airflow/example_dags/example_short_circuit_decorator.py
[2022-12-06T06:10:34.519+0000] {logging_mixin.py:137} INFO - [2022-12-06T06:10:34.519+0000] {dag.py:2676} INFO - Sync 1 DAGs
[2022-12-06T06:10:34.572+0000] {logging_mixin.py:137} INFO - [2022-12-06T06:10:34.572+0000] {dag.py:3427} INFO - Setting next_dagrun for example_short_circuit_decorator to 2022-12-05T06:10:34.571753+00:00, run_after=2022-12-06T06:10:34.571753+00:00
[2022-12-06T06:10:34.636+0000] {processor.py:175} INFO - Processing /home/airflow/.local/lib/python3.7/site-packages/airflow/example_dags/example_short_circuit_decorator.py took 0.328 seconds
[2022-12-06T06:11:15.377+0000] {processor.py:153} INFO - Started process (PID=2545) to work on /home/airflow/.local/lib/python3.7/site-packages/airflow/example_dags/example_short_circuit_decorator.py
[2022-12-06T06:11:15.380+0000] {processor.py:743} INFO - Processing file /home/airflow/.local/lib/python3.7/site-packages/airflow/example_dags/example_short_circuit_decorator.py for tasks to queue
[2022-12-06T06:11:15.382+0000] {logging_mixin.py:137} INFO - [2022-12-06T06:11:15.381+0000] {dagbag.py:538} INFO - Filling up the DagBag from /home/airflow/.local/lib/python3.7/site-packages/airflow/example_dags/example_short_circuit_decorator.py
[2022-12-06T06:11:15.444+0000] {processor.py:753} INFO - DAG(s) dict_keys(['example_short_circuit_decorator']) retrieved from /home/airflow/.local/lib/python3.7/site-packages/airflow/example_dags/example_short_circuit_decorator.py
[2022-12-06T06:11:15.511+0000] {logging_mixin.py:137} INFO - [2022-12-06T06:11:15.510+0000] {dag.py:2676} INFO - Sync 1 DAGs
[2022-12-06T06:11:15.554+0000] {logging_mixin.py:137} INFO - [2022-12-06T06:11:15.554+0000] {dag.py:3427} INFO - Setting next_dagrun for example_short_circuit_decorator to 2022-12-05T06:11:15.554455+00:00, run_after=2022-12-06T06:11:15.554455+00:00
[2022-12-06T06:11:15.599+0000] {processor.py:175} INFO - Processing /home/airflow/.local/lib/python3.7/site-packages/airflow/example_dags/example_short_circuit_decorator.py took 0.227 seconds
[2022-12-06T06:11:48.472+0000] {processor.py:153} INFO - Started process (PID=2619) to work on /home/airflow/.local/lib/python3.7/site-packages/airflow/example_dags/example_short_circuit_decorator.py
[2022-12-06T06:11:48.476+0000] {processor.py:743} INFO - Processing file /home/airflow/.local/lib/python3.7/site-packages/airflow/example_dags/example_short_circuit_decorator.py for tasks to queue
[2022-12-06T06:11:48.482+0000] {logging_mixin.py:137} INFO - [2022-12-06T06:11:48.482+0000] {dagbag.py:538} INFO - Filling up the DagBag from /home/airflow/.local/lib/python3.7/site-packages/airflow/example_dags/example_short_circuit_decorator.py
[2022-12-06T06:11:48.615+0000] {processor.py:753} INFO - DAG(s) dict_keys(['example_short_circuit_decorator']) retrieved from /home/airflow/.local/lib/python3.7/site-packages/airflow/example_dags/example_short_circuit_decorator.py
[2022-12-06T06:11:48.730+0000] {logging_mixin.py:137} INFO - [2022-12-06T06:11:48.730+0000] {dag.py:2676} INFO - Sync 1 DAGs
[2022-12-06T06:11:48.812+0000] {logging_mixin.py:137} INFO - [2022-12-06T06:11:48.811+0000] {dag.py:3427} INFO - Setting next_dagrun for example_short_circuit_decorator to 2022-12-05T06:11:48.811376+00:00, run_after=2022-12-06T06:11:48.811376+00:00
[2022-12-06T06:11:48.883+0000] {processor.py:175} INFO - Processing /home/airflow/.local/lib/python3.7/site-packages/airflow/example_dags/example_short_circuit_decorator.py took 0.429 seconds
[2022-12-06T06:12:28.588+0000] {processor.py:153} INFO - Started process (PID=2688) to work on /home/airflow/.local/lib/python3.7/site-packages/airflow/example_dags/example_short_circuit_decorator.py
[2022-12-06T06:12:28.598+0000] {processor.py:743} INFO - Processing file /home/airflow/.local/lib/python3.7/site-packages/airflow/example_dags/example_short_circuit_decorator.py for tasks to queue
[2022-12-06T06:12:28.606+0000] {logging_mixin.py:137} INFO - [2022-12-06T06:12:28.605+0000] {dagbag.py:538} INFO - Filling up the DagBag from /home/airflow/.local/lib/python3.7/site-packages/airflow/example_dags/example_short_circuit_decorator.py
[2022-12-06T06:12:30.030+0000] {processor.py:753} INFO - DAG(s) dict_keys(['example_short_circuit_decorator']) retrieved from /home/airflow/.local/lib/python3.7/site-packages/airflow/example_dags/example_short_circuit_decorator.py
[2022-12-06T06:12:31.233+0000] {logging_mixin.py:137} INFO - [2022-12-06T06:12:31.232+0000] {dag.py:2676} INFO - Sync 1 DAGs
[2022-12-06T06:12:31.330+0000] {logging_mixin.py:137} INFO - [2022-12-06T06:12:31.329+0000] {dag.py:3427} INFO - Setting next_dagrun for example_short_circuit_decorator to 2022-12-05T06:12:31.327048+00:00, run_after=2022-12-06T06:12:31.327048+00:00
[2022-12-06T06:12:31.393+0000] {processor.py:175} INFO - Processing /home/airflow/.local/lib/python3.7/site-packages/airflow/example_dags/example_short_circuit_decorator.py took 2.817 seconds
[2022-12-06T06:13:04.107+0000] {processor.py:153} INFO - Started process (PID=2763) to work on /home/airflow/.local/lib/python3.7/site-packages/airflow/example_dags/example_short_circuit_decorator.py
[2022-12-06T06:13:04.112+0000] {processor.py:743} INFO - Processing file /home/airflow/.local/lib/python3.7/site-packages/airflow/example_dags/example_short_circuit_decorator.py for tasks to queue
[2022-12-06T06:13:04.115+0000] {logging_mixin.py:137} INFO - [2022-12-06T06:13:04.115+0000] {dagbag.py:538} INFO - Filling up the DagBag from /home/airflow/.local/lib/python3.7/site-packages/airflow/example_dags/example_short_circuit_decorator.py
[2022-12-06T06:13:04.242+0000] {processor.py:753} INFO - DAG(s) dict_keys(['example_short_circuit_decorator']) retrieved from /home/airflow/.local/lib/python3.7/site-packages/airflow/example_dags/example_short_circuit_decorator.py
[2022-12-06T06:13:04.524+0000] {logging_mixin.py:137} INFO - [2022-12-06T06:13:04.523+0000] {dag.py:2676} INFO - Sync 1 DAGs
[2022-12-06T06:13:04.652+0000] {logging_mixin.py:137} INFO - [2022-12-06T06:13:04.650+0000] {dag.py:3427} INFO - Setting next_dagrun for example_short_circuit_decorator to 2022-12-05T06:13:04.646542+00:00, run_after=2022-12-06T06:13:04.646542+00:00
[2022-12-06T06:13:06.318+0000] {processor.py:175} INFO - Processing /home/airflow/.local/lib/python3.7/site-packages/airflow/example_dags/example_short_circuit_decorator.py took 2.246 seconds
