[2022-12-06T05:24:32.863+0000] {processor.py:153} INFO - Started process (PID=69) to work on /home/airflow/.local/lib/python3.7/site-packages/airflow/example_dags/example_branch_python_dop_operator_3.py
[2022-12-06T05:24:32.867+0000] {processor.py:743} INFO - Processing file /home/airflow/.local/lib/python3.7/site-packages/airflow/example_dags/example_branch_python_dop_operator_3.py for tasks to queue
[2022-12-06T05:24:32.873+0000] {logging_mixin.py:137} INFO - [2022-12-06T05:24:32.873+0000] {dagbag.py:538} INFO - Filling up the DagBag from /home/airflow/.local/lib/python3.7/site-packages/airflow/example_dags/example_branch_python_dop_operator_3.py
[2022-12-06T05:24:32.964+0000] {processor.py:753} INFO - DAG(s) dict_keys(['example_branch_dop_operator_v3']) retrieved from /home/airflow/.local/lib/python3.7/site-packages/airflow/example_dags/example_branch_python_dop_operator_3.py
[2022-12-06T05:24:33.081+0000] {logging_mixin.py:137} INFO - [2022-12-06T05:24:33.080+0000] {dag.py:2676} INFO - Sync 1 DAGs
[2022-12-06T05:24:33.394+0000] {logging_mixin.py:137} INFO - [2022-12-06T05:24:33.393+0000] {dag.py:3427} INFO - Setting next_dagrun for example_branch_dop_operator_v3 to 2022-12-06T05:23:00+00:00, run_after=2022-12-06T05:24:00+00:00
[2022-12-06T05:24:33.567+0000] {processor.py:175} INFO - Processing /home/airflow/.local/lib/python3.7/site-packages/airflow/example_dags/example_branch_python_dop_operator_3.py took 0.730 seconds
[2022-12-06T05:26:11.809+0000] {processor.py:153} INFO - Started process (PID=177) to work on /home/airflow/.local/lib/python3.7/site-packages/airflow/example_dags/example_branch_python_dop_operator_3.py
[2022-12-06T05:26:11.819+0000] {processor.py:743} INFO - Processing file /home/airflow/.local/lib/python3.7/site-packages/airflow/example_dags/example_branch_python_dop_operator_3.py for tasks to queue
[2022-12-06T05:26:11.826+0000] {logging_mixin.py:137} INFO - [2022-12-06T05:26:11.826+0000] {dagbag.py:538} INFO - Filling up the DagBag from /home/airflow/.local/lib/python3.7/site-packages/airflow/example_dags/example_branch_python_dop_operator_3.py
[2022-12-06T05:26:11.888+0000] {processor.py:753} INFO - DAG(s) dict_keys(['example_branch_dop_operator_v3']) retrieved from /home/airflow/.local/lib/python3.7/site-packages/airflow/example_dags/example_branch_python_dop_operator_3.py
[2022-12-06T05:26:11.986+0000] {logging_mixin.py:137} INFO - [2022-12-06T05:26:11.986+0000] {dag.py:2676} INFO - Sync 1 DAGs
[2022-12-06T05:26:12.059+0000] {logging_mixin.py:137} INFO - [2022-12-06T05:26:12.059+0000] {dag.py:3427} INFO - Setting next_dagrun for example_branch_dop_operator_v3 to 2022-12-06T05:25:00+00:00, run_after=2022-12-06T05:26:00+00:00
[2022-12-06T05:26:12.118+0000] {processor.py:175} INFO - Processing /home/airflow/.local/lib/python3.7/site-packages/airflow/example_dags/example_branch_python_dop_operator_3.py took 0.319 seconds
[2022-12-06T05:27:08.208+0000] {processor.py:153} INFO - Started process (PID=265) to work on /home/airflow/.local/lib/python3.7/site-packages/airflow/example_dags/example_branch_python_dop_operator_3.py
[2022-12-06T05:27:08.211+0000] {processor.py:743} INFO - Processing file /home/airflow/.local/lib/python3.7/site-packages/airflow/example_dags/example_branch_python_dop_operator_3.py for tasks to queue
[2022-12-06T05:27:08.214+0000] {logging_mixin.py:137} INFO - [2022-12-06T05:27:08.213+0000] {dagbag.py:538} INFO - Filling up the DagBag from /home/airflow/.local/lib/python3.7/site-packages/airflow/example_dags/example_branch_python_dop_operator_3.py
[2022-12-06T05:27:08.272+0000] {processor.py:753} INFO - DAG(s) dict_keys(['example_branch_dop_operator_v3']) retrieved from /home/airflow/.local/lib/python3.7/site-packages/airflow/example_dags/example_branch_python_dop_operator_3.py
[2022-12-06T05:27:08.370+0000] {logging_mixin.py:137} INFO - [2022-12-06T05:27:08.370+0000] {dag.py:2676} INFO - Sync 1 DAGs
[2022-12-06T05:27:08.445+0000] {logging_mixin.py:137} INFO - [2022-12-06T05:27:08.445+0000] {dag.py:3427} INFO - Setting next_dagrun for example_branch_dop_operator_v3 to 2022-12-06T05:26:00+00:00, run_after=2022-12-06T05:27:00+00:00
[2022-12-06T05:27:08.470+0000] {processor.py:175} INFO - Processing /home/airflow/.local/lib/python3.7/site-packages/airflow/example_dags/example_branch_python_dop_operator_3.py took 0.308 seconds
[2022-12-06T05:27:38.800+0000] {processor.py:153} INFO - Started process (PID=333) to work on /home/airflow/.local/lib/python3.7/site-packages/airflow/example_dags/example_branch_python_dop_operator_3.py
[2022-12-06T05:27:38.802+0000] {processor.py:743} INFO - Processing file /home/airflow/.local/lib/python3.7/site-packages/airflow/example_dags/example_branch_python_dop_operator_3.py for tasks to queue
[2022-12-06T05:27:38.804+0000] {logging_mixin.py:137} INFO - [2022-12-06T05:27:38.804+0000] {dagbag.py:538} INFO - Filling up the DagBag from /home/airflow/.local/lib/python3.7/site-packages/airflow/example_dags/example_branch_python_dop_operator_3.py
[2022-12-06T05:27:38.839+0000] {processor.py:753} INFO - DAG(s) dict_keys(['example_branch_dop_operator_v3']) retrieved from /home/airflow/.local/lib/python3.7/site-packages/airflow/example_dags/example_branch_python_dop_operator_3.py
[2022-12-06T05:27:38.905+0000] {logging_mixin.py:137} INFO - [2022-12-06T05:27:38.905+0000] {dag.py:2676} INFO - Sync 1 DAGs
[2022-12-06T05:27:38.959+0000] {logging_mixin.py:137} INFO - [2022-12-06T05:27:38.959+0000] {dag.py:3427} INFO - Setting next_dagrun for example_branch_dop_operator_v3 to 2022-12-06T05:26:00+00:00, run_after=2022-12-06T05:27:00+00:00
[2022-12-06T05:27:38.990+0000] {processor.py:175} INFO - Processing /home/airflow/.local/lib/python3.7/site-packages/airflow/example_dags/example_branch_python_dop_operator_3.py took 0.195 seconds
[2022-12-06T05:28:09.954+0000] {processor.py:153} INFO - Started process (PID=400) to work on /home/airflow/.local/lib/python3.7/site-packages/airflow/example_dags/example_branch_python_dop_operator_3.py
[2022-12-06T05:28:09.957+0000] {processor.py:743} INFO - Processing file /home/airflow/.local/lib/python3.7/site-packages/airflow/example_dags/example_branch_python_dop_operator_3.py for tasks to queue
[2022-12-06T05:28:09.960+0000] {logging_mixin.py:137} INFO - [2022-12-06T05:28:09.959+0000] {dagbag.py:538} INFO - Filling up the DagBag from /home/airflow/.local/lib/python3.7/site-packages/airflow/example_dags/example_branch_python_dop_operator_3.py
[2022-12-06T05:28:10.025+0000] {processor.py:753} INFO - DAG(s) dict_keys(['example_branch_dop_operator_v3']) retrieved from /home/airflow/.local/lib/python3.7/site-packages/airflow/example_dags/example_branch_python_dop_operator_3.py
[2022-12-06T05:28:10.114+0000] {logging_mixin.py:137} INFO - [2022-12-06T05:28:10.114+0000] {dag.py:2676} INFO - Sync 1 DAGs
[2022-12-06T05:28:10.183+0000] {logging_mixin.py:137} INFO - [2022-12-06T05:28:10.183+0000] {dag.py:3427} INFO - Setting next_dagrun for example_branch_dop_operator_v3 to 2022-12-06T05:27:00+00:00, run_after=2022-12-06T05:28:00+00:00
[2022-12-06T05:28:10.240+0000] {processor.py:175} INFO - Processing /home/airflow/.local/lib/python3.7/site-packages/airflow/example_dags/example_branch_python_dop_operator_3.py took 0.296 seconds
[2022-12-06T05:28:42.293+0000] {processor.py:153} INFO - Started process (PID=466) to work on /home/airflow/.local/lib/python3.7/site-packages/airflow/example_dags/example_branch_python_dop_operator_3.py
[2022-12-06T05:28:42.297+0000] {processor.py:743} INFO - Processing file /home/airflow/.local/lib/python3.7/site-packages/airflow/example_dags/example_branch_python_dop_operator_3.py for tasks to queue
[2022-12-06T05:28:42.299+0000] {logging_mixin.py:137} INFO - [2022-12-06T05:28:42.298+0000] {dagbag.py:538} INFO - Filling up the DagBag from /home/airflow/.local/lib/python3.7/site-packages/airflow/example_dags/example_branch_python_dop_operator_3.py
[2022-12-06T05:28:42.356+0000] {processor.py:753} INFO - DAG(s) dict_keys(['example_branch_dop_operator_v3']) retrieved from /home/airflow/.local/lib/python3.7/site-packages/airflow/example_dags/example_branch_python_dop_operator_3.py
[2022-12-06T05:28:42.436+0000] {logging_mixin.py:137} INFO - [2022-12-06T05:28:42.436+0000] {dag.py:2676} INFO - Sync 1 DAGs
[2022-12-06T05:28:42.510+0000] {logging_mixin.py:137} INFO - [2022-12-06T05:28:42.510+0000] {dag.py:3427} INFO - Setting next_dagrun for example_branch_dop_operator_v3 to 2022-12-06T05:27:00+00:00, run_after=2022-12-06T05:28:00+00:00
[2022-12-06T05:28:42.557+0000] {processor.py:175} INFO - Processing /home/airflow/.local/lib/python3.7/site-packages/airflow/example_dags/example_branch_python_dop_operator_3.py took 0.270 seconds
[2022-12-06T05:29:13.249+0000] {processor.py:153} INFO - Started process (PID=534) to work on /home/airflow/.local/lib/python3.7/site-packages/airflow/example_dags/example_branch_python_dop_operator_3.py
[2022-12-06T05:29:13.251+0000] {processor.py:743} INFO - Processing file /home/airflow/.local/lib/python3.7/site-packages/airflow/example_dags/example_branch_python_dop_operator_3.py for tasks to queue
[2022-12-06T05:29:13.254+0000] {logging_mixin.py:137} INFO - [2022-12-06T05:29:13.253+0000] {dagbag.py:538} INFO - Filling up the DagBag from /home/airflow/.local/lib/python3.7/site-packages/airflow/example_dags/example_branch_python_dop_operator_3.py
[2022-12-06T05:29:13.302+0000] {processor.py:753} INFO - DAG(s) dict_keys(['example_branch_dop_operator_v3']) retrieved from /home/airflow/.local/lib/python3.7/site-packages/airflow/example_dags/example_branch_python_dop_operator_3.py
[2022-12-06T05:29:13.366+0000] {logging_mixin.py:137} INFO - [2022-12-06T05:29:13.366+0000] {dag.py:2676} INFO - Sync 1 DAGs
[2022-12-06T05:29:13.411+0000] {logging_mixin.py:137} INFO - [2022-12-06T05:29:13.411+0000] {dag.py:3427} INFO - Setting next_dagrun for example_branch_dop_operator_v3 to 2022-12-06T05:28:00+00:00, run_after=2022-12-06T05:29:00+00:00
[2022-12-06T05:29:13.448+0000] {processor.py:175} INFO - Processing /home/airflow/.local/lib/python3.7/site-packages/airflow/example_dags/example_branch_python_dop_operator_3.py took 0.204 seconds
[2022-12-06T05:30:20.034+0000] {processor.py:153} INFO - Started process (PID=596) to work on /home/airflow/.local/lib/python3.7/site-packages/airflow/example_dags/example_branch_python_dop_operator_3.py
[2022-12-06T05:30:20.038+0000] {processor.py:743} INFO - Processing file /home/airflow/.local/lib/python3.7/site-packages/airflow/example_dags/example_branch_python_dop_operator_3.py for tasks to queue
[2022-12-06T05:30:20.042+0000] {logging_mixin.py:137} INFO - [2022-12-06T05:30:20.041+0000] {dagbag.py:538} INFO - Filling up the DagBag from /home/airflow/.local/lib/python3.7/site-packages/airflow/example_dags/example_branch_python_dop_operator_3.py
[2022-12-06T05:30:20.117+0000] {processor.py:753} INFO - DAG(s) dict_keys(['example_branch_dop_operator_v3']) retrieved from /home/airflow/.local/lib/python3.7/site-packages/airflow/example_dags/example_branch_python_dop_operator_3.py
[2022-12-06T05:30:20.249+0000] {logging_mixin.py:137} INFO - [2022-12-06T05:30:20.249+0000] {dag.py:2676} INFO - Sync 1 DAGs
[2022-12-06T05:30:20.333+0000] {logging_mixin.py:137} INFO - [2022-12-06T05:30:20.332+0000] {dag.py:3427} INFO - Setting next_dagrun for example_branch_dop_operator_v3 to 2022-12-06T05:29:00+00:00, run_after=2022-12-06T05:30:00+00:00
[2022-12-06T05:30:20.389+0000] {processor.py:175} INFO - Processing /home/airflow/.local/lib/python3.7/site-packages/airflow/example_dags/example_branch_python_dop_operator_3.py took 0.362 seconds
[2022-12-06T05:31:06.978+0000] {processor.py:153} INFO - Started process (PID=679) to work on /home/airflow/.local/lib/python3.7/site-packages/airflow/example_dags/example_branch_python_dop_operator_3.py
[2022-12-06T05:31:06.982+0000] {processor.py:743} INFO - Processing file /home/airflow/.local/lib/python3.7/site-packages/airflow/example_dags/example_branch_python_dop_operator_3.py for tasks to queue
[2022-12-06T05:31:06.986+0000] {logging_mixin.py:137} INFO - [2022-12-06T05:31:06.985+0000] {dagbag.py:538} INFO - Filling up the DagBag from /home/airflow/.local/lib/python3.7/site-packages/airflow/example_dags/example_branch_python_dop_operator_3.py
[2022-12-06T05:31:07.049+0000] {processor.py:753} INFO - DAG(s) dict_keys(['example_branch_dop_operator_v3']) retrieved from /home/airflow/.local/lib/python3.7/site-packages/airflow/example_dags/example_branch_python_dop_operator_3.py
[2022-12-06T05:31:07.149+0000] {logging_mixin.py:137} INFO - [2022-12-06T05:31:07.149+0000] {dag.py:2676} INFO - Sync 1 DAGs
[2022-12-06T05:31:07.226+0000] {logging_mixin.py:137} INFO - [2022-12-06T05:31:07.225+0000] {dag.py:3427} INFO - Setting next_dagrun for example_branch_dop_operator_v3 to 2022-12-06T05:30:00+00:00, run_after=2022-12-06T05:31:00+00:00
[2022-12-06T05:31:07.333+0000] {processor.py:175} INFO - Processing /home/airflow/.local/lib/python3.7/site-packages/airflow/example_dags/example_branch_python_dop_operator_3.py took 0.368 seconds
[2022-12-06T05:32:03.920+0000] {processor.py:153} INFO - Started process (PID=746) to work on /home/airflow/.local/lib/python3.7/site-packages/airflow/example_dags/example_branch_python_dop_operator_3.py
[2022-12-06T05:32:03.928+0000] {processor.py:743} INFO - Processing file /home/airflow/.local/lib/python3.7/site-packages/airflow/example_dags/example_branch_python_dop_operator_3.py for tasks to queue
[2022-12-06T05:32:03.931+0000] {logging_mixin.py:137} INFO - [2022-12-06T05:32:03.930+0000] {dagbag.py:538} INFO - Filling up the DagBag from /home/airflow/.local/lib/python3.7/site-packages/airflow/example_dags/example_branch_python_dop_operator_3.py
[2022-12-06T05:32:04.048+0000] {processor.py:753} INFO - DAG(s) dict_keys(['example_branch_dop_operator_v3']) retrieved from /home/airflow/.local/lib/python3.7/site-packages/airflow/example_dags/example_branch_python_dop_operator_3.py
[2022-12-06T05:32:04.133+0000] {logging_mixin.py:137} INFO - [2022-12-06T05:32:04.133+0000] {dag.py:2676} INFO - Sync 1 DAGs
[2022-12-06T05:32:04.211+0000] {logging_mixin.py:137} INFO - [2022-12-06T05:32:04.211+0000] {dag.py:3427} INFO - Setting next_dagrun for example_branch_dop_operator_v3 to 2022-12-06T05:31:00+00:00, run_after=2022-12-06T05:32:00+00:00
[2022-12-06T05:32:04.334+0000] {processor.py:175} INFO - Processing /home/airflow/.local/lib/python3.7/site-packages/airflow/example_dags/example_branch_python_dop_operator_3.py took 0.429 seconds
[2022-12-06T05:48:24.893+0000] {processor.py:153} INFO - Started process (PID=97) to work on /home/airflow/.local/lib/python3.7/site-packages/airflow/example_dags/example_branch_python_dop_operator_3.py
[2022-12-06T05:48:24.900+0000] {processor.py:743} INFO - Processing file /home/airflow/.local/lib/python3.7/site-packages/airflow/example_dags/example_branch_python_dop_operator_3.py for tasks to queue
[2022-12-06T05:48:24.903+0000] {logging_mixin.py:137} INFO - [2022-12-06T05:48:24.903+0000] {dagbag.py:538} INFO - Filling up the DagBag from /home/airflow/.local/lib/python3.7/site-packages/airflow/example_dags/example_branch_python_dop_operator_3.py
[2022-12-06T05:48:25.653+0000] {processor.py:753} INFO - DAG(s) dict_keys(['example_branch_dop_operator_v3']) retrieved from /home/airflow/.local/lib/python3.7/site-packages/airflow/example_dags/example_branch_python_dop_operator_3.py
[2022-12-06T05:48:26.100+0000] {logging_mixin.py:137} INFO - [2022-12-06T05:48:26.098+0000] {dag.py:2676} INFO - Sync 1 DAGs
[2022-12-06T05:48:26.269+0000] {logging_mixin.py:137} INFO - [2022-12-06T05:48:26.266+0000] {dag.py:3427} INFO - Setting next_dagrun for example_branch_dop_operator_v3 to 2022-12-06T05:47:00+00:00, run_after=2022-12-06T05:48:00+00:00
[2022-12-06T05:48:26.340+0000] {processor.py:175} INFO - Processing /home/airflow/.local/lib/python3.7/site-packages/airflow/example_dags/example_branch_python_dop_operator_3.py took 1.455 seconds
[2022-12-06T05:48:57.346+0000] {processor.py:153} INFO - Started process (PID=180) to work on /home/airflow/.local/lib/python3.7/site-packages/airflow/example_dags/example_branch_python_dop_operator_3.py
[2022-12-06T05:48:57.348+0000] {processor.py:743} INFO - Processing file /home/airflow/.local/lib/python3.7/site-packages/airflow/example_dags/example_branch_python_dop_operator_3.py for tasks to queue
[2022-12-06T05:48:57.354+0000] {logging_mixin.py:137} INFO - [2022-12-06T05:48:57.350+0000] {dagbag.py:538} INFO - Filling up the DagBag from /home/airflow/.local/lib/python3.7/site-packages/airflow/example_dags/example_branch_python_dop_operator_3.py
[2022-12-06T05:48:57.394+0000] {processor.py:753} INFO - DAG(s) dict_keys(['example_branch_dop_operator_v3']) retrieved from /home/airflow/.local/lib/python3.7/site-packages/airflow/example_dags/example_branch_python_dop_operator_3.py
[2022-12-06T05:48:57.522+0000] {logging_mixin.py:137} INFO - [2022-12-06T05:48:57.522+0000] {dag.py:2676} INFO - Sync 1 DAGs
[2022-12-06T05:48:57.593+0000] {logging_mixin.py:137} INFO - [2022-12-06T05:48:57.593+0000] {dag.py:3427} INFO - Setting next_dagrun for example_branch_dop_operator_v3 to 2022-12-06T05:47:00+00:00, run_after=2022-12-06T05:48:00+00:00
[2022-12-06T05:48:57.646+0000] {processor.py:175} INFO - Processing /home/airflow/.local/lib/python3.7/site-packages/airflow/example_dags/example_branch_python_dop_operator_3.py took 0.306 seconds
[2022-12-06T05:49:27.861+0000] {processor.py:153} INFO - Started process (PID=244) to work on /home/airflow/.local/lib/python3.7/site-packages/airflow/example_dags/example_branch_python_dop_operator_3.py
[2022-12-06T05:49:27.863+0000] {processor.py:743} INFO - Processing file /home/airflow/.local/lib/python3.7/site-packages/airflow/example_dags/example_branch_python_dop_operator_3.py for tasks to queue
[2022-12-06T05:49:27.864+0000] {logging_mixin.py:137} INFO - [2022-12-06T05:49:27.864+0000] {dagbag.py:538} INFO - Filling up the DagBag from /home/airflow/.local/lib/python3.7/site-packages/airflow/example_dags/example_branch_python_dop_operator_3.py
[2022-12-06T05:49:27.904+0000] {processor.py:753} INFO - DAG(s) dict_keys(['example_branch_dop_operator_v3']) retrieved from /home/airflow/.local/lib/python3.7/site-packages/airflow/example_dags/example_branch_python_dop_operator_3.py
[2022-12-06T05:49:27.963+0000] {logging_mixin.py:137} INFO - [2022-12-06T05:49:27.963+0000] {dag.py:2676} INFO - Sync 1 DAGs
[2022-12-06T05:49:28.009+0000] {logging_mixin.py:137} INFO - [2022-12-06T05:49:28.009+0000] {dag.py:3427} INFO - Setting next_dagrun for example_branch_dop_operator_v3 to 2022-12-06T05:48:00+00:00, run_after=2022-12-06T05:49:00+00:00
[2022-12-06T05:49:28.047+0000] {processor.py:175} INFO - Processing /home/airflow/.local/lib/python3.7/site-packages/airflow/example_dags/example_branch_python_dop_operator_3.py took 0.191 seconds
[2022-12-06T05:49:58.251+0000] {processor.py:153} INFO - Started process (PID=316) to work on /home/airflow/.local/lib/python3.7/site-packages/airflow/example_dags/example_branch_python_dop_operator_3.py
[2022-12-06T05:49:58.254+0000] {processor.py:743} INFO - Processing file /home/airflow/.local/lib/python3.7/site-packages/airflow/example_dags/example_branch_python_dop_operator_3.py for tasks to queue
[2022-12-06T05:49:58.256+0000] {logging_mixin.py:137} INFO - [2022-12-06T05:49:58.256+0000] {dagbag.py:538} INFO - Filling up the DagBag from /home/airflow/.local/lib/python3.7/site-packages/airflow/example_dags/example_branch_python_dop_operator_3.py
[2022-12-06T05:49:58.312+0000] {processor.py:753} INFO - DAG(s) dict_keys(['example_branch_dop_operator_v3']) retrieved from /home/airflow/.local/lib/python3.7/site-packages/airflow/example_dags/example_branch_python_dop_operator_3.py
[2022-12-06T05:49:58.399+0000] {logging_mixin.py:137} INFO - [2022-12-06T05:49:58.398+0000] {dag.py:2676} INFO - Sync 1 DAGs
[2022-12-06T05:49:58.461+0000] {logging_mixin.py:137} INFO - [2022-12-06T05:49:58.461+0000] {dag.py:3427} INFO - Setting next_dagrun for example_branch_dop_operator_v3 to 2022-12-06T05:48:00+00:00, run_after=2022-12-06T05:49:00+00:00
[2022-12-06T05:49:58.516+0000] {processor.py:175} INFO - Processing /home/airflow/.local/lib/python3.7/site-packages/airflow/example_dags/example_branch_python_dop_operator_3.py took 0.271 seconds
[2022-12-06T05:50:35.210+0000] {processor.py:153} INFO - Started process (PID=374) to work on /home/airflow/.local/lib/python3.7/site-packages/airflow/example_dags/example_branch_python_dop_operator_3.py
[2022-12-06T05:50:35.217+0000] {processor.py:743} INFO - Processing file /home/airflow/.local/lib/python3.7/site-packages/airflow/example_dags/example_branch_python_dop_operator_3.py for tasks to queue
[2022-12-06T05:50:35.224+0000] {logging_mixin.py:137} INFO - [2022-12-06T05:50:35.223+0000] {dagbag.py:538} INFO - Filling up the DagBag from /home/airflow/.local/lib/python3.7/site-packages/airflow/example_dags/example_branch_python_dop_operator_3.py
[2022-12-06T05:50:35.301+0000] {processor.py:753} INFO - DAG(s) dict_keys(['example_branch_dop_operator_v3']) retrieved from /home/airflow/.local/lib/python3.7/site-packages/airflow/example_dags/example_branch_python_dop_operator_3.py
[2022-12-06T05:50:35.428+0000] {logging_mixin.py:137} INFO - [2022-12-06T05:50:35.428+0000] {dag.py:2676} INFO - Sync 1 DAGs
[2022-12-06T05:50:35.492+0000] {logging_mixin.py:137} INFO - [2022-12-06T05:50:35.492+0000] {dag.py:3427} INFO - Setting next_dagrun for example_branch_dop_operator_v3 to 2022-12-06T05:49:00+00:00, run_after=2022-12-06T05:50:00+00:00
[2022-12-06T05:50:35.534+0000] {processor.py:175} INFO - Processing /home/airflow/.local/lib/python3.7/site-packages/airflow/example_dags/example_branch_python_dop_operator_3.py took 0.330 seconds
[2022-12-06T05:51:24.861+0000] {processor.py:153} INFO - Started process (PID=442) to work on /home/airflow/.local/lib/python3.7/site-packages/airflow/example_dags/example_branch_python_dop_operator_3.py
[2022-12-06T05:51:24.863+0000] {processor.py:743} INFO - Processing file /home/airflow/.local/lib/python3.7/site-packages/airflow/example_dags/example_branch_python_dop_operator_3.py for tasks to queue
[2022-12-06T05:51:24.867+0000] {logging_mixin.py:137} INFO - [2022-12-06T05:51:24.866+0000] {dagbag.py:538} INFO - Filling up the DagBag from /home/airflow/.local/lib/python3.7/site-packages/airflow/example_dags/example_branch_python_dop_operator_3.py
[2022-12-06T05:51:24.920+0000] {processor.py:753} INFO - DAG(s) dict_keys(['example_branch_dop_operator_v3']) retrieved from /home/airflow/.local/lib/python3.7/site-packages/airflow/example_dags/example_branch_python_dop_operator_3.py
[2022-12-06T05:51:24.986+0000] {logging_mixin.py:137} INFO - [2022-12-06T05:51:24.986+0000] {dag.py:2676} INFO - Sync 1 DAGs
[2022-12-06T05:51:25.054+0000] {logging_mixin.py:137} INFO - [2022-12-06T05:51:25.054+0000] {dag.py:3427} INFO - Setting next_dagrun for example_branch_dop_operator_v3 to 2022-12-06T05:50:00+00:00, run_after=2022-12-06T05:51:00+00:00
[2022-12-06T05:51:25.113+0000] {processor.py:175} INFO - Processing /home/airflow/.local/lib/python3.7/site-packages/airflow/example_dags/example_branch_python_dop_operator_3.py took 0.259 seconds
[2022-12-06T05:52:14.988+0000] {processor.py:153} INFO - Started process (PID=508) to work on /home/airflow/.local/lib/python3.7/site-packages/airflow/example_dags/example_branch_python_dop_operator_3.py
[2022-12-06T05:52:14.991+0000] {processor.py:743} INFO - Processing file /home/airflow/.local/lib/python3.7/site-packages/airflow/example_dags/example_branch_python_dop_operator_3.py for tasks to queue
[2022-12-06T05:52:14.994+0000] {logging_mixin.py:137} INFO - [2022-12-06T05:52:14.993+0000] {dagbag.py:538} INFO - Filling up the DagBag from /home/airflow/.local/lib/python3.7/site-packages/airflow/example_dags/example_branch_python_dop_operator_3.py
[2022-12-06T05:52:15.055+0000] {processor.py:753} INFO - DAG(s) dict_keys(['example_branch_dop_operator_v3']) retrieved from /home/airflow/.local/lib/python3.7/site-packages/airflow/example_dags/example_branch_python_dop_operator_3.py
[2022-12-06T05:52:15.137+0000] {logging_mixin.py:137} INFO - [2022-12-06T05:52:15.137+0000] {dag.py:2676} INFO - Sync 1 DAGs
[2022-12-06T05:52:15.209+0000] {logging_mixin.py:137} INFO - [2022-12-06T05:52:15.208+0000] {dag.py:3427} INFO - Setting next_dagrun for example_branch_dop_operator_v3 to 2022-12-06T05:51:00+00:00, run_after=2022-12-06T05:52:00+00:00
[2022-12-06T05:52:15.254+0000] {processor.py:175} INFO - Processing /home/airflow/.local/lib/python3.7/site-packages/airflow/example_dags/example_branch_python_dop_operator_3.py took 0.271 seconds
[2022-12-06T05:53:00.761+0000] {processor.py:153} INFO - Started process (PID=586) to work on /home/airflow/.local/lib/python3.7/site-packages/airflow/example_dags/example_branch_python_dop_operator_3.py
[2022-12-06T05:53:00.774+0000] {processor.py:743} INFO - Processing file /home/airflow/.local/lib/python3.7/site-packages/airflow/example_dags/example_branch_python_dop_operator_3.py for tasks to queue
[2022-12-06T05:53:00.778+0000] {logging_mixin.py:137} INFO - [2022-12-06T05:53:00.777+0000] {dagbag.py:538} INFO - Filling up the DagBag from /home/airflow/.local/lib/python3.7/site-packages/airflow/example_dags/example_branch_python_dop_operator_3.py
[2022-12-06T05:53:00.829+0000] {processor.py:753} INFO - DAG(s) dict_keys(['example_branch_dop_operator_v3']) retrieved from /home/airflow/.local/lib/python3.7/site-packages/airflow/example_dags/example_branch_python_dop_operator_3.py
[2022-12-06T05:53:00.964+0000] {logging_mixin.py:137} INFO - [2022-12-06T05:53:00.963+0000] {dag.py:2676} INFO - Sync 1 DAGs
[2022-12-06T05:53:01.081+0000] {logging_mixin.py:137} INFO - [2022-12-06T05:53:01.081+0000] {dag.py:3427} INFO - Setting next_dagrun for example_branch_dop_operator_v3 to 2022-12-06T05:52:00+00:00, run_after=2022-12-06T05:53:00+00:00
[2022-12-06T05:53:01.136+0000] {processor.py:175} INFO - Processing /home/airflow/.local/lib/python3.7/site-packages/airflow/example_dags/example_branch_python_dop_operator_3.py took 0.385 seconds
[2022-12-06T05:53:42.291+0000] {processor.py:153} INFO - Started process (PID=655) to work on /home/airflow/.local/lib/python3.7/site-packages/airflow/example_dags/example_branch_python_dop_operator_3.py
[2022-12-06T05:53:42.294+0000] {processor.py:743} INFO - Processing file /home/airflow/.local/lib/python3.7/site-packages/airflow/example_dags/example_branch_python_dop_operator_3.py for tasks to queue
[2022-12-06T05:53:42.296+0000] {logging_mixin.py:137} INFO - [2022-12-06T05:53:42.296+0000] {dagbag.py:538} INFO - Filling up the DagBag from /home/airflow/.local/lib/python3.7/site-packages/airflow/example_dags/example_branch_python_dop_operator_3.py
[2022-12-06T05:53:42.350+0000] {processor.py:753} INFO - DAG(s) dict_keys(['example_branch_dop_operator_v3']) retrieved from /home/airflow/.local/lib/python3.7/site-packages/airflow/example_dags/example_branch_python_dop_operator_3.py
[2022-12-06T05:53:42.422+0000] {logging_mixin.py:137} INFO - [2022-12-06T05:53:42.421+0000] {dag.py:2676} INFO - Sync 1 DAGs
[2022-12-06T05:53:42.471+0000] {logging_mixin.py:137} INFO - [2022-12-06T05:53:42.471+0000] {dag.py:3427} INFO - Setting next_dagrun for example_branch_dop_operator_v3 to 2022-12-06T05:52:00+00:00, run_after=2022-12-06T05:53:00+00:00
[2022-12-06T05:53:42.507+0000] {processor.py:175} INFO - Processing /home/airflow/.local/lib/python3.7/site-packages/airflow/example_dags/example_branch_python_dop_operator_3.py took 0.220 seconds
[2022-12-06T05:54:23.580+0000] {processor.py:153} INFO - Started process (PID=722) to work on /home/airflow/.local/lib/python3.7/site-packages/airflow/example_dags/example_branch_python_dop_operator_3.py
[2022-12-06T05:54:23.583+0000] {processor.py:743} INFO - Processing file /home/airflow/.local/lib/python3.7/site-packages/airflow/example_dags/example_branch_python_dop_operator_3.py for tasks to queue
[2022-12-06T05:54:23.585+0000] {logging_mixin.py:137} INFO - [2022-12-06T05:54:23.585+0000] {dagbag.py:538} INFO - Filling up the DagBag from /home/airflow/.local/lib/python3.7/site-packages/airflow/example_dags/example_branch_python_dop_operator_3.py
[2022-12-06T05:54:23.638+0000] {processor.py:753} INFO - DAG(s) dict_keys(['example_branch_dop_operator_v3']) retrieved from /home/airflow/.local/lib/python3.7/site-packages/airflow/example_dags/example_branch_python_dop_operator_3.py
[2022-12-06T05:54:23.752+0000] {logging_mixin.py:137} INFO - [2022-12-06T05:54:23.752+0000] {dag.py:2676} INFO - Sync 1 DAGs
[2022-12-06T05:54:23.807+0000] {logging_mixin.py:137} INFO - [2022-12-06T05:54:23.807+0000] {dag.py:3427} INFO - Setting next_dagrun for example_branch_dop_operator_v3 to 2022-12-06T05:53:00+00:00, run_after=2022-12-06T05:54:00+00:00
[2022-12-06T05:54:23.856+0000] {processor.py:175} INFO - Processing /home/airflow/.local/lib/python3.7/site-packages/airflow/example_dags/example_branch_python_dop_operator_3.py took 0.282 seconds
[2022-12-06T05:54:55.120+0000] {processor.py:153} INFO - Started process (PID=806) to work on /home/airflow/.local/lib/python3.7/site-packages/airflow/example_dags/example_branch_python_dop_operator_3.py
[2022-12-06T05:54:55.124+0000] {processor.py:743} INFO - Processing file /home/airflow/.local/lib/python3.7/site-packages/airflow/example_dags/example_branch_python_dop_operator_3.py for tasks to queue
[2022-12-06T05:54:55.129+0000] {logging_mixin.py:137} INFO - [2022-12-06T05:54:55.128+0000] {dagbag.py:538} INFO - Filling up the DagBag from /home/airflow/.local/lib/python3.7/site-packages/airflow/example_dags/example_branch_python_dop_operator_3.py
[2022-12-06T05:54:55.231+0000] {processor.py:753} INFO - DAG(s) dict_keys(['example_branch_dop_operator_v3']) retrieved from /home/airflow/.local/lib/python3.7/site-packages/airflow/example_dags/example_branch_python_dop_operator_3.py
[2022-12-06T05:54:55.309+0000] {logging_mixin.py:137} INFO - [2022-12-06T05:54:55.308+0000] {dag.py:2676} INFO - Sync 1 DAGs
[2022-12-06T05:54:55.363+0000] {logging_mixin.py:137} INFO - [2022-12-06T05:54:55.363+0000] {dag.py:3427} INFO - Setting next_dagrun for example_branch_dop_operator_v3 to 2022-12-06T05:53:00+00:00, run_after=2022-12-06T05:54:00+00:00
[2022-12-06T05:54:55.395+0000] {processor.py:175} INFO - Processing /home/airflow/.local/lib/python3.7/site-packages/airflow/example_dags/example_branch_python_dop_operator_3.py took 0.283 seconds
[2022-12-06T05:55:39.290+0000] {processor.py:153} INFO - Started process (PID=876) to work on /home/airflow/.local/lib/python3.7/site-packages/airflow/example_dags/example_branch_python_dop_operator_3.py
[2022-12-06T05:55:39.292+0000] {processor.py:743} INFO - Processing file /home/airflow/.local/lib/python3.7/site-packages/airflow/example_dags/example_branch_python_dop_operator_3.py for tasks to queue
[2022-12-06T05:55:39.295+0000] {logging_mixin.py:137} INFO - [2022-12-06T05:55:39.294+0000] {dagbag.py:538} INFO - Filling up the DagBag from /home/airflow/.local/lib/python3.7/site-packages/airflow/example_dags/example_branch_python_dop_operator_3.py
[2022-12-06T05:55:39.358+0000] {processor.py:753} INFO - DAG(s) dict_keys(['example_branch_dop_operator_v3']) retrieved from /home/airflow/.local/lib/python3.7/site-packages/airflow/example_dags/example_branch_python_dop_operator_3.py
[2022-12-06T05:55:39.437+0000] {logging_mixin.py:137} INFO - [2022-12-06T05:55:39.437+0000] {dag.py:2676} INFO - Sync 1 DAGs
[2022-12-06T05:55:39.494+0000] {logging_mixin.py:137} INFO - [2022-12-06T05:55:39.494+0000] {dag.py:3427} INFO - Setting next_dagrun for example_branch_dop_operator_v3 to 2022-12-06T05:54:00+00:00, run_after=2022-12-06T05:55:00+00:00
[2022-12-06T05:55:39.550+0000] {processor.py:175} INFO - Processing /home/airflow/.local/lib/python3.7/site-packages/airflow/example_dags/example_branch_python_dop_operator_3.py took 0.266 seconds
[2022-12-06T05:56:31.091+0000] {processor.py:153} INFO - Started process (PID=943) to work on /home/airflow/.local/lib/python3.7/site-packages/airflow/example_dags/example_branch_python_dop_operator_3.py
[2022-12-06T05:56:31.094+0000] {processor.py:743} INFO - Processing file /home/airflow/.local/lib/python3.7/site-packages/airflow/example_dags/example_branch_python_dop_operator_3.py for tasks to queue
[2022-12-06T05:56:31.096+0000] {logging_mixin.py:137} INFO - [2022-12-06T05:56:31.095+0000] {dagbag.py:538} INFO - Filling up the DagBag from /home/airflow/.local/lib/python3.7/site-packages/airflow/example_dags/example_branch_python_dop_operator_3.py
[2022-12-06T05:56:31.140+0000] {processor.py:753} INFO - DAG(s) dict_keys(['example_branch_dop_operator_v3']) retrieved from /home/airflow/.local/lib/python3.7/site-packages/airflow/example_dags/example_branch_python_dop_operator_3.py
[2022-12-06T05:56:31.217+0000] {logging_mixin.py:137} INFO - [2022-12-06T05:56:31.217+0000] {dag.py:2676} INFO - Sync 1 DAGs
[2022-12-06T05:56:31.281+0000] {logging_mixin.py:137} INFO - [2022-12-06T05:56:31.281+0000] {dag.py:3427} INFO - Setting next_dagrun for example_branch_dop_operator_v3 to 2022-12-06T05:55:00+00:00, run_after=2022-12-06T05:56:00+00:00
[2022-12-06T05:56:31.326+0000] {processor.py:175} INFO - Processing /home/airflow/.local/lib/python3.7/site-packages/airflow/example_dags/example_branch_python_dop_operator_3.py took 0.241 seconds
[2022-12-06T05:57:15.064+0000] {processor.py:153} INFO - Started process (PID=1023) to work on /home/airflow/.local/lib/python3.7/site-packages/airflow/example_dags/example_branch_python_dop_operator_3.py
[2022-12-06T05:57:15.067+0000] {processor.py:743} INFO - Processing file /home/airflow/.local/lib/python3.7/site-packages/airflow/example_dags/example_branch_python_dop_operator_3.py for tasks to queue
[2022-12-06T05:57:15.069+0000] {logging_mixin.py:137} INFO - [2022-12-06T05:57:15.068+0000] {dagbag.py:538} INFO - Filling up the DagBag from /home/airflow/.local/lib/python3.7/site-packages/airflow/example_dags/example_branch_python_dop_operator_3.py
[2022-12-06T05:57:15.125+0000] {processor.py:753} INFO - DAG(s) dict_keys(['example_branch_dop_operator_v3']) retrieved from /home/airflow/.local/lib/python3.7/site-packages/airflow/example_dags/example_branch_python_dop_operator_3.py
[2022-12-06T05:57:15.229+0000] {logging_mixin.py:137} INFO - [2022-12-06T05:57:15.228+0000] {dag.py:2676} INFO - Sync 1 DAGs
[2022-12-06T05:57:15.327+0000] {logging_mixin.py:137} INFO - [2022-12-06T05:57:15.327+0000] {dag.py:3427} INFO - Setting next_dagrun for example_branch_dop_operator_v3 to 2022-12-06T05:56:00+00:00, run_after=2022-12-06T05:57:00+00:00
[2022-12-06T05:57:15.439+0000] {processor.py:175} INFO - Processing /home/airflow/.local/lib/python3.7/site-packages/airflow/example_dags/example_branch_python_dop_operator_3.py took 0.382 seconds
[2022-12-06T05:57:54.275+0000] {processor.py:153} INFO - Started process (PID=1096) to work on /home/airflow/.local/lib/python3.7/site-packages/airflow/example_dags/example_branch_python_dop_operator_3.py
[2022-12-06T05:57:54.278+0000] {processor.py:743} INFO - Processing file /home/airflow/.local/lib/python3.7/site-packages/airflow/example_dags/example_branch_python_dop_operator_3.py for tasks to queue
[2022-12-06T05:57:54.281+0000] {logging_mixin.py:137} INFO - [2022-12-06T05:57:54.280+0000] {dagbag.py:538} INFO - Filling up the DagBag from /home/airflow/.local/lib/python3.7/site-packages/airflow/example_dags/example_branch_python_dop_operator_3.py
[2022-12-06T05:57:54.336+0000] {processor.py:753} INFO - DAG(s) dict_keys(['example_branch_dop_operator_v3']) retrieved from /home/airflow/.local/lib/python3.7/site-packages/airflow/example_dags/example_branch_python_dop_operator_3.py
[2022-12-06T05:57:54.420+0000] {logging_mixin.py:137} INFO - [2022-12-06T05:57:54.419+0000] {dag.py:2676} INFO - Sync 1 DAGs
[2022-12-06T05:57:54.512+0000] {logging_mixin.py:137} INFO - [2022-12-06T05:57:54.511+0000] {dag.py:3427} INFO - Setting next_dagrun for example_branch_dop_operator_v3 to 2022-12-06T05:56:00+00:00, run_after=2022-12-06T05:57:00+00:00
[2022-12-06T05:57:54.555+0000] {processor.py:175} INFO - Processing /home/airflow/.local/lib/python3.7/site-packages/airflow/example_dags/example_branch_python_dop_operator_3.py took 0.287 seconds
[2022-12-06T05:58:34.667+0000] {processor.py:153} INFO - Started process (PID=1165) to work on /home/airflow/.local/lib/python3.7/site-packages/airflow/example_dags/example_branch_python_dop_operator_3.py
[2022-12-06T05:58:34.671+0000] {processor.py:743} INFO - Processing file /home/airflow/.local/lib/python3.7/site-packages/airflow/example_dags/example_branch_python_dop_operator_3.py for tasks to queue
[2022-12-06T05:58:34.677+0000] {logging_mixin.py:137} INFO - [2022-12-06T05:58:34.676+0000] {dagbag.py:538} INFO - Filling up the DagBag from /home/airflow/.local/lib/python3.7/site-packages/airflow/example_dags/example_branch_python_dop_operator_3.py
[2022-12-06T05:58:34.765+0000] {processor.py:753} INFO - DAG(s) dict_keys(['example_branch_dop_operator_v3']) retrieved from /home/airflow/.local/lib/python3.7/site-packages/airflow/example_dags/example_branch_python_dop_operator_3.py
[2022-12-06T05:58:34.913+0000] {logging_mixin.py:137} INFO - [2022-12-06T05:58:34.913+0000] {dag.py:2676} INFO - Sync 1 DAGs
[2022-12-06T05:58:35.019+0000] {logging_mixin.py:137} INFO - [2022-12-06T05:58:35.018+0000] {dag.py:3427} INFO - Setting next_dagrun for example_branch_dop_operator_v3 to 2022-12-06T05:57:00+00:00, run_after=2022-12-06T05:58:00+00:00
[2022-12-06T05:58:35.083+0000] {processor.py:175} INFO - Processing /home/airflow/.local/lib/python3.7/site-packages/airflow/example_dags/example_branch_python_dop_operator_3.py took 0.432 seconds
[2022-12-06T05:59:17.652+0000] {processor.py:153} INFO - Started process (PID=1249) to work on /home/airflow/.local/lib/python3.7/site-packages/airflow/example_dags/example_branch_python_dop_operator_3.py
[2022-12-06T05:59:17.656+0000] {processor.py:743} INFO - Processing file /home/airflow/.local/lib/python3.7/site-packages/airflow/example_dags/example_branch_python_dop_operator_3.py for tasks to queue
[2022-12-06T05:59:17.659+0000] {logging_mixin.py:137} INFO - [2022-12-06T05:59:17.658+0000] {dagbag.py:538} INFO - Filling up the DagBag from /home/airflow/.local/lib/python3.7/site-packages/airflow/example_dags/example_branch_python_dop_operator_3.py
[2022-12-06T05:59:17.715+0000] {processor.py:753} INFO - DAG(s) dict_keys(['example_branch_dop_operator_v3']) retrieved from /home/airflow/.local/lib/python3.7/site-packages/airflow/example_dags/example_branch_python_dop_operator_3.py
[2022-12-06T05:59:17.811+0000] {logging_mixin.py:137} INFO - [2022-12-06T05:59:17.811+0000] {dag.py:2676} INFO - Sync 1 DAGs
[2022-12-06T05:59:17.871+0000] {logging_mixin.py:137} INFO - [2022-12-06T05:59:17.871+0000] {dag.py:3427} INFO - Setting next_dagrun for example_branch_dop_operator_v3 to 2022-12-06T05:58:00+00:00, run_after=2022-12-06T05:59:00+00:00
[2022-12-06T05:59:17.936+0000] {processor.py:175} INFO - Processing /home/airflow/.local/lib/python3.7/site-packages/airflow/example_dags/example_branch_python_dop_operator_3.py took 0.293 seconds
[2022-12-06T05:59:56.053+0000] {processor.py:153} INFO - Started process (PID=1316) to work on /home/airflow/.local/lib/python3.7/site-packages/airflow/example_dags/example_branch_python_dop_operator_3.py
[2022-12-06T05:59:56.055+0000] {processor.py:743} INFO - Processing file /home/airflow/.local/lib/python3.7/site-packages/airflow/example_dags/example_branch_python_dop_operator_3.py for tasks to queue
[2022-12-06T05:59:56.064+0000] {logging_mixin.py:137} INFO - [2022-12-06T05:59:56.064+0000] {dagbag.py:538} INFO - Filling up the DagBag from /home/airflow/.local/lib/python3.7/site-packages/airflow/example_dags/example_branch_python_dop_operator_3.py
[2022-12-06T05:59:56.147+0000] {processor.py:753} INFO - DAG(s) dict_keys(['example_branch_dop_operator_v3']) retrieved from /home/airflow/.local/lib/python3.7/site-packages/airflow/example_dags/example_branch_python_dop_operator_3.py
[2022-12-06T05:59:56.271+0000] {logging_mixin.py:137} INFO - [2022-12-06T05:59:56.271+0000] {dag.py:2676} INFO - Sync 1 DAGs
[2022-12-06T05:59:56.359+0000] {logging_mixin.py:137} INFO - [2022-12-06T05:59:56.359+0000] {dag.py:3427} INFO - Setting next_dagrun for example_branch_dop_operator_v3 to 2022-12-06T05:58:00+00:00, run_after=2022-12-06T05:59:00+00:00
[2022-12-06T05:59:56.409+0000] {processor.py:175} INFO - Processing /home/airflow/.local/lib/python3.7/site-packages/airflow/example_dags/example_branch_python_dop_operator_3.py took 0.362 seconds
[2022-12-06T06:00:44.462+0000] {processor.py:153} INFO - Started process (PID=1400) to work on /home/airflow/.local/lib/python3.7/site-packages/airflow/example_dags/example_branch_python_dop_operator_3.py
[2022-12-06T06:00:44.464+0000] {processor.py:743} INFO - Processing file /home/airflow/.local/lib/python3.7/site-packages/airflow/example_dags/example_branch_python_dop_operator_3.py for tasks to queue
[2022-12-06T06:00:44.467+0000] {logging_mixin.py:137} INFO - [2022-12-06T06:00:44.467+0000] {dagbag.py:538} INFO - Filling up the DagBag from /home/airflow/.local/lib/python3.7/site-packages/airflow/example_dags/example_branch_python_dop_operator_3.py
[2022-12-06T06:00:44.524+0000] {processor.py:753} INFO - DAG(s) dict_keys(['example_branch_dop_operator_v3']) retrieved from /home/airflow/.local/lib/python3.7/site-packages/airflow/example_dags/example_branch_python_dop_operator_3.py
[2022-12-06T06:00:44.620+0000] {logging_mixin.py:137} INFO - [2022-12-06T06:00:44.620+0000] {dag.py:2676} INFO - Sync 1 DAGs
[2022-12-06T06:00:44.670+0000] {logging_mixin.py:137} INFO - [2022-12-06T06:00:44.670+0000] {dag.py:3427} INFO - Setting next_dagrun for example_branch_dop_operator_v3 to 2022-12-06T05:59:00+00:00, run_after=2022-12-06T06:00:00+00:00
[2022-12-06T06:00:44.705+0000] {processor.py:175} INFO - Processing /home/airflow/.local/lib/python3.7/site-packages/airflow/example_dags/example_branch_python_dop_operator_3.py took 0.250 seconds
[2022-12-06T06:01:14.864+0000] {processor.py:153} INFO - Started process (PID=1469) to work on /home/airflow/.local/lib/python3.7/site-packages/airflow/example_dags/example_branch_python_dop_operator_3.py
[2022-12-06T06:01:14.866+0000] {processor.py:743} INFO - Processing file /home/airflow/.local/lib/python3.7/site-packages/airflow/example_dags/example_branch_python_dop_operator_3.py for tasks to queue
[2022-12-06T06:01:14.868+0000] {logging_mixin.py:137} INFO - [2022-12-06T06:01:14.868+0000] {dagbag.py:538} INFO - Filling up the DagBag from /home/airflow/.local/lib/python3.7/site-packages/airflow/example_dags/example_branch_python_dop_operator_3.py
[2022-12-06T06:01:14.913+0000] {processor.py:753} INFO - DAG(s) dict_keys(['example_branch_dop_operator_v3']) retrieved from /home/airflow/.local/lib/python3.7/site-packages/airflow/example_dags/example_branch_python_dop_operator_3.py
[2022-12-06T06:01:14.969+0000] {logging_mixin.py:137} INFO - [2022-12-06T06:01:14.968+0000] {dag.py:2676} INFO - Sync 1 DAGs
[2022-12-06T06:01:15.011+0000] {logging_mixin.py:137} INFO - [2022-12-06T06:01:15.011+0000] {dag.py:3427} INFO - Setting next_dagrun for example_branch_dop_operator_v3 to 2022-12-06T06:00:00+00:00, run_after=2022-12-06T06:01:00+00:00
[2022-12-06T06:01:15.060+0000] {processor.py:175} INFO - Processing /home/airflow/.local/lib/python3.7/site-packages/airflow/example_dags/example_branch_python_dop_operator_3.py took 0.202 seconds
[2022-12-06T06:01:46.651+0000] {processor.py:153} INFO - Started process (PID=1546) to work on /home/airflow/.local/lib/python3.7/site-packages/airflow/example_dags/example_branch_python_dop_operator_3.py
[2022-12-06T06:01:46.653+0000] {processor.py:743} INFO - Processing file /home/airflow/.local/lib/python3.7/site-packages/airflow/example_dags/example_branch_python_dop_operator_3.py for tasks to queue
[2022-12-06T06:01:46.655+0000] {logging_mixin.py:137} INFO - [2022-12-06T06:01:46.655+0000] {dagbag.py:538} INFO - Filling up the DagBag from /home/airflow/.local/lib/python3.7/site-packages/airflow/example_dags/example_branch_python_dop_operator_3.py
[2022-12-06T06:01:46.691+0000] {processor.py:753} INFO - DAG(s) dict_keys(['example_branch_dop_operator_v3']) retrieved from /home/airflow/.local/lib/python3.7/site-packages/airflow/example_dags/example_branch_python_dop_operator_3.py
[2022-12-06T06:01:46.746+0000] {logging_mixin.py:137} INFO - [2022-12-06T06:01:46.746+0000] {dag.py:2676} INFO - Sync 1 DAGs
[2022-12-06T06:01:46.792+0000] {logging_mixin.py:137} INFO - [2022-12-06T06:01:46.792+0000] {dag.py:3427} INFO - Setting next_dagrun for example_branch_dop_operator_v3 to 2022-12-06T06:00:00+00:00, run_after=2022-12-06T06:01:00+00:00
[2022-12-06T06:01:46.824+0000] {processor.py:175} INFO - Processing /home/airflow/.local/lib/python3.7/site-packages/airflow/example_dags/example_branch_python_dop_operator_3.py took 0.179 seconds
[2022-12-06T06:02:22.713+0000] {processor.py:153} INFO - Started process (PID=1618) to work on /home/airflow/.local/lib/python3.7/site-packages/airflow/example_dags/example_branch_python_dop_operator_3.py
[2022-12-06T06:02:22.719+0000] {processor.py:743} INFO - Processing file /home/airflow/.local/lib/python3.7/site-packages/airflow/example_dags/example_branch_python_dop_operator_3.py for tasks to queue
[2022-12-06T06:02:22.722+0000] {logging_mixin.py:137} INFO - [2022-12-06T06:02:22.722+0000] {dagbag.py:538} INFO - Filling up the DagBag from /home/airflow/.local/lib/python3.7/site-packages/airflow/example_dags/example_branch_python_dop_operator_3.py
[2022-12-06T06:02:22.771+0000] {processor.py:753} INFO - DAG(s) dict_keys(['example_branch_dop_operator_v3']) retrieved from /home/airflow/.local/lib/python3.7/site-packages/airflow/example_dags/example_branch_python_dop_operator_3.py
[2022-12-06T06:02:22.842+0000] {logging_mixin.py:137} INFO - [2022-12-06T06:02:22.842+0000] {dag.py:2676} INFO - Sync 1 DAGs
[2022-12-06T06:02:22.901+0000] {logging_mixin.py:137} INFO - [2022-12-06T06:02:22.901+0000] {dag.py:3427} INFO - Setting next_dagrun for example_branch_dop_operator_v3 to 2022-12-06T06:01:00+00:00, run_after=2022-12-06T06:02:00+00:00
[2022-12-06T06:02:22.933+0000] {processor.py:175} INFO - Processing /home/airflow/.local/lib/python3.7/site-packages/airflow/example_dags/example_branch_python_dop_operator_3.py took 0.227 seconds
[2022-12-06T06:03:07.103+0000] {processor.py:153} INFO - Started process (PID=1688) to work on /home/airflow/.local/lib/python3.7/site-packages/airflow/example_dags/example_branch_python_dop_operator_3.py
[2022-12-06T06:03:07.108+0000] {processor.py:743} INFO - Processing file /home/airflow/.local/lib/python3.7/site-packages/airflow/example_dags/example_branch_python_dop_operator_3.py for tasks to queue
[2022-12-06T06:03:07.112+0000] {logging_mixin.py:137} INFO - [2022-12-06T06:03:07.112+0000] {dagbag.py:538} INFO - Filling up the DagBag from /home/airflow/.local/lib/python3.7/site-packages/airflow/example_dags/example_branch_python_dop_operator_3.py
[2022-12-06T06:03:07.202+0000] {processor.py:753} INFO - DAG(s) dict_keys(['example_branch_dop_operator_v3']) retrieved from /home/airflow/.local/lib/python3.7/site-packages/airflow/example_dags/example_branch_python_dop_operator_3.py
[2022-12-06T06:03:07.308+0000] {logging_mixin.py:137} INFO - [2022-12-06T06:03:07.308+0000] {dag.py:2676} INFO - Sync 1 DAGs
[2022-12-06T06:03:07.415+0000] {logging_mixin.py:137} INFO - [2022-12-06T06:03:07.415+0000] {dag.py:3427} INFO - Setting next_dagrun for example_branch_dop_operator_v3 to 2022-12-06T06:02:00+00:00, run_after=2022-12-06T06:03:00+00:00
[2022-12-06T06:03:07.495+0000] {processor.py:175} INFO - Processing /home/airflow/.local/lib/python3.7/site-packages/airflow/example_dags/example_branch_python_dop_operator_3.py took 0.402 seconds
[2022-12-06T06:04:01.629+0000] {processor.py:153} INFO - Started process (PID=1778) to work on /home/airflow/.local/lib/python3.7/site-packages/airflow/example_dags/example_branch_python_dop_operator_3.py
[2022-12-06T06:04:01.633+0000] {processor.py:743} INFO - Processing file /home/airflow/.local/lib/python3.7/site-packages/airflow/example_dags/example_branch_python_dop_operator_3.py for tasks to queue
[2022-12-06T06:04:01.638+0000] {logging_mixin.py:137} INFO - [2022-12-06T06:04:01.638+0000] {dagbag.py:538} INFO - Filling up the DagBag from /home/airflow/.local/lib/python3.7/site-packages/airflow/example_dags/example_branch_python_dop_operator_3.py
[2022-12-06T06:04:01.730+0000] {processor.py:753} INFO - DAG(s) dict_keys(['example_branch_dop_operator_v3']) retrieved from /home/airflow/.local/lib/python3.7/site-packages/airflow/example_dags/example_branch_python_dop_operator_3.py
[2022-12-06T06:04:01.884+0000] {logging_mixin.py:137} INFO - [2022-12-06T06:04:01.883+0000] {dag.py:2676} INFO - Sync 1 DAGs
[2022-12-06T06:04:01.976+0000] {logging_mixin.py:137} INFO - [2022-12-06T06:04:01.975+0000] {dag.py:3427} INFO - Setting next_dagrun for example_branch_dop_operator_v3 to 2022-12-06T06:03:00+00:00, run_after=2022-12-06T06:04:00+00:00
[2022-12-06T06:04:02.058+0000] {processor.py:175} INFO - Processing /home/airflow/.local/lib/python3.7/site-packages/airflow/example_dags/example_branch_python_dop_operator_3.py took 0.439 seconds
[2022-12-06T06:04:37.175+0000] {processor.py:153} INFO - Started process (PID=1851) to work on /home/airflow/.local/lib/python3.7/site-packages/airflow/example_dags/example_branch_python_dop_operator_3.py
[2022-12-06T06:04:37.177+0000] {processor.py:743} INFO - Processing file /home/airflow/.local/lib/python3.7/site-packages/airflow/example_dags/example_branch_python_dop_operator_3.py for tasks to queue
[2022-12-06T06:04:37.179+0000] {logging_mixin.py:137} INFO - [2022-12-06T06:04:37.179+0000] {dagbag.py:538} INFO - Filling up the DagBag from /home/airflow/.local/lib/python3.7/site-packages/airflow/example_dags/example_branch_python_dop_operator_3.py
[2022-12-06T06:04:37.225+0000] {processor.py:753} INFO - DAG(s) dict_keys(['example_branch_dop_operator_v3']) retrieved from /home/airflow/.local/lib/python3.7/site-packages/airflow/example_dags/example_branch_python_dop_operator_3.py
[2022-12-06T06:04:37.279+0000] {logging_mixin.py:137} INFO - [2022-12-06T06:04:37.279+0000] {dag.py:2676} INFO - Sync 1 DAGs
[2022-12-06T06:04:37.334+0000] {logging_mixin.py:137} INFO - [2022-12-06T06:04:37.333+0000] {dag.py:3427} INFO - Setting next_dagrun for example_branch_dop_operator_v3 to 2022-12-06T06:03:00+00:00, run_after=2022-12-06T06:04:00+00:00
[2022-12-06T06:04:37.362+0000] {processor.py:175} INFO - Processing /home/airflow/.local/lib/python3.7/site-packages/airflow/example_dags/example_branch_python_dop_operator_3.py took 0.193 seconds
[2022-12-06T06:05:17.451+0000] {processor.py:153} INFO - Started process (PID=1920) to work on /home/airflow/.local/lib/python3.7/site-packages/airflow/example_dags/example_branch_python_dop_operator_3.py
[2022-12-06T06:05:17.455+0000] {processor.py:743} INFO - Processing file /home/airflow/.local/lib/python3.7/site-packages/airflow/example_dags/example_branch_python_dop_operator_3.py for tasks to queue
[2022-12-06T06:05:17.457+0000] {logging_mixin.py:137} INFO - [2022-12-06T06:05:17.457+0000] {dagbag.py:538} INFO - Filling up the DagBag from /home/airflow/.local/lib/python3.7/site-packages/airflow/example_dags/example_branch_python_dop_operator_3.py
[2022-12-06T06:05:17.532+0000] {processor.py:753} INFO - DAG(s) dict_keys(['example_branch_dop_operator_v3']) retrieved from /home/airflow/.local/lib/python3.7/site-packages/airflow/example_dags/example_branch_python_dop_operator_3.py
[2022-12-06T06:05:17.616+0000] {logging_mixin.py:137} INFO - [2022-12-06T06:05:17.616+0000] {dag.py:2676} INFO - Sync 1 DAGs
[2022-12-06T06:05:17.692+0000] {logging_mixin.py:137} INFO - [2022-12-06T06:05:17.691+0000] {dag.py:3427} INFO - Setting next_dagrun for example_branch_dop_operator_v3 to 2022-12-06T06:04:00+00:00, run_after=2022-12-06T06:05:00+00:00
[2022-12-06T06:05:17.741+0000] {processor.py:175} INFO - Processing /home/airflow/.local/lib/python3.7/site-packages/airflow/example_dags/example_branch_python_dop_operator_3.py took 0.298 seconds
[2022-12-06T06:05:48.316+0000] {processor.py:153} INFO - Started process (PID=1988) to work on /home/airflow/.local/lib/python3.7/site-packages/airflow/example_dags/example_branch_python_dop_operator_3.py
[2022-12-06T06:05:48.319+0000] {processor.py:743} INFO - Processing file /home/airflow/.local/lib/python3.7/site-packages/airflow/example_dags/example_branch_python_dop_operator_3.py for tasks to queue
[2022-12-06T06:05:48.321+0000] {logging_mixin.py:137} INFO - [2022-12-06T06:05:48.321+0000] {dagbag.py:538} INFO - Filling up the DagBag from /home/airflow/.local/lib/python3.7/site-packages/airflow/example_dags/example_branch_python_dop_operator_3.py
[2022-12-06T06:05:48.368+0000] {processor.py:753} INFO - DAG(s) dict_keys(['example_branch_dop_operator_v3']) retrieved from /home/airflow/.local/lib/python3.7/site-packages/airflow/example_dags/example_branch_python_dop_operator_3.py
[2022-12-06T06:05:48.441+0000] {logging_mixin.py:137} INFO - [2022-12-06T06:05:48.441+0000] {dag.py:2676} INFO - Sync 1 DAGs
[2022-12-06T06:05:48.483+0000] {logging_mixin.py:137} INFO - [2022-12-06T06:05:48.482+0000] {dag.py:3427} INFO - Setting next_dagrun for example_branch_dop_operator_v3 to 2022-12-06T06:04:00+00:00, run_after=2022-12-06T06:05:00+00:00
[2022-12-06T06:05:48.520+0000] {processor.py:175} INFO - Processing /home/airflow/.local/lib/python3.7/site-packages/airflow/example_dags/example_branch_python_dop_operator_3.py took 0.209 seconds
[2022-12-06T06:06:24.827+0000] {processor.py:153} INFO - Started process (PID=2055) to work on /home/airflow/.local/lib/python3.7/site-packages/airflow/example_dags/example_branch_python_dop_operator_3.py
[2022-12-06T06:06:24.830+0000] {processor.py:743} INFO - Processing file /home/airflow/.local/lib/python3.7/site-packages/airflow/example_dags/example_branch_python_dop_operator_3.py for tasks to queue
[2022-12-06T06:06:24.835+0000] {logging_mixin.py:137} INFO - [2022-12-06T06:06:24.834+0000] {dagbag.py:538} INFO - Filling up the DagBag from /home/airflow/.local/lib/python3.7/site-packages/airflow/example_dags/example_branch_python_dop_operator_3.py
[2022-12-06T06:06:24.901+0000] {processor.py:753} INFO - DAG(s) dict_keys(['example_branch_dop_operator_v3']) retrieved from /home/airflow/.local/lib/python3.7/site-packages/airflow/example_dags/example_branch_python_dop_operator_3.py
[2022-12-06T06:06:25.078+0000] {logging_mixin.py:137} INFO - [2022-12-06T06:06:25.078+0000] {dag.py:2676} INFO - Sync 1 DAGs
[2022-12-06T06:06:25.180+0000] {logging_mixin.py:137} INFO - [2022-12-06T06:06:25.179+0000] {dag.py:3427} INFO - Setting next_dagrun for example_branch_dop_operator_v3 to 2022-12-06T06:05:00+00:00, run_after=2022-12-06T06:06:00+00:00
[2022-12-06T06:06:25.239+0000] {processor.py:175} INFO - Processing /home/airflow/.local/lib/python3.7/site-packages/airflow/example_dags/example_branch_python_dop_operator_3.py took 0.423 seconds
[2022-12-06T06:07:03.991+0000] {processor.py:153} INFO - Started process (PID=2132) to work on /home/airflow/.local/lib/python3.7/site-packages/airflow/example_dags/example_branch_python_dop_operator_3.py
[2022-12-06T06:07:03.993+0000] {processor.py:743} INFO - Processing file /home/airflow/.local/lib/python3.7/site-packages/airflow/example_dags/example_branch_python_dop_operator_3.py for tasks to queue
[2022-12-06T06:07:03.995+0000] {logging_mixin.py:137} INFO - [2022-12-06T06:07:03.995+0000] {dagbag.py:538} INFO - Filling up the DagBag from /home/airflow/.local/lib/python3.7/site-packages/airflow/example_dags/example_branch_python_dop_operator_3.py
[2022-12-06T06:07:04.050+0000] {processor.py:753} INFO - DAG(s) dict_keys(['example_branch_dop_operator_v3']) retrieved from /home/airflow/.local/lib/python3.7/site-packages/airflow/example_dags/example_branch_python_dop_operator_3.py
[2022-12-06T06:07:04.197+0000] {logging_mixin.py:137} INFO - [2022-12-06T06:07:04.197+0000] {dag.py:2676} INFO - Sync 1 DAGs
[2022-12-06T06:07:04.253+0000] {logging_mixin.py:137} INFO - [2022-12-06T06:07:04.253+0000] {dag.py:3427} INFO - Setting next_dagrun for example_branch_dop_operator_v3 to 2022-12-06T06:06:00+00:00, run_after=2022-12-06T06:07:00+00:00
[2022-12-06T06:07:04.355+0000] {processor.py:175} INFO - Processing /home/airflow/.local/lib/python3.7/site-packages/airflow/example_dags/example_branch_python_dop_operator_3.py took 0.369 seconds
[2022-12-06T06:07:44.750+0000] {processor.py:153} INFO - Started process (PID=2190) to work on /home/airflow/.local/lib/python3.7/site-packages/airflow/example_dags/example_branch_python_dop_operator_3.py
[2022-12-06T06:07:44.752+0000] {processor.py:743} INFO - Processing file /home/airflow/.local/lib/python3.7/site-packages/airflow/example_dags/example_branch_python_dop_operator_3.py for tasks to queue
[2022-12-06T06:07:44.754+0000] {logging_mixin.py:137} INFO - [2022-12-06T06:07:44.754+0000] {dagbag.py:538} INFO - Filling up the DagBag from /home/airflow/.local/lib/python3.7/site-packages/airflow/example_dags/example_branch_python_dop_operator_3.py
[2022-12-06T06:07:44.793+0000] {processor.py:753} INFO - DAG(s) dict_keys(['example_branch_dop_operator_v3']) retrieved from /home/airflow/.local/lib/python3.7/site-packages/airflow/example_dags/example_branch_python_dop_operator_3.py
[2022-12-06T06:07:44.847+0000] {logging_mixin.py:137} INFO - [2022-12-06T06:07:44.847+0000] {dag.py:2676} INFO - Sync 1 DAGs
[2022-12-06T06:07:44.888+0000] {logging_mixin.py:137} INFO - [2022-12-06T06:07:44.888+0000] {dag.py:3427} INFO - Setting next_dagrun for example_branch_dop_operator_v3 to 2022-12-06T06:06:00+00:00, run_after=2022-12-06T06:07:00+00:00
[2022-12-06T06:07:44.915+0000] {processor.py:175} INFO - Processing /home/airflow/.local/lib/python3.7/site-packages/airflow/example_dags/example_branch_python_dop_operator_3.py took 0.170 seconds
[2022-12-06T06:08:43.287+0000] {processor.py:153} INFO - Started process (PID=2272) to work on /home/airflow/.local/lib/python3.7/site-packages/airflow/example_dags/example_branch_python_dop_operator_3.py
[2022-12-06T06:08:43.290+0000] {processor.py:743} INFO - Processing file /home/airflow/.local/lib/python3.7/site-packages/airflow/example_dags/example_branch_python_dop_operator_3.py for tasks to queue
[2022-12-06T06:08:43.292+0000] {logging_mixin.py:137} INFO - [2022-12-06T06:08:43.292+0000] {dagbag.py:538} INFO - Filling up the DagBag from /home/airflow/.local/lib/python3.7/site-packages/airflow/example_dags/example_branch_python_dop_operator_3.py
[2022-12-06T06:08:43.339+0000] {processor.py:753} INFO - DAG(s) dict_keys(['example_branch_dop_operator_v3']) retrieved from /home/airflow/.local/lib/python3.7/site-packages/airflow/example_dags/example_branch_python_dop_operator_3.py
[2022-12-06T06:08:43.416+0000] {logging_mixin.py:137} INFO - [2022-12-06T06:08:43.416+0000] {dag.py:2676} INFO - Sync 1 DAGs
[2022-12-06T06:08:43.490+0000] {logging_mixin.py:137} INFO - [2022-12-06T06:08:43.490+0000] {dag.py:3427} INFO - Setting next_dagrun for example_branch_dop_operator_v3 to 2022-12-06T06:07:00+00:00, run_after=2022-12-06T06:08:00+00:00
[2022-12-06T06:08:43.538+0000] {processor.py:175} INFO - Processing /home/airflow/.local/lib/python3.7/site-packages/airflow/example_dags/example_branch_python_dop_operator_3.py took 0.256 seconds
[2022-12-06T06:09:13.662+0000] {processor.py:153} INFO - Started process (PID=2339) to work on /home/airflow/.local/lib/python3.7/site-packages/airflow/example_dags/example_branch_python_dop_operator_3.py
[2022-12-06T06:09:13.664+0000] {processor.py:743} INFO - Processing file /home/airflow/.local/lib/python3.7/site-packages/airflow/example_dags/example_branch_python_dop_operator_3.py for tasks to queue
[2022-12-06T06:09:13.666+0000] {logging_mixin.py:137} INFO - [2022-12-06T06:09:13.666+0000] {dagbag.py:538} INFO - Filling up the DagBag from /home/airflow/.local/lib/python3.7/site-packages/airflow/example_dags/example_branch_python_dop_operator_3.py
[2022-12-06T06:09:13.704+0000] {processor.py:753} INFO - DAG(s) dict_keys(['example_branch_dop_operator_v3']) retrieved from /home/airflow/.local/lib/python3.7/site-packages/airflow/example_dags/example_branch_python_dop_operator_3.py
[2022-12-06T06:09:13.760+0000] {logging_mixin.py:137} INFO - [2022-12-06T06:09:13.760+0000] {dag.py:2676} INFO - Sync 1 DAGs
[2022-12-06T06:09:13.796+0000] {logging_mixin.py:137} INFO - [2022-12-06T06:09:13.796+0000] {dag.py:3427} INFO - Setting next_dagrun for example_branch_dop_operator_v3 to 2022-12-06T06:08:00+00:00, run_after=2022-12-06T06:09:00+00:00
[2022-12-06T06:09:13.823+0000] {processor.py:175} INFO - Processing /home/airflow/.local/lib/python3.7/site-packages/airflow/example_dags/example_branch_python_dop_operator_3.py took 0.166 seconds
[2022-12-06T06:09:47.927+0000] {processor.py:153} INFO - Started process (PID=2406) to work on /home/airflow/.local/lib/python3.7/site-packages/airflow/example_dags/example_branch_python_dop_operator_3.py
[2022-12-06T06:09:47.929+0000] {processor.py:743} INFO - Processing file /home/airflow/.local/lib/python3.7/site-packages/airflow/example_dags/example_branch_python_dop_operator_3.py for tasks to queue
[2022-12-06T06:09:47.932+0000] {logging_mixin.py:137} INFO - [2022-12-06T06:09:47.931+0000] {dagbag.py:538} INFO - Filling up the DagBag from /home/airflow/.local/lib/python3.7/site-packages/airflow/example_dags/example_branch_python_dop_operator_3.py
[2022-12-06T06:09:47.974+0000] {processor.py:753} INFO - DAG(s) dict_keys(['example_branch_dop_operator_v3']) retrieved from /home/airflow/.local/lib/python3.7/site-packages/airflow/example_dags/example_branch_python_dop_operator_3.py
[2022-12-06T06:09:48.043+0000] {logging_mixin.py:137} INFO - [2022-12-06T06:09:48.043+0000] {dag.py:2676} INFO - Sync 1 DAGs
[2022-12-06T06:09:48.102+0000] {logging_mixin.py:137} INFO - [2022-12-06T06:09:48.102+0000] {dag.py:3427} INFO - Setting next_dagrun for example_branch_dop_operator_v3 to 2022-12-06T06:08:00+00:00, run_after=2022-12-06T06:09:00+00:00
[2022-12-06T06:09:48.165+0000] {processor.py:175} INFO - Processing /home/airflow/.local/lib/python3.7/site-packages/airflow/example_dags/example_branch_python_dop_operator_3.py took 0.244 seconds
[2022-12-06T06:10:36.202+0000] {processor.py:153} INFO - Started process (PID=2490) to work on /home/airflow/.local/lib/python3.7/site-packages/airflow/example_dags/example_branch_python_dop_operator_3.py
[2022-12-06T06:10:36.209+0000] {processor.py:743} INFO - Processing file /home/airflow/.local/lib/python3.7/site-packages/airflow/example_dags/example_branch_python_dop_operator_3.py for tasks to queue
[2022-12-06T06:10:36.218+0000] {logging_mixin.py:137} INFO - [2022-12-06T06:10:36.217+0000] {dagbag.py:538} INFO - Filling up the DagBag from /home/airflow/.local/lib/python3.7/site-packages/airflow/example_dags/example_branch_python_dop_operator_3.py
[2022-12-06T06:10:36.456+0000] {processor.py:753} INFO - DAG(s) dict_keys(['example_branch_dop_operator_v3']) retrieved from /home/airflow/.local/lib/python3.7/site-packages/airflow/example_dags/example_branch_python_dop_operator_3.py
[2022-12-06T06:10:36.605+0000] {logging_mixin.py:137} INFO - [2022-12-06T06:10:36.605+0000] {dag.py:2676} INFO - Sync 1 DAGs
[2022-12-06T06:10:36.676+0000] {logging_mixin.py:137} INFO - [2022-12-06T06:10:36.676+0000] {dag.py:3427} INFO - Setting next_dagrun for example_branch_dop_operator_v3 to 2022-12-06T06:09:00+00:00, run_after=2022-12-06T06:10:00+00:00
[2022-12-06T06:10:36.748+0000] {processor.py:175} INFO - Processing /home/airflow/.local/lib/python3.7/site-packages/airflow/example_dags/example_branch_python_dop_operator_3.py took 0.575 seconds
[2022-12-06T06:11:16.793+0000] {processor.py:153} INFO - Started process (PID=2558) to work on /home/airflow/.local/lib/python3.7/site-packages/airflow/example_dags/example_branch_python_dop_operator_3.py
[2022-12-06T06:11:16.796+0000] {processor.py:743} INFO - Processing file /home/airflow/.local/lib/python3.7/site-packages/airflow/example_dags/example_branch_python_dop_operator_3.py for tasks to queue
[2022-12-06T06:11:16.808+0000] {logging_mixin.py:137} INFO - [2022-12-06T06:11:16.807+0000] {dagbag.py:538} INFO - Filling up the DagBag from /home/airflow/.local/lib/python3.7/site-packages/airflow/example_dags/example_branch_python_dop_operator_3.py
[2022-12-06T06:11:16.858+0000] {processor.py:753} INFO - DAG(s) dict_keys(['example_branch_dop_operator_v3']) retrieved from /home/airflow/.local/lib/python3.7/site-packages/airflow/example_dags/example_branch_python_dop_operator_3.py
[2022-12-06T06:11:16.941+0000] {logging_mixin.py:137} INFO - [2022-12-06T06:11:16.941+0000] {dag.py:2676} INFO - Sync 1 DAGs
[2022-12-06T06:11:17.009+0000] {logging_mixin.py:137} INFO - [2022-12-06T06:11:17.008+0000] {dag.py:3427} INFO - Setting next_dagrun for example_branch_dop_operator_v3 to 2022-12-06T06:10:00+00:00, run_after=2022-12-06T06:11:00+00:00
[2022-12-06T06:11:17.049+0000] {processor.py:175} INFO - Processing /home/airflow/.local/lib/python3.7/site-packages/airflow/example_dags/example_branch_python_dop_operator_3.py took 0.276 seconds
[2022-12-06T06:11:49.988+0000] {processor.py:153} INFO - Started process (PID=2627) to work on /home/airflow/.local/lib/python3.7/site-packages/airflow/example_dags/example_branch_python_dop_operator_3.py
[2022-12-06T06:11:49.996+0000] {processor.py:743} INFO - Processing file /home/airflow/.local/lib/python3.7/site-packages/airflow/example_dags/example_branch_python_dop_operator_3.py for tasks to queue
[2022-12-06T06:11:50.010+0000] {logging_mixin.py:137} INFO - [2022-12-06T06:11:50.009+0000] {dagbag.py:538} INFO - Filling up the DagBag from /home/airflow/.local/lib/python3.7/site-packages/airflow/example_dags/example_branch_python_dop_operator_3.py
[2022-12-06T06:11:50.084+0000] {processor.py:753} INFO - DAG(s) dict_keys(['example_branch_dop_operator_v3']) retrieved from /home/airflow/.local/lib/python3.7/site-packages/airflow/example_dags/example_branch_python_dop_operator_3.py
[2022-12-06T06:11:50.169+0000] {logging_mixin.py:137} INFO - [2022-12-06T06:11:50.169+0000] {dag.py:2676} INFO - Sync 1 DAGs
[2022-12-06T06:11:50.224+0000] {logging_mixin.py:137} INFO - [2022-12-06T06:11:50.224+0000] {dag.py:3427} INFO - Setting next_dagrun for example_branch_dop_operator_v3 to 2022-12-06T06:10:00+00:00, run_after=2022-12-06T06:11:00+00:00
[2022-12-06T06:11:50.257+0000] {processor.py:175} INFO - Processing /home/airflow/.local/lib/python3.7/site-packages/airflow/example_dags/example_branch_python_dop_operator_3.py took 0.280 seconds
[2022-12-06T06:12:32.307+0000] {processor.py:153} INFO - Started process (PID=2696) to work on /home/airflow/.local/lib/python3.7/site-packages/airflow/example_dags/example_branch_python_dop_operator_3.py
[2022-12-06T06:12:32.310+0000] {processor.py:743} INFO - Processing file /home/airflow/.local/lib/python3.7/site-packages/airflow/example_dags/example_branch_python_dop_operator_3.py for tasks to queue
[2022-12-06T06:12:32.316+0000] {logging_mixin.py:137} INFO - [2022-12-06T06:12:32.316+0000] {dagbag.py:538} INFO - Filling up the DagBag from /home/airflow/.local/lib/python3.7/site-packages/airflow/example_dags/example_branch_python_dop_operator_3.py
[2022-12-06T06:12:32.371+0000] {processor.py:753} INFO - DAG(s) dict_keys(['example_branch_dop_operator_v3']) retrieved from /home/airflow/.local/lib/python3.7/site-packages/airflow/example_dags/example_branch_python_dop_operator_3.py
[2022-12-06T06:12:32.521+0000] {logging_mixin.py:137} INFO - [2022-12-06T06:12:32.521+0000] {dag.py:2676} INFO - Sync 1 DAGs
[2022-12-06T06:12:32.582+0000] {logging_mixin.py:137} INFO - [2022-12-06T06:12:32.582+0000] {dag.py:3427} INFO - Setting next_dagrun for example_branch_dop_operator_v3 to 2022-12-06T06:11:00+00:00, run_after=2022-12-06T06:12:00+00:00
[2022-12-06T06:12:32.639+0000] {processor.py:175} INFO - Processing /home/airflow/.local/lib/python3.7/site-packages/airflow/example_dags/example_branch_python_dop_operator_3.py took 0.337 seconds
