[2022-12-06T05:24:29.392+0000] {processor.py:153} INFO - Started process (PID=55) to work on /home/airflow/.local/lib/python3.7/site-packages/airflow/example_dags/example_nested_branch_dag.py
[2022-12-06T05:24:29.395+0000] {processor.py:743} INFO - Processing file /home/airflow/.local/lib/python3.7/site-packages/airflow/example_dags/example_nested_branch_dag.py for tasks to queue
[2022-12-06T05:24:29.397+0000] {logging_mixin.py:137} INFO - [2022-12-06T05:24:29.397+0000] {dagbag.py:538} INFO - Filling up the DagBag from /home/airflow/.local/lib/python3.7/site-packages/airflow/example_dags/example_nested_branch_dag.py
[2022-12-06T05:24:29.489+0000] {processor.py:753} INFO - DAG(s) dict_keys(['example_nested_branch_dag']) retrieved from /home/airflow/.local/lib/python3.7/site-packages/airflow/example_dags/example_nested_branch_dag.py
[2022-12-06T05:24:29.554+0000] {logging_mixin.py:137} INFO - [2022-12-06T05:24:29.554+0000] {dag.py:2676} INFO - Sync 1 DAGs
[2022-12-06T05:24:29.597+0000] {logging_mixin.py:137} INFO - [2022-12-06T05:24:29.596+0000] {dag.py:3427} INFO - Setting next_dagrun for example_nested_branch_dag to 2022-12-05T00:00:00+00:00, run_after=2022-12-06T00:00:00+00:00
[2022-12-06T05:24:29.628+0000] {processor.py:175} INFO - Processing /home/airflow/.local/lib/python3.7/site-packages/airflow/example_dags/example_nested_branch_dag.py took 0.242 seconds
[2022-12-06T05:26:08.528+0000] {processor.py:153} INFO - Started process (PID=153) to work on /home/airflow/.local/lib/python3.7/site-packages/airflow/example_dags/example_nested_branch_dag.py
[2022-12-06T05:26:08.542+0000] {processor.py:743} INFO - Processing file /home/airflow/.local/lib/python3.7/site-packages/airflow/example_dags/example_nested_branch_dag.py for tasks to queue
[2022-12-06T05:26:08.557+0000] {logging_mixin.py:137} INFO - [2022-12-06T05:26:08.557+0000] {dagbag.py:538} INFO - Filling up the DagBag from /home/airflow/.local/lib/python3.7/site-packages/airflow/example_dags/example_nested_branch_dag.py
[2022-12-06T05:26:08.569+0000] {processor.py:753} INFO - DAG(s) dict_keys(['example_nested_branch_dag']) retrieved from /home/airflow/.local/lib/python3.7/site-packages/airflow/example_dags/example_nested_branch_dag.py
[2022-12-06T05:26:08.729+0000] {logging_mixin.py:137} INFO - [2022-12-06T05:26:08.728+0000] {dag.py:2676} INFO - Sync 1 DAGs
[2022-12-06T05:26:08.807+0000] {logging_mixin.py:137} INFO - [2022-12-06T05:26:08.807+0000] {dag.py:3427} INFO - Setting next_dagrun for example_nested_branch_dag to 2022-12-05T00:00:00+00:00, run_after=2022-12-06T00:00:00+00:00
[2022-12-06T05:26:08.847+0000] {processor.py:175} INFO - Processing /home/airflow/.local/lib/python3.7/site-packages/airflow/example_dags/example_nested_branch_dag.py took 0.707 seconds
[2022-12-06T05:27:05.147+0000] {processor.py:153} INFO - Started process (PID=246) to work on /home/airflow/.local/lib/python3.7/site-packages/airflow/example_dags/example_nested_branch_dag.py
[2022-12-06T05:27:05.153+0000] {processor.py:743} INFO - Processing file /home/airflow/.local/lib/python3.7/site-packages/airflow/example_dags/example_nested_branch_dag.py for tasks to queue
[2022-12-06T05:27:05.156+0000] {logging_mixin.py:137} INFO - [2022-12-06T05:27:05.155+0000] {dagbag.py:538} INFO - Filling up the DagBag from /home/airflow/.local/lib/python3.7/site-packages/airflow/example_dags/example_nested_branch_dag.py
[2022-12-06T05:27:05.213+0000] {processor.py:753} INFO - DAG(s) dict_keys(['example_nested_branch_dag']) retrieved from /home/airflow/.local/lib/python3.7/site-packages/airflow/example_dags/example_nested_branch_dag.py
[2022-12-06T05:27:05.321+0000] {logging_mixin.py:137} INFO - [2022-12-06T05:27:05.318+0000] {dag.py:2676} INFO - Sync 1 DAGs
[2022-12-06T05:27:05.432+0000] {logging_mixin.py:137} INFO - [2022-12-06T05:27:05.432+0000] {dag.py:3427} INFO - Setting next_dagrun for example_nested_branch_dag to 2022-12-05T00:00:00+00:00, run_after=2022-12-06T00:00:00+00:00
[2022-12-06T05:27:05.491+0000] {processor.py:175} INFO - Processing /home/airflow/.local/lib/python3.7/site-packages/airflow/example_dags/example_nested_branch_dag.py took 0.356 seconds
[2022-12-06T05:27:35.609+0000] {processor.py:153} INFO - Started process (PID=311) to work on /home/airflow/.local/lib/python3.7/site-packages/airflow/example_dags/example_nested_branch_dag.py
[2022-12-06T05:27:35.613+0000] {processor.py:743} INFO - Processing file /home/airflow/.local/lib/python3.7/site-packages/airflow/example_dags/example_nested_branch_dag.py for tasks to queue
[2022-12-06T05:27:35.616+0000] {logging_mixin.py:137} INFO - [2022-12-06T05:27:35.616+0000] {dagbag.py:538} INFO - Filling up the DagBag from /home/airflow/.local/lib/python3.7/site-packages/airflow/example_dags/example_nested_branch_dag.py
[2022-12-06T05:27:35.682+0000] {processor.py:753} INFO - DAG(s) dict_keys(['example_nested_branch_dag']) retrieved from /home/airflow/.local/lib/python3.7/site-packages/airflow/example_dags/example_nested_branch_dag.py
[2022-12-06T05:27:35.773+0000] {logging_mixin.py:137} INFO - [2022-12-06T05:27:35.773+0000] {dag.py:2676} INFO - Sync 1 DAGs
[2022-12-06T05:27:35.818+0000] {logging_mixin.py:137} INFO - [2022-12-06T05:27:35.818+0000] {dag.py:3427} INFO - Setting next_dagrun for example_nested_branch_dag to 2022-12-05T00:00:00+00:00, run_after=2022-12-06T00:00:00+00:00
[2022-12-06T05:27:35.891+0000] {processor.py:175} INFO - Processing /home/airflow/.local/lib/python3.7/site-packages/airflow/example_dags/example_nested_branch_dag.py took 0.289 seconds
[2022-12-06T05:28:06.008+0000] {processor.py:153} INFO - Started process (PID=378) to work on /home/airflow/.local/lib/python3.7/site-packages/airflow/example_dags/example_nested_branch_dag.py
[2022-12-06T05:28:06.012+0000] {processor.py:743} INFO - Processing file /home/airflow/.local/lib/python3.7/site-packages/airflow/example_dags/example_nested_branch_dag.py for tasks to queue
[2022-12-06T05:28:06.015+0000] {logging_mixin.py:137} INFO - [2022-12-06T05:28:06.014+0000] {dagbag.py:538} INFO - Filling up the DagBag from /home/airflow/.local/lib/python3.7/site-packages/airflow/example_dags/example_nested_branch_dag.py
[2022-12-06T05:28:06.087+0000] {processor.py:753} INFO - DAG(s) dict_keys(['example_nested_branch_dag']) retrieved from /home/airflow/.local/lib/python3.7/site-packages/airflow/example_dags/example_nested_branch_dag.py
[2022-12-06T05:28:06.167+0000] {logging_mixin.py:137} INFO - [2022-12-06T05:28:06.167+0000] {dag.py:2676} INFO - Sync 1 DAGs
[2022-12-06T05:28:06.240+0000] {logging_mixin.py:137} INFO - [2022-12-06T05:28:06.239+0000] {dag.py:3427} INFO - Setting next_dagrun for example_nested_branch_dag to 2022-12-05T00:00:00+00:00, run_after=2022-12-06T00:00:00+00:00
[2022-12-06T05:28:06.276+0000] {processor.py:175} INFO - Processing /home/airflow/.local/lib/python3.7/site-packages/airflow/example_dags/example_nested_branch_dag.py took 0.277 seconds
[2022-12-06T05:28:38.057+0000] {processor.py:153} INFO - Started process (PID=447) to work on /home/airflow/.local/lib/python3.7/site-packages/airflow/example_dags/example_nested_branch_dag.py
[2022-12-06T05:28:38.067+0000] {processor.py:743} INFO - Processing file /home/airflow/.local/lib/python3.7/site-packages/airflow/example_dags/example_nested_branch_dag.py for tasks to queue
[2022-12-06T05:28:38.071+0000] {logging_mixin.py:137} INFO - [2022-12-06T05:28:38.071+0000] {dagbag.py:538} INFO - Filling up the DagBag from /home/airflow/.local/lib/python3.7/site-packages/airflow/example_dags/example_nested_branch_dag.py
[2022-12-06T05:28:38.175+0000] {processor.py:753} INFO - DAG(s) dict_keys(['example_nested_branch_dag']) retrieved from /home/airflow/.local/lib/python3.7/site-packages/airflow/example_dags/example_nested_branch_dag.py
[2022-12-06T05:28:38.280+0000] {logging_mixin.py:137} INFO - [2022-12-06T05:28:38.280+0000] {dag.py:2676} INFO - Sync 1 DAGs
[2022-12-06T05:28:38.346+0000] {logging_mixin.py:137} INFO - [2022-12-06T05:28:38.345+0000] {dag.py:3427} INFO - Setting next_dagrun for example_nested_branch_dag to 2022-12-05T00:00:00+00:00, run_after=2022-12-06T00:00:00+00:00
[2022-12-06T05:28:38.393+0000] {processor.py:175} INFO - Processing /home/airflow/.local/lib/python3.7/site-packages/airflow/example_dags/example_nested_branch_dag.py took 0.342 seconds
[2022-12-06T05:29:08.936+0000] {processor.py:153} INFO - Started process (PID=508) to work on /home/airflow/.local/lib/python3.7/site-packages/airflow/example_dags/example_nested_branch_dag.py
[2022-12-06T05:29:08.946+0000] {processor.py:743} INFO - Processing file /home/airflow/.local/lib/python3.7/site-packages/airflow/example_dags/example_nested_branch_dag.py for tasks to queue
[2022-12-06T05:29:08.970+0000] {logging_mixin.py:137} INFO - [2022-12-06T05:29:08.969+0000] {dagbag.py:538} INFO - Filling up the DagBag from /home/airflow/.local/lib/python3.7/site-packages/airflow/example_dags/example_nested_branch_dag.py
[2022-12-06T05:29:09.203+0000] {processor.py:753} INFO - DAG(s) dict_keys(['example_nested_branch_dag']) retrieved from /home/airflow/.local/lib/python3.7/site-packages/airflow/example_dags/example_nested_branch_dag.py
[2022-12-06T05:29:09.673+0000] {logging_mixin.py:137} INFO - [2022-12-06T05:29:09.672+0000] {dag.py:2676} INFO - Sync 1 DAGs
[2022-12-06T05:29:09.780+0000] {logging_mixin.py:137} INFO - [2022-12-06T05:29:09.779+0000] {dag.py:3427} INFO - Setting next_dagrun for example_nested_branch_dag to 2022-12-05T00:00:00+00:00, run_after=2022-12-06T00:00:00+00:00
[2022-12-06T05:29:09.862+0000] {processor.py:175} INFO - Processing /home/airflow/.local/lib/python3.7/site-packages/airflow/example_dags/example_nested_branch_dag.py took 0.960 seconds
[2022-12-06T05:29:44.640+0000] {processor.py:153} INFO - Started process (PID=568) to work on /home/airflow/.local/lib/python3.7/site-packages/airflow/example_dags/example_nested_branch_dag.py
[2022-12-06T05:29:44.650+0000] {processor.py:743} INFO - Processing file /home/airflow/.local/lib/python3.7/site-packages/airflow/example_dags/example_nested_branch_dag.py for tasks to queue
[2022-12-06T05:29:44.658+0000] {logging_mixin.py:137} INFO - [2022-12-06T05:29:44.656+0000] {dagbag.py:538} INFO - Filling up the DagBag from /home/airflow/.local/lib/python3.7/site-packages/airflow/example_dags/example_nested_branch_dag.py
[2022-12-06T05:29:45.182+0000] {processor.py:753} INFO - DAG(s) dict_keys(['example_nested_branch_dag']) retrieved from /home/airflow/.local/lib/python3.7/site-packages/airflow/example_dags/example_nested_branch_dag.py
[2022-12-06T05:29:50.868+0000] {logging_mixin.py:137} INFO - [2022-12-06T05:29:50.857+0000] {dag.py:2676} INFO - Sync 1 DAGs
[2022-12-06T05:29:52.561+0000] {logging_mixin.py:137} INFO - [2022-12-06T05:29:52.559+0000] {dag.py:3427} INFO - Setting next_dagrun for example_nested_branch_dag to 2022-12-05T00:00:00+00:00, run_after=2022-12-06T00:00:00+00:00
[2022-12-06T05:29:52.685+0000] {processor.py:175} INFO - Processing /home/airflow/.local/lib/python3.7/site-packages/airflow/example_dags/example_nested_branch_dag.py took 8.086 seconds
[2022-12-06T05:30:24.219+0000] {processor.py:153} INFO - Started process (PID=612) to work on /home/airflow/.local/lib/python3.7/site-packages/airflow/example_dags/example_nested_branch_dag.py
[2022-12-06T05:30:24.223+0000] {processor.py:743} INFO - Processing file /home/airflow/.local/lib/python3.7/site-packages/airflow/example_dags/example_nested_branch_dag.py for tasks to queue
[2022-12-06T05:30:24.226+0000] {logging_mixin.py:137} INFO - [2022-12-06T05:30:24.225+0000] {dagbag.py:538} INFO - Filling up the DagBag from /home/airflow/.local/lib/python3.7/site-packages/airflow/example_dags/example_nested_branch_dag.py
[2022-12-06T05:30:24.286+0000] {processor.py:753} INFO - DAG(s) dict_keys(['example_nested_branch_dag']) retrieved from /home/airflow/.local/lib/python3.7/site-packages/airflow/example_dags/example_nested_branch_dag.py
[2022-12-06T05:30:24.418+0000] {logging_mixin.py:137} INFO - [2022-12-06T05:30:24.417+0000] {dag.py:2676} INFO - Sync 1 DAGs
[2022-12-06T05:30:24.518+0000] {logging_mixin.py:137} INFO - [2022-12-06T05:30:24.518+0000] {dag.py:3427} INFO - Setting next_dagrun for example_nested_branch_dag to 2022-12-05T00:00:00+00:00, run_after=2022-12-06T00:00:00+00:00
[2022-12-06T05:30:24.647+0000] {processor.py:175} INFO - Processing /home/airflow/.local/lib/python3.7/site-packages/airflow/example_dags/example_nested_branch_dag.py took 0.436 seconds
[2022-12-06T05:31:05.570+0000] {processor.py:153} INFO - Started process (PID=674) to work on /home/airflow/.local/lib/python3.7/site-packages/airflow/example_dags/example_nested_branch_dag.py
[2022-12-06T05:31:05.572+0000] {processor.py:743} INFO - Processing file /home/airflow/.local/lib/python3.7/site-packages/airflow/example_dags/example_nested_branch_dag.py for tasks to queue
[2022-12-06T05:31:05.574+0000] {logging_mixin.py:137} INFO - [2022-12-06T05:31:05.574+0000] {dagbag.py:538} INFO - Filling up the DagBag from /home/airflow/.local/lib/python3.7/site-packages/airflow/example_dags/example_nested_branch_dag.py
[2022-12-06T05:31:05.650+0000] {processor.py:753} INFO - DAG(s) dict_keys(['example_nested_branch_dag']) retrieved from /home/airflow/.local/lib/python3.7/site-packages/airflow/example_dags/example_nested_branch_dag.py
[2022-12-06T05:31:05.746+0000] {logging_mixin.py:137} INFO - [2022-12-06T05:31:05.746+0000] {dag.py:2676} INFO - Sync 1 DAGs
[2022-12-06T05:31:05.821+0000] {logging_mixin.py:137} INFO - [2022-12-06T05:31:05.820+0000] {dag.py:3427} INFO - Setting next_dagrun for example_nested_branch_dag to 2022-12-05T00:00:00+00:00, run_after=2022-12-06T00:00:00+00:00
[2022-12-06T05:31:05.922+0000] {processor.py:175} INFO - Processing /home/airflow/.local/lib/python3.7/site-packages/airflow/example_dags/example_nested_branch_dag.py took 0.357 seconds
[2022-12-06T05:31:41.807+0000] {processor.py:153} INFO - Started process (PID=735) to work on /home/airflow/.local/lib/python3.7/site-packages/airflow/example_dags/example_nested_branch_dag.py
[2022-12-06T05:31:41.828+0000] {processor.py:743} INFO - Processing file /home/airflow/.local/lib/python3.7/site-packages/airflow/example_dags/example_nested_branch_dag.py for tasks to queue
[2022-12-06T05:31:41.840+0000] {logging_mixin.py:137} INFO - [2022-12-06T05:31:41.838+0000] {dagbag.py:538} INFO - Filling up the DagBag from /home/airflow/.local/lib/python3.7/site-packages/airflow/example_dags/example_nested_branch_dag.py
[2022-12-06T05:31:42.188+0000] {processor.py:753} INFO - DAG(s) dict_keys(['example_nested_branch_dag']) retrieved from /home/airflow/.local/lib/python3.7/site-packages/airflow/example_dags/example_nested_branch_dag.py
[2022-12-06T05:32:00.798+0000] {logging_mixin.py:137} INFO - [2022-12-06T05:32:00.797+0000] {dag.py:2676} INFO - Sync 1 DAGs
[2022-12-06T05:32:01.015+0000] {logging_mixin.py:137} INFO - [2022-12-06T05:32:01.014+0000] {dag.py:3427} INFO - Setting next_dagrun for example_nested_branch_dag to 2022-12-05T00:00:00+00:00, run_after=2022-12-06T00:00:00+00:00
[2022-12-06T05:32:01.145+0000] {processor.py:175} INFO - Processing /home/airflow/.local/lib/python3.7/site-packages/airflow/example_dags/example_nested_branch_dag.py took 19.396 seconds
[2022-12-06T05:32:33.880+0000] {processor.py:153} INFO - Started process (PID=802) to work on /home/airflow/.local/lib/python3.7/site-packages/airflow/example_dags/example_nested_branch_dag.py
[2022-12-06T05:32:33.889+0000] {processor.py:743} INFO - Processing file /home/airflow/.local/lib/python3.7/site-packages/airflow/example_dags/example_nested_branch_dag.py for tasks to queue
[2022-12-06T05:32:33.910+0000] {logging_mixin.py:137} INFO - [2022-12-06T05:32:33.900+0000] {dagbag.py:538} INFO - Filling up the DagBag from /home/airflow/.local/lib/python3.7/site-packages/airflow/example_dags/example_nested_branch_dag.py
[2022-12-06T05:32:36.415+0000] {processor.py:753} INFO - DAG(s) dict_keys(['example_nested_branch_dag']) retrieved from /home/airflow/.local/lib/python3.7/site-packages/airflow/example_dags/example_nested_branch_dag.py
[2022-12-06T05:32:42.377+0000] {logging_mixin.py:137} INFO - [2022-12-06T05:32:42.376+0000] {dag.py:2676} INFO - Sync 1 DAGs
[2022-12-06T05:32:42.611+0000] {logging_mixin.py:137} INFO - [2022-12-06T05:32:42.610+0000] {dag.py:3427} INFO - Setting next_dagrun for example_nested_branch_dag to 2022-12-05T00:00:00+00:00, run_after=2022-12-06T00:00:00+00:00
[2022-12-06T05:32:42.777+0000] {processor.py:175} INFO - Processing /home/airflow/.local/lib/python3.7/site-packages/airflow/example_dags/example_nested_branch_dag.py took 9.717 seconds
[2022-12-06T05:47:24.638+0000] {processor.py:153} INFO - Started process (PID=57) to work on /home/airflow/.local/lib/python3.7/site-packages/airflow/example_dags/example_nested_branch_dag.py
[2022-12-06T05:47:24.641+0000] {processor.py:743} INFO - Processing file /home/airflow/.local/lib/python3.7/site-packages/airflow/example_dags/example_nested_branch_dag.py for tasks to queue
[2022-12-06T05:47:24.645+0000] {logging_mixin.py:137} INFO - [2022-12-06T05:47:24.644+0000] {dagbag.py:538} INFO - Filling up the DagBag from /home/airflow/.local/lib/python3.7/site-packages/airflow/example_dags/example_nested_branch_dag.py
[2022-12-06T05:47:24.722+0000] {processor.py:753} INFO - DAG(s) dict_keys(['example_nested_branch_dag']) retrieved from /home/airflow/.local/lib/python3.7/site-packages/airflow/example_dags/example_nested_branch_dag.py
[2022-12-06T05:47:24.872+0000] {logging_mixin.py:137} INFO - [2022-12-06T05:47:24.872+0000] {dag.py:2676} INFO - Sync 1 DAGs
[2022-12-06T05:47:24.916+0000] {logging_mixin.py:137} INFO - [2022-12-06T05:47:24.916+0000] {dag.py:3427} INFO - Setting next_dagrun for example_nested_branch_dag to 2022-12-05T00:00:00+00:00, run_after=2022-12-06T00:00:00+00:00
[2022-12-06T05:47:24.961+0000] {processor.py:175} INFO - Processing /home/airflow/.local/lib/python3.7/site-packages/airflow/example_dags/example_nested_branch_dag.py took 0.328 seconds
[2022-12-06T05:48:36.956+0000] {processor.py:153} INFO - Started process (PID=138) to work on /home/airflow/.local/lib/python3.7/site-packages/airflow/example_dags/example_nested_branch_dag.py
[2022-12-06T05:48:36.961+0000] {processor.py:743} INFO - Processing file /home/airflow/.local/lib/python3.7/site-packages/airflow/example_dags/example_nested_branch_dag.py for tasks to queue
[2022-12-06T05:48:36.965+0000] {logging_mixin.py:137} INFO - [2022-12-06T05:48:36.964+0000] {dagbag.py:538} INFO - Filling up the DagBag from /home/airflow/.local/lib/python3.7/site-packages/airflow/example_dags/example_nested_branch_dag.py
[2022-12-06T05:48:37.106+0000] {processor.py:753} INFO - DAG(s) dict_keys(['example_nested_branch_dag']) retrieved from /home/airflow/.local/lib/python3.7/site-packages/airflow/example_dags/example_nested_branch_dag.py
[2022-12-06T05:48:37.265+0000] {logging_mixin.py:137} INFO - [2022-12-06T05:48:37.264+0000] {dag.py:2676} INFO - Sync 1 DAGs
[2022-12-06T05:48:37.583+0000] {logging_mixin.py:137} INFO - [2022-12-06T05:48:37.583+0000] {dag.py:3427} INFO - Setting next_dagrun for example_nested_branch_dag to 2022-12-05T00:00:00+00:00, run_after=2022-12-06T00:00:00+00:00
[2022-12-06T05:48:37.638+0000] {processor.py:175} INFO - Processing /home/airflow/.local/lib/python3.7/site-packages/airflow/example_dags/example_nested_branch_dag.py took 0.704 seconds
[2022-12-06T05:49:20.599+0000] {processor.py:153} INFO - Started process (PID=219) to work on /home/airflow/.local/lib/python3.7/site-packages/airflow/example_dags/example_nested_branch_dag.py
[2022-12-06T05:49:20.605+0000] {processor.py:743} INFO - Processing file /home/airflow/.local/lib/python3.7/site-packages/airflow/example_dags/example_nested_branch_dag.py for tasks to queue
[2022-12-06T05:49:20.612+0000] {logging_mixin.py:137} INFO - [2022-12-06T05:49:20.611+0000] {dagbag.py:538} INFO - Filling up the DagBag from /home/airflow/.local/lib/python3.7/site-packages/airflow/example_dags/example_nested_branch_dag.py
[2022-12-06T05:49:20.689+0000] {processor.py:753} INFO - DAG(s) dict_keys(['example_nested_branch_dag']) retrieved from /home/airflow/.local/lib/python3.7/site-packages/airflow/example_dags/example_nested_branch_dag.py
[2022-12-06T05:49:20.802+0000] {logging_mixin.py:137} INFO - [2022-12-06T05:49:20.801+0000] {dag.py:2676} INFO - Sync 1 DAGs
[2022-12-06T05:49:20.906+0000] {logging_mixin.py:137} INFO - [2022-12-06T05:49:20.906+0000] {dag.py:3427} INFO - Setting next_dagrun for example_nested_branch_dag to 2022-12-05T00:00:00+00:00, run_after=2022-12-06T00:00:00+00:00
[2022-12-06T05:49:20.955+0000] {processor.py:175} INFO - Processing /home/airflow/.local/lib/python3.7/site-packages/airflow/example_dags/example_nested_branch_dag.py took 0.362 seconds
[2022-12-06T05:49:51.831+0000] {processor.py:153} INFO - Started process (PID=281) to work on /home/airflow/.local/lib/python3.7/site-packages/airflow/example_dags/example_nested_branch_dag.py
[2022-12-06T05:49:51.834+0000] {processor.py:743} INFO - Processing file /home/airflow/.local/lib/python3.7/site-packages/airflow/example_dags/example_nested_branch_dag.py for tasks to queue
[2022-12-06T05:49:51.838+0000] {logging_mixin.py:137} INFO - [2022-12-06T05:49:51.837+0000] {dagbag.py:538} INFO - Filling up the DagBag from /home/airflow/.local/lib/python3.7/site-packages/airflow/example_dags/example_nested_branch_dag.py
[2022-12-06T05:49:51.966+0000] {processor.py:753} INFO - DAG(s) dict_keys(['example_nested_branch_dag']) retrieved from /home/airflow/.local/lib/python3.7/site-packages/airflow/example_dags/example_nested_branch_dag.py
[2022-12-06T05:49:52.231+0000] {logging_mixin.py:137} INFO - [2022-12-06T05:49:52.228+0000] {dag.py:2676} INFO - Sync 1 DAGs
[2022-12-06T05:49:52.458+0000] {logging_mixin.py:137} INFO - [2022-12-06T05:49:52.458+0000] {dag.py:3427} INFO - Setting next_dagrun for example_nested_branch_dag to 2022-12-05T00:00:00+00:00, run_after=2022-12-06T00:00:00+00:00
[2022-12-06T05:49:52.835+0000] {processor.py:175} INFO - Processing /home/airflow/.local/lib/python3.7/site-packages/airflow/example_dags/example_nested_branch_dag.py took 1.012 seconds
[2022-12-06T05:50:29.455+0000] {processor.py:153} INFO - Started process (PID=353) to work on /home/airflow/.local/lib/python3.7/site-packages/airflow/example_dags/example_nested_branch_dag.py
[2022-12-06T05:50:29.464+0000] {processor.py:743} INFO - Processing file /home/airflow/.local/lib/python3.7/site-packages/airflow/example_dags/example_nested_branch_dag.py for tasks to queue
[2022-12-06T05:50:29.474+0000] {logging_mixin.py:137} INFO - [2022-12-06T05:50:29.474+0000] {dagbag.py:538} INFO - Filling up the DagBag from /home/airflow/.local/lib/python3.7/site-packages/airflow/example_dags/example_nested_branch_dag.py
[2022-12-06T05:50:30.065+0000] {processor.py:753} INFO - DAG(s) dict_keys(['example_nested_branch_dag']) retrieved from /home/airflow/.local/lib/python3.7/site-packages/airflow/example_dags/example_nested_branch_dag.py
[2022-12-06T05:50:30.747+0000] {logging_mixin.py:137} INFO - [2022-12-06T05:50:30.746+0000] {dag.py:2676} INFO - Sync 1 DAGs
[2022-12-06T05:50:31.781+0000] {logging_mixin.py:137} INFO - [2022-12-06T05:50:31.778+0000] {dag.py:3427} INFO - Setting next_dagrun for example_nested_branch_dag to 2022-12-05T00:00:00+00:00, run_after=2022-12-06T00:00:00+00:00
[2022-12-06T05:50:31.881+0000] {processor.py:175} INFO - Processing /home/airflow/.local/lib/python3.7/site-packages/airflow/example_dags/example_nested_branch_dag.py took 2.441 seconds
[2022-12-06T05:51:03.479+0000] {processor.py:153} INFO - Started process (PID=417) to work on /home/airflow/.local/lib/python3.7/site-packages/airflow/example_dags/example_nested_branch_dag.py
[2022-12-06T05:51:03.494+0000] {processor.py:743} INFO - Processing file /home/airflow/.local/lib/python3.7/site-packages/airflow/example_dags/example_nested_branch_dag.py for tasks to queue
[2022-12-06T05:51:03.506+0000] {logging_mixin.py:137} INFO - [2022-12-06T05:51:03.504+0000] {dagbag.py:538} INFO - Filling up the DagBag from /home/airflow/.local/lib/python3.7/site-packages/airflow/example_dags/example_nested_branch_dag.py
[2022-12-06T05:51:19.400+0000] {processor.py:753} INFO - DAG(s) dict_keys(['example_nested_branch_dag']) retrieved from /home/airflow/.local/lib/python3.7/site-packages/airflow/example_dags/example_nested_branch_dag.py
[2022-12-06T05:51:20.207+0000] {logging_mixin.py:137} INFO - [2022-12-06T05:51:20.206+0000] {dag.py:2676} INFO - Sync 1 DAGs
[2022-12-06T05:51:20.481+0000] {logging_mixin.py:137} INFO - [2022-12-06T05:51:20.480+0000] {dag.py:3427} INFO - Setting next_dagrun for example_nested_branch_dag to 2022-12-05T00:00:00+00:00, run_after=2022-12-06T00:00:00+00:00
[2022-12-06T05:51:20.615+0000] {processor.py:175} INFO - Processing /home/airflow/.local/lib/python3.7/site-packages/airflow/example_dags/example_nested_branch_dag.py took 17.262 seconds
[2022-12-06T05:51:51.710+0000] {processor.py:153} INFO - Started process (PID=490) to work on /home/airflow/.local/lib/python3.7/site-packages/airflow/example_dags/example_nested_branch_dag.py
[2022-12-06T05:51:51.722+0000] {processor.py:743} INFO - Processing file /home/airflow/.local/lib/python3.7/site-packages/airflow/example_dags/example_nested_branch_dag.py for tasks to queue
[2022-12-06T05:51:51.746+0000] {logging_mixin.py:137} INFO - [2022-12-06T05:51:51.738+0000] {dagbag.py:538} INFO - Filling up the DagBag from /home/airflow/.local/lib/python3.7/site-packages/airflow/example_dags/example_nested_branch_dag.py
[2022-12-06T05:51:54.148+0000] {processor.py:753} INFO - DAG(s) dict_keys(['example_nested_branch_dag']) retrieved from /home/airflow/.local/lib/python3.7/site-packages/airflow/example_dags/example_nested_branch_dag.py
[2022-12-06T05:52:01.132+0000] {logging_mixin.py:137} INFO - [2022-12-06T05:52:01.120+0000] {dag.py:2676} INFO - Sync 1 DAGs
[2022-12-06T05:52:10.349+0000] {logging_mixin.py:137} INFO - [2022-12-06T05:52:10.340+0000] {dag.py:3427} INFO - Setting next_dagrun for example_nested_branch_dag to 2022-12-05T00:00:00+00:00, run_after=2022-12-06T00:00:00+00:00
[2022-12-06T05:52:10.665+0000] {processor.py:175} INFO - Processing /home/airflow/.local/lib/python3.7/site-packages/airflow/example_dags/example_nested_branch_dag.py took 19.097 seconds
[2022-12-06T05:52:41.439+0000] {processor.py:153} INFO - Started process (PID=557) to work on /home/airflow/.local/lib/python3.7/site-packages/airflow/example_dags/example_nested_branch_dag.py
[2022-12-06T05:52:41.651+0000] {processor.py:743} INFO - Processing file /home/airflow/.local/lib/python3.7/site-packages/airflow/example_dags/example_nested_branch_dag.py for tasks to queue
[2022-12-06T05:52:41.662+0000] {logging_mixin.py:137} INFO - [2022-12-06T05:52:41.657+0000] {dagbag.py:538} INFO - Filling up the DagBag from /home/airflow/.local/lib/python3.7/site-packages/airflow/example_dags/example_nested_branch_dag.py
[2022-12-06T05:52:55.897+0000] {processor.py:753} INFO - DAG(s) dict_keys(['example_nested_branch_dag']) retrieved from /home/airflow/.local/lib/python3.7/site-packages/airflow/example_dags/example_nested_branch_dag.py
[2022-12-06T05:52:56.462+0000] {logging_mixin.py:137} INFO - [2022-12-06T05:52:56.461+0000] {dag.py:2676} INFO - Sync 1 DAGs
[2022-12-06T05:52:56.795+0000] {logging_mixin.py:137} INFO - [2022-12-06T05:52:56.788+0000] {dag.py:3427} INFO - Setting next_dagrun for example_nested_branch_dag to 2022-12-05T00:00:00+00:00, run_after=2022-12-06T00:00:00+00:00
[2022-12-06T05:52:56.911+0000] {processor.py:175} INFO - Processing /home/airflow/.local/lib/python3.7/site-packages/airflow/example_dags/example_nested_branch_dag.py took 15.798 seconds
[2022-12-06T05:53:27.405+0000] {processor.py:153} INFO - Started process (PID=625) to work on /home/airflow/.local/lib/python3.7/site-packages/airflow/example_dags/example_nested_branch_dag.py
[2022-12-06T05:53:27.423+0000] {processor.py:743} INFO - Processing file /home/airflow/.local/lib/python3.7/site-packages/airflow/example_dags/example_nested_branch_dag.py for tasks to queue
[2022-12-06T05:53:27.437+0000] {logging_mixin.py:137} INFO - [2022-12-06T05:53:27.436+0000] {dagbag.py:538} INFO - Filling up the DagBag from /home/airflow/.local/lib/python3.7/site-packages/airflow/example_dags/example_nested_branch_dag.py
[2022-12-06T05:53:31.509+0000] {processor.py:753} INFO - DAG(s) dict_keys(['example_nested_branch_dag']) retrieved from /home/airflow/.local/lib/python3.7/site-packages/airflow/example_dags/example_nested_branch_dag.py
[2022-12-06T05:53:33.101+0000] {logging_mixin.py:137} INFO - [2022-12-06T05:53:33.098+0000] {dag.py:2676} INFO - Sync 1 DAGs
[2022-12-06T05:53:38.072+0000] {logging_mixin.py:137} INFO - [2022-12-06T05:53:38.058+0000] {dag.py:3427} INFO - Setting next_dagrun for example_nested_branch_dag to 2022-12-05T00:00:00+00:00, run_after=2022-12-06T00:00:00+00:00
[2022-12-06T05:53:38.256+0000] {processor.py:175} INFO - Processing /home/airflow/.local/lib/python3.7/site-packages/airflow/example_dags/example_nested_branch_dag.py took 10.958 seconds
[2022-12-06T05:54:14.137+0000] {processor.py:153} INFO - Started process (PID=707) to work on /home/airflow/.local/lib/python3.7/site-packages/airflow/example_dags/example_nested_branch_dag.py
[2022-12-06T05:54:14.146+0000] {processor.py:743} INFO - Processing file /home/airflow/.local/lib/python3.7/site-packages/airflow/example_dags/example_nested_branch_dag.py for tasks to queue
[2022-12-06T05:54:14.156+0000] {logging_mixin.py:137} INFO - [2022-12-06T05:54:14.155+0000] {dagbag.py:538} INFO - Filling up the DagBag from /home/airflow/.local/lib/python3.7/site-packages/airflow/example_dags/example_nested_branch_dag.py
[2022-12-06T05:54:20.360+0000] {processor.py:753} INFO - DAG(s) dict_keys(['example_nested_branch_dag']) retrieved from /home/airflow/.local/lib/python3.7/site-packages/airflow/example_dags/example_nested_branch_dag.py
[2022-12-06T05:54:20.737+0000] {logging_mixin.py:137} INFO - [2022-12-06T05:54:20.731+0000] {dag.py:2676} INFO - Sync 1 DAGs
[2022-12-06T05:54:20.914+0000] {logging_mixin.py:137} INFO - [2022-12-06T05:54:20.899+0000] {dag.py:3427} INFO - Setting next_dagrun for example_nested_branch_dag to 2022-12-05T00:00:00+00:00, run_after=2022-12-06T00:00:00+00:00
[2022-12-06T05:54:21.032+0000] {processor.py:175} INFO - Processing /home/airflow/.local/lib/python3.7/site-packages/airflow/example_dags/example_nested_branch_dag.py took 6.945 seconds
[2022-12-06T05:54:51.959+0000] {processor.py:153} INFO - Started process (PID=785) to work on /home/airflow/.local/lib/python3.7/site-packages/airflow/example_dags/example_nested_branch_dag.py
[2022-12-06T05:54:52.076+0000] {processor.py:743} INFO - Processing file /home/airflow/.local/lib/python3.7/site-packages/airflow/example_dags/example_nested_branch_dag.py for tasks to queue
[2022-12-06T05:54:52.098+0000] {logging_mixin.py:137} INFO - [2022-12-06T05:54:52.095+0000] {dagbag.py:538} INFO - Filling up the DagBag from /home/airflow/.local/lib/python3.7/site-packages/airflow/example_dags/example_nested_branch_dag.py
[2022-12-06T05:54:52.352+0000] {processor.py:753} INFO - DAG(s) dict_keys(['example_nested_branch_dag']) retrieved from /home/airflow/.local/lib/python3.7/site-packages/airflow/example_dags/example_nested_branch_dag.py
[2022-12-06T05:54:52.488+0000] {logging_mixin.py:137} INFO - [2022-12-06T05:54:52.488+0000] {dag.py:2676} INFO - Sync 1 DAGs
[2022-12-06T05:54:52.557+0000] {logging_mixin.py:137} INFO - [2022-12-06T05:54:52.557+0000] {dag.py:3427} INFO - Setting next_dagrun for example_nested_branch_dag to 2022-12-05T00:00:00+00:00, run_after=2022-12-06T00:00:00+00:00
[2022-12-06T05:54:52.612+0000] {processor.py:175} INFO - Processing /home/airflow/.local/lib/python3.7/site-packages/airflow/example_dags/example_nested_branch_dag.py took 0.664 seconds
[2022-12-06T05:55:34.843+0000] {processor.py:153} INFO - Started process (PID=855) to work on /home/airflow/.local/lib/python3.7/site-packages/airflow/example_dags/example_nested_branch_dag.py
[2022-12-06T05:55:34.862+0000] {processor.py:743} INFO - Processing file /home/airflow/.local/lib/python3.7/site-packages/airflow/example_dags/example_nested_branch_dag.py for tasks to queue
[2022-12-06T05:55:35.667+0000] {logging_mixin.py:137} INFO - [2022-12-06T05:55:35.662+0000] {dagbag.py:538} INFO - Filling up the DagBag from /home/airflow/.local/lib/python3.7/site-packages/airflow/example_dags/example_nested_branch_dag.py
[2022-12-06T05:55:36.147+0000] {processor.py:753} INFO - DAG(s) dict_keys(['example_nested_branch_dag']) retrieved from /home/airflow/.local/lib/python3.7/site-packages/airflow/example_dags/example_nested_branch_dag.py
[2022-12-06T05:55:36.624+0000] {logging_mixin.py:137} INFO - [2022-12-06T05:55:36.623+0000] {dag.py:2676} INFO - Sync 1 DAGs
[2022-12-06T05:55:36.803+0000] {logging_mixin.py:137} INFO - [2022-12-06T05:55:36.802+0000] {dag.py:3427} INFO - Setting next_dagrun for example_nested_branch_dag to 2022-12-05T00:00:00+00:00, run_after=2022-12-06T00:00:00+00:00
[2022-12-06T05:55:36.878+0000] {processor.py:175} INFO - Processing /home/airflow/.local/lib/python3.7/site-packages/airflow/example_dags/example_nested_branch_dag.py took 2.382 seconds
[2022-12-06T05:56:07.551+0000] {processor.py:153} INFO - Started process (PID=929) to work on /home/airflow/.local/lib/python3.7/site-packages/airflow/example_dags/example_nested_branch_dag.py
[2022-12-06T05:56:07.560+0000] {processor.py:743} INFO - Processing file /home/airflow/.local/lib/python3.7/site-packages/airflow/example_dags/example_nested_branch_dag.py for tasks to queue
[2022-12-06T05:56:07.571+0000] {logging_mixin.py:137} INFO - [2022-12-06T05:56:07.570+0000] {dagbag.py:538} INFO - Filling up the DagBag from /home/airflow/.local/lib/python3.7/site-packages/airflow/example_dags/example_nested_branch_dag.py
[2022-12-06T05:56:27.222+0000] {processor.py:753} INFO - DAG(s) dict_keys(['example_nested_branch_dag']) retrieved from /home/airflow/.local/lib/python3.7/site-packages/airflow/example_dags/example_nested_branch_dag.py
[2022-12-06T05:56:28.572+0000] {logging_mixin.py:137} INFO - [2022-12-06T05:56:28.571+0000] {dag.py:2676} INFO - Sync 1 DAGs
[2022-12-06T05:56:28.850+0000] {logging_mixin.py:137} INFO - [2022-12-06T05:56:28.848+0000] {dag.py:3427} INFO - Setting next_dagrun for example_nested_branch_dag to 2022-12-05T00:00:00+00:00, run_after=2022-12-06T00:00:00+00:00
[2022-12-06T05:56:28.957+0000] {processor.py:175} INFO - Processing /home/airflow/.local/lib/python3.7/site-packages/airflow/example_dags/example_nested_branch_dag.py took 22.050 seconds
[2022-12-06T05:57:01.045+0000] {processor.py:153} INFO - Started process (PID=993) to work on /home/airflow/.local/lib/python3.7/site-packages/airflow/example_dags/example_nested_branch_dag.py
[2022-12-06T05:57:01.082+0000] {processor.py:743} INFO - Processing file /home/airflow/.local/lib/python3.7/site-packages/airflow/example_dags/example_nested_branch_dag.py for tasks to queue
[2022-12-06T05:57:01.098+0000] {logging_mixin.py:137} INFO - [2022-12-06T05:57:01.095+0000] {dagbag.py:538} INFO - Filling up the DagBag from /home/airflow/.local/lib/python3.7/site-packages/airflow/example_dags/example_nested_branch_dag.py
[2022-12-06T05:57:03.593+0000] {processor.py:753} INFO - DAG(s) dict_keys(['example_nested_branch_dag']) retrieved from /home/airflow/.local/lib/python3.7/site-packages/airflow/example_dags/example_nested_branch_dag.py
[2022-12-06T05:57:09.538+0000] {logging_mixin.py:137} INFO - [2022-12-06T05:57:09.536+0000] {dag.py:2676} INFO - Sync 1 DAGs
[2022-12-06T05:57:09.777+0000] {logging_mixin.py:137} INFO - [2022-12-06T05:57:09.774+0000] {dag.py:3427} INFO - Setting next_dagrun for example_nested_branch_dag to 2022-12-05T00:00:00+00:00, run_after=2022-12-06T00:00:00+00:00
[2022-12-06T05:57:10.105+0000] {processor.py:175} INFO - Processing /home/airflow/.local/lib/python3.7/site-packages/airflow/example_dags/example_nested_branch_dag.py took 9.091 seconds
[2022-12-06T05:57:40.486+0000] {processor.py:153} INFO - Started process (PID=1067) to work on /home/airflow/.local/lib/python3.7/site-packages/airflow/example_dags/example_nested_branch_dag.py
[2022-12-06T05:57:40.493+0000] {processor.py:743} INFO - Processing file /home/airflow/.local/lib/python3.7/site-packages/airflow/example_dags/example_nested_branch_dag.py for tasks to queue
[2022-12-06T05:57:40.497+0000] {logging_mixin.py:137} INFO - [2022-12-06T05:57:40.495+0000] {dagbag.py:538} INFO - Filling up the DagBag from /home/airflow/.local/lib/python3.7/site-packages/airflow/example_dags/example_nested_branch_dag.py
[2022-12-06T05:57:41.680+0000] {processor.py:753} INFO - DAG(s) dict_keys(['example_nested_branch_dag']) retrieved from /home/airflow/.local/lib/python3.7/site-packages/airflow/example_dags/example_nested_branch_dag.py
[2022-12-06T05:57:43.647+0000] {logging_mixin.py:137} INFO - [2022-12-06T05:57:43.646+0000] {dag.py:2676} INFO - Sync 1 DAGs
[2022-12-06T05:57:45.237+0000] {logging_mixin.py:137} INFO - [2022-12-06T05:57:45.231+0000] {dag.py:3427} INFO - Setting next_dagrun for example_nested_branch_dag to 2022-12-05T00:00:00+00:00, run_after=2022-12-06T00:00:00+00:00
[2022-12-06T05:57:49.622+0000] {processor.py:175} INFO - Processing /home/airflow/.local/lib/python3.7/site-packages/airflow/example_dags/example_nested_branch_dag.py took 9.177 seconds
[2022-12-06T05:58:22.519+0000] {processor.py:153} INFO - Started process (PID=1151) to work on /home/airflow/.local/lib/python3.7/site-packages/airflow/example_dags/example_nested_branch_dag.py
[2022-12-06T05:58:22.529+0000] {processor.py:743} INFO - Processing file /home/airflow/.local/lib/python3.7/site-packages/airflow/example_dags/example_nested_branch_dag.py for tasks to queue
[2022-12-06T05:58:22.543+0000] {logging_mixin.py:137} INFO - [2022-12-06T05:58:22.542+0000] {dagbag.py:538} INFO - Filling up the DagBag from /home/airflow/.local/lib/python3.7/site-packages/airflow/example_dags/example_nested_branch_dag.py
[2022-12-06T05:58:23.477+0000] {processor.py:753} INFO - DAG(s) dict_keys(['example_nested_branch_dag']) retrieved from /home/airflow/.local/lib/python3.7/site-packages/airflow/example_dags/example_nested_branch_dag.py
[2022-12-06T05:58:25.211+0000] {logging_mixin.py:137} INFO - [2022-12-06T05:58:25.210+0000] {dag.py:2676} INFO - Sync 1 DAGs
[2022-12-06T05:58:31.575+0000] {logging_mixin.py:137} INFO - [2022-12-06T05:58:31.574+0000] {dag.py:3427} INFO - Setting next_dagrun for example_nested_branch_dag to 2022-12-05T00:00:00+00:00, run_after=2022-12-06T00:00:00+00:00
[2022-12-06T05:58:31.707+0000] {processor.py:175} INFO - Processing /home/airflow/.local/lib/python3.7/site-packages/airflow/example_dags/example_nested_branch_dag.py took 9.297 seconds
[2022-12-06T05:59:03.151+0000] {processor.py:153} INFO - Started process (PID=1219) to work on /home/airflow/.local/lib/python3.7/site-packages/airflow/example_dags/example_nested_branch_dag.py
[2022-12-06T05:59:03.183+0000] {processor.py:743} INFO - Processing file /home/airflow/.local/lib/python3.7/site-packages/airflow/example_dags/example_nested_branch_dag.py for tasks to queue
[2022-12-06T05:59:03.209+0000] {logging_mixin.py:137} INFO - [2022-12-06T05:59:03.202+0000] {dagbag.py:538} INFO - Filling up the DagBag from /home/airflow/.local/lib/python3.7/site-packages/airflow/example_dags/example_nested_branch_dag.py
[2022-12-06T05:59:09.463+0000] {processor.py:753} INFO - DAG(s) dict_keys(['example_nested_branch_dag']) retrieved from /home/airflow/.local/lib/python3.7/site-packages/airflow/example_dags/example_nested_branch_dag.py
[2022-12-06T05:59:10.149+0000] {logging_mixin.py:137} INFO - [2022-12-06T05:59:10.145+0000] {dag.py:2676} INFO - Sync 1 DAGs
[2022-12-06T05:59:13.506+0000] {logging_mixin.py:137} INFO - [2022-12-06T05:59:13.502+0000] {dag.py:3427} INFO - Setting next_dagrun for example_nested_branch_dag to 2022-12-05T00:00:00+00:00, run_after=2022-12-06T00:00:00+00:00
[2022-12-06T05:59:13.729+0000] {processor.py:175} INFO - Processing /home/airflow/.local/lib/python3.7/site-packages/airflow/example_dags/example_nested_branch_dag.py took 10.718 seconds
[2022-12-06T05:59:43.827+0000] {processor.py:153} INFO - Started process (PID=1297) to work on /home/airflow/.local/lib/python3.7/site-packages/airflow/example_dags/example_nested_branch_dag.py
[2022-12-06T05:59:43.830+0000] {processor.py:743} INFO - Processing file /home/airflow/.local/lib/python3.7/site-packages/airflow/example_dags/example_nested_branch_dag.py for tasks to queue
[2022-12-06T05:59:43.833+0000] {logging_mixin.py:137} INFO - [2022-12-06T05:59:43.833+0000] {dagbag.py:538} INFO - Filling up the DagBag from /home/airflow/.local/lib/python3.7/site-packages/airflow/example_dags/example_nested_branch_dag.py
[2022-12-06T05:59:44.500+0000] {processor.py:753} INFO - DAG(s) dict_keys(['example_nested_branch_dag']) retrieved from /home/airflow/.local/lib/python3.7/site-packages/airflow/example_dags/example_nested_branch_dag.py
[2022-12-06T05:59:45.786+0000] {logging_mixin.py:137} INFO - [2022-12-06T05:59:45.784+0000] {dag.py:2676} INFO - Sync 1 DAGs
[2022-12-06T05:59:45.898+0000] {logging_mixin.py:137} INFO - [2022-12-06T05:59:45.896+0000] {dag.py:3427} INFO - Setting next_dagrun for example_nested_branch_dag to 2022-12-05T00:00:00+00:00, run_after=2022-12-06T00:00:00+00:00
[2022-12-06T05:59:49.148+0000] {processor.py:175} INFO - Processing /home/airflow/.local/lib/python3.7/site-packages/airflow/example_dags/example_nested_branch_dag.py took 5.636 seconds
[2022-12-06T06:00:20.535+0000] {processor.py:153} INFO - Started process (PID=1370) to work on /home/airflow/.local/lib/python3.7/site-packages/airflow/example_dags/example_nested_branch_dag.py
[2022-12-06T06:00:20.585+0000] {processor.py:743} INFO - Processing file /home/airflow/.local/lib/python3.7/site-packages/airflow/example_dags/example_nested_branch_dag.py for tasks to queue
[2022-12-06T06:00:21.259+0000] {logging_mixin.py:137} INFO - [2022-12-06T06:00:20.996+0000] {dagbag.py:538} INFO - Filling up the DagBag from /home/airflow/.local/lib/python3.7/site-packages/airflow/example_dags/example_nested_branch_dag.py
[2022-12-06T06:00:24.619+0000] {processor.py:753} INFO - DAG(s) dict_keys(['example_nested_branch_dag']) retrieved from /home/airflow/.local/lib/python3.7/site-packages/airflow/example_dags/example_nested_branch_dag.py
[2022-12-06T06:00:27.323+0000] {logging_mixin.py:137} INFO - [2022-12-06T06:00:27.323+0000] {dag.py:2676} INFO - Sync 1 DAGs
[2022-12-06T06:00:28.835+0000] {logging_mixin.py:137} INFO - [2022-12-06T06:00:28.835+0000] {dag.py:3427} INFO - Setting next_dagrun for example_nested_branch_dag to 2022-12-05T00:00:00+00:00, run_after=2022-12-06T00:00:00+00:00
[2022-12-06T06:00:28.928+0000] {processor.py:175} INFO - Processing /home/airflow/.local/lib/python3.7/site-packages/airflow/example_dags/example_nested_branch_dag.py took 9.038 seconds
[2022-12-06T06:00:59.933+0000] {processor.py:153} INFO - Started process (PID=1439) to work on /home/airflow/.local/lib/python3.7/site-packages/airflow/example_dags/example_nested_branch_dag.py
[2022-12-06T06:00:59.939+0000] {processor.py:743} INFO - Processing file /home/airflow/.local/lib/python3.7/site-packages/airflow/example_dags/example_nested_branch_dag.py for tasks to queue
[2022-12-06T06:00:59.942+0000] {logging_mixin.py:137} INFO - [2022-12-06T06:00:59.941+0000] {dagbag.py:538} INFO - Filling up the DagBag from /home/airflow/.local/lib/python3.7/site-packages/airflow/example_dags/example_nested_branch_dag.py
[2022-12-06T06:01:00.000+0000] {processor.py:753} INFO - DAG(s) dict_keys(['example_nested_branch_dag']) retrieved from /home/airflow/.local/lib/python3.7/site-packages/airflow/example_dags/example_nested_branch_dag.py
[2022-12-06T06:01:00.112+0000] {logging_mixin.py:137} INFO - [2022-12-06T06:01:00.112+0000] {dag.py:2676} INFO - Sync 1 DAGs
[2022-12-06T06:01:00.194+0000] {logging_mixin.py:137} INFO - [2022-12-06T06:01:00.193+0000] {dag.py:3427} INFO - Setting next_dagrun for example_nested_branch_dag to 2022-12-05T00:00:00+00:00, run_after=2022-12-06T00:00:00+00:00
[2022-12-06T06:01:00.242+0000] {processor.py:175} INFO - Processing /home/airflow/.local/lib/python3.7/site-packages/airflow/example_dags/example_nested_branch_dag.py took 0.318 seconds
[2022-12-06T06:01:30.388+0000] {processor.py:153} INFO - Started process (PID=1508) to work on /home/airflow/.local/lib/python3.7/site-packages/airflow/example_dags/example_nested_branch_dag.py
[2022-12-06T06:01:30.390+0000] {processor.py:743} INFO - Processing file /home/airflow/.local/lib/python3.7/site-packages/airflow/example_dags/example_nested_branch_dag.py for tasks to queue
[2022-12-06T06:01:30.392+0000] {logging_mixin.py:137} INFO - [2022-12-06T06:01:30.392+0000] {dagbag.py:538} INFO - Filling up the DagBag from /home/airflow/.local/lib/python3.7/site-packages/airflow/example_dags/example_nested_branch_dag.py
[2022-12-06T06:01:30.426+0000] {processor.py:753} INFO - DAG(s) dict_keys(['example_nested_branch_dag']) retrieved from /home/airflow/.local/lib/python3.7/site-packages/airflow/example_dags/example_nested_branch_dag.py
[2022-12-06T06:01:30.480+0000] {logging_mixin.py:137} INFO - [2022-12-06T06:01:30.479+0000] {dag.py:2676} INFO - Sync 1 DAGs
[2022-12-06T06:01:30.526+0000] {logging_mixin.py:137} INFO - [2022-12-06T06:01:30.526+0000] {dag.py:3427} INFO - Setting next_dagrun for example_nested_branch_dag to 2022-12-05T00:00:00+00:00, run_after=2022-12-06T00:00:00+00:00
[2022-12-06T06:01:30.569+0000] {processor.py:175} INFO - Processing /home/airflow/.local/lib/python3.7/site-packages/airflow/example_dags/example_nested_branch_dag.py took 0.187 seconds
[2022-12-06T06:02:00.994+0000] {processor.py:153} INFO - Started process (PID=1589) to work on /home/airflow/.local/lib/python3.7/site-packages/airflow/example_dags/example_nested_branch_dag.py
[2022-12-06T06:02:00.996+0000] {processor.py:743} INFO - Processing file /home/airflow/.local/lib/python3.7/site-packages/airflow/example_dags/example_nested_branch_dag.py for tasks to queue
[2022-12-06T06:02:00.998+0000] {logging_mixin.py:137} INFO - [2022-12-06T06:02:00.998+0000] {dagbag.py:538} INFO - Filling up the DagBag from /home/airflow/.local/lib/python3.7/site-packages/airflow/example_dags/example_nested_branch_dag.py
[2022-12-06T06:02:01.053+0000] {processor.py:753} INFO - DAG(s) dict_keys(['example_nested_branch_dag']) retrieved from /home/airflow/.local/lib/python3.7/site-packages/airflow/example_dags/example_nested_branch_dag.py
[2022-12-06T06:02:01.129+0000] {logging_mixin.py:137} INFO - [2022-12-06T06:02:01.128+0000] {dag.py:2676} INFO - Sync 1 DAGs
[2022-12-06T06:02:01.198+0000] {logging_mixin.py:137} INFO - [2022-12-06T06:02:01.198+0000] {dag.py:3427} INFO - Setting next_dagrun for example_nested_branch_dag to 2022-12-05T00:00:00+00:00, run_after=2022-12-06T00:00:00+00:00
[2022-12-06T06:02:01.241+0000] {processor.py:175} INFO - Processing /home/airflow/.local/lib/python3.7/site-packages/airflow/example_dags/example_nested_branch_dag.py took 0.255 seconds
[2022-12-06T06:02:31.366+0000] {processor.py:153} INFO - Started process (PID=1642) to work on /home/airflow/.local/lib/python3.7/site-packages/airflow/example_dags/example_nested_branch_dag.py
[2022-12-06T06:02:31.370+0000] {processor.py:743} INFO - Processing file /home/airflow/.local/lib/python3.7/site-packages/airflow/example_dags/example_nested_branch_dag.py for tasks to queue
[2022-12-06T06:02:31.374+0000] {logging_mixin.py:137} INFO - [2022-12-06T06:02:31.374+0000] {dagbag.py:538} INFO - Filling up the DagBag from /home/airflow/.local/lib/python3.7/site-packages/airflow/example_dags/example_nested_branch_dag.py
[2022-12-06T06:02:31.437+0000] {processor.py:753} INFO - DAG(s) dict_keys(['example_nested_branch_dag']) retrieved from /home/airflow/.local/lib/python3.7/site-packages/airflow/example_dags/example_nested_branch_dag.py
[2022-12-06T06:02:31.504+0000] {logging_mixin.py:137} INFO - [2022-12-06T06:02:31.504+0000] {dag.py:2676} INFO - Sync 1 DAGs
[2022-12-06T06:02:31.552+0000] {logging_mixin.py:137} INFO - [2022-12-06T06:02:31.552+0000] {dag.py:3427} INFO - Setting next_dagrun for example_nested_branch_dag to 2022-12-05T00:00:00+00:00, run_after=2022-12-06T00:00:00+00:00
[2022-12-06T06:02:31.591+0000] {processor.py:175} INFO - Processing /home/airflow/.local/lib/python3.7/site-packages/airflow/example_dags/example_nested_branch_dag.py took 0.234 seconds
[2022-12-06T06:03:04.213+0000] {processor.py:153} INFO - Started process (PID=1679) to work on /home/airflow/.local/lib/python3.7/site-packages/airflow/example_dags/example_nested_branch_dag.py
[2022-12-06T06:03:04.220+0000] {processor.py:743} INFO - Processing file /home/airflow/.local/lib/python3.7/site-packages/airflow/example_dags/example_nested_branch_dag.py for tasks to queue
[2022-12-06T06:03:04.228+0000] {logging_mixin.py:137} INFO - [2022-12-06T06:03:04.228+0000] {dagbag.py:538} INFO - Filling up the DagBag from /home/airflow/.local/lib/python3.7/site-packages/airflow/example_dags/example_nested_branch_dag.py
[2022-12-06T06:03:04.455+0000] {processor.py:753} INFO - DAG(s) dict_keys(['example_nested_branch_dag']) retrieved from /home/airflow/.local/lib/python3.7/site-packages/airflow/example_dags/example_nested_branch_dag.py
[2022-12-06T06:03:04.829+0000] {logging_mixin.py:137} INFO - [2022-12-06T06:03:04.828+0000] {dag.py:2676} INFO - Sync 1 DAGs
[2022-12-06T06:03:05.289+0000] {logging_mixin.py:137} INFO - [2022-12-06T06:03:05.289+0000] {dag.py:3427} INFO - Setting next_dagrun for example_nested_branch_dag to 2022-12-05T00:00:00+00:00, run_after=2022-12-06T00:00:00+00:00
[2022-12-06T06:03:05.361+0000] {processor.py:175} INFO - Processing /home/airflow/.local/lib/python3.7/site-packages/airflow/example_dags/example_nested_branch_dag.py took 1.158 seconds
[2022-12-06T06:03:43.451+0000] {processor.py:153} INFO - Started process (PID=1750) to work on /home/airflow/.local/lib/python3.7/site-packages/airflow/example_dags/example_nested_branch_dag.py
[2022-12-06T06:03:43.458+0000] {processor.py:743} INFO - Processing file /home/airflow/.local/lib/python3.7/site-packages/airflow/example_dags/example_nested_branch_dag.py for tasks to queue
[2022-12-06T06:03:43.465+0000] {logging_mixin.py:137} INFO - [2022-12-06T06:03:43.465+0000] {dagbag.py:538} INFO - Filling up the DagBag from /home/airflow/.local/lib/python3.7/site-packages/airflow/example_dags/example_nested_branch_dag.py
[2022-12-06T06:03:46.766+0000] {processor.py:753} INFO - DAG(s) dict_keys(['example_nested_branch_dag']) retrieved from /home/airflow/.local/lib/python3.7/site-packages/airflow/example_dags/example_nested_branch_dag.py
[2022-12-06T06:03:57.580+0000] {logging_mixin.py:137} INFO - [2022-12-06T06:03:57.578+0000] {dag.py:2676} INFO - Sync 1 DAGs
[2022-12-06T06:03:57.907+0000] {logging_mixin.py:137} INFO - [2022-12-06T06:03:57.905+0000] {dag.py:3427} INFO - Setting next_dagrun for example_nested_branch_dag to 2022-12-05T00:00:00+00:00, run_after=2022-12-06T00:00:00+00:00
[2022-12-06T06:03:58.062+0000] {processor.py:175} INFO - Processing /home/airflow/.local/lib/python3.7/site-packages/airflow/example_dags/example_nested_branch_dag.py took 14.697 seconds
[2022-12-06T06:04:31.266+0000] {processor.py:153} INFO - Started process (PID=1824) to work on /home/airflow/.local/lib/python3.7/site-packages/airflow/example_dags/example_nested_branch_dag.py
[2022-12-06T06:04:31.275+0000] {processor.py:743} INFO - Processing file /home/airflow/.local/lib/python3.7/site-packages/airflow/example_dags/example_nested_branch_dag.py for tasks to queue
[2022-12-06T06:04:31.282+0000] {logging_mixin.py:137} INFO - [2022-12-06T06:04:31.280+0000] {dagbag.py:538} INFO - Filling up the DagBag from /home/airflow/.local/lib/python3.7/site-packages/airflow/example_dags/example_nested_branch_dag.py
[2022-12-06T06:04:31.512+0000] {processor.py:753} INFO - DAG(s) dict_keys(['example_nested_branch_dag']) retrieved from /home/airflow/.local/lib/python3.7/site-packages/airflow/example_dags/example_nested_branch_dag.py
[2022-12-06T06:04:32.077+0000] {logging_mixin.py:137} INFO - [2022-12-06T06:04:32.075+0000] {dag.py:2676} INFO - Sync 1 DAGs
[2022-12-06T06:04:33.276+0000] {logging_mixin.py:137} INFO - [2022-12-06T06:04:33.274+0000] {dag.py:3427} INFO - Setting next_dagrun for example_nested_branch_dag to 2022-12-05T00:00:00+00:00, run_after=2022-12-06T00:00:00+00:00
[2022-12-06T06:04:34.374+0000] {processor.py:175} INFO - Processing /home/airflow/.local/lib/python3.7/site-packages/airflow/example_dags/example_nested_branch_dag.py took 3.183 seconds
[2022-12-06T06:05:05.743+0000] {processor.py:153} INFO - Started process (PID=1891) to work on /home/airflow/.local/lib/python3.7/site-packages/airflow/example_dags/example_nested_branch_dag.py
[2022-12-06T06:05:05.749+0000] {processor.py:743} INFO - Processing file /home/airflow/.local/lib/python3.7/site-packages/airflow/example_dags/example_nested_branch_dag.py for tasks to queue
[2022-12-06T06:05:05.756+0000] {logging_mixin.py:137} INFO - [2022-12-06T06:05:05.755+0000] {dagbag.py:538} INFO - Filling up the DagBag from /home/airflow/.local/lib/python3.7/site-packages/airflow/example_dags/example_nested_branch_dag.py
[2022-12-06T06:05:05.959+0000] {processor.py:753} INFO - DAG(s) dict_keys(['example_nested_branch_dag']) retrieved from /home/airflow/.local/lib/python3.7/site-packages/airflow/example_dags/example_nested_branch_dag.py
[2022-12-06T06:05:07.867+0000] {logging_mixin.py:137} INFO - [2022-12-06T06:05:07.863+0000] {dag.py:2676} INFO - Sync 1 DAGs
[2022-12-06T06:05:14.566+0000] {logging_mixin.py:137} INFO - [2022-12-06T06:05:14.565+0000] {dag.py:3427} INFO - Setting next_dagrun for example_nested_branch_dag to 2022-12-05T00:00:00+00:00, run_after=2022-12-06T00:00:00+00:00
[2022-12-06T06:05:14.871+0000] {processor.py:175} INFO - Processing /home/airflow/.local/lib/python3.7/site-packages/airflow/example_dags/example_nested_branch_dag.py took 9.204 seconds
[2022-12-06T06:05:45.531+0000] {processor.py:153} INFO - Started process (PID=1974) to work on /home/airflow/.local/lib/python3.7/site-packages/airflow/example_dags/example_nested_branch_dag.py
[2022-12-06T06:05:45.543+0000] {processor.py:743} INFO - Processing file /home/airflow/.local/lib/python3.7/site-packages/airflow/example_dags/example_nested_branch_dag.py for tasks to queue
[2022-12-06T06:05:45.549+0000] {logging_mixin.py:137} INFO - [2022-12-06T06:05:45.548+0000] {dagbag.py:538} INFO - Filling up the DagBag from /home/airflow/.local/lib/python3.7/site-packages/airflow/example_dags/example_nested_branch_dag.py
[2022-12-06T06:05:45.793+0000] {processor.py:753} INFO - DAG(s) dict_keys(['example_nested_branch_dag']) retrieved from /home/airflow/.local/lib/python3.7/site-packages/airflow/example_dags/example_nested_branch_dag.py
[2022-12-06T06:05:46.207+0000] {logging_mixin.py:137} INFO - [2022-12-06T06:05:46.206+0000] {dag.py:2676} INFO - Sync 1 DAGs
[2022-12-06T06:05:46.381+0000] {logging_mixin.py:137} INFO - [2022-12-06T06:05:46.380+0000] {dag.py:3427} INFO - Setting next_dagrun for example_nested_branch_dag to 2022-12-05T00:00:00+00:00, run_after=2022-12-06T00:00:00+00:00
[2022-12-06T06:05:46.482+0000] {processor.py:175} INFO - Processing /home/airflow/.local/lib/python3.7/site-packages/airflow/example_dags/example_nested_branch_dag.py took 1.032 seconds
[2022-12-06T06:06:18.907+0000] {processor.py:153} INFO - Started process (PID=2036) to work on /home/airflow/.local/lib/python3.7/site-packages/airflow/example_dags/example_nested_branch_dag.py
[2022-12-06T06:06:18.932+0000] {processor.py:743} INFO - Processing file /home/airflow/.local/lib/python3.7/site-packages/airflow/example_dags/example_nested_branch_dag.py for tasks to queue
[2022-12-06T06:06:18.949+0000] {logging_mixin.py:137} INFO - [2022-12-06T06:06:18.948+0000] {dagbag.py:538} INFO - Filling up the DagBag from /home/airflow/.local/lib/python3.7/site-packages/airflow/example_dags/example_nested_branch_dag.py
[2022-12-06T06:06:19.455+0000] {processor.py:753} INFO - DAG(s) dict_keys(['example_nested_branch_dag']) retrieved from /home/airflow/.local/lib/python3.7/site-packages/airflow/example_dags/example_nested_branch_dag.py
[2022-12-06T06:06:20.446+0000] {logging_mixin.py:137} INFO - [2022-12-06T06:06:20.446+0000] {dag.py:2676} INFO - Sync 1 DAGs
[2022-12-06T06:06:21.022+0000] {logging_mixin.py:137} INFO - [2022-12-06T06:06:20.992+0000] {dag.py:3427} INFO - Setting next_dagrun for example_nested_branch_dag to 2022-12-05T00:00:00+00:00, run_after=2022-12-06T00:00:00+00:00
[2022-12-06T06:06:21.503+0000] {processor.py:175} INFO - Processing /home/airflow/.local/lib/python3.7/site-packages/airflow/example_dags/example_nested_branch_dag.py took 3.710 seconds
[2022-12-06T06:06:53.205+0000] {processor.py:153} INFO - Started process (PID=2108) to work on /home/airflow/.local/lib/python3.7/site-packages/airflow/example_dags/example_nested_branch_dag.py
[2022-12-06T06:06:53.212+0000] {processor.py:743} INFO - Processing file /home/airflow/.local/lib/python3.7/site-packages/airflow/example_dags/example_nested_branch_dag.py for tasks to queue
[2022-12-06T06:06:53.220+0000] {logging_mixin.py:137} INFO - [2022-12-06T06:06:53.218+0000] {dagbag.py:538} INFO - Filling up the DagBag from /home/airflow/.local/lib/python3.7/site-packages/airflow/example_dags/example_nested_branch_dag.py
[2022-12-06T06:06:53.654+0000] {processor.py:753} INFO - DAG(s) dict_keys(['example_nested_branch_dag']) retrieved from /home/airflow/.local/lib/python3.7/site-packages/airflow/example_dags/example_nested_branch_dag.py
[2022-12-06T06:06:56.524+0000] {logging_mixin.py:137} INFO - [2022-12-06T06:06:56.519+0000] {dag.py:2676} INFO - Sync 1 DAGs
[2022-12-06T06:06:57.502+0000] {logging_mixin.py:137} INFO - [2022-12-06T06:06:57.501+0000] {dag.py:3427} INFO - Setting next_dagrun for example_nested_branch_dag to 2022-12-05T00:00:00+00:00, run_after=2022-12-06T00:00:00+00:00
[2022-12-06T06:06:58.452+0000] {processor.py:175} INFO - Processing /home/airflow/.local/lib/python3.7/site-packages/airflow/example_dags/example_nested_branch_dag.py took 5.316 seconds
[2022-12-06T06:07:32.405+0000] {processor.py:153} INFO - Started process (PID=2176) to work on /home/airflow/.local/lib/python3.7/site-packages/airflow/example_dags/example_nested_branch_dag.py
[2022-12-06T06:07:36.300+0000] {processor.py:743} INFO - Processing file /home/airflow/.local/lib/python3.7/site-packages/airflow/example_dags/example_nested_branch_dag.py for tasks to queue
[2022-12-06T06:07:36.325+0000] {logging_mixin.py:137} INFO - [2022-12-06T06:07:36.317+0000] {dagbag.py:538} INFO - Filling up the DagBag from /home/airflow/.local/lib/python3.7/site-packages/airflow/example_dags/example_nested_branch_dag.py
[2022-12-06T06:07:42.247+0000] {processor.py:753} INFO - DAG(s) dict_keys(['example_nested_branch_dag']) retrieved from /home/airflow/.local/lib/python3.7/site-packages/airflow/example_dags/example_nested_branch_dag.py
[2022-12-06T06:07:42.628+0000] {logging_mixin.py:137} INFO - [2022-12-06T06:07:42.627+0000] {dag.py:2676} INFO - Sync 1 DAGs
[2022-12-06T06:07:42.771+0000] {logging_mixin.py:137} INFO - [2022-12-06T06:07:42.770+0000] {dag.py:3427} INFO - Setting next_dagrun for example_nested_branch_dag to 2022-12-05T00:00:00+00:00, run_after=2022-12-06T00:00:00+00:00
[2022-12-06T06:07:42.834+0000] {processor.py:175} INFO - Processing /home/airflow/.local/lib/python3.7/site-packages/airflow/example_dags/example_nested_branch_dag.py took 13.162 seconds
[2022-12-06T06:08:15.686+0000] {processor.py:153} INFO - Started process (PID=2237) to work on /home/airflow/.local/lib/python3.7/site-packages/airflow/example_dags/example_nested_branch_dag.py
[2022-12-06T06:08:15.691+0000] {processor.py:743} INFO - Processing file /home/airflow/.local/lib/python3.7/site-packages/airflow/example_dags/example_nested_branch_dag.py for tasks to queue
[2022-12-06T06:08:15.693+0000] {logging_mixin.py:137} INFO - [2022-12-06T06:08:15.692+0000] {dagbag.py:538} INFO - Filling up the DagBag from /home/airflow/.local/lib/python3.7/site-packages/airflow/example_dags/example_nested_branch_dag.py
[2022-12-06T06:08:15.808+0000] {processor.py:753} INFO - DAG(s) dict_keys(['example_nested_branch_dag']) retrieved from /home/airflow/.local/lib/python3.7/site-packages/airflow/example_dags/example_nested_branch_dag.py
[2022-12-06T06:08:39.930+0000] {logging_mixin.py:137} INFO - [2022-12-06T06:08:39.923+0000] {dag.py:2676} INFO - Sync 1 DAGs
[2022-12-06T06:08:40.229+0000] {logging_mixin.py:137} INFO - [2022-12-06T06:08:40.229+0000] {dag.py:3427} INFO - Setting next_dagrun for example_nested_branch_dag to 2022-12-05T00:00:00+00:00, run_after=2022-12-06T00:00:00+00:00
[2022-12-06T06:08:40.310+0000] {processor.py:175} INFO - Processing /home/airflow/.local/lib/python3.7/site-packages/airflow/example_dags/example_nested_branch_dag.py took 24.674 seconds
[2022-12-06T06:09:10.965+0000] {processor.py:153} INFO - Started process (PID=2325) to work on /home/airflow/.local/lib/python3.7/site-packages/airflow/example_dags/example_nested_branch_dag.py
[2022-12-06T06:09:10.983+0000] {processor.py:743} INFO - Processing file /home/airflow/.local/lib/python3.7/site-packages/airflow/example_dags/example_nested_branch_dag.py for tasks to queue
[2022-12-06T06:09:10.992+0000] {logging_mixin.py:137} INFO - [2022-12-06T06:09:10.991+0000] {dagbag.py:538} INFO - Filling up the DagBag from /home/airflow/.local/lib/python3.7/site-packages/airflow/example_dags/example_nested_branch_dag.py
[2022-12-06T06:09:11.234+0000] {processor.py:753} INFO - DAG(s) dict_keys(['example_nested_branch_dag']) retrieved from /home/airflow/.local/lib/python3.7/site-packages/airflow/example_dags/example_nested_branch_dag.py
[2022-12-06T06:09:11.722+0000] {logging_mixin.py:137} INFO - [2022-12-06T06:09:11.722+0000] {dag.py:2676} INFO - Sync 1 DAGs
[2022-12-06T06:09:11.905+0000] {logging_mixin.py:137} INFO - [2022-12-06T06:09:11.904+0000] {dag.py:3427} INFO - Setting next_dagrun for example_nested_branch_dag to 2022-12-05T00:00:00+00:00, run_after=2022-12-06T00:00:00+00:00
[2022-12-06T06:09:11.990+0000] {processor.py:175} INFO - Processing /home/airflow/.local/lib/python3.7/site-packages/airflow/example_dags/example_nested_branch_dag.py took 1.093 seconds
[2022-12-06T06:09:43.683+0000] {processor.py:153} INFO - Started process (PID=2392) to work on /home/airflow/.local/lib/python3.7/site-packages/airflow/example_dags/example_nested_branch_dag.py
[2022-12-06T06:09:43.691+0000] {processor.py:743} INFO - Processing file /home/airflow/.local/lib/python3.7/site-packages/airflow/example_dags/example_nested_branch_dag.py for tasks to queue
[2022-12-06T06:09:43.707+0000] {logging_mixin.py:137} INFO - [2022-12-06T06:09:43.705+0000] {dagbag.py:538} INFO - Filling up the DagBag from /home/airflow/.local/lib/python3.7/site-packages/airflow/example_dags/example_nested_branch_dag.py
[2022-12-06T06:09:44.195+0000] {processor.py:753} INFO - DAG(s) dict_keys(['example_nested_branch_dag']) retrieved from /home/airflow/.local/lib/python3.7/site-packages/airflow/example_dags/example_nested_branch_dag.py
[2022-12-06T06:09:44.890+0000] {logging_mixin.py:137} INFO - [2022-12-06T06:09:44.890+0000] {dag.py:2676} INFO - Sync 1 DAGs
[2022-12-06T06:09:45.136+0000] {logging_mixin.py:137} INFO - [2022-12-06T06:09:45.134+0000] {dag.py:3427} INFO - Setting next_dagrun for example_nested_branch_dag to 2022-12-05T00:00:00+00:00, run_after=2022-12-06T00:00:00+00:00
[2022-12-06T06:09:45.237+0000] {processor.py:175} INFO - Processing /home/airflow/.local/lib/python3.7/site-packages/airflow/example_dags/example_nested_branch_dag.py took 1.663 seconds
[2022-12-06T06:10:22.868+0000] {processor.py:153} INFO - Started process (PID=2455) to work on /home/airflow/.local/lib/python3.7/site-packages/airflow/example_dags/example_nested_branch_dag.py
[2022-12-06T06:10:22.889+0000] {processor.py:743} INFO - Processing file /home/airflow/.local/lib/python3.7/site-packages/airflow/example_dags/example_nested_branch_dag.py for tasks to queue
[2022-12-06T06:10:22.938+0000] {logging_mixin.py:137} INFO - [2022-12-06T06:10:22.925+0000] {dagbag.py:538} INFO - Filling up the DagBag from /home/airflow/.local/lib/python3.7/site-packages/airflow/example_dags/example_nested_branch_dag.py
[2022-12-06T06:10:25.561+0000] {processor.py:753} INFO - DAG(s) dict_keys(['example_nested_branch_dag']) retrieved from /home/airflow/.local/lib/python3.7/site-packages/airflow/example_dags/example_nested_branch_dag.py
[2022-12-06T06:10:27.033+0000] {logging_mixin.py:137} INFO - [2022-12-06T06:10:27.010+0000] {dag.py:2676} INFO - Sync 1 DAGs
[2022-12-06T06:10:32.075+0000] {logging_mixin.py:137} INFO - [2022-12-06T06:10:32.074+0000] {dag.py:3427} INFO - Setting next_dagrun for example_nested_branch_dag to 2022-12-05T00:00:00+00:00, run_after=2022-12-06T00:00:00+00:00
[2022-12-06T06:10:32.254+0000] {processor.py:175} INFO - Processing /home/airflow/.local/lib/python3.7/site-packages/airflow/example_dags/example_nested_branch_dag.py took 9.595 seconds
[2022-12-06T06:11:02.647+0000] {processor.py:153} INFO - Started process (PID=2529) to work on /home/airflow/.local/lib/python3.7/site-packages/airflow/example_dags/example_nested_branch_dag.py
[2022-12-06T06:11:02.651+0000] {processor.py:743} INFO - Processing file /home/airflow/.local/lib/python3.7/site-packages/airflow/example_dags/example_nested_branch_dag.py for tasks to queue
[2022-12-06T06:11:02.655+0000] {logging_mixin.py:137} INFO - [2022-12-06T06:11:02.654+0000] {dagbag.py:538} INFO - Filling up the DagBag from /home/airflow/.local/lib/python3.7/site-packages/airflow/example_dags/example_nested_branch_dag.py
[2022-12-06T06:11:02.900+0000] {processor.py:753} INFO - DAG(s) dict_keys(['example_nested_branch_dag']) retrieved from /home/airflow/.local/lib/python3.7/site-packages/airflow/example_dags/example_nested_branch_dag.py
[2022-12-06T06:11:04.190+0000] {logging_mixin.py:137} INFO - [2022-12-06T06:11:04.190+0000] {dag.py:2676} INFO - Sync 1 DAGs
[2022-12-06T06:11:04.257+0000] {logging_mixin.py:137} INFO - [2022-12-06T06:11:04.256+0000] {dag.py:3427} INFO - Setting next_dagrun for example_nested_branch_dag to 2022-12-05T00:00:00+00:00, run_after=2022-12-06T00:00:00+00:00
[2022-12-06T06:11:04.316+0000] {processor.py:175} INFO - Processing /home/airflow/.local/lib/python3.7/site-packages/airflow/example_dags/example_nested_branch_dag.py took 1.674 seconds
[2022-12-06T06:11:35.098+0000] {processor.py:153} INFO - Started process (PID=2598) to work on /home/airflow/.local/lib/python3.7/site-packages/airflow/example_dags/example_nested_branch_dag.py
[2022-12-06T06:11:35.102+0000] {processor.py:743} INFO - Processing file /home/airflow/.local/lib/python3.7/site-packages/airflow/example_dags/example_nested_branch_dag.py for tasks to queue
[2022-12-06T06:11:35.104+0000] {logging_mixin.py:137} INFO - [2022-12-06T06:11:35.104+0000] {dagbag.py:538} INFO - Filling up the DagBag from /home/airflow/.local/lib/python3.7/site-packages/airflow/example_dags/example_nested_branch_dag.py
[2022-12-06T06:11:35.157+0000] {processor.py:753} INFO - DAG(s) dict_keys(['example_nested_branch_dag']) retrieved from /home/airflow/.local/lib/python3.7/site-packages/airflow/example_dags/example_nested_branch_dag.py
[2022-12-06T06:11:35.250+0000] {logging_mixin.py:137} INFO - [2022-12-06T06:11:35.249+0000] {dag.py:2676} INFO - Sync 1 DAGs
[2022-12-06T06:11:35.328+0000] {logging_mixin.py:137} INFO - [2022-12-06T06:11:35.328+0000] {dag.py:3427} INFO - Setting next_dagrun for example_nested_branch_dag to 2022-12-05T00:00:00+00:00, run_after=2022-12-06T00:00:00+00:00
[2022-12-06T06:11:35.372+0000] {processor.py:175} INFO - Processing /home/airflow/.local/lib/python3.7/site-packages/airflow/example_dags/example_nested_branch_dag.py took 0.285 seconds
[2022-12-06T06:12:05.892+0000] {processor.py:153} INFO - Started process (PID=2667) to work on /home/airflow/.local/lib/python3.7/site-packages/airflow/example_dags/example_nested_branch_dag.py
[2022-12-06T06:12:05.895+0000] {processor.py:743} INFO - Processing file /home/airflow/.local/lib/python3.7/site-packages/airflow/example_dags/example_nested_branch_dag.py for tasks to queue
[2022-12-06T06:12:05.897+0000] {logging_mixin.py:137} INFO - [2022-12-06T06:12:05.897+0000] {dagbag.py:538} INFO - Filling up the DagBag from /home/airflow/.local/lib/python3.7/site-packages/airflow/example_dags/example_nested_branch_dag.py
[2022-12-06T06:12:05.950+0000] {processor.py:753} INFO - DAG(s) dict_keys(['example_nested_branch_dag']) retrieved from /home/airflow/.local/lib/python3.7/site-packages/airflow/example_dags/example_nested_branch_dag.py
[2022-12-06T06:12:06.027+0000] {logging_mixin.py:137} INFO - [2022-12-06T06:12:06.027+0000] {dag.py:2676} INFO - Sync 1 DAGs
[2022-12-06T06:12:06.075+0000] {logging_mixin.py:137} INFO - [2022-12-06T06:12:06.074+0000] {dag.py:3427} INFO - Setting next_dagrun for example_nested_branch_dag to 2022-12-05T00:00:00+00:00, run_after=2022-12-06T00:00:00+00:00
[2022-12-06T06:12:06.118+0000] {processor.py:175} INFO - Processing /home/airflow/.local/lib/python3.7/site-packages/airflow/example_dags/example_nested_branch_dag.py took 0.232 seconds
[2022-12-06T06:12:37.084+0000] {processor.py:153} INFO - Started process (PID=2735) to work on /home/airflow/.local/lib/python3.7/site-packages/airflow/example_dags/example_nested_branch_dag.py
[2022-12-06T06:12:37.087+0000] {processor.py:743} INFO - Processing file /home/airflow/.local/lib/python3.7/site-packages/airflow/example_dags/example_nested_branch_dag.py for tasks to queue
[2022-12-06T06:12:37.090+0000] {logging_mixin.py:137} INFO - [2022-12-06T06:12:37.090+0000] {dagbag.py:538} INFO - Filling up the DagBag from /home/airflow/.local/lib/python3.7/site-packages/airflow/example_dags/example_nested_branch_dag.py
[2022-12-06T06:12:37.142+0000] {processor.py:753} INFO - DAG(s) dict_keys(['example_nested_branch_dag']) retrieved from /home/airflow/.local/lib/python3.7/site-packages/airflow/example_dags/example_nested_branch_dag.py
[2022-12-06T06:12:37.216+0000] {logging_mixin.py:137} INFO - [2022-12-06T06:12:37.216+0000] {dag.py:2676} INFO - Sync 1 DAGs
[2022-12-06T06:12:37.271+0000] {logging_mixin.py:137} INFO - [2022-12-06T06:12:37.271+0000] {dag.py:3427} INFO - Setting next_dagrun for example_nested_branch_dag to 2022-12-05T00:00:00+00:00, run_after=2022-12-06T00:00:00+00:00
[2022-12-06T06:12:37.320+0000] {processor.py:175} INFO - Processing /home/airflow/.local/lib/python3.7/site-packages/airflow/example_dags/example_nested_branch_dag.py took 0.242 seconds
[2022-12-06T06:13:08.723+0000] {processor.py:153} INFO - Started process (PID=2775) to work on /home/airflow/.local/lib/python3.7/site-packages/airflow/example_dags/example_nested_branch_dag.py
[2022-12-06T06:13:08.727+0000] {processor.py:743} INFO - Processing file /home/airflow/.local/lib/python3.7/site-packages/airflow/example_dags/example_nested_branch_dag.py for tasks to queue
[2022-12-06T06:13:08.731+0000] {logging_mixin.py:137} INFO - [2022-12-06T06:13:08.730+0000] {dagbag.py:538} INFO - Filling up the DagBag from /home/airflow/.local/lib/python3.7/site-packages/airflow/example_dags/example_nested_branch_dag.py
[2022-12-06T06:13:08.837+0000] {processor.py:753} INFO - DAG(s) dict_keys(['example_nested_branch_dag']) retrieved from /home/airflow/.local/lib/python3.7/site-packages/airflow/example_dags/example_nested_branch_dag.py
[2022-12-06T06:13:08.970+0000] {logging_mixin.py:137} INFO - [2022-12-06T06:13:08.970+0000] {dag.py:2676} INFO - Sync 1 DAGs
[2022-12-06T06:13:09.068+0000] {logging_mixin.py:137} INFO - [2022-12-06T06:13:09.068+0000] {dag.py:3427} INFO - Setting next_dagrun for example_nested_branch_dag to 2022-12-05T00:00:00+00:00, run_after=2022-12-06T00:00:00+00:00
[2022-12-06T06:13:09.099+0000] {processor.py:175} INFO - Processing /home/airflow/.local/lib/python3.7/site-packages/airflow/example_dags/example_nested_branch_dag.py took 0.384 seconds
[2022-12-06T06:13:42.649+0000] {processor.py:153} INFO - Started process (PID=2836) to work on /home/airflow/.local/lib/python3.7/site-packages/airflow/example_dags/example_nested_branch_dag.py
[2022-12-06T06:13:42.651+0000] {processor.py:743} INFO - Processing file /home/airflow/.local/lib/python3.7/site-packages/airflow/example_dags/example_nested_branch_dag.py for tasks to queue
[2022-12-06T06:13:42.653+0000] {logging_mixin.py:137} INFO - [2022-12-06T06:13:42.653+0000] {dagbag.py:538} INFO - Filling up the DagBag from /home/airflow/.local/lib/python3.7/site-packages/airflow/example_dags/example_nested_branch_dag.py
[2022-12-06T06:13:42.717+0000] {processor.py:753} INFO - DAG(s) dict_keys(['example_nested_branch_dag']) retrieved from /home/airflow/.local/lib/python3.7/site-packages/airflow/example_dags/example_nested_branch_dag.py
[2022-12-06T06:13:42.883+0000] {logging_mixin.py:137} INFO - [2022-12-06T06:13:42.883+0000] {dag.py:2676} INFO - Sync 1 DAGs
[2022-12-06T06:13:42.996+0000] {logging_mixin.py:137} INFO - [2022-12-06T06:13:42.996+0000] {dag.py:3427} INFO - Setting next_dagrun for example_nested_branch_dag to 2022-12-05T00:00:00+00:00, run_after=2022-12-06T00:00:00+00:00
[2022-12-06T06:13:43.035+0000] {processor.py:175} INFO - Processing /home/airflow/.local/lib/python3.7/site-packages/airflow/example_dags/example_nested_branch_dag.py took 0.392 seconds
[2022-12-06T06:14:13.240+0000] {processor.py:153} INFO - Started process (PID=2897) to work on /home/airflow/.local/lib/python3.7/site-packages/airflow/example_dags/example_nested_branch_dag.py
[2022-12-06T06:14:13.250+0000] {processor.py:743} INFO - Processing file /home/airflow/.local/lib/python3.7/site-packages/airflow/example_dags/example_nested_branch_dag.py for tasks to queue
[2022-12-06T06:14:13.264+0000] {logging_mixin.py:137} INFO - [2022-12-06T06:14:13.264+0000] {dagbag.py:538} INFO - Filling up the DagBag from /home/airflow/.local/lib/python3.7/site-packages/airflow/example_dags/example_nested_branch_dag.py
[2022-12-06T06:14:14.611+0000] {processor.py:753} INFO - DAG(s) dict_keys(['example_nested_branch_dag']) retrieved from /home/airflow/.local/lib/python3.7/site-packages/airflow/example_dags/example_nested_branch_dag.py
[2022-12-06T06:14:15.895+0000] {logging_mixin.py:137} INFO - [2022-12-06T06:14:15.891+0000] {dag.py:2676} INFO - Sync 1 DAGs
[2022-12-06T06:14:20.882+0000] {logging_mixin.py:137} INFO - [2022-12-06T06:14:20.875+0000] {dag.py:3427} INFO - Setting next_dagrun for example_nested_branch_dag to 2022-12-05T00:00:00+00:00, run_after=2022-12-06T00:00:00+00:00
[2022-12-06T06:14:22.731+0000] {processor.py:175} INFO - Processing /home/airflow/.local/lib/python3.7/site-packages/airflow/example_dags/example_nested_branch_dag.py took 9.532 seconds
[2022-12-06T06:14:53.978+0000] {processor.py:153} INFO - Started process (PID=2972) to work on /home/airflow/.local/lib/python3.7/site-packages/airflow/example_dags/example_nested_branch_dag.py
[2022-12-06T06:14:53.997+0000] {processor.py:743} INFO - Processing file /home/airflow/.local/lib/python3.7/site-packages/airflow/example_dags/example_nested_branch_dag.py for tasks to queue
[2022-12-06T06:14:54.722+0000] {logging_mixin.py:137} INFO - [2022-12-06T06:14:54.011+0000] {dagbag.py:538} INFO - Filling up the DagBag from /home/airflow/.local/lib/python3.7/site-packages/airflow/example_dags/example_nested_branch_dag.py
[2022-12-06T06:14:56.181+0000] {processor.py:753} INFO - DAG(s) dict_keys(['example_nested_branch_dag']) retrieved from /home/airflow/.local/lib/python3.7/site-packages/airflow/example_dags/example_nested_branch_dag.py
[2022-12-06T06:15:00.045+0000] {logging_mixin.py:137} INFO - [2022-12-06T06:15:00.043+0000] {dag.py:2676} INFO - Sync 1 DAGs
[2022-12-06T06:15:00.441+0000] {logging_mixin.py:137} INFO - [2022-12-06T06:15:00.439+0000] {dag.py:3427} INFO - Setting next_dagrun for example_nested_branch_dag to 2022-12-05T00:00:00+00:00, run_after=2022-12-06T00:00:00+00:00
[2022-12-06T06:15:00.574+0000] {processor.py:175} INFO - Processing /home/airflow/.local/lib/python3.7/site-packages/airflow/example_dags/example_nested_branch_dag.py took 6.631 seconds
[2022-12-06T06:15:31.289+0000] {processor.py:153} INFO - Started process (PID=3041) to work on /home/airflow/.local/lib/python3.7/site-packages/airflow/example_dags/example_nested_branch_dag.py
[2022-12-06T06:15:31.294+0000] {processor.py:743} INFO - Processing file /home/airflow/.local/lib/python3.7/site-packages/airflow/example_dags/example_nested_branch_dag.py for tasks to queue
[2022-12-06T06:15:31.297+0000] {logging_mixin.py:137} INFO - [2022-12-06T06:15:31.297+0000] {dagbag.py:538} INFO - Filling up the DagBag from /home/airflow/.local/lib/python3.7/site-packages/airflow/example_dags/example_nested_branch_dag.py
[2022-12-06T06:15:31.403+0000] {processor.py:753} INFO - DAG(s) dict_keys(['example_nested_branch_dag']) retrieved from /home/airflow/.local/lib/python3.7/site-packages/airflow/example_dags/example_nested_branch_dag.py
[2022-12-06T06:15:31.887+0000] {logging_mixin.py:137} INFO - [2022-12-06T06:15:31.875+0000] {dag.py:2676} INFO - Sync 1 DAGs
[2022-12-06T06:15:34.097+0000] {logging_mixin.py:137} INFO - [2022-12-06T06:15:34.092+0000] {dag.py:3427} INFO - Setting next_dagrun for example_nested_branch_dag to 2022-12-05T00:00:00+00:00, run_after=2022-12-06T00:00:00+00:00
[2022-12-06T06:15:37.890+0000] {processor.py:175} INFO - Processing /home/airflow/.local/lib/python3.7/site-packages/airflow/example_dags/example_nested_branch_dag.py took 6.608 seconds
[2022-12-06T06:16:08.104+0000] {processor.py:153} INFO - Started process (PID=3109) to work on /home/airflow/.local/lib/python3.7/site-packages/airflow/example_dags/example_nested_branch_dag.py
[2022-12-06T06:16:08.105+0000] {processor.py:743} INFO - Processing file /home/airflow/.local/lib/python3.7/site-packages/airflow/example_dags/example_nested_branch_dag.py for tasks to queue
[2022-12-06T06:16:08.108+0000] {logging_mixin.py:137} INFO - [2022-12-06T06:16:08.107+0000] {dagbag.py:538} INFO - Filling up the DagBag from /home/airflow/.local/lib/python3.7/site-packages/airflow/example_dags/example_nested_branch_dag.py
[2022-12-06T06:16:08.143+0000] {processor.py:753} INFO - DAG(s) dict_keys(['example_nested_branch_dag']) retrieved from /home/airflow/.local/lib/python3.7/site-packages/airflow/example_dags/example_nested_branch_dag.py
[2022-12-06T06:16:08.196+0000] {logging_mixin.py:137} INFO - [2022-12-06T06:16:08.196+0000] {dag.py:2676} INFO - Sync 1 DAGs
[2022-12-06T06:16:08.236+0000] {logging_mixin.py:137} INFO - [2022-12-06T06:16:08.236+0000] {dag.py:3427} INFO - Setting next_dagrun for example_nested_branch_dag to 2022-12-05T00:00:00+00:00, run_after=2022-12-06T00:00:00+00:00
[2022-12-06T06:16:08.270+0000] {processor.py:175} INFO - Processing /home/airflow/.local/lib/python3.7/site-packages/airflow/example_dags/example_nested_branch_dag.py took 0.172 seconds
[2022-12-06T06:17:00.881+0000] {processor.py:153} INFO - Started process (PID=3154) to work on /home/airflow/.local/lib/python3.7/site-packages/airflow/example_dags/example_nested_branch_dag.py
[2022-12-06T06:17:00.883+0000] {processor.py:743} INFO - Processing file /home/airflow/.local/lib/python3.7/site-packages/airflow/example_dags/example_nested_branch_dag.py for tasks to queue
[2022-12-06T06:17:00.886+0000] {logging_mixin.py:137} INFO - [2022-12-06T06:17:00.885+0000] {dagbag.py:538} INFO - Filling up the DagBag from /home/airflow/.local/lib/python3.7/site-packages/airflow/example_dags/example_nested_branch_dag.py
[2022-12-06T06:17:00.958+0000] {processor.py:753} INFO - DAG(s) dict_keys(['example_nested_branch_dag']) retrieved from /home/airflow/.local/lib/python3.7/site-packages/airflow/example_dags/example_nested_branch_dag.py
[2022-12-06T06:17:01.069+0000] {logging_mixin.py:137} INFO - [2022-12-06T06:17:01.068+0000] {dag.py:2676} INFO - Sync 1 DAGs
[2022-12-06T06:17:01.151+0000] {logging_mixin.py:137} INFO - [2022-12-06T06:17:01.150+0000] {dag.py:3427} INFO - Setting next_dagrun for example_nested_branch_dag to 2022-12-05T00:00:00+00:00, run_after=2022-12-06T00:00:00+00:00
[2022-12-06T06:17:01.193+0000] {processor.py:175} INFO - Processing /home/airflow/.local/lib/python3.7/site-packages/airflow/example_dags/example_nested_branch_dag.py took 0.318 seconds
[2022-12-06T06:17:37.335+0000] {processor.py:153} INFO - Started process (PID=3215) to work on /home/airflow/.local/lib/python3.7/site-packages/airflow/example_dags/example_nested_branch_dag.py
[2022-12-06T06:17:37.337+0000] {processor.py:743} INFO - Processing file /home/airflow/.local/lib/python3.7/site-packages/airflow/example_dags/example_nested_branch_dag.py for tasks to queue
[2022-12-06T06:17:37.341+0000] {logging_mixin.py:137} INFO - [2022-12-06T06:17:37.340+0000] {dagbag.py:538} INFO - Filling up the DagBag from /home/airflow/.local/lib/python3.7/site-packages/airflow/example_dags/example_nested_branch_dag.py
[2022-12-06T06:17:37.446+0000] {processor.py:753} INFO - DAG(s) dict_keys(['example_nested_branch_dag']) retrieved from /home/airflow/.local/lib/python3.7/site-packages/airflow/example_dags/example_nested_branch_dag.py
[2022-12-06T06:17:37.629+0000] {logging_mixin.py:137} INFO - [2022-12-06T06:17:37.629+0000] {dag.py:2676} INFO - Sync 1 DAGs
[2022-12-06T06:17:37.688+0000] {logging_mixin.py:137} INFO - [2022-12-06T06:17:37.688+0000] {dag.py:3427} INFO - Setting next_dagrun for example_nested_branch_dag to 2022-12-05T00:00:00+00:00, run_after=2022-12-06T00:00:00+00:00
[2022-12-06T06:17:37.728+0000] {processor.py:175} INFO - Processing /home/airflow/.local/lib/python3.7/site-packages/airflow/example_dags/example_nested_branch_dag.py took 0.400 seconds
[2022-12-06T06:18:08.451+0000] {processor.py:153} INFO - Started process (PID=3274) to work on /home/airflow/.local/lib/python3.7/site-packages/airflow/example_dags/example_nested_branch_dag.py
[2022-12-06T06:18:08.461+0000] {processor.py:743} INFO - Processing file /home/airflow/.local/lib/python3.7/site-packages/airflow/example_dags/example_nested_branch_dag.py for tasks to queue
[2022-12-06T06:18:08.605+0000] {logging_mixin.py:137} INFO - [2022-12-06T06:18:08.505+0000] {dagbag.py:538} INFO - Filling up the DagBag from /home/airflow/.local/lib/python3.7/site-packages/airflow/example_dags/example_nested_branch_dag.py
[2022-12-06T06:18:12.806+0000] {processor.py:753} INFO - DAG(s) dict_keys(['example_nested_branch_dag']) retrieved from /home/airflow/.local/lib/python3.7/site-packages/airflow/example_dags/example_nested_branch_dag.py
[2022-12-06T06:18:20.078+0000] {logging_mixin.py:137} INFO - [2022-12-06T06:18:20.031+0000] {dag.py:2676} INFO - Sync 1 DAGs
[2022-12-06T06:18:23.959+0000] {logging_mixin.py:137} INFO - [2022-12-06T06:18:23.944+0000] {dag.py:3427} INFO - Setting next_dagrun for example_nested_branch_dag to 2022-12-05T00:00:00+00:00, run_after=2022-12-06T00:00:00+00:00
[2022-12-06T06:18:30.627+0000] {processor.py:175} INFO - Processing /home/airflow/.local/lib/python3.7/site-packages/airflow/example_dags/example_nested_branch_dag.py took 22.077 seconds
[2022-12-06T06:19:01.787+0000] {processor.py:153} INFO - Started process (PID=3361) to work on /home/airflow/.local/lib/python3.7/site-packages/airflow/example_dags/example_nested_branch_dag.py
[2022-12-06T06:19:01.794+0000] {processor.py:743} INFO - Processing file /home/airflow/.local/lib/python3.7/site-packages/airflow/example_dags/example_nested_branch_dag.py for tasks to queue
[2022-12-06T06:19:01.802+0000] {logging_mixin.py:137} INFO - [2022-12-06T06:19:01.800+0000] {dagbag.py:538} INFO - Filling up the DagBag from /home/airflow/.local/lib/python3.7/site-packages/airflow/example_dags/example_nested_branch_dag.py
[2022-12-06T06:19:02.122+0000] {processor.py:753} INFO - DAG(s) dict_keys(['example_nested_branch_dag']) retrieved from /home/airflow/.local/lib/python3.7/site-packages/airflow/example_dags/example_nested_branch_dag.py
[2022-12-06T06:19:07.420+0000] {logging_mixin.py:137} INFO - [2022-12-06T06:19:07.412+0000] {dag.py:2676} INFO - Sync 1 DAGs
[2022-12-06T06:20:15.947+0000] {processor.py:153} INFO - Started process (PID=55) to work on /home/airflow/.local/lib/python3.7/site-packages/airflow/example_dags/example_nested_branch_dag.py
[2022-12-06T06:20:15.949+0000] {processor.py:743} INFO - Processing file /home/airflow/.local/lib/python3.7/site-packages/airflow/example_dags/example_nested_branch_dag.py for tasks to queue
[2022-12-06T06:20:15.952+0000] {logging_mixin.py:137} INFO - [2022-12-06T06:20:15.952+0000] {dagbag.py:538} INFO - Filling up the DagBag from /home/airflow/.local/lib/python3.7/site-packages/airflow/example_dags/example_nested_branch_dag.py
[2022-12-06T06:20:15.991+0000] {processor.py:753} INFO - DAG(s) dict_keys(['example_nested_branch_dag']) retrieved from /home/airflow/.local/lib/python3.7/site-packages/airflow/example_dags/example_nested_branch_dag.py
[2022-12-06T06:20:16.033+0000] {logging_mixin.py:137} INFO - [2022-12-06T06:20:16.032+0000] {dag.py:2676} INFO - Sync 1 DAGs
[2022-12-06T06:20:16.066+0000] {logging_mixin.py:137} INFO - [2022-12-06T06:20:16.066+0000] {dag.py:3427} INFO - Setting next_dagrun for example_nested_branch_dag to 2022-12-05T00:00:00+00:00, run_after=2022-12-06T00:00:00+00:00
[2022-12-06T06:20:16.089+0000] {processor.py:175} INFO - Processing /home/airflow/.local/lib/python3.7/site-packages/airflow/example_dags/example_nested_branch_dag.py took 0.146 seconds
[2022-12-06T06:20:47.059+0000] {processor.py:153} INFO - Started process (PID=124) to work on /home/airflow/.local/lib/python3.7/site-packages/airflow/example_dags/example_nested_branch_dag.py
[2022-12-06T06:20:47.064+0000] {processor.py:743} INFO - Processing file /home/airflow/.local/lib/python3.7/site-packages/airflow/example_dags/example_nested_branch_dag.py for tasks to queue
[2022-12-06T06:20:47.070+0000] {logging_mixin.py:137} INFO - [2022-12-06T06:20:47.069+0000] {dagbag.py:538} INFO - Filling up the DagBag from /home/airflow/.local/lib/python3.7/site-packages/airflow/example_dags/example_nested_branch_dag.py
[2022-12-06T06:20:47.242+0000] {processor.py:753} INFO - DAG(s) dict_keys(['example_nested_branch_dag']) retrieved from /home/airflow/.local/lib/python3.7/site-packages/airflow/example_dags/example_nested_branch_dag.py
[2022-12-06T06:20:47.439+0000] {logging_mixin.py:137} INFO - [2022-12-06T06:20:47.438+0000] {dag.py:2676} INFO - Sync 1 DAGs
[2022-12-06T06:20:47.578+0000] {logging_mixin.py:137} INFO - [2022-12-06T06:20:47.578+0000] {dag.py:3427} INFO - Setting next_dagrun for example_nested_branch_dag to 2022-12-05T00:00:00+00:00, run_after=2022-12-06T00:00:00+00:00
[2022-12-06T06:20:47.710+0000] {processor.py:175} INFO - Processing /home/airflow/.local/lib/python3.7/site-packages/airflow/example_dags/example_nested_branch_dag.py took 0.700 seconds
[2022-12-06T06:21:18.754+0000] {processor.py:153} INFO - Started process (PID=176) to work on /home/airflow/.local/lib/python3.7/site-packages/airflow/example_dags/example_nested_branch_dag.py
[2022-12-06T06:21:18.764+0000] {processor.py:743} INFO - Processing file /home/airflow/.local/lib/python3.7/site-packages/airflow/example_dags/example_nested_branch_dag.py for tasks to queue
[2022-12-06T06:21:18.797+0000] {logging_mixin.py:137} INFO - [2022-12-06T06:21:18.795+0000] {dagbag.py:538} INFO - Filling up the DagBag from /home/airflow/.local/lib/python3.7/site-packages/airflow/example_dags/example_nested_branch_dag.py
[2022-12-06T06:21:20.554+0000] {processor.py:753} INFO - DAG(s) dict_keys(['example_nested_branch_dag']) retrieved from /home/airflow/.local/lib/python3.7/site-packages/airflow/example_dags/example_nested_branch_dag.py
[2022-12-06T06:21:23.309+0000] {logging_mixin.py:137} INFO - [2022-12-06T06:21:23.301+0000] {dag.py:2676} INFO - Sync 1 DAGs
[2022-12-06T06:21:23.898+0000] {logging_mixin.py:137} INFO - [2022-12-06T06:21:23.896+0000] {dag.py:3427} INFO - Setting next_dagrun for example_nested_branch_dag to 2022-12-05T00:00:00+00:00, run_after=2022-12-06T00:00:00+00:00
[2022-12-06T06:21:24.196+0000] {processor.py:175} INFO - Processing /home/airflow/.local/lib/python3.7/site-packages/airflow/example_dags/example_nested_branch_dag.py took 5.518 seconds
[2022-12-06T06:28:43.244+0000] {processor.py:153} INFO - Started process (PID=61) to work on /home/airflow/.local/lib/python3.7/site-packages/airflow/example_dags/example_nested_branch_dag.py
[2022-12-06T06:28:43.247+0000] {processor.py:743} INFO - Processing file /home/airflow/.local/lib/python3.7/site-packages/airflow/example_dags/example_nested_branch_dag.py for tasks to queue
[2022-12-06T06:28:43.250+0000] {logging_mixin.py:137} INFO - [2022-12-06T06:28:43.249+0000] {dagbag.py:538} INFO - Filling up the DagBag from /home/airflow/.local/lib/python3.7/site-packages/airflow/example_dags/example_nested_branch_dag.py
[2022-12-06T06:28:43.314+0000] {processor.py:753} INFO - DAG(s) dict_keys(['example_nested_branch_dag']) retrieved from /home/airflow/.local/lib/python3.7/site-packages/airflow/example_dags/example_nested_branch_dag.py
[2022-12-06T06:28:43.362+0000] {logging_mixin.py:137} INFO - [2022-12-06T06:28:43.362+0000] {dag.py:2676} INFO - Sync 1 DAGs
[2022-12-06T06:28:43.399+0000] {logging_mixin.py:137} INFO - [2022-12-06T06:28:43.398+0000] {dag.py:3427} INFO - Setting next_dagrun for example_nested_branch_dag to 2022-12-05T00:00:00+00:00, run_after=2022-12-06T00:00:00+00:00
[2022-12-06T06:28:43.423+0000] {processor.py:175} INFO - Processing /home/airflow/.local/lib/python3.7/site-packages/airflow/example_dags/example_nested_branch_dag.py took 0.187 seconds
[2022-12-06T06:29:13.929+0000] {processor.py:153} INFO - Started process (PID=128) to work on /home/airflow/.local/lib/python3.7/site-packages/airflow/example_dags/example_nested_branch_dag.py
[2022-12-06T06:29:13.930+0000] {processor.py:743} INFO - Processing file /home/airflow/.local/lib/python3.7/site-packages/airflow/example_dags/example_nested_branch_dag.py for tasks to queue
[2022-12-06T06:29:13.933+0000] {logging_mixin.py:137} INFO - [2022-12-06T06:29:13.933+0000] {dagbag.py:538} INFO - Filling up the DagBag from /home/airflow/.local/lib/python3.7/site-packages/airflow/example_dags/example_nested_branch_dag.py
[2022-12-06T06:29:13.989+0000] {processor.py:753} INFO - DAG(s) dict_keys(['example_nested_branch_dag']) retrieved from /home/airflow/.local/lib/python3.7/site-packages/airflow/example_dags/example_nested_branch_dag.py
[2022-12-06T06:29:14.054+0000] {logging_mixin.py:137} INFO - [2022-12-06T06:29:14.054+0000] {dag.py:2676} INFO - Sync 1 DAGs
[2022-12-06T06:29:14.089+0000] {logging_mixin.py:137} INFO - [2022-12-06T06:29:14.089+0000] {dag.py:3427} INFO - Setting next_dagrun for example_nested_branch_dag to 2022-12-05T00:00:00+00:00, run_after=2022-12-06T00:00:00+00:00
[2022-12-06T06:29:14.116+0000] {processor.py:175} INFO - Processing /home/airflow/.local/lib/python3.7/site-packages/airflow/example_dags/example_nested_branch_dag.py took 0.192 seconds
[2022-12-06T06:29:44.726+0000] {processor.py:153} INFO - Started process (PID=195) to work on /home/airflow/.local/lib/python3.7/site-packages/airflow/example_dags/example_nested_branch_dag.py
[2022-12-06T06:29:44.728+0000] {processor.py:743} INFO - Processing file /home/airflow/.local/lib/python3.7/site-packages/airflow/example_dags/example_nested_branch_dag.py for tasks to queue
[2022-12-06T06:29:44.729+0000] {logging_mixin.py:137} INFO - [2022-12-06T06:29:44.729+0000] {dagbag.py:538} INFO - Filling up the DagBag from /home/airflow/.local/lib/python3.7/site-packages/airflow/example_dags/example_nested_branch_dag.py
[2022-12-06T06:29:44.768+0000] {processor.py:753} INFO - DAG(s) dict_keys(['example_nested_branch_dag']) retrieved from /home/airflow/.local/lib/python3.7/site-packages/airflow/example_dags/example_nested_branch_dag.py
[2022-12-06T06:29:44.834+0000] {logging_mixin.py:137} INFO - [2022-12-06T06:29:44.834+0000] {dag.py:2676} INFO - Sync 1 DAGs
[2022-12-06T06:29:44.894+0000] {logging_mixin.py:137} INFO - [2022-12-06T06:29:44.894+0000] {dag.py:3427} INFO - Setting next_dagrun for example_nested_branch_dag to 2022-12-05T00:00:00+00:00, run_after=2022-12-06T00:00:00+00:00
[2022-12-06T06:29:44.936+0000] {processor.py:175} INFO - Processing /home/airflow/.local/lib/python3.7/site-packages/airflow/example_dags/example_nested_branch_dag.py took 0.215 seconds
[2022-12-06T06:30:15.459+0000] {processor.py:153} INFO - Started process (PID=263) to work on /home/airflow/.local/lib/python3.7/site-packages/airflow/example_dags/example_nested_branch_dag.py
[2022-12-06T06:30:15.461+0000] {processor.py:743} INFO - Processing file /home/airflow/.local/lib/python3.7/site-packages/airflow/example_dags/example_nested_branch_dag.py for tasks to queue
[2022-12-06T06:30:15.463+0000] {logging_mixin.py:137} INFO - [2022-12-06T06:30:15.463+0000] {dagbag.py:538} INFO - Filling up the DagBag from /home/airflow/.local/lib/python3.7/site-packages/airflow/example_dags/example_nested_branch_dag.py
[2022-12-06T06:30:15.500+0000] {processor.py:753} INFO - DAG(s) dict_keys(['example_nested_branch_dag']) retrieved from /home/airflow/.local/lib/python3.7/site-packages/airflow/example_dags/example_nested_branch_dag.py
[2022-12-06T06:30:15.553+0000] {logging_mixin.py:137} INFO - [2022-12-06T06:30:15.552+0000] {dag.py:2676} INFO - Sync 1 DAGs
[2022-12-06T06:30:15.590+0000] {logging_mixin.py:137} INFO - [2022-12-06T06:30:15.589+0000] {dag.py:3427} INFO - Setting next_dagrun for example_nested_branch_dag to 2022-12-05T00:00:00+00:00, run_after=2022-12-06T00:00:00+00:00
[2022-12-06T06:30:15.616+0000] {processor.py:175} INFO - Processing /home/airflow/.local/lib/python3.7/site-packages/airflow/example_dags/example_nested_branch_dag.py took 0.161 seconds
[2022-12-06T06:30:45.871+0000] {processor.py:153} INFO - Started process (PID=343) to work on /home/airflow/.local/lib/python3.7/site-packages/airflow/example_dags/example_nested_branch_dag.py
[2022-12-06T06:30:45.873+0000] {processor.py:743} INFO - Processing file /home/airflow/.local/lib/python3.7/site-packages/airflow/example_dags/example_nested_branch_dag.py for tasks to queue
[2022-12-06T06:30:45.874+0000] {logging_mixin.py:137} INFO - [2022-12-06T06:30:45.874+0000] {dagbag.py:538} INFO - Filling up the DagBag from /home/airflow/.local/lib/python3.7/site-packages/airflow/example_dags/example_nested_branch_dag.py
[2022-12-06T06:30:45.907+0000] {processor.py:753} INFO - DAG(s) dict_keys(['example_nested_branch_dag']) retrieved from /home/airflow/.local/lib/python3.7/site-packages/airflow/example_dags/example_nested_branch_dag.py
[2022-12-06T06:30:45.954+0000] {logging_mixin.py:137} INFO - [2022-12-06T06:30:45.953+0000] {dag.py:2676} INFO - Sync 1 DAGs
[2022-12-06T06:30:45.984+0000] {logging_mixin.py:137} INFO - [2022-12-06T06:30:45.984+0000] {dag.py:3427} INFO - Setting next_dagrun for example_nested_branch_dag to 2022-12-05T00:00:00+00:00, run_after=2022-12-06T00:00:00+00:00
[2022-12-06T06:30:46.004+0000] {processor.py:175} INFO - Processing /home/airflow/.local/lib/python3.7/site-packages/airflow/example_dags/example_nested_branch_dag.py took 0.137 seconds
[2022-12-06T06:31:16.275+0000] {processor.py:153} INFO - Started process (PID=409) to work on /home/airflow/.local/lib/python3.7/site-packages/airflow/example_dags/example_nested_branch_dag.py
[2022-12-06T06:31:16.277+0000] {processor.py:743} INFO - Processing file /home/airflow/.local/lib/python3.7/site-packages/airflow/example_dags/example_nested_branch_dag.py for tasks to queue
[2022-12-06T06:31:16.280+0000] {logging_mixin.py:137} INFO - [2022-12-06T06:31:16.279+0000] {dagbag.py:538} INFO - Filling up the DagBag from /home/airflow/.local/lib/python3.7/site-packages/airflow/example_dags/example_nested_branch_dag.py
[2022-12-06T06:31:16.319+0000] {processor.py:753} INFO - DAG(s) dict_keys(['example_nested_branch_dag']) retrieved from /home/airflow/.local/lib/python3.7/site-packages/airflow/example_dags/example_nested_branch_dag.py
[2022-12-06T06:31:16.366+0000] {logging_mixin.py:137} INFO - [2022-12-06T06:31:16.365+0000] {dag.py:2676} INFO - Sync 1 DAGs
[2022-12-06T06:31:16.397+0000] {logging_mixin.py:137} INFO - [2022-12-06T06:31:16.397+0000] {dag.py:3427} INFO - Setting next_dagrun for example_nested_branch_dag to 2022-12-05T00:00:00+00:00, run_after=2022-12-06T00:00:00+00:00
[2022-12-06T06:31:16.416+0000] {processor.py:175} INFO - Processing /home/airflow/.local/lib/python3.7/site-packages/airflow/example_dags/example_nested_branch_dag.py took 0.145 seconds
[2022-12-06T06:31:46.941+0000] {processor.py:153} INFO - Started process (PID=476) to work on /home/airflow/.local/lib/python3.7/site-packages/airflow/example_dags/example_nested_branch_dag.py
[2022-12-06T06:31:46.942+0000] {processor.py:743} INFO - Processing file /home/airflow/.local/lib/python3.7/site-packages/airflow/example_dags/example_nested_branch_dag.py for tasks to queue
[2022-12-06T06:31:46.944+0000] {logging_mixin.py:137} INFO - [2022-12-06T06:31:46.944+0000] {dagbag.py:538} INFO - Filling up the DagBag from /home/airflow/.local/lib/python3.7/site-packages/airflow/example_dags/example_nested_branch_dag.py
[2022-12-06T06:31:46.978+0000] {processor.py:753} INFO - DAG(s) dict_keys(['example_nested_branch_dag']) retrieved from /home/airflow/.local/lib/python3.7/site-packages/airflow/example_dags/example_nested_branch_dag.py
[2022-12-06T06:31:47.024+0000] {logging_mixin.py:137} INFO - [2022-12-06T06:31:47.024+0000] {dag.py:2676} INFO - Sync 1 DAGs
[2022-12-06T06:31:47.061+0000] {logging_mixin.py:137} INFO - [2022-12-06T06:31:47.060+0000] {dag.py:3427} INFO - Setting next_dagrun for example_nested_branch_dag to 2022-12-05T00:00:00+00:00, run_after=2022-12-06T00:00:00+00:00
[2022-12-06T06:31:47.084+0000] {processor.py:175} INFO - Processing /home/airflow/.local/lib/python3.7/site-packages/airflow/example_dags/example_nested_branch_dag.py took 0.148 seconds
[2022-12-06T06:32:17.853+0000] {processor.py:153} INFO - Started process (PID=544) to work on /home/airflow/.local/lib/python3.7/site-packages/airflow/example_dags/example_nested_branch_dag.py
[2022-12-06T06:32:17.855+0000] {processor.py:743} INFO - Processing file /home/airflow/.local/lib/python3.7/site-packages/airflow/example_dags/example_nested_branch_dag.py for tasks to queue
[2022-12-06T06:32:17.856+0000] {logging_mixin.py:137} INFO - [2022-12-06T06:32:17.856+0000] {dagbag.py:538} INFO - Filling up the DagBag from /home/airflow/.local/lib/python3.7/site-packages/airflow/example_dags/example_nested_branch_dag.py
[2022-12-06T06:32:17.892+0000] {processor.py:753} INFO - DAG(s) dict_keys(['example_nested_branch_dag']) retrieved from /home/airflow/.local/lib/python3.7/site-packages/airflow/example_dags/example_nested_branch_dag.py
[2022-12-06T06:32:17.938+0000] {logging_mixin.py:137} INFO - [2022-12-06T06:32:17.938+0000] {dag.py:2676} INFO - Sync 1 DAGs
[2022-12-06T06:32:17.970+0000] {logging_mixin.py:137} INFO - [2022-12-06T06:32:17.970+0000] {dag.py:3427} INFO - Setting next_dagrun for example_nested_branch_dag to 2022-12-05T00:00:00+00:00, run_after=2022-12-06T00:00:00+00:00
[2022-12-06T06:32:17.994+0000] {processor.py:175} INFO - Processing /home/airflow/.local/lib/python3.7/site-packages/airflow/example_dags/example_nested_branch_dag.py took 0.145 seconds
