[2022-12-06T05:24:32.636+0000] {processor.py:153} INFO - Started process (PID=68) to work on /home/airflow/.local/lib/python3.7/site-packages/airflow/example_dags/example_task_group_decorator.py
[2022-12-06T05:24:32.660+0000] {processor.py:743} INFO - Processing file /home/airflow/.local/lib/python3.7/site-packages/airflow/example_dags/example_task_group_decorator.py for tasks to queue
[2022-12-06T05:24:32.664+0000] {logging_mixin.py:137} INFO - [2022-12-06T05:24:32.664+0000] {dagbag.py:538} INFO - Filling up the DagBag from /home/airflow/.local/lib/python3.7/site-packages/airflow/example_dags/example_task_group_decorator.py
[2022-12-06T05:24:32.877+0000] {processor.py:753} INFO - DAG(s) dict_keys(['example_task_group_decorator']) retrieved from /home/airflow/.local/lib/python3.7/site-packages/airflow/example_dags/example_task_group_decorator.py
[2022-12-06T05:24:32.996+0000] {logging_mixin.py:137} INFO - [2022-12-06T05:24:32.996+0000] {dag.py:2676} INFO - Sync 1 DAGs
[2022-12-06T05:24:33.085+0000] {logging_mixin.py:137} INFO - [2022-12-06T05:24:33.084+0000] {dag.py:3427} INFO - Setting next_dagrun for example_task_group_decorator to 2022-12-05T05:24:33.084056+00:00, run_after=2022-12-06T05:24:33.084056+00:00
[2022-12-06T05:24:33.316+0000] {processor.py:175} INFO - Processing /home/airflow/.local/lib/python3.7/site-packages/airflow/example_dags/example_task_group_decorator.py took 0.711 seconds
[2022-12-06T05:26:11.438+0000] {processor.py:153} INFO - Started process (PID=176) to work on /home/airflow/.local/lib/python3.7/site-packages/airflow/example_dags/example_task_group_decorator.py
[2022-12-06T05:26:11.441+0000] {processor.py:743} INFO - Processing file /home/airflow/.local/lib/python3.7/site-packages/airflow/example_dags/example_task_group_decorator.py for tasks to queue
[2022-12-06T05:26:11.446+0000] {logging_mixin.py:137} INFO - [2022-12-06T05:26:11.445+0000] {dagbag.py:538} INFO - Filling up the DagBag from /home/airflow/.local/lib/python3.7/site-packages/airflow/example_dags/example_task_group_decorator.py
[2022-12-06T05:26:11.522+0000] {processor.py:753} INFO - DAG(s) dict_keys(['example_task_group_decorator']) retrieved from /home/airflow/.local/lib/python3.7/site-packages/airflow/example_dags/example_task_group_decorator.py
[2022-12-06T05:26:11.626+0000] {logging_mixin.py:137} INFO - [2022-12-06T05:26:11.626+0000] {dag.py:2676} INFO - Sync 1 DAGs
[2022-12-06T05:26:11.672+0000] {logging_mixin.py:137} INFO - [2022-12-06T05:26:11.671+0000] {dag.py:3427} INFO - Setting next_dagrun for example_task_group_decorator to 2022-12-05T05:26:11.671295+00:00, run_after=2022-12-06T05:26:11.671295+00:00
[2022-12-06T05:26:11.750+0000] {processor.py:175} INFO - Processing /home/airflow/.local/lib/python3.7/site-packages/airflow/example_dags/example_task_group_decorator.py took 0.322 seconds
[2022-12-06T05:27:07.905+0000] {processor.py:153} INFO - Started process (PID=264) to work on /home/airflow/.local/lib/python3.7/site-packages/airflow/example_dags/example_task_group_decorator.py
[2022-12-06T05:27:07.909+0000] {processor.py:743} INFO - Processing file /home/airflow/.local/lib/python3.7/site-packages/airflow/example_dags/example_task_group_decorator.py for tasks to queue
[2022-12-06T05:27:07.912+0000] {logging_mixin.py:137} INFO - [2022-12-06T05:27:07.911+0000] {dagbag.py:538} INFO - Filling up the DagBag from /home/airflow/.local/lib/python3.7/site-packages/airflow/example_dags/example_task_group_decorator.py
[2022-12-06T05:27:07.979+0000] {processor.py:753} INFO - DAG(s) dict_keys(['example_task_group_decorator']) retrieved from /home/airflow/.local/lib/python3.7/site-packages/airflow/example_dags/example_task_group_decorator.py
[2022-12-06T05:27:08.059+0000] {logging_mixin.py:137} INFO - [2022-12-06T05:27:08.059+0000] {dag.py:2676} INFO - Sync 1 DAGs
[2022-12-06T05:27:08.115+0000] {logging_mixin.py:137} INFO - [2022-12-06T05:27:08.114+0000] {dag.py:3427} INFO - Setting next_dagrun for example_task_group_decorator to 2022-12-05T05:27:08.114295+00:00, run_after=2022-12-06T05:27:08.114295+00:00
[2022-12-06T05:27:08.151+0000] {processor.py:175} INFO - Processing /home/airflow/.local/lib/python3.7/site-packages/airflow/example_dags/example_task_group_decorator.py took 0.253 seconds
[2022-12-06T05:27:38.654+0000] {processor.py:153} INFO - Started process (PID=332) to work on /home/airflow/.local/lib/python3.7/site-packages/airflow/example_dags/example_task_group_decorator.py
[2022-12-06T05:27:38.656+0000] {processor.py:743} INFO - Processing file /home/airflow/.local/lib/python3.7/site-packages/airflow/example_dags/example_task_group_decorator.py for tasks to queue
[2022-12-06T05:27:38.659+0000] {logging_mixin.py:137} INFO - [2022-12-06T05:27:38.658+0000] {dagbag.py:538} INFO - Filling up the DagBag from /home/airflow/.local/lib/python3.7/site-packages/airflow/example_dags/example_task_group_decorator.py
[2022-12-06T05:27:38.711+0000] {processor.py:753} INFO - DAG(s) dict_keys(['example_task_group_decorator']) retrieved from /home/airflow/.local/lib/python3.7/site-packages/airflow/example_dags/example_task_group_decorator.py
[2022-12-06T05:27:38.771+0000] {logging_mixin.py:137} INFO - [2022-12-06T05:27:38.770+0000] {dag.py:2676} INFO - Sync 1 DAGs
[2022-12-06T05:27:38.809+0000] {logging_mixin.py:137} INFO - [2022-12-06T05:27:38.808+0000] {dag.py:3427} INFO - Setting next_dagrun for example_task_group_decorator to 2022-12-05T05:27:38.808448+00:00, run_after=2022-12-06T05:27:38.808448+00:00
[2022-12-06T05:27:38.835+0000] {processor.py:175} INFO - Processing /home/airflow/.local/lib/python3.7/site-packages/airflow/example_dags/example_task_group_decorator.py took 0.187 seconds
[2022-12-06T05:28:09.761+0000] {processor.py:153} INFO - Started process (PID=399) to work on /home/airflow/.local/lib/python3.7/site-packages/airflow/example_dags/example_task_group_decorator.py
[2022-12-06T05:28:09.764+0000] {processor.py:743} INFO - Processing file /home/airflow/.local/lib/python3.7/site-packages/airflow/example_dags/example_task_group_decorator.py for tasks to queue
[2022-12-06T05:28:09.767+0000] {logging_mixin.py:137} INFO - [2022-12-06T05:28:09.766+0000] {dagbag.py:538} INFO - Filling up the DagBag from /home/airflow/.local/lib/python3.7/site-packages/airflow/example_dags/example_task_group_decorator.py
[2022-12-06T05:28:09.835+0000] {processor.py:753} INFO - DAG(s) dict_keys(['example_task_group_decorator']) retrieved from /home/airflow/.local/lib/python3.7/site-packages/airflow/example_dags/example_task_group_decorator.py
[2022-12-06T05:28:09.929+0000] {logging_mixin.py:137} INFO - [2022-12-06T05:28:09.928+0000] {dag.py:2676} INFO - Sync 1 DAGs
[2022-12-06T05:28:09.991+0000] {logging_mixin.py:137} INFO - [2022-12-06T05:28:09.991+0000] {dag.py:3427} INFO - Setting next_dagrun for example_task_group_decorator to 2022-12-05T05:28:09.990644+00:00, run_after=2022-12-06T05:28:09.990644+00:00
[2022-12-06T05:28:10.046+0000] {processor.py:175} INFO - Processing /home/airflow/.local/lib/python3.7/site-packages/airflow/example_dags/example_task_group_decorator.py took 0.292 seconds
[2022-12-06T05:28:41.977+0000] {processor.py:153} INFO - Started process (PID=465) to work on /home/airflow/.local/lib/python3.7/site-packages/airflow/example_dags/example_task_group_decorator.py
[2022-12-06T05:28:41.982+0000] {processor.py:743} INFO - Processing file /home/airflow/.local/lib/python3.7/site-packages/airflow/example_dags/example_task_group_decorator.py for tasks to queue
[2022-12-06T05:28:41.995+0000] {logging_mixin.py:137} INFO - [2022-12-06T05:28:41.993+0000] {dagbag.py:538} INFO - Filling up the DagBag from /home/airflow/.local/lib/python3.7/site-packages/airflow/example_dags/example_task_group_decorator.py
[2022-12-06T05:28:42.146+0000] {processor.py:753} INFO - DAG(s) dict_keys(['example_task_group_decorator']) retrieved from /home/airflow/.local/lib/python3.7/site-packages/airflow/example_dags/example_task_group_decorator.py
[2022-12-06T05:28:42.244+0000] {logging_mixin.py:137} INFO - [2022-12-06T05:28:42.244+0000] {dag.py:2676} INFO - Sync 1 DAGs
[2022-12-06T05:28:42.304+0000] {logging_mixin.py:137} INFO - [2022-12-06T05:28:42.304+0000] {dag.py:3427} INFO - Setting next_dagrun for example_task_group_decorator to 2022-12-05T05:28:42.303570+00:00, run_after=2022-12-06T05:28:42.303570+00:00
[2022-12-06T05:28:42.340+0000] {processor.py:175} INFO - Processing /home/airflow/.local/lib/python3.7/site-packages/airflow/example_dags/example_task_group_decorator.py took 0.388 seconds
[2022-12-06T05:29:13.028+0000] {processor.py:153} INFO - Started process (PID=533) to work on /home/airflow/.local/lib/python3.7/site-packages/airflow/example_dags/example_task_group_decorator.py
[2022-12-06T05:29:13.031+0000] {processor.py:743} INFO - Processing file /home/airflow/.local/lib/python3.7/site-packages/airflow/example_dags/example_task_group_decorator.py for tasks to queue
[2022-12-06T05:29:13.033+0000] {logging_mixin.py:137} INFO - [2022-12-06T05:29:13.033+0000] {dagbag.py:538} INFO - Filling up the DagBag from /home/airflow/.local/lib/python3.7/site-packages/airflow/example_dags/example_task_group_decorator.py
[2022-12-06T05:29:13.089+0000] {processor.py:753} INFO - DAG(s) dict_keys(['example_task_group_decorator']) retrieved from /home/airflow/.local/lib/python3.7/site-packages/airflow/example_dags/example_task_group_decorator.py
[2022-12-06T05:29:13.167+0000] {logging_mixin.py:137} INFO - [2022-12-06T05:29:13.167+0000] {dag.py:2676} INFO - Sync 1 DAGs
[2022-12-06T05:29:13.211+0000] {logging_mixin.py:137} INFO - [2022-12-06T05:29:13.211+0000] {dag.py:3427} INFO - Setting next_dagrun for example_task_group_decorator to 2022-12-05T05:29:13.211047+00:00, run_after=2022-12-06T05:29:13.211047+00:00
[2022-12-06T05:29:13.252+0000] {processor.py:175} INFO - Processing /home/airflow/.local/lib/python3.7/site-packages/airflow/example_dags/example_task_group_decorator.py took 0.232 seconds
[2022-12-06T05:30:19.698+0000] {processor.py:153} INFO - Started process (PID=595) to work on /home/airflow/.local/lib/python3.7/site-packages/airflow/example_dags/example_task_group_decorator.py
[2022-12-06T05:30:19.704+0000] {processor.py:743} INFO - Processing file /home/airflow/.local/lib/python3.7/site-packages/airflow/example_dags/example_task_group_decorator.py for tasks to queue
[2022-12-06T05:30:19.711+0000] {logging_mixin.py:137} INFO - [2022-12-06T05:30:19.711+0000] {dagbag.py:538} INFO - Filling up the DagBag from /home/airflow/.local/lib/python3.7/site-packages/airflow/example_dags/example_task_group_decorator.py
[2022-12-06T05:30:19.848+0000] {processor.py:753} INFO - DAG(s) dict_keys(['example_task_group_decorator']) retrieved from /home/airflow/.local/lib/python3.7/site-packages/airflow/example_dags/example_task_group_decorator.py
[2022-12-06T05:30:19.997+0000] {logging_mixin.py:137} INFO - [2022-12-06T05:30:19.997+0000] {dag.py:2676} INFO - Sync 1 DAGs
[2022-12-06T05:30:20.098+0000] {logging_mixin.py:137} INFO - [2022-12-06T05:30:20.097+0000] {dag.py:3427} INFO - Setting next_dagrun for example_task_group_decorator to 2022-12-05T05:30:20.096146+00:00, run_after=2022-12-06T05:30:20.096146+00:00
[2022-12-06T05:30:20.163+0000] {processor.py:175} INFO - Processing /home/airflow/.local/lib/python3.7/site-packages/airflow/example_dags/example_task_group_decorator.py took 0.478 seconds
[2022-12-06T05:31:06.673+0000] {processor.py:153} INFO - Started process (PID=678) to work on /home/airflow/.local/lib/python3.7/site-packages/airflow/example_dags/example_task_group_decorator.py
[2022-12-06T05:31:06.676+0000] {processor.py:743} INFO - Processing file /home/airflow/.local/lib/python3.7/site-packages/airflow/example_dags/example_task_group_decorator.py for tasks to queue
[2022-12-06T05:31:06.682+0000] {logging_mixin.py:137} INFO - [2022-12-06T05:31:06.682+0000] {dagbag.py:538} INFO - Filling up the DagBag from /home/airflow/.local/lib/python3.7/site-packages/airflow/example_dags/example_task_group_decorator.py
[2022-12-06T05:31:06.790+0000] {processor.py:753} INFO - DAG(s) dict_keys(['example_task_group_decorator']) retrieved from /home/airflow/.local/lib/python3.7/site-packages/airflow/example_dags/example_task_group_decorator.py
[2022-12-06T05:31:06.873+0000] {logging_mixin.py:137} INFO - [2022-12-06T05:31:06.873+0000] {dag.py:2676} INFO - Sync 1 DAGs
[2022-12-06T05:31:06.923+0000] {logging_mixin.py:137} INFO - [2022-12-06T05:31:06.923+0000] {dag.py:3427} INFO - Setting next_dagrun for example_task_group_decorator to 2022-12-05T05:31:06.922673+00:00, run_after=2022-12-06T05:31:06.922673+00:00
[2022-12-06T05:31:06.951+0000] {processor.py:175} INFO - Processing /home/airflow/.local/lib/python3.7/site-packages/airflow/example_dags/example_task_group_decorator.py took 0.297 seconds
[2022-12-06T05:32:03.888+0000] {processor.py:153} INFO - Started process (PID=745) to work on /home/airflow/.local/lib/python3.7/site-packages/airflow/example_dags/example_task_group_decorator.py
[2022-12-06T05:32:03.894+0000] {processor.py:743} INFO - Processing file /home/airflow/.local/lib/python3.7/site-packages/airflow/example_dags/example_task_group_decorator.py for tasks to queue
[2022-12-06T05:32:03.898+0000] {logging_mixin.py:137} INFO - [2022-12-06T05:32:03.897+0000] {dagbag.py:538} INFO - Filling up the DagBag from /home/airflow/.local/lib/python3.7/site-packages/airflow/example_dags/example_task_group_decorator.py
[2022-12-06T05:32:04.073+0000] {processor.py:753} INFO - DAG(s) dict_keys(['example_task_group_decorator']) retrieved from /home/airflow/.local/lib/python3.7/site-packages/airflow/example_dags/example_task_group_decorator.py
[2022-12-06T05:32:04.210+0000] {logging_mixin.py:137} INFO - [2022-12-06T05:32:04.209+0000] {dag.py:2676} INFO - Sync 1 DAGs
[2022-12-06T05:32:04.288+0000] {logging_mixin.py:137} INFO - [2022-12-06T05:32:04.288+0000] {dag.py:3427} INFO - Setting next_dagrun for example_task_group_decorator to 2022-12-05T05:32:04.281417+00:00, run_after=2022-12-06T05:32:04.281417+00:00
[2022-12-06T05:32:04.356+0000] {processor.py:175} INFO - Processing /home/airflow/.local/lib/python3.7/site-packages/airflow/example_dags/example_task_group_decorator.py took 0.475 seconds
[2022-12-06T05:48:24.740+0000] {processor.py:153} INFO - Started process (PID=96) to work on /home/airflow/.local/lib/python3.7/site-packages/airflow/example_dags/example_task_group_decorator.py
[2022-12-06T05:48:24.745+0000] {processor.py:743} INFO - Processing file /home/airflow/.local/lib/python3.7/site-packages/airflow/example_dags/example_task_group_decorator.py for tasks to queue
[2022-12-06T05:48:24.757+0000] {logging_mixin.py:137} INFO - [2022-12-06T05:48:24.755+0000] {dagbag.py:538} INFO - Filling up the DagBag from /home/airflow/.local/lib/python3.7/site-packages/airflow/example_dags/example_task_group_decorator.py
[2022-12-06T05:48:25.652+0000] {processor.py:753} INFO - DAG(s) dict_keys(['example_task_group_decorator']) retrieved from /home/airflow/.local/lib/python3.7/site-packages/airflow/example_dags/example_task_group_decorator.py
[2022-12-06T05:48:26.154+0000] {logging_mixin.py:137} INFO - [2022-12-06T05:48:26.153+0000] {dag.py:2676} INFO - Sync 1 DAGs
[2022-12-06T05:48:26.282+0000] {logging_mixin.py:137} INFO - [2022-12-06T05:48:26.282+0000] {dag.py:3427} INFO - Setting next_dagrun for example_task_group_decorator to 2022-12-05T05:48:26.281827+00:00, run_after=2022-12-06T05:48:26.281827+00:00
[2022-12-06T05:48:26.365+0000] {processor.py:175} INFO - Processing /home/airflow/.local/lib/python3.7/site-packages/airflow/example_dags/example_task_group_decorator.py took 1.656 seconds
[2022-12-06T05:48:57.343+0000] {processor.py:153} INFO - Started process (PID=179) to work on /home/airflow/.local/lib/python3.7/site-packages/airflow/example_dags/example_task_group_decorator.py
[2022-12-06T05:48:57.347+0000] {processor.py:743} INFO - Processing file /home/airflow/.local/lib/python3.7/site-packages/airflow/example_dags/example_task_group_decorator.py for tasks to queue
[2022-12-06T05:48:57.349+0000] {logging_mixin.py:137} INFO - [2022-12-06T05:48:57.349+0000] {dagbag.py:538} INFO - Filling up the DagBag from /home/airflow/.local/lib/python3.7/site-packages/airflow/example_dags/example_task_group_decorator.py
[2022-12-06T05:48:57.401+0000] {processor.py:753} INFO - DAG(s) dict_keys(['example_task_group_decorator']) retrieved from /home/airflow/.local/lib/python3.7/site-packages/airflow/example_dags/example_task_group_decorator.py
[2022-12-06T05:48:57.513+0000] {logging_mixin.py:137} INFO - [2022-12-06T05:48:57.513+0000] {dag.py:2676} INFO - Sync 1 DAGs
[2022-12-06T05:48:57.583+0000] {logging_mixin.py:137} INFO - [2022-12-06T05:48:57.582+0000] {dag.py:3427} INFO - Setting next_dagrun for example_task_group_decorator to 2022-12-05T05:48:57.581935+00:00, run_after=2022-12-06T05:48:57.581935+00:00
[2022-12-06T05:48:57.646+0000] {processor.py:175} INFO - Processing /home/airflow/.local/lib/python3.7/site-packages/airflow/example_dags/example_task_group_decorator.py took 0.312 seconds
[2022-12-06T05:49:27.855+0000] {processor.py:153} INFO - Started process (PID=243) to work on /home/airflow/.local/lib/python3.7/site-packages/airflow/example_dags/example_task_group_decorator.py
[2022-12-06T05:49:27.857+0000] {processor.py:743} INFO - Processing file /home/airflow/.local/lib/python3.7/site-packages/airflow/example_dags/example_task_group_decorator.py for tasks to queue
[2022-12-06T05:49:27.859+0000] {logging_mixin.py:137} INFO - [2022-12-06T05:49:27.859+0000] {dagbag.py:538} INFO - Filling up the DagBag from /home/airflow/.local/lib/python3.7/site-packages/airflow/example_dags/example_task_group_decorator.py
[2022-12-06T05:49:27.911+0000] {processor.py:753} INFO - DAG(s) dict_keys(['example_task_group_decorator']) retrieved from /home/airflow/.local/lib/python3.7/site-packages/airflow/example_dags/example_task_group_decorator.py
[2022-12-06T05:49:27.973+0000] {logging_mixin.py:137} INFO - [2022-12-06T05:49:27.973+0000] {dag.py:2676} INFO - Sync 1 DAGs
[2022-12-06T05:49:28.015+0000] {logging_mixin.py:137} INFO - [2022-12-06T05:49:28.015+0000] {dag.py:3427} INFO - Setting next_dagrun for example_task_group_decorator to 2022-12-05T05:49:28.015263+00:00, run_after=2022-12-06T05:49:28.015263+00:00
[2022-12-06T05:49:28.056+0000] {processor.py:175} INFO - Processing /home/airflow/.local/lib/python3.7/site-packages/airflow/example_dags/example_task_group_decorator.py took 0.206 seconds
[2022-12-06T05:49:58.234+0000] {processor.py:153} INFO - Started process (PID=315) to work on /home/airflow/.local/lib/python3.7/site-packages/airflow/example_dags/example_task_group_decorator.py
[2022-12-06T05:49:58.237+0000] {processor.py:743} INFO - Processing file /home/airflow/.local/lib/python3.7/site-packages/airflow/example_dags/example_task_group_decorator.py for tasks to queue
[2022-12-06T05:49:58.240+0000] {logging_mixin.py:137} INFO - [2022-12-06T05:49:58.240+0000] {dagbag.py:538} INFO - Filling up the DagBag from /home/airflow/.local/lib/python3.7/site-packages/airflow/example_dags/example_task_group_decorator.py
[2022-12-06T05:49:58.305+0000] {processor.py:753} INFO - DAG(s) dict_keys(['example_task_group_decorator']) retrieved from /home/airflow/.local/lib/python3.7/site-packages/airflow/example_dags/example_task_group_decorator.py
[2022-12-06T05:49:58.389+0000] {logging_mixin.py:137} INFO - [2022-12-06T05:49:58.389+0000] {dag.py:2676} INFO - Sync 1 DAGs
[2022-12-06T05:49:58.445+0000] {logging_mixin.py:137} INFO - [2022-12-06T05:49:58.444+0000] {dag.py:3427} INFO - Setting next_dagrun for example_task_group_decorator to 2022-12-05T05:49:58.443846+00:00, run_after=2022-12-06T05:49:58.443846+00:00
[2022-12-06T05:49:58.484+0000] {processor.py:175} INFO - Processing /home/airflow/.local/lib/python3.7/site-packages/airflow/example_dags/example_task_group_decorator.py took 0.258 seconds
[2022-12-06T05:50:34.938+0000] {processor.py:153} INFO - Started process (PID=373) to work on /home/airflow/.local/lib/python3.7/site-packages/airflow/example_dags/example_task_group_decorator.py
[2022-12-06T05:50:34.943+0000] {processor.py:743} INFO - Processing file /home/airflow/.local/lib/python3.7/site-packages/airflow/example_dags/example_task_group_decorator.py for tasks to queue
[2022-12-06T05:50:34.947+0000] {logging_mixin.py:137} INFO - [2022-12-06T05:50:34.946+0000] {dagbag.py:538} INFO - Filling up the DagBag from /home/airflow/.local/lib/python3.7/site-packages/airflow/example_dags/example_task_group_decorator.py
[2022-12-06T05:50:35.069+0000] {processor.py:753} INFO - DAG(s) dict_keys(['example_task_group_decorator']) retrieved from /home/airflow/.local/lib/python3.7/site-packages/airflow/example_dags/example_task_group_decorator.py
[2022-12-06T05:50:35.233+0000] {logging_mixin.py:137} INFO - [2022-12-06T05:50:35.233+0000] {dag.py:2676} INFO - Sync 1 DAGs
[2022-12-06T05:50:35.309+0000] {logging_mixin.py:137} INFO - [2022-12-06T05:50:35.309+0000] {dag.py:3427} INFO - Setting next_dagrun for example_task_group_decorator to 2022-12-05T05:50:35.308916+00:00, run_after=2022-12-06T05:50:35.308916+00:00
[2022-12-06T05:50:35.366+0000] {processor.py:175} INFO - Processing /home/airflow/.local/lib/python3.7/site-packages/airflow/example_dags/example_task_group_decorator.py took 0.436 seconds
[2022-12-06T05:51:24.578+0000] {processor.py:153} INFO - Started process (PID=441) to work on /home/airflow/.local/lib/python3.7/site-packages/airflow/example_dags/example_task_group_decorator.py
[2022-12-06T05:51:24.582+0000] {processor.py:743} INFO - Processing file /home/airflow/.local/lib/python3.7/site-packages/airflow/example_dags/example_task_group_decorator.py for tasks to queue
[2022-12-06T05:51:24.590+0000] {logging_mixin.py:137} INFO - [2022-12-06T05:51:24.589+0000] {dagbag.py:538} INFO - Filling up the DagBag from /home/airflow/.local/lib/python3.7/site-packages/airflow/example_dags/example_task_group_decorator.py
[2022-12-06T05:51:24.691+0000] {processor.py:753} INFO - DAG(s) dict_keys(['example_task_group_decorator']) retrieved from /home/airflow/.local/lib/python3.7/site-packages/airflow/example_dags/example_task_group_decorator.py
[2022-12-06T05:51:24.772+0000] {logging_mixin.py:137} INFO - [2022-12-06T05:51:24.772+0000] {dag.py:2676} INFO - Sync 1 DAGs
[2022-12-06T05:51:24.814+0000] {logging_mixin.py:137} INFO - [2022-12-06T05:51:24.814+0000] {dag.py:3427} INFO - Setting next_dagrun for example_task_group_decorator to 2022-12-05T05:51:24.813979+00:00, run_after=2022-12-06T05:51:24.813979+00:00
[2022-12-06T05:51:24.859+0000] {processor.py:175} INFO - Processing /home/airflow/.local/lib/python3.7/site-packages/airflow/example_dags/example_task_group_decorator.py took 0.292 seconds
[2022-12-06T05:52:14.698+0000] {processor.py:153} INFO - Started process (PID=507) to work on /home/airflow/.local/lib/python3.7/site-packages/airflow/example_dags/example_task_group_decorator.py
[2022-12-06T05:52:14.701+0000] {processor.py:743} INFO - Processing file /home/airflow/.local/lib/python3.7/site-packages/airflow/example_dags/example_task_group_decorator.py for tasks to queue
[2022-12-06T05:52:14.704+0000] {logging_mixin.py:137} INFO - [2022-12-06T05:52:14.704+0000] {dagbag.py:538} INFO - Filling up the DagBag from /home/airflow/.local/lib/python3.7/site-packages/airflow/example_dags/example_task_group_decorator.py
[2022-12-06T05:52:14.763+0000] {processor.py:753} INFO - DAG(s) dict_keys(['example_task_group_decorator']) retrieved from /home/airflow/.local/lib/python3.7/site-packages/airflow/example_dags/example_task_group_decorator.py
[2022-12-06T05:52:14.844+0000] {logging_mixin.py:137} INFO - [2022-12-06T05:52:14.844+0000] {dag.py:2676} INFO - Sync 1 DAGs
[2022-12-06T05:52:14.891+0000] {logging_mixin.py:137} INFO - [2022-12-06T05:52:14.891+0000] {dag.py:3427} INFO - Setting next_dagrun for example_task_group_decorator to 2022-12-05T05:52:14.890212+00:00, run_after=2022-12-06T05:52:14.890212+00:00
[2022-12-06T05:52:14.937+0000] {processor.py:175} INFO - Processing /home/airflow/.local/lib/python3.7/site-packages/airflow/example_dags/example_task_group_decorator.py took 0.244 seconds
[2022-12-06T05:53:00.556+0000] {processor.py:153} INFO - Started process (PID=585) to work on /home/airflow/.local/lib/python3.7/site-packages/airflow/example_dags/example_task_group_decorator.py
[2022-12-06T05:53:00.560+0000] {processor.py:743} INFO - Processing file /home/airflow/.local/lib/python3.7/site-packages/airflow/example_dags/example_task_group_decorator.py for tasks to queue
[2022-12-06T05:53:00.565+0000] {logging_mixin.py:137} INFO - [2022-12-06T05:53:00.564+0000] {dagbag.py:538} INFO - Filling up the DagBag from /home/airflow/.local/lib/python3.7/site-packages/airflow/example_dags/example_task_group_decorator.py
[2022-12-06T05:53:00.636+0000] {processor.py:753} INFO - DAG(s) dict_keys(['example_task_group_decorator']) retrieved from /home/airflow/.local/lib/python3.7/site-packages/airflow/example_dags/example_task_group_decorator.py
[2022-12-06T05:53:00.735+0000] {logging_mixin.py:137} INFO - [2022-12-06T05:53:00.734+0000] {dag.py:2676} INFO - Sync 1 DAGs
[2022-12-06T05:53:00.812+0000] {logging_mixin.py:137} INFO - [2022-12-06T05:53:00.811+0000] {dag.py:3427} INFO - Setting next_dagrun for example_task_group_decorator to 2022-12-05T05:53:00.810603+00:00, run_after=2022-12-06T05:53:00.810603+00:00
[2022-12-06T05:53:00.893+0000] {processor.py:175} INFO - Processing /home/airflow/.local/lib/python3.7/site-packages/airflow/example_dags/example_task_group_decorator.py took 0.349 seconds
[2022-12-06T05:53:42.102+0000] {processor.py:153} INFO - Started process (PID=654) to work on /home/airflow/.local/lib/python3.7/site-packages/airflow/example_dags/example_task_group_decorator.py
[2022-12-06T05:53:42.105+0000] {processor.py:743} INFO - Processing file /home/airflow/.local/lib/python3.7/site-packages/airflow/example_dags/example_task_group_decorator.py for tasks to queue
[2022-12-06T05:53:42.111+0000] {logging_mixin.py:137} INFO - [2022-12-06T05:53:42.110+0000] {dagbag.py:538} INFO - Filling up the DagBag from /home/airflow/.local/lib/python3.7/site-packages/airflow/example_dags/example_task_group_decorator.py
[2022-12-06T05:53:42.185+0000] {processor.py:753} INFO - DAG(s) dict_keys(['example_task_group_decorator']) retrieved from /home/airflow/.local/lib/python3.7/site-packages/airflow/example_dags/example_task_group_decorator.py
[2022-12-06T05:53:42.254+0000] {logging_mixin.py:137} INFO - [2022-12-06T05:53:42.253+0000] {dag.py:2676} INFO - Sync 1 DAGs
[2022-12-06T05:53:42.311+0000] {logging_mixin.py:137} INFO - [2022-12-06T05:53:42.310+0000] {dag.py:3427} INFO - Setting next_dagrun for example_task_group_decorator to 2022-12-05T05:53:42.310467+00:00, run_after=2022-12-06T05:53:42.310467+00:00
[2022-12-06T05:53:42.361+0000] {processor.py:175} INFO - Processing /home/airflow/.local/lib/python3.7/site-packages/airflow/example_dags/example_task_group_decorator.py took 0.269 seconds
[2022-12-06T05:54:23.488+0000] {processor.py:153} INFO - Started process (PID=721) to work on /home/airflow/.local/lib/python3.7/site-packages/airflow/example_dags/example_task_group_decorator.py
[2022-12-06T05:54:23.494+0000] {processor.py:743} INFO - Processing file /home/airflow/.local/lib/python3.7/site-packages/airflow/example_dags/example_task_group_decorator.py for tasks to queue
[2022-12-06T05:54:23.497+0000] {logging_mixin.py:137} INFO - [2022-12-06T05:54:23.496+0000] {dagbag.py:538} INFO - Filling up the DagBag from /home/airflow/.local/lib/python3.7/site-packages/airflow/example_dags/example_task_group_decorator.py
[2022-12-06T05:54:23.569+0000] {processor.py:753} INFO - DAG(s) dict_keys(['example_task_group_decorator']) retrieved from /home/airflow/.local/lib/python3.7/site-packages/airflow/example_dags/example_task_group_decorator.py
[2022-12-06T05:54:23.647+0000] {logging_mixin.py:137} INFO - [2022-12-06T05:54:23.647+0000] {dag.py:2676} INFO - Sync 1 DAGs
[2022-12-06T05:54:23.718+0000] {logging_mixin.py:137} INFO - [2022-12-06T05:54:23.717+0000] {dag.py:3427} INFO - Setting next_dagrun for example_task_group_decorator to 2022-12-05T05:54:23.716322+00:00, run_after=2022-12-06T05:54:23.716322+00:00
[2022-12-06T05:54:23.769+0000] {processor.py:175} INFO - Processing /home/airflow/.local/lib/python3.7/site-packages/airflow/example_dags/example_task_group_decorator.py took 0.297 seconds
[2022-12-06T05:54:54.902+0000] {processor.py:153} INFO - Started process (PID=805) to work on /home/airflow/.local/lib/python3.7/site-packages/airflow/example_dags/example_task_group_decorator.py
[2022-12-06T05:54:54.911+0000] {processor.py:743} INFO - Processing file /home/airflow/.local/lib/python3.7/site-packages/airflow/example_dags/example_task_group_decorator.py for tasks to queue
[2022-12-06T05:54:54.914+0000] {logging_mixin.py:137} INFO - [2022-12-06T05:54:54.913+0000] {dagbag.py:538} INFO - Filling up the DagBag from /home/airflow/.local/lib/python3.7/site-packages/airflow/example_dags/example_task_group_decorator.py
[2022-12-06T05:54:54.978+0000] {processor.py:753} INFO - DAG(s) dict_keys(['example_task_group_decorator']) retrieved from /home/airflow/.local/lib/python3.7/site-packages/airflow/example_dags/example_task_group_decorator.py
[2022-12-06T05:54:55.067+0000] {logging_mixin.py:137} INFO - [2022-12-06T05:54:55.067+0000] {dag.py:2676} INFO - Sync 1 DAGs
[2022-12-06T05:54:55.137+0000] {logging_mixin.py:137} INFO - [2022-12-06T05:54:55.137+0000] {dag.py:3427} INFO - Setting next_dagrun for example_task_group_decorator to 2022-12-05T05:54:55.136730+00:00, run_after=2022-12-06T05:54:55.136730+00:00
[2022-12-06T05:54:55.181+0000] {processor.py:175} INFO - Processing /home/airflow/.local/lib/python3.7/site-packages/airflow/example_dags/example_task_group_decorator.py took 0.284 seconds
[2022-12-06T05:55:39.007+0000] {processor.py:153} INFO - Started process (PID=875) to work on /home/airflow/.local/lib/python3.7/site-packages/airflow/example_dags/example_task_group_decorator.py
[2022-12-06T05:55:39.016+0000] {processor.py:743} INFO - Processing file /home/airflow/.local/lib/python3.7/site-packages/airflow/example_dags/example_task_group_decorator.py for tasks to queue
[2022-12-06T05:55:39.020+0000] {logging_mixin.py:137} INFO - [2022-12-06T05:55:39.020+0000] {dagbag.py:538} INFO - Filling up the DagBag from /home/airflow/.local/lib/python3.7/site-packages/airflow/example_dags/example_task_group_decorator.py
[2022-12-06T05:55:39.090+0000] {processor.py:753} INFO - DAG(s) dict_keys(['example_task_group_decorator']) retrieved from /home/airflow/.local/lib/python3.7/site-packages/airflow/example_dags/example_task_group_decorator.py
[2022-12-06T05:55:39.194+0000] {logging_mixin.py:137} INFO - [2022-12-06T05:55:39.193+0000] {dag.py:2676} INFO - Sync 1 DAGs
[2022-12-06T05:55:39.252+0000] {logging_mixin.py:137} INFO - [2022-12-06T05:55:39.251+0000] {dag.py:3427} INFO - Setting next_dagrun for example_task_group_decorator to 2022-12-05T05:55:39.250655+00:00, run_after=2022-12-06T05:55:39.250655+00:00
[2022-12-06T05:55:39.284+0000] {processor.py:175} INFO - Processing /home/airflow/.local/lib/python3.7/site-packages/airflow/example_dags/example_task_group_decorator.py took 0.283 seconds
[2022-12-06T05:56:30.907+0000] {processor.py:153} INFO - Started process (PID=942) to work on /home/airflow/.local/lib/python3.7/site-packages/airflow/example_dags/example_task_group_decorator.py
[2022-12-06T05:56:30.910+0000] {processor.py:743} INFO - Processing file /home/airflow/.local/lib/python3.7/site-packages/airflow/example_dags/example_task_group_decorator.py for tasks to queue
[2022-12-06T05:56:30.913+0000] {logging_mixin.py:137} INFO - [2022-12-06T05:56:30.912+0000] {dagbag.py:538} INFO - Filling up the DagBag from /home/airflow/.local/lib/python3.7/site-packages/airflow/example_dags/example_task_group_decorator.py
[2022-12-06T05:56:30.967+0000] {processor.py:753} INFO - DAG(s) dict_keys(['example_task_group_decorator']) retrieved from /home/airflow/.local/lib/python3.7/site-packages/airflow/example_dags/example_task_group_decorator.py
[2022-12-06T05:56:31.045+0000] {logging_mixin.py:137} INFO - [2022-12-06T05:56:31.045+0000] {dag.py:2676} INFO - Sync 1 DAGs
[2022-12-06T05:56:31.111+0000] {logging_mixin.py:137} INFO - [2022-12-06T05:56:31.111+0000] {dag.py:3427} INFO - Setting next_dagrun for example_task_group_decorator to 2022-12-05T05:56:31.111032+00:00, run_after=2022-12-06T05:56:31.111032+00:00
[2022-12-06T05:56:31.143+0000] {processor.py:175} INFO - Processing /home/airflow/.local/lib/python3.7/site-packages/airflow/example_dags/example_task_group_decorator.py took 0.242 seconds
[2022-12-06T05:57:14.766+0000] {processor.py:153} INFO - Started process (PID=1022) to work on /home/airflow/.local/lib/python3.7/site-packages/airflow/example_dags/example_task_group_decorator.py
[2022-12-06T05:57:14.772+0000] {processor.py:743} INFO - Processing file /home/airflow/.local/lib/python3.7/site-packages/airflow/example_dags/example_task_group_decorator.py for tasks to queue
[2022-12-06T05:57:14.776+0000] {logging_mixin.py:137} INFO - [2022-12-06T05:57:14.776+0000] {dagbag.py:538} INFO - Filling up the DagBag from /home/airflow/.local/lib/python3.7/site-packages/airflow/example_dags/example_task_group_decorator.py
[2022-12-06T05:57:14.876+0000] {processor.py:753} INFO - DAG(s) dict_keys(['example_task_group_decorator']) retrieved from /home/airflow/.local/lib/python3.7/site-packages/airflow/example_dags/example_task_group_decorator.py
[2022-12-06T05:57:14.974+0000] {logging_mixin.py:137} INFO - [2022-12-06T05:57:14.973+0000] {dag.py:2676} INFO - Sync 1 DAGs
[2022-12-06T05:57:15.031+0000] {logging_mixin.py:137} INFO - [2022-12-06T05:57:15.031+0000] {dag.py:3427} INFO - Setting next_dagrun for example_task_group_decorator to 2022-12-05T05:57:15.030509+00:00, run_after=2022-12-06T05:57:15.030509+00:00
[2022-12-06T05:57:15.096+0000] {processor.py:175} INFO - Processing /home/airflow/.local/lib/python3.7/site-packages/airflow/example_dags/example_task_group_decorator.py took 0.338 seconds
[2022-12-06T05:57:54.063+0000] {processor.py:153} INFO - Started process (PID=1095) to work on /home/airflow/.local/lib/python3.7/site-packages/airflow/example_dags/example_task_group_decorator.py
[2022-12-06T05:57:54.066+0000] {processor.py:743} INFO - Processing file /home/airflow/.local/lib/python3.7/site-packages/airflow/example_dags/example_task_group_decorator.py for tasks to queue
[2022-12-06T05:57:54.068+0000] {logging_mixin.py:137} INFO - [2022-12-06T05:57:54.068+0000] {dagbag.py:538} INFO - Filling up the DagBag from /home/airflow/.local/lib/python3.7/site-packages/airflow/example_dags/example_task_group_decorator.py
[2022-12-06T05:57:54.142+0000] {processor.py:753} INFO - DAG(s) dict_keys(['example_task_group_decorator']) retrieved from /home/airflow/.local/lib/python3.7/site-packages/airflow/example_dags/example_task_group_decorator.py
[2022-12-06T05:57:54.282+0000] {logging_mixin.py:137} INFO - [2022-12-06T05:57:54.282+0000] {dag.py:2676} INFO - Sync 1 DAGs
[2022-12-06T05:57:54.358+0000] {logging_mixin.py:137} INFO - [2022-12-06T05:57:54.357+0000] {dag.py:3427} INFO - Setting next_dagrun for example_task_group_decorator to 2022-12-05T05:57:54.356852+00:00, run_after=2022-12-06T05:57:54.356852+00:00
[2022-12-06T05:57:54.400+0000] {processor.py:175} INFO - Processing /home/airflow/.local/lib/python3.7/site-packages/airflow/example_dags/example_task_group_decorator.py took 0.343 seconds
[2022-12-06T05:58:34.453+0000] {processor.py:153} INFO - Started process (PID=1164) to work on /home/airflow/.local/lib/python3.7/site-packages/airflow/example_dags/example_task_group_decorator.py
[2022-12-06T05:58:34.457+0000] {processor.py:743} INFO - Processing file /home/airflow/.local/lib/python3.7/site-packages/airflow/example_dags/example_task_group_decorator.py for tasks to queue
[2022-12-06T05:58:34.460+0000] {logging_mixin.py:137} INFO - [2022-12-06T05:58:34.460+0000] {dagbag.py:538} INFO - Filling up the DagBag from /home/airflow/.local/lib/python3.7/site-packages/airflow/example_dags/example_task_group_decorator.py
[2022-12-06T05:58:34.528+0000] {processor.py:753} INFO - DAG(s) dict_keys(['example_task_group_decorator']) retrieved from /home/airflow/.local/lib/python3.7/site-packages/airflow/example_dags/example_task_group_decorator.py
[2022-12-06T05:58:34.617+0000] {logging_mixin.py:137} INFO - [2022-12-06T05:58:34.617+0000] {dag.py:2676} INFO - Sync 1 DAGs
[2022-12-06T05:58:34.712+0000] {logging_mixin.py:137} INFO - [2022-12-06T05:58:34.712+0000] {dag.py:3427} INFO - Setting next_dagrun for example_task_group_decorator to 2022-12-05T05:58:34.711282+00:00, run_after=2022-12-06T05:58:34.711282+00:00
[2022-12-06T05:58:34.789+0000] {processor.py:175} INFO - Processing /home/airflow/.local/lib/python3.7/site-packages/airflow/example_dags/example_task_group_decorator.py took 0.341 seconds
[2022-12-06T05:59:17.433+0000] {processor.py:153} INFO - Started process (PID=1248) to work on /home/airflow/.local/lib/python3.7/site-packages/airflow/example_dags/example_task_group_decorator.py
[2022-12-06T05:59:17.437+0000] {processor.py:743} INFO - Processing file /home/airflow/.local/lib/python3.7/site-packages/airflow/example_dags/example_task_group_decorator.py for tasks to queue
[2022-12-06T05:59:17.441+0000] {logging_mixin.py:137} INFO - [2022-12-06T05:59:17.440+0000] {dagbag.py:538} INFO - Filling up the DagBag from /home/airflow/.local/lib/python3.7/site-packages/airflow/example_dags/example_task_group_decorator.py
[2022-12-06T05:59:17.502+0000] {processor.py:753} INFO - DAG(s) dict_keys(['example_task_group_decorator']) retrieved from /home/airflow/.local/lib/python3.7/site-packages/airflow/example_dags/example_task_group_decorator.py
[2022-12-06T05:59:17.604+0000] {logging_mixin.py:137} INFO - [2022-12-06T05:59:17.604+0000] {dag.py:2676} INFO - Sync 1 DAGs
[2022-12-06T05:59:17.664+0000] {logging_mixin.py:137} INFO - [2022-12-06T05:59:17.663+0000] {dag.py:3427} INFO - Setting next_dagrun for example_task_group_decorator to 2022-12-05T05:59:17.663468+00:00, run_after=2022-12-06T05:59:17.663468+00:00
[2022-12-06T05:59:17.705+0000] {processor.py:175} INFO - Processing /home/airflow/.local/lib/python3.7/site-packages/airflow/example_dags/example_task_group_decorator.py took 0.282 seconds
[2022-12-06T05:59:55.929+0000] {processor.py:153} INFO - Started process (PID=1315) to work on /home/airflow/.local/lib/python3.7/site-packages/airflow/example_dags/example_task_group_decorator.py
[2022-12-06T05:59:55.932+0000] {processor.py:743} INFO - Processing file /home/airflow/.local/lib/python3.7/site-packages/airflow/example_dags/example_task_group_decorator.py for tasks to queue
[2022-12-06T05:59:55.934+0000] {logging_mixin.py:137} INFO - [2022-12-06T05:59:55.934+0000] {dagbag.py:538} INFO - Filling up the DagBag from /home/airflow/.local/lib/python3.7/site-packages/airflow/example_dags/example_task_group_decorator.py
[2022-12-06T05:59:55.997+0000] {processor.py:753} INFO - DAG(s) dict_keys(['example_task_group_decorator']) retrieved from /home/airflow/.local/lib/python3.7/site-packages/airflow/example_dags/example_task_group_decorator.py
[2022-12-06T05:59:56.082+0000] {logging_mixin.py:137} INFO - [2022-12-06T05:59:56.082+0000] {dag.py:2676} INFO - Sync 1 DAGs
[2022-12-06T05:59:56.189+0000] {logging_mixin.py:137} INFO - [2022-12-06T05:59:56.189+0000] {dag.py:3427} INFO - Setting next_dagrun for example_task_group_decorator to 2022-12-05T05:59:56.188847+00:00, run_after=2022-12-06T05:59:56.188847+00:00
[2022-12-06T05:59:56.258+0000] {processor.py:175} INFO - Processing /home/airflow/.local/lib/python3.7/site-packages/airflow/example_dags/example_task_group_decorator.py took 0.337 seconds
[2022-12-06T06:00:44.259+0000] {processor.py:153} INFO - Started process (PID=1399) to work on /home/airflow/.local/lib/python3.7/site-packages/airflow/example_dags/example_task_group_decorator.py
[2022-12-06T06:00:44.263+0000] {processor.py:743} INFO - Processing file /home/airflow/.local/lib/python3.7/site-packages/airflow/example_dags/example_task_group_decorator.py for tasks to queue
[2022-12-06T06:00:44.270+0000] {logging_mixin.py:137} INFO - [2022-12-06T06:00:44.268+0000] {dagbag.py:538} INFO - Filling up the DagBag from /home/airflow/.local/lib/python3.7/site-packages/airflow/example_dags/example_task_group_decorator.py
[2022-12-06T06:00:44.367+0000] {processor.py:753} INFO - DAG(s) dict_keys(['example_task_group_decorator']) retrieved from /home/airflow/.local/lib/python3.7/site-packages/airflow/example_dags/example_task_group_decorator.py
[2022-12-06T06:00:44.468+0000] {logging_mixin.py:137} INFO - [2022-12-06T06:00:44.468+0000] {dag.py:2676} INFO - Sync 1 DAGs
[2022-12-06T06:00:44.516+0000] {logging_mixin.py:137} INFO - [2022-12-06T06:00:44.516+0000] {dag.py:3427} INFO - Setting next_dagrun for example_task_group_decorator to 2022-12-05T06:00:44.515896+00:00, run_after=2022-12-06T06:00:44.515896+00:00
[2022-12-06T06:00:44.558+0000] {processor.py:175} INFO - Processing /home/airflow/.local/lib/python3.7/site-packages/airflow/example_dags/example_task_group_decorator.py took 0.315 seconds
[2022-12-06T06:01:14.636+0000] {processor.py:153} INFO - Started process (PID=1468) to work on /home/airflow/.local/lib/python3.7/site-packages/airflow/example_dags/example_task_group_decorator.py
[2022-12-06T06:01:14.638+0000] {processor.py:743} INFO - Processing file /home/airflow/.local/lib/python3.7/site-packages/airflow/example_dags/example_task_group_decorator.py for tasks to queue
[2022-12-06T06:01:14.640+0000] {logging_mixin.py:137} INFO - [2022-12-06T06:01:14.640+0000] {dagbag.py:538} INFO - Filling up the DagBag from /home/airflow/.local/lib/python3.7/site-packages/airflow/example_dags/example_task_group_decorator.py
[2022-12-06T06:01:14.693+0000] {processor.py:753} INFO - DAG(s) dict_keys(['example_task_group_decorator']) retrieved from /home/airflow/.local/lib/python3.7/site-packages/airflow/example_dags/example_task_group_decorator.py
[2022-12-06T06:01:14.759+0000] {logging_mixin.py:137} INFO - [2022-12-06T06:01:14.759+0000] {dag.py:2676} INFO - Sync 1 DAGs
[2022-12-06T06:01:14.798+0000] {logging_mixin.py:137} INFO - [2022-12-06T06:01:14.798+0000] {dag.py:3427} INFO - Setting next_dagrun for example_task_group_decorator to 2022-12-05T06:01:14.797816+00:00, run_after=2022-12-06T06:01:14.797816+00:00
[2022-12-06T06:01:14.836+0000] {processor.py:175} INFO - Processing /home/airflow/.local/lib/python3.7/site-packages/airflow/example_dags/example_task_group_decorator.py took 0.204 seconds
[2022-12-06T06:01:46.633+0000] {processor.py:153} INFO - Started process (PID=1545) to work on /home/airflow/.local/lib/python3.7/site-packages/airflow/example_dags/example_task_group_decorator.py
[2022-12-06T06:01:46.635+0000] {processor.py:743} INFO - Processing file /home/airflow/.local/lib/python3.7/site-packages/airflow/example_dags/example_task_group_decorator.py for tasks to queue
[2022-12-06T06:01:46.637+0000] {logging_mixin.py:137} INFO - [2022-12-06T06:01:46.637+0000] {dagbag.py:538} INFO - Filling up the DagBag from /home/airflow/.local/lib/python3.7/site-packages/airflow/example_dags/example_task_group_decorator.py
[2022-12-06T06:01:46.687+0000] {processor.py:753} INFO - DAG(s) dict_keys(['example_task_group_decorator']) retrieved from /home/airflow/.local/lib/python3.7/site-packages/airflow/example_dags/example_task_group_decorator.py
[2022-12-06T06:01:46.751+0000] {logging_mixin.py:137} INFO - [2022-12-06T06:01:46.751+0000] {dag.py:2676} INFO - Sync 1 DAGs
[2022-12-06T06:01:46.792+0000] {logging_mixin.py:137} INFO - [2022-12-06T06:01:46.792+0000] {dag.py:3427} INFO - Setting next_dagrun for example_task_group_decorator to 2022-12-05T06:01:46.791765+00:00, run_after=2022-12-06T06:01:46.791765+00:00
[2022-12-06T06:01:46.826+0000] {processor.py:175} INFO - Processing /home/airflow/.local/lib/python3.7/site-packages/airflow/example_dags/example_task_group_decorator.py took 0.199 seconds
[2022-12-06T06:02:22.702+0000] {processor.py:153} INFO - Started process (PID=1617) to work on /home/airflow/.local/lib/python3.7/site-packages/airflow/example_dags/example_task_group_decorator.py
[2022-12-06T06:02:22.706+0000] {processor.py:743} INFO - Processing file /home/airflow/.local/lib/python3.7/site-packages/airflow/example_dags/example_task_group_decorator.py for tasks to queue
[2022-12-06T06:02:22.709+0000] {logging_mixin.py:137} INFO - [2022-12-06T06:02:22.708+0000] {dagbag.py:538} INFO - Filling up the DagBag from /home/airflow/.local/lib/python3.7/site-packages/airflow/example_dags/example_task_group_decorator.py
[2022-12-06T06:02:22.775+0000] {processor.py:753} INFO - DAG(s) dict_keys(['example_task_group_decorator']) retrieved from /home/airflow/.local/lib/python3.7/site-packages/airflow/example_dags/example_task_group_decorator.py
[2022-12-06T06:02:22.864+0000] {logging_mixin.py:137} INFO - [2022-12-06T06:02:22.864+0000] {dag.py:2676} INFO - Sync 1 DAGs
[2022-12-06T06:02:22.911+0000] {logging_mixin.py:137} INFO - [2022-12-06T06:02:22.911+0000] {dag.py:3427} INFO - Setting next_dagrun for example_task_group_decorator to 2022-12-05T06:02:22.911040+00:00, run_after=2022-12-06T06:02:22.911040+00:00
[2022-12-06T06:02:22.956+0000] {processor.py:175} INFO - Processing /home/airflow/.local/lib/python3.7/site-packages/airflow/example_dags/example_task_group_decorator.py took 0.266 seconds
[2022-12-06T06:03:06.849+0000] {processor.py:153} INFO - Started process (PID=1687) to work on /home/airflow/.local/lib/python3.7/site-packages/airflow/example_dags/example_task_group_decorator.py
[2022-12-06T06:03:06.872+0000] {processor.py:743} INFO - Processing file /home/airflow/.local/lib/python3.7/site-packages/airflow/example_dags/example_task_group_decorator.py for tasks to queue
[2022-12-06T06:03:06.876+0000] {logging_mixin.py:137} INFO - [2022-12-06T06:03:06.875+0000] {dagbag.py:538} INFO - Filling up the DagBag from /home/airflow/.local/lib/python3.7/site-packages/airflow/example_dags/example_task_group_decorator.py
[2022-12-06T06:03:06.957+0000] {processor.py:753} INFO - DAG(s) dict_keys(['example_task_group_decorator']) retrieved from /home/airflow/.local/lib/python3.7/site-packages/airflow/example_dags/example_task_group_decorator.py
[2022-12-06T06:03:07.071+0000] {logging_mixin.py:137} INFO - [2022-12-06T06:03:07.071+0000] {dag.py:2676} INFO - Sync 1 DAGs
[2022-12-06T06:03:07.133+0000] {logging_mixin.py:137} INFO - [2022-12-06T06:03:07.133+0000] {dag.py:3427} INFO - Setting next_dagrun for example_task_group_decorator to 2022-12-05T06:03:07.133061+00:00, run_after=2022-12-06T06:03:07.133061+00:00
[2022-12-06T06:03:07.178+0000] {processor.py:175} INFO - Processing /home/airflow/.local/lib/python3.7/site-packages/airflow/example_dags/example_task_group_decorator.py took 0.341 seconds
[2022-12-06T06:04:01.382+0000] {processor.py:153} INFO - Started process (PID=1777) to work on /home/airflow/.local/lib/python3.7/site-packages/airflow/example_dags/example_task_group_decorator.py
[2022-12-06T06:04:01.386+0000] {processor.py:743} INFO - Processing file /home/airflow/.local/lib/python3.7/site-packages/airflow/example_dags/example_task_group_decorator.py for tasks to queue
[2022-12-06T06:04:01.389+0000] {logging_mixin.py:137} INFO - [2022-12-06T06:04:01.389+0000] {dagbag.py:538} INFO - Filling up the DagBag from /home/airflow/.local/lib/python3.7/site-packages/airflow/example_dags/example_task_group_decorator.py
[2022-12-06T06:04:01.461+0000] {processor.py:753} INFO - DAG(s) dict_keys(['example_task_group_decorator']) retrieved from /home/airflow/.local/lib/python3.7/site-packages/airflow/example_dags/example_task_group_decorator.py
[2022-12-06T06:04:01.549+0000] {logging_mixin.py:137} INFO - [2022-12-06T06:04:01.548+0000] {dag.py:2676} INFO - Sync 1 DAGs
[2022-12-06T06:04:01.693+0000] {logging_mixin.py:137} INFO - [2022-12-06T06:04:01.693+0000] {dag.py:3427} INFO - Setting next_dagrun for example_task_group_decorator to 2022-12-05T06:04:01.692665+00:00, run_after=2022-12-06T06:04:01.692665+00:00
[2022-12-06T06:04:01.774+0000] {processor.py:175} INFO - Processing /home/airflow/.local/lib/python3.7/site-packages/airflow/example_dags/example_task_group_decorator.py took 0.404 seconds
[2022-12-06T06:04:36.931+0000] {processor.py:153} INFO - Started process (PID=1850) to work on /home/airflow/.local/lib/python3.7/site-packages/airflow/example_dags/example_task_group_decorator.py
[2022-12-06T06:04:36.932+0000] {processor.py:743} INFO - Processing file /home/airflow/.local/lib/python3.7/site-packages/airflow/example_dags/example_task_group_decorator.py for tasks to queue
[2022-12-06T06:04:36.934+0000] {logging_mixin.py:137} INFO - [2022-12-06T06:04:36.934+0000] {dagbag.py:538} INFO - Filling up the DagBag from /home/airflow/.local/lib/python3.7/site-packages/airflow/example_dags/example_task_group_decorator.py
[2022-12-06T06:04:36.989+0000] {processor.py:753} INFO - DAG(s) dict_keys(['example_task_group_decorator']) retrieved from /home/airflow/.local/lib/python3.7/site-packages/airflow/example_dags/example_task_group_decorator.py
[2022-12-06T06:04:37.062+0000] {logging_mixin.py:137} INFO - [2022-12-06T06:04:37.062+0000] {dag.py:2676} INFO - Sync 1 DAGs
[2022-12-06T06:04:37.106+0000] {logging_mixin.py:137} INFO - [2022-12-06T06:04:37.106+0000] {dag.py:3427} INFO - Setting next_dagrun for example_task_group_decorator to 2022-12-05T06:04:37.106001+00:00, run_after=2022-12-06T06:04:37.106001+00:00
[2022-12-06T06:04:37.137+0000] {processor.py:175} INFO - Processing /home/airflow/.local/lib/python3.7/site-packages/airflow/example_dags/example_task_group_decorator.py took 0.215 seconds
[2022-12-06T06:05:17.236+0000] {processor.py:153} INFO - Started process (PID=1919) to work on /home/airflow/.local/lib/python3.7/site-packages/airflow/example_dags/example_task_group_decorator.py
[2022-12-06T06:05:17.240+0000] {processor.py:743} INFO - Processing file /home/airflow/.local/lib/python3.7/site-packages/airflow/example_dags/example_task_group_decorator.py for tasks to queue
[2022-12-06T06:05:17.245+0000] {logging_mixin.py:137} INFO - [2022-12-06T06:05:17.245+0000] {dagbag.py:538} INFO - Filling up the DagBag from /home/airflow/.local/lib/python3.7/site-packages/airflow/example_dags/example_task_group_decorator.py
[2022-12-06T06:05:17.311+0000] {processor.py:753} INFO - DAG(s) dict_keys(['example_task_group_decorator']) retrieved from /home/airflow/.local/lib/python3.7/site-packages/airflow/example_dags/example_task_group_decorator.py
[2022-12-06T06:05:17.391+0000] {logging_mixin.py:137} INFO - [2022-12-06T06:05:17.391+0000] {dag.py:2676} INFO - Sync 1 DAGs
[2022-12-06T06:05:17.450+0000] {logging_mixin.py:137} INFO - [2022-12-06T06:05:17.450+0000] {dag.py:3427} INFO - Setting next_dagrun for example_task_group_decorator to 2022-12-05T06:05:17.449612+00:00, run_after=2022-12-06T06:05:17.449612+00:00
[2022-12-06T06:05:17.506+0000] {processor.py:175} INFO - Processing /home/airflow/.local/lib/python3.7/site-packages/airflow/example_dags/example_task_group_decorator.py took 0.278 seconds
[2022-12-06T06:05:48.303+0000] {processor.py:153} INFO - Started process (PID=1987) to work on /home/airflow/.local/lib/python3.7/site-packages/airflow/example_dags/example_task_group_decorator.py
[2022-12-06T06:05:48.306+0000] {processor.py:743} INFO - Processing file /home/airflow/.local/lib/python3.7/site-packages/airflow/example_dags/example_task_group_decorator.py for tasks to queue
[2022-12-06T06:05:48.308+0000] {logging_mixin.py:137} INFO - [2022-12-06T06:05:48.308+0000] {dagbag.py:538} INFO - Filling up the DagBag from /home/airflow/.local/lib/python3.7/site-packages/airflow/example_dags/example_task_group_decorator.py
[2022-12-06T06:05:48.364+0000] {processor.py:753} INFO - DAG(s) dict_keys(['example_task_group_decorator']) retrieved from /home/airflow/.local/lib/python3.7/site-packages/airflow/example_dags/example_task_group_decorator.py
[2022-12-06T06:05:48.442+0000] {logging_mixin.py:137} INFO - [2022-12-06T06:05:48.442+0000] {dag.py:2676} INFO - Sync 1 DAGs
[2022-12-06T06:05:48.474+0000] {logging_mixin.py:137} INFO - [2022-12-06T06:05:48.474+0000] {dag.py:3427} INFO - Setting next_dagrun for example_task_group_decorator to 2022-12-05T06:05:48.474233+00:00, run_after=2022-12-06T06:05:48.474233+00:00
[2022-12-06T06:05:48.500+0000] {processor.py:175} INFO - Processing /home/airflow/.local/lib/python3.7/site-packages/airflow/example_dags/example_task_group_decorator.py took 0.203 seconds
[2022-12-06T06:06:24.808+0000] {processor.py:153} INFO - Started process (PID=2054) to work on /home/airflow/.local/lib/python3.7/site-packages/airflow/example_dags/example_task_group_decorator.py
[2022-12-06T06:06:24.813+0000] {processor.py:743} INFO - Processing file /home/airflow/.local/lib/python3.7/site-packages/airflow/example_dags/example_task_group_decorator.py for tasks to queue
[2022-12-06T06:06:24.816+0000] {logging_mixin.py:137} INFO - [2022-12-06T06:06:24.816+0000] {dagbag.py:538} INFO - Filling up the DagBag from /home/airflow/.local/lib/python3.7/site-packages/airflow/example_dags/example_task_group_decorator.py
[2022-12-06T06:06:24.903+0000] {processor.py:753} INFO - DAG(s) dict_keys(['example_task_group_decorator']) retrieved from /home/airflow/.local/lib/python3.7/site-packages/airflow/example_dags/example_task_group_decorator.py
[2022-12-06T06:06:25.072+0000] {logging_mixin.py:137} INFO - [2022-12-06T06:06:25.072+0000] {dag.py:2676} INFO - Sync 1 DAGs
[2022-12-06T06:06:25.149+0000] {logging_mixin.py:137} INFO - [2022-12-06T06:06:25.149+0000] {dag.py:3427} INFO - Setting next_dagrun for example_task_group_decorator to 2022-12-05T06:06:25.147708+00:00, run_after=2022-12-06T06:06:25.147708+00:00
[2022-12-06T06:06:25.199+0000] {processor.py:175} INFO - Processing /home/airflow/.local/lib/python3.7/site-packages/airflow/example_dags/example_task_group_decorator.py took 0.411 seconds
[2022-12-06T06:07:03.978+0000] {processor.py:153} INFO - Started process (PID=2131) to work on /home/airflow/.local/lib/python3.7/site-packages/airflow/example_dags/example_task_group_decorator.py
[2022-12-06T06:07:03.980+0000] {processor.py:743} INFO - Processing file /home/airflow/.local/lib/python3.7/site-packages/airflow/example_dags/example_task_group_decorator.py for tasks to queue
[2022-12-06T06:07:03.982+0000] {logging_mixin.py:137} INFO - [2022-12-06T06:07:03.982+0000] {dagbag.py:538} INFO - Filling up the DagBag from /home/airflow/.local/lib/python3.7/site-packages/airflow/example_dags/example_task_group_decorator.py
[2022-12-06T06:07:04.050+0000] {processor.py:753} INFO - DAG(s) dict_keys(['example_task_group_decorator']) retrieved from /home/airflow/.local/lib/python3.7/site-packages/airflow/example_dags/example_task_group_decorator.py
[2022-12-06T06:07:04.200+0000] {logging_mixin.py:137} INFO - [2022-12-06T06:07:04.199+0000] {dag.py:2676} INFO - Sync 1 DAGs
[2022-12-06T06:07:04.266+0000] {logging_mixin.py:137} INFO - [2022-12-06T06:07:04.265+0000] {dag.py:3427} INFO - Setting next_dagrun for example_task_group_decorator to 2022-12-05T06:07:04.265125+00:00, run_after=2022-12-06T06:07:04.265125+00:00
[2022-12-06T06:07:04.354+0000] {processor.py:175} INFO - Processing /home/airflow/.local/lib/python3.7/site-packages/airflow/example_dags/example_task_group_decorator.py took 0.382 seconds
[2022-12-06T06:07:44.587+0000] {processor.py:153} INFO - Started process (PID=2189) to work on /home/airflow/.local/lib/python3.7/site-packages/airflow/example_dags/example_task_group_decorator.py
[2022-12-06T06:07:44.590+0000] {processor.py:743} INFO - Processing file /home/airflow/.local/lib/python3.7/site-packages/airflow/example_dags/example_task_group_decorator.py for tasks to queue
[2022-12-06T06:07:44.591+0000] {logging_mixin.py:137} INFO - [2022-12-06T06:07:44.591+0000] {dagbag.py:538} INFO - Filling up the DagBag from /home/airflow/.local/lib/python3.7/site-packages/airflow/example_dags/example_task_group_decorator.py
[2022-12-06T06:07:44.638+0000] {processor.py:753} INFO - DAG(s) dict_keys(['example_task_group_decorator']) retrieved from /home/airflow/.local/lib/python3.7/site-packages/airflow/example_dags/example_task_group_decorator.py
[2022-12-06T06:07:44.695+0000] {logging_mixin.py:137} INFO - [2022-12-06T06:07:44.695+0000] {dag.py:2676} INFO - Sync 1 DAGs
[2022-12-06T06:07:44.731+0000] {logging_mixin.py:137} INFO - [2022-12-06T06:07:44.731+0000] {dag.py:3427} INFO - Setting next_dagrun for example_task_group_decorator to 2022-12-05T06:07:44.730379+00:00, run_after=2022-12-06T06:07:44.730379+00:00
[2022-12-06T06:07:44.762+0000] {processor.py:175} INFO - Processing /home/airflow/.local/lib/python3.7/site-packages/airflow/example_dags/example_task_group_decorator.py took 0.179 seconds
[2022-12-06T06:08:43.016+0000] {processor.py:153} INFO - Started process (PID=2271) to work on /home/airflow/.local/lib/python3.7/site-packages/airflow/example_dags/example_task_group_decorator.py
[2022-12-06T06:08:43.019+0000] {processor.py:743} INFO - Processing file /home/airflow/.local/lib/python3.7/site-packages/airflow/example_dags/example_task_group_decorator.py for tasks to queue
[2022-12-06T06:08:43.021+0000] {logging_mixin.py:137} INFO - [2022-12-06T06:08:43.021+0000] {dagbag.py:538} INFO - Filling up the DagBag from /home/airflow/.local/lib/python3.7/site-packages/airflow/example_dags/example_task_group_decorator.py
[2022-12-06T06:08:43.120+0000] {processor.py:753} INFO - DAG(s) dict_keys(['example_task_group_decorator']) retrieved from /home/airflow/.local/lib/python3.7/site-packages/airflow/example_dags/example_task_group_decorator.py
[2022-12-06T06:08:43.189+0000] {logging_mixin.py:137} INFO - [2022-12-06T06:08:43.189+0000] {dag.py:2676} INFO - Sync 1 DAGs
[2022-12-06T06:08:43.272+0000] {logging_mixin.py:137} INFO - [2022-12-06T06:08:43.271+0000] {dag.py:3427} INFO - Setting next_dagrun for example_task_group_decorator to 2022-12-05T06:08:43.271551+00:00, run_after=2022-12-06T06:08:43.271551+00:00
[2022-12-06T06:08:43.321+0000] {processor.py:175} INFO - Processing /home/airflow/.local/lib/python3.7/site-packages/airflow/example_dags/example_task_group_decorator.py took 0.311 seconds
[2022-12-06T06:09:13.514+0000] {processor.py:153} INFO - Started process (PID=2338) to work on /home/airflow/.local/lib/python3.7/site-packages/airflow/example_dags/example_task_group_decorator.py
[2022-12-06T06:09:13.517+0000] {processor.py:743} INFO - Processing file /home/airflow/.local/lib/python3.7/site-packages/airflow/example_dags/example_task_group_decorator.py for tasks to queue
[2022-12-06T06:09:13.520+0000] {logging_mixin.py:137} INFO - [2022-12-06T06:09:13.520+0000] {dagbag.py:538} INFO - Filling up the DagBag from /home/airflow/.local/lib/python3.7/site-packages/airflow/example_dags/example_task_group_decorator.py
[2022-12-06T06:09:13.580+0000] {processor.py:753} INFO - DAG(s) dict_keys(['example_task_group_decorator']) retrieved from /home/airflow/.local/lib/python3.7/site-packages/airflow/example_dags/example_task_group_decorator.py
[2022-12-06T06:09:13.642+0000] {logging_mixin.py:137} INFO - [2022-12-06T06:09:13.641+0000] {dag.py:2676} INFO - Sync 1 DAGs
[2022-12-06T06:09:13.677+0000] {logging_mixin.py:137} INFO - [2022-12-06T06:09:13.677+0000] {dag.py:3427} INFO - Setting next_dagrun for example_task_group_decorator to 2022-12-05T06:09:13.677392+00:00, run_after=2022-12-06T06:09:13.677392+00:00
[2022-12-06T06:09:13.707+0000] {processor.py:175} INFO - Processing /home/airflow/.local/lib/python3.7/site-packages/airflow/example_dags/example_task_group_decorator.py took 0.198 seconds
[2022-12-06T06:09:47.815+0000] {processor.py:153} INFO - Started process (PID=2405) to work on /home/airflow/.local/lib/python3.7/site-packages/airflow/example_dags/example_task_group_decorator.py
[2022-12-06T06:09:47.817+0000] {processor.py:743} INFO - Processing file /home/airflow/.local/lib/python3.7/site-packages/airflow/example_dags/example_task_group_decorator.py for tasks to queue
[2022-12-06T06:09:47.819+0000] {logging_mixin.py:137} INFO - [2022-12-06T06:09:47.819+0000] {dagbag.py:538} INFO - Filling up the DagBag from /home/airflow/.local/lib/python3.7/site-packages/airflow/example_dags/example_task_group_decorator.py
[2022-12-06T06:09:47.871+0000] {processor.py:753} INFO - DAG(s) dict_keys(['example_task_group_decorator']) retrieved from /home/airflow/.local/lib/python3.7/site-packages/airflow/example_dags/example_task_group_decorator.py
[2022-12-06T06:09:47.938+0000] {logging_mixin.py:137} INFO - [2022-12-06T06:09:47.938+0000] {dag.py:2676} INFO - Sync 1 DAGs
[2022-12-06T06:09:47.978+0000] {logging_mixin.py:137} INFO - [2022-12-06T06:09:47.978+0000] {dag.py:3427} INFO - Setting next_dagrun for example_task_group_decorator to 2022-12-05T06:09:47.977870+00:00, run_after=2022-12-06T06:09:47.977870+00:00
[2022-12-06T06:09:48.010+0000] {processor.py:175} INFO - Processing /home/airflow/.local/lib/python3.7/site-packages/airflow/example_dags/example_task_group_decorator.py took 0.200 seconds
[2022-12-06T06:10:35.887+0000] {processor.py:153} INFO - Started process (PID=2489) to work on /home/airflow/.local/lib/python3.7/site-packages/airflow/example_dags/example_task_group_decorator.py
[2022-12-06T06:10:35.890+0000] {processor.py:743} INFO - Processing file /home/airflow/.local/lib/python3.7/site-packages/airflow/example_dags/example_task_group_decorator.py for tasks to queue
[2022-12-06T06:10:35.896+0000] {logging_mixin.py:137} INFO - [2022-12-06T06:10:35.895+0000] {dagbag.py:538} INFO - Filling up the DagBag from /home/airflow/.local/lib/python3.7/site-packages/airflow/example_dags/example_task_group_decorator.py
[2022-12-06T06:10:35.956+0000] {processor.py:753} INFO - DAG(s) dict_keys(['example_task_group_decorator']) retrieved from /home/airflow/.local/lib/python3.7/site-packages/airflow/example_dags/example_task_group_decorator.py
[2022-12-06T06:10:36.089+0000] {logging_mixin.py:137} INFO - [2022-12-06T06:10:36.089+0000] {dag.py:2676} INFO - Sync 1 DAGs
[2022-12-06T06:10:36.159+0000] {logging_mixin.py:137} INFO - [2022-12-06T06:10:36.159+0000] {dag.py:3427} INFO - Setting next_dagrun for example_task_group_decorator to 2022-12-05T06:10:36.158379+00:00, run_after=2022-12-06T06:10:36.158379+00:00
[2022-12-06T06:10:36.240+0000] {processor.py:175} INFO - Processing /home/airflow/.local/lib/python3.7/site-packages/airflow/example_dags/example_task_group_decorator.py took 0.358 seconds
[2022-12-06T06:11:16.521+0000] {processor.py:153} INFO - Started process (PID=2557) to work on /home/airflow/.local/lib/python3.7/site-packages/airflow/example_dags/example_task_group_decorator.py
[2022-12-06T06:11:16.524+0000] {processor.py:743} INFO - Processing file /home/airflow/.local/lib/python3.7/site-packages/airflow/example_dags/example_task_group_decorator.py for tasks to queue
[2022-12-06T06:11:16.527+0000] {logging_mixin.py:137} INFO - [2022-12-06T06:11:16.527+0000] {dagbag.py:538} INFO - Filling up the DagBag from /home/airflow/.local/lib/python3.7/site-packages/airflow/example_dags/example_task_group_decorator.py
[2022-12-06T06:11:16.583+0000] {processor.py:753} INFO - DAG(s) dict_keys(['example_task_group_decorator']) retrieved from /home/airflow/.local/lib/python3.7/site-packages/airflow/example_dags/example_task_group_decorator.py
[2022-12-06T06:11:16.659+0000] {logging_mixin.py:137} INFO - [2022-12-06T06:11:16.659+0000] {dag.py:2676} INFO - Sync 1 DAGs
[2022-12-06T06:11:16.744+0000] {logging_mixin.py:137} INFO - [2022-12-06T06:11:16.744+0000] {dag.py:3427} INFO - Setting next_dagrun for example_task_group_decorator to 2022-12-05T06:11:16.744069+00:00, run_after=2022-12-06T06:11:16.744069+00:00
[2022-12-06T06:11:16.784+0000] {processor.py:175} INFO - Processing /home/airflow/.local/lib/python3.7/site-packages/airflow/example_dags/example_task_group_decorator.py took 0.269 seconds
