[2022-12-06T05:24:30.776+0000] {processor.py:153} INFO - Started process (PID=63) to work on /home/airflow/.local/lib/python3.7/site-packages/airflow/example_dags/tutorial_dag.py
[2022-12-06T05:24:30.779+0000] {processor.py:743} INFO - Processing file /home/airflow/.local/lib/python3.7/site-packages/airflow/example_dags/tutorial_dag.py for tasks to queue
[2022-12-06T05:24:30.784+0000] {logging_mixin.py:137} INFO - [2022-12-06T05:24:30.783+0000] {dagbag.py:538} INFO - Filling up the DagBag from /home/airflow/.local/lib/python3.7/site-packages/airflow/example_dags/tutorial_dag.py
[2022-12-06T05:24:30.817+0000] {processor.py:753} INFO - DAG(s) dict_keys(['tutorial_dag']) retrieved from /home/airflow/.local/lib/python3.7/site-packages/airflow/example_dags/tutorial_dag.py
[2022-12-06T05:24:30.916+0000] {logging_mixin.py:137} INFO - [2022-12-06T05:24:30.915+0000] {dag.py:2676} INFO - Sync 1 DAGs
[2022-12-06T05:24:31.012+0000] {logging_mixin.py:137} INFO - [2022-12-06T05:24:31.012+0000] {dag.py:3427} INFO - Setting next_dagrun for tutorial_dag to None, run_after=None
[2022-12-06T05:24:31.107+0000] {processor.py:175} INFO - Processing /home/airflow/.local/lib/python3.7/site-packages/airflow/example_dags/tutorial_dag.py took 0.336 seconds
[2022-12-06T05:26:10.541+0000] {processor.py:153} INFO - Started process (PID=169) to work on /home/airflow/.local/lib/python3.7/site-packages/airflow/example_dags/tutorial_dag.py
[2022-12-06T05:26:10.548+0000] {processor.py:743} INFO - Processing file /home/airflow/.local/lib/python3.7/site-packages/airflow/example_dags/tutorial_dag.py for tasks to queue
[2022-12-06T05:26:10.550+0000] {logging_mixin.py:137} INFO - [2022-12-06T05:26:10.550+0000] {dagbag.py:538} INFO - Filling up the DagBag from /home/airflow/.local/lib/python3.7/site-packages/airflow/example_dags/tutorial_dag.py
[2022-12-06T05:26:10.576+0000] {processor.py:753} INFO - DAG(s) dict_keys(['tutorial_dag']) retrieved from /home/airflow/.local/lib/python3.7/site-packages/airflow/example_dags/tutorial_dag.py
[2022-12-06T05:26:10.717+0000] {logging_mixin.py:137} INFO - [2022-12-06T05:26:10.717+0000] {dag.py:2676} INFO - Sync 1 DAGs
[2022-12-06T05:26:10.782+0000] {logging_mixin.py:137} INFO - [2022-12-06T05:26:10.782+0000] {dag.py:3427} INFO - Setting next_dagrun for tutorial_dag to None, run_after=None
[2022-12-06T05:26:10.817+0000] {processor.py:175} INFO - Processing /home/airflow/.local/lib/python3.7/site-packages/airflow/example_dags/tutorial_dag.py took 0.282 seconds
[2022-12-06T05:27:06.738+0000] {processor.py:153} INFO - Started process (PID=259) to work on /home/airflow/.local/lib/python3.7/site-packages/airflow/example_dags/tutorial_dag.py
[2022-12-06T05:27:06.740+0000] {processor.py:743} INFO - Processing file /home/airflow/.local/lib/python3.7/site-packages/airflow/example_dags/tutorial_dag.py for tasks to queue
[2022-12-06T05:27:06.748+0000] {logging_mixin.py:137} INFO - [2022-12-06T05:27:06.748+0000] {dagbag.py:538} INFO - Filling up the DagBag from /home/airflow/.local/lib/python3.7/site-packages/airflow/example_dags/tutorial_dag.py
[2022-12-06T05:27:06.792+0000] {processor.py:753} INFO - DAG(s) dict_keys(['tutorial_dag']) retrieved from /home/airflow/.local/lib/python3.7/site-packages/airflow/example_dags/tutorial_dag.py
[2022-12-06T05:27:06.864+0000] {logging_mixin.py:137} INFO - [2022-12-06T05:27:06.864+0000] {dag.py:2676} INFO - Sync 1 DAGs
[2022-12-06T05:27:06.957+0000] {logging_mixin.py:137} INFO - [2022-12-06T05:27:06.957+0000] {dag.py:3427} INFO - Setting next_dagrun for tutorial_dag to None, run_after=None
[2022-12-06T05:27:07.033+0000] {processor.py:175} INFO - Processing /home/airflow/.local/lib/python3.7/site-packages/airflow/example_dags/tutorial_dag.py took 0.301 seconds
[2022-12-06T05:27:37.147+0000] {processor.py:153} INFO - Started process (PID=327) to work on /home/airflow/.local/lib/python3.7/site-packages/airflow/example_dags/tutorial_dag.py
[2022-12-06T05:27:37.150+0000] {processor.py:743} INFO - Processing file /home/airflow/.local/lib/python3.7/site-packages/airflow/example_dags/tutorial_dag.py for tasks to queue
[2022-12-06T05:27:37.154+0000] {logging_mixin.py:137} INFO - [2022-12-06T05:27:37.153+0000] {dagbag.py:538} INFO - Filling up the DagBag from /home/airflow/.local/lib/python3.7/site-packages/airflow/example_dags/tutorial_dag.py
[2022-12-06T05:27:37.188+0000] {processor.py:753} INFO - DAG(s) dict_keys(['tutorial_dag']) retrieved from /home/airflow/.local/lib/python3.7/site-packages/airflow/example_dags/tutorial_dag.py
[2022-12-06T05:27:37.274+0000] {logging_mixin.py:137} INFO - [2022-12-06T05:27:37.274+0000] {dag.py:2676} INFO - Sync 1 DAGs
[2022-12-06T05:27:37.320+0000] {logging_mixin.py:137} INFO - [2022-12-06T05:27:37.320+0000] {dag.py:3427} INFO - Setting next_dagrun for tutorial_dag to None, run_after=None
[2022-12-06T05:27:37.359+0000] {processor.py:175} INFO - Processing /home/airflow/.local/lib/python3.7/site-packages/airflow/example_dags/tutorial_dag.py took 0.219 seconds
[2022-12-06T05:28:07.747+0000] {processor.py:153} INFO - Started process (PID=394) to work on /home/airflow/.local/lib/python3.7/site-packages/airflow/example_dags/tutorial_dag.py
[2022-12-06T05:28:07.750+0000] {processor.py:743} INFO - Processing file /home/airflow/.local/lib/python3.7/site-packages/airflow/example_dags/tutorial_dag.py for tasks to queue
[2022-12-06T05:28:07.752+0000] {logging_mixin.py:137} INFO - [2022-12-06T05:28:07.752+0000] {dagbag.py:538} INFO - Filling up the DagBag from /home/airflow/.local/lib/python3.7/site-packages/airflow/example_dags/tutorial_dag.py
[2022-12-06T05:28:07.781+0000] {processor.py:753} INFO - DAG(s) dict_keys(['tutorial_dag']) retrieved from /home/airflow/.local/lib/python3.7/site-packages/airflow/example_dags/tutorial_dag.py
[2022-12-06T05:28:07.856+0000] {logging_mixin.py:137} INFO - [2022-12-06T05:28:07.856+0000] {dag.py:2676} INFO - Sync 1 DAGs
[2022-12-06T05:28:07.913+0000] {logging_mixin.py:137} INFO - [2022-12-06T05:28:07.913+0000] {dag.py:3427} INFO - Setting next_dagrun for tutorial_dag to None, run_after=None
[2022-12-06T05:28:07.970+0000] {processor.py:175} INFO - Processing /home/airflow/.local/lib/python3.7/site-packages/airflow/example_dags/tutorial_dag.py took 0.228 seconds
[2022-12-06T05:28:39.116+0000] {processor.py:153} INFO - Started process (PID=454) to work on /home/airflow/.local/lib/python3.7/site-packages/airflow/example_dags/tutorial_dag.py
[2022-12-06T05:28:39.121+0000] {processor.py:743} INFO - Processing file /home/airflow/.local/lib/python3.7/site-packages/airflow/example_dags/tutorial_dag.py for tasks to queue
[2022-12-06T05:28:39.128+0000] {logging_mixin.py:137} INFO - [2022-12-06T05:28:39.127+0000] {dagbag.py:538} INFO - Filling up the DagBag from /home/airflow/.local/lib/python3.7/site-packages/airflow/example_dags/tutorial_dag.py
[2022-12-06T05:28:39.165+0000] {processor.py:753} INFO - DAG(s) dict_keys(['tutorial_dag']) retrieved from /home/airflow/.local/lib/python3.7/site-packages/airflow/example_dags/tutorial_dag.py
[2022-12-06T05:28:39.272+0000] {logging_mixin.py:137} INFO - [2022-12-06T05:28:39.272+0000] {dag.py:2676} INFO - Sync 1 DAGs
[2022-12-06T05:28:39.359+0000] {logging_mixin.py:137} INFO - [2022-12-06T05:28:39.359+0000] {dag.py:3427} INFO - Setting next_dagrun for tutorial_dag to None, run_after=None
[2022-12-06T05:28:39.390+0000] {processor.py:175} INFO - Processing /home/airflow/.local/lib/python3.7/site-packages/airflow/example_dags/tutorial_dag.py took 0.280 seconds
[2022-12-06T05:29:11.219+0000] {processor.py:153} INFO - Started process (PID=522) to work on /home/airflow/.local/lib/python3.7/site-packages/airflow/example_dags/tutorial_dag.py
[2022-12-06T05:29:11.228+0000] {processor.py:743} INFO - Processing file /home/airflow/.local/lib/python3.7/site-packages/airflow/example_dags/tutorial_dag.py for tasks to queue
[2022-12-06T05:29:11.234+0000] {logging_mixin.py:137} INFO - [2022-12-06T05:29:11.234+0000] {dagbag.py:538} INFO - Filling up the DagBag from /home/airflow/.local/lib/python3.7/site-packages/airflow/example_dags/tutorial_dag.py
[2022-12-06T05:29:11.270+0000] {processor.py:753} INFO - DAG(s) dict_keys(['tutorial_dag']) retrieved from /home/airflow/.local/lib/python3.7/site-packages/airflow/example_dags/tutorial_dag.py
[2022-12-06T05:29:11.354+0000] {logging_mixin.py:137} INFO - [2022-12-06T05:29:11.351+0000] {dag.py:2676} INFO - Sync 1 DAGs
[2022-12-06T05:29:11.445+0000] {logging_mixin.py:137} INFO - [2022-12-06T05:29:11.443+0000] {dag.py:3427} INFO - Setting next_dagrun for tutorial_dag to None, run_after=None
[2022-12-06T05:29:11.500+0000] {processor.py:175} INFO - Processing /home/airflow/.local/lib/python3.7/site-packages/airflow/example_dags/tutorial_dag.py took 0.290 seconds
[2022-12-06T05:30:18.420+0000] {processor.py:153} INFO - Started process (PID=590) to work on /home/airflow/.local/lib/python3.7/site-packages/airflow/example_dags/tutorial_dag.py
[2022-12-06T05:30:18.424+0000] {processor.py:743} INFO - Processing file /home/airflow/.local/lib/python3.7/site-packages/airflow/example_dags/tutorial_dag.py for tasks to queue
[2022-12-06T05:30:18.426+0000] {logging_mixin.py:137} INFO - [2022-12-06T05:30:18.426+0000] {dagbag.py:538} INFO - Filling up the DagBag from /home/airflow/.local/lib/python3.7/site-packages/airflow/example_dags/tutorial_dag.py
[2022-12-06T05:30:18.464+0000] {processor.py:753} INFO - DAG(s) dict_keys(['tutorial_dag']) retrieved from /home/airflow/.local/lib/python3.7/site-packages/airflow/example_dags/tutorial_dag.py
[2022-12-06T05:30:18.562+0000] {logging_mixin.py:137} INFO - [2022-12-06T05:30:18.562+0000] {dag.py:2676} INFO - Sync 1 DAGs
[2022-12-06T05:30:18.618+0000] {logging_mixin.py:137} INFO - [2022-12-06T05:30:18.618+0000] {dag.py:3427} INFO - Setting next_dagrun for tutorial_dag to None, run_after=None
[2022-12-06T05:30:18.670+0000] {processor.py:175} INFO - Processing /home/airflow/.local/lib/python3.7/site-packages/airflow/example_dags/tutorial_dag.py took 0.258 seconds
[2022-12-06T05:31:05.082+0000] {processor.py:153} INFO - Started process (PID=666) to work on /home/airflow/.local/lib/python3.7/site-packages/airflow/example_dags/tutorial_dag.py
[2022-12-06T05:31:05.084+0000] {processor.py:743} INFO - Processing file /home/airflow/.local/lib/python3.7/site-packages/airflow/example_dags/tutorial_dag.py for tasks to queue
[2022-12-06T05:31:05.086+0000] {logging_mixin.py:137} INFO - [2022-12-06T05:31:05.086+0000] {dagbag.py:538} INFO - Filling up the DagBag from /home/airflow/.local/lib/python3.7/site-packages/airflow/example_dags/tutorial_dag.py
[2022-12-06T05:31:05.112+0000] {processor.py:753} INFO - DAG(s) dict_keys(['tutorial_dag']) retrieved from /home/airflow/.local/lib/python3.7/site-packages/airflow/example_dags/tutorial_dag.py
[2022-12-06T05:31:05.175+0000] {logging_mixin.py:137} INFO - [2022-12-06T05:31:05.174+0000] {dag.py:2676} INFO - Sync 1 DAGs
[2022-12-06T05:31:05.240+0000] {logging_mixin.py:137} INFO - [2022-12-06T05:31:05.239+0000] {dag.py:3427} INFO - Setting next_dagrun for tutorial_dag to None, run_after=None
[2022-12-06T05:31:05.314+0000] {processor.py:175} INFO - Processing /home/airflow/.local/lib/python3.7/site-packages/airflow/example_dags/tutorial_dag.py took 0.239 seconds
[2022-12-06T05:32:02.609+0000] {processor.py:153} INFO - Started process (PID=740) to work on /home/airflow/.local/lib/python3.7/site-packages/airflow/example_dags/tutorial_dag.py
[2022-12-06T05:32:02.613+0000] {processor.py:743} INFO - Processing file /home/airflow/.local/lib/python3.7/site-packages/airflow/example_dags/tutorial_dag.py for tasks to queue
[2022-12-06T05:32:02.616+0000] {logging_mixin.py:137} INFO - [2022-12-06T05:32:02.615+0000] {dagbag.py:538} INFO - Filling up the DagBag from /home/airflow/.local/lib/python3.7/site-packages/airflow/example_dags/tutorial_dag.py
[2022-12-06T05:32:02.649+0000] {processor.py:753} INFO - DAG(s) dict_keys(['tutorial_dag']) retrieved from /home/airflow/.local/lib/python3.7/site-packages/airflow/example_dags/tutorial_dag.py
[2022-12-06T05:32:02.755+0000] {logging_mixin.py:137} INFO - [2022-12-06T05:32:02.755+0000] {dag.py:2676} INFO - Sync 1 DAGs
[2022-12-06T05:32:02.856+0000] {logging_mixin.py:137} INFO - [2022-12-06T05:32:02.856+0000] {dag.py:3427} INFO - Setting next_dagrun for tutorial_dag to None, run_after=None
[2022-12-06T05:32:02.956+0000] {processor.py:175} INFO - Processing /home/airflow/.local/lib/python3.7/site-packages/airflow/example_dags/tutorial_dag.py took 0.356 seconds
[2022-12-06T05:47:27.150+0000] {processor.py:153} INFO - Started process (PID=65) to work on /home/airflow/.local/lib/python3.7/site-packages/airflow/example_dags/tutorial_dag.py
[2022-12-06T05:47:27.153+0000] {processor.py:743} INFO - Processing file /home/airflow/.local/lib/python3.7/site-packages/airflow/example_dags/tutorial_dag.py for tasks to queue
[2022-12-06T05:47:27.155+0000] {logging_mixin.py:137} INFO - [2022-12-06T05:47:27.155+0000] {dagbag.py:538} INFO - Filling up the DagBag from /home/airflow/.local/lib/python3.7/site-packages/airflow/example_dags/tutorial_dag.py
[2022-12-06T05:47:27.179+0000] {processor.py:753} INFO - DAG(s) dict_keys(['tutorial_dag']) retrieved from /home/airflow/.local/lib/python3.7/site-packages/airflow/example_dags/tutorial_dag.py
[2022-12-06T05:47:27.290+0000] {logging_mixin.py:137} INFO - [2022-12-06T05:47:27.290+0000] {dag.py:2676} INFO - Sync 1 DAGs
[2022-12-06T05:47:27.533+0000] {logging_mixin.py:137} INFO - [2022-12-06T05:47:27.532+0000] {dag.py:3427} INFO - Setting next_dagrun for tutorial_dag to None, run_after=None
[2022-12-06T05:47:28.037+0000] {processor.py:175} INFO - Processing /home/airflow/.local/lib/python3.7/site-packages/airflow/example_dags/tutorial_dag.py took 0.893 seconds
[2022-12-06T05:48:40.151+0000] {processor.py:153} INFO - Started process (PID=155) to work on /home/airflow/.local/lib/python3.7/site-packages/airflow/example_dags/tutorial_dag.py
[2022-12-06T05:48:40.154+0000] {processor.py:743} INFO - Processing file /home/airflow/.local/lib/python3.7/site-packages/airflow/example_dags/tutorial_dag.py for tasks to queue
[2022-12-06T05:48:40.157+0000] {logging_mixin.py:137} INFO - [2022-12-06T05:48:40.156+0000] {dagbag.py:538} INFO - Filling up the DagBag from /home/airflow/.local/lib/python3.7/site-packages/airflow/example_dags/tutorial_dag.py
[2022-12-06T05:48:40.220+0000] {processor.py:753} INFO - DAG(s) dict_keys(['tutorial_dag']) retrieved from /home/airflow/.local/lib/python3.7/site-packages/airflow/example_dags/tutorial_dag.py
[2022-12-06T05:48:40.534+0000] {logging_mixin.py:137} INFO - [2022-12-06T05:48:40.533+0000] {dag.py:2676} INFO - Sync 1 DAGs
[2022-12-06T05:48:40.618+0000] {logging_mixin.py:137} INFO - [2022-12-06T05:48:40.617+0000] {dag.py:3427} INFO - Setting next_dagrun for tutorial_dag to None, run_after=None
[2022-12-06T05:48:40.676+0000] {processor.py:175} INFO - Processing /home/airflow/.local/lib/python3.7/site-packages/airflow/example_dags/tutorial_dag.py took 0.534 seconds
[2022-12-06T05:49:22.826+0000] {processor.py:153} INFO - Started process (PID=227) to work on /home/airflow/.local/lib/python3.7/site-packages/airflow/example_dags/tutorial_dag.py
[2022-12-06T05:49:22.830+0000] {processor.py:743} INFO - Processing file /home/airflow/.local/lib/python3.7/site-packages/airflow/example_dags/tutorial_dag.py for tasks to queue
[2022-12-06T05:49:22.836+0000] {logging_mixin.py:137} INFO - [2022-12-06T05:49:22.835+0000] {dagbag.py:538} INFO - Filling up the DagBag from /home/airflow/.local/lib/python3.7/site-packages/airflow/example_dags/tutorial_dag.py
[2022-12-06T05:49:22.877+0000] {processor.py:753} INFO - DAG(s) dict_keys(['tutorial_dag']) retrieved from /home/airflow/.local/lib/python3.7/site-packages/airflow/example_dags/tutorial_dag.py
[2022-12-06T05:49:22.959+0000] {logging_mixin.py:137} INFO - [2022-12-06T05:49:22.959+0000] {dag.py:2676} INFO - Sync 1 DAGs
[2022-12-06T05:49:23.022+0000] {logging_mixin.py:137} INFO - [2022-12-06T05:49:23.022+0000] {dag.py:3427} INFO - Setting next_dagrun for tutorial_dag to None, run_after=None
[2022-12-06T05:49:23.054+0000] {processor.py:175} INFO - Processing /home/airflow/.local/lib/python3.7/site-packages/airflow/example_dags/tutorial_dag.py took 0.238 seconds
[2022-12-06T05:49:55.432+0000] {processor.py:153} INFO - Started process (PID=303) to work on /home/airflow/.local/lib/python3.7/site-packages/airflow/example_dags/tutorial_dag.py
[2022-12-06T05:49:55.437+0000] {processor.py:743} INFO - Processing file /home/airflow/.local/lib/python3.7/site-packages/airflow/example_dags/tutorial_dag.py for tasks to queue
[2022-12-06T05:49:55.440+0000] {logging_mixin.py:137} INFO - [2022-12-06T05:49:55.439+0000] {dagbag.py:538} INFO - Filling up the DagBag from /home/airflow/.local/lib/python3.7/site-packages/airflow/example_dags/tutorial_dag.py
[2022-12-06T05:49:55.473+0000] {processor.py:753} INFO - DAG(s) dict_keys(['tutorial_dag']) retrieved from /home/airflow/.local/lib/python3.7/site-packages/airflow/example_dags/tutorial_dag.py
[2022-12-06T05:49:55.545+0000] {logging_mixin.py:137} INFO - [2022-12-06T05:49:55.545+0000] {dag.py:2676} INFO - Sync 1 DAGs
[2022-12-06T05:49:55.592+0000] {logging_mixin.py:137} INFO - [2022-12-06T05:49:55.592+0000] {dag.py:3427} INFO - Setting next_dagrun for tutorial_dag to None, run_after=None
[2022-12-06T05:49:55.641+0000] {processor.py:175} INFO - Processing /home/airflow/.local/lib/python3.7/site-packages/airflow/example_dags/tutorial_dag.py took 0.216 seconds
[2022-12-06T05:50:33.779+0000] {processor.py:153} INFO - Started process (PID=368) to work on /home/airflow/.local/lib/python3.7/site-packages/airflow/example_dags/tutorial_dag.py
[2022-12-06T05:50:33.783+0000] {processor.py:743} INFO - Processing file /home/airflow/.local/lib/python3.7/site-packages/airflow/example_dags/tutorial_dag.py for tasks to queue
[2022-12-06T05:50:33.788+0000] {logging_mixin.py:137} INFO - [2022-12-06T05:50:33.788+0000] {dagbag.py:538} INFO - Filling up the DagBag from /home/airflow/.local/lib/python3.7/site-packages/airflow/example_dags/tutorial_dag.py
[2022-12-06T05:50:33.894+0000] {processor.py:753} INFO - DAG(s) dict_keys(['tutorial_dag']) retrieved from /home/airflow/.local/lib/python3.7/site-packages/airflow/example_dags/tutorial_dag.py
[2022-12-06T05:50:34.044+0000] {logging_mixin.py:137} INFO - [2022-12-06T05:50:34.042+0000] {dag.py:2676} INFO - Sync 1 DAGs
[2022-12-06T05:50:34.114+0000] {logging_mixin.py:137} INFO - [2022-12-06T05:50:34.114+0000] {dag.py:3427} INFO - Setting next_dagrun for tutorial_dag to None, run_after=None
[2022-12-06T05:50:34.168+0000] {processor.py:175} INFO - Processing /home/airflow/.local/lib/python3.7/site-packages/airflow/example_dags/tutorial_dag.py took 0.403 seconds
[2022-12-06T05:51:23.843+0000] {processor.py:153} INFO - Started process (PID=436) to work on /home/airflow/.local/lib/python3.7/site-packages/airflow/example_dags/tutorial_dag.py
[2022-12-06T05:51:23.847+0000] {processor.py:743} INFO - Processing file /home/airflow/.local/lib/python3.7/site-packages/airflow/example_dags/tutorial_dag.py for tasks to queue
[2022-12-06T05:51:23.850+0000] {logging_mixin.py:137} INFO - [2022-12-06T05:51:23.849+0000] {dagbag.py:538} INFO - Filling up the DagBag from /home/airflow/.local/lib/python3.7/site-packages/airflow/example_dags/tutorial_dag.py
[2022-12-06T05:51:23.887+0000] {processor.py:753} INFO - DAG(s) dict_keys(['tutorial_dag']) retrieved from /home/airflow/.local/lib/python3.7/site-packages/airflow/example_dags/tutorial_dag.py
[2022-12-06T05:51:23.986+0000] {logging_mixin.py:137} INFO - [2022-12-06T05:51:23.985+0000] {dag.py:2676} INFO - Sync 1 DAGs
[2022-12-06T05:51:24.046+0000] {logging_mixin.py:137} INFO - [2022-12-06T05:51:24.046+0000] {dag.py:3427} INFO - Setting next_dagrun for tutorial_dag to None, run_after=None
[2022-12-06T05:51:24.080+0000] {processor.py:175} INFO - Processing /home/airflow/.local/lib/python3.7/site-packages/airflow/example_dags/tutorial_dag.py took 0.245 seconds
[2022-12-06T05:52:13.905+0000] {processor.py:153} INFO - Started process (PID=502) to work on /home/airflow/.local/lib/python3.7/site-packages/airflow/example_dags/tutorial_dag.py
[2022-12-06T05:52:13.909+0000] {processor.py:743} INFO - Processing file /home/airflow/.local/lib/python3.7/site-packages/airflow/example_dags/tutorial_dag.py for tasks to queue
[2022-12-06T05:52:13.913+0000] {logging_mixin.py:137} INFO - [2022-12-06T05:52:13.913+0000] {dagbag.py:538} INFO - Filling up the DagBag from /home/airflow/.local/lib/python3.7/site-packages/airflow/example_dags/tutorial_dag.py
[2022-12-06T05:52:13.958+0000] {processor.py:753} INFO - DAG(s) dict_keys(['tutorial_dag']) retrieved from /home/airflow/.local/lib/python3.7/site-packages/airflow/example_dags/tutorial_dag.py
[2022-12-06T05:52:14.059+0000] {logging_mixin.py:137} INFO - [2022-12-06T05:52:14.058+0000] {dag.py:2676} INFO - Sync 1 DAGs
[2022-12-06T05:52:14.140+0000] {logging_mixin.py:137} INFO - [2022-12-06T05:52:14.139+0000] {dag.py:3427} INFO - Setting next_dagrun for tutorial_dag to None, run_after=None
[2022-12-06T05:52:14.182+0000] {processor.py:175} INFO - Processing /home/airflow/.local/lib/python3.7/site-packages/airflow/example_dags/tutorial_dag.py took 0.289 seconds
[2022-12-06T05:52:58.936+0000] {processor.py:153} INFO - Started process (PID=575) to work on /home/airflow/.local/lib/python3.7/site-packages/airflow/example_dags/tutorial_dag.py
[2022-12-06T05:52:58.941+0000] {processor.py:743} INFO - Processing file /home/airflow/.local/lib/python3.7/site-packages/airflow/example_dags/tutorial_dag.py for tasks to queue
[2022-12-06T05:52:58.944+0000] {logging_mixin.py:137} INFO - [2022-12-06T05:52:58.944+0000] {dagbag.py:538} INFO - Filling up the DagBag from /home/airflow/.local/lib/python3.7/site-packages/airflow/example_dags/tutorial_dag.py
[2022-12-06T05:52:58.982+0000] {processor.py:753} INFO - DAG(s) dict_keys(['tutorial_dag']) retrieved from /home/airflow/.local/lib/python3.7/site-packages/airflow/example_dags/tutorial_dag.py
[2022-12-06T05:52:59.117+0000] {logging_mixin.py:137} INFO - [2022-12-06T05:52:59.116+0000] {dag.py:2676} INFO - Sync 1 DAGs
[2022-12-06T05:52:59.179+0000] {logging_mixin.py:137} INFO - [2022-12-06T05:52:59.179+0000] {dag.py:3427} INFO - Setting next_dagrun for tutorial_dag to None, run_after=None
[2022-12-06T05:52:59.227+0000] {processor.py:175} INFO - Processing /home/airflow/.local/lib/python3.7/site-packages/airflow/example_dags/tutorial_dag.py took 0.300 seconds
[2022-12-06T05:53:41.407+0000] {processor.py:153} INFO - Started process (PID=649) to work on /home/airflow/.local/lib/python3.7/site-packages/airflow/example_dags/tutorial_dag.py
[2022-12-06T05:53:41.409+0000] {processor.py:743} INFO - Processing file /home/airflow/.local/lib/python3.7/site-packages/airflow/example_dags/tutorial_dag.py for tasks to queue
[2022-12-06T05:53:41.411+0000] {logging_mixin.py:137} INFO - [2022-12-06T05:53:41.411+0000] {dagbag.py:538} INFO - Filling up the DagBag from /home/airflow/.local/lib/python3.7/site-packages/airflow/example_dags/tutorial_dag.py
[2022-12-06T05:53:41.436+0000] {processor.py:753} INFO - DAG(s) dict_keys(['tutorial_dag']) retrieved from /home/airflow/.local/lib/python3.7/site-packages/airflow/example_dags/tutorial_dag.py
[2022-12-06T05:53:41.501+0000] {logging_mixin.py:137} INFO - [2022-12-06T05:53:41.501+0000] {dag.py:2676} INFO - Sync 1 DAGs
[2022-12-06T05:53:41.547+0000] {logging_mixin.py:137} INFO - [2022-12-06T05:53:41.546+0000] {dag.py:3427} INFO - Setting next_dagrun for tutorial_dag to None, run_after=None
[2022-12-06T05:53:41.580+0000] {processor.py:175} INFO - Processing /home/airflow/.local/lib/python3.7/site-packages/airflow/example_dags/tutorial_dag.py took 0.179 seconds
[2022-12-06T05:54:22.662+0000] {processor.py:153} INFO - Started process (PID=716) to work on /home/airflow/.local/lib/python3.7/site-packages/airflow/example_dags/tutorial_dag.py
[2022-12-06T05:54:22.668+0000] {processor.py:743} INFO - Processing file /home/airflow/.local/lib/python3.7/site-packages/airflow/example_dags/tutorial_dag.py for tasks to queue
[2022-12-06T05:54:22.670+0000] {logging_mixin.py:137} INFO - [2022-12-06T05:54:22.669+0000] {dagbag.py:538} INFO - Filling up the DagBag from /home/airflow/.local/lib/python3.7/site-packages/airflow/example_dags/tutorial_dag.py
[2022-12-06T05:54:22.696+0000] {processor.py:753} INFO - DAG(s) dict_keys(['tutorial_dag']) retrieved from /home/airflow/.local/lib/python3.7/site-packages/airflow/example_dags/tutorial_dag.py
[2022-12-06T05:54:22.784+0000] {logging_mixin.py:137} INFO - [2022-12-06T05:54:22.784+0000] {dag.py:2676} INFO - Sync 1 DAGs
[2022-12-06T05:54:22.826+0000] {logging_mixin.py:137} INFO - [2022-12-06T05:54:22.826+0000] {dag.py:3427} INFO - Setting next_dagrun for tutorial_dag to None, run_after=None
[2022-12-06T05:54:22.861+0000] {processor.py:175} INFO - Processing /home/airflow/.local/lib/python3.7/site-packages/airflow/example_dags/tutorial_dag.py took 0.217 seconds
[2022-12-06T05:54:54.078+0000] {processor.py:153} INFO - Started process (PID=795) to work on /home/airflow/.local/lib/python3.7/site-packages/airflow/example_dags/tutorial_dag.py
[2022-12-06T05:54:54.080+0000] {processor.py:743} INFO - Processing file /home/airflow/.local/lib/python3.7/site-packages/airflow/example_dags/tutorial_dag.py for tasks to queue
[2022-12-06T05:54:54.083+0000] {logging_mixin.py:137} INFO - [2022-12-06T05:54:54.082+0000] {dagbag.py:538} INFO - Filling up the DagBag from /home/airflow/.local/lib/python3.7/site-packages/airflow/example_dags/tutorial_dag.py
[2022-12-06T05:54:54.139+0000] {processor.py:753} INFO - DAG(s) dict_keys(['tutorial_dag']) retrieved from /home/airflow/.local/lib/python3.7/site-packages/airflow/example_dags/tutorial_dag.py
[2022-12-06T05:54:54.235+0000] {logging_mixin.py:137} INFO - [2022-12-06T05:54:54.234+0000] {dag.py:2676} INFO - Sync 1 DAGs
[2022-12-06T05:54:54.284+0000] {logging_mixin.py:137} INFO - [2022-12-06T05:54:54.284+0000] {dag.py:3427} INFO - Setting next_dagrun for tutorial_dag to None, run_after=None
[2022-12-06T05:54:54.320+0000] {processor.py:175} INFO - Processing /home/airflow/.local/lib/python3.7/site-packages/airflow/example_dags/tutorial_dag.py took 0.248 seconds
[2022-12-06T05:55:38.223+0000] {processor.py:153} INFO - Started process (PID=870) to work on /home/airflow/.local/lib/python3.7/site-packages/airflow/example_dags/tutorial_dag.py
[2022-12-06T05:55:38.226+0000] {processor.py:743} INFO - Processing file /home/airflow/.local/lib/python3.7/site-packages/airflow/example_dags/tutorial_dag.py for tasks to queue
[2022-12-06T05:55:38.228+0000] {logging_mixin.py:137} INFO - [2022-12-06T05:55:38.228+0000] {dagbag.py:538} INFO - Filling up the DagBag from /home/airflow/.local/lib/python3.7/site-packages/airflow/example_dags/tutorial_dag.py
[2022-12-06T05:55:38.278+0000] {processor.py:753} INFO - DAG(s) dict_keys(['tutorial_dag']) retrieved from /home/airflow/.local/lib/python3.7/site-packages/airflow/example_dags/tutorial_dag.py
[2022-12-06T05:55:38.362+0000] {logging_mixin.py:137} INFO - [2022-12-06T05:55:38.361+0000] {dag.py:2676} INFO - Sync 1 DAGs
[2022-12-06T05:55:38.441+0000] {logging_mixin.py:137} INFO - [2022-12-06T05:55:38.440+0000] {dag.py:3427} INFO - Setting next_dagrun for tutorial_dag to None, run_after=None
[2022-12-06T05:55:38.487+0000] {processor.py:175} INFO - Processing /home/airflow/.local/lib/python3.7/site-packages/airflow/example_dags/tutorial_dag.py took 0.270 seconds
[2022-12-06T05:56:30.227+0000] {processor.py:153} INFO - Started process (PID=937) to work on /home/airflow/.local/lib/python3.7/site-packages/airflow/example_dags/tutorial_dag.py
[2022-12-06T05:56:30.229+0000] {processor.py:743} INFO - Processing file /home/airflow/.local/lib/python3.7/site-packages/airflow/example_dags/tutorial_dag.py for tasks to queue
[2022-12-06T05:56:30.231+0000] {logging_mixin.py:137} INFO - [2022-12-06T05:56:30.231+0000] {dagbag.py:538} INFO - Filling up the DagBag from /home/airflow/.local/lib/python3.7/site-packages/airflow/example_dags/tutorial_dag.py
[2022-12-06T05:56:30.254+0000] {processor.py:753} INFO - DAG(s) dict_keys(['tutorial_dag']) retrieved from /home/airflow/.local/lib/python3.7/site-packages/airflow/example_dags/tutorial_dag.py
[2022-12-06T05:56:30.310+0000] {logging_mixin.py:137} INFO - [2022-12-06T05:56:30.310+0000] {dag.py:2676} INFO - Sync 1 DAGs
[2022-12-06T05:56:30.348+0000] {logging_mixin.py:137} INFO - [2022-12-06T05:56:30.347+0000] {dag.py:3427} INFO - Setting next_dagrun for tutorial_dag to None, run_after=None
[2022-12-06T05:56:30.380+0000] {processor.py:175} INFO - Processing /home/airflow/.local/lib/python3.7/site-packages/airflow/example_dags/tutorial_dag.py took 0.158 seconds
[2022-12-06T05:57:13.211+0000] {processor.py:153} INFO - Started process (PID=1017) to work on /home/airflow/.local/lib/python3.7/site-packages/airflow/example_dags/tutorial_dag.py
[2022-12-06T05:57:13.214+0000] {processor.py:743} INFO - Processing file /home/airflow/.local/lib/python3.7/site-packages/airflow/example_dags/tutorial_dag.py for tasks to queue
[2022-12-06T05:57:13.216+0000] {logging_mixin.py:137} INFO - [2022-12-06T05:57:13.215+0000] {dagbag.py:538} INFO - Filling up the DagBag from /home/airflow/.local/lib/python3.7/site-packages/airflow/example_dags/tutorial_dag.py
[2022-12-06T05:57:13.245+0000] {processor.py:753} INFO - DAG(s) dict_keys(['tutorial_dag']) retrieved from /home/airflow/.local/lib/python3.7/site-packages/airflow/example_dags/tutorial_dag.py
[2022-12-06T05:57:13.336+0000] {logging_mixin.py:137} INFO - [2022-12-06T05:57:13.335+0000] {dag.py:2676} INFO - Sync 1 DAGs
[2022-12-06T05:57:13.398+0000] {logging_mixin.py:137} INFO - [2022-12-06T05:57:13.398+0000] {dag.py:3427} INFO - Setting next_dagrun for tutorial_dag to None, run_after=None
[2022-12-06T05:57:13.449+0000] {processor.py:175} INFO - Processing /home/airflow/.local/lib/python3.7/site-packages/airflow/example_dags/tutorial_dag.py took 0.245 seconds
[2022-12-06T05:57:53.080+0000] {processor.py:153} INFO - Started process (PID=1085) to work on /home/airflow/.local/lib/python3.7/site-packages/airflow/example_dags/tutorial_dag.py
[2022-12-06T05:57:53.083+0000] {processor.py:743} INFO - Processing file /home/airflow/.local/lib/python3.7/site-packages/airflow/example_dags/tutorial_dag.py for tasks to queue
[2022-12-06T05:57:53.086+0000] {logging_mixin.py:137} INFO - [2022-12-06T05:57:53.085+0000] {dagbag.py:538} INFO - Filling up the DagBag from /home/airflow/.local/lib/python3.7/site-packages/airflow/example_dags/tutorial_dag.py
[2022-12-06T05:57:53.141+0000] {processor.py:753} INFO - DAG(s) dict_keys(['tutorial_dag']) retrieved from /home/airflow/.local/lib/python3.7/site-packages/airflow/example_dags/tutorial_dag.py
[2022-12-06T05:57:53.252+0000] {logging_mixin.py:137} INFO - [2022-12-06T05:57:53.252+0000] {dag.py:2676} INFO - Sync 1 DAGs
[2022-12-06T05:57:53.296+0000] {logging_mixin.py:137} INFO - [2022-12-06T05:57:53.295+0000] {dag.py:3427} INFO - Setting next_dagrun for tutorial_dag to None, run_after=None
[2022-12-06T05:57:53.331+0000] {processor.py:175} INFO - Processing /home/airflow/.local/lib/python3.7/site-packages/airflow/example_dags/tutorial_dag.py took 0.262 seconds
[2022-12-06T05:58:33.379+0000] {processor.py:153} INFO - Started process (PID=1159) to work on /home/airflow/.local/lib/python3.7/site-packages/airflow/example_dags/tutorial_dag.py
[2022-12-06T05:58:33.386+0000] {processor.py:743} INFO - Processing file /home/airflow/.local/lib/python3.7/site-packages/airflow/example_dags/tutorial_dag.py for tasks to queue
[2022-12-06T05:58:33.389+0000] {logging_mixin.py:137} INFO - [2022-12-06T05:58:33.389+0000] {dagbag.py:538} INFO - Filling up the DagBag from /home/airflow/.local/lib/python3.7/site-packages/airflow/example_dags/tutorial_dag.py
[2022-12-06T05:58:33.438+0000] {processor.py:753} INFO - DAG(s) dict_keys(['tutorial_dag']) retrieved from /home/airflow/.local/lib/python3.7/site-packages/airflow/example_dags/tutorial_dag.py
[2022-12-06T05:58:33.598+0000] {logging_mixin.py:137} INFO - [2022-12-06T05:58:33.597+0000] {dag.py:2676} INFO - Sync 1 DAGs
[2022-12-06T05:58:33.731+0000] {logging_mixin.py:137} INFO - [2022-12-06T05:58:33.731+0000] {dag.py:3427} INFO - Setting next_dagrun for tutorial_dag to None, run_after=None
[2022-12-06T05:58:33.781+0000] {processor.py:175} INFO - Processing /home/airflow/.local/lib/python3.7/site-packages/airflow/example_dags/tutorial_dag.py took 0.412 seconds
[2022-12-06T05:59:16.708+0000] {processor.py:153} INFO - Started process (PID=1243) to work on /home/airflow/.local/lib/python3.7/site-packages/airflow/example_dags/tutorial_dag.py
[2022-12-06T05:59:16.732+0000] {processor.py:743} INFO - Processing file /home/airflow/.local/lib/python3.7/site-packages/airflow/example_dags/tutorial_dag.py for tasks to queue
[2022-12-06T05:59:16.735+0000] {logging_mixin.py:137} INFO - [2022-12-06T05:59:16.735+0000] {dagbag.py:538} INFO - Filling up the DagBag from /home/airflow/.local/lib/python3.7/site-packages/airflow/example_dags/tutorial_dag.py
[2022-12-06T05:59:16.772+0000] {processor.py:753} INFO - DAG(s) dict_keys(['tutorial_dag']) retrieved from /home/airflow/.local/lib/python3.7/site-packages/airflow/example_dags/tutorial_dag.py
[2022-12-06T05:59:16.875+0000] {logging_mixin.py:137} INFO - [2022-12-06T05:59:16.875+0000] {dag.py:2676} INFO - Sync 1 DAGs
[2022-12-06T05:59:16.951+0000] {logging_mixin.py:137} INFO - [2022-12-06T05:59:16.951+0000] {dag.py:3427} INFO - Setting next_dagrun for tutorial_dag to None, run_after=None
[2022-12-06T05:59:16.982+0000] {processor.py:175} INFO - Processing /home/airflow/.local/lib/python3.7/site-packages/airflow/example_dags/tutorial_dag.py took 0.286 seconds
[2022-12-06T05:59:54.571+0000] {processor.py:153} INFO - Started process (PID=1310) to work on /home/airflow/.local/lib/python3.7/site-packages/airflow/example_dags/tutorial_dag.py
[2022-12-06T05:59:54.573+0000] {processor.py:743} INFO - Processing file /home/airflow/.local/lib/python3.7/site-packages/airflow/example_dags/tutorial_dag.py for tasks to queue
[2022-12-06T05:59:54.575+0000] {logging_mixin.py:137} INFO - [2022-12-06T05:59:54.575+0000] {dagbag.py:538} INFO - Filling up the DagBag from /home/airflow/.local/lib/python3.7/site-packages/airflow/example_dags/tutorial_dag.py
[2022-12-06T05:59:54.619+0000] {processor.py:753} INFO - DAG(s) dict_keys(['tutorial_dag']) retrieved from /home/airflow/.local/lib/python3.7/site-packages/airflow/example_dags/tutorial_dag.py
[2022-12-06T05:59:54.715+0000] {logging_mixin.py:137} INFO - [2022-12-06T05:59:54.715+0000] {dag.py:2676} INFO - Sync 1 DAGs
[2022-12-06T05:59:54.794+0000] {logging_mixin.py:137} INFO - [2022-12-06T05:59:54.793+0000] {dag.py:3427} INFO - Setting next_dagrun for tutorial_dag to None, run_after=None
[2022-12-06T05:59:54.835+0000] {processor.py:175} INFO - Processing /home/airflow/.local/lib/python3.7/site-packages/airflow/example_dags/tutorial_dag.py took 0.269 seconds
[2022-12-06T06:00:43.506+0000] {processor.py:153} INFO - Started process (PID=1394) to work on /home/airflow/.local/lib/python3.7/site-packages/airflow/example_dags/tutorial_dag.py
[2022-12-06T06:00:43.508+0000] {processor.py:743} INFO - Processing file /home/airflow/.local/lib/python3.7/site-packages/airflow/example_dags/tutorial_dag.py for tasks to queue
[2022-12-06T06:00:43.511+0000] {logging_mixin.py:137} INFO - [2022-12-06T06:00:43.511+0000] {dagbag.py:538} INFO - Filling up the DagBag from /home/airflow/.local/lib/python3.7/site-packages/airflow/example_dags/tutorial_dag.py
[2022-12-06T06:00:43.548+0000] {processor.py:753} INFO - DAG(s) dict_keys(['tutorial_dag']) retrieved from /home/airflow/.local/lib/python3.7/site-packages/airflow/example_dags/tutorial_dag.py
[2022-12-06T06:00:43.666+0000] {logging_mixin.py:137} INFO - [2022-12-06T06:00:43.666+0000] {dag.py:2676} INFO - Sync 1 DAGs
[2022-12-06T06:00:43.728+0000] {logging_mixin.py:137} INFO - [2022-12-06T06:00:43.728+0000] {dag.py:3427} INFO - Setting next_dagrun for tutorial_dag to None, run_after=None
[2022-12-06T06:00:43.798+0000] {processor.py:175} INFO - Processing /home/airflow/.local/lib/python3.7/site-packages/airflow/example_dags/tutorial_dag.py took 0.306 seconds
[2022-12-06T06:01:13.935+0000] {processor.py:153} INFO - Started process (PID=1463) to work on /home/airflow/.local/lib/python3.7/site-packages/airflow/example_dags/tutorial_dag.py
[2022-12-06T06:01:13.937+0000] {processor.py:743} INFO - Processing file /home/airflow/.local/lib/python3.7/site-packages/airflow/example_dags/tutorial_dag.py for tasks to queue
[2022-12-06T06:01:13.939+0000] {logging_mixin.py:137} INFO - [2022-12-06T06:01:13.939+0000] {dagbag.py:538} INFO - Filling up the DagBag from /home/airflow/.local/lib/python3.7/site-packages/airflow/example_dags/tutorial_dag.py
[2022-12-06T06:01:13.964+0000] {processor.py:753} INFO - DAG(s) dict_keys(['tutorial_dag']) retrieved from /home/airflow/.local/lib/python3.7/site-packages/airflow/example_dags/tutorial_dag.py
[2022-12-06T06:01:14.032+0000] {logging_mixin.py:137} INFO - [2022-12-06T06:01:14.032+0000] {dag.py:2676} INFO - Sync 1 DAGs
[2022-12-06T06:01:14.077+0000] {logging_mixin.py:137} INFO - [2022-12-06T06:01:14.077+0000] {dag.py:3427} INFO - Setting next_dagrun for tutorial_dag to None, run_after=None
[2022-12-06T06:01:14.110+0000] {processor.py:175} INFO - Processing /home/airflow/.local/lib/python3.7/site-packages/airflow/example_dags/tutorial_dag.py took 0.182 seconds
[2022-12-06T06:01:45.818+0000] {processor.py:153} INFO - Started process (PID=1540) to work on /home/airflow/.local/lib/python3.7/site-packages/airflow/example_dags/tutorial_dag.py
[2022-12-06T06:01:45.822+0000] {processor.py:743} INFO - Processing file /home/airflow/.local/lib/python3.7/site-packages/airflow/example_dags/tutorial_dag.py for tasks to queue
[2022-12-06T06:01:45.826+0000] {logging_mixin.py:137} INFO - [2022-12-06T06:01:45.826+0000] {dagbag.py:538} INFO - Filling up the DagBag from /home/airflow/.local/lib/python3.7/site-packages/airflow/example_dags/tutorial_dag.py
[2022-12-06T06:01:45.868+0000] {processor.py:753} INFO - DAG(s) dict_keys(['tutorial_dag']) retrieved from /home/airflow/.local/lib/python3.7/site-packages/airflow/example_dags/tutorial_dag.py
[2022-12-06T06:01:45.940+0000] {logging_mixin.py:137} INFO - [2022-12-06T06:01:45.940+0000] {dag.py:2676} INFO - Sync 1 DAGs
[2022-12-06T06:01:45.989+0000] {logging_mixin.py:137} INFO - [2022-12-06T06:01:45.989+0000] {dag.py:3427} INFO - Setting next_dagrun for tutorial_dag to None, run_after=None
[2022-12-06T06:01:46.019+0000] {processor.py:175} INFO - Processing /home/airflow/.local/lib/python3.7/site-packages/airflow/example_dags/tutorial_dag.py took 0.207 seconds
[2022-12-06T06:02:21.648+0000] {processor.py:153} INFO - Started process (PID=1607) to work on /home/airflow/.local/lib/python3.7/site-packages/airflow/example_dags/tutorial_dag.py
[2022-12-06T06:02:21.652+0000] {processor.py:743} INFO - Processing file /home/airflow/.local/lib/python3.7/site-packages/airflow/example_dags/tutorial_dag.py for tasks to queue
[2022-12-06T06:02:21.655+0000] {logging_mixin.py:137} INFO - [2022-12-06T06:02:21.654+0000] {dagbag.py:538} INFO - Filling up the DagBag from /home/airflow/.local/lib/python3.7/site-packages/airflow/example_dags/tutorial_dag.py
[2022-12-06T06:02:21.697+0000] {processor.py:753} INFO - DAG(s) dict_keys(['tutorial_dag']) retrieved from /home/airflow/.local/lib/python3.7/site-packages/airflow/example_dags/tutorial_dag.py
[2022-12-06T06:02:21.809+0000] {logging_mixin.py:137} INFO - [2022-12-06T06:02:21.809+0000] {dag.py:2676} INFO - Sync 1 DAGs
[2022-12-06T06:02:21.879+0000] {logging_mixin.py:137} INFO - [2022-12-06T06:02:21.879+0000] {dag.py:3427} INFO - Setting next_dagrun for tutorial_dag to None, run_after=None
[2022-12-06T06:02:21.922+0000] {processor.py:175} INFO - Processing /home/airflow/.local/lib/python3.7/site-packages/airflow/example_dags/tutorial_dag.py took 0.283 seconds
[2022-12-06T06:03:05.781+0000] {processor.py:153} INFO - Started process (PID=1682) to work on /home/airflow/.local/lib/python3.7/site-packages/airflow/example_dags/tutorial_dag.py
[2022-12-06T06:03:05.786+0000] {processor.py:743} INFO - Processing file /home/airflow/.local/lib/python3.7/site-packages/airflow/example_dags/tutorial_dag.py for tasks to queue
[2022-12-06T06:03:05.789+0000] {logging_mixin.py:137} INFO - [2022-12-06T06:03:05.789+0000] {dagbag.py:538} INFO - Filling up the DagBag from /home/airflow/.local/lib/python3.7/site-packages/airflow/example_dags/tutorial_dag.py
[2022-12-06T06:03:05.820+0000] {processor.py:753} INFO - DAG(s) dict_keys(['tutorial_dag']) retrieved from /home/airflow/.local/lib/python3.7/site-packages/airflow/example_dags/tutorial_dag.py
[2022-12-06T06:03:05.929+0000] {logging_mixin.py:137} INFO - [2022-12-06T06:03:05.928+0000] {dag.py:2676} INFO - Sync 1 DAGs
[2022-12-06T06:03:06.009+0000] {logging_mixin.py:137} INFO - [2022-12-06T06:03:06.008+0000] {dag.py:3427} INFO - Setting next_dagrun for tutorial_dag to None, run_after=None
[2022-12-06T06:03:06.089+0000] {processor.py:175} INFO - Processing /home/airflow/.local/lib/python3.7/site-packages/airflow/example_dags/tutorial_dag.py took 0.317 seconds
[2022-12-06T06:03:59.823+0000] {processor.py:153} INFO - Started process (PID=1767) to work on /home/airflow/.local/lib/python3.7/site-packages/airflow/example_dags/tutorial_dag.py
[2022-12-06T06:03:59.825+0000] {processor.py:743} INFO - Processing file /home/airflow/.local/lib/python3.7/site-packages/airflow/example_dags/tutorial_dag.py for tasks to queue
[2022-12-06T06:03:59.828+0000] {logging_mixin.py:137} INFO - [2022-12-06T06:03:59.828+0000] {dagbag.py:538} INFO - Filling up the DagBag from /home/airflow/.local/lib/python3.7/site-packages/airflow/example_dags/tutorial_dag.py
[2022-12-06T06:03:59.871+0000] {processor.py:753} INFO - DAG(s) dict_keys(['tutorial_dag']) retrieved from /home/airflow/.local/lib/python3.7/site-packages/airflow/example_dags/tutorial_dag.py
[2022-12-06T06:03:59.974+0000] {logging_mixin.py:137} INFO - [2022-12-06T06:03:59.973+0000] {dag.py:2676} INFO - Sync 1 DAGs
[2022-12-06T06:04:00.030+0000] {logging_mixin.py:137} INFO - [2022-12-06T06:04:00.030+0000] {dag.py:3427} INFO - Setting next_dagrun for tutorial_dag to None, run_after=None
[2022-12-06T06:04:00.111+0000] {processor.py:175} INFO - Processing /home/airflow/.local/lib/python3.7/site-packages/airflow/example_dags/tutorial_dag.py took 0.294 seconds
[2022-12-06T06:04:35.484+0000] {processor.py:153} INFO - Started process (PID=1840) to work on /home/airflow/.local/lib/python3.7/site-packages/airflow/example_dags/tutorial_dag.py
[2022-12-06T06:04:35.491+0000] {processor.py:743} INFO - Processing file /home/airflow/.local/lib/python3.7/site-packages/airflow/example_dags/tutorial_dag.py for tasks to queue
[2022-12-06T06:04:35.494+0000] {logging_mixin.py:137} INFO - [2022-12-06T06:04:35.494+0000] {dagbag.py:538} INFO - Filling up the DagBag from /home/airflow/.local/lib/python3.7/site-packages/airflow/example_dags/tutorial_dag.py
[2022-12-06T06:04:35.526+0000] {processor.py:753} INFO - DAG(s) dict_keys(['tutorial_dag']) retrieved from /home/airflow/.local/lib/python3.7/site-packages/airflow/example_dags/tutorial_dag.py
[2022-12-06T06:04:35.606+0000] {logging_mixin.py:137} INFO - [2022-12-06T06:04:35.605+0000] {dag.py:2676} INFO - Sync 1 DAGs
[2022-12-06T06:04:35.664+0000] {logging_mixin.py:137} INFO - [2022-12-06T06:04:35.663+0000] {dag.py:3427} INFO - Setting next_dagrun for tutorial_dag to None, run_after=None
[2022-12-06T06:04:35.759+0000] {processor.py:175} INFO - Processing /home/airflow/.local/lib/python3.7/site-packages/airflow/example_dags/tutorial_dag.py took 0.290 seconds
[2022-12-06T06:05:16.424+0000] {processor.py:153} INFO - Started process (PID=1914) to work on /home/airflow/.local/lib/python3.7/site-packages/airflow/example_dags/tutorial_dag.py
[2022-12-06T06:05:16.427+0000] {processor.py:743} INFO - Processing file /home/airflow/.local/lib/python3.7/site-packages/airflow/example_dags/tutorial_dag.py for tasks to queue
[2022-12-06T06:05:16.430+0000] {logging_mixin.py:137} INFO - [2022-12-06T06:05:16.430+0000] {dagbag.py:538} INFO - Filling up the DagBag from /home/airflow/.local/lib/python3.7/site-packages/airflow/example_dags/tutorial_dag.py
[2022-12-06T06:05:16.495+0000] {processor.py:753} INFO - DAG(s) dict_keys(['tutorial_dag']) retrieved from /home/airflow/.local/lib/python3.7/site-packages/airflow/example_dags/tutorial_dag.py
[2022-12-06T06:05:16.553+0000] {logging_mixin.py:137} INFO - [2022-12-06T06:05:16.553+0000] {dag.py:2676} INFO - Sync 1 DAGs
[2022-12-06T06:05:16.637+0000] {logging_mixin.py:137} INFO - [2022-12-06T06:05:16.637+0000] {dag.py:3427} INFO - Setting next_dagrun for tutorial_dag to None, run_after=None
[2022-12-06T06:05:16.680+0000] {processor.py:175} INFO - Processing /home/airflow/.local/lib/python3.7/site-packages/airflow/example_dags/tutorial_dag.py took 0.301 seconds
[2022-12-06T06:05:47.480+0000] {processor.py:153} INFO - Started process (PID=1982) to work on /home/airflow/.local/lib/python3.7/site-packages/airflow/example_dags/tutorial_dag.py
[2022-12-06T06:05:47.485+0000] {processor.py:743} INFO - Processing file /home/airflow/.local/lib/python3.7/site-packages/airflow/example_dags/tutorial_dag.py for tasks to queue
[2022-12-06T06:05:47.487+0000] {logging_mixin.py:137} INFO - [2022-12-06T06:05:47.487+0000] {dagbag.py:538} INFO - Filling up the DagBag from /home/airflow/.local/lib/python3.7/site-packages/airflow/example_dags/tutorial_dag.py
[2022-12-06T06:05:47.518+0000] {processor.py:753} INFO - DAG(s) dict_keys(['tutorial_dag']) retrieved from /home/airflow/.local/lib/python3.7/site-packages/airflow/example_dags/tutorial_dag.py
[2022-12-06T06:05:47.576+0000] {logging_mixin.py:137} INFO - [2022-12-06T06:05:47.576+0000] {dag.py:2676} INFO - Sync 1 DAGs
[2022-12-06T06:05:47.616+0000] {logging_mixin.py:137} INFO - [2022-12-06T06:05:47.616+0000] {dag.py:3427} INFO - Setting next_dagrun for tutorial_dag to None, run_after=None
[2022-12-06T06:05:47.642+0000] {processor.py:175} INFO - Processing /home/airflow/.local/lib/python3.7/site-packages/airflow/example_dags/tutorial_dag.py took 0.167 seconds
[2022-12-06T06:06:23.596+0000] {processor.py:153} INFO - Started process (PID=2049) to work on /home/airflow/.local/lib/python3.7/site-packages/airflow/example_dags/tutorial_dag.py
[2022-12-06T06:06:23.600+0000] {processor.py:743} INFO - Processing file /home/airflow/.local/lib/python3.7/site-packages/airflow/example_dags/tutorial_dag.py for tasks to queue
[2022-12-06T06:06:23.602+0000] {logging_mixin.py:137} INFO - [2022-12-06T06:06:23.602+0000] {dagbag.py:538} INFO - Filling up the DagBag from /home/airflow/.local/lib/python3.7/site-packages/airflow/example_dags/tutorial_dag.py
[2022-12-06T06:06:23.642+0000] {processor.py:753} INFO - DAG(s) dict_keys(['tutorial_dag']) retrieved from /home/airflow/.local/lib/python3.7/site-packages/airflow/example_dags/tutorial_dag.py
[2022-12-06T06:06:23.780+0000] {logging_mixin.py:137} INFO - [2022-12-06T06:06:23.780+0000] {dag.py:2676} INFO - Sync 1 DAGs
[2022-12-06T06:06:23.839+0000] {logging_mixin.py:137} INFO - [2022-12-06T06:06:23.838+0000] {dag.py:3427} INFO - Setting next_dagrun for tutorial_dag to None, run_after=None
[2022-12-06T06:06:23.883+0000] {processor.py:175} INFO - Processing /home/airflow/.local/lib/python3.7/site-packages/airflow/example_dags/tutorial_dag.py took 0.292 seconds
[2022-12-06T06:07:02.803+0000] {processor.py:153} INFO - Started process (PID=2126) to work on /home/airflow/.local/lib/python3.7/site-packages/airflow/example_dags/tutorial_dag.py
[2022-12-06T06:07:02.805+0000] {processor.py:743} INFO - Processing file /home/airflow/.local/lib/python3.7/site-packages/airflow/example_dags/tutorial_dag.py for tasks to queue
[2022-12-06T06:07:02.807+0000] {logging_mixin.py:137} INFO - [2022-12-06T06:07:02.807+0000] {dagbag.py:538} INFO - Filling up the DagBag from /home/airflow/.local/lib/python3.7/site-packages/airflow/example_dags/tutorial_dag.py
[2022-12-06T06:07:02.840+0000] {processor.py:753} INFO - DAG(s) dict_keys(['tutorial_dag']) retrieved from /home/airflow/.local/lib/python3.7/site-packages/airflow/example_dags/tutorial_dag.py
[2022-12-06T06:07:02.909+0000] {logging_mixin.py:137} INFO - [2022-12-06T06:07:02.908+0000] {dag.py:2676} INFO - Sync 1 DAGs
[2022-12-06T06:07:02.944+0000] {logging_mixin.py:137} INFO - [2022-12-06T06:07:02.944+0000] {dag.py:3427} INFO - Setting next_dagrun for tutorial_dag to None, run_after=None
[2022-12-06T06:07:02.977+0000] {processor.py:175} INFO - Processing /home/airflow/.local/lib/python3.7/site-packages/airflow/example_dags/tutorial_dag.py took 0.181 seconds
[2022-12-06T06:07:44.004+0000] {processor.py:153} INFO - Started process (PID=2184) to work on /home/airflow/.local/lib/python3.7/site-packages/airflow/example_dags/tutorial_dag.py
[2022-12-06T06:07:44.006+0000] {processor.py:743} INFO - Processing file /home/airflow/.local/lib/python3.7/site-packages/airflow/example_dags/tutorial_dag.py for tasks to queue
[2022-12-06T06:07:44.009+0000] {logging_mixin.py:137} INFO - [2022-12-06T06:07:44.009+0000] {dagbag.py:538} INFO - Filling up the DagBag from /home/airflow/.local/lib/python3.7/site-packages/airflow/example_dags/tutorial_dag.py
[2022-12-06T06:07:44.035+0000] {processor.py:753} INFO - DAG(s) dict_keys(['tutorial_dag']) retrieved from /home/airflow/.local/lib/python3.7/site-packages/airflow/example_dags/tutorial_dag.py
[2022-12-06T06:07:44.097+0000] {logging_mixin.py:137} INFO - [2022-12-06T06:07:44.096+0000] {dag.py:2676} INFO - Sync 1 DAGs
[2022-12-06T06:07:44.137+0000] {logging_mixin.py:137} INFO - [2022-12-06T06:07:44.137+0000] {dag.py:3427} INFO - Setting next_dagrun for tutorial_dag to None, run_after=None
[2022-12-06T06:07:44.173+0000] {processor.py:175} INFO - Processing /home/airflow/.local/lib/python3.7/site-packages/airflow/example_dags/tutorial_dag.py took 0.174 seconds
[2022-12-06T06:08:42.199+0000] {processor.py:153} INFO - Started process (PID=2261) to work on /home/airflow/.local/lib/python3.7/site-packages/airflow/example_dags/tutorial_dag.py
[2022-12-06T06:08:42.202+0000] {processor.py:743} INFO - Processing file /home/airflow/.local/lib/python3.7/site-packages/airflow/example_dags/tutorial_dag.py for tasks to queue
[2022-12-06T06:08:42.204+0000] {logging_mixin.py:137} INFO - [2022-12-06T06:08:42.204+0000] {dagbag.py:538} INFO - Filling up the DagBag from /home/airflow/.local/lib/python3.7/site-packages/airflow/example_dags/tutorial_dag.py
[2022-12-06T06:08:42.246+0000] {processor.py:753} INFO - DAG(s) dict_keys(['tutorial_dag']) retrieved from /home/airflow/.local/lib/python3.7/site-packages/airflow/example_dags/tutorial_dag.py
[2022-12-06T06:08:42.341+0000] {logging_mixin.py:137} INFO - [2022-12-06T06:08:42.340+0000] {dag.py:2676} INFO - Sync 1 DAGs
[2022-12-06T06:08:42.418+0000] {logging_mixin.py:137} INFO - [2022-12-06T06:08:42.418+0000] {dag.py:3427} INFO - Setting next_dagrun for tutorial_dag to None, run_after=None
[2022-12-06T06:08:42.477+0000] {processor.py:175} INFO - Processing /home/airflow/.local/lib/python3.7/site-packages/airflow/example_dags/tutorial_dag.py took 0.283 seconds
[2022-12-06T06:09:12.867+0000] {processor.py:153} INFO - Started process (PID=2333) to work on /home/airflow/.local/lib/python3.7/site-packages/airflow/example_dags/tutorial_dag.py
[2022-12-06T06:09:12.870+0000] {processor.py:743} INFO - Processing file /home/airflow/.local/lib/python3.7/site-packages/airflow/example_dags/tutorial_dag.py for tasks to queue
[2022-12-06T06:09:12.873+0000] {logging_mixin.py:137} INFO - [2022-12-06T06:09:12.872+0000] {dagbag.py:538} INFO - Filling up the DagBag from /home/airflow/.local/lib/python3.7/site-packages/airflow/example_dags/tutorial_dag.py
[2022-12-06T06:09:12.899+0000] {processor.py:753} INFO - DAG(s) dict_keys(['tutorial_dag']) retrieved from /home/airflow/.local/lib/python3.7/site-packages/airflow/example_dags/tutorial_dag.py
[2022-12-06T06:09:12.956+0000] {logging_mixin.py:137} INFO - [2022-12-06T06:09:12.956+0000] {dag.py:2676} INFO - Sync 1 DAGs
[2022-12-06T06:09:12.990+0000] {logging_mixin.py:137} INFO - [2022-12-06T06:09:12.989+0000] {dag.py:3427} INFO - Setting next_dagrun for tutorial_dag to None, run_after=None
[2022-12-06T06:09:13.031+0000] {processor.py:175} INFO - Processing /home/airflow/.local/lib/python3.7/site-packages/airflow/example_dags/tutorial_dag.py took 0.174 seconds
[2022-12-06T06:09:46.727+0000] {processor.py:153} INFO - Started process (PID=2400) to work on /home/airflow/.local/lib/python3.7/site-packages/airflow/example_dags/tutorial_dag.py
[2022-12-06T06:09:46.731+0000] {processor.py:743} INFO - Processing file /home/airflow/.local/lib/python3.7/site-packages/airflow/example_dags/tutorial_dag.py for tasks to queue
[2022-12-06T06:09:46.735+0000] {logging_mixin.py:137} INFO - [2022-12-06T06:09:46.734+0000] {dagbag.py:538} INFO - Filling up the DagBag from /home/airflow/.local/lib/python3.7/site-packages/airflow/example_dags/tutorial_dag.py
[2022-12-06T06:09:46.769+0000] {processor.py:753} INFO - DAG(s) dict_keys(['tutorial_dag']) retrieved from /home/airflow/.local/lib/python3.7/site-packages/airflow/example_dags/tutorial_dag.py
[2022-12-06T06:09:47.157+0000] {logging_mixin.py:137} INFO - [2022-12-06T06:09:47.157+0000] {dag.py:2676} INFO - Sync 1 DAGs
[2022-12-06T06:09:47.227+0000] {logging_mixin.py:137} INFO - [2022-12-06T06:09:47.226+0000] {dag.py:3427} INFO - Setting next_dagrun for tutorial_dag to None, run_after=None
[2022-12-06T06:09:47.285+0000] {processor.py:175} INFO - Processing /home/airflow/.local/lib/python3.7/site-packages/airflow/example_dags/tutorial_dag.py took 0.599 seconds
[2022-12-06T06:10:34.735+0000] {processor.py:153} INFO - Started process (PID=2479) to work on /home/airflow/.local/lib/python3.7/site-packages/airflow/example_dags/tutorial_dag.py
[2022-12-06T06:10:34.746+0000] {processor.py:743} INFO - Processing file /home/airflow/.local/lib/python3.7/site-packages/airflow/example_dags/tutorial_dag.py for tasks to queue
[2022-12-06T06:10:34.750+0000] {logging_mixin.py:137} INFO - [2022-12-06T06:10:34.749+0000] {dagbag.py:538} INFO - Filling up the DagBag from /home/airflow/.local/lib/python3.7/site-packages/airflow/example_dags/tutorial_dag.py
[2022-12-06T06:10:34.797+0000] {processor.py:753} INFO - DAG(s) dict_keys(['tutorial_dag']) retrieved from /home/airflow/.local/lib/python3.7/site-packages/airflow/example_dags/tutorial_dag.py
[2022-12-06T06:10:34.867+0000] {logging_mixin.py:137} INFO - [2022-12-06T06:10:34.867+0000] {dag.py:2676} INFO - Sync 1 DAGs
[2022-12-06T06:10:34.909+0000] {logging_mixin.py:137} INFO - [2022-12-06T06:10:34.908+0000] {dag.py:3427} INFO - Setting next_dagrun for tutorial_dag to None, run_after=None
[2022-12-06T06:10:34.941+0000] {processor.py:175} INFO - Processing /home/airflow/.local/lib/python3.7/site-packages/airflow/example_dags/tutorial_dag.py took 0.219 seconds
[2022-12-06T06:11:15.653+0000] {processor.py:153} INFO - Started process (PID=2547) to work on /home/airflow/.local/lib/python3.7/site-packages/airflow/example_dags/tutorial_dag.py
[2022-12-06T06:11:15.656+0000] {processor.py:743} INFO - Processing file /home/airflow/.local/lib/python3.7/site-packages/airflow/example_dags/tutorial_dag.py for tasks to queue
[2022-12-06T06:11:15.659+0000] {logging_mixin.py:137} INFO - [2022-12-06T06:11:15.659+0000] {dagbag.py:538} INFO - Filling up the DagBag from /home/airflow/.local/lib/python3.7/site-packages/airflow/example_dags/tutorial_dag.py
[2022-12-06T06:11:15.687+0000] {processor.py:753} INFO - DAG(s) dict_keys(['tutorial_dag']) retrieved from /home/airflow/.local/lib/python3.7/site-packages/airflow/example_dags/tutorial_dag.py
[2022-12-06T06:11:15.761+0000] {logging_mixin.py:137} INFO - [2022-12-06T06:11:15.760+0000] {dag.py:2676} INFO - Sync 1 DAGs
[2022-12-06T06:11:15.814+0000] {logging_mixin.py:137} INFO - [2022-12-06T06:11:15.814+0000] {dag.py:3427} INFO - Setting next_dagrun for tutorial_dag to None, run_after=None
[2022-12-06T06:11:15.878+0000] {processor.py:175} INFO - Processing /home/airflow/.local/lib/python3.7/site-packages/airflow/example_dags/tutorial_dag.py took 0.230 seconds
[2022-12-06T06:11:48.960+0000] {processor.py:153} INFO - Started process (PID=2621) to work on /home/airflow/.local/lib/python3.7/site-packages/airflow/example_dags/tutorial_dag.py
[2022-12-06T06:11:48.966+0000] {processor.py:743} INFO - Processing file /home/airflow/.local/lib/python3.7/site-packages/airflow/example_dags/tutorial_dag.py for tasks to queue
[2022-12-06T06:11:48.972+0000] {logging_mixin.py:137} INFO - [2022-12-06T06:11:48.971+0000] {dagbag.py:538} INFO - Filling up the DagBag from /home/airflow/.local/lib/python3.7/site-packages/airflow/example_dags/tutorial_dag.py
[2022-12-06T06:11:49.020+0000] {processor.py:753} INFO - DAG(s) dict_keys(['tutorial_dag']) retrieved from /home/airflow/.local/lib/python3.7/site-packages/airflow/example_dags/tutorial_dag.py
[2022-12-06T06:11:49.117+0000] {logging_mixin.py:137} INFO - [2022-12-06T06:11:49.117+0000] {dag.py:2676} INFO - Sync 1 DAGs
[2022-12-06T06:11:49.171+0000] {logging_mixin.py:137} INFO - [2022-12-06T06:11:49.170+0000] {dag.py:3427} INFO - Setting next_dagrun for tutorial_dag to None, run_after=None
[2022-12-06T06:11:49.221+0000] {processor.py:175} INFO - Processing /home/airflow/.local/lib/python3.7/site-packages/airflow/example_dags/tutorial_dag.py took 0.284 seconds
[2022-12-06T06:12:31.438+0000] {processor.py:153} INFO - Started process (PID=2690) to work on /home/airflow/.local/lib/python3.7/site-packages/airflow/example_dags/tutorial_dag.py
[2022-12-06T06:12:31.440+0000] {processor.py:743} INFO - Processing file /home/airflow/.local/lib/python3.7/site-packages/airflow/example_dags/tutorial_dag.py for tasks to queue
[2022-12-06T06:12:31.442+0000] {logging_mixin.py:137} INFO - [2022-12-06T06:12:31.442+0000] {dagbag.py:538} INFO - Filling up the DagBag from /home/airflow/.local/lib/python3.7/site-packages/airflow/example_dags/tutorial_dag.py
[2022-12-06T06:12:31.471+0000] {processor.py:753} INFO - DAG(s) dict_keys(['tutorial_dag']) retrieved from /home/airflow/.local/lib/python3.7/site-packages/airflow/example_dags/tutorial_dag.py
[2022-12-06T06:12:31.529+0000] {logging_mixin.py:137} INFO - [2022-12-06T06:12:31.529+0000] {dag.py:2676} INFO - Sync 1 DAGs
[2022-12-06T06:12:31.563+0000] {logging_mixin.py:137} INFO - [2022-12-06T06:12:31.563+0000] {dag.py:3427} INFO - Setting next_dagrun for tutorial_dag to None, run_after=None
[2022-12-06T06:12:31.592+0000] {processor.py:175} INFO - Processing /home/airflow/.local/lib/python3.7/site-packages/airflow/example_dags/tutorial_dag.py took 0.164 seconds
[2022-12-06T06:13:06.431+0000] {processor.py:153} INFO - Started process (PID=2767) to work on /home/airflow/.local/lib/python3.7/site-packages/airflow/example_dags/tutorial_dag.py
[2022-12-06T06:13:06.436+0000] {processor.py:743} INFO - Processing file /home/airflow/.local/lib/python3.7/site-packages/airflow/example_dags/tutorial_dag.py for tasks to queue
[2022-12-06T06:13:06.440+0000] {logging_mixin.py:137} INFO - [2022-12-06T06:13:06.439+0000] {dagbag.py:538} INFO - Filling up the DagBag from /home/airflow/.local/lib/python3.7/site-packages/airflow/example_dags/tutorial_dag.py
[2022-12-06T06:13:06.603+0000] {processor.py:753} INFO - DAG(s) dict_keys(['tutorial_dag']) retrieved from /home/airflow/.local/lib/python3.7/site-packages/airflow/example_dags/tutorial_dag.py
[2022-12-06T06:13:06.921+0000] {logging_mixin.py:137} INFO - [2022-12-06T06:13:06.919+0000] {dag.py:2676} INFO - Sync 1 DAGs
[2022-12-06T06:13:07.100+0000] {logging_mixin.py:137} INFO - [2022-12-06T06:13:07.098+0000] {dag.py:3427} INFO - Setting next_dagrun for tutorial_dag to None, run_after=None
[2022-12-06T06:13:07.807+0000] {processor.py:175} INFO - Processing /home/airflow/.local/lib/python3.7/site-packages/airflow/example_dags/tutorial_dag.py took 1.396 seconds
[2022-12-06T06:13:43.395+0000] {processor.py:153} INFO - Started process (PID=2844) to work on /home/airflow/.local/lib/python3.7/site-packages/airflow/example_dags/tutorial_dag.py
[2022-12-06T06:13:43.397+0000] {processor.py:743} INFO - Processing file /home/airflow/.local/lib/python3.7/site-packages/airflow/example_dags/tutorial_dag.py for tasks to queue
[2022-12-06T06:13:43.399+0000] {logging_mixin.py:137} INFO - [2022-12-06T06:13:43.399+0000] {dagbag.py:538} INFO - Filling up the DagBag from /home/airflow/.local/lib/python3.7/site-packages/airflow/example_dags/tutorial_dag.py
[2022-12-06T06:13:43.452+0000] {processor.py:753} INFO - DAG(s) dict_keys(['tutorial_dag']) retrieved from /home/airflow/.local/lib/python3.7/site-packages/airflow/example_dags/tutorial_dag.py
[2022-12-06T06:13:43.551+0000] {logging_mixin.py:137} INFO - [2022-12-06T06:13:43.550+0000] {dag.py:2676} INFO - Sync 1 DAGs
[2022-12-06T06:13:43.603+0000] {logging_mixin.py:137} INFO - [2022-12-06T06:13:43.603+0000] {dag.py:3427} INFO - Setting next_dagrun for tutorial_dag to None, run_after=None
[2022-12-06T06:13:43.678+0000] {processor.py:175} INFO - Processing /home/airflow/.local/lib/python3.7/site-packages/airflow/example_dags/tutorial_dag.py took 0.289 seconds
[2022-12-06T06:14:24.592+0000] {processor.py:153} INFO - Started process (PID=2912) to work on /home/airflow/.local/lib/python3.7/site-packages/airflow/example_dags/tutorial_dag.py
[2022-12-06T06:14:24.597+0000] {processor.py:743} INFO - Processing file /home/airflow/.local/lib/python3.7/site-packages/airflow/example_dags/tutorial_dag.py for tasks to queue
[2022-12-06T06:14:24.600+0000] {logging_mixin.py:137} INFO - [2022-12-06T06:14:24.599+0000] {dagbag.py:538} INFO - Filling up the DagBag from /home/airflow/.local/lib/python3.7/site-packages/airflow/example_dags/tutorial_dag.py
[2022-12-06T06:14:24.630+0000] {processor.py:753} INFO - DAG(s) dict_keys(['tutorial_dag']) retrieved from /home/airflow/.local/lib/python3.7/site-packages/airflow/example_dags/tutorial_dag.py
[2022-12-06T06:14:24.730+0000] {logging_mixin.py:137} INFO - [2022-12-06T06:14:24.730+0000] {dag.py:2676} INFO - Sync 1 DAGs
[2022-12-06T06:14:24.851+0000] {logging_mixin.py:137} INFO - [2022-12-06T06:14:24.850+0000] {dag.py:3427} INFO - Setting next_dagrun for tutorial_dag to None, run_after=None
[2022-12-06T06:14:24.932+0000] {processor.py:175} INFO - Processing /home/airflow/.local/lib/python3.7/site-packages/airflow/example_dags/tutorial_dag.py took 0.346 seconds
