[2022-12-06T05:24:32.216+0000] {processor.py:153} INFO - Started process (PID=67) to work on /home/airflow/.local/lib/python3.7/site-packages/airflow/example_dags/tutorial_taskflow_api.py
[2022-12-06T05:24:32.218+0000] {processor.py:743} INFO - Processing file /home/airflow/.local/lib/python3.7/site-packages/airflow/example_dags/tutorial_taskflow_api.py for tasks to queue
[2022-12-06T05:24:32.220+0000] {logging_mixin.py:137} INFO - [2022-12-06T05:24:32.220+0000] {dagbag.py:538} INFO - Filling up the DagBag from /home/airflow/.local/lib/python3.7/site-packages/airflow/example_dags/tutorial_taskflow_api.py
[2022-12-06T05:24:32.269+0000] {processor.py:753} INFO - DAG(s) dict_keys(['tutorial_taskflow_api']) retrieved from /home/airflow/.local/lib/python3.7/site-packages/airflow/example_dags/tutorial_taskflow_api.py
[2022-12-06T05:24:32.507+0000] {logging_mixin.py:137} INFO - [2022-12-06T05:24:32.506+0000] {dag.py:2676} INFO - Sync 1 DAGs
[2022-12-06T05:24:32.616+0000] {logging_mixin.py:137} INFO - [2022-12-06T05:24:32.616+0000] {dag.py:3427} INFO - Setting next_dagrun for tutorial_taskflow_api to None, run_after=None
[2022-12-06T05:24:32.784+0000] {processor.py:175} INFO - Processing /home/airflow/.local/lib/python3.7/site-packages/airflow/example_dags/tutorial_taskflow_api.py took 0.573 seconds
[2022-12-06T05:26:11.389+0000] {processor.py:153} INFO - Started process (PID=175) to work on /home/airflow/.local/lib/python3.7/site-packages/airflow/example_dags/tutorial_taskflow_api.py
[2022-12-06T05:26:11.391+0000] {processor.py:743} INFO - Processing file /home/airflow/.local/lib/python3.7/site-packages/airflow/example_dags/tutorial_taskflow_api.py for tasks to queue
[2022-12-06T05:26:11.397+0000] {logging_mixin.py:137} INFO - [2022-12-06T05:26:11.395+0000] {dagbag.py:538} INFO - Filling up the DagBag from /home/airflow/.local/lib/python3.7/site-packages/airflow/example_dags/tutorial_taskflow_api.py
[2022-12-06T05:26:11.459+0000] {processor.py:753} INFO - DAG(s) dict_keys(['tutorial_taskflow_api']) retrieved from /home/airflow/.local/lib/python3.7/site-packages/airflow/example_dags/tutorial_taskflow_api.py
[2022-12-06T05:26:11.577+0000] {logging_mixin.py:137} INFO - [2022-12-06T05:26:11.571+0000] {dag.py:2676} INFO - Sync 1 DAGs
[2022-12-06T05:26:11.703+0000] {logging_mixin.py:137} INFO - [2022-12-06T05:26:11.703+0000] {dag.py:3427} INFO - Setting next_dagrun for tutorial_taskflow_api to None, run_after=None
[2022-12-06T05:26:11.792+0000] {processor.py:175} INFO - Processing /home/airflow/.local/lib/python3.7/site-packages/airflow/example_dags/tutorial_taskflow_api.py took 0.413 seconds
[2022-12-06T05:27:07.577+0000] {processor.py:153} INFO - Started process (PID=263) to work on /home/airflow/.local/lib/python3.7/site-packages/airflow/example_dags/tutorial_taskflow_api.py
[2022-12-06T05:27:07.581+0000] {processor.py:743} INFO - Processing file /home/airflow/.local/lib/python3.7/site-packages/airflow/example_dags/tutorial_taskflow_api.py for tasks to queue
[2022-12-06T05:27:07.587+0000] {logging_mixin.py:137} INFO - [2022-12-06T05:27:07.586+0000] {dagbag.py:538} INFO - Filling up the DagBag from /home/airflow/.local/lib/python3.7/site-packages/airflow/example_dags/tutorial_taskflow_api.py
[2022-12-06T05:27:07.641+0000] {processor.py:753} INFO - DAG(s) dict_keys(['tutorial_taskflow_api']) retrieved from /home/airflow/.local/lib/python3.7/site-packages/airflow/example_dags/tutorial_taskflow_api.py
[2022-12-06T05:27:07.754+0000] {logging_mixin.py:137} INFO - [2022-12-06T05:27:07.753+0000] {dag.py:2676} INFO - Sync 1 DAGs
[2022-12-06T05:27:07.811+0000] {logging_mixin.py:137} INFO - [2022-12-06T05:27:07.811+0000] {dag.py:3427} INFO - Setting next_dagrun for tutorial_taskflow_api to None, run_after=None
[2022-12-06T05:27:07.849+0000] {processor.py:175} INFO - Processing /home/airflow/.local/lib/python3.7/site-packages/airflow/example_dags/tutorial_taskflow_api.py took 0.285 seconds
[2022-12-06T05:27:38.569+0000] {processor.py:153} INFO - Started process (PID=331) to work on /home/airflow/.local/lib/python3.7/site-packages/airflow/example_dags/tutorial_taskflow_api.py
[2022-12-06T05:27:38.572+0000] {processor.py:743} INFO - Processing file /home/airflow/.local/lib/python3.7/site-packages/airflow/example_dags/tutorial_taskflow_api.py for tasks to queue
[2022-12-06T05:27:38.574+0000] {logging_mixin.py:137} INFO - [2022-12-06T05:27:38.574+0000] {dagbag.py:538} INFO - Filling up the DagBag from /home/airflow/.local/lib/python3.7/site-packages/airflow/example_dags/tutorial_taskflow_api.py
[2022-12-06T05:27:38.612+0000] {processor.py:753} INFO - DAG(s) dict_keys(['tutorial_taskflow_api']) retrieved from /home/airflow/.local/lib/python3.7/site-packages/airflow/example_dags/tutorial_taskflow_api.py
[2022-12-06T05:27:38.682+0000] {logging_mixin.py:137} INFO - [2022-12-06T05:27:38.682+0000] {dag.py:2676} INFO - Sync 1 DAGs
[2022-12-06T05:27:38.729+0000] {logging_mixin.py:137} INFO - [2022-12-06T05:27:38.728+0000] {dag.py:3427} INFO - Setting next_dagrun for tutorial_taskflow_api to None, run_after=None
[2022-12-06T05:27:38.759+0000] {processor.py:175} INFO - Processing /home/airflow/.local/lib/python3.7/site-packages/airflow/example_dags/tutorial_taskflow_api.py took 0.197 seconds
[2022-12-06T05:28:09.472+0000] {processor.py:153} INFO - Started process (PID=398) to work on /home/airflow/.local/lib/python3.7/site-packages/airflow/example_dags/tutorial_taskflow_api.py
[2022-12-06T05:28:09.475+0000] {processor.py:743} INFO - Processing file /home/airflow/.local/lib/python3.7/site-packages/airflow/example_dags/tutorial_taskflow_api.py for tasks to queue
[2022-12-06T05:28:09.485+0000] {logging_mixin.py:137} INFO - [2022-12-06T05:28:09.485+0000] {dagbag.py:538} INFO - Filling up the DagBag from /home/airflow/.local/lib/python3.7/site-packages/airflow/example_dags/tutorial_taskflow_api.py
[2022-12-06T05:28:09.624+0000] {processor.py:753} INFO - DAG(s) dict_keys(['tutorial_taskflow_api']) retrieved from /home/airflow/.local/lib/python3.7/site-packages/airflow/example_dags/tutorial_taskflow_api.py
[2022-12-06T05:28:09.787+0000] {logging_mixin.py:137} INFO - [2022-12-06T05:28:09.787+0000] {dag.py:2676} INFO - Sync 1 DAGs
[2022-12-06T05:28:09.849+0000] {logging_mixin.py:137} INFO - [2022-12-06T05:28:09.848+0000] {dag.py:3427} INFO - Setting next_dagrun for tutorial_taskflow_api to None, run_after=None
[2022-12-06T05:28:09.889+0000] {processor.py:175} INFO - Processing /home/airflow/.local/lib/python3.7/site-packages/airflow/example_dags/tutorial_taskflow_api.py took 0.429 seconds
[2022-12-06T05:28:41.807+0000] {processor.py:153} INFO - Started process (PID=464) to work on /home/airflow/.local/lib/python3.7/site-packages/airflow/example_dags/tutorial_taskflow_api.py
[2022-12-06T05:28:41.813+0000] {processor.py:743} INFO - Processing file /home/airflow/.local/lib/python3.7/site-packages/airflow/example_dags/tutorial_taskflow_api.py for tasks to queue
[2022-12-06T05:28:41.820+0000] {logging_mixin.py:137} INFO - [2022-12-06T05:28:41.818+0000] {dagbag.py:538} INFO - Filling up the DagBag from /home/airflow/.local/lib/python3.7/site-packages/airflow/example_dags/tutorial_taskflow_api.py
[2022-12-06T05:28:41.930+0000] {processor.py:753} INFO - DAG(s) dict_keys(['tutorial_taskflow_api']) retrieved from /home/airflow/.local/lib/python3.7/site-packages/airflow/example_dags/tutorial_taskflow_api.py
[2022-12-06T05:28:42.138+0000] {logging_mixin.py:137} INFO - [2022-12-06T05:28:42.138+0000] {dag.py:2676} INFO - Sync 1 DAGs
[2022-12-06T05:28:42.190+0000] {logging_mixin.py:137} INFO - [2022-12-06T05:28:42.190+0000] {dag.py:3427} INFO - Setting next_dagrun for tutorial_taskflow_api to None, run_after=None
[2022-12-06T05:28:42.240+0000] {processor.py:175} INFO - Processing /home/airflow/.local/lib/python3.7/site-packages/airflow/example_dags/tutorial_taskflow_api.py took 0.448 seconds
[2022-12-06T05:29:13.015+0000] {processor.py:153} INFO - Started process (PID=532) to work on /home/airflow/.local/lib/python3.7/site-packages/airflow/example_dags/tutorial_taskflow_api.py
[2022-12-06T05:29:13.018+0000] {processor.py:743} INFO - Processing file /home/airflow/.local/lib/python3.7/site-packages/airflow/example_dags/tutorial_taskflow_api.py for tasks to queue
[2022-12-06T05:29:13.022+0000] {logging_mixin.py:137} INFO - [2022-12-06T05:29:13.022+0000] {dagbag.py:538} INFO - Filling up the DagBag from /home/airflow/.local/lib/python3.7/site-packages/airflow/example_dags/tutorial_taskflow_api.py
[2022-12-06T05:29:13.065+0000] {processor.py:753} INFO - DAG(s) dict_keys(['tutorial_taskflow_api']) retrieved from /home/airflow/.local/lib/python3.7/site-packages/airflow/example_dags/tutorial_taskflow_api.py
[2022-12-06T05:29:13.138+0000] {logging_mixin.py:137} INFO - [2022-12-06T05:29:13.138+0000] {dag.py:2676} INFO - Sync 1 DAGs
[2022-12-06T05:29:13.183+0000] {logging_mixin.py:137} INFO - [2022-12-06T05:29:13.183+0000] {dag.py:3427} INFO - Setting next_dagrun for tutorial_taskflow_api to None, run_after=None
[2022-12-06T05:29:13.213+0000] {processor.py:175} INFO - Processing /home/airflow/.local/lib/python3.7/site-packages/airflow/example_dags/tutorial_taskflow_api.py took 0.203 seconds
[2022-12-06T05:30:19.519+0000] {processor.py:153} INFO - Started process (PID=594) to work on /home/airflow/.local/lib/python3.7/site-packages/airflow/example_dags/tutorial_taskflow_api.py
[2022-12-06T05:30:19.524+0000] {processor.py:743} INFO - Processing file /home/airflow/.local/lib/python3.7/site-packages/airflow/example_dags/tutorial_taskflow_api.py for tasks to queue
[2022-12-06T05:30:19.527+0000] {logging_mixin.py:137} INFO - [2022-12-06T05:30:19.526+0000] {dagbag.py:538} INFO - Filling up the DagBag from /home/airflow/.local/lib/python3.7/site-packages/airflow/example_dags/tutorial_taskflow_api.py
[2022-12-06T05:30:19.655+0000] {processor.py:753} INFO - DAG(s) dict_keys(['tutorial_taskflow_api']) retrieved from /home/airflow/.local/lib/python3.7/site-packages/airflow/example_dags/tutorial_taskflow_api.py
[2022-12-06T05:30:19.835+0000] {logging_mixin.py:137} INFO - [2022-12-06T05:30:19.835+0000] {dag.py:2676} INFO - Sync 1 DAGs
[2022-12-06T05:30:19.915+0000] {logging_mixin.py:137} INFO - [2022-12-06T05:30:19.914+0000] {dag.py:3427} INFO - Setting next_dagrun for tutorial_taskflow_api to None, run_after=None
[2022-12-06T05:30:19.980+0000] {processor.py:175} INFO - Processing /home/airflow/.local/lib/python3.7/site-packages/airflow/example_dags/tutorial_taskflow_api.py took 0.471 seconds
[2022-12-06T05:31:06.609+0000] {processor.py:153} INFO - Started process (PID=677) to work on /home/airflow/.local/lib/python3.7/site-packages/airflow/example_dags/tutorial_taskflow_api.py
[2022-12-06T05:31:06.614+0000] {processor.py:743} INFO - Processing file /home/airflow/.local/lib/python3.7/site-packages/airflow/example_dags/tutorial_taskflow_api.py for tasks to queue
[2022-12-06T05:31:06.619+0000] {logging_mixin.py:137} INFO - [2022-12-06T05:31:06.618+0000] {dagbag.py:538} INFO - Filling up the DagBag from /home/airflow/.local/lib/python3.7/site-packages/airflow/example_dags/tutorial_taskflow_api.py
[2022-12-06T05:31:06.673+0000] {processor.py:753} INFO - DAG(s) dict_keys(['tutorial_taskflow_api']) retrieved from /home/airflow/.local/lib/python3.7/site-packages/airflow/example_dags/tutorial_taskflow_api.py
[2022-12-06T05:31:06.774+0000] {logging_mixin.py:137} INFO - [2022-12-06T05:31:06.774+0000] {dag.py:2676} INFO - Sync 1 DAGs
[2022-12-06T05:31:06.830+0000] {logging_mixin.py:137} INFO - [2022-12-06T05:31:06.830+0000] {dag.py:3427} INFO - Setting next_dagrun for tutorial_taskflow_api to None, run_after=None
[2022-12-06T05:31:06.897+0000] {processor.py:175} INFO - Processing /home/airflow/.local/lib/python3.7/site-packages/airflow/example_dags/tutorial_taskflow_api.py took 0.294 seconds
[2022-12-06T05:32:03.553+0000] {processor.py:153} INFO - Started process (PID=744) to work on /home/airflow/.local/lib/python3.7/site-packages/airflow/example_dags/tutorial_taskflow_api.py
[2022-12-06T05:32:03.556+0000] {processor.py:743} INFO - Processing file /home/airflow/.local/lib/python3.7/site-packages/airflow/example_dags/tutorial_taskflow_api.py for tasks to queue
[2022-12-06T05:32:03.558+0000] {logging_mixin.py:137} INFO - [2022-12-06T05:32:03.558+0000] {dagbag.py:538} INFO - Filling up the DagBag from /home/airflow/.local/lib/python3.7/site-packages/airflow/example_dags/tutorial_taskflow_api.py
[2022-12-06T05:32:03.604+0000] {processor.py:753} INFO - DAG(s) dict_keys(['tutorial_taskflow_api']) retrieved from /home/airflow/.local/lib/python3.7/site-packages/airflow/example_dags/tutorial_taskflow_api.py
[2022-12-06T05:32:03.672+0000] {logging_mixin.py:137} INFO - [2022-12-06T05:32:03.671+0000] {dag.py:2676} INFO - Sync 1 DAGs
[2022-12-06T05:32:03.748+0000] {logging_mixin.py:137} INFO - [2022-12-06T05:32:03.748+0000] {dag.py:3427} INFO - Setting next_dagrun for tutorial_taskflow_api to None, run_after=None
[2022-12-06T05:32:03.816+0000] {processor.py:175} INFO - Processing /home/airflow/.local/lib/python3.7/site-packages/airflow/example_dags/tutorial_taskflow_api.py took 0.268 seconds
[2022-12-06T05:47:56.127+0000] {processor.py:153} INFO - Started process (PID=84) to work on /home/airflow/.local/lib/python3.7/site-packages/airflow/example_dags/tutorial_taskflow_api.py
[2022-12-06T05:47:56.151+0000] {processor.py:743} INFO - Processing file /home/airflow/.local/lib/python3.7/site-packages/airflow/example_dags/tutorial_taskflow_api.py for tasks to queue
[2022-12-06T05:47:56.179+0000] {logging_mixin.py:137} INFO - [2022-12-06T05:47:56.174+0000] {dagbag.py:538} INFO - Filling up the DagBag from /home/airflow/.local/lib/python3.7/site-packages/airflow/example_dags/tutorial_taskflow_api.py
[2022-12-06T05:47:56.737+0000] {processor.py:753} INFO - DAG(s) dict_keys(['tutorial_taskflow_api']) retrieved from /home/airflow/.local/lib/python3.7/site-packages/airflow/example_dags/tutorial_taskflow_api.py
[2022-12-06T05:48:24.284+0000] {logging_mixin.py:137} INFO - [2022-12-06T05:48:24.281+0000] {dag.py:2676} INFO - Sync 1 DAGs
[2022-12-06T05:48:24.679+0000] {logging_mixin.py:137} INFO - [2022-12-06T05:48:24.678+0000] {dag.py:3427} INFO - Setting next_dagrun for tutorial_taskflow_api to None, run_after=None
[2022-12-06T05:48:24.768+0000] {processor.py:175} INFO - Processing /home/airflow/.local/lib/python3.7/site-packages/airflow/example_dags/tutorial_taskflow_api.py took 28.076 seconds
[2022-12-06T05:48:55.071+0000] {processor.py:153} INFO - Started process (PID=178) to work on /home/airflow/.local/lib/python3.7/site-packages/airflow/example_dags/tutorial_taskflow_api.py
[2022-12-06T05:48:55.073+0000] {processor.py:743} INFO - Processing file /home/airflow/.local/lib/python3.7/site-packages/airflow/example_dags/tutorial_taskflow_api.py for tasks to queue
[2022-12-06T05:48:55.075+0000] {logging_mixin.py:137} INFO - [2022-12-06T05:48:55.075+0000] {dagbag.py:538} INFO - Filling up the DagBag from /home/airflow/.local/lib/python3.7/site-packages/airflow/example_dags/tutorial_taskflow_api.py
[2022-12-06T05:48:55.111+0000] {processor.py:753} INFO - DAG(s) dict_keys(['tutorial_taskflow_api']) retrieved from /home/airflow/.local/lib/python3.7/site-packages/airflow/example_dags/tutorial_taskflow_api.py
[2022-12-06T05:48:55.193+0000] {logging_mixin.py:137} INFO - [2022-12-06T05:48:55.193+0000] {dag.py:2676} INFO - Sync 1 DAGs
[2022-12-06T05:48:55.261+0000] {logging_mixin.py:137} INFO - [2022-12-06T05:48:55.260+0000] {dag.py:3427} INFO - Setting next_dagrun for tutorial_taskflow_api to None, run_after=None
[2022-12-06T05:48:55.299+0000] {processor.py:175} INFO - Processing /home/airflow/.local/lib/python3.7/site-packages/airflow/example_dags/tutorial_taskflow_api.py took 0.235 seconds
[2022-12-06T05:49:25.575+0000] {processor.py:153} INFO - Started process (PID=231) to work on /home/airflow/.local/lib/python3.7/site-packages/airflow/example_dags/tutorial_taskflow_api.py
[2022-12-06T05:49:25.577+0000] {processor.py:743} INFO - Processing file /home/airflow/.local/lib/python3.7/site-packages/airflow/example_dags/tutorial_taskflow_api.py for tasks to queue
[2022-12-06T05:49:25.579+0000] {logging_mixin.py:137} INFO - [2022-12-06T05:49:25.579+0000] {dagbag.py:538} INFO - Filling up the DagBag from /home/airflow/.local/lib/python3.7/site-packages/airflow/example_dags/tutorial_taskflow_api.py
[2022-12-06T05:49:25.616+0000] {processor.py:753} INFO - DAG(s) dict_keys(['tutorial_taskflow_api']) retrieved from /home/airflow/.local/lib/python3.7/site-packages/airflow/example_dags/tutorial_taskflow_api.py
[2022-12-06T05:49:25.713+0000] {logging_mixin.py:137} INFO - [2022-12-06T05:49:25.713+0000] {dag.py:2676} INFO - Sync 1 DAGs
[2022-12-06T05:49:25.771+0000] {logging_mixin.py:137} INFO - [2022-12-06T05:49:25.771+0000] {dag.py:3427} INFO - Setting next_dagrun for tutorial_taskflow_api to None, run_after=None
[2022-12-06T05:49:25.814+0000] {processor.py:175} INFO - Processing /home/airflow/.local/lib/python3.7/site-packages/airflow/example_dags/tutorial_taskflow_api.py took 0.244 seconds
[2022-12-06T05:49:56.122+0000] {processor.py:153} INFO - Started process (PID=309) to work on /home/airflow/.local/lib/python3.7/site-packages/airflow/example_dags/tutorial_taskflow_api.py
[2022-12-06T05:49:56.125+0000] {processor.py:743} INFO - Processing file /home/airflow/.local/lib/python3.7/site-packages/airflow/example_dags/tutorial_taskflow_api.py for tasks to queue
[2022-12-06T05:49:56.127+0000] {logging_mixin.py:137} INFO - [2022-12-06T05:49:56.127+0000] {dagbag.py:538} INFO - Filling up the DagBag from /home/airflow/.local/lib/python3.7/site-packages/airflow/example_dags/tutorial_taskflow_api.py
[2022-12-06T05:49:56.189+0000] {processor.py:753} INFO - DAG(s) dict_keys(['tutorial_taskflow_api']) retrieved from /home/airflow/.local/lib/python3.7/site-packages/airflow/example_dags/tutorial_taskflow_api.py
[2022-12-06T05:49:56.276+0000] {logging_mixin.py:137} INFO - [2022-12-06T05:49:56.276+0000] {dag.py:2676} INFO - Sync 1 DAGs
[2022-12-06T05:49:56.336+0000] {logging_mixin.py:137} INFO - [2022-12-06T05:49:56.335+0000] {dag.py:3427} INFO - Setting next_dagrun for tutorial_taskflow_api to None, run_after=None
[2022-12-06T05:49:56.381+0000] {processor.py:175} INFO - Processing /home/airflow/.local/lib/python3.7/site-packages/airflow/example_dags/tutorial_taskflow_api.py took 0.265 seconds
[2022-12-06T05:50:34.862+0000] {processor.py:153} INFO - Started process (PID=372) to work on /home/airflow/.local/lib/python3.7/site-packages/airflow/example_dags/tutorial_taskflow_api.py
[2022-12-06T05:50:34.866+0000] {processor.py:743} INFO - Processing file /home/airflow/.local/lib/python3.7/site-packages/airflow/example_dags/tutorial_taskflow_api.py for tasks to queue
[2022-12-06T05:50:34.869+0000] {logging_mixin.py:137} INFO - [2022-12-06T05:50:34.868+0000] {dagbag.py:538} INFO - Filling up the DagBag from /home/airflow/.local/lib/python3.7/site-packages/airflow/example_dags/tutorial_taskflow_api.py
[2022-12-06T05:50:34.940+0000] {processor.py:753} INFO - DAG(s) dict_keys(['tutorial_taskflow_api']) retrieved from /home/airflow/.local/lib/python3.7/site-packages/airflow/example_dags/tutorial_taskflow_api.py
[2022-12-06T05:50:35.033+0000] {logging_mixin.py:137} INFO - [2022-12-06T05:50:35.032+0000] {dag.py:2676} INFO - Sync 1 DAGs
[2022-12-06T05:50:35.104+0000] {logging_mixin.py:137} INFO - [2022-12-06T05:50:35.104+0000] {dag.py:3427} INFO - Setting next_dagrun for tutorial_taskflow_api to None, run_after=None
[2022-12-06T05:50:35.151+0000] {processor.py:175} INFO - Processing /home/airflow/.local/lib/python3.7/site-packages/airflow/example_dags/tutorial_taskflow_api.py took 0.303 seconds
[2022-12-06T05:51:24.529+0000] {processor.py:153} INFO - Started process (PID=440) to work on /home/airflow/.local/lib/python3.7/site-packages/airflow/example_dags/tutorial_taskflow_api.py
[2022-12-06T05:51:24.532+0000] {processor.py:743} INFO - Processing file /home/airflow/.local/lib/python3.7/site-packages/airflow/example_dags/tutorial_taskflow_api.py for tasks to queue
[2022-12-06T05:51:24.536+0000] {logging_mixin.py:137} INFO - [2022-12-06T05:51:24.535+0000] {dagbag.py:538} INFO - Filling up the DagBag from /home/airflow/.local/lib/python3.7/site-packages/airflow/example_dags/tutorial_taskflow_api.py
[2022-12-06T05:51:24.628+0000] {processor.py:753} INFO - DAG(s) dict_keys(['tutorial_taskflow_api']) retrieved from /home/airflow/.local/lib/python3.7/site-packages/airflow/example_dags/tutorial_taskflow_api.py
[2022-12-06T05:51:24.731+0000] {logging_mixin.py:137} INFO - [2022-12-06T05:51:24.731+0000] {dag.py:2676} INFO - Sync 1 DAGs
[2022-12-06T05:51:24.776+0000] {logging_mixin.py:137} INFO - [2022-12-06T05:51:24.776+0000] {dag.py:3427} INFO - Setting next_dagrun for tutorial_taskflow_api to None, run_after=None
[2022-12-06T05:51:24.812+0000] {processor.py:175} INFO - Processing /home/airflow/.local/lib/python3.7/site-packages/airflow/example_dags/tutorial_taskflow_api.py took 0.291 seconds
[2022-12-06T05:52:14.682+0000] {processor.py:153} INFO - Started process (PID=506) to work on /home/airflow/.local/lib/python3.7/site-packages/airflow/example_dags/tutorial_taskflow_api.py
[2022-12-06T05:52:14.686+0000] {processor.py:743} INFO - Processing file /home/airflow/.local/lib/python3.7/site-packages/airflow/example_dags/tutorial_taskflow_api.py for tasks to queue
[2022-12-06T05:52:14.691+0000] {logging_mixin.py:137} INFO - [2022-12-06T05:52:14.690+0000] {dagbag.py:538} INFO - Filling up the DagBag from /home/airflow/.local/lib/python3.7/site-packages/airflow/example_dags/tutorial_taskflow_api.py
[2022-12-06T05:52:14.748+0000] {processor.py:753} INFO - DAG(s) dict_keys(['tutorial_taskflow_api']) retrieved from /home/airflow/.local/lib/python3.7/site-packages/airflow/example_dags/tutorial_taskflow_api.py
[2022-12-06T05:52:14.832+0000] {logging_mixin.py:137} INFO - [2022-12-06T05:52:14.832+0000] {dag.py:2676} INFO - Sync 1 DAGs
[2022-12-06T05:52:14.898+0000] {logging_mixin.py:137} INFO - [2022-12-06T05:52:14.898+0000] {dag.py:3427} INFO - Setting next_dagrun for tutorial_taskflow_api to None, run_after=None
[2022-12-06T05:52:14.948+0000] {processor.py:175} INFO - Processing /home/airflow/.local/lib/python3.7/site-packages/airflow/example_dags/tutorial_taskflow_api.py took 0.270 seconds
[2022-12-06T05:53:00.486+0000] {processor.py:153} INFO - Started process (PID=584) to work on /home/airflow/.local/lib/python3.7/site-packages/airflow/example_dags/tutorial_taskflow_api.py
[2022-12-06T05:53:00.489+0000] {processor.py:743} INFO - Processing file /home/airflow/.local/lib/python3.7/site-packages/airflow/example_dags/tutorial_taskflow_api.py for tasks to queue
[2022-12-06T05:53:00.496+0000] {logging_mixin.py:137} INFO - [2022-12-06T05:53:00.495+0000] {dagbag.py:538} INFO - Filling up the DagBag from /home/airflow/.local/lib/python3.7/site-packages/airflow/example_dags/tutorial_taskflow_api.py
[2022-12-06T05:53:00.567+0000] {processor.py:753} INFO - DAG(s) dict_keys(['tutorial_taskflow_api']) retrieved from /home/airflow/.local/lib/python3.7/site-packages/airflow/example_dags/tutorial_taskflow_api.py
[2022-12-06T05:53:00.637+0000] {logging_mixin.py:137} INFO - [2022-12-06T05:53:00.636+0000] {dag.py:2676} INFO - Sync 1 DAGs
[2022-12-06T05:53:00.680+0000] {logging_mixin.py:137} INFO - [2022-12-06T05:53:00.679+0000] {dag.py:3427} INFO - Setting next_dagrun for tutorial_taskflow_api to None, run_after=None
[2022-12-06T05:53:00.710+0000] {processor.py:175} INFO - Processing /home/airflow/.local/lib/python3.7/site-packages/airflow/example_dags/tutorial_taskflow_api.py took 0.231 seconds
[2022-12-06T05:53:42.005+0000] {processor.py:153} INFO - Started process (PID=653) to work on /home/airflow/.local/lib/python3.7/site-packages/airflow/example_dags/tutorial_taskflow_api.py
[2022-12-06T05:53:42.009+0000] {processor.py:743} INFO - Processing file /home/airflow/.local/lib/python3.7/site-packages/airflow/example_dags/tutorial_taskflow_api.py for tasks to queue
[2022-12-06T05:53:42.013+0000] {logging_mixin.py:137} INFO - [2022-12-06T05:53:42.013+0000] {dagbag.py:538} INFO - Filling up the DagBag from /home/airflow/.local/lib/python3.7/site-packages/airflow/example_dags/tutorial_taskflow_api.py
[2022-12-06T05:53:42.074+0000] {processor.py:753} INFO - DAG(s) dict_keys(['tutorial_taskflow_api']) retrieved from /home/airflow/.local/lib/python3.7/site-packages/airflow/example_dags/tutorial_taskflow_api.py
[2022-12-06T05:53:42.152+0000] {logging_mixin.py:137} INFO - [2022-12-06T05:53:42.151+0000] {dag.py:2676} INFO - Sync 1 DAGs
[2022-12-06T05:53:42.201+0000] {logging_mixin.py:137} INFO - [2022-12-06T05:53:42.201+0000] {dag.py:3427} INFO - Setting next_dagrun for tutorial_taskflow_api to None, run_after=None
[2022-12-06T05:53:42.245+0000] {processor.py:175} INFO - Processing /home/airflow/.local/lib/python3.7/site-packages/airflow/example_dags/tutorial_taskflow_api.py took 0.248 seconds
[2022-12-06T05:54:23.299+0000] {processor.py:153} INFO - Started process (PID=720) to work on /home/airflow/.local/lib/python3.7/site-packages/airflow/example_dags/tutorial_taskflow_api.py
[2022-12-06T05:54:23.302+0000] {processor.py:743} INFO - Processing file /home/airflow/.local/lib/python3.7/site-packages/airflow/example_dags/tutorial_taskflow_api.py for tasks to queue
[2022-12-06T05:54:23.304+0000] {logging_mixin.py:137} INFO - [2022-12-06T05:54:23.304+0000] {dagbag.py:538} INFO - Filling up the DagBag from /home/airflow/.local/lib/python3.7/site-packages/airflow/example_dags/tutorial_taskflow_api.py
[2022-12-06T05:54:23.357+0000] {processor.py:753} INFO - DAG(s) dict_keys(['tutorial_taskflow_api']) retrieved from /home/airflow/.local/lib/python3.7/site-packages/airflow/example_dags/tutorial_taskflow_api.py
[2022-12-06T05:54:23.444+0000] {logging_mixin.py:137} INFO - [2022-12-06T05:54:23.444+0000] {dag.py:2676} INFO - Sync 1 DAGs
[2022-12-06T05:54:23.488+0000] {logging_mixin.py:137} INFO - [2022-12-06T05:54:23.487+0000] {dag.py:3427} INFO - Setting next_dagrun for tutorial_taskflow_api to None, run_after=None
[2022-12-06T05:54:23.531+0000] {processor.py:175} INFO - Processing /home/airflow/.local/lib/python3.7/site-packages/airflow/example_dags/tutorial_taskflow_api.py took 0.239 seconds
[2022-12-06T05:54:54.767+0000] {processor.py:153} INFO - Started process (PID=804) to work on /home/airflow/.local/lib/python3.7/site-packages/airflow/example_dags/tutorial_taskflow_api.py
[2022-12-06T05:54:54.770+0000] {processor.py:743} INFO - Processing file /home/airflow/.local/lib/python3.7/site-packages/airflow/example_dags/tutorial_taskflow_api.py for tasks to queue
[2022-12-06T05:54:54.772+0000] {logging_mixin.py:137} INFO - [2022-12-06T05:54:54.771+0000] {dagbag.py:538} INFO - Filling up the DagBag from /home/airflow/.local/lib/python3.7/site-packages/airflow/example_dags/tutorial_taskflow_api.py
[2022-12-06T05:54:54.806+0000] {processor.py:753} INFO - DAG(s) dict_keys(['tutorial_taskflow_api']) retrieved from /home/airflow/.local/lib/python3.7/site-packages/airflow/example_dags/tutorial_taskflow_api.py
[2022-12-06T05:54:54.878+0000] {logging_mixin.py:137} INFO - [2022-12-06T05:54:54.877+0000] {dag.py:2676} INFO - Sync 1 DAGs
[2022-12-06T05:54:54.959+0000] {logging_mixin.py:137} INFO - [2022-12-06T05:54:54.958+0000] {dag.py:3427} INFO - Setting next_dagrun for tutorial_taskflow_api to None, run_after=None
[2022-12-06T05:54:55.041+0000] {processor.py:175} INFO - Processing /home/airflow/.local/lib/python3.7/site-packages/airflow/example_dags/tutorial_taskflow_api.py took 0.280 seconds
[2022-12-06T05:55:38.956+0000] {processor.py:153} INFO - Started process (PID=874) to work on /home/airflow/.local/lib/python3.7/site-packages/airflow/example_dags/tutorial_taskflow_api.py
[2022-12-06T05:55:38.960+0000] {processor.py:743} INFO - Processing file /home/airflow/.local/lib/python3.7/site-packages/airflow/example_dags/tutorial_taskflow_api.py for tasks to queue
[2022-12-06T05:55:38.963+0000] {logging_mixin.py:137} INFO - [2022-12-06T05:55:38.963+0000] {dagbag.py:538} INFO - Filling up the DagBag from /home/airflow/.local/lib/python3.7/site-packages/airflow/example_dags/tutorial_taskflow_api.py
[2022-12-06T05:55:39.022+0000] {processor.py:753} INFO - DAG(s) dict_keys(['tutorial_taskflow_api']) retrieved from /home/airflow/.local/lib/python3.7/site-packages/airflow/example_dags/tutorial_taskflow_api.py
[2022-12-06T05:55:39.105+0000] {logging_mixin.py:137} INFO - [2022-12-06T05:55:39.104+0000] {dag.py:2676} INFO - Sync 1 DAGs
[2022-12-06T05:55:39.171+0000] {logging_mixin.py:137} INFO - [2022-12-06T05:55:39.170+0000] {dag.py:3427} INFO - Setting next_dagrun for tutorial_taskflow_api to None, run_after=None
[2022-12-06T05:55:39.239+0000] {processor.py:175} INFO - Processing /home/airflow/.local/lib/python3.7/site-packages/airflow/example_dags/tutorial_taskflow_api.py took 0.293 seconds
[2022-12-06T05:56:30.830+0000] {processor.py:153} INFO - Started process (PID=941) to work on /home/airflow/.local/lib/python3.7/site-packages/airflow/example_dags/tutorial_taskflow_api.py
[2022-12-06T05:56:30.833+0000] {processor.py:743} INFO - Processing file /home/airflow/.local/lib/python3.7/site-packages/airflow/example_dags/tutorial_taskflow_api.py for tasks to queue
[2022-12-06T05:56:30.837+0000] {logging_mixin.py:137} INFO - [2022-12-06T05:56:30.837+0000] {dagbag.py:538} INFO - Filling up the DagBag from /home/airflow/.local/lib/python3.7/site-packages/airflow/example_dags/tutorial_taskflow_api.py
[2022-12-06T05:56:30.892+0000] {processor.py:753} INFO - DAG(s) dict_keys(['tutorial_taskflow_api']) retrieved from /home/airflow/.local/lib/python3.7/site-packages/airflow/example_dags/tutorial_taskflow_api.py
[2022-12-06T05:56:30.963+0000] {logging_mixin.py:137} INFO - [2022-12-06T05:56:30.963+0000] {dag.py:2676} INFO - Sync 1 DAGs
[2022-12-06T05:56:31.007+0000] {logging_mixin.py:137} INFO - [2022-12-06T05:56:31.006+0000] {dag.py:3427} INFO - Setting next_dagrun for tutorial_taskflow_api to None, run_after=None
[2022-12-06T05:56:31.048+0000] {processor.py:175} INFO - Processing /home/airflow/.local/lib/python3.7/site-packages/airflow/example_dags/tutorial_taskflow_api.py took 0.226 seconds
[2022-12-06T05:57:14.389+0000] {processor.py:153} INFO - Started process (PID=1021) to work on /home/airflow/.local/lib/python3.7/site-packages/airflow/example_dags/tutorial_taskflow_api.py
[2022-12-06T05:57:14.395+0000] {processor.py:743} INFO - Processing file /home/airflow/.local/lib/python3.7/site-packages/airflow/example_dags/tutorial_taskflow_api.py for tasks to queue
[2022-12-06T05:57:14.402+0000] {logging_mixin.py:137} INFO - [2022-12-06T05:57:14.402+0000] {dagbag.py:538} INFO - Filling up the DagBag from /home/airflow/.local/lib/python3.7/site-packages/airflow/example_dags/tutorial_taskflow_api.py
[2022-12-06T05:57:14.566+0000] {processor.py:753} INFO - DAG(s) dict_keys(['tutorial_taskflow_api']) retrieved from /home/airflow/.local/lib/python3.7/site-packages/airflow/example_dags/tutorial_taskflow_api.py
[2022-12-06T05:57:14.824+0000] {logging_mixin.py:137} INFO - [2022-12-06T05:57:14.823+0000] {dag.py:2676} INFO - Sync 1 DAGs
[2022-12-06T05:57:14.942+0000] {logging_mixin.py:137} INFO - [2022-12-06T05:57:14.941+0000] {dag.py:3427} INFO - Setting next_dagrun for tutorial_taskflow_api to None, run_after=None
[2022-12-06T05:57:14.996+0000] {processor.py:175} INFO - Processing /home/airflow/.local/lib/python3.7/site-packages/airflow/example_dags/tutorial_taskflow_api.py took 0.623 seconds
[2022-12-06T05:57:53.933+0000] {processor.py:153} INFO - Started process (PID=1094) to work on /home/airflow/.local/lib/python3.7/site-packages/airflow/example_dags/tutorial_taskflow_api.py
[2022-12-06T05:57:53.936+0000] {processor.py:743} INFO - Processing file /home/airflow/.local/lib/python3.7/site-packages/airflow/example_dags/tutorial_taskflow_api.py for tasks to queue
[2022-12-06T05:57:53.939+0000] {logging_mixin.py:137} INFO - [2022-12-06T05:57:53.939+0000] {dagbag.py:538} INFO - Filling up the DagBag from /home/airflow/.local/lib/python3.7/site-packages/airflow/example_dags/tutorial_taskflow_api.py
[2022-12-06T05:57:53.998+0000] {processor.py:753} INFO - DAG(s) dict_keys(['tutorial_taskflow_api']) retrieved from /home/airflow/.local/lib/python3.7/site-packages/airflow/example_dags/tutorial_taskflow_api.py
[2022-12-06T05:57:54.103+0000] {logging_mixin.py:137} INFO - [2022-12-06T05:57:54.103+0000] {dag.py:2676} INFO - Sync 1 DAGs
[2022-12-06T05:57:54.170+0000] {logging_mixin.py:137} INFO - [2022-12-06T05:57:54.170+0000] {dag.py:3427} INFO - Setting next_dagrun for tutorial_taskflow_api to None, run_after=None
[2022-12-06T05:57:54.222+0000] {processor.py:175} INFO - Processing /home/airflow/.local/lib/python3.7/site-packages/airflow/example_dags/tutorial_taskflow_api.py took 0.297 seconds
[2022-12-06T05:58:34.326+0000] {processor.py:153} INFO - Started process (PID=1163) to work on /home/airflow/.local/lib/python3.7/site-packages/airflow/example_dags/tutorial_taskflow_api.py
[2022-12-06T05:58:34.331+0000] {processor.py:743} INFO - Processing file /home/airflow/.local/lib/python3.7/site-packages/airflow/example_dags/tutorial_taskflow_api.py for tasks to queue
[2022-12-06T05:58:34.335+0000] {logging_mixin.py:137} INFO - [2022-12-06T05:58:34.335+0000] {dagbag.py:538} INFO - Filling up the DagBag from /home/airflow/.local/lib/python3.7/site-packages/airflow/example_dags/tutorial_taskflow_api.py
[2022-12-06T05:58:34.383+0000] {processor.py:753} INFO - DAG(s) dict_keys(['tutorial_taskflow_api']) retrieved from /home/airflow/.local/lib/python3.7/site-packages/airflow/example_dags/tutorial_taskflow_api.py
[2022-12-06T05:58:34.490+0000] {logging_mixin.py:137} INFO - [2022-12-06T05:58:34.489+0000] {dag.py:2676} INFO - Sync 1 DAGs
[2022-12-06T05:58:34.546+0000] {logging_mixin.py:137} INFO - [2022-12-06T05:58:34.546+0000] {dag.py:3427} INFO - Setting next_dagrun for tutorial_taskflow_api to None, run_after=None
[2022-12-06T05:58:34.591+0000] {processor.py:175} INFO - Processing /home/airflow/.local/lib/python3.7/site-packages/airflow/example_dags/tutorial_taskflow_api.py took 0.272 seconds
[2022-12-06T05:59:17.390+0000] {processor.py:153} INFO - Started process (PID=1247) to work on /home/airflow/.local/lib/python3.7/site-packages/airflow/example_dags/tutorial_taskflow_api.py
[2022-12-06T05:59:17.392+0000] {processor.py:743} INFO - Processing file /home/airflow/.local/lib/python3.7/site-packages/airflow/example_dags/tutorial_taskflow_api.py for tasks to queue
[2022-12-06T05:59:17.394+0000] {logging_mixin.py:137} INFO - [2022-12-06T05:59:17.394+0000] {dagbag.py:538} INFO - Filling up the DagBag from /home/airflow/.local/lib/python3.7/site-packages/airflow/example_dags/tutorial_taskflow_api.py
[2022-12-06T05:59:17.440+0000] {processor.py:753} INFO - DAG(s) dict_keys(['tutorial_taskflow_api']) retrieved from /home/airflow/.local/lib/python3.7/site-packages/airflow/example_dags/tutorial_taskflow_api.py
[2022-12-06T05:59:17.512+0000] {logging_mixin.py:137} INFO - [2022-12-06T05:59:17.512+0000] {dag.py:2676} INFO - Sync 1 DAGs
[2022-12-06T05:59:17.575+0000] {logging_mixin.py:137} INFO - [2022-12-06T05:59:17.574+0000] {dag.py:3427} INFO - Setting next_dagrun for tutorial_taskflow_api to None, run_after=None
[2022-12-06T05:59:17.608+0000] {processor.py:175} INFO - Processing /home/airflow/.local/lib/python3.7/site-packages/airflow/example_dags/tutorial_taskflow_api.py took 0.222 seconds
[2022-12-06T05:59:55.742+0000] {processor.py:153} INFO - Started process (PID=1314) to work on /home/airflow/.local/lib/python3.7/site-packages/airflow/example_dags/tutorial_taskflow_api.py
[2022-12-06T05:59:55.747+0000] {processor.py:743} INFO - Processing file /home/airflow/.local/lib/python3.7/site-packages/airflow/example_dags/tutorial_taskflow_api.py for tasks to queue
[2022-12-06T05:59:55.749+0000] {logging_mixin.py:137} INFO - [2022-12-06T05:59:55.749+0000] {dagbag.py:538} INFO - Filling up the DagBag from /home/airflow/.local/lib/python3.7/site-packages/airflow/example_dags/tutorial_taskflow_api.py
[2022-12-06T05:59:55.798+0000] {processor.py:753} INFO - DAG(s) dict_keys(['tutorial_taskflow_api']) retrieved from /home/airflow/.local/lib/python3.7/site-packages/airflow/example_dags/tutorial_taskflow_api.py
[2022-12-06T05:59:55.876+0000] {logging_mixin.py:137} INFO - [2022-12-06T05:59:55.876+0000] {dag.py:2676} INFO - Sync 1 DAGs
[2022-12-06T05:59:55.949+0000] {logging_mixin.py:137} INFO - [2022-12-06T05:59:55.949+0000] {dag.py:3427} INFO - Setting next_dagrun for tutorial_taskflow_api to None, run_after=None
[2022-12-06T05:59:55.995+0000] {processor.py:175} INFO - Processing /home/airflow/.local/lib/python3.7/site-packages/airflow/example_dags/tutorial_taskflow_api.py took 0.263 seconds
[2022-12-06T06:00:44.121+0000] {processor.py:153} INFO - Started process (PID=1398) to work on /home/airflow/.local/lib/python3.7/site-packages/airflow/example_dags/tutorial_taskflow_api.py
[2022-12-06T06:00:44.125+0000] {processor.py:743} INFO - Processing file /home/airflow/.local/lib/python3.7/site-packages/airflow/example_dags/tutorial_taskflow_api.py for tasks to queue
[2022-12-06T06:00:44.129+0000] {logging_mixin.py:137} INFO - [2022-12-06T06:00:44.129+0000] {dagbag.py:538} INFO - Filling up the DagBag from /home/airflow/.local/lib/python3.7/site-packages/airflow/example_dags/tutorial_taskflow_api.py
[2022-12-06T06:00:44.177+0000] {processor.py:753} INFO - DAG(s) dict_keys(['tutorial_taskflow_api']) retrieved from /home/airflow/.local/lib/python3.7/site-packages/airflow/example_dags/tutorial_taskflow_api.py
[2022-12-06T06:00:44.269+0000] {logging_mixin.py:137} INFO - [2022-12-06T06:00:44.269+0000] {dag.py:2676} INFO - Sync 1 DAGs
[2022-12-06T06:00:44.348+0000] {logging_mixin.py:137} INFO - [2022-12-06T06:00:44.347+0000] {dag.py:3427} INFO - Setting next_dagrun for tutorial_taskflow_api to None, run_after=None
[2022-12-06T06:00:44.402+0000] {processor.py:175} INFO - Processing /home/airflow/.local/lib/python3.7/site-packages/airflow/example_dags/tutorial_taskflow_api.py took 0.288 seconds
[2022-12-06T06:01:14.626+0000] {processor.py:153} INFO - Started process (PID=1467) to work on /home/airflow/.local/lib/python3.7/site-packages/airflow/example_dags/tutorial_taskflow_api.py
[2022-12-06T06:01:14.629+0000] {processor.py:743} INFO - Processing file /home/airflow/.local/lib/python3.7/site-packages/airflow/example_dags/tutorial_taskflow_api.py for tasks to queue
[2022-12-06T06:01:14.631+0000] {logging_mixin.py:137} INFO - [2022-12-06T06:01:14.631+0000] {dagbag.py:538} INFO - Filling up the DagBag from /home/airflow/.local/lib/python3.7/site-packages/airflow/example_dags/tutorial_taskflow_api.py
[2022-12-06T06:01:14.668+0000] {processor.py:753} INFO - DAG(s) dict_keys(['tutorial_taskflow_api']) retrieved from /home/airflow/.local/lib/python3.7/site-packages/airflow/example_dags/tutorial_taskflow_api.py
[2022-12-06T06:01:14.750+0000] {logging_mixin.py:137} INFO - [2022-12-06T06:01:14.750+0000] {dag.py:2676} INFO - Sync 1 DAGs
[2022-12-06T06:01:14.788+0000] {logging_mixin.py:137} INFO - [2022-12-06T06:01:14.788+0000] {dag.py:3427} INFO - Setting next_dagrun for tutorial_taskflow_api to None, run_after=None
[2022-12-06T06:01:14.818+0000] {processor.py:175} INFO - Processing /home/airflow/.local/lib/python3.7/site-packages/airflow/example_dags/tutorial_taskflow_api.py took 0.198 seconds
[2022-12-06T06:01:46.429+0000] {processor.py:153} INFO - Started process (PID=1544) to work on /home/airflow/.local/lib/python3.7/site-packages/airflow/example_dags/tutorial_taskflow_api.py
[2022-12-06T06:01:46.432+0000] {processor.py:743} INFO - Processing file /home/airflow/.local/lib/python3.7/site-packages/airflow/example_dags/tutorial_taskflow_api.py for tasks to queue
[2022-12-06T06:01:46.433+0000] {logging_mixin.py:137} INFO - [2022-12-06T06:01:46.433+0000] {dagbag.py:538} INFO - Filling up the DagBag from /home/airflow/.local/lib/python3.7/site-packages/airflow/example_dags/tutorial_taskflow_api.py
[2022-12-06T06:01:46.469+0000] {processor.py:753} INFO - DAG(s) dict_keys(['tutorial_taskflow_api']) retrieved from /home/airflow/.local/lib/python3.7/site-packages/airflow/example_dags/tutorial_taskflow_api.py
[2022-12-06T06:01:46.524+0000] {logging_mixin.py:137} INFO - [2022-12-06T06:01:46.524+0000] {dag.py:2676} INFO - Sync 1 DAGs
[2022-12-06T06:01:46.561+0000] {logging_mixin.py:137} INFO - [2022-12-06T06:01:46.560+0000] {dag.py:3427} INFO - Setting next_dagrun for tutorial_taskflow_api to None, run_after=None
[2022-12-06T06:01:46.595+0000] {processor.py:175} INFO - Processing /home/airflow/.local/lib/python3.7/site-packages/airflow/example_dags/tutorial_taskflow_api.py took 0.172 seconds
[2022-12-06T06:02:22.401+0000] {processor.py:153} INFO - Started process (PID=1611) to work on /home/airflow/.local/lib/python3.7/site-packages/airflow/example_dags/tutorial_taskflow_api.py
[2022-12-06T06:02:22.404+0000] {processor.py:743} INFO - Processing file /home/airflow/.local/lib/python3.7/site-packages/airflow/example_dags/tutorial_taskflow_api.py for tasks to queue
[2022-12-06T06:02:22.407+0000] {logging_mixin.py:137} INFO - [2022-12-06T06:02:22.407+0000] {dagbag.py:538} INFO - Filling up the DagBag from /home/airflow/.local/lib/python3.7/site-packages/airflow/example_dags/tutorial_taskflow_api.py
[2022-12-06T06:02:22.467+0000] {processor.py:753} INFO - DAG(s) dict_keys(['tutorial_taskflow_api']) retrieved from /home/airflow/.local/lib/python3.7/site-packages/airflow/example_dags/tutorial_taskflow_api.py
[2022-12-06T06:02:22.530+0000] {logging_mixin.py:137} INFO - [2022-12-06T06:02:22.530+0000] {dag.py:2676} INFO - Sync 1 DAGs
[2022-12-06T06:02:22.580+0000] {logging_mixin.py:137} INFO - [2022-12-06T06:02:22.579+0000] {dag.py:3427} INFO - Setting next_dagrun for tutorial_taskflow_api to None, run_after=None
[2022-12-06T06:02:22.622+0000] {processor.py:175} INFO - Processing /home/airflow/.local/lib/python3.7/site-packages/airflow/example_dags/tutorial_taskflow_api.py took 0.227 seconds
[2022-12-06T06:03:06.764+0000] {processor.py:153} INFO - Started process (PID=1686) to work on /home/airflow/.local/lib/python3.7/site-packages/airflow/example_dags/tutorial_taskflow_api.py
[2022-12-06T06:03:06.786+0000] {processor.py:743} INFO - Processing file /home/airflow/.local/lib/python3.7/site-packages/airflow/example_dags/tutorial_taskflow_api.py for tasks to queue
[2022-12-06T06:03:06.790+0000] {logging_mixin.py:137} INFO - [2022-12-06T06:03:06.789+0000] {dagbag.py:538} INFO - Filling up the DagBag from /home/airflow/.local/lib/python3.7/site-packages/airflow/example_dags/tutorial_taskflow_api.py
[2022-12-06T06:03:06.852+0000] {processor.py:753} INFO - DAG(s) dict_keys(['tutorial_taskflow_api']) retrieved from /home/airflow/.local/lib/python3.7/site-packages/airflow/example_dags/tutorial_taskflow_api.py
[2022-12-06T06:03:06.939+0000] {logging_mixin.py:137} INFO - [2022-12-06T06:03:06.939+0000] {dag.py:2676} INFO - Sync 1 DAGs
[2022-12-06T06:03:06.994+0000] {logging_mixin.py:137} INFO - [2022-12-06T06:03:06.994+0000] {dag.py:3427} INFO - Setting next_dagrun for tutorial_taskflow_api to None, run_after=None
[2022-12-06T06:03:07.045+0000] {processor.py:175} INFO - Processing /home/airflow/.local/lib/python3.7/site-packages/airflow/example_dags/tutorial_taskflow_api.py took 0.290 seconds
[2022-12-06T06:04:01.105+0000] {processor.py:153} INFO - Started process (PID=1776) to work on /home/airflow/.local/lib/python3.7/site-packages/airflow/example_dags/tutorial_taskflow_api.py
[2022-12-06T06:04:01.113+0000] {processor.py:743} INFO - Processing file /home/airflow/.local/lib/python3.7/site-packages/airflow/example_dags/tutorial_taskflow_api.py for tasks to queue
[2022-12-06T06:04:01.117+0000] {logging_mixin.py:137} INFO - [2022-12-06T06:04:01.117+0000] {dagbag.py:538} INFO - Filling up the DagBag from /home/airflow/.local/lib/python3.7/site-packages/airflow/example_dags/tutorial_taskflow_api.py
[2022-12-06T06:04:01.243+0000] {processor.py:753} INFO - DAG(s) dict_keys(['tutorial_taskflow_api']) retrieved from /home/airflow/.local/lib/python3.7/site-packages/airflow/example_dags/tutorial_taskflow_api.py
[2022-12-06T06:04:01.421+0000] {logging_mixin.py:137} INFO - [2022-12-06T06:04:01.421+0000] {dag.py:2676} INFO - Sync 1 DAGs
[2022-12-06T06:04:01.494+0000] {logging_mixin.py:137} INFO - [2022-12-06T06:04:01.494+0000] {dag.py:3427} INFO - Setting next_dagrun for tutorial_taskflow_api to None, run_after=None
[2022-12-06T06:04:01.548+0000] {processor.py:175} INFO - Processing /home/airflow/.local/lib/python3.7/site-packages/airflow/example_dags/tutorial_taskflow_api.py took 0.472 seconds
[2022-12-06T06:04:36.634+0000] {processor.py:153} INFO - Started process (PID=1849) to work on /home/airflow/.local/lib/python3.7/site-packages/airflow/example_dags/tutorial_taskflow_api.py
[2022-12-06T06:04:36.636+0000] {processor.py:743} INFO - Processing file /home/airflow/.local/lib/python3.7/site-packages/airflow/example_dags/tutorial_taskflow_api.py for tasks to queue
[2022-12-06T06:04:36.639+0000] {logging_mixin.py:137} INFO - [2022-12-06T06:04:36.638+0000] {dagbag.py:538} INFO - Filling up the DagBag from /home/airflow/.local/lib/python3.7/site-packages/airflow/example_dags/tutorial_taskflow_api.py
[2022-12-06T06:04:36.688+0000] {processor.py:753} INFO - DAG(s) dict_keys(['tutorial_taskflow_api']) retrieved from /home/airflow/.local/lib/python3.7/site-packages/airflow/example_dags/tutorial_taskflow_api.py
[2022-12-06T06:04:36.786+0000] {logging_mixin.py:137} INFO - [2022-12-06T06:04:36.785+0000] {dag.py:2676} INFO - Sync 1 DAGs
[2022-12-06T06:04:36.836+0000] {logging_mixin.py:137} INFO - [2022-12-06T06:04:36.836+0000] {dag.py:3427} INFO - Setting next_dagrun for tutorial_taskflow_api to None, run_after=None
[2022-12-06T06:04:36.878+0000] {processor.py:175} INFO - Processing /home/airflow/.local/lib/python3.7/site-packages/airflow/example_dags/tutorial_taskflow_api.py took 0.252 seconds
[2022-12-06T06:05:17.112+0000] {processor.py:153} INFO - Started process (PID=1918) to work on /home/airflow/.local/lib/python3.7/site-packages/airflow/example_dags/tutorial_taskflow_api.py
[2022-12-06T06:05:17.115+0000] {processor.py:743} INFO - Processing file /home/airflow/.local/lib/python3.7/site-packages/airflow/example_dags/tutorial_taskflow_api.py for tasks to queue
[2022-12-06T06:05:17.118+0000] {logging_mixin.py:137} INFO - [2022-12-06T06:05:17.117+0000] {dagbag.py:538} INFO - Filling up the DagBag from /home/airflow/.local/lib/python3.7/site-packages/airflow/example_dags/tutorial_taskflow_api.py
[2022-12-06T06:05:17.194+0000] {processor.py:753} INFO - DAG(s) dict_keys(['tutorial_taskflow_api']) retrieved from /home/airflow/.local/lib/python3.7/site-packages/airflow/example_dags/tutorial_taskflow_api.py
[2022-12-06T06:05:17.292+0000] {logging_mixin.py:137} INFO - [2022-12-06T06:05:17.292+0000] {dag.py:2676} INFO - Sync 1 DAGs
[2022-12-06T06:05:17.346+0000] {logging_mixin.py:137} INFO - [2022-12-06T06:05:17.346+0000] {dag.py:3427} INFO - Setting next_dagrun for tutorial_taskflow_api to None, run_after=None
[2022-12-06T06:05:17.403+0000] {processor.py:175} INFO - Processing /home/airflow/.local/lib/python3.7/site-packages/airflow/example_dags/tutorial_taskflow_api.py took 0.296 seconds
[2022-12-06T06:05:48.074+0000] {processor.py:153} INFO - Started process (PID=1986) to work on /home/airflow/.local/lib/python3.7/site-packages/airflow/example_dags/tutorial_taskflow_api.py
[2022-12-06T06:05:48.076+0000] {processor.py:743} INFO - Processing file /home/airflow/.local/lib/python3.7/site-packages/airflow/example_dags/tutorial_taskflow_api.py for tasks to queue
[2022-12-06T06:05:48.078+0000] {logging_mixin.py:137} INFO - [2022-12-06T06:05:48.078+0000] {dagbag.py:538} INFO - Filling up the DagBag from /home/airflow/.local/lib/python3.7/site-packages/airflow/example_dags/tutorial_taskflow_api.py
[2022-12-06T06:05:48.116+0000] {processor.py:753} INFO - DAG(s) dict_keys(['tutorial_taskflow_api']) retrieved from /home/airflow/.local/lib/python3.7/site-packages/airflow/example_dags/tutorial_taskflow_api.py
[2022-12-06T06:05:48.181+0000] {logging_mixin.py:137} INFO - [2022-12-06T06:05:48.181+0000] {dag.py:2676} INFO - Sync 1 DAGs
[2022-12-06T06:05:48.222+0000] {logging_mixin.py:137} INFO - [2022-12-06T06:05:48.222+0000] {dag.py:3427} INFO - Setting next_dagrun for tutorial_taskflow_api to None, run_after=None
[2022-12-06T06:05:48.259+0000] {processor.py:175} INFO - Processing /home/airflow/.local/lib/python3.7/site-packages/airflow/example_dags/tutorial_taskflow_api.py took 0.189 seconds
[2022-12-06T06:06:24.452+0000] {processor.py:153} INFO - Started process (PID=2053) to work on /home/airflow/.local/lib/python3.7/site-packages/airflow/example_dags/tutorial_taskflow_api.py
[2022-12-06T06:06:24.462+0000] {processor.py:743} INFO - Processing file /home/airflow/.local/lib/python3.7/site-packages/airflow/example_dags/tutorial_taskflow_api.py for tasks to queue
[2022-12-06T06:06:24.468+0000] {logging_mixin.py:137} INFO - [2022-12-06T06:06:24.467+0000] {dagbag.py:538} INFO - Filling up the DagBag from /home/airflow/.local/lib/python3.7/site-packages/airflow/example_dags/tutorial_taskflow_api.py
[2022-12-06T06:06:24.542+0000] {processor.py:753} INFO - DAG(s) dict_keys(['tutorial_taskflow_api']) retrieved from /home/airflow/.local/lib/python3.7/site-packages/airflow/example_dags/tutorial_taskflow_api.py
[2022-12-06T06:06:24.640+0000] {logging_mixin.py:137} INFO - [2022-12-06T06:06:24.640+0000] {dag.py:2676} INFO - Sync 1 DAGs
[2022-12-06T06:06:24.686+0000] {logging_mixin.py:137} INFO - [2022-12-06T06:06:24.685+0000] {dag.py:3427} INFO - Setting next_dagrun for tutorial_taskflow_api to None, run_after=None
[2022-12-06T06:06:24.730+0000] {processor.py:175} INFO - Processing /home/airflow/.local/lib/python3.7/site-packages/airflow/example_dags/tutorial_taskflow_api.py took 0.287 seconds
[2022-12-06T06:07:03.416+0000] {processor.py:153} INFO - Started process (PID=2130) to work on /home/airflow/.local/lib/python3.7/site-packages/airflow/example_dags/tutorial_taskflow_api.py
[2022-12-06T06:07:03.420+0000] {processor.py:743} INFO - Processing file /home/airflow/.local/lib/python3.7/site-packages/airflow/example_dags/tutorial_taskflow_api.py for tasks to queue
[2022-12-06T06:07:03.430+0000] {logging_mixin.py:137} INFO - [2022-12-06T06:07:03.428+0000] {dagbag.py:538} INFO - Filling up the DagBag from /home/airflow/.local/lib/python3.7/site-packages/airflow/example_dags/tutorial_taskflow_api.py
[2022-12-06T06:07:03.597+0000] {processor.py:753} INFO - DAG(s) dict_keys(['tutorial_taskflow_api']) retrieved from /home/airflow/.local/lib/python3.7/site-packages/airflow/example_dags/tutorial_taskflow_api.py
[2022-12-06T06:07:03.770+0000] {logging_mixin.py:137} INFO - [2022-12-06T06:07:03.770+0000] {dag.py:2676} INFO - Sync 1 DAGs
[2022-12-06T06:07:03.851+0000] {logging_mixin.py:137} INFO - [2022-12-06T06:07:03.850+0000] {dag.py:3427} INFO - Setting next_dagrun for tutorial_taskflow_api to None, run_after=None
[2022-12-06T06:07:03.912+0000] {processor.py:175} INFO - Processing /home/airflow/.local/lib/python3.7/site-packages/airflow/example_dags/tutorial_taskflow_api.py took 0.507 seconds
[2022-12-06T06:07:44.535+0000] {processor.py:153} INFO - Started process (PID=2188) to work on /home/airflow/.local/lib/python3.7/site-packages/airflow/example_dags/tutorial_taskflow_api.py
[2022-12-06T06:07:44.537+0000] {processor.py:743} INFO - Processing file /home/airflow/.local/lib/python3.7/site-packages/airflow/example_dags/tutorial_taskflow_api.py for tasks to queue
[2022-12-06T06:07:44.539+0000] {logging_mixin.py:137} INFO - [2022-12-06T06:07:44.539+0000] {dagbag.py:538} INFO - Filling up the DagBag from /home/airflow/.local/lib/python3.7/site-packages/airflow/example_dags/tutorial_taskflow_api.py
[2022-12-06T06:07:44.572+0000] {processor.py:753} INFO - DAG(s) dict_keys(['tutorial_taskflow_api']) retrieved from /home/airflow/.local/lib/python3.7/site-packages/airflow/example_dags/tutorial_taskflow_api.py
[2022-12-06T06:07:44.644+0000] {logging_mixin.py:137} INFO - [2022-12-06T06:07:44.644+0000] {dag.py:2676} INFO - Sync 1 DAGs
[2022-12-06T06:07:44.679+0000] {logging_mixin.py:137} INFO - [2022-12-06T06:07:44.679+0000] {dag.py:3427} INFO - Setting next_dagrun for tutorial_taskflow_api to None, run_after=None
[2022-12-06T06:07:44.717+0000] {processor.py:175} INFO - Processing /home/airflow/.local/lib/python3.7/site-packages/airflow/example_dags/tutorial_taskflow_api.py took 0.186 seconds
[2022-12-06T06:08:42.909+0000] {processor.py:153} INFO - Started process (PID=2270) to work on /home/airflow/.local/lib/python3.7/site-packages/airflow/example_dags/tutorial_taskflow_api.py
[2022-12-06T06:08:42.912+0000] {processor.py:743} INFO - Processing file /home/airflow/.local/lib/python3.7/site-packages/airflow/example_dags/tutorial_taskflow_api.py for tasks to queue
[2022-12-06T06:08:42.917+0000] {logging_mixin.py:137} INFO - [2022-12-06T06:08:42.917+0000] {dagbag.py:538} INFO - Filling up the DagBag from /home/airflow/.local/lib/python3.7/site-packages/airflow/example_dags/tutorial_taskflow_api.py
[2022-12-06T06:08:42.991+0000] {processor.py:753} INFO - DAG(s) dict_keys(['tutorial_taskflow_api']) retrieved from /home/airflow/.local/lib/python3.7/site-packages/airflow/example_dags/tutorial_taskflow_api.py
[2022-12-06T06:08:43.119+0000] {logging_mixin.py:137} INFO - [2022-12-06T06:08:43.119+0000] {dag.py:2676} INFO - Sync 1 DAGs
[2022-12-06T06:08:43.204+0000] {logging_mixin.py:137} INFO - [2022-12-06T06:08:43.204+0000] {dag.py:3427} INFO - Setting next_dagrun for tutorial_taskflow_api to None, run_after=None
[2022-12-06T06:08:43.237+0000] {processor.py:175} INFO - Processing /home/airflow/.local/lib/python3.7/site-packages/airflow/example_dags/tutorial_taskflow_api.py took 0.342 seconds
[2022-12-06T06:09:13.439+0000] {processor.py:153} INFO - Started process (PID=2337) to work on /home/airflow/.local/lib/python3.7/site-packages/airflow/example_dags/tutorial_taskflow_api.py
[2022-12-06T06:09:13.441+0000] {processor.py:743} INFO - Processing file /home/airflow/.local/lib/python3.7/site-packages/airflow/example_dags/tutorial_taskflow_api.py for tasks to queue
[2022-12-06T06:09:13.443+0000] {logging_mixin.py:137} INFO - [2022-12-06T06:09:13.443+0000] {dagbag.py:538} INFO - Filling up the DagBag from /home/airflow/.local/lib/python3.7/site-packages/airflow/example_dags/tutorial_taskflow_api.py
[2022-12-06T06:09:13.482+0000] {processor.py:753} INFO - DAG(s) dict_keys(['tutorial_taskflow_api']) retrieved from /home/airflow/.local/lib/python3.7/site-packages/airflow/example_dags/tutorial_taskflow_api.py
[2022-12-06T06:09:13.554+0000] {logging_mixin.py:137} INFO - [2022-12-06T06:09:13.554+0000] {dag.py:2676} INFO - Sync 1 DAGs
[2022-12-06T06:09:13.594+0000] {logging_mixin.py:137} INFO - [2022-12-06T06:09:13.594+0000] {dag.py:3427} INFO - Setting next_dagrun for tutorial_taskflow_api to None, run_after=None
[2022-12-06T06:09:13.627+0000] {processor.py:175} INFO - Processing /home/airflow/.local/lib/python3.7/site-packages/airflow/example_dags/tutorial_taskflow_api.py took 0.193 seconds
[2022-12-06T06:09:47.667+0000] {processor.py:153} INFO - Started process (PID=2404) to work on /home/airflow/.local/lib/python3.7/site-packages/airflow/example_dags/tutorial_taskflow_api.py
[2022-12-06T06:09:47.670+0000] {processor.py:743} INFO - Processing file /home/airflow/.local/lib/python3.7/site-packages/airflow/example_dags/tutorial_taskflow_api.py for tasks to queue
[2022-12-06T06:09:47.673+0000] {logging_mixin.py:137} INFO - [2022-12-06T06:09:47.672+0000] {dagbag.py:538} INFO - Filling up the DagBag from /home/airflow/.local/lib/python3.7/site-packages/airflow/example_dags/tutorial_taskflow_api.py
[2022-12-06T06:09:47.710+0000] {processor.py:753} INFO - DAG(s) dict_keys(['tutorial_taskflow_api']) retrieved from /home/airflow/.local/lib/python3.7/site-packages/airflow/example_dags/tutorial_taskflow_api.py
[2022-12-06T06:09:47.803+0000] {logging_mixin.py:137} INFO - [2022-12-06T06:09:47.803+0000] {dag.py:2676} INFO - Sync 1 DAGs
[2022-12-06T06:09:47.849+0000] {logging_mixin.py:137} INFO - [2022-12-06T06:09:47.849+0000] {dag.py:3427} INFO - Setting next_dagrun for tutorial_taskflow_api to None, run_after=None
[2022-12-06T06:09:47.891+0000] {processor.py:175} INFO - Processing /home/airflow/.local/lib/python3.7/site-packages/airflow/example_dags/tutorial_taskflow_api.py took 0.229 seconds
[2022-12-06T06:10:35.824+0000] {processor.py:153} INFO - Started process (PID=2488) to work on /home/airflow/.local/lib/python3.7/site-packages/airflow/example_dags/tutorial_taskflow_api.py
[2022-12-06T06:10:35.826+0000] {processor.py:743} INFO - Processing file /home/airflow/.local/lib/python3.7/site-packages/airflow/example_dags/tutorial_taskflow_api.py for tasks to queue
[2022-12-06T06:10:35.830+0000] {logging_mixin.py:137} INFO - [2022-12-06T06:10:35.830+0000] {dagbag.py:538} INFO - Filling up the DagBag from /home/airflow/.local/lib/python3.7/site-packages/airflow/example_dags/tutorial_taskflow_api.py
[2022-12-06T06:10:35.887+0000] {processor.py:753} INFO - DAG(s) dict_keys(['tutorial_taskflow_api']) retrieved from /home/airflow/.local/lib/python3.7/site-packages/airflow/example_dags/tutorial_taskflow_api.py
[2022-12-06T06:10:35.981+0000] {logging_mixin.py:137} INFO - [2022-12-06T06:10:35.981+0000] {dag.py:2676} INFO - Sync 1 DAGs
[2022-12-06T06:10:36.025+0000] {logging_mixin.py:137} INFO - [2022-12-06T06:10:36.025+0000] {dag.py:3427} INFO - Setting next_dagrun for tutorial_taskflow_api to None, run_after=None
[2022-12-06T06:10:36.075+0000] {processor.py:175} INFO - Processing /home/airflow/.local/lib/python3.7/site-packages/airflow/example_dags/tutorial_taskflow_api.py took 0.258 seconds
[2022-12-06T06:11:16.482+0000] {processor.py:153} INFO - Started process (PID=2556) to work on /home/airflow/.local/lib/python3.7/site-packages/airflow/example_dags/tutorial_taskflow_api.py
[2022-12-06T06:11:16.485+0000] {processor.py:743} INFO - Processing file /home/airflow/.local/lib/python3.7/site-packages/airflow/example_dags/tutorial_taskflow_api.py for tasks to queue
[2022-12-06T06:11:16.487+0000] {logging_mixin.py:137} INFO - [2022-12-06T06:11:16.487+0000] {dagbag.py:538} INFO - Filling up the DagBag from /home/airflow/.local/lib/python3.7/site-packages/airflow/example_dags/tutorial_taskflow_api.py
[2022-12-06T06:11:16.543+0000] {processor.py:753} INFO - DAG(s) dict_keys(['tutorial_taskflow_api']) retrieved from /home/airflow/.local/lib/python3.7/site-packages/airflow/example_dags/tutorial_taskflow_api.py
[2022-12-06T06:11:16.612+0000] {logging_mixin.py:137} INFO - [2022-12-06T06:11:16.611+0000] {dag.py:2676} INFO - Sync 1 DAGs
[2022-12-06T06:11:16.672+0000] {logging_mixin.py:137} INFO - [2022-12-06T06:11:16.672+0000] {dag.py:3427} INFO - Setting next_dagrun for tutorial_taskflow_api to None, run_after=None
[2022-12-06T06:11:16.708+0000] {processor.py:175} INFO - Processing /home/airflow/.local/lib/python3.7/site-packages/airflow/example_dags/tutorial_taskflow_api.py took 0.234 seconds
[2022-12-06T06:11:49.645+0000] {processor.py:153} INFO - Started process (PID=2625) to work on /home/airflow/.local/lib/python3.7/site-packages/airflow/example_dags/tutorial_taskflow_api.py
[2022-12-06T06:11:49.651+0000] {processor.py:743} INFO - Processing file /home/airflow/.local/lib/python3.7/site-packages/airflow/example_dags/tutorial_taskflow_api.py for tasks to queue
[2022-12-06T06:11:49.657+0000] {logging_mixin.py:137} INFO - [2022-12-06T06:11:49.657+0000] {dagbag.py:538} INFO - Filling up the DagBag from /home/airflow/.local/lib/python3.7/site-packages/airflow/example_dags/tutorial_taskflow_api.py
[2022-12-06T06:11:49.717+0000] {processor.py:753} INFO - DAG(s) dict_keys(['tutorial_taskflow_api']) retrieved from /home/airflow/.local/lib/python3.7/site-packages/airflow/example_dags/tutorial_taskflow_api.py
[2022-12-06T06:11:49.789+0000] {logging_mixin.py:137} INFO - [2022-12-06T06:11:49.788+0000] {dag.py:2676} INFO - Sync 1 DAGs
[2022-12-06T06:11:49.877+0000] {logging_mixin.py:137} INFO - [2022-12-06T06:11:49.877+0000] {dag.py:3427} INFO - Setting next_dagrun for tutorial_taskflow_api to None, run_after=None
[2022-12-06T06:11:49.915+0000] {processor.py:175} INFO - Processing /home/airflow/.local/lib/python3.7/site-packages/airflow/example_dags/tutorial_taskflow_api.py took 0.278 seconds
[2022-12-06T06:12:32.029+0000] {processor.py:153} INFO - Started process (PID=2694) to work on /home/airflow/.local/lib/python3.7/site-packages/airflow/example_dags/tutorial_taskflow_api.py
[2022-12-06T06:12:32.032+0000] {processor.py:743} INFO - Processing file /home/airflow/.local/lib/python3.7/site-packages/airflow/example_dags/tutorial_taskflow_api.py for tasks to queue
[2022-12-06T06:12:32.035+0000] {logging_mixin.py:137} INFO - [2022-12-06T06:12:32.035+0000] {dagbag.py:538} INFO - Filling up the DagBag from /home/airflow/.local/lib/python3.7/site-packages/airflow/example_dags/tutorial_taskflow_api.py
[2022-12-06T06:12:32.101+0000] {processor.py:753} INFO - DAG(s) dict_keys(['tutorial_taskflow_api']) retrieved from /home/airflow/.local/lib/python3.7/site-packages/airflow/example_dags/tutorial_taskflow_api.py
[2022-12-06T06:12:32.171+0000] {logging_mixin.py:137} INFO - [2022-12-06T06:12:32.171+0000] {dag.py:2676} INFO - Sync 1 DAGs
[2022-12-06T06:12:32.222+0000] {logging_mixin.py:137} INFO - [2022-12-06T06:12:32.222+0000] {dag.py:3427} INFO - Setting next_dagrun for tutorial_taskflow_api to None, run_after=None
[2022-12-06T06:12:32.260+0000] {processor.py:175} INFO - Processing /home/airflow/.local/lib/python3.7/site-packages/airflow/example_dags/tutorial_taskflow_api.py took 0.240 seconds
[2022-12-06T06:13:08.266+0000] {processor.py:153} INFO - Started process (PID=2772) to work on /home/airflow/.local/lib/python3.7/site-packages/airflow/example_dags/tutorial_taskflow_api.py
[2022-12-06T06:13:08.270+0000] {processor.py:743} INFO - Processing file /home/airflow/.local/lib/python3.7/site-packages/airflow/example_dags/tutorial_taskflow_api.py for tasks to queue
[2022-12-06T06:13:08.273+0000] {logging_mixin.py:137} INFO - [2022-12-06T06:13:08.272+0000] {dagbag.py:538} INFO - Filling up the DagBag from /home/airflow/.local/lib/python3.7/site-packages/airflow/example_dags/tutorial_taskflow_api.py
[2022-12-06T06:13:08.321+0000] {processor.py:753} INFO - DAG(s) dict_keys(['tutorial_taskflow_api']) retrieved from /home/airflow/.local/lib/python3.7/site-packages/airflow/example_dags/tutorial_taskflow_api.py
[2022-12-06T06:13:08.404+0000] {logging_mixin.py:137} INFO - [2022-12-06T06:13:08.404+0000] {dag.py:2676} INFO - Sync 1 DAGs
[2022-12-06T06:13:08.463+0000] {logging_mixin.py:137} INFO - [2022-12-06T06:13:08.462+0000] {dag.py:3427} INFO - Setting next_dagrun for tutorial_taskflow_api to None, run_after=None
[2022-12-06T06:13:08.508+0000] {processor.py:175} INFO - Processing /home/airflow/.local/lib/python3.7/site-packages/airflow/example_dags/tutorial_taskflow_api.py took 0.250 seconds
[2022-12-06T06:13:44.158+0000] {processor.py:153} INFO - Started process (PID=2848) to work on /home/airflow/.local/lib/python3.7/site-packages/airflow/example_dags/tutorial_taskflow_api.py
[2022-12-06T06:13:44.163+0000] {processor.py:743} INFO - Processing file /home/airflow/.local/lib/python3.7/site-packages/airflow/example_dags/tutorial_taskflow_api.py for tasks to queue
[2022-12-06T06:13:44.167+0000] {logging_mixin.py:137} INFO - [2022-12-06T06:13:44.166+0000] {dagbag.py:538} INFO - Filling up the DagBag from /home/airflow/.local/lib/python3.7/site-packages/airflow/example_dags/tutorial_taskflow_api.py
[2022-12-06T06:13:44.205+0000] {processor.py:753} INFO - DAG(s) dict_keys(['tutorial_taskflow_api']) retrieved from /home/airflow/.local/lib/python3.7/site-packages/airflow/example_dags/tutorial_taskflow_api.py
[2022-12-06T06:13:44.293+0000] {logging_mixin.py:137} INFO - [2022-12-06T06:13:44.293+0000] {dag.py:2676} INFO - Sync 1 DAGs
[2022-12-06T06:13:44.342+0000] {logging_mixin.py:137} INFO - [2022-12-06T06:13:44.342+0000] {dag.py:3427} INFO - Setting next_dagrun for tutorial_taskflow_api to None, run_after=None
[2022-12-06T06:13:44.382+0000] {processor.py:175} INFO - Processing /home/airflow/.local/lib/python3.7/site-packages/airflow/example_dags/tutorial_taskflow_api.py took 0.229 seconds
[2022-12-06T06:14:25.415+0000] {processor.py:153} INFO - Started process (PID=2916) to work on /home/airflow/.local/lib/python3.7/site-packages/airflow/example_dags/tutorial_taskflow_api.py
[2022-12-06T06:14:25.417+0000] {processor.py:743} INFO - Processing file /home/airflow/.local/lib/python3.7/site-packages/airflow/example_dags/tutorial_taskflow_api.py for tasks to queue
[2022-12-06T06:14:25.419+0000] {logging_mixin.py:137} INFO - [2022-12-06T06:14:25.419+0000] {dagbag.py:538} INFO - Filling up the DagBag from /home/airflow/.local/lib/python3.7/site-packages/airflow/example_dags/tutorial_taskflow_api.py
[2022-12-06T06:14:25.472+0000] {processor.py:753} INFO - DAG(s) dict_keys(['tutorial_taskflow_api']) retrieved from /home/airflow/.local/lib/python3.7/site-packages/airflow/example_dags/tutorial_taskflow_api.py
[2022-12-06T06:14:25.592+0000] {logging_mixin.py:137} INFO - [2022-12-06T06:14:25.592+0000] {dag.py:2676} INFO - Sync 1 DAGs
[2022-12-06T06:14:25.653+0000] {logging_mixin.py:137} INFO - [2022-12-06T06:14:25.653+0000] {dag.py:3427} INFO - Setting next_dagrun for tutorial_taskflow_api to None, run_after=None
[2022-12-06T06:14:25.729+0000] {processor.py:175} INFO - Processing /home/airflow/.local/lib/python3.7/site-packages/airflow/example_dags/tutorial_taskflow_api.py took 0.320 seconds
[2022-12-06T06:15:03.131+0000] {processor.py:153} INFO - Started process (PID=2984) to work on /home/airflow/.local/lib/python3.7/site-packages/airflow/example_dags/tutorial_taskflow_api.py
[2022-12-06T06:15:03.134+0000] {processor.py:743} INFO - Processing file /home/airflow/.local/lib/python3.7/site-packages/airflow/example_dags/tutorial_taskflow_api.py for tasks to queue
[2022-12-06T06:15:03.136+0000] {logging_mixin.py:137} INFO - [2022-12-06T06:15:03.135+0000] {dagbag.py:538} INFO - Filling up the DagBag from /home/airflow/.local/lib/python3.7/site-packages/airflow/example_dags/tutorial_taskflow_api.py
[2022-12-06T06:15:03.184+0000] {processor.py:753} INFO - DAG(s) dict_keys(['tutorial_taskflow_api']) retrieved from /home/airflow/.local/lib/python3.7/site-packages/airflow/example_dags/tutorial_taskflow_api.py
[2022-12-06T06:15:03.266+0000] {logging_mixin.py:137} INFO - [2022-12-06T06:15:03.265+0000] {dag.py:2676} INFO - Sync 1 DAGs
[2022-12-06T06:15:03.318+0000] {logging_mixin.py:137} INFO - [2022-12-06T06:15:03.318+0000] {dag.py:3427} INFO - Setting next_dagrun for tutorial_taskflow_api to None, run_after=None
[2022-12-06T06:15:03.378+0000] {processor.py:175} INFO - Processing /home/airflow/.local/lib/python3.7/site-packages/airflow/example_dags/tutorial_taskflow_api.py took 0.253 seconds
[2022-12-06T06:15:50.906+0000] {processor.py:153} INFO - Started process (PID=3064) to work on /home/airflow/.local/lib/python3.7/site-packages/airflow/example_dags/tutorial_taskflow_api.py
[2022-12-06T06:15:50.910+0000] {processor.py:743} INFO - Processing file /home/airflow/.local/lib/python3.7/site-packages/airflow/example_dags/tutorial_taskflow_api.py for tasks to queue
[2022-12-06T06:15:50.913+0000] {logging_mixin.py:137} INFO - [2022-12-06T06:15:50.913+0000] {dagbag.py:538} INFO - Filling up the DagBag from /home/airflow/.local/lib/python3.7/site-packages/airflow/example_dags/tutorial_taskflow_api.py
[2022-12-06T06:15:51.343+0000] {processor.py:753} INFO - DAG(s) dict_keys(['tutorial_taskflow_api']) retrieved from /home/airflow/.local/lib/python3.7/site-packages/airflow/example_dags/tutorial_taskflow_api.py
[2022-12-06T06:15:51.588+0000] {logging_mixin.py:137} INFO - [2022-12-06T06:15:51.588+0000] {dag.py:2676} INFO - Sync 1 DAGs
[2022-12-06T06:15:51.711+0000] {logging_mixin.py:137} INFO - [2022-12-06T06:15:51.711+0000] {dag.py:3427} INFO - Setting next_dagrun for tutorial_taskflow_api to None, run_after=None
[2022-12-06T06:15:51.761+0000] {processor.py:175} INFO - Processing /home/airflow/.local/lib/python3.7/site-packages/airflow/example_dags/tutorial_taskflow_api.py took 0.863 seconds
[2022-12-06T06:16:27.455+0000] {processor.py:153} INFO - Started process (PID=3135) to work on /home/airflow/.local/lib/python3.7/site-packages/airflow/example_dags/tutorial_taskflow_api.py
[2022-12-06T06:16:27.457+0000] {processor.py:743} INFO - Processing file /home/airflow/.local/lib/python3.7/site-packages/airflow/example_dags/tutorial_taskflow_api.py for tasks to queue
[2022-12-06T06:16:27.460+0000] {logging_mixin.py:137} INFO - [2022-12-06T06:16:27.460+0000] {dagbag.py:538} INFO - Filling up the DagBag from /home/airflow/.local/lib/python3.7/site-packages/airflow/example_dags/tutorial_taskflow_api.py
[2022-12-06T06:16:27.595+0000] {processor.py:753} INFO - DAG(s) dict_keys(['tutorial_taskflow_api']) retrieved from /home/airflow/.local/lib/python3.7/site-packages/airflow/example_dags/tutorial_taskflow_api.py
[2022-12-06T06:16:50.781+0000] {logging_mixin.py:137} INFO - [2022-12-06T06:16:49.993+0000] {dag.py:2676} INFO - Sync 1 DAGs
[2022-12-06T06:16:58.316+0000] {logging_mixin.py:137} INFO - [2022-12-06T06:16:58.312+0000] {dag.py:3427} INFO - Setting next_dagrun for tutorial_taskflow_api to None, run_after=None
[2022-12-06T06:16:58.501+0000] {processor.py:175} INFO - Processing /home/airflow/.local/lib/python3.7/site-packages/airflow/example_dags/tutorial_taskflow_api.py took 31.549 seconds
[2022-12-06T06:17:38.035+0000] {processor.py:153} INFO - Started process (PID=3218) to work on /home/airflow/.local/lib/python3.7/site-packages/airflow/example_dags/tutorial_taskflow_api.py
[2022-12-06T06:17:38.073+0000] {processor.py:743} INFO - Processing file /home/airflow/.local/lib/python3.7/site-packages/airflow/example_dags/tutorial_taskflow_api.py for tasks to queue
[2022-12-06T06:17:38.075+0000] {logging_mixin.py:137} INFO - [2022-12-06T06:17:38.075+0000] {dagbag.py:538} INFO - Filling up the DagBag from /home/airflow/.local/lib/python3.7/site-packages/airflow/example_dags/tutorial_taskflow_api.py
[2022-12-06T06:17:38.112+0000] {processor.py:753} INFO - DAG(s) dict_keys(['tutorial_taskflow_api']) retrieved from /home/airflow/.local/lib/python3.7/site-packages/airflow/example_dags/tutorial_taskflow_api.py
[2022-12-06T06:17:38.185+0000] {logging_mixin.py:137} INFO - [2022-12-06T06:17:38.185+0000] {dag.py:2676} INFO - Sync 1 DAGs
[2022-12-06T06:17:38.252+0000] {logging_mixin.py:137} INFO - [2022-12-06T06:17:38.252+0000] {dag.py:3427} INFO - Setting next_dagrun for tutorial_taskflow_api to None, run_after=None
[2022-12-06T06:17:38.327+0000] {processor.py:175} INFO - Processing /home/airflow/.local/lib/python3.7/site-packages/airflow/example_dags/tutorial_taskflow_api.py took 0.298 seconds
[2022-12-06T06:18:34.887+0000] {processor.py:153} INFO - Started process (PID=3315) to work on /home/airflow/.local/lib/python3.7/site-packages/airflow/example_dags/tutorial_taskflow_api.py
[2022-12-06T06:18:34.895+0000] {processor.py:743} INFO - Processing file /home/airflow/.local/lib/python3.7/site-packages/airflow/example_dags/tutorial_taskflow_api.py for tasks to queue
[2022-12-06T06:18:34.898+0000] {logging_mixin.py:137} INFO - [2022-12-06T06:18:34.897+0000] {dagbag.py:538} INFO - Filling up the DagBag from /home/airflow/.local/lib/python3.7/site-packages/airflow/example_dags/tutorial_taskflow_api.py
[2022-12-06T06:18:35.034+0000] {processor.py:753} INFO - DAG(s) dict_keys(['tutorial_taskflow_api']) retrieved from /home/airflow/.local/lib/python3.7/site-packages/airflow/example_dags/tutorial_taskflow_api.py
[2022-12-06T06:18:35.218+0000] {logging_mixin.py:137} INFO - [2022-12-06T06:18:35.217+0000] {dag.py:2676} INFO - Sync 1 DAGs
[2022-12-06T06:18:35.269+0000] {logging_mixin.py:137} INFO - [2022-12-06T06:18:35.268+0000] {dag.py:3427} INFO - Setting next_dagrun for tutorial_taskflow_api to None, run_after=None
[2022-12-06T06:18:35.330+0000] {processor.py:175} INFO - Processing /home/airflow/.local/lib/python3.7/site-packages/airflow/example_dags/tutorial_taskflow_api.py took 0.452 seconds
[2022-12-06T06:20:21.626+0000] {processor.py:153} INFO - Started process (PID=75) to work on /home/airflow/.local/lib/python3.7/site-packages/airflow/example_dags/tutorial_taskflow_api.py
[2022-12-06T06:20:21.638+0000] {processor.py:743} INFO - Processing file /home/airflow/.local/lib/python3.7/site-packages/airflow/example_dags/tutorial_taskflow_api.py for tasks to queue
[2022-12-06T06:20:21.651+0000] {logging_mixin.py:137} INFO - [2022-12-06T06:20:21.651+0000] {dagbag.py:538} INFO - Filling up the DagBag from /home/airflow/.local/lib/python3.7/site-packages/airflow/example_dags/tutorial_taskflow_api.py
[2022-12-06T06:20:22.455+0000] {processor.py:753} INFO - DAG(s) dict_keys(['tutorial_taskflow_api']) retrieved from /home/airflow/.local/lib/python3.7/site-packages/airflow/example_dags/tutorial_taskflow_api.py
[2022-12-06T06:20:22.922+0000] {logging_mixin.py:137} INFO - [2022-12-06T06:20:22.920+0000] {dag.py:2676} INFO - Sync 1 DAGs
[2022-12-06T06:20:23.349+0000] {logging_mixin.py:137} INFO - [2022-12-06T06:20:23.349+0000] {dag.py:3427} INFO - Setting next_dagrun for tutorial_taskflow_api to None, run_after=None
[2022-12-06T06:20:23.494+0000] {processor.py:175} INFO - Processing /home/airflow/.local/lib/python3.7/site-packages/airflow/example_dags/tutorial_taskflow_api.py took 1.913 seconds
[2022-12-06T06:20:54.816+0000] {processor.py:153} INFO - Started process (PID=136) to work on /home/airflow/.local/lib/python3.7/site-packages/airflow/example_dags/tutorial_taskflow_api.py
[2022-12-06T06:20:54.824+0000] {processor.py:743} INFO - Processing file /home/airflow/.local/lib/python3.7/site-packages/airflow/example_dags/tutorial_taskflow_api.py for tasks to queue
[2022-12-06T06:20:54.828+0000] {logging_mixin.py:137} INFO - [2022-12-06T06:20:54.827+0000] {dagbag.py:538} INFO - Filling up the DagBag from /home/airflow/.local/lib/python3.7/site-packages/airflow/example_dags/tutorial_taskflow_api.py
[2022-12-06T06:20:54.916+0000] {processor.py:753} INFO - DAG(s) dict_keys(['tutorial_taskflow_api']) retrieved from /home/airflow/.local/lib/python3.7/site-packages/airflow/example_dags/tutorial_taskflow_api.py
[2022-12-06T06:20:55.127+0000] {logging_mixin.py:137} INFO - [2022-12-06T06:20:55.127+0000] {dag.py:2676} INFO - Sync 1 DAGs
[2022-12-06T06:20:55.296+0000] {logging_mixin.py:137} INFO - [2022-12-06T06:20:55.296+0000] {dag.py:3427} INFO - Setting next_dagrun for tutorial_taskflow_api to None, run_after=None
[2022-12-06T06:20:55.366+0000] {processor.py:175} INFO - Processing /home/airflow/.local/lib/python3.7/site-packages/airflow/example_dags/tutorial_taskflow_api.py took 0.571 seconds
[2022-12-06T06:21:36.714+0000] {processor.py:153} INFO - Started process (PID=199) to work on /home/airflow/.local/lib/python3.7/site-packages/airflow/example_dags/tutorial_taskflow_api.py
[2022-12-06T06:21:36.722+0000] {processor.py:743} INFO - Processing file /home/airflow/.local/lib/python3.7/site-packages/airflow/example_dags/tutorial_taskflow_api.py for tasks to queue
[2022-12-06T06:21:36.739+0000] {logging_mixin.py:137} INFO - [2022-12-06T06:21:36.737+0000] {dagbag.py:538} INFO - Filling up the DagBag from /home/airflow/.local/lib/python3.7/site-packages/airflow/example_dags/tutorial_taskflow_api.py
[2022-12-06T06:21:36.965+0000] {processor.py:753} INFO - DAG(s) dict_keys(['tutorial_taskflow_api']) retrieved from /home/airflow/.local/lib/python3.7/site-packages/airflow/example_dags/tutorial_taskflow_api.py
[2022-12-06T06:21:37.357+0000] {logging_mixin.py:137} INFO - [2022-12-06T06:21:37.356+0000] {dag.py:2676} INFO - Sync 1 DAGs
[2022-12-06T06:21:37.704+0000] {logging_mixin.py:137} INFO - [2022-12-06T06:21:37.703+0000] {dag.py:3427} INFO - Setting next_dagrun for tutorial_taskflow_api to None, run_after=None
[2022-12-06T06:21:37.919+0000] {processor.py:175} INFO - Processing /home/airflow/.local/lib/python3.7/site-packages/airflow/example_dags/tutorial_taskflow_api.py took 1.255 seconds
[2022-12-06T06:28:45.658+0000] {processor.py:153} INFO - Started process (PID=73) to work on /home/airflow/.local/lib/python3.7/site-packages/airflow/example_dags/tutorial_taskflow_api.py
[2022-12-06T06:28:45.663+0000] {processor.py:743} INFO - Processing file /home/airflow/.local/lib/python3.7/site-packages/airflow/example_dags/tutorial_taskflow_api.py for tasks to queue
[2022-12-06T06:28:45.665+0000] {logging_mixin.py:137} INFO - [2022-12-06T06:28:45.665+0000] {dagbag.py:538} INFO - Filling up the DagBag from /home/airflow/.local/lib/python3.7/site-packages/airflow/example_dags/tutorial_taskflow_api.py
[2022-12-06T06:28:45.730+0000] {processor.py:753} INFO - DAG(s) dict_keys(['tutorial_taskflow_api']) retrieved from /home/airflow/.local/lib/python3.7/site-packages/airflow/example_dags/tutorial_taskflow_api.py
[2022-12-06T06:28:45.821+0000] {logging_mixin.py:137} INFO - [2022-12-06T06:28:45.820+0000] {dag.py:2676} INFO - Sync 1 DAGs
[2022-12-06T06:28:45.902+0000] {logging_mixin.py:137} INFO - [2022-12-06T06:28:45.902+0000] {dag.py:3427} INFO - Setting next_dagrun for tutorial_taskflow_api to None, run_after=None
[2022-12-06T06:28:45.983+0000] {processor.py:175} INFO - Processing /home/airflow/.local/lib/python3.7/site-packages/airflow/example_dags/tutorial_taskflow_api.py took 0.340 seconds
[2022-12-06T06:29:16.629+0000] {processor.py:153} INFO - Started process (PID=140) to work on /home/airflow/.local/lib/python3.7/site-packages/airflow/example_dags/tutorial_taskflow_api.py
[2022-12-06T06:29:16.632+0000] {processor.py:743} INFO - Processing file /home/airflow/.local/lib/python3.7/site-packages/airflow/example_dags/tutorial_taskflow_api.py for tasks to queue
[2022-12-06T06:29:16.635+0000] {logging_mixin.py:137} INFO - [2022-12-06T06:29:16.635+0000] {dagbag.py:538} INFO - Filling up the DagBag from /home/airflow/.local/lib/python3.7/site-packages/airflow/example_dags/tutorial_taskflow_api.py
[2022-12-06T06:29:16.675+0000] {processor.py:753} INFO - DAG(s) dict_keys(['tutorial_taskflow_api']) retrieved from /home/airflow/.local/lib/python3.7/site-packages/airflow/example_dags/tutorial_taskflow_api.py
[2022-12-06T06:29:16.731+0000] {logging_mixin.py:137} INFO - [2022-12-06T06:29:16.731+0000] {dag.py:2676} INFO - Sync 1 DAGs
[2022-12-06T06:29:16.773+0000] {logging_mixin.py:137} INFO - [2022-12-06T06:29:16.773+0000] {dag.py:3427} INFO - Setting next_dagrun for tutorial_taskflow_api to None, run_after=None
[2022-12-06T06:29:16.807+0000] {processor.py:175} INFO - Processing /home/airflow/.local/lib/python3.7/site-packages/airflow/example_dags/tutorial_taskflow_api.py took 0.182 seconds
[2022-12-06T06:29:47.002+0000] {processor.py:153} INFO - Started process (PID=207) to work on /home/airflow/.local/lib/python3.7/site-packages/airflow/example_dags/tutorial_taskflow_api.py
[2022-12-06T06:29:47.004+0000] {processor.py:743} INFO - Processing file /home/airflow/.local/lib/python3.7/site-packages/airflow/example_dags/tutorial_taskflow_api.py for tasks to queue
[2022-12-06T06:29:47.006+0000] {logging_mixin.py:137} INFO - [2022-12-06T06:29:47.006+0000] {dagbag.py:538} INFO - Filling up the DagBag from /home/airflow/.local/lib/python3.7/site-packages/airflow/example_dags/tutorial_taskflow_api.py
[2022-12-06T06:29:47.040+0000] {processor.py:753} INFO - DAG(s) dict_keys(['tutorial_taskflow_api']) retrieved from /home/airflow/.local/lib/python3.7/site-packages/airflow/example_dags/tutorial_taskflow_api.py
[2022-12-06T06:29:47.100+0000] {logging_mixin.py:137} INFO - [2022-12-06T06:29:47.100+0000] {dag.py:2676} INFO - Sync 1 DAGs
[2022-12-06T06:29:47.142+0000] {logging_mixin.py:137} INFO - [2022-12-06T06:29:47.141+0000] {dag.py:3427} INFO - Setting next_dagrun for tutorial_taskflow_api to None, run_after=None
[2022-12-06T06:29:47.176+0000] {processor.py:175} INFO - Processing /home/airflow/.local/lib/python3.7/site-packages/airflow/example_dags/tutorial_taskflow_api.py took 0.179 seconds
[2022-12-06T06:30:17.981+0000] {processor.py:153} INFO - Started process (PID=289) to work on /home/airflow/.local/lib/python3.7/site-packages/airflow/example_dags/tutorial_taskflow_api.py
[2022-12-06T06:30:17.983+0000] {processor.py:743} INFO - Processing file /home/airflow/.local/lib/python3.7/site-packages/airflow/example_dags/tutorial_taskflow_api.py for tasks to queue
[2022-12-06T06:30:17.985+0000] {logging_mixin.py:137} INFO - [2022-12-06T06:30:17.985+0000] {dagbag.py:538} INFO - Filling up the DagBag from /home/airflow/.local/lib/python3.7/site-packages/airflow/example_dags/tutorial_taskflow_api.py
[2022-12-06T06:30:18.016+0000] {processor.py:753} INFO - DAG(s) dict_keys(['tutorial_taskflow_api']) retrieved from /home/airflow/.local/lib/python3.7/site-packages/airflow/example_dags/tutorial_taskflow_api.py
[2022-12-06T06:30:18.069+0000] {logging_mixin.py:137} INFO - [2022-12-06T06:30:18.069+0000] {dag.py:2676} INFO - Sync 1 DAGs
[2022-12-06T06:30:18.106+0000] {logging_mixin.py:137} INFO - [2022-12-06T06:30:18.106+0000] {dag.py:3427} INFO - Setting next_dagrun for tutorial_taskflow_api to None, run_after=None
[2022-12-06T06:30:18.135+0000] {processor.py:175} INFO - Processing /home/airflow/.local/lib/python3.7/site-packages/airflow/example_dags/tutorial_taskflow_api.py took 0.159 seconds
[2022-12-06T06:30:48.201+0000] {processor.py:153} INFO - Started process (PID=355) to work on /home/airflow/.local/lib/python3.7/site-packages/airflow/example_dags/tutorial_taskflow_api.py
[2022-12-06T06:30:48.204+0000] {processor.py:743} INFO - Processing file /home/airflow/.local/lib/python3.7/site-packages/airflow/example_dags/tutorial_taskflow_api.py for tasks to queue
[2022-12-06T06:30:48.207+0000] {logging_mixin.py:137} INFO - [2022-12-06T06:30:48.206+0000] {dagbag.py:538} INFO - Filling up the DagBag from /home/airflow/.local/lib/python3.7/site-packages/airflow/example_dags/tutorial_taskflow_api.py
[2022-12-06T06:30:48.251+0000] {processor.py:753} INFO - DAG(s) dict_keys(['tutorial_taskflow_api']) retrieved from /home/airflow/.local/lib/python3.7/site-packages/airflow/example_dags/tutorial_taskflow_api.py
[2022-12-06T06:30:48.322+0000] {logging_mixin.py:137} INFO - [2022-12-06T06:30:48.322+0000] {dag.py:2676} INFO - Sync 1 DAGs
[2022-12-06T06:30:48.364+0000] {logging_mixin.py:137} INFO - [2022-12-06T06:30:48.363+0000] {dag.py:3427} INFO - Setting next_dagrun for tutorial_taskflow_api to None, run_after=None
[2022-12-06T06:30:48.392+0000] {processor.py:175} INFO - Processing /home/airflow/.local/lib/python3.7/site-packages/airflow/example_dags/tutorial_taskflow_api.py took 0.199 seconds
[2022-12-06T06:31:19.747+0000] {processor.py:153} INFO - Started process (PID=421) to work on /home/airflow/.local/lib/python3.7/site-packages/airflow/example_dags/tutorial_taskflow_api.py
[2022-12-06T06:31:19.755+0000] {processor.py:743} INFO - Processing file /home/airflow/.local/lib/python3.7/site-packages/airflow/example_dags/tutorial_taskflow_api.py for tasks to queue
[2022-12-06T06:31:19.760+0000] {logging_mixin.py:137} INFO - [2022-12-06T06:31:19.759+0000] {dagbag.py:538} INFO - Filling up the DagBag from /home/airflow/.local/lib/python3.7/site-packages/airflow/example_dags/tutorial_taskflow_api.py
[2022-12-06T06:31:19.843+0000] {processor.py:753} INFO - DAG(s) dict_keys(['tutorial_taskflow_api']) retrieved from /home/airflow/.local/lib/python3.7/site-packages/airflow/example_dags/tutorial_taskflow_api.py
[2022-12-06T06:31:19.971+0000] {logging_mixin.py:137} INFO - [2022-12-06T06:31:19.971+0000] {dag.py:2676} INFO - Sync 1 DAGs
[2022-12-06T06:31:20.032+0000] {logging_mixin.py:137} INFO - [2022-12-06T06:31:20.032+0000] {dag.py:3427} INFO - Setting next_dagrun for tutorial_taskflow_api to None, run_after=None
[2022-12-06T06:31:20.084+0000] {processor.py:175} INFO - Processing /home/airflow/.local/lib/python3.7/site-packages/airflow/example_dags/tutorial_taskflow_api.py took 0.347 seconds
[2022-12-06T06:31:50.153+0000] {processor.py:153} INFO - Started process (PID=488) to work on /home/airflow/.local/lib/python3.7/site-packages/airflow/example_dags/tutorial_taskflow_api.py
[2022-12-06T06:31:50.155+0000] {processor.py:743} INFO - Processing file /home/airflow/.local/lib/python3.7/site-packages/airflow/example_dags/tutorial_taskflow_api.py for tasks to queue
[2022-12-06T06:31:50.156+0000] {logging_mixin.py:137} INFO - [2022-12-06T06:31:50.156+0000] {dagbag.py:538} INFO - Filling up the DagBag from /home/airflow/.local/lib/python3.7/site-packages/airflow/example_dags/tutorial_taskflow_api.py
[2022-12-06T06:31:50.184+0000] {processor.py:753} INFO - DAG(s) dict_keys(['tutorial_taskflow_api']) retrieved from /home/airflow/.local/lib/python3.7/site-packages/airflow/example_dags/tutorial_taskflow_api.py
[2022-12-06T06:31:50.231+0000] {logging_mixin.py:137} INFO - [2022-12-06T06:31:50.230+0000] {dag.py:2676} INFO - Sync 1 DAGs
[2022-12-06T06:31:50.260+0000] {logging_mixin.py:137} INFO - [2022-12-06T06:31:50.260+0000] {dag.py:3427} INFO - Setting next_dagrun for tutorial_taskflow_api to None, run_after=None
[2022-12-06T06:31:50.279+0000] {processor.py:175} INFO - Processing /home/airflow/.local/lib/python3.7/site-packages/airflow/example_dags/tutorial_taskflow_api.py took 0.130 seconds
[2022-12-06T06:32:20.973+0000] {processor.py:153} INFO - Started process (PID=570) to work on /home/airflow/.local/lib/python3.7/site-packages/airflow/example_dags/tutorial_taskflow_api.py
[2022-12-06T06:32:20.975+0000] {processor.py:743} INFO - Processing file /home/airflow/.local/lib/python3.7/site-packages/airflow/example_dags/tutorial_taskflow_api.py for tasks to queue
[2022-12-06T06:32:20.977+0000] {logging_mixin.py:137} INFO - [2022-12-06T06:32:20.976+0000] {dagbag.py:538} INFO - Filling up the DagBag from /home/airflow/.local/lib/python3.7/site-packages/airflow/example_dags/tutorial_taskflow_api.py
[2022-12-06T06:32:21.012+0000] {processor.py:753} INFO - DAG(s) dict_keys(['tutorial_taskflow_api']) retrieved from /home/airflow/.local/lib/python3.7/site-packages/airflow/example_dags/tutorial_taskflow_api.py
[2022-12-06T06:32:21.067+0000] {logging_mixin.py:137} INFO - [2022-12-06T06:32:21.067+0000] {dag.py:2676} INFO - Sync 1 DAGs
[2022-12-06T06:32:21.120+0000] {logging_mixin.py:137} INFO - [2022-12-06T06:32:21.120+0000] {dag.py:3427} INFO - Setting next_dagrun for tutorial_taskflow_api to None, run_after=None
[2022-12-06T06:32:21.145+0000] {processor.py:175} INFO - Processing /home/airflow/.local/lib/python3.7/site-packages/airflow/example_dags/tutorial_taskflow_api.py took 0.179 seconds
