[2022-12-06T17:58:14.064+0000] {taskinstance.py:1087} INFO - Dependencies all met for <TaskInstance: CSV_2_DB.First_task_update manual__2022-12-06T17:58:12.334559+00:00 [queued]>
[2022-12-06T17:58:14.089+0000] {taskinstance.py:1087} INFO - Dependencies all met for <TaskInstance: CSV_2_DB.First_task_update manual__2022-12-06T17:58:12.334559+00:00 [queued]>
[2022-12-06T17:58:14.091+0000] {taskinstance.py:1283} INFO - 
--------------------------------------------------------------------------------
[2022-12-06T17:58:14.092+0000] {taskinstance.py:1284} INFO - Starting attempt 1 of 6
[2022-12-06T17:58:14.094+0000] {taskinstance.py:1285} INFO - 
--------------------------------------------------------------------------------
[2022-12-06T17:58:14.118+0000] {taskinstance.py:1304} INFO - Executing <Task(PythonOperator): First_task_update> on 2022-12-06 17:58:12.334559+00:00
[2022-12-06T17:58:14.126+0000] {standard_task_runner.py:55} INFO - Started process 19522 to run task
[2022-12-06T17:58:14.131+0000] {standard_task_runner.py:82} INFO - Running: ['***', 'tasks', 'run', 'CSV_2_DB', 'First_task_update', 'manual__2022-12-06T17:58:12.334559+00:00', '--job-id', '10', '--raw', '--subdir', 'DAGS_FOLDER/dag_csv_to_db.py', '--cfg-path', '/tmp/tmpd0ic4iqc']
[2022-12-06T17:58:14.135+0000] {standard_task_runner.py:83} INFO - Job 10: Subtask First_task_update
[2022-12-06T17:58:14.226+0000] {task_command.py:389} INFO - Running <TaskInstance: CSV_2_DB.First_task_update manual__2022-12-06T17:58:12.334559+00:00 [running]> on host ecf4c7a56b04
[2022-12-06T17:58:14.316+0000] {taskinstance.py:1513} INFO - Exporting the following env vars:
AIRFLOW_CTX_DAG_OWNER=Martin_Jurado
AIRFLOW_CTX_DAG_ID=CSV_2_DB
AIRFLOW_CTX_TASK_ID=First_task_update
AIRFLOW_CTX_EXECUTION_DATE=2022-12-06T17:58:12.334559+00:00
AIRFLOW_CTX_TRY_NUMBER=1
AIRFLOW_CTX_DAG_RUN_ID=manual__2022-12-06T17:58:12.334559+00:00
[2022-12-06T17:58:14.367+0000] {logging_mixin.py:137} INFO - [] 0
[2022-12-06T17:58:14.370+0000] {logging_mixin.py:137} INFO - True False False
[2022-12-06T17:58:15.143+0000] {logging_mixin.py:137} INFO - inserto todo
[2022-12-06T17:58:15.182+0000] {logging_mixin.py:137} INFO - [] 0
[2022-12-06T17:58:15.183+0000] {logging_mixin.py:137} INFO - False False True
[2022-12-06T17:58:21.448+0000] {logging_mixin.py:137} INFO - inserto todo
[2022-12-06T17:58:21.502+0000] {logging_mixin.py:137} INFO - [] 0
[2022-12-06T17:58:21.504+0000] {logging_mixin.py:137} INFO - False True False
[2022-12-06T17:59:47.942+0000] {logging_mixin.py:137} INFO - inserto todo
[2022-12-06T17:59:47.945+0000] {python.py:177} INFO - Done. Returned value was: None
[2022-12-06T17:59:47.963+0000] {taskinstance.py:1327} INFO - Marking task as SUCCESS. dag_id=CSV_2_DB, task_id=First_task_update, execution_date=20221206T175812, start_date=20221206T175814, end_date=20221206T175947
[2022-12-06T17:59:48.002+0000] {local_task_job.py:159} INFO - Task exited with return code 0
[2022-12-06T17:59:48.030+0000] {taskinstance.py:2582} INFO - 0 downstream tasks scheduled from follow-on schedule check
