[2022-12-06T16:00:02.154+0000] {taskinstance.py:1087} INFO - Dependencies all met for <TaskInstance: CSV_2_DB.First_task_update scheduled__2022-12-06T15:00:00+00:00 [queued]>
[2022-12-06T16:00:02.176+0000] {taskinstance.py:1087} INFO - Dependencies all met for <TaskInstance: CSV_2_DB.First_task_update scheduled__2022-12-06T15:00:00+00:00 [queued]>
[2022-12-06T16:00:02.177+0000] {taskinstance.py:1283} INFO - 
--------------------------------------------------------------------------------
[2022-12-06T16:00:02.178+0000] {taskinstance.py:1284} INFO - Starting attempt 1 of 6
[2022-12-06T16:00:02.179+0000] {taskinstance.py:1285} INFO - 
--------------------------------------------------------------------------------
[2022-12-06T16:00:02.203+0000] {taskinstance.py:1304} INFO - Executing <Task(PythonOperator): First_task_update> on 2022-12-06 15:00:00+00:00
[2022-12-06T16:00:02.213+0000] {standard_task_runner.py:55} INFO - Started process 12399 to run task
[2022-12-06T16:00:02.219+0000] {standard_task_runner.py:82} INFO - Running: ['***', 'tasks', 'run', 'CSV_2_DB', 'First_task_update', 'scheduled__2022-12-06T15:00:00+00:00', '--job-id', '7', '--raw', '--subdir', 'DAGS_FOLDER/dag_csv_to_db.py', '--cfg-path', '/tmp/tmpi4zblzj1']
[2022-12-06T16:00:02.223+0000] {standard_task_runner.py:83} INFO - Job 7: Subtask First_task_update
[2022-12-06T16:00:02.343+0000] {task_command.py:389} INFO - Running <TaskInstance: CSV_2_DB.First_task_update scheduled__2022-12-06T15:00:00+00:00 [running]> on host ecf4c7a56b04
[2022-12-06T16:00:02.459+0000] {taskinstance.py:1513} INFO - Exporting the following env vars:
AIRFLOW_CTX_DAG_OWNER=Martin_Jurado
AIRFLOW_CTX_DAG_ID=CSV_2_DB
AIRFLOW_CTX_TASK_ID=First_task_update
AIRFLOW_CTX_EXECUTION_DATE=2022-12-06T15:00:00+00:00
AIRFLOW_CTX_TRY_NUMBER=1
AIRFLOW_CTX_DAG_RUN_ID=scheduled__2022-12-06T15:00:00+00:00
[2022-12-06T16:00:02.519+0000] {logging_mixin.py:137} INFO - [(4, '/opt/***/code_data/departments.csv', 200, 13)] 1
[2022-12-06T16:00:02.521+0000] {logging_mixin.py:137} INFO - Applying conditions
[2022-12-06T16:00:02.522+0000] {logging_mixin.py:137} INFO - There were no changes
[2022-12-06T16:00:02.572+0000] {logging_mixin.py:137} INFO - [(5, '/opt/***/code_data/jobs.csv', 4421, 183)] 1
[2022-12-06T16:00:02.574+0000] {logging_mixin.py:137} INFO - Applying conditions
[2022-12-06T16:00:02.575+0000] {logging_mixin.py:137} INFO - There were no changes
[2022-12-06T16:00:02.626+0000] {logging_mixin.py:137} INFO - [(6, '/opt/***/code_data/z_hired_employees.csv', 92979, 2000)] 1
[2022-12-06T16:00:02.628+0000] {logging_mixin.py:137} INFO - Applying conditions
[2022-12-06T16:00:02.631+0000] {logging_mixin.py:137} INFO - There were no changes
[2022-12-06T16:00:02.681+0000] {logging_mixin.py:137} INFO - [(4, '/opt/***/code_data/departments.csv', 200, 13)] 1
[2022-12-06T16:00:02.685+0000] {logging_mixin.py:137} INFO - Applying conditions
[2022-12-06T16:00:02.687+0000] {logging_mixin.py:137} INFO - There were no changes
[2022-12-06T16:00:02.740+0000] {logging_mixin.py:137} INFO - [(5, '/opt/***/code_data/jobs.csv', 4421, 183)] 1
[2022-12-06T16:00:02.742+0000] {logging_mixin.py:137} INFO - Applying conditions
[2022-12-06T16:00:02.743+0000] {logging_mixin.py:137} INFO - There were no changes
[2022-12-06T16:00:02.797+0000] {logging_mixin.py:137} INFO - [(6, '/opt/***/code_data/z_hired_employees.csv', 92979, 2000)] 1
[2022-12-06T16:00:02.799+0000] {logging_mixin.py:137} INFO - Applying conditions
[2022-12-06T16:00:02.801+0000] {logging_mixin.py:137} INFO - There were no changes
[2022-12-06T16:00:02.804+0000] {python.py:177} INFO - Done. Returned value was: None
[2022-12-06T16:00:02.826+0000] {taskinstance.py:1327} INFO - Marking task as SUCCESS. dag_id=CSV_2_DB, task_id=First_task_update, execution_date=20221206T150000, start_date=20221206T160002, end_date=20221206T160002
[2022-12-06T16:00:02.878+0000] {local_task_job.py:159} INFO - Task exited with return code 0
[2022-12-06T16:00:02.910+0000] {taskinstance.py:2582} INFO - 0 downstream tasks scheduled from follow-on schedule check
