[2022-12-11T22:36:49.089+0000] {taskinstance.py:1087} INFO - Dependencies all met for <TaskInstance: CSV_2_DB.First_task_update scheduled__2022-12-11T21:00:00+00:00 [queued]>
[2022-12-11T22:36:49.514+0000] {taskinstance.py:1087} INFO - Dependencies all met for <TaskInstance: CSV_2_DB.First_task_update scheduled__2022-12-11T21:00:00+00:00 [queued]>
[2022-12-11T22:36:49.557+0000] {taskinstance.py:1283} INFO - 
--------------------------------------------------------------------------------
[2022-12-11T22:36:49.567+0000] {taskinstance.py:1284} INFO - Starting attempt 1 of 6
[2022-12-11T22:36:49.576+0000] {taskinstance.py:1285} INFO - 
--------------------------------------------------------------------------------
[2022-12-11T22:36:49.852+0000] {taskinstance.py:1304} INFO - Executing <Task(PythonOperator): First_task_update> on 2022-12-11 21:00:00+00:00
[2022-12-11T22:36:49.925+0000] {standard_task_runner.py:55} INFO - Started process 23250 to run task
[2022-12-11T22:36:50.001+0000] {standard_task_runner.py:82} INFO - Running: ['***', 'tasks', 'run', 'CSV_2_DB', 'First_task_update', 'scheduled__2022-12-11T21:00:00+00:00', '--job-id', '140', '--raw', '--subdir', 'DAGS_FOLDER/dag_csv_to_db.py', '--cfg-path', '/tmp/tmpsa9l4oj9']
[2022-12-11T22:36:50.044+0000] {standard_task_runner.py:83} INFO - Job 140: Subtask First_task_update
[2022-12-11T22:36:51.881+0000] {task_command.py:389} INFO - Running <TaskInstance: CSV_2_DB.First_task_update scheduled__2022-12-11T21:00:00+00:00 [running]> on host c4fdd5f7672d
[2022-12-11T22:36:52.983+0000] {taskinstance.py:1513} INFO - Exporting the following env vars:
AIRFLOW_CTX_DAG_OWNER=Martin_Jurado
AIRFLOW_CTX_DAG_ID=CSV_2_DB
AIRFLOW_CTX_TASK_ID=First_task_update
AIRFLOW_CTX_EXECUTION_DATE=2022-12-11T21:00:00+00:00
AIRFLOW_CTX_TRY_NUMBER=1
AIRFLOW_CTX_DAG_RUN_ID=scheduled__2022-12-11T21:00:00+00:00
[2022-12-11T22:36:53.503+0000] {logging_mixin.py:137} INFO - [(1, '/opt/***/code_data/departments.csv', 193, 12)] 1
[2022-12-11T22:36:53.520+0000] {logging_mixin.py:137} INFO - Applying conditions
[2022-12-11T22:36:53.525+0000] {logging_mixin.py:137} INFO - There were no changes
[2022-12-11T22:36:53.845+0000] {logging_mixin.py:137} INFO - [(2, '/opt/***/code_data/jobs.csv', 4425, 183)] 1
[2022-12-11T22:36:53.869+0000] {logging_mixin.py:137} INFO - Applying conditions
[2022-12-11T22:36:53.878+0000] {logging_mixin.py:137} INFO - There were no changes
[2022-12-11T22:36:54.229+0000] {logging_mixin.py:137} INFO - [(3, '/opt/***/code_data/z_hired_employees.csv', 92935, 1999)] 1
[2022-12-11T22:36:54.236+0000] {logging_mixin.py:137} INFO - Applying conditions
[2022-12-11T22:36:54.243+0000] {logging_mixin.py:137} INFO - There were no changes
[2022-12-11T22:36:54.288+0000] {python.py:177} INFO - Done. Returned value was: None
[2022-12-11T22:36:54.491+0000] {taskinstance.py:1327} INFO - Marking task as SUCCESS. dag_id=CSV_2_DB, task_id=First_task_update, execution_date=20221211T210000, start_date=20221211T223649, end_date=20221211T223654
[2022-12-11T22:36:54.912+0000] {local_task_job.py:159} INFO - Task exited with return code 0
[2022-12-11T22:36:55.405+0000] {taskinstance.py:2582} INFO - 0 downstream tasks scheduled from follow-on schedule check
