[2022-12-08T03:00:02.266+0000] {taskinstance.py:1087} INFO - Dependencies all met for <TaskInstance: CSV_2_DB.First_task_update scheduled__2022-12-08T02:00:00+00:00 [queued]>
[2022-12-08T03:00:02.282+0000] {taskinstance.py:1087} INFO - Dependencies all met for <TaskInstance: CSV_2_DB.First_task_update scheduled__2022-12-08T02:00:00+00:00 [queued]>
[2022-12-08T03:00:02.283+0000] {taskinstance.py:1283} INFO - 
--------------------------------------------------------------------------------
[2022-12-08T03:00:02.284+0000] {taskinstance.py:1284} INFO - Starting attempt 1 of 6
[2022-12-08T03:00:02.285+0000] {taskinstance.py:1285} INFO - 
--------------------------------------------------------------------------------
[2022-12-08T03:00:02.309+0000] {taskinstance.py:1304} INFO - Executing <Task(PythonOperator): First_task_update> on 2022-12-08 02:00:00+00:00
[2022-12-08T03:00:02.317+0000] {standard_task_runner.py:55} INFO - Started process 91417 to run task
[2022-12-08T03:00:02.324+0000] {standard_task_runner.py:82} INFO - Running: ['***', 'tasks', 'run', 'CSV_2_DB', 'First_task_update', 'scheduled__2022-12-08T02:00:00+00:00', '--job-id', '48', '--raw', '--subdir', 'DAGS_FOLDER/dag_csv_to_db.py', '--cfg-path', '/tmp/tmp6m8cddv1']
[2022-12-08T03:00:02.327+0000] {standard_task_runner.py:83} INFO - Job 48: Subtask First_task_update
[2022-12-08T03:00:02.449+0000] {task_command.py:389} INFO - Running <TaskInstance: CSV_2_DB.First_task_update scheduled__2022-12-08T02:00:00+00:00 [running]> on host ecf4c7a56b04
[2022-12-08T03:00:02.557+0000] {taskinstance.py:1513} INFO - Exporting the following env vars:
AIRFLOW_CTX_DAG_OWNER=Martin_Jurado
AIRFLOW_CTX_DAG_ID=CSV_2_DB
AIRFLOW_CTX_TASK_ID=First_task_update
AIRFLOW_CTX_EXECUTION_DATE=2022-12-08T02:00:00+00:00
AIRFLOW_CTX_TRY_NUMBER=1
AIRFLOW_CTX_DAG_RUN_ID=scheduled__2022-12-08T02:00:00+00:00
[2022-12-08T03:00:02.602+0000] {logging_mixin.py:137} INFO - [(1, '/opt/***/code_data/departments.csv', 193, 12)] 1
[2022-12-08T03:00:02.605+0000] {logging_mixin.py:137} INFO - Applying conditions
[2022-12-08T03:00:02.606+0000] {logging_mixin.py:137} INFO - There were no changes
[2022-12-08T03:00:02.637+0000] {logging_mixin.py:137} INFO - [(2, '/opt/***/code_data/jobs.csv', 4425, 183)] 1
[2022-12-08T03:00:02.638+0000] {logging_mixin.py:137} INFO - Applying conditions
[2022-12-08T03:00:02.638+0000] {logging_mixin.py:137} INFO - There were no changes
[2022-12-08T03:00:02.674+0000] {logging_mixin.py:137} INFO - [(3, '/opt/***/code_data/z_hired_employees.csv', 92935, 1999)] 1
[2022-12-08T03:00:02.675+0000] {logging_mixin.py:137} INFO - Applying conditions
[2022-12-08T03:00:02.676+0000] {logging_mixin.py:137} INFO - There were no changes
[2022-12-08T03:00:02.677+0000] {python.py:177} INFO - Done. Returned value was: None
[2022-12-08T03:00:02.694+0000] {taskinstance.py:1327} INFO - Marking task as SUCCESS. dag_id=CSV_2_DB, task_id=First_task_update, execution_date=20221208T020000, start_date=20221208T030002, end_date=20221208T030002
[2022-12-08T03:00:02.745+0000] {local_task_job.py:159} INFO - Task exited with return code 0
[2022-12-08T03:00:02.776+0000] {taskinstance.py:2582} INFO - 0 downstream tasks scheduled from follow-on schedule check
