[2022-12-06T17:00:02.185+0000] {taskinstance.py:1087} INFO - Dependencies all met for <TaskInstance: CSV_2_DB.First_task_update scheduled__2022-12-06T16:00:00+00:00 [queued]>
[2022-12-06T17:00:02.203+0000] {taskinstance.py:1087} INFO - Dependencies all met for <TaskInstance: CSV_2_DB.First_task_update scheduled__2022-12-06T16:00:00+00:00 [queued]>
[2022-12-06T17:00:02.204+0000] {taskinstance.py:1283} INFO - 
--------------------------------------------------------------------------------
[2022-12-06T17:00:02.206+0000] {taskinstance.py:1284} INFO - Starting attempt 1 of 6
[2022-12-06T17:00:02.206+0000] {taskinstance.py:1285} INFO - 
--------------------------------------------------------------------------------
[2022-12-06T17:00:02.226+0000] {taskinstance.py:1304} INFO - Executing <Task(PythonOperator): First_task_update> on 2022-12-06 16:00:00+00:00
[2022-12-06T17:00:02.235+0000] {standard_task_runner.py:55} INFO - Started process 16439 to run task
[2022-12-06T17:00:02.240+0000] {standard_task_runner.py:82} INFO - Running: ['***', 'tasks', 'run', 'CSV_2_DB', 'First_task_update', 'scheduled__2022-12-06T16:00:00+00:00', '--job-id', '8', '--raw', '--subdir', 'DAGS_FOLDER/dag_csv_to_db.py', '--cfg-path', '/tmp/tmp21c35p85']
[2022-12-06T17:00:02.243+0000] {standard_task_runner.py:83} INFO - Job 8: Subtask First_task_update
[2022-12-06T17:00:02.356+0000] {task_command.py:389} INFO - Running <TaskInstance: CSV_2_DB.First_task_update scheduled__2022-12-06T16:00:00+00:00 [running]> on host ecf4c7a56b04
[2022-12-06T17:00:02.464+0000] {taskinstance.py:1513} INFO - Exporting the following env vars:
AIRFLOW_CTX_DAG_OWNER=Martin_Jurado
AIRFLOW_CTX_DAG_ID=CSV_2_DB
AIRFLOW_CTX_TASK_ID=First_task_update
AIRFLOW_CTX_EXECUTION_DATE=2022-12-06T16:00:00+00:00
AIRFLOW_CTX_TRY_NUMBER=1
AIRFLOW_CTX_DAG_RUN_ID=scheduled__2022-12-06T16:00:00+00:00
[2022-12-06T17:00:02.530+0000] {logging_mixin.py:137} INFO - [(4, '/opt/***/code_data/departments.csv', 200, 13)] 1
[2022-12-06T17:00:02.532+0000] {logging_mixin.py:137} INFO - Applying conditions
[2022-12-06T17:00:02.533+0000] {logging_mixin.py:137} INFO - There were no changes
[2022-12-06T17:00:02.599+0000] {logging_mixin.py:137} INFO - [(5, '/opt/***/code_data/jobs.csv', 4421, 183)] 1
[2022-12-06T17:00:02.602+0000] {logging_mixin.py:137} INFO - Applying conditions
[2022-12-06T17:00:02.604+0000] {logging_mixin.py:137} INFO - There were no changes
[2022-12-06T17:00:02.699+0000] {logging_mixin.py:137} INFO - [(6, '/opt/***/code_data/z_hired_employees.csv', 92979, 2000)] 1
[2022-12-06T17:00:02.701+0000] {logging_mixin.py:137} INFO - Applying conditions
[2022-12-06T17:00:02.707+0000] {logging_mixin.py:137} INFO - There were no changes
[2022-12-06T17:00:02.771+0000] {logging_mixin.py:137} INFO - [(4, '/opt/***/code_data/departments.csv', 200, 13)] 1
[2022-12-06T17:00:02.776+0000] {logging_mixin.py:137} INFO - Applying conditions
[2022-12-06T17:00:02.778+0000] {logging_mixin.py:137} INFO - There were no changes
[2022-12-06T17:00:02.884+0000] {logging_mixin.py:137} INFO - [(5, '/opt/***/code_data/jobs.csv', 4421, 183)] 1
[2022-12-06T17:00:02.902+0000] {logging_mixin.py:137} INFO - Applying conditions
[2022-12-06T17:00:02.912+0000] {logging_mixin.py:137} INFO - There were no changes
[2022-12-06T17:00:03.047+0000] {logging_mixin.py:137} INFO - [(6, '/opt/***/code_data/z_hired_employees.csv', 92979, 2000)] 1
[2022-12-06T17:00:03.049+0000] {logging_mixin.py:137} INFO - Applying conditions
[2022-12-06T17:00:03.050+0000] {logging_mixin.py:137} INFO - There were no changes
[2022-12-06T17:00:03.051+0000] {python.py:177} INFO - Done. Returned value was: None
[2022-12-06T17:00:03.080+0000] {taskinstance.py:1327} INFO - Marking task as SUCCESS. dag_id=CSV_2_DB, task_id=First_task_update, execution_date=20221206T160000, start_date=20221206T170002, end_date=20221206T170003
[2022-12-06T17:00:03.145+0000] {local_task_job.py:159} INFO - Task exited with return code 0
[2022-12-06T17:00:03.197+0000] {taskinstance.py:2582} INFO - 0 downstream tasks scheduled from follow-on schedule check
