[2022-12-08T21:35:52.482+0000] {taskinstance.py:1087} INFO - Dependencies all met for <TaskInstance: CSV_2_DB.First_task_update scheduled__2022-12-08T20:00:00+00:00 [queued]>
[2022-12-08T21:35:52.507+0000] {taskinstance.py:1087} INFO - Dependencies all met for <TaskInstance: CSV_2_DB.First_task_update scheduled__2022-12-08T20:00:00+00:00 [queued]>
[2022-12-08T21:35:52.508+0000] {taskinstance.py:1283} INFO - 
--------------------------------------------------------------------------------
[2022-12-08T21:35:52.509+0000] {taskinstance.py:1284} INFO - Starting attempt 1 of 6
[2022-12-08T21:35:52.510+0000] {taskinstance.py:1285} INFO - 
--------------------------------------------------------------------------------
[2022-12-08T21:35:52.544+0000] {taskinstance.py:1304} INFO - Executing <Task(PythonOperator): First_task_update> on 2022-12-08 20:00:00+00:00
[2022-12-08T21:35:52.552+0000] {standard_task_runner.py:55} INFO - Started process 3123 to run task
[2022-12-08T21:35:52.563+0000] {standard_task_runner.py:82} INFO - Running: ['***', 'tasks', 'run', 'CSV_2_DB', 'First_task_update', 'scheduled__2022-12-08T20:00:00+00:00', '--job-id', '10', '--raw', '--subdir', 'DAGS_FOLDER/dag_csv_to_db.py', '--cfg-path', '/tmp/tmpesf4xtvd']
[2022-12-08T21:35:52.567+0000] {standard_task_runner.py:83} INFO - Job 10: Subtask First_task_update
[2022-12-08T21:35:52.686+0000] {task_command.py:389} INFO - Running <TaskInstance: CSV_2_DB.First_task_update scheduled__2022-12-08T20:00:00+00:00 [running]> on host c4fdd5f7672d
[2022-12-08T21:35:53.342+0000] {taskinstance.py:1513} INFO - Exporting the following env vars:
AIRFLOW_CTX_DAG_OWNER=Martin_Jurado
AIRFLOW_CTX_DAG_ID=CSV_2_DB
AIRFLOW_CTX_TASK_ID=First_task_update
AIRFLOW_CTX_EXECUTION_DATE=2022-12-08T20:00:00+00:00
AIRFLOW_CTX_TRY_NUMBER=1
AIRFLOW_CTX_DAG_RUN_ID=scheduled__2022-12-08T20:00:00+00:00
[2022-12-08T21:35:55.771+0000] {logging_mixin.py:137} INFO - [(1, '/opt/***/code_data/departments.csv', 193, 12)] 1
[2022-12-08T21:35:55.820+0000] {logging_mixin.py:137} INFO - Applying conditions
[2022-12-08T21:35:55.829+0000] {logging_mixin.py:137} INFO - There were no changes
[2022-12-08T21:35:56.560+0000] {logging_mixin.py:137} INFO - [(2, '/opt/***/code_data/jobs.csv', 4425, 183)] 1
[2022-12-08T21:35:56.567+0000] {logging_mixin.py:137} INFO - Applying conditions
[2022-12-08T21:35:56.574+0000] {logging_mixin.py:137} INFO - There were no changes
[2022-12-08T21:35:56.808+0000] {logging_mixin.py:137} INFO - [(3, '/opt/***/code_data/z_hired_employees.csv', 92935, 1999)] 1
[2022-12-08T21:35:56.829+0000] {logging_mixin.py:137} INFO - Applying conditions
[2022-12-08T21:35:56.859+0000] {logging_mixin.py:137} INFO - There were no changes
[2022-12-08T21:35:56.862+0000] {python.py:177} INFO - Done. Returned value was: None
[2022-12-08T21:35:57.069+0000] {taskinstance.py:1327} INFO - Marking task as SUCCESS. dag_id=CSV_2_DB, task_id=First_task_update, execution_date=20221208T200000, start_date=20221208T213552, end_date=20221208T213557
[2022-12-08T21:35:57.292+0000] {local_task_job.py:159} INFO - Task exited with return code 0
[2022-12-08T21:35:57.379+0000] {taskinstance.py:2582} INFO - 0 downstream tasks scheduled from follow-on schedule check
