[2022-12-09T11:08:58.529+0000] {taskinstance.py:1087} INFO - Dependencies all met for <TaskInstance: CSV_2_DB.First_task_update scheduled__2022-12-09T09:00:00+00:00 [queued]>
[2022-12-09T11:08:58.547+0000] {taskinstance.py:1087} INFO - Dependencies all met for <TaskInstance: CSV_2_DB.First_task_update scheduled__2022-12-09T09:00:00+00:00 [queued]>
[2022-12-09T11:08:58.548+0000] {taskinstance.py:1283} INFO - 
--------------------------------------------------------------------------------
[2022-12-09T11:08:58.549+0000] {taskinstance.py:1284} INFO - Starting attempt 1 of 6
[2022-12-09T11:08:58.549+0000] {taskinstance.py:1285} INFO - 
--------------------------------------------------------------------------------
[2022-12-09T11:08:58.575+0000] {taskinstance.py:1304} INFO - Executing <Task(PythonOperator): First_task_update> on 2022-12-09 09:00:00+00:00
[2022-12-09T11:08:58.584+0000] {standard_task_runner.py:55} INFO - Started process 14718 to run task
[2022-12-09T11:08:58.589+0000] {standard_task_runner.py:82} INFO - Running: ['***', 'tasks', 'run', 'CSV_2_DB', 'First_task_update', 'scheduled__2022-12-09T09:00:00+00:00', '--job-id', '65', '--raw', '--subdir', 'DAGS_FOLDER/dag_csv_to_db.py', '--cfg-path', '/tmp/tmp0kocc5ya']
[2022-12-09T11:08:58.593+0000] {standard_task_runner.py:83} INFO - Job 65: Subtask First_task_update
[2022-12-09T11:08:58.698+0000] {task_command.py:389} INFO - Running <TaskInstance: CSV_2_DB.First_task_update scheduled__2022-12-09T09:00:00+00:00 [running]> on host c4fdd5f7672d
[2022-12-09T11:08:58.829+0000] {taskinstance.py:1513} INFO - Exporting the following env vars:
AIRFLOW_CTX_DAG_OWNER=Martin_Jurado
AIRFLOW_CTX_DAG_ID=CSV_2_DB
AIRFLOW_CTX_TASK_ID=First_task_update
AIRFLOW_CTX_EXECUTION_DATE=2022-12-09T09:00:00+00:00
AIRFLOW_CTX_TRY_NUMBER=1
AIRFLOW_CTX_DAG_RUN_ID=scheduled__2022-12-09T09:00:00+00:00
[2022-12-09T11:08:58.937+0000] {logging_mixin.py:137} INFO - [(1, '/opt/***/code_data/departments.csv', 193, 12)] 1
[2022-12-09T11:08:58.939+0000] {logging_mixin.py:137} INFO - Applying conditions
[2022-12-09T11:08:58.941+0000] {logging_mixin.py:137} INFO - There were no changes
[2022-12-09T11:08:59.005+0000] {logging_mixin.py:137} INFO - [(2, '/opt/***/code_data/jobs.csv', 4425, 183)] 1
[2022-12-09T11:08:59.009+0000] {logging_mixin.py:137} INFO - Applying conditions
[2022-12-09T11:08:59.011+0000] {logging_mixin.py:137} INFO - There were no changes
[2022-12-09T11:08:59.069+0000] {logging_mixin.py:137} INFO - [(3, '/opt/***/code_data/z_hired_employees.csv', 92935, 1999)] 1
[2022-12-09T11:08:59.071+0000] {logging_mixin.py:137} INFO - Applying conditions
[2022-12-09T11:08:59.072+0000] {logging_mixin.py:137} INFO - There were no changes
[2022-12-09T11:08:59.076+0000] {python.py:177} INFO - Done. Returned value was: None
[2022-12-09T11:08:59.099+0000] {taskinstance.py:1327} INFO - Marking task as SUCCESS. dag_id=CSV_2_DB, task_id=First_task_update, execution_date=20221209T090000, start_date=20221209T110858, end_date=20221209T110859
[2022-12-09T11:08:59.170+0000] {local_task_job.py:159} INFO - Task exited with return code 0
[2022-12-09T11:08:59.280+0000] {taskinstance.py:2582} INFO - 0 downstream tasks scheduled from follow-on schedule check
