[2022-12-06T21:00:01.371+0000] {taskinstance.py:1087} INFO - Dependencies all met for <TaskInstance: CSV_2_DB.First_task_update scheduled__2022-12-06T20:00:00+00:00 [queued]>
[2022-12-06T21:00:01.393+0000] {taskinstance.py:1087} INFO - Dependencies all met for <TaskInstance: CSV_2_DB.First_task_update scheduled__2022-12-06T20:00:00+00:00 [queued]>
[2022-12-06T21:00:01.395+0000] {taskinstance.py:1283} INFO - 
--------------------------------------------------------------------------------
[2022-12-06T21:00:01.396+0000] {taskinstance.py:1284} INFO - Starting attempt 1 of 6
[2022-12-06T21:00:01.397+0000] {taskinstance.py:1285} INFO - 
--------------------------------------------------------------------------------
[2022-12-06T21:00:01.422+0000] {taskinstance.py:1304} INFO - Executing <Task(PythonOperator): First_task_update> on 2022-12-06 20:00:00+00:00
[2022-12-06T21:00:01.430+0000] {standard_task_runner.py:55} INFO - Started process 23830 to run task
[2022-12-06T21:00:01.436+0000] {standard_task_runner.py:82} INFO - Running: ['***', 'tasks', 'run', 'CSV_2_DB', 'First_task_update', 'scheduled__2022-12-06T20:00:00+00:00', '--job-id', '16', '--raw', '--subdir', 'DAGS_FOLDER/dag_csv_to_db.py', '--cfg-path', '/tmp/tmp8ij3a53_']
[2022-12-06T21:00:01.440+0000] {standard_task_runner.py:83} INFO - Job 16: Subtask First_task_update
[2022-12-06T21:00:01.546+0000] {task_command.py:389} INFO - Running <TaskInstance: CSV_2_DB.First_task_update scheduled__2022-12-06T20:00:00+00:00 [running]> on host ecf4c7a56b04
[2022-12-06T21:00:01.640+0000] {taskinstance.py:1513} INFO - Exporting the following env vars:
AIRFLOW_CTX_DAG_OWNER=Martin_Jurado
AIRFLOW_CTX_DAG_ID=CSV_2_DB
AIRFLOW_CTX_TASK_ID=First_task_update
AIRFLOW_CTX_EXECUTION_DATE=2022-12-06T20:00:00+00:00
AIRFLOW_CTX_TRY_NUMBER=1
AIRFLOW_CTX_DAG_RUN_ID=scheduled__2022-12-06T20:00:00+00:00
[2022-12-06T21:00:01.712+0000] {logging_mixin.py:137} INFO - [(1, '/opt/***/code_data/departments.csv', 200, 13)] 1
[2022-12-06T21:00:01.714+0000] {logging_mixin.py:137} INFO - Applying conditions
[2022-12-06T21:00:01.715+0000] {logging_mixin.py:137} INFO - There were no changes
[2022-12-06T21:00:01.776+0000] {logging_mixin.py:137} INFO - [(2, '/opt/***/code_data/jobs.csv', 4488, 185)] 1
[2022-12-06T21:00:01.781+0000] {logging_mixin.py:137} INFO - Applying conditions
[2022-12-06T21:00:01.782+0000] {logging_mixin.py:137} INFO - There were no changes
[2022-12-06T21:00:01.834+0000] {logging_mixin.py:137} INFO - [(3, '/opt/***/code_data/z_hired_employees.csv', 92979, 2000)] 1
[2022-12-06T21:00:01.836+0000] {logging_mixin.py:137} INFO - Applying conditions
[2022-12-06T21:00:01.840+0000] {logging_mixin.py:137} INFO - There were no changes
[2022-12-06T21:00:01.842+0000] {python.py:177} INFO - Done. Returned value was: None
[2022-12-06T21:00:01.863+0000] {taskinstance.py:1327} INFO - Marking task as SUCCESS. dag_id=CSV_2_DB, task_id=First_task_update, execution_date=20221206T200000, start_date=20221206T210001, end_date=20221206T210001
[2022-12-06T21:00:01.932+0000] {local_task_job.py:159} INFO - Task exited with return code 0
[2022-12-06T21:00:01.987+0000] {taskinstance.py:2582} INFO - 0 downstream tasks scheduled from follow-on schedule check
