[2022-12-13T00:00:23.050+0000] {processor.py:153} INFO - Started process (PID=38929) to work on /opt/airflow/dags/dag_back_in_avro.py
[2022-12-13T00:00:23.055+0000] {processor.py:743} INFO - Processing file /opt/airflow/dags/dag_back_in_avro.py for tasks to queue
[2022-12-13T00:00:23.058+0000] {logging_mixin.py:137} INFO - [2022-12-13T00:00:23.058+0000] {dagbag.py:538} INFO - Filling up the DagBag from /opt/airflow/dags/dag_back_in_avro.py
[2022-12-13T00:00:23.946+0000] {processor.py:753} INFO - DAG(s) dict_keys(['back_in_avro']) retrieved from /opt/airflow/dags/dag_back_in_avro.py
[2022-12-13T00:00:24.006+0000] {logging_mixin.py:137} INFO - [2022-12-13T00:00:24.005+0000] {dag.py:2676} INFO - Sync 1 DAGs
[2022-12-13T00:00:24.068+0000] {logging_mixin.py:137} INFO - [2022-12-13T00:00:24.068+0000] {dag.py:3427} INFO - Setting next_dagrun for back_in_avro to 2022-12-13T00:00:00+00:00, run_after=2022-12-13T01:00:00+00:00
[2022-12-13T00:00:24.121+0000] {processor.py:175} INFO - Processing /opt/airflow/dags/dag_back_in_avro.py took 1.083 seconds
[2022-12-13T00:00:54.341+0000] {processor.py:153} INFO - Started process (PID=38977) to work on /opt/airflow/dags/dag_back_in_avro.py
[2022-12-13T00:00:54.343+0000] {processor.py:743} INFO - Processing file /opt/airflow/dags/dag_back_in_avro.py for tasks to queue
[2022-12-13T00:00:54.344+0000] {logging_mixin.py:137} INFO - [2022-12-13T00:00:54.344+0000] {dagbag.py:538} INFO - Filling up the DagBag from /opt/airflow/dags/dag_back_in_avro.py
[2022-12-13T00:00:54.794+0000] {processor.py:753} INFO - DAG(s) dict_keys(['back_in_avro']) retrieved from /opt/airflow/dags/dag_back_in_avro.py
[2022-12-13T00:00:54.834+0000] {logging_mixin.py:137} INFO - [2022-12-13T00:00:54.833+0000] {dag.py:2676} INFO - Sync 1 DAGs
[2022-12-13T00:00:54.866+0000] {logging_mixin.py:137} INFO - [2022-12-13T00:00:54.866+0000] {dag.py:3427} INFO - Setting next_dagrun for back_in_avro to 2022-12-13T00:00:00+00:00, run_after=2022-12-13T01:00:00+00:00
[2022-12-13T00:00:54.898+0000] {processor.py:175} INFO - Processing /opt/airflow/dags/dag_back_in_avro.py took 0.561 seconds
[2022-12-13T00:01:25.115+0000] {processor.py:153} INFO - Started process (PID=39012) to work on /opt/airflow/dags/dag_back_in_avro.py
[2022-12-13T00:01:25.117+0000] {processor.py:743} INFO - Processing file /opt/airflow/dags/dag_back_in_avro.py for tasks to queue
[2022-12-13T00:01:25.119+0000] {logging_mixin.py:137} INFO - [2022-12-13T00:01:25.119+0000] {dagbag.py:538} INFO - Filling up the DagBag from /opt/airflow/dags/dag_back_in_avro.py
[2022-12-13T00:01:25.585+0000] {processor.py:753} INFO - DAG(s) dict_keys(['back_in_avro']) retrieved from /opt/airflow/dags/dag_back_in_avro.py
[2022-12-13T00:01:25.626+0000] {logging_mixin.py:137} INFO - [2022-12-13T00:01:25.624+0000] {dag.py:2676} INFO - Sync 1 DAGs
[2022-12-13T00:01:25.657+0000] {logging_mixin.py:137} INFO - [2022-12-13T00:01:25.657+0000] {dag.py:3427} INFO - Setting next_dagrun for back_in_avro to 2022-12-13T00:00:00+00:00, run_after=2022-12-13T01:00:00+00:00
[2022-12-13T00:01:25.686+0000] {processor.py:175} INFO - Processing /opt/airflow/dags/dag_back_in_avro.py took 0.576 seconds
[2022-12-13T00:01:55.928+0000] {processor.py:153} INFO - Started process (PID=39045) to work on /opt/airflow/dags/dag_back_in_avro.py
[2022-12-13T00:01:55.930+0000] {processor.py:743} INFO - Processing file /opt/airflow/dags/dag_back_in_avro.py for tasks to queue
[2022-12-13T00:01:55.932+0000] {logging_mixin.py:137} INFO - [2022-12-13T00:01:55.932+0000] {dagbag.py:538} INFO - Filling up the DagBag from /opt/airflow/dags/dag_back_in_avro.py
[2022-12-13T00:01:56.427+0000] {processor.py:753} INFO - DAG(s) dict_keys(['back_in_avro']) retrieved from /opt/airflow/dags/dag_back_in_avro.py
[2022-12-13T00:01:56.466+0000] {logging_mixin.py:137} INFO - [2022-12-13T00:01:56.466+0000] {dag.py:2676} INFO - Sync 1 DAGs
[2022-12-13T00:01:56.504+0000] {logging_mixin.py:137} INFO - [2022-12-13T00:01:56.504+0000] {dag.py:3427} INFO - Setting next_dagrun for back_in_avro to 2022-12-13T00:00:00+00:00, run_after=2022-12-13T01:00:00+00:00
[2022-12-13T00:01:56.541+0000] {processor.py:175} INFO - Processing /opt/airflow/dags/dag_back_in_avro.py took 0.619 seconds
[2022-12-13T00:02:26.694+0000] {processor.py:153} INFO - Started process (PID=39095) to work on /opt/airflow/dags/dag_back_in_avro.py
[2022-12-13T00:02:26.696+0000] {processor.py:743} INFO - Processing file /opt/airflow/dags/dag_back_in_avro.py for tasks to queue
[2022-12-13T00:02:26.698+0000] {logging_mixin.py:137} INFO - [2022-12-13T00:02:26.697+0000] {dagbag.py:538} INFO - Filling up the DagBag from /opt/airflow/dags/dag_back_in_avro.py
[2022-12-13T00:02:27.149+0000] {processor.py:753} INFO - DAG(s) dict_keys(['back_in_avro']) retrieved from /opt/airflow/dags/dag_back_in_avro.py
[2022-12-13T00:02:27.189+0000] {logging_mixin.py:137} INFO - [2022-12-13T00:02:27.188+0000] {dag.py:2676} INFO - Sync 1 DAGs
[2022-12-13T00:02:27.224+0000] {logging_mixin.py:137} INFO - [2022-12-13T00:02:27.224+0000] {dag.py:3427} INFO - Setting next_dagrun for back_in_avro to 2022-12-13T00:00:00+00:00, run_after=2022-12-13T01:00:00+00:00
[2022-12-13T00:02:27.249+0000] {processor.py:175} INFO - Processing /opt/airflow/dags/dag_back_in_avro.py took 0.560 seconds
[2022-12-13T00:02:57.461+0000] {processor.py:153} INFO - Started process (PID=39128) to work on /opt/airflow/dags/dag_back_in_avro.py
[2022-12-13T00:02:57.464+0000] {processor.py:743} INFO - Processing file /opt/airflow/dags/dag_back_in_avro.py for tasks to queue
[2022-12-13T00:02:57.466+0000] {logging_mixin.py:137} INFO - [2022-12-13T00:02:57.466+0000] {dagbag.py:538} INFO - Filling up the DagBag from /opt/airflow/dags/dag_back_in_avro.py
[2022-12-13T00:02:57.956+0000] {processor.py:753} INFO - DAG(s) dict_keys(['back_in_avro']) retrieved from /opt/airflow/dags/dag_back_in_avro.py
[2022-12-13T00:02:57.995+0000] {logging_mixin.py:137} INFO - [2022-12-13T00:02:57.994+0000] {dag.py:2676} INFO - Sync 1 DAGs
[2022-12-13T00:02:58.024+0000] {logging_mixin.py:137} INFO - [2022-12-13T00:02:58.024+0000] {dag.py:3427} INFO - Setting next_dagrun for back_in_avro to 2022-12-13T00:00:00+00:00, run_after=2022-12-13T01:00:00+00:00
[2022-12-13T00:02:58.082+0000] {processor.py:175} INFO - Processing /opt/airflow/dags/dag_back_in_avro.py took 0.630 seconds
[2022-12-13T00:03:28.262+0000] {processor.py:153} INFO - Started process (PID=39175) to work on /opt/airflow/dags/dag_back_in_avro.py
[2022-12-13T00:03:28.265+0000] {processor.py:743} INFO - Processing file /opt/airflow/dags/dag_back_in_avro.py for tasks to queue
[2022-12-13T00:03:28.268+0000] {logging_mixin.py:137} INFO - [2022-12-13T00:03:28.268+0000] {dagbag.py:538} INFO - Filling up the DagBag from /opt/airflow/dags/dag_back_in_avro.py
[2022-12-13T00:03:28.790+0000] {processor.py:753} INFO - DAG(s) dict_keys(['back_in_avro']) retrieved from /opt/airflow/dags/dag_back_in_avro.py
[2022-12-13T00:03:28.841+0000] {logging_mixin.py:137} INFO - [2022-12-13T00:03:28.840+0000] {dag.py:2676} INFO - Sync 1 DAGs
[2022-12-13T00:03:28.880+0000] {logging_mixin.py:137} INFO - [2022-12-13T00:03:28.880+0000] {dag.py:3427} INFO - Setting next_dagrun for back_in_avro to 2022-12-13T00:00:00+00:00, run_after=2022-12-13T01:00:00+00:00
[2022-12-13T00:03:28.911+0000] {processor.py:175} INFO - Processing /opt/airflow/dags/dag_back_in_avro.py took 0.654 seconds
[2022-12-13T00:03:59.123+0000] {processor.py:153} INFO - Started process (PID=39209) to work on /opt/airflow/dags/dag_back_in_avro.py
[2022-12-13T00:03:59.127+0000] {processor.py:743} INFO - Processing file /opt/airflow/dags/dag_back_in_avro.py for tasks to queue
[2022-12-13T00:03:59.128+0000] {logging_mixin.py:137} INFO - [2022-12-13T00:03:59.128+0000] {dagbag.py:538} INFO - Filling up the DagBag from /opt/airflow/dags/dag_back_in_avro.py
[2022-12-13T00:03:59.715+0000] {processor.py:753} INFO - DAG(s) dict_keys(['back_in_avro']) retrieved from /opt/airflow/dags/dag_back_in_avro.py
[2022-12-13T00:03:59.754+0000] {logging_mixin.py:137} INFO - [2022-12-13T00:03:59.753+0000] {dag.py:2676} INFO - Sync 1 DAGs
[2022-12-13T00:03:59.792+0000] {logging_mixin.py:137} INFO - [2022-12-13T00:03:59.791+0000] {dag.py:3427} INFO - Setting next_dagrun for back_in_avro to 2022-12-13T00:00:00+00:00, run_after=2022-12-13T01:00:00+00:00
[2022-12-13T00:03:59.831+0000] {processor.py:175} INFO - Processing /opt/airflow/dags/dag_back_in_avro.py took 0.714 seconds
[2022-12-13T00:04:29.981+0000] {processor.py:153} INFO - Started process (PID=39259) to work on /opt/airflow/dags/dag_back_in_avro.py
[2022-12-13T00:04:29.994+0000] {processor.py:743} INFO - Processing file /opt/airflow/dags/dag_back_in_avro.py for tasks to queue
[2022-12-13T00:04:29.996+0000] {logging_mixin.py:137} INFO - [2022-12-13T00:04:29.996+0000] {dagbag.py:538} INFO - Filling up the DagBag from /opt/airflow/dags/dag_back_in_avro.py
[2022-12-13T00:04:30.504+0000] {processor.py:753} INFO - DAG(s) dict_keys(['back_in_avro']) retrieved from /opt/airflow/dags/dag_back_in_avro.py
[2022-12-13T00:04:30.550+0000] {logging_mixin.py:137} INFO - [2022-12-13T00:04:30.550+0000] {dag.py:2676} INFO - Sync 1 DAGs
[2022-12-13T00:04:30.583+0000] {logging_mixin.py:137} INFO - [2022-12-13T00:04:30.583+0000] {dag.py:3427} INFO - Setting next_dagrun for back_in_avro to 2022-12-13T00:00:00+00:00, run_after=2022-12-13T01:00:00+00:00
[2022-12-13T00:04:30.609+0000] {processor.py:175} INFO - Processing /opt/airflow/dags/dag_back_in_avro.py took 0.633 seconds
[2022-12-13T00:05:00.806+0000] {processor.py:153} INFO - Started process (PID=39292) to work on /opt/airflow/dags/dag_back_in_avro.py
[2022-12-13T00:05:00.809+0000] {processor.py:743} INFO - Processing file /opt/airflow/dags/dag_back_in_avro.py for tasks to queue
[2022-12-13T00:05:00.810+0000] {logging_mixin.py:137} INFO - [2022-12-13T00:05:00.810+0000] {dagbag.py:538} INFO - Filling up the DagBag from /opt/airflow/dags/dag_back_in_avro.py
[2022-12-13T00:05:01.279+0000] {processor.py:753} INFO - DAG(s) dict_keys(['back_in_avro']) retrieved from /opt/airflow/dags/dag_back_in_avro.py
[2022-12-13T00:05:01.316+0000] {logging_mixin.py:137} INFO - [2022-12-13T00:05:01.316+0000] {dag.py:2676} INFO - Sync 1 DAGs
[2022-12-13T00:05:01.350+0000] {logging_mixin.py:137} INFO - [2022-12-13T00:05:01.350+0000] {dag.py:3427} INFO - Setting next_dagrun for back_in_avro to 2022-12-13T00:00:00+00:00, run_after=2022-12-13T01:00:00+00:00
[2022-12-13T00:05:01.387+0000] {processor.py:175} INFO - Processing /opt/airflow/dags/dag_back_in_avro.py took 0.587 seconds
[2022-12-13T00:05:31.556+0000] {processor.py:153} INFO - Started process (PID=39342) to work on /opt/airflow/dags/dag_back_in_avro.py
[2022-12-13T00:05:31.559+0000] {processor.py:743} INFO - Processing file /opt/airflow/dags/dag_back_in_avro.py for tasks to queue
[2022-12-13T00:05:31.560+0000] {logging_mixin.py:137} INFO - [2022-12-13T00:05:31.560+0000] {dagbag.py:538} INFO - Filling up the DagBag from /opt/airflow/dags/dag_back_in_avro.py
[2022-12-13T00:05:32.018+0000] {processor.py:753} INFO - DAG(s) dict_keys(['back_in_avro']) retrieved from /opt/airflow/dags/dag_back_in_avro.py
[2022-12-13T00:05:32.060+0000] {logging_mixin.py:137} INFO - [2022-12-13T00:05:32.059+0000] {dag.py:2676} INFO - Sync 1 DAGs
[2022-12-13T00:05:32.096+0000] {logging_mixin.py:137} INFO - [2022-12-13T00:05:32.096+0000] {dag.py:3427} INFO - Setting next_dagrun for back_in_avro to 2022-12-13T00:00:00+00:00, run_after=2022-12-13T01:00:00+00:00
[2022-12-13T00:05:32.122+0000] {processor.py:175} INFO - Processing /opt/airflow/dags/dag_back_in_avro.py took 0.572 seconds
[2022-12-13T00:06:02.306+0000] {processor.py:153} INFO - Started process (PID=39377) to work on /opt/airflow/dags/dag_back_in_avro.py
[2022-12-13T00:06:02.308+0000] {processor.py:743} INFO - Processing file /opt/airflow/dags/dag_back_in_avro.py for tasks to queue
[2022-12-13T00:06:02.310+0000] {logging_mixin.py:137} INFO - [2022-12-13T00:06:02.310+0000] {dagbag.py:538} INFO - Filling up the DagBag from /opt/airflow/dags/dag_back_in_avro.py
[2022-12-13T00:06:02.820+0000] {processor.py:753} INFO - DAG(s) dict_keys(['back_in_avro']) retrieved from /opt/airflow/dags/dag_back_in_avro.py
[2022-12-13T00:06:02.861+0000] {logging_mixin.py:137} INFO - [2022-12-13T00:06:02.860+0000] {dag.py:2676} INFO - Sync 1 DAGs
[2022-12-13T00:06:02.907+0000] {logging_mixin.py:137} INFO - [2022-12-13T00:06:02.907+0000] {dag.py:3427} INFO - Setting next_dagrun for back_in_avro to 2022-12-13T00:00:00+00:00, run_after=2022-12-13T01:00:00+00:00
[2022-12-13T00:06:02.938+0000] {processor.py:175} INFO - Processing /opt/airflow/dags/dag_back_in_avro.py took 0.637 seconds
[2022-12-13T00:06:33.120+0000] {processor.py:153} INFO - Started process (PID=39425) to work on /opt/airflow/dags/dag_back_in_avro.py
[2022-12-13T00:06:33.123+0000] {processor.py:743} INFO - Processing file /opt/airflow/dags/dag_back_in_avro.py for tasks to queue
[2022-12-13T00:06:33.124+0000] {logging_mixin.py:137} INFO - [2022-12-13T00:06:33.124+0000] {dagbag.py:538} INFO - Filling up the DagBag from /opt/airflow/dags/dag_back_in_avro.py
[2022-12-13T00:06:33.713+0000] {processor.py:753} INFO - DAG(s) dict_keys(['back_in_avro']) retrieved from /opt/airflow/dags/dag_back_in_avro.py
[2022-12-13T00:06:33.756+0000] {logging_mixin.py:137} INFO - [2022-12-13T00:06:33.756+0000] {dag.py:2676} INFO - Sync 1 DAGs
[2022-12-13T00:06:33.794+0000] {logging_mixin.py:137} INFO - [2022-12-13T00:06:33.794+0000] {dag.py:3427} INFO - Setting next_dagrun for back_in_avro to 2022-12-13T00:00:00+00:00, run_after=2022-12-13T01:00:00+00:00
[2022-12-13T00:06:33.823+0000] {processor.py:175} INFO - Processing /opt/airflow/dags/dag_back_in_avro.py took 0.708 seconds
[2022-12-13T00:07:03.988+0000] {processor.py:153} INFO - Started process (PID=39458) to work on /opt/airflow/dags/dag_back_in_avro.py
[2022-12-13T00:07:03.990+0000] {processor.py:743} INFO - Processing file /opt/airflow/dags/dag_back_in_avro.py for tasks to queue
[2022-12-13T00:07:03.992+0000] {logging_mixin.py:137} INFO - [2022-12-13T00:07:03.992+0000] {dagbag.py:538} INFO - Filling up the DagBag from /opt/airflow/dags/dag_back_in_avro.py
[2022-12-13T00:07:04.479+0000] {processor.py:753} INFO - DAG(s) dict_keys(['back_in_avro']) retrieved from /opt/airflow/dags/dag_back_in_avro.py
[2022-12-13T00:07:04.515+0000] {logging_mixin.py:137} INFO - [2022-12-13T00:07:04.514+0000] {dag.py:2676} INFO - Sync 1 DAGs
[2022-12-13T00:07:04.546+0000] {logging_mixin.py:137} INFO - [2022-12-13T00:07:04.546+0000] {dag.py:3427} INFO - Setting next_dagrun for back_in_avro to 2022-12-13T00:00:00+00:00, run_after=2022-12-13T01:00:00+00:00
[2022-12-13T00:07:04.567+0000] {processor.py:175} INFO - Processing /opt/airflow/dags/dag_back_in_avro.py took 0.585 seconds
[2022-12-13T00:07:34.809+0000] {processor.py:153} INFO - Started process (PID=39506) to work on /opt/airflow/dags/dag_back_in_avro.py
[2022-12-13T00:07:34.813+0000] {processor.py:743} INFO - Processing file /opt/airflow/dags/dag_back_in_avro.py for tasks to queue
[2022-12-13T00:07:34.815+0000] {logging_mixin.py:137} INFO - [2022-12-13T00:07:34.815+0000] {dagbag.py:538} INFO - Filling up the DagBag from /opt/airflow/dags/dag_back_in_avro.py
[2022-12-13T00:07:35.326+0000] {processor.py:753} INFO - DAG(s) dict_keys(['back_in_avro']) retrieved from /opt/airflow/dags/dag_back_in_avro.py
[2022-12-13T00:07:35.371+0000] {logging_mixin.py:137} INFO - [2022-12-13T00:07:35.370+0000] {dag.py:2676} INFO - Sync 1 DAGs
[2022-12-13T00:07:35.408+0000] {logging_mixin.py:137} INFO - [2022-12-13T00:07:35.408+0000] {dag.py:3427} INFO - Setting next_dagrun for back_in_avro to 2022-12-13T00:00:00+00:00, run_after=2022-12-13T01:00:00+00:00
[2022-12-13T00:07:35.437+0000] {processor.py:175} INFO - Processing /opt/airflow/dags/dag_back_in_avro.py took 0.640 seconds
[2022-12-13T00:08:05.646+0000] {processor.py:153} INFO - Started process (PID=39540) to work on /opt/airflow/dags/dag_back_in_avro.py
[2022-12-13T00:08:05.649+0000] {processor.py:743} INFO - Processing file /opt/airflow/dags/dag_back_in_avro.py for tasks to queue
[2022-12-13T00:08:05.653+0000] {logging_mixin.py:137} INFO - [2022-12-13T00:08:05.652+0000] {dagbag.py:538} INFO - Filling up the DagBag from /opt/airflow/dags/dag_back_in_avro.py
[2022-12-13T00:08:06.160+0000] {processor.py:753} INFO - DAG(s) dict_keys(['back_in_avro']) retrieved from /opt/airflow/dags/dag_back_in_avro.py
[2022-12-13T00:08:06.205+0000] {logging_mixin.py:137} INFO - [2022-12-13T00:08:06.203+0000] {dag.py:2676} INFO - Sync 1 DAGs
[2022-12-13T00:08:06.237+0000] {logging_mixin.py:137} INFO - [2022-12-13T00:08:06.237+0000] {dag.py:3427} INFO - Setting next_dagrun for back_in_avro to 2022-12-13T00:00:00+00:00, run_after=2022-12-13T01:00:00+00:00
[2022-12-13T00:08:06.270+0000] {processor.py:175} INFO - Processing /opt/airflow/dags/dag_back_in_avro.py took 0.629 seconds
[2022-12-13T00:08:36.497+0000] {processor.py:153} INFO - Started process (PID=39574) to work on /opt/airflow/dags/dag_back_in_avro.py
[2022-12-13T00:08:36.499+0000] {processor.py:743} INFO - Processing file /opt/airflow/dags/dag_back_in_avro.py for tasks to queue
[2022-12-13T00:08:36.500+0000] {logging_mixin.py:137} INFO - [2022-12-13T00:08:36.500+0000] {dagbag.py:538} INFO - Filling up the DagBag from /opt/airflow/dags/dag_back_in_avro.py
[2022-12-13T00:08:37.037+0000] {processor.py:753} INFO - DAG(s) dict_keys(['back_in_avro']) retrieved from /opt/airflow/dags/dag_back_in_avro.py
[2022-12-13T00:08:37.078+0000] {logging_mixin.py:137} INFO - [2022-12-13T00:08:37.077+0000] {dag.py:2676} INFO - Sync 1 DAGs
[2022-12-13T00:08:37.121+0000] {logging_mixin.py:137} INFO - [2022-12-13T00:08:37.121+0000] {dag.py:3427} INFO - Setting next_dagrun for back_in_avro to 2022-12-13T00:00:00+00:00, run_after=2022-12-13T01:00:00+00:00
[2022-12-13T00:08:37.177+0000] {processor.py:175} INFO - Processing /opt/airflow/dags/dag_back_in_avro.py took 0.686 seconds
[2022-12-13T00:09:07.352+0000] {processor.py:153} INFO - Started process (PID=39622) to work on /opt/airflow/dags/dag_back_in_avro.py
[2022-12-13T00:09:07.354+0000] {processor.py:743} INFO - Processing file /opt/airflow/dags/dag_back_in_avro.py for tasks to queue
[2022-12-13T00:09:07.356+0000] {logging_mixin.py:137} INFO - [2022-12-13T00:09:07.356+0000] {dagbag.py:538} INFO - Filling up the DagBag from /opt/airflow/dags/dag_back_in_avro.py
[2022-12-13T00:09:07.872+0000] {processor.py:753} INFO - DAG(s) dict_keys(['back_in_avro']) retrieved from /opt/airflow/dags/dag_back_in_avro.py
[2022-12-13T00:09:07.925+0000] {logging_mixin.py:137} INFO - [2022-12-13T00:09:07.924+0000] {dag.py:2676} INFO - Sync 1 DAGs
[2022-12-13T00:09:07.957+0000] {logging_mixin.py:137} INFO - [2022-12-13T00:09:07.957+0000] {dag.py:3427} INFO - Setting next_dagrun for back_in_avro to 2022-12-13T00:00:00+00:00, run_after=2022-12-13T01:00:00+00:00
[2022-12-13T00:09:07.990+0000] {processor.py:175} INFO - Processing /opt/airflow/dags/dag_back_in_avro.py took 0.645 seconds
[2022-12-13T00:09:38.166+0000] {processor.py:153} INFO - Started process (PID=39655) to work on /opt/airflow/dags/dag_back_in_avro.py
[2022-12-13T00:09:38.169+0000] {processor.py:743} INFO - Processing file /opt/airflow/dags/dag_back_in_avro.py for tasks to queue
[2022-12-13T00:09:38.196+0000] {logging_mixin.py:137} INFO - [2022-12-13T00:09:38.196+0000] {dagbag.py:538} INFO - Filling up the DagBag from /opt/airflow/dags/dag_back_in_avro.py
[2022-12-13T00:09:38.685+0000] {processor.py:753} INFO - DAG(s) dict_keys(['back_in_avro']) retrieved from /opt/airflow/dags/dag_back_in_avro.py
[2022-12-13T00:09:38.729+0000] {logging_mixin.py:137} INFO - [2022-12-13T00:09:38.728+0000] {dag.py:2676} INFO - Sync 1 DAGs
[2022-12-13T00:09:38.769+0000] {logging_mixin.py:137} INFO - [2022-12-13T00:09:38.769+0000] {dag.py:3427} INFO - Setting next_dagrun for back_in_avro to 2022-12-13T00:00:00+00:00, run_after=2022-12-13T01:00:00+00:00
[2022-12-13T00:09:38.806+0000] {processor.py:175} INFO - Processing /opt/airflow/dags/dag_back_in_avro.py took 0.646 seconds
[2022-12-13T00:10:09.086+0000] {processor.py:153} INFO - Started process (PID=39703) to work on /opt/airflow/dags/dag_back_in_avro.py
[2022-12-13T00:10:09.089+0000] {processor.py:743} INFO - Processing file /opt/airflow/dags/dag_back_in_avro.py for tasks to queue
[2022-12-13T00:10:09.091+0000] {logging_mixin.py:137} INFO - [2022-12-13T00:10:09.091+0000] {dagbag.py:538} INFO - Filling up the DagBag from /opt/airflow/dags/dag_back_in_avro.py
[2022-12-13T00:10:09.679+0000] {processor.py:753} INFO - DAG(s) dict_keys(['back_in_avro']) retrieved from /opt/airflow/dags/dag_back_in_avro.py
[2022-12-13T00:10:09.721+0000] {logging_mixin.py:137} INFO - [2022-12-13T00:10:09.721+0000] {dag.py:2676} INFO - Sync 1 DAGs
[2022-12-13T00:10:09.754+0000] {logging_mixin.py:137} INFO - [2022-12-13T00:10:09.753+0000] {dag.py:3427} INFO - Setting next_dagrun for back_in_avro to 2022-12-13T00:00:00+00:00, run_after=2022-12-13T01:00:00+00:00
[2022-12-13T00:10:09.777+0000] {processor.py:175} INFO - Processing /opt/airflow/dags/dag_back_in_avro.py took 0.702 seconds
[2022-12-13T00:10:39.979+0000] {processor.py:153} INFO - Started process (PID=39736) to work on /opt/airflow/dags/dag_back_in_avro.py
[2022-12-13T00:10:39.981+0000] {processor.py:743} INFO - Processing file /opt/airflow/dags/dag_back_in_avro.py for tasks to queue
[2022-12-13T00:10:39.984+0000] {logging_mixin.py:137} INFO - [2022-12-13T00:10:39.983+0000] {dagbag.py:538} INFO - Filling up the DagBag from /opt/airflow/dags/dag_back_in_avro.py
[2022-12-13T00:10:40.484+0000] {processor.py:753} INFO - DAG(s) dict_keys(['back_in_avro']) retrieved from /opt/airflow/dags/dag_back_in_avro.py
[2022-12-13T00:10:40.521+0000] {logging_mixin.py:137} INFO - [2022-12-13T00:10:40.521+0000] {dag.py:2676} INFO - Sync 1 DAGs
[2022-12-13T00:10:40.552+0000] {logging_mixin.py:137} INFO - [2022-12-13T00:10:40.552+0000] {dag.py:3427} INFO - Setting next_dagrun for back_in_avro to 2022-12-13T00:00:00+00:00, run_after=2022-12-13T01:00:00+00:00
[2022-12-13T00:10:40.576+0000] {processor.py:175} INFO - Processing /opt/airflow/dags/dag_back_in_avro.py took 0.602 seconds
[2022-12-13T00:11:10.821+0000] {processor.py:153} INFO - Started process (PID=39782) to work on /opt/airflow/dags/dag_back_in_avro.py
[2022-12-13T00:11:10.823+0000] {processor.py:743} INFO - Processing file /opt/airflow/dags/dag_back_in_avro.py for tasks to queue
[2022-12-13T00:11:10.827+0000] {logging_mixin.py:137} INFO - [2022-12-13T00:11:10.826+0000] {dagbag.py:538} INFO - Filling up the DagBag from /opt/airflow/dags/dag_back_in_avro.py
[2022-12-13T00:11:11.375+0000] {processor.py:753} INFO - DAG(s) dict_keys(['back_in_avro']) retrieved from /opt/airflow/dags/dag_back_in_avro.py
[2022-12-13T00:11:11.416+0000] {logging_mixin.py:137} INFO - [2022-12-13T00:11:11.414+0000] {dag.py:2676} INFO - Sync 1 DAGs
[2022-12-13T00:11:11.449+0000] {logging_mixin.py:137} INFO - [2022-12-13T00:11:11.449+0000] {dag.py:3427} INFO - Setting next_dagrun for back_in_avro to 2022-12-13T00:00:00+00:00, run_after=2022-12-13T01:00:00+00:00
[2022-12-13T00:11:11.487+0000] {processor.py:175} INFO - Processing /opt/airflow/dags/dag_back_in_avro.py took 0.674 seconds
[2022-12-13T00:34:02.467+0000] {processor.py:153} INFO - Started process (PID=39816) to work on /opt/airflow/dags/dag_back_in_avro.py
[2022-12-13T00:34:02.471+0000] {processor.py:743} INFO - Processing file /opt/airflow/dags/dag_back_in_avro.py for tasks to queue
[2022-12-13T00:34:02.639+0000] {logging_mixin.py:137} INFO - [2022-12-13T00:34:02.593+0000] {dagbag.py:538} INFO - Filling up the DagBag from /opt/airflow/dags/dag_back_in_avro.py
[2022-12-13T00:34:04.049+0000] {processor.py:153} INFO - Started process (PID=39820) to work on /opt/airflow/dags/dag_back_in_avro.py
[2022-12-13T00:34:04.058+0000] {processor.py:743} INFO - Processing file /opt/airflow/dags/dag_back_in_avro.py for tasks to queue
[2022-12-13T00:34:04.062+0000] {logging_mixin.py:137} INFO - [2022-12-13T00:34:04.061+0000] {dagbag.py:538} INFO - Filling up the DagBag from /opt/airflow/dags/dag_back_in_avro.py
[2022-12-13T00:34:05.207+0000] {processor.py:753} INFO - DAG(s) dict_keys(['back_in_avro']) retrieved from /opt/airflow/dags/dag_back_in_avro.py
[2022-12-13T00:34:05.303+0000] {logging_mixin.py:137} INFO - [2022-12-13T00:34:05.302+0000] {dag.py:2676} INFO - Sync 1 DAGs
[2022-12-13T00:34:05.387+0000] {logging_mixin.py:137} INFO - [2022-12-13T00:34:05.387+0000] {dag.py:3427} INFO - Setting next_dagrun for back_in_avro to 2022-12-13T00:00:00+00:00, run_after=2022-12-13T01:00:00+00:00
[2022-12-13T00:34:05.450+0000] {processor.py:175} INFO - Processing /opt/airflow/dags/dag_back_in_avro.py took 1.419 seconds
[2022-12-13T00:34:35.718+0000] {processor.py:153} INFO - Started process (PID=39868) to work on /opt/airflow/dags/dag_back_in_avro.py
[2022-12-13T00:34:35.720+0000] {processor.py:743} INFO - Processing file /opt/airflow/dags/dag_back_in_avro.py for tasks to queue
[2022-12-13T00:34:35.721+0000] {logging_mixin.py:137} INFO - [2022-12-13T00:34:35.721+0000] {dagbag.py:538} INFO - Filling up the DagBag from /opt/airflow/dags/dag_back_in_avro.py
[2022-12-13T00:34:36.397+0000] {processor.py:753} INFO - DAG(s) dict_keys(['back_in_avro']) retrieved from /opt/airflow/dags/dag_back_in_avro.py
[2022-12-13T00:34:36.460+0000] {logging_mixin.py:137} INFO - [2022-12-13T00:34:36.459+0000] {dag.py:2676} INFO - Sync 1 DAGs
[2022-12-13T00:34:36.522+0000] {logging_mixin.py:137} INFO - [2022-12-13T00:34:36.521+0000] {dag.py:3427} INFO - Setting next_dagrun for back_in_avro to 2022-12-13T00:00:00+00:00, run_after=2022-12-13T01:00:00+00:00
[2022-12-13T00:34:36.564+0000] {processor.py:175} INFO - Processing /opt/airflow/dags/dag_back_in_avro.py took 0.850 seconds
[2022-12-13T00:35:06.815+0000] {processor.py:153} INFO - Started process (PID=39902) to work on /opt/airflow/dags/dag_back_in_avro.py
[2022-12-13T00:35:06.817+0000] {processor.py:743} INFO - Processing file /opt/airflow/dags/dag_back_in_avro.py for tasks to queue
[2022-12-13T00:35:06.819+0000] {logging_mixin.py:137} INFO - [2022-12-13T00:35:06.818+0000] {dagbag.py:538} INFO - Filling up the DagBag from /opt/airflow/dags/dag_back_in_avro.py
[2022-12-13T00:35:07.295+0000] {processor.py:753} INFO - DAG(s) dict_keys(['back_in_avro']) retrieved from /opt/airflow/dags/dag_back_in_avro.py
[2022-12-13T00:35:07.338+0000] {logging_mixin.py:137} INFO - [2022-12-13T00:35:07.338+0000] {dag.py:2676} INFO - Sync 1 DAGs
[2022-12-13T00:35:07.368+0000] {logging_mixin.py:137} INFO - [2022-12-13T00:35:07.368+0000] {dag.py:3427} INFO - Setting next_dagrun for back_in_avro to 2022-12-13T00:00:00+00:00, run_after=2022-12-13T01:00:00+00:00
[2022-12-13T00:35:07.393+0000] {processor.py:175} INFO - Processing /opt/airflow/dags/dag_back_in_avro.py took 0.584 seconds
[2022-12-13T00:35:37.601+0000] {processor.py:153} INFO - Started process (PID=39952) to work on /opt/airflow/dags/dag_back_in_avro.py
[2022-12-13T00:35:37.620+0000] {processor.py:743} INFO - Processing file /opt/airflow/dags/dag_back_in_avro.py for tasks to queue
[2022-12-13T00:35:37.624+0000] {logging_mixin.py:137} INFO - [2022-12-13T00:35:37.623+0000] {dagbag.py:538} INFO - Filling up the DagBag from /opt/airflow/dags/dag_back_in_avro.py
[2022-12-13T00:35:38.173+0000] {processor.py:753} INFO - DAG(s) dict_keys(['back_in_avro']) retrieved from /opt/airflow/dags/dag_back_in_avro.py
[2022-12-13T00:35:38.208+0000] {logging_mixin.py:137} INFO - [2022-12-13T00:35:38.207+0000] {dag.py:2676} INFO - Sync 1 DAGs
[2022-12-13T00:35:38.237+0000] {logging_mixin.py:137} INFO - [2022-12-13T00:35:38.237+0000] {dag.py:3427} INFO - Setting next_dagrun for back_in_avro to 2022-12-13T00:00:00+00:00, run_after=2022-12-13T01:00:00+00:00
[2022-12-13T00:35:38.317+0000] {processor.py:175} INFO - Processing /opt/airflow/dags/dag_back_in_avro.py took 0.723 seconds
[2022-12-13T00:36:08.503+0000] {processor.py:153} INFO - Started process (PID=39985) to work on /opt/airflow/dags/dag_back_in_avro.py
[2022-12-13T00:36:08.505+0000] {processor.py:743} INFO - Processing file /opt/airflow/dags/dag_back_in_avro.py for tasks to queue
[2022-12-13T00:36:08.507+0000] {logging_mixin.py:137} INFO - [2022-12-13T00:36:08.507+0000] {dagbag.py:538} INFO - Filling up the DagBag from /opt/airflow/dags/dag_back_in_avro.py
[2022-12-13T00:36:08.972+0000] {processor.py:753} INFO - DAG(s) dict_keys(['back_in_avro']) retrieved from /opt/airflow/dags/dag_back_in_avro.py
[2022-12-13T00:36:09.008+0000] {logging_mixin.py:137} INFO - [2022-12-13T00:36:09.008+0000] {dag.py:2676} INFO - Sync 1 DAGs
[2022-12-13T00:36:09.041+0000] {logging_mixin.py:137} INFO - [2022-12-13T00:36:09.040+0000] {dag.py:3427} INFO - Setting next_dagrun for back_in_avro to 2022-12-13T00:00:00+00:00, run_after=2022-12-13T01:00:00+00:00
[2022-12-13T00:36:09.065+0000] {processor.py:175} INFO - Processing /opt/airflow/dags/dag_back_in_avro.py took 0.568 seconds
[2022-12-13T00:36:39.291+0000] {processor.py:153} INFO - Started process (PID=40017) to work on /opt/airflow/dags/dag_back_in_avro.py
[2022-12-13T00:36:39.294+0000] {processor.py:743} INFO - Processing file /opt/airflow/dags/dag_back_in_avro.py for tasks to queue
[2022-12-13T00:36:39.296+0000] {logging_mixin.py:137} INFO - [2022-12-13T00:36:39.295+0000] {dagbag.py:538} INFO - Filling up the DagBag from /opt/airflow/dags/dag_back_in_avro.py
[2022-12-13T00:36:39.834+0000] {processor.py:753} INFO - DAG(s) dict_keys(['back_in_avro']) retrieved from /opt/airflow/dags/dag_back_in_avro.py
[2022-12-13T00:36:39.876+0000] {logging_mixin.py:137} INFO - [2022-12-13T00:36:39.875+0000] {dag.py:2676} INFO - Sync 1 DAGs
[2022-12-13T00:36:39.911+0000] {logging_mixin.py:137} INFO - [2022-12-13T00:36:39.910+0000] {dag.py:3427} INFO - Setting next_dagrun for back_in_avro to 2022-12-13T00:00:00+00:00, run_after=2022-12-13T01:00:00+00:00
[2022-12-13T00:36:39.935+0000] {processor.py:175} INFO - Processing /opt/airflow/dags/dag_back_in_avro.py took 0.650 seconds
[2022-12-13T00:37:10.153+0000] {processor.py:153} INFO - Started process (PID=40065) to work on /opt/airflow/dags/dag_back_in_avro.py
[2022-12-13T00:37:10.155+0000] {processor.py:743} INFO - Processing file /opt/airflow/dags/dag_back_in_avro.py for tasks to queue
[2022-12-13T00:37:10.157+0000] {logging_mixin.py:137} INFO - [2022-12-13T00:37:10.156+0000] {dagbag.py:538} INFO - Filling up the DagBag from /opt/airflow/dags/dag_back_in_avro.py
[2022-12-13T00:37:10.700+0000] {processor.py:753} INFO - DAG(s) dict_keys(['back_in_avro']) retrieved from /opt/airflow/dags/dag_back_in_avro.py
[2022-12-13T00:37:10.749+0000] {logging_mixin.py:137} INFO - [2022-12-13T00:37:10.748+0000] {dag.py:2676} INFO - Sync 1 DAGs
[2022-12-13T00:37:10.785+0000] {logging_mixin.py:137} INFO - [2022-12-13T00:37:10.785+0000] {dag.py:3427} INFO - Setting next_dagrun for back_in_avro to 2022-12-13T00:00:00+00:00, run_after=2022-12-13T01:00:00+00:00
[2022-12-13T00:37:10.816+0000] {processor.py:175} INFO - Processing /opt/airflow/dags/dag_back_in_avro.py took 0.668 seconds
[2022-12-13T00:37:41.015+0000] {processor.py:153} INFO - Started process (PID=40098) to work on /opt/airflow/dags/dag_back_in_avro.py
[2022-12-13T00:37:41.017+0000] {processor.py:743} INFO - Processing file /opt/airflow/dags/dag_back_in_avro.py for tasks to queue
[2022-12-13T00:37:41.019+0000] {logging_mixin.py:137} INFO - [2022-12-13T00:37:41.019+0000] {dagbag.py:538} INFO - Filling up the DagBag from /opt/airflow/dags/dag_back_in_avro.py
[2022-12-13T00:37:41.507+0000] {processor.py:753} INFO - DAG(s) dict_keys(['back_in_avro']) retrieved from /opt/airflow/dags/dag_back_in_avro.py
[2022-12-13T00:37:41.548+0000] {logging_mixin.py:137} INFO - [2022-12-13T00:37:41.548+0000] {dag.py:2676} INFO - Sync 1 DAGs
[2022-12-13T00:37:41.583+0000] {logging_mixin.py:137} INFO - [2022-12-13T00:37:41.583+0000] {dag.py:3427} INFO - Setting next_dagrun for back_in_avro to 2022-12-13T00:00:00+00:00, run_after=2022-12-13T01:00:00+00:00
[2022-12-13T00:37:41.617+0000] {processor.py:175} INFO - Processing /opt/airflow/dags/dag_back_in_avro.py took 0.608 seconds
[2022-12-13T00:38:11.839+0000] {processor.py:153} INFO - Started process (PID=40145) to work on /opt/airflow/dags/dag_back_in_avro.py
[2022-12-13T00:38:11.844+0000] {processor.py:743} INFO - Processing file /opt/airflow/dags/dag_back_in_avro.py for tasks to queue
[2022-12-13T00:38:11.851+0000] {logging_mixin.py:137} INFO - [2022-12-13T00:38:11.850+0000] {dagbag.py:538} INFO - Filling up the DagBag from /opt/airflow/dags/dag_back_in_avro.py
[2022-12-13T00:38:12.548+0000] {processor.py:753} INFO - DAG(s) dict_keys(['back_in_avro']) retrieved from /opt/airflow/dags/dag_back_in_avro.py
[2022-12-13T00:38:12.605+0000] {logging_mixin.py:137} INFO - [2022-12-13T00:38:12.604+0000] {dag.py:2676} INFO - Sync 1 DAGs
[2022-12-13T00:38:12.649+0000] {logging_mixin.py:137} INFO - [2022-12-13T00:38:12.649+0000] {dag.py:3427} INFO - Setting next_dagrun for back_in_avro to 2022-12-13T00:00:00+00:00, run_after=2022-12-13T01:00:00+00:00
[2022-12-13T00:38:12.699+0000] {processor.py:175} INFO - Processing /opt/airflow/dags/dag_back_in_avro.py took 0.869 seconds
[2022-12-13T00:38:42.883+0000] {processor.py:153} INFO - Started process (PID=40179) to work on /opt/airflow/dags/dag_back_in_avro.py
[2022-12-13T00:38:42.887+0000] {processor.py:743} INFO - Processing file /opt/airflow/dags/dag_back_in_avro.py for tasks to queue
[2022-12-13T00:38:42.889+0000] {logging_mixin.py:137} INFO - [2022-12-13T00:38:42.889+0000] {dagbag.py:538} INFO - Filling up the DagBag from /opt/airflow/dags/dag_back_in_avro.py
[2022-12-13T00:38:43.473+0000] {processor.py:753} INFO - DAG(s) dict_keys(['back_in_avro']) retrieved from /opt/airflow/dags/dag_back_in_avro.py
[2022-12-13T00:38:43.514+0000] {logging_mixin.py:137} INFO - [2022-12-13T00:38:43.513+0000] {dag.py:2676} INFO - Sync 1 DAGs
[2022-12-13T00:38:43.546+0000] {logging_mixin.py:137} INFO - [2022-12-13T00:38:43.546+0000] {dag.py:3427} INFO - Setting next_dagrun for back_in_avro to 2022-12-13T00:00:00+00:00, run_after=2022-12-13T01:00:00+00:00
[2022-12-13T00:38:43.577+0000] {processor.py:175} INFO - Processing /opt/airflow/dags/dag_back_in_avro.py took 0.700 seconds
[2022-12-13T00:39:13.784+0000] {processor.py:153} INFO - Started process (PID=40221) to work on /opt/airflow/dags/dag_back_in_avro.py
[2022-12-13T00:39:13.786+0000] {processor.py:743} INFO - Processing file /opt/airflow/dags/dag_back_in_avro.py for tasks to queue
[2022-12-13T00:39:13.788+0000] {logging_mixin.py:137} INFO - [2022-12-13T00:39:13.787+0000] {dagbag.py:538} INFO - Filling up the DagBag from /opt/airflow/dags/dag_back_in_avro.py
[2022-12-13T00:39:14.318+0000] {processor.py:753} INFO - DAG(s) dict_keys(['back_in_avro']) retrieved from /opt/airflow/dags/dag_back_in_avro.py
[2022-12-13T00:39:14.362+0000] {logging_mixin.py:137} INFO - [2022-12-13T00:39:14.361+0000] {dag.py:2676} INFO - Sync 1 DAGs
[2022-12-13T00:39:14.397+0000] {logging_mixin.py:137} INFO - [2022-12-13T00:39:14.397+0000] {dag.py:3427} INFO - Setting next_dagrun for back_in_avro to 2022-12-13T00:00:00+00:00, run_after=2022-12-13T01:00:00+00:00
[2022-12-13T00:39:14.423+0000] {processor.py:175} INFO - Processing /opt/airflow/dags/dag_back_in_avro.py took 0.644 seconds
[2022-12-13T00:39:44.633+0000] {processor.py:153} INFO - Started process (PID=40260) to work on /opt/airflow/dags/dag_back_in_avro.py
[2022-12-13T00:39:44.635+0000] {processor.py:743} INFO - Processing file /opt/airflow/dags/dag_back_in_avro.py for tasks to queue
[2022-12-13T00:39:44.637+0000] {logging_mixin.py:137} INFO - [2022-12-13T00:39:44.637+0000] {dagbag.py:538} INFO - Filling up the DagBag from /opt/airflow/dags/dag_back_in_avro.py
[2022-12-13T00:39:45.125+0000] {processor.py:753} INFO - DAG(s) dict_keys(['back_in_avro']) retrieved from /opt/airflow/dags/dag_back_in_avro.py
[2022-12-13T00:39:45.166+0000] {logging_mixin.py:137} INFO - [2022-12-13T00:39:45.165+0000] {dag.py:2676} INFO - Sync 1 DAGs
[2022-12-13T00:39:45.197+0000] {logging_mixin.py:137} INFO - [2022-12-13T00:39:45.197+0000] {dag.py:3427} INFO - Setting next_dagrun for back_in_avro to 2022-12-13T00:00:00+00:00, run_after=2022-12-13T01:00:00+00:00
[2022-12-13T00:39:45.221+0000] {processor.py:175} INFO - Processing /opt/airflow/dags/dag_back_in_avro.py took 0.595 seconds
[2022-12-13T00:40:15.493+0000] {processor.py:153} INFO - Started process (PID=40294) to work on /opt/airflow/dags/dag_back_in_avro.py
[2022-12-13T00:40:15.497+0000] {processor.py:743} INFO - Processing file /opt/airflow/dags/dag_back_in_avro.py for tasks to queue
[2022-12-13T00:40:15.499+0000] {logging_mixin.py:137} INFO - [2022-12-13T00:40:15.499+0000] {dagbag.py:538} INFO - Filling up the DagBag from /opt/airflow/dags/dag_back_in_avro.py
[2022-12-13T00:40:15.969+0000] {processor.py:753} INFO - DAG(s) dict_keys(['back_in_avro']) retrieved from /opt/airflow/dags/dag_back_in_avro.py
[2022-12-13T00:40:16.009+0000] {logging_mixin.py:137} INFO - [2022-12-13T00:40:16.008+0000] {dag.py:2676} INFO - Sync 1 DAGs
[2022-12-13T00:40:16.039+0000] {logging_mixin.py:137} INFO - [2022-12-13T00:40:16.039+0000] {dag.py:3427} INFO - Setting next_dagrun for back_in_avro to 2022-12-13T00:00:00+00:00, run_after=2022-12-13T01:00:00+00:00
[2022-12-13T00:40:16.064+0000] {processor.py:175} INFO - Processing /opt/airflow/dags/dag_back_in_avro.py took 0.584 seconds
[2022-12-13T00:40:46.241+0000] {processor.py:153} INFO - Started process (PID=40342) to work on /opt/airflow/dags/dag_back_in_avro.py
[2022-12-13T00:40:46.244+0000] {processor.py:743} INFO - Processing file /opt/airflow/dags/dag_back_in_avro.py for tasks to queue
[2022-12-13T00:40:46.246+0000] {logging_mixin.py:137} INFO - [2022-12-13T00:40:46.246+0000] {dagbag.py:538} INFO - Filling up the DagBag from /opt/airflow/dags/dag_back_in_avro.py
[2022-12-13T00:40:46.755+0000] {processor.py:753} INFO - DAG(s) dict_keys(['back_in_avro']) retrieved from /opt/airflow/dags/dag_back_in_avro.py
[2022-12-13T00:40:46.795+0000] {logging_mixin.py:137} INFO - [2022-12-13T00:40:46.794+0000] {dag.py:2676} INFO - Sync 1 DAGs
[2022-12-13T00:40:46.826+0000] {logging_mixin.py:137} INFO - [2022-12-13T00:40:46.826+0000] {dag.py:3427} INFO - Setting next_dagrun for back_in_avro to 2022-12-13T00:00:00+00:00, run_after=2022-12-13T01:00:00+00:00
[2022-12-13T00:40:46.853+0000] {processor.py:175} INFO - Processing /opt/airflow/dags/dag_back_in_avro.py took 0.617 seconds
[2022-12-13T00:41:17.102+0000] {processor.py:153} INFO - Started process (PID=40377) to work on /opt/airflow/dags/dag_back_in_avro.py
[2022-12-13T00:41:17.104+0000] {processor.py:743} INFO - Processing file /opt/airflow/dags/dag_back_in_avro.py for tasks to queue
[2022-12-13T00:41:17.106+0000] {logging_mixin.py:137} INFO - [2022-12-13T00:41:17.106+0000] {dagbag.py:538} INFO - Filling up the DagBag from /opt/airflow/dags/dag_back_in_avro.py
[2022-12-13T00:41:17.574+0000] {processor.py:753} INFO - DAG(s) dict_keys(['back_in_avro']) retrieved from /opt/airflow/dags/dag_back_in_avro.py
[2022-12-13T00:41:17.610+0000] {logging_mixin.py:137} INFO - [2022-12-13T00:41:17.609+0000] {dag.py:2676} INFO - Sync 1 DAGs
[2022-12-13T00:41:17.638+0000] {logging_mixin.py:137} INFO - [2022-12-13T00:41:17.637+0000] {dag.py:3427} INFO - Setting next_dagrun for back_in_avro to 2022-12-13T00:00:00+00:00, run_after=2022-12-13T01:00:00+00:00
[2022-12-13T00:41:17.660+0000] {processor.py:175} INFO - Processing /opt/airflow/dags/dag_back_in_avro.py took 0.563 seconds
[2022-12-13T00:41:47.863+0000] {processor.py:153} INFO - Started process (PID=40424) to work on /opt/airflow/dags/dag_back_in_avro.py
[2022-12-13T00:41:47.866+0000] {processor.py:743} INFO - Processing file /opt/airflow/dags/dag_back_in_avro.py for tasks to queue
[2022-12-13T00:41:47.867+0000] {logging_mixin.py:137} INFO - [2022-12-13T00:41:47.867+0000] {dagbag.py:538} INFO - Filling up the DagBag from /opt/airflow/dags/dag_back_in_avro.py
[2022-12-13T00:41:48.336+0000] {processor.py:753} INFO - DAG(s) dict_keys(['back_in_avro']) retrieved from /opt/airflow/dags/dag_back_in_avro.py
[2022-12-13T00:41:48.378+0000] {logging_mixin.py:137} INFO - [2022-12-13T00:41:48.377+0000] {dag.py:2676} INFO - Sync 1 DAGs
[2022-12-13T00:41:48.408+0000] {logging_mixin.py:137} INFO - [2022-12-13T00:41:48.408+0000] {dag.py:3427} INFO - Setting next_dagrun for back_in_avro to 2022-12-13T00:00:00+00:00, run_after=2022-12-13T01:00:00+00:00
[2022-12-13T00:41:48.433+0000] {processor.py:175} INFO - Processing /opt/airflow/dags/dag_back_in_avro.py took 0.574 seconds
[2022-12-13T00:42:18.605+0000] {processor.py:153} INFO - Started process (PID=40458) to work on /opt/airflow/dags/dag_back_in_avro.py
[2022-12-13T00:42:18.607+0000] {processor.py:743} INFO - Processing file /opt/airflow/dags/dag_back_in_avro.py for tasks to queue
[2022-12-13T00:42:18.609+0000] {logging_mixin.py:137} INFO - [2022-12-13T00:42:18.609+0000] {dagbag.py:538} INFO - Filling up the DagBag from /opt/airflow/dags/dag_back_in_avro.py
[2022-12-13T00:42:19.152+0000] {processor.py:753} INFO - DAG(s) dict_keys(['back_in_avro']) retrieved from /opt/airflow/dags/dag_back_in_avro.py
[2022-12-13T00:42:19.198+0000] {logging_mixin.py:137} INFO - [2022-12-13T00:42:19.197+0000] {dag.py:2676} INFO - Sync 1 DAGs
[2022-12-13T00:42:19.234+0000] {logging_mixin.py:137} INFO - [2022-12-13T00:42:19.233+0000] {dag.py:3427} INFO - Setting next_dagrun for back_in_avro to 2022-12-13T00:00:00+00:00, run_after=2022-12-13T01:00:00+00:00
[2022-12-13T00:42:19.312+0000] {processor.py:175} INFO - Processing /opt/airflow/dags/dag_back_in_avro.py took 0.713 seconds
[2022-12-13T00:42:49.473+0000] {processor.py:153} INFO - Started process (PID=40492) to work on /opt/airflow/dags/dag_back_in_avro.py
[2022-12-13T00:42:49.475+0000] {processor.py:743} INFO - Processing file /opt/airflow/dags/dag_back_in_avro.py for tasks to queue
[2022-12-13T00:42:49.477+0000] {logging_mixin.py:137} INFO - [2022-12-13T00:42:49.477+0000] {dagbag.py:538} INFO - Filling up the DagBag from /opt/airflow/dags/dag_back_in_avro.py
[2022-12-13T00:42:49.999+0000] {processor.py:753} INFO - DAG(s) dict_keys(['back_in_avro']) retrieved from /opt/airflow/dags/dag_back_in_avro.py
[2022-12-13T00:42:50.046+0000] {logging_mixin.py:137} INFO - [2022-12-13T00:42:50.045+0000] {dag.py:2676} INFO - Sync 1 DAGs
[2022-12-13T00:42:50.078+0000] {logging_mixin.py:137} INFO - [2022-12-13T00:42:50.078+0000] {dag.py:3427} INFO - Setting next_dagrun for back_in_avro to 2022-12-13T00:00:00+00:00, run_after=2022-12-13T01:00:00+00:00
[2022-12-13T00:42:50.101+0000] {processor.py:175} INFO - Processing /opt/airflow/dags/dag_back_in_avro.py took 0.635 seconds
[2022-12-13T00:43:20.298+0000] {processor.py:153} INFO - Started process (PID=40540) to work on /opt/airflow/dags/dag_back_in_avro.py
[2022-12-13T00:43:20.301+0000] {processor.py:743} INFO - Processing file /opt/airflow/dags/dag_back_in_avro.py for tasks to queue
[2022-12-13T00:43:20.303+0000] {logging_mixin.py:137} INFO - [2022-12-13T00:43:20.303+0000] {dagbag.py:538} INFO - Filling up the DagBag from /opt/airflow/dags/dag_back_in_avro.py
[2022-12-13T00:43:20.846+0000] {processor.py:753} INFO - DAG(s) dict_keys(['back_in_avro']) retrieved from /opt/airflow/dags/dag_back_in_avro.py
[2022-12-13T00:43:20.889+0000] {logging_mixin.py:137} INFO - [2022-12-13T00:43:20.888+0000] {dag.py:2676} INFO - Sync 1 DAGs
[2022-12-13T00:43:20.923+0000] {logging_mixin.py:137} INFO - [2022-12-13T00:43:20.923+0000] {dag.py:3427} INFO - Setting next_dagrun for back_in_avro to 2022-12-13T00:00:00+00:00, run_after=2022-12-13T01:00:00+00:00
[2022-12-13T00:43:20.984+0000] {processor.py:175} INFO - Processing /opt/airflow/dags/dag_back_in_avro.py took 0.692 seconds
[2022-12-13T00:43:51.162+0000] {processor.py:153} INFO - Started process (PID=40573) to work on /opt/airflow/dags/dag_back_in_avro.py
[2022-12-13T00:43:51.164+0000] {processor.py:743} INFO - Processing file /opt/airflow/dags/dag_back_in_avro.py for tasks to queue
[2022-12-13T00:43:51.166+0000] {logging_mixin.py:137} INFO - [2022-12-13T00:43:51.166+0000] {dagbag.py:538} INFO - Filling up the DagBag from /opt/airflow/dags/dag_back_in_avro.py
[2022-12-13T00:43:51.676+0000] {processor.py:753} INFO - DAG(s) dict_keys(['back_in_avro']) retrieved from /opt/airflow/dags/dag_back_in_avro.py
[2022-12-13T00:43:51.718+0000] {logging_mixin.py:137} INFO - [2022-12-13T00:43:51.718+0000] {dag.py:2676} INFO - Sync 1 DAGs
[2022-12-13T00:43:51.749+0000] {logging_mixin.py:137} INFO - [2022-12-13T00:43:51.749+0000] {dag.py:3427} INFO - Setting next_dagrun for back_in_avro to 2022-12-13T00:00:00+00:00, run_after=2022-12-13T01:00:00+00:00
[2022-12-13T00:43:51.777+0000] {processor.py:175} INFO - Processing /opt/airflow/dags/dag_back_in_avro.py took 0.621 seconds
[2022-12-13T00:44:21.971+0000] {processor.py:153} INFO - Started process (PID=40621) to work on /opt/airflow/dags/dag_back_in_avro.py
[2022-12-13T00:44:21.973+0000] {processor.py:743} INFO - Processing file /opt/airflow/dags/dag_back_in_avro.py for tasks to queue
[2022-12-13T00:44:21.974+0000] {logging_mixin.py:137} INFO - [2022-12-13T00:44:21.974+0000] {dagbag.py:538} INFO - Filling up the DagBag from /opt/airflow/dags/dag_back_in_avro.py
[2022-12-13T00:44:22.470+0000] {processor.py:753} INFO - DAG(s) dict_keys(['back_in_avro']) retrieved from /opt/airflow/dags/dag_back_in_avro.py
[2022-12-13T00:44:22.509+0000] {logging_mixin.py:137} INFO - [2022-12-13T00:44:22.508+0000] {dag.py:2676} INFO - Sync 1 DAGs
[2022-12-13T00:44:22.541+0000] {logging_mixin.py:137} INFO - [2022-12-13T00:44:22.541+0000] {dag.py:3427} INFO - Setting next_dagrun for back_in_avro to 2022-12-13T00:00:00+00:00, run_after=2022-12-13T01:00:00+00:00
[2022-12-13T00:44:22.568+0000] {processor.py:175} INFO - Processing /opt/airflow/dags/dag_back_in_avro.py took 0.602 seconds
[2022-12-13T00:44:52.828+0000] {processor.py:153} INFO - Started process (PID=40655) to work on /opt/airflow/dags/dag_back_in_avro.py
[2022-12-13T00:44:52.830+0000] {processor.py:743} INFO - Processing file /opt/airflow/dags/dag_back_in_avro.py for tasks to queue
[2022-12-13T00:44:52.833+0000] {logging_mixin.py:137} INFO - [2022-12-13T00:44:52.833+0000] {dagbag.py:538} INFO - Filling up the DagBag from /opt/airflow/dags/dag_back_in_avro.py
[2022-12-13T00:44:53.302+0000] {processor.py:753} INFO - DAG(s) dict_keys(['back_in_avro']) retrieved from /opt/airflow/dags/dag_back_in_avro.py
[2022-12-13T00:44:53.349+0000] {logging_mixin.py:137} INFO - [2022-12-13T00:44:53.348+0000] {dag.py:2676} INFO - Sync 1 DAGs
[2022-12-13T00:44:53.378+0000] {logging_mixin.py:137} INFO - [2022-12-13T00:44:53.378+0000] {dag.py:3427} INFO - Setting next_dagrun for back_in_avro to 2022-12-13T00:00:00+00:00, run_after=2022-12-13T01:00:00+00:00
[2022-12-13T00:44:53.402+0000] {processor.py:175} INFO - Processing /opt/airflow/dags/dag_back_in_avro.py took 0.578 seconds
[2022-12-13T00:45:23.590+0000] {processor.py:153} INFO - Started process (PID=40704) to work on /opt/airflow/dags/dag_back_in_avro.py
[2022-12-13T00:45:23.593+0000] {processor.py:743} INFO - Processing file /opt/airflow/dags/dag_back_in_avro.py for tasks to queue
[2022-12-13T00:45:23.595+0000] {logging_mixin.py:137} INFO - [2022-12-13T00:45:23.595+0000] {dagbag.py:538} INFO - Filling up the DagBag from /opt/airflow/dags/dag_back_in_avro.py
[2022-12-13T00:45:24.060+0000] {processor.py:753} INFO - DAG(s) dict_keys(['back_in_avro']) retrieved from /opt/airflow/dags/dag_back_in_avro.py
[2022-12-13T00:45:24.098+0000] {logging_mixin.py:137} INFO - [2022-12-13T00:45:24.097+0000] {dag.py:2676} INFO - Sync 1 DAGs
[2022-12-13T00:45:24.125+0000] {logging_mixin.py:137} INFO - [2022-12-13T00:45:24.125+0000] {dag.py:3427} INFO - Setting next_dagrun for back_in_avro to 2022-12-13T00:00:00+00:00, run_after=2022-12-13T01:00:00+00:00
[2022-12-13T00:45:24.144+0000] {processor.py:175} INFO - Processing /opt/airflow/dags/dag_back_in_avro.py took 0.559 seconds
[2022-12-13T00:45:54.392+0000] {processor.py:153} INFO - Started process (PID=40739) to work on /opt/airflow/dags/dag_back_in_avro.py
[2022-12-13T00:45:54.395+0000] {processor.py:743} INFO - Processing file /opt/airflow/dags/dag_back_in_avro.py for tasks to queue
[2022-12-13T00:45:54.397+0000] {logging_mixin.py:137} INFO - [2022-12-13T00:45:54.397+0000] {dagbag.py:538} INFO - Filling up the DagBag from /opt/airflow/dags/dag_back_in_avro.py
[2022-12-13T00:45:54.983+0000] {processor.py:753} INFO - DAG(s) dict_keys(['back_in_avro']) retrieved from /opt/airflow/dags/dag_back_in_avro.py
[2022-12-13T00:45:55.039+0000] {logging_mixin.py:137} INFO - [2022-12-13T00:45:55.039+0000] {dag.py:2676} INFO - Sync 1 DAGs
[2022-12-13T00:45:55.077+0000] {logging_mixin.py:137} INFO - [2022-12-13T00:45:55.077+0000] {dag.py:3427} INFO - Setting next_dagrun for back_in_avro to 2022-12-13T00:00:00+00:00, run_after=2022-12-13T01:00:00+00:00
[2022-12-13T00:45:55.103+0000] {processor.py:175} INFO - Processing /opt/airflow/dags/dag_back_in_avro.py took 0.717 seconds
[2022-12-13T00:46:25.301+0000] {processor.py:153} INFO - Started process (PID=40787) to work on /opt/airflow/dags/dag_back_in_avro.py
[2022-12-13T00:46:25.303+0000] {processor.py:743} INFO - Processing file /opt/airflow/dags/dag_back_in_avro.py for tasks to queue
[2022-12-13T00:46:25.305+0000] {logging_mixin.py:137} INFO - [2022-12-13T00:46:25.305+0000] {dagbag.py:538} INFO - Filling up the DagBag from /opt/airflow/dags/dag_back_in_avro.py
[2022-12-13T00:46:25.796+0000] {processor.py:753} INFO - DAG(s) dict_keys(['back_in_avro']) retrieved from /opt/airflow/dags/dag_back_in_avro.py
[2022-12-13T00:46:25.832+0000] {logging_mixin.py:137} INFO - [2022-12-13T00:46:25.831+0000] {dag.py:2676} INFO - Sync 1 DAGs
[2022-12-13T00:46:25.863+0000] {logging_mixin.py:137} INFO - [2022-12-13T00:46:25.863+0000] {dag.py:3427} INFO - Setting next_dagrun for back_in_avro to 2022-12-13T00:00:00+00:00, run_after=2022-12-13T01:00:00+00:00
[2022-12-13T00:46:25.887+0000] {processor.py:175} INFO - Processing /opt/airflow/dags/dag_back_in_avro.py took 0.591 seconds
[2022-12-13T00:46:56.174+0000] {processor.py:153} INFO - Started process (PID=40821) to work on /opt/airflow/dags/dag_back_in_avro.py
[2022-12-13T00:46:56.181+0000] {processor.py:743} INFO - Processing file /opt/airflow/dags/dag_back_in_avro.py for tasks to queue
[2022-12-13T00:46:56.188+0000] {logging_mixin.py:137} INFO - [2022-12-13T00:46:56.187+0000] {dagbag.py:538} INFO - Filling up the DagBag from /opt/airflow/dags/dag_back_in_avro.py
[2022-12-13T00:46:57.349+0000] {processor.py:753} INFO - DAG(s) dict_keys(['back_in_avro']) retrieved from /opt/airflow/dags/dag_back_in_avro.py
[2022-12-13T00:46:57.408+0000] {logging_mixin.py:137} INFO - [2022-12-13T00:46:57.407+0000] {dag.py:2676} INFO - Sync 1 DAGs
[2022-12-13T00:46:57.453+0000] {logging_mixin.py:137} INFO - [2022-12-13T00:46:57.453+0000] {dag.py:3427} INFO - Setting next_dagrun for back_in_avro to 2022-12-13T00:00:00+00:00, run_after=2022-12-13T01:00:00+00:00
[2022-12-13T00:46:57.492+0000] {processor.py:175} INFO - Processing /opt/airflow/dags/dag_back_in_avro.py took 1.339 seconds
[2022-12-13T00:47:27.763+0000] {processor.py:153} INFO - Started process (PID=40854) to work on /opt/airflow/dags/dag_back_in_avro.py
[2022-12-13T00:47:27.765+0000] {processor.py:743} INFO - Processing file /opt/airflow/dags/dag_back_in_avro.py for tasks to queue
[2022-12-13T00:47:27.767+0000] {logging_mixin.py:137} INFO - [2022-12-13T00:47:27.767+0000] {dagbag.py:538} INFO - Filling up the DagBag from /opt/airflow/dags/dag_back_in_avro.py
[2022-12-13T00:47:28.329+0000] {processor.py:753} INFO - DAG(s) dict_keys(['back_in_avro']) retrieved from /opt/airflow/dags/dag_back_in_avro.py
[2022-12-13T00:47:28.404+0000] {logging_mixin.py:137} INFO - [2022-12-13T00:47:28.403+0000] {dag.py:2676} INFO - Sync 1 DAGs
[2022-12-13T00:47:28.454+0000] {logging_mixin.py:137} INFO - [2022-12-13T00:47:28.454+0000] {dag.py:3427} INFO - Setting next_dagrun for back_in_avro to 2022-12-13T00:00:00+00:00, run_after=2022-12-13T01:00:00+00:00
[2022-12-13T00:47:28.501+0000] {processor.py:175} INFO - Processing /opt/airflow/dags/dag_back_in_avro.py took 0.742 seconds
[2022-12-13T00:58:18.573+0000] {processor.py:153} INFO - Started process (PID=40874) to work on /opt/airflow/dags/dag_back_in_avro.py
[2022-12-13T00:58:18.582+0000] {processor.py:743} INFO - Processing file /opt/airflow/dags/dag_back_in_avro.py for tasks to queue
[2022-12-13T00:58:18.598+0000] {logging_mixin.py:137} INFO - [2022-12-13T00:58:18.597+0000] {dagbag.py:538} INFO - Filling up the DagBag from /opt/airflow/dags/dag_back_in_avro.py
[2022-12-13T00:58:23.981+0000] {processor.py:753} INFO - DAG(s) dict_keys(['back_in_avro']) retrieved from /opt/airflow/dags/dag_back_in_avro.py
[2022-12-13T00:58:24.244+0000] {logging_mixin.py:137} INFO - [2022-12-13T00:58:24.243+0000] {dag.py:2676} INFO - Sync 1 DAGs
[2022-12-13T00:58:24.378+0000] {logging_mixin.py:137} INFO - [2022-12-13T00:58:24.378+0000] {dag.py:3427} INFO - Setting next_dagrun for back_in_avro to 2022-12-13T00:00:00+00:00, run_after=2022-12-13T01:00:00+00:00
[2022-12-13T00:58:24.479+0000] {processor.py:175} INFO - Processing /opt/airflow/dags/dag_back_in_avro.py took 5.918 seconds
[2022-12-13T00:58:54.978+0000] {processor.py:153} INFO - Started process (PID=40910) to work on /opt/airflow/dags/dag_back_in_avro.py
[2022-12-13T00:58:54.984+0000] {processor.py:743} INFO - Processing file /opt/airflow/dags/dag_back_in_avro.py for tasks to queue
[2022-12-13T00:58:54.989+0000] {logging_mixin.py:137} INFO - [2022-12-13T00:58:54.988+0000] {dagbag.py:538} INFO - Filling up the DagBag from /opt/airflow/dags/dag_back_in_avro.py
[2022-12-13T00:58:55.817+0000] {processor.py:753} INFO - DAG(s) dict_keys(['back_in_avro']) retrieved from /opt/airflow/dags/dag_back_in_avro.py
[2022-12-13T00:58:55.879+0000] {logging_mixin.py:137} INFO - [2022-12-13T00:58:55.878+0000] {dag.py:2676} INFO - Sync 1 DAGs
[2022-12-13T00:58:55.915+0000] {logging_mixin.py:137} INFO - [2022-12-13T00:58:55.915+0000] {dag.py:3427} INFO - Setting next_dagrun for back_in_avro to 2022-12-13T00:00:00+00:00, run_after=2022-12-13T01:00:00+00:00
[2022-12-13T00:58:55.952+0000] {processor.py:175} INFO - Processing /opt/airflow/dags/dag_back_in_avro.py took 0.987 seconds
[2022-12-13T00:59:26.167+0000] {processor.py:153} INFO - Started process (PID=40945) to work on /opt/airflow/dags/dag_back_in_avro.py
[2022-12-13T00:59:26.169+0000] {processor.py:743} INFO - Processing file /opt/airflow/dags/dag_back_in_avro.py for tasks to queue
[2022-12-13T00:59:26.172+0000] {logging_mixin.py:137} INFO - [2022-12-13T00:59:26.172+0000] {dagbag.py:538} INFO - Filling up the DagBag from /opt/airflow/dags/dag_back_in_avro.py
[2022-12-13T00:59:26.647+0000] {processor.py:753} INFO - DAG(s) dict_keys(['back_in_avro']) retrieved from /opt/airflow/dags/dag_back_in_avro.py
[2022-12-13T00:59:26.686+0000] {logging_mixin.py:137} INFO - [2022-12-13T00:59:26.685+0000] {dag.py:2676} INFO - Sync 1 DAGs
[2022-12-13T00:59:26.718+0000] {logging_mixin.py:137} INFO - [2022-12-13T00:59:26.717+0000] {dag.py:3427} INFO - Setting next_dagrun for back_in_avro to 2022-12-13T00:00:00+00:00, run_after=2022-12-13T01:00:00+00:00
[2022-12-13T00:59:26.745+0000] {processor.py:175} INFO - Processing /opt/airflow/dags/dag_back_in_avro.py took 0.582 seconds
