[2022-12-13T00:00:23.072+0000] {processor.py:153} INFO - Started process (PID=38930) to work on /opt/airflow/dags/dag_csv_to_db.py
[2022-12-13T00:00:23.076+0000] {processor.py:743} INFO - Processing file /opt/airflow/dags/dag_csv_to_db.py for tasks to queue
[2022-12-13T00:00:23.080+0000] {logging_mixin.py:137} INFO - [2022-12-13T00:00:23.080+0000] {dagbag.py:538} INFO - Filling up the DagBag from /opt/airflow/dags/dag_csv_to_db.py
[2022-12-13T00:00:23.936+0000] {processor.py:753} INFO - DAG(s) dict_keys(['CSV_2_DB']) retrieved from /opt/airflow/dags/dag_csv_to_db.py
[2022-12-13T00:00:23.997+0000] {logging_mixin.py:137} INFO - [2022-12-13T00:00:23.996+0000] {dag.py:2676} INFO - Sync 1 DAGs
[2022-12-13T00:00:24.050+0000] {logging_mixin.py:137} INFO - [2022-12-13T00:00:24.049+0000] {dag.py:3427} INFO - Setting next_dagrun for CSV_2_DB to 2022-12-13T00:00:00+00:00, run_after=2022-12-13T01:00:00+00:00
[2022-12-13T00:00:24.095+0000] {processor.py:175} INFO - Processing /opt/airflow/dags/dag_csv_to_db.py took 1.034 seconds
[2022-12-13T00:00:54.348+0000] {processor.py:153} INFO - Started process (PID=38978) to work on /opt/airflow/dags/dag_csv_to_db.py
[2022-12-13T00:00:54.350+0000] {processor.py:743} INFO - Processing file /opt/airflow/dags/dag_csv_to_db.py for tasks to queue
[2022-12-13T00:00:54.351+0000] {logging_mixin.py:137} INFO - [2022-12-13T00:00:54.351+0000] {dagbag.py:538} INFO - Filling up the DagBag from /opt/airflow/dags/dag_csv_to_db.py
[2022-12-13T00:00:54.800+0000] {processor.py:753} INFO - DAG(s) dict_keys(['CSV_2_DB']) retrieved from /opt/airflow/dags/dag_csv_to_db.py
[2022-12-13T00:00:54.840+0000] {logging_mixin.py:137} INFO - [2022-12-13T00:00:54.840+0000] {dag.py:2676} INFO - Sync 1 DAGs
[2022-12-13T00:00:54.873+0000] {logging_mixin.py:137} INFO - [2022-12-13T00:00:54.872+0000] {dag.py:3427} INFO - Setting next_dagrun for CSV_2_DB to 2022-12-13T00:00:00+00:00, run_after=2022-12-13T01:00:00+00:00
[2022-12-13T00:00:54.901+0000] {processor.py:175} INFO - Processing /opt/airflow/dags/dag_csv_to_db.py took 0.558 seconds
[2022-12-13T00:01:25.123+0000] {processor.py:153} INFO - Started process (PID=39013) to work on /opt/airflow/dags/dag_csv_to_db.py
[2022-12-13T00:01:25.125+0000] {processor.py:743} INFO - Processing file /opt/airflow/dags/dag_csv_to_db.py for tasks to queue
[2022-12-13T00:01:25.127+0000] {logging_mixin.py:137} INFO - [2022-12-13T00:01:25.127+0000] {dagbag.py:538} INFO - Filling up the DagBag from /opt/airflow/dags/dag_csv_to_db.py
[2022-12-13T00:01:25.580+0000] {processor.py:753} INFO - DAG(s) dict_keys(['CSV_2_DB']) retrieved from /opt/airflow/dags/dag_csv_to_db.py
[2022-12-13T00:01:25.620+0000] {logging_mixin.py:137} INFO - [2022-12-13T00:01:25.620+0000] {dag.py:2676} INFO - Sync 1 DAGs
[2022-12-13T00:01:25.653+0000] {logging_mixin.py:137} INFO - [2022-12-13T00:01:25.653+0000] {dag.py:3427} INFO - Setting next_dagrun for CSV_2_DB to 2022-12-13T00:00:00+00:00, run_after=2022-12-13T01:00:00+00:00
[2022-12-13T00:01:25.689+0000] {processor.py:175} INFO - Processing /opt/airflow/dags/dag_csv_to_db.py took 0.571 seconds
[2022-12-13T00:01:55.936+0000] {processor.py:153} INFO - Started process (PID=39046) to work on /opt/airflow/dags/dag_csv_to_db.py
[2022-12-13T00:01:55.937+0000] {processor.py:743} INFO - Processing file /opt/airflow/dags/dag_csv_to_db.py for tasks to queue
[2022-12-13T00:01:55.940+0000] {logging_mixin.py:137} INFO - [2022-12-13T00:01:55.940+0000] {dagbag.py:538} INFO - Filling up the DagBag from /opt/airflow/dags/dag_csv_to_db.py
[2022-12-13T00:01:56.416+0000] {processor.py:753} INFO - DAG(s) dict_keys(['CSV_2_DB']) retrieved from /opt/airflow/dags/dag_csv_to_db.py
[2022-12-13T00:01:56.454+0000] {logging_mixin.py:137} INFO - [2022-12-13T00:01:56.453+0000] {dag.py:2676} INFO - Sync 1 DAGs
[2022-12-13T00:01:56.485+0000] {logging_mixin.py:137} INFO - [2022-12-13T00:01:56.485+0000] {dag.py:3427} INFO - Setting next_dagrun for CSV_2_DB to 2022-12-13T00:00:00+00:00, run_after=2022-12-13T01:00:00+00:00
[2022-12-13T00:01:56.505+0000] {processor.py:175} INFO - Processing /opt/airflow/dags/dag_csv_to_db.py took 0.575 seconds
[2022-12-13T00:02:26.702+0000] {processor.py:153} INFO - Started process (PID=39096) to work on /opt/airflow/dags/dag_csv_to_db.py
[2022-12-13T00:02:26.704+0000] {processor.py:743} INFO - Processing file /opt/airflow/dags/dag_csv_to_db.py for tasks to queue
[2022-12-13T00:02:26.705+0000] {logging_mixin.py:137} INFO - [2022-12-13T00:02:26.705+0000] {dagbag.py:538} INFO - Filling up the DagBag from /opt/airflow/dags/dag_csv_to_db.py
[2022-12-13T00:02:27.140+0000] {processor.py:753} INFO - DAG(s) dict_keys(['CSV_2_DB']) retrieved from /opt/airflow/dags/dag_csv_to_db.py
[2022-12-13T00:02:27.181+0000] {logging_mixin.py:137} INFO - [2022-12-13T00:02:27.181+0000] {dag.py:2676} INFO - Sync 1 DAGs
[2022-12-13T00:02:27.212+0000] {logging_mixin.py:137} INFO - [2022-12-13T00:02:27.212+0000] {dag.py:3427} INFO - Setting next_dagrun for CSV_2_DB to 2022-12-13T00:00:00+00:00, run_after=2022-12-13T01:00:00+00:00
[2022-12-13T00:02:27.237+0000] {processor.py:175} INFO - Processing /opt/airflow/dags/dag_csv_to_db.py took 0.539 seconds
[2022-12-13T00:02:57.471+0000] {processor.py:153} INFO - Started process (PID=39129) to work on /opt/airflow/dags/dag_csv_to_db.py
[2022-12-13T00:02:57.473+0000] {processor.py:743} INFO - Processing file /opt/airflow/dags/dag_csv_to_db.py for tasks to queue
[2022-12-13T00:02:57.476+0000] {logging_mixin.py:137} INFO - [2022-12-13T00:02:57.476+0000] {dagbag.py:538} INFO - Filling up the DagBag from /opt/airflow/dags/dag_csv_to_db.py
[2022-12-13T00:02:57.945+0000] {processor.py:753} INFO - DAG(s) dict_keys(['CSV_2_DB']) retrieved from /opt/airflow/dags/dag_csv_to_db.py
[2022-12-13T00:02:57.983+0000] {logging_mixin.py:137} INFO - [2022-12-13T00:02:57.983+0000] {dag.py:2676} INFO - Sync 1 DAGs
[2022-12-13T00:02:58.013+0000] {logging_mixin.py:137} INFO - [2022-12-13T00:02:58.012+0000] {dag.py:3427} INFO - Setting next_dagrun for CSV_2_DB to 2022-12-13T00:00:00+00:00, run_after=2022-12-13T01:00:00+00:00
[2022-12-13T00:02:58.035+0000] {processor.py:175} INFO - Processing /opt/airflow/dags/dag_csv_to_db.py took 0.570 seconds
[2022-12-13T00:03:28.269+0000] {processor.py:153} INFO - Started process (PID=39176) to work on /opt/airflow/dags/dag_csv_to_db.py
[2022-12-13T00:03:28.271+0000] {processor.py:743} INFO - Processing file /opt/airflow/dags/dag_csv_to_db.py for tasks to queue
[2022-12-13T00:03:28.273+0000] {logging_mixin.py:137} INFO - [2022-12-13T00:03:28.273+0000] {dagbag.py:538} INFO - Filling up the DagBag from /opt/airflow/dags/dag_csv_to_db.py
[2022-12-13T00:03:28.789+0000] {processor.py:753} INFO - DAG(s) dict_keys(['CSV_2_DB']) retrieved from /opt/airflow/dags/dag_csv_to_db.py
[2022-12-13T00:03:28.841+0000] {logging_mixin.py:137} INFO - [2022-12-13T00:03:28.840+0000] {dag.py:2676} INFO - Sync 1 DAGs
[2022-12-13T00:03:28.878+0000] {logging_mixin.py:137} INFO - [2022-12-13T00:03:28.878+0000] {dag.py:3427} INFO - Setting next_dagrun for CSV_2_DB to 2022-12-13T00:00:00+00:00, run_after=2022-12-13T01:00:00+00:00
[2022-12-13T00:03:28.911+0000] {processor.py:175} INFO - Processing /opt/airflow/dags/dag_csv_to_db.py took 0.645 seconds
[2022-12-13T00:03:59.131+0000] {processor.py:153} INFO - Started process (PID=39210) to work on /opt/airflow/dags/dag_csv_to_db.py
[2022-12-13T00:03:59.134+0000] {processor.py:743} INFO - Processing file /opt/airflow/dags/dag_csv_to_db.py for tasks to queue
[2022-12-13T00:03:59.136+0000] {logging_mixin.py:137} INFO - [2022-12-13T00:03:59.135+0000] {dagbag.py:538} INFO - Filling up the DagBag from /opt/airflow/dags/dag_csv_to_db.py
[2022-12-13T00:03:59.692+0000] {processor.py:753} INFO - DAG(s) dict_keys(['CSV_2_DB']) retrieved from /opt/airflow/dags/dag_csv_to_db.py
[2022-12-13T00:03:59.733+0000] {logging_mixin.py:137} INFO - [2022-12-13T00:03:59.732+0000] {dag.py:2676} INFO - Sync 1 DAGs
[2022-12-13T00:03:59.764+0000] {logging_mixin.py:137} INFO - [2022-12-13T00:03:59.764+0000] {dag.py:3427} INFO - Setting next_dagrun for CSV_2_DB to 2022-12-13T00:00:00+00:00, run_after=2022-12-13T01:00:00+00:00
[2022-12-13T00:03:59.797+0000] {processor.py:175} INFO - Processing /opt/airflow/dags/dag_csv_to_db.py took 0.672 seconds
[2022-12-13T00:04:29.991+0000] {processor.py:153} INFO - Started process (PID=39260) to work on /opt/airflow/dags/dag_csv_to_db.py
[2022-12-13T00:04:29.994+0000] {processor.py:743} INFO - Processing file /opt/airflow/dags/dag_csv_to_db.py for tasks to queue
[2022-12-13T00:04:29.996+0000] {logging_mixin.py:137} INFO - [2022-12-13T00:04:29.996+0000] {dagbag.py:538} INFO - Filling up the DagBag from /opt/airflow/dags/dag_csv_to_db.py
[2022-12-13T00:04:30.532+0000] {processor.py:753} INFO - DAG(s) dict_keys(['CSV_2_DB']) retrieved from /opt/airflow/dags/dag_csv_to_db.py
[2022-12-13T00:04:30.577+0000] {logging_mixin.py:137} INFO - [2022-12-13T00:04:30.576+0000] {dag.py:2676} INFO - Sync 1 DAGs
[2022-12-13T00:04:30.611+0000] {logging_mixin.py:137} INFO - [2022-12-13T00:04:30.611+0000] {dag.py:3427} INFO - Setting next_dagrun for CSV_2_DB to 2022-12-13T00:00:00+00:00, run_after=2022-12-13T01:00:00+00:00
[2022-12-13T00:04:30.654+0000] {processor.py:175} INFO - Processing /opt/airflow/dags/dag_csv_to_db.py took 0.666 seconds
[2022-12-13T00:05:00.815+0000] {processor.py:153} INFO - Started process (PID=39293) to work on /opt/airflow/dags/dag_csv_to_db.py
[2022-12-13T00:05:00.818+0000] {processor.py:743} INFO - Processing file /opt/airflow/dags/dag_csv_to_db.py for tasks to queue
[2022-12-13T00:05:00.819+0000] {logging_mixin.py:137} INFO - [2022-12-13T00:05:00.819+0000] {dagbag.py:538} INFO - Filling up the DagBag from /opt/airflow/dags/dag_csv_to_db.py
[2022-12-13T00:05:01.266+0000] {processor.py:753} INFO - DAG(s) dict_keys(['CSV_2_DB']) retrieved from /opt/airflow/dags/dag_csv_to_db.py
[2022-12-13T00:05:01.303+0000] {logging_mixin.py:137} INFO - [2022-12-13T00:05:01.302+0000] {dag.py:2676} INFO - Sync 1 DAGs
[2022-12-13T00:05:01.333+0000] {logging_mixin.py:137} INFO - [2022-12-13T00:05:01.333+0000] {dag.py:3427} INFO - Setting next_dagrun for CSV_2_DB to 2022-12-13T00:00:00+00:00, run_after=2022-12-13T01:00:00+00:00
[2022-12-13T00:05:01.357+0000] {processor.py:175} INFO - Processing /opt/airflow/dags/dag_csv_to_db.py took 0.547 seconds
[2022-12-13T00:05:31.561+0000] {processor.py:153} INFO - Started process (PID=39343) to work on /opt/airflow/dags/dag_csv_to_db.py
[2022-12-13T00:05:31.563+0000] {processor.py:743} INFO - Processing file /opt/airflow/dags/dag_csv_to_db.py for tasks to queue
[2022-12-13T00:05:31.564+0000] {logging_mixin.py:137} INFO - [2022-12-13T00:05:31.564+0000] {dagbag.py:538} INFO - Filling up the DagBag from /opt/airflow/dags/dag_csv_to_db.py
[2022-12-13T00:05:32.012+0000] {processor.py:753} INFO - DAG(s) dict_keys(['CSV_2_DB']) retrieved from /opt/airflow/dags/dag_csv_to_db.py
[2022-12-13T00:05:32.061+0000] {logging_mixin.py:137} INFO - [2022-12-13T00:05:32.059+0000] {dag.py:2676} INFO - Sync 1 DAGs
[2022-12-13T00:05:32.095+0000] {logging_mixin.py:137} INFO - [2022-12-13T00:05:32.094+0000] {dag.py:3427} INFO - Setting next_dagrun for CSV_2_DB to 2022-12-13T00:00:00+00:00, run_after=2022-12-13T01:00:00+00:00
[2022-12-13T00:05:32.120+0000] {processor.py:175} INFO - Processing /opt/airflow/dags/dag_csv_to_db.py took 0.563 seconds
[2022-12-13T00:06:02.327+0000] {processor.py:153} INFO - Started process (PID=39378) to work on /opt/airflow/dags/dag_csv_to_db.py
[2022-12-13T00:06:02.330+0000] {processor.py:743} INFO - Processing file /opt/airflow/dags/dag_csv_to_db.py for tasks to queue
[2022-12-13T00:06:02.333+0000] {logging_mixin.py:137} INFO - [2022-12-13T00:06:02.333+0000] {dagbag.py:538} INFO - Filling up the DagBag from /opt/airflow/dags/dag_csv_to_db.py
[2022-12-13T00:06:02.831+0000] {processor.py:753} INFO - DAG(s) dict_keys(['CSV_2_DB']) retrieved from /opt/airflow/dags/dag_csv_to_db.py
[2022-12-13T00:06:02.876+0000] {logging_mixin.py:137} INFO - [2022-12-13T00:06:02.875+0000] {dag.py:2676} INFO - Sync 1 DAGs
[2022-12-13T00:06:02.919+0000] {logging_mixin.py:137} INFO - [2022-12-13T00:06:02.919+0000] {dag.py:3427} INFO - Setting next_dagrun for CSV_2_DB to 2022-12-13T00:00:00+00:00, run_after=2022-12-13T01:00:00+00:00
[2022-12-13T00:06:02.954+0000] {processor.py:175} INFO - Processing /opt/airflow/dags/dag_csv_to_db.py took 0.639 seconds
[2022-12-13T00:06:33.128+0000] {processor.py:153} INFO - Started process (PID=39426) to work on /opt/airflow/dags/dag_csv_to_db.py
[2022-12-13T00:06:33.131+0000] {processor.py:743} INFO - Processing file /opt/airflow/dags/dag_csv_to_db.py for tasks to queue
[2022-12-13T00:06:33.133+0000] {logging_mixin.py:137} INFO - [2022-12-13T00:06:33.133+0000] {dagbag.py:538} INFO - Filling up the DagBag from /opt/airflow/dags/dag_csv_to_db.py
[2022-12-13T00:06:33.682+0000] {processor.py:753} INFO - DAG(s) dict_keys(['CSV_2_DB']) retrieved from /opt/airflow/dags/dag_csv_to_db.py
[2022-12-13T00:06:33.725+0000] {logging_mixin.py:137} INFO - [2022-12-13T00:06:33.724+0000] {dag.py:2676} INFO - Sync 1 DAGs
[2022-12-13T00:06:33.760+0000] {logging_mixin.py:137} INFO - [2022-12-13T00:06:33.759+0000] {dag.py:3427} INFO - Setting next_dagrun for CSV_2_DB to 2022-12-13T00:00:00+00:00, run_after=2022-12-13T01:00:00+00:00
[2022-12-13T00:06:33.784+0000] {processor.py:175} INFO - Processing /opt/airflow/dags/dag_csv_to_db.py took 0.660 seconds
[2022-12-13T00:07:03.991+0000] {processor.py:153} INFO - Started process (PID=39459) to work on /opt/airflow/dags/dag_csv_to_db.py
[2022-12-13T00:07:03.993+0000] {processor.py:743} INFO - Processing file /opt/airflow/dags/dag_csv_to_db.py for tasks to queue
[2022-12-13T00:07:03.995+0000] {logging_mixin.py:137} INFO - [2022-12-13T00:07:03.995+0000] {dagbag.py:538} INFO - Filling up the DagBag from /opt/airflow/dags/dag_csv_to_db.py
[2022-12-13T00:07:04.491+0000] {processor.py:753} INFO - DAG(s) dict_keys(['CSV_2_DB']) retrieved from /opt/airflow/dags/dag_csv_to_db.py
[2022-12-13T00:07:04.528+0000] {logging_mixin.py:137} INFO - [2022-12-13T00:07:04.527+0000] {dag.py:2676} INFO - Sync 1 DAGs
[2022-12-13T00:07:04.557+0000] {logging_mixin.py:137} INFO - [2022-12-13T00:07:04.557+0000] {dag.py:3427} INFO - Setting next_dagrun for CSV_2_DB to 2022-12-13T00:00:00+00:00, run_after=2022-12-13T01:00:00+00:00
[2022-12-13T00:07:04.581+0000] {processor.py:175} INFO - Processing /opt/airflow/dags/dag_csv_to_db.py took 0.594 seconds
[2022-12-13T00:07:34.814+0000] {processor.py:153} INFO - Started process (PID=39507) to work on /opt/airflow/dags/dag_csv_to_db.py
[2022-12-13T00:07:34.816+0000] {processor.py:743} INFO - Processing file /opt/airflow/dags/dag_csv_to_db.py for tasks to queue
[2022-12-13T00:07:34.818+0000] {logging_mixin.py:137} INFO - [2022-12-13T00:07:34.818+0000] {dagbag.py:538} INFO - Filling up the DagBag from /opt/airflow/dags/dag_csv_to_db.py
[2022-12-13T00:07:35.323+0000] {processor.py:753} INFO - DAG(s) dict_keys(['CSV_2_DB']) retrieved from /opt/airflow/dags/dag_csv_to_db.py
[2022-12-13T00:07:35.370+0000] {logging_mixin.py:137} INFO - [2022-12-13T00:07:35.369+0000] {dag.py:2676} INFO - Sync 1 DAGs
[2022-12-13T00:07:35.408+0000] {logging_mixin.py:137} INFO - [2022-12-13T00:07:35.408+0000] {dag.py:3427} INFO - Setting next_dagrun for CSV_2_DB to 2022-12-13T00:00:00+00:00, run_after=2022-12-13T01:00:00+00:00
[2022-12-13T00:07:35.437+0000] {processor.py:175} INFO - Processing /opt/airflow/dags/dag_csv_to_db.py took 0.636 seconds
[2022-12-13T00:08:05.661+0000] {processor.py:153} INFO - Started process (PID=39541) to work on /opt/airflow/dags/dag_csv_to_db.py
[2022-12-13T00:08:05.663+0000] {processor.py:743} INFO - Processing file /opt/airflow/dags/dag_csv_to_db.py for tasks to queue
[2022-12-13T00:08:05.665+0000] {logging_mixin.py:137} INFO - [2022-12-13T00:08:05.665+0000] {dagbag.py:538} INFO - Filling up the DagBag from /opt/airflow/dags/dag_csv_to_db.py
[2022-12-13T00:08:06.154+0000] {processor.py:753} INFO - DAG(s) dict_keys(['CSV_2_DB']) retrieved from /opt/airflow/dags/dag_csv_to_db.py
[2022-12-13T00:08:06.200+0000] {logging_mixin.py:137} INFO - [2022-12-13T00:08:06.199+0000] {dag.py:2676} INFO - Sync 1 DAGs
[2022-12-13T00:08:06.233+0000] {logging_mixin.py:137} INFO - [2022-12-13T00:08:06.233+0000] {dag.py:3427} INFO - Setting next_dagrun for CSV_2_DB to 2022-12-13T00:00:00+00:00, run_after=2022-12-13T01:00:00+00:00
[2022-12-13T00:08:06.260+0000] {processor.py:175} INFO - Processing /opt/airflow/dags/dag_csv_to_db.py took 0.604 seconds
[2022-12-13T00:08:36.503+0000] {processor.py:153} INFO - Started process (PID=39575) to work on /opt/airflow/dags/dag_csv_to_db.py
[2022-12-13T00:08:36.505+0000] {processor.py:743} INFO - Processing file /opt/airflow/dags/dag_csv_to_db.py for tasks to queue
[2022-12-13T00:08:36.507+0000] {logging_mixin.py:137} INFO - [2022-12-13T00:08:36.507+0000] {dagbag.py:538} INFO - Filling up the DagBag from /opt/airflow/dags/dag_csv_to_db.py
[2022-12-13T00:08:37.025+0000] {processor.py:753} INFO - DAG(s) dict_keys(['CSV_2_DB']) retrieved from /opt/airflow/dags/dag_csv_to_db.py
[2022-12-13T00:08:37.073+0000] {logging_mixin.py:137} INFO - [2022-12-13T00:08:37.073+0000] {dag.py:2676} INFO - Sync 1 DAGs
[2022-12-13T00:08:37.115+0000] {logging_mixin.py:137} INFO - [2022-12-13T00:08:37.114+0000] {dag.py:3427} INFO - Setting next_dagrun for CSV_2_DB to 2022-12-13T00:00:00+00:00, run_after=2022-12-13T01:00:00+00:00
[2022-12-13T00:08:37.148+0000] {processor.py:175} INFO - Processing /opt/airflow/dags/dag_csv_to_db.py took 0.650 seconds
[2022-12-13T00:09:07.360+0000] {processor.py:153} INFO - Started process (PID=39623) to work on /opt/airflow/dags/dag_csv_to_db.py
[2022-12-13T00:09:07.362+0000] {processor.py:743} INFO - Processing file /opt/airflow/dags/dag_csv_to_db.py for tasks to queue
[2022-12-13T00:09:07.364+0000] {logging_mixin.py:137} INFO - [2022-12-13T00:09:07.364+0000] {dagbag.py:538} INFO - Filling up the DagBag from /opt/airflow/dags/dag_csv_to_db.py
[2022-12-13T00:09:07.854+0000] {processor.py:753} INFO - DAG(s) dict_keys(['CSV_2_DB']) retrieved from /opt/airflow/dags/dag_csv_to_db.py
[2022-12-13T00:09:07.900+0000] {logging_mixin.py:137} INFO - [2022-12-13T00:09:07.899+0000] {dag.py:2676} INFO - Sync 1 DAGs
[2022-12-13T00:09:07.931+0000] {logging_mixin.py:137} INFO - [2022-12-13T00:09:07.931+0000] {dag.py:3427} INFO - Setting next_dagrun for CSV_2_DB to 2022-12-13T00:00:00+00:00, run_after=2022-12-13T01:00:00+00:00
[2022-12-13T00:09:07.959+0000] {processor.py:175} INFO - Processing /opt/airflow/dags/dag_csv_to_db.py took 0.605 seconds
[2022-12-13T00:09:38.171+0000] {processor.py:153} INFO - Started process (PID=39656) to work on /opt/airflow/dags/dag_csv_to_db.py
[2022-12-13T00:09:38.196+0000] {processor.py:743} INFO - Processing file /opt/airflow/dags/dag_csv_to_db.py for tasks to queue
[2022-12-13T00:09:38.198+0000] {logging_mixin.py:137} INFO - [2022-12-13T00:09:38.198+0000] {dagbag.py:538} INFO - Filling up the DagBag from /opt/airflow/dags/dag_csv_to_db.py
[2022-12-13T00:09:38.689+0000] {processor.py:753} INFO - DAG(s) dict_keys(['CSV_2_DB']) retrieved from /opt/airflow/dags/dag_csv_to_db.py
[2022-12-13T00:09:38.728+0000] {logging_mixin.py:137} INFO - [2022-12-13T00:09:38.728+0000] {dag.py:2676} INFO - Sync 1 DAGs
[2022-12-13T00:09:38.759+0000] {logging_mixin.py:137} INFO - [2022-12-13T00:09:38.758+0000] {dag.py:3427} INFO - Setting next_dagrun for CSV_2_DB to 2022-12-13T00:00:00+00:00, run_after=2022-12-13T01:00:00+00:00
[2022-12-13T00:09:38.782+0000] {processor.py:175} INFO - Processing /opt/airflow/dags/dag_csv_to_db.py took 0.615 seconds
[2022-12-13T00:10:09.086+0000] {processor.py:153} INFO - Started process (PID=39704) to work on /opt/airflow/dags/dag_csv_to_db.py
[2022-12-13T00:10:09.089+0000] {processor.py:743} INFO - Processing file /opt/airflow/dags/dag_csv_to_db.py for tasks to queue
[2022-12-13T00:10:09.091+0000] {logging_mixin.py:137} INFO - [2022-12-13T00:10:09.091+0000] {dagbag.py:538} INFO - Filling up the DagBag from /opt/airflow/dags/dag_csv_to_db.py
[2022-12-13T00:10:09.671+0000] {processor.py:753} INFO - DAG(s) dict_keys(['CSV_2_DB']) retrieved from /opt/airflow/dags/dag_csv_to_db.py
[2022-12-13T00:10:09.716+0000] {logging_mixin.py:137} INFO - [2022-12-13T00:10:09.716+0000] {dag.py:2676} INFO - Sync 1 DAGs
[2022-12-13T00:10:09.749+0000] {logging_mixin.py:137} INFO - [2022-12-13T00:10:09.749+0000] {dag.py:3427} INFO - Setting next_dagrun for CSV_2_DB to 2022-12-13T00:00:00+00:00, run_after=2022-12-13T01:00:00+00:00
[2022-12-13T00:10:09.774+0000] {processor.py:175} INFO - Processing /opt/airflow/dags/dag_csv_to_db.py took 0.697 seconds
[2022-12-13T00:10:39.999+0000] {processor.py:153} INFO - Started process (PID=39737) to work on /opt/airflow/dags/dag_csv_to_db.py
[2022-12-13T00:10:40.002+0000] {processor.py:743} INFO - Processing file /opt/airflow/dags/dag_csv_to_db.py for tasks to queue
[2022-12-13T00:10:40.004+0000] {logging_mixin.py:137} INFO - [2022-12-13T00:10:40.003+0000] {dagbag.py:538} INFO - Filling up the DagBag from /opt/airflow/dags/dag_csv_to_db.py
[2022-12-13T00:10:40.467+0000] {processor.py:753} INFO - DAG(s) dict_keys(['CSV_2_DB']) retrieved from /opt/airflow/dags/dag_csv_to_db.py
[2022-12-13T00:10:40.503+0000] {logging_mixin.py:137} INFO - [2022-12-13T00:10:40.503+0000] {dag.py:2676} INFO - Sync 1 DAGs
[2022-12-13T00:10:40.534+0000] {logging_mixin.py:137} INFO - [2022-12-13T00:10:40.534+0000] {dag.py:3427} INFO - Setting next_dagrun for CSV_2_DB to 2022-12-13T00:00:00+00:00, run_after=2022-12-13T01:00:00+00:00
[2022-12-13T00:10:40.558+0000] {processor.py:175} INFO - Processing /opt/airflow/dags/dag_csv_to_db.py took 0.569 seconds
[2022-12-13T00:11:10.849+0000] {processor.py:153} INFO - Started process (PID=39783) to work on /opt/airflow/dags/dag_csv_to_db.py
[2022-12-13T00:11:10.852+0000] {processor.py:743} INFO - Processing file /opt/airflow/dags/dag_csv_to_db.py for tasks to queue
[2022-12-13T00:11:10.854+0000] {logging_mixin.py:137} INFO - [2022-12-13T00:11:10.854+0000] {dagbag.py:538} INFO - Filling up the DagBag from /opt/airflow/dags/dag_csv_to_db.py
[2022-12-13T00:11:11.370+0000] {processor.py:753} INFO - DAG(s) dict_keys(['CSV_2_DB']) retrieved from /opt/airflow/dags/dag_csv_to_db.py
[2022-12-13T00:11:11.409+0000] {logging_mixin.py:137} INFO - [2022-12-13T00:11:11.409+0000] {dag.py:2676} INFO - Sync 1 DAGs
[2022-12-13T00:11:11.442+0000] {logging_mixin.py:137} INFO - [2022-12-13T00:11:11.441+0000] {dag.py:3427} INFO - Setting next_dagrun for CSV_2_DB to 2022-12-13T00:00:00+00:00, run_after=2022-12-13T01:00:00+00:00
[2022-12-13T00:11:11.465+0000] {processor.py:175} INFO - Processing /opt/airflow/dags/dag_csv_to_db.py took 0.620 seconds
[2022-12-13T00:34:03.073+0000] {processor.py:153} INFO - Started process (PID=39817) to work on /opt/airflow/dags/dag_csv_to_db.py
[2022-12-13T00:34:03.180+0000] {processor.py:743} INFO - Processing file /opt/airflow/dags/dag_csv_to_db.py for tasks to queue
[2022-12-13T00:34:03.222+0000] {logging_mixin.py:137} INFO - [2022-12-13T00:34:03.221+0000] {dagbag.py:538} INFO - Filling up the DagBag from /opt/airflow/dags/dag_csv_to_db.py
[2022-12-13T00:34:04.048+0000] {processor.py:153} INFO - Started process (PID=39821) to work on /opt/airflow/dags/dag_csv_to_db.py
[2022-12-13T00:34:04.052+0000] {processor.py:743} INFO - Processing file /opt/airflow/dags/dag_csv_to_db.py for tasks to queue
[2022-12-13T00:34:04.056+0000] {logging_mixin.py:137} INFO - [2022-12-13T00:34:04.055+0000] {dagbag.py:538} INFO - Filling up the DagBag from /opt/airflow/dags/dag_csv_to_db.py
[2022-12-13T00:34:05.170+0000] {processor.py:753} INFO - DAG(s) dict_keys(['CSV_2_DB']) retrieved from /opt/airflow/dags/dag_csv_to_db.py
[2022-12-13T00:34:05.263+0000] {logging_mixin.py:137} INFO - [2022-12-13T00:34:05.262+0000] {dag.py:2676} INFO - Sync 1 DAGs
[2022-12-13T00:34:05.357+0000] {logging_mixin.py:137} INFO - [2022-12-13T00:34:05.357+0000] {dag.py:3427} INFO - Setting next_dagrun for CSV_2_DB to 2022-12-13T00:00:00+00:00, run_after=2022-12-13T01:00:00+00:00
[2022-12-13T00:34:05.424+0000] {processor.py:175} INFO - Processing /opt/airflow/dags/dag_csv_to_db.py took 1.390 seconds
[2022-12-13T00:34:35.714+0000] {processor.py:153} INFO - Started process (PID=39869) to work on /opt/airflow/dags/dag_csv_to_db.py
[2022-12-13T00:34:35.724+0000] {processor.py:743} INFO - Processing file /opt/airflow/dags/dag_csv_to_db.py for tasks to queue
[2022-12-13T00:34:35.728+0000] {logging_mixin.py:137} INFO - [2022-12-13T00:34:35.728+0000] {dagbag.py:538} INFO - Filling up the DagBag from /opt/airflow/dags/dag_csv_to_db.py
[2022-12-13T00:34:36.442+0000] {processor.py:753} INFO - DAG(s) dict_keys(['CSV_2_DB']) retrieved from /opt/airflow/dags/dag_csv_to_db.py
[2022-12-13T00:34:36.521+0000] {logging_mixin.py:137} INFO - [2022-12-13T00:34:36.520+0000] {dag.py:2676} INFO - Sync 1 DAGs
[2022-12-13T00:34:36.577+0000] {logging_mixin.py:137} INFO - [2022-12-13T00:34:36.577+0000] {dag.py:3427} INFO - Setting next_dagrun for CSV_2_DB to 2022-12-13T00:00:00+00:00, run_after=2022-12-13T01:00:00+00:00
[2022-12-13T00:34:36.636+0000] {processor.py:175} INFO - Processing /opt/airflow/dags/dag_csv_to_db.py took 0.927 seconds
[2022-12-13T00:35:06.820+0000] {processor.py:153} INFO - Started process (PID=39903) to work on /opt/airflow/dags/dag_csv_to_db.py
[2022-12-13T00:35:06.822+0000] {processor.py:743} INFO - Processing file /opt/airflow/dags/dag_csv_to_db.py for tasks to queue
[2022-12-13T00:35:06.824+0000] {logging_mixin.py:137} INFO - [2022-12-13T00:35:06.824+0000] {dagbag.py:538} INFO - Filling up the DagBag from /opt/airflow/dags/dag_csv_to_db.py
[2022-12-13T00:35:07.302+0000] {processor.py:753} INFO - DAG(s) dict_keys(['CSV_2_DB']) retrieved from /opt/airflow/dags/dag_csv_to_db.py
[2022-12-13T00:35:07.342+0000] {logging_mixin.py:137} INFO - [2022-12-13T00:35:07.341+0000] {dag.py:2676} INFO - Sync 1 DAGs
[2022-12-13T00:35:07.372+0000] {logging_mixin.py:137} INFO - [2022-12-13T00:35:07.372+0000] {dag.py:3427} INFO - Setting next_dagrun for CSV_2_DB to 2022-12-13T00:00:00+00:00, run_after=2022-12-13T01:00:00+00:00
[2022-12-13T00:35:07.394+0000] {processor.py:175} INFO - Processing /opt/airflow/dags/dag_csv_to_db.py took 0.579 seconds
[2022-12-13T00:35:37.616+0000] {processor.py:153} INFO - Started process (PID=39953) to work on /opt/airflow/dags/dag_csv_to_db.py
[2022-12-13T00:35:37.620+0000] {processor.py:743} INFO - Processing file /opt/airflow/dags/dag_csv_to_db.py for tasks to queue
[2022-12-13T00:35:37.623+0000] {logging_mixin.py:137} INFO - [2022-12-13T00:35:37.623+0000] {dagbag.py:538} INFO - Filling up the DagBag from /opt/airflow/dags/dag_csv_to_db.py
[2022-12-13T00:35:38.171+0000] {processor.py:753} INFO - DAG(s) dict_keys(['CSV_2_DB']) retrieved from /opt/airflow/dags/dag_csv_to_db.py
[2022-12-13T00:35:38.208+0000] {logging_mixin.py:137} INFO - [2022-12-13T00:35:38.207+0000] {dag.py:2676} INFO - Sync 1 DAGs
[2022-12-13T00:35:38.236+0000] {logging_mixin.py:137} INFO - [2022-12-13T00:35:38.236+0000] {dag.py:3427} INFO - Setting next_dagrun for CSV_2_DB to 2022-12-13T00:00:00+00:00, run_after=2022-12-13T01:00:00+00:00
[2022-12-13T00:35:38.296+0000] {processor.py:175} INFO - Processing /opt/airflow/dags/dag_csv_to_db.py took 0.685 seconds
[2022-12-13T00:36:08.510+0000] {processor.py:153} INFO - Started process (PID=39986) to work on /opt/airflow/dags/dag_csv_to_db.py
[2022-12-13T00:36:08.512+0000] {processor.py:743} INFO - Processing file /opt/airflow/dags/dag_csv_to_db.py for tasks to queue
[2022-12-13T00:36:08.513+0000] {logging_mixin.py:137} INFO - [2022-12-13T00:36:08.513+0000] {dagbag.py:538} INFO - Filling up the DagBag from /opt/airflow/dags/dag_csv_to_db.py
[2022-12-13T00:36:08.966+0000] {processor.py:753} INFO - DAG(s) dict_keys(['CSV_2_DB']) retrieved from /opt/airflow/dags/dag_csv_to_db.py
[2022-12-13T00:36:09.002+0000] {logging_mixin.py:137} INFO - [2022-12-13T00:36:09.002+0000] {dag.py:2676} INFO - Sync 1 DAGs
[2022-12-13T00:36:09.039+0000] {logging_mixin.py:137} INFO - [2022-12-13T00:36:09.039+0000] {dag.py:3427} INFO - Setting next_dagrun for CSV_2_DB to 2022-12-13T00:00:00+00:00, run_after=2022-12-13T01:00:00+00:00
[2022-12-13T00:36:09.063+0000] {processor.py:175} INFO - Processing /opt/airflow/dags/dag_csv_to_db.py took 0.557 seconds
[2022-12-13T00:36:39.301+0000] {processor.py:153} INFO - Started process (PID=40018) to work on /opt/airflow/dags/dag_csv_to_db.py
[2022-12-13T00:36:39.303+0000] {processor.py:743} INFO - Processing file /opt/airflow/dags/dag_csv_to_db.py for tasks to queue
[2022-12-13T00:36:39.305+0000] {logging_mixin.py:137} INFO - [2022-12-13T00:36:39.305+0000] {dagbag.py:538} INFO - Filling up the DagBag from /opt/airflow/dags/dag_csv_to_db.py
[2022-12-13T00:36:39.847+0000] {processor.py:753} INFO - DAG(s) dict_keys(['CSV_2_DB']) retrieved from /opt/airflow/dags/dag_csv_to_db.py
[2022-12-13T00:36:39.898+0000] {logging_mixin.py:137} INFO - [2022-12-13T00:36:39.897+0000] {dag.py:2676} INFO - Sync 1 DAGs
[2022-12-13T00:36:39.932+0000] {logging_mixin.py:137} INFO - [2022-12-13T00:36:39.931+0000] {dag.py:3427} INFO - Setting next_dagrun for CSV_2_DB to 2022-12-13T00:00:00+00:00, run_after=2022-12-13T01:00:00+00:00
[2022-12-13T00:36:39.965+0000] {processor.py:175} INFO - Processing /opt/airflow/dags/dag_csv_to_db.py took 0.671 seconds
[2022-12-13T00:37:10.164+0000] {processor.py:153} INFO - Started process (PID=40066) to work on /opt/airflow/dags/dag_csv_to_db.py
[2022-12-13T00:37:10.167+0000] {processor.py:743} INFO - Processing file /opt/airflow/dags/dag_csv_to_db.py for tasks to queue
[2022-12-13T00:37:10.168+0000] {logging_mixin.py:137} INFO - [2022-12-13T00:37:10.168+0000] {dagbag.py:538} INFO - Filling up the DagBag from /opt/airflow/dags/dag_csv_to_db.py
[2022-12-13T00:37:10.692+0000] {processor.py:753} INFO - DAG(s) dict_keys(['CSV_2_DB']) retrieved from /opt/airflow/dags/dag_csv_to_db.py
[2022-12-13T00:37:10.739+0000] {logging_mixin.py:137} INFO - [2022-12-13T00:37:10.739+0000] {dag.py:2676} INFO - Sync 1 DAGs
[2022-12-13T00:37:10.778+0000] {logging_mixin.py:137} INFO - [2022-12-13T00:37:10.777+0000] {dag.py:3427} INFO - Setting next_dagrun for CSV_2_DB to 2022-12-13T00:00:00+00:00, run_after=2022-12-13T01:00:00+00:00
[2022-12-13T00:37:10.805+0000] {processor.py:175} INFO - Processing /opt/airflow/dags/dag_csv_to_db.py took 0.645 seconds
[2022-12-13T00:37:41.025+0000] {processor.py:153} INFO - Started process (PID=40099) to work on /opt/airflow/dags/dag_csv_to_db.py
[2022-12-13T00:37:41.027+0000] {processor.py:743} INFO - Processing file /opt/airflow/dags/dag_csv_to_db.py for tasks to queue
[2022-12-13T00:37:41.029+0000] {logging_mixin.py:137} INFO - [2022-12-13T00:37:41.028+0000] {dagbag.py:538} INFO - Filling up the DagBag from /opt/airflow/dags/dag_csv_to_db.py
[2022-12-13T00:37:41.512+0000] {processor.py:753} INFO - DAG(s) dict_keys(['CSV_2_DB']) retrieved from /opt/airflow/dags/dag_csv_to_db.py
[2022-12-13T00:37:41.561+0000] {logging_mixin.py:137} INFO - [2022-12-13T00:37:41.558+0000] {dag.py:2676} INFO - Sync 1 DAGs
[2022-12-13T00:37:41.596+0000] {logging_mixin.py:137} INFO - [2022-12-13T00:37:41.596+0000] {dag.py:3427} INFO - Setting next_dagrun for CSV_2_DB to 2022-12-13T00:00:00+00:00, run_after=2022-12-13T01:00:00+00:00
[2022-12-13T00:37:41.631+0000] {processor.py:175} INFO - Processing /opt/airflow/dags/dag_csv_to_db.py took 0.612 seconds
[2022-12-13T00:38:11.865+0000] {processor.py:153} INFO - Started process (PID=40146) to work on /opt/airflow/dags/dag_csv_to_db.py
[2022-12-13T00:38:11.868+0000] {processor.py:743} INFO - Processing file /opt/airflow/dags/dag_csv_to_db.py for tasks to queue
[2022-12-13T00:38:11.870+0000] {logging_mixin.py:137} INFO - [2022-12-13T00:38:11.870+0000] {dagbag.py:538} INFO - Filling up the DagBag from /opt/airflow/dags/dag_csv_to_db.py
[2022-12-13T00:38:12.525+0000] {processor.py:753} INFO - DAG(s) dict_keys(['CSV_2_DB']) retrieved from /opt/airflow/dags/dag_csv_to_db.py
[2022-12-13T00:38:12.582+0000] {logging_mixin.py:137} INFO - [2022-12-13T00:38:12.581+0000] {dag.py:2676} INFO - Sync 1 DAGs
[2022-12-13T00:38:12.626+0000] {logging_mixin.py:137} INFO - [2022-12-13T00:38:12.626+0000] {dag.py:3427} INFO - Setting next_dagrun for CSV_2_DB to 2022-12-13T00:00:00+00:00, run_after=2022-12-13T01:00:00+00:00
[2022-12-13T00:38:12.660+0000] {processor.py:175} INFO - Processing /opt/airflow/dags/dag_csv_to_db.py took 0.804 seconds
[2022-12-13T00:38:42.890+0000] {processor.py:153} INFO - Started process (PID=40180) to work on /opt/airflow/dags/dag_csv_to_db.py
[2022-12-13T00:38:42.892+0000] {processor.py:743} INFO - Processing file /opt/airflow/dags/dag_csv_to_db.py for tasks to queue
[2022-12-13T00:38:42.894+0000] {logging_mixin.py:137} INFO - [2022-12-13T00:38:42.894+0000] {dagbag.py:538} INFO - Filling up the DagBag from /opt/airflow/dags/dag_csv_to_db.py
[2022-12-13T00:38:43.471+0000] {processor.py:753} INFO - DAG(s) dict_keys(['CSV_2_DB']) retrieved from /opt/airflow/dags/dag_csv_to_db.py
[2022-12-13T00:38:43.514+0000] {logging_mixin.py:137} INFO - [2022-12-13T00:38:43.513+0000] {dag.py:2676} INFO - Sync 1 DAGs
[2022-12-13T00:38:43.545+0000] {logging_mixin.py:137} INFO - [2022-12-13T00:38:43.545+0000] {dag.py:3427} INFO - Setting next_dagrun for CSV_2_DB to 2022-12-13T00:00:00+00:00, run_after=2022-12-13T01:00:00+00:00
[2022-12-13T00:38:43.577+0000] {processor.py:175} INFO - Processing /opt/airflow/dags/dag_csv_to_db.py took 0.691 seconds
[2022-12-13T00:39:13.787+0000] {processor.py:153} INFO - Started process (PID=40222) to work on /opt/airflow/dags/dag_csv_to_db.py
[2022-12-13T00:39:13.789+0000] {processor.py:743} INFO - Processing file /opt/airflow/dags/dag_csv_to_db.py for tasks to queue
[2022-12-13T00:39:13.790+0000] {logging_mixin.py:137} INFO - [2022-12-13T00:39:13.790+0000] {dagbag.py:538} INFO - Filling up the DagBag from /opt/airflow/dags/dag_csv_to_db.py
[2022-12-13T00:39:14.311+0000] {processor.py:753} INFO - DAG(s) dict_keys(['CSV_2_DB']) retrieved from /opt/airflow/dags/dag_csv_to_db.py
[2022-12-13T00:39:14.354+0000] {logging_mixin.py:137} INFO - [2022-12-13T00:39:14.354+0000] {dag.py:2676} INFO - Sync 1 DAGs
[2022-12-13T00:39:14.388+0000] {logging_mixin.py:137} INFO - [2022-12-13T00:39:14.388+0000] {dag.py:3427} INFO - Setting next_dagrun for CSV_2_DB to 2022-12-13T00:00:00+00:00, run_after=2022-12-13T01:00:00+00:00
[2022-12-13T00:39:14.414+0000] {processor.py:175} INFO - Processing /opt/airflow/dags/dag_csv_to_db.py took 0.632 seconds
[2022-12-13T00:39:44.662+0000] {processor.py:153} INFO - Started process (PID=40261) to work on /opt/airflow/dags/dag_csv_to_db.py
[2022-12-13T00:39:44.664+0000] {processor.py:743} INFO - Processing file /opt/airflow/dags/dag_csv_to_db.py for tasks to queue
[2022-12-13T00:39:44.665+0000] {logging_mixin.py:137} INFO - [2022-12-13T00:39:44.665+0000] {dagbag.py:538} INFO - Filling up the DagBag from /opt/airflow/dags/dag_csv_to_db.py
[2022-12-13T00:39:45.138+0000] {processor.py:753} INFO - DAG(s) dict_keys(['CSV_2_DB']) retrieved from /opt/airflow/dags/dag_csv_to_db.py
[2022-12-13T00:39:45.177+0000] {logging_mixin.py:137} INFO - [2022-12-13T00:39:45.176+0000] {dag.py:2676} INFO - Sync 1 DAGs
[2022-12-13T00:39:45.210+0000] {logging_mixin.py:137} INFO - [2022-12-13T00:39:45.210+0000] {dag.py:3427} INFO - Setting next_dagrun for CSV_2_DB to 2022-12-13T00:00:00+00:00, run_after=2022-12-13T01:00:00+00:00
[2022-12-13T00:39:45.239+0000] {processor.py:175} INFO - Processing /opt/airflow/dags/dag_csv_to_db.py took 0.582 seconds
[2022-12-13T00:40:15.489+0000] {processor.py:153} INFO - Started process (PID=40295) to work on /opt/airflow/dags/dag_csv_to_db.py
[2022-12-13T00:40:15.491+0000] {processor.py:743} INFO - Processing file /opt/airflow/dags/dag_csv_to_db.py for tasks to queue
[2022-12-13T00:40:15.493+0000] {logging_mixin.py:137} INFO - [2022-12-13T00:40:15.493+0000] {dagbag.py:538} INFO - Filling up the DagBag from /opt/airflow/dags/dag_csv_to_db.py
[2022-12-13T00:40:15.968+0000] {processor.py:753} INFO - DAG(s) dict_keys(['CSV_2_DB']) retrieved from /opt/airflow/dags/dag_csv_to_db.py
[2022-12-13T00:40:16.007+0000] {logging_mixin.py:137} INFO - [2022-12-13T00:40:16.007+0000] {dag.py:2676} INFO - Sync 1 DAGs
[2022-12-13T00:40:16.039+0000] {logging_mixin.py:137} INFO - [2022-12-13T00:40:16.039+0000] {dag.py:3427} INFO - Setting next_dagrun for CSV_2_DB to 2022-12-13T00:00:00+00:00, run_after=2022-12-13T01:00:00+00:00
[2022-12-13T00:40:16.063+0000] {processor.py:175} INFO - Processing /opt/airflow/dags/dag_csv_to_db.py took 0.580 seconds
[2022-12-13T00:40:46.251+0000] {processor.py:153} INFO - Started process (PID=40343) to work on /opt/airflow/dags/dag_csv_to_db.py
[2022-12-13T00:40:46.253+0000] {processor.py:743} INFO - Processing file /opt/airflow/dags/dag_csv_to_db.py for tasks to queue
[2022-12-13T00:40:46.254+0000] {logging_mixin.py:137} INFO - [2022-12-13T00:40:46.254+0000] {dagbag.py:538} INFO - Filling up the DagBag from /opt/airflow/dags/dag_csv_to_db.py
[2022-12-13T00:40:46.761+0000] {processor.py:753} INFO - DAG(s) dict_keys(['CSV_2_DB']) retrieved from /opt/airflow/dags/dag_csv_to_db.py
[2022-12-13T00:40:46.811+0000] {logging_mixin.py:137} INFO - [2022-12-13T00:40:46.811+0000] {dag.py:2676} INFO - Sync 1 DAGs
[2022-12-13T00:40:46.851+0000] {logging_mixin.py:137} INFO - [2022-12-13T00:40:46.851+0000] {dag.py:3427} INFO - Setting next_dagrun for CSV_2_DB to 2022-12-13T00:00:00+00:00, run_after=2022-12-13T01:00:00+00:00
[2022-12-13T00:40:46.886+0000] {processor.py:175} INFO - Processing /opt/airflow/dags/dag_csv_to_db.py took 0.640 seconds
[2022-12-13T00:41:17.109+0000] {processor.py:153} INFO - Started process (PID=40378) to work on /opt/airflow/dags/dag_csv_to_db.py
[2022-12-13T00:41:17.111+0000] {processor.py:743} INFO - Processing file /opt/airflow/dags/dag_csv_to_db.py for tasks to queue
[2022-12-13T00:41:17.113+0000] {logging_mixin.py:137} INFO - [2022-12-13T00:41:17.113+0000] {dagbag.py:538} INFO - Filling up the DagBag from /opt/airflow/dags/dag_csv_to_db.py
[2022-12-13T00:41:17.570+0000] {processor.py:753} INFO - DAG(s) dict_keys(['CSV_2_DB']) retrieved from /opt/airflow/dags/dag_csv_to_db.py
[2022-12-13T00:41:17.606+0000] {logging_mixin.py:137} INFO - [2022-12-13T00:41:17.605+0000] {dag.py:2676} INFO - Sync 1 DAGs
[2022-12-13T00:41:17.638+0000] {logging_mixin.py:137} INFO - [2022-12-13T00:41:17.638+0000] {dag.py:3427} INFO - Setting next_dagrun for CSV_2_DB to 2022-12-13T00:00:00+00:00, run_after=2022-12-13T01:00:00+00:00
[2022-12-13T00:41:17.660+0000] {processor.py:175} INFO - Processing /opt/airflow/dags/dag_csv_to_db.py took 0.555 seconds
[2022-12-13T00:41:47.876+0000] {processor.py:153} INFO - Started process (PID=40425) to work on /opt/airflow/dags/dag_csv_to_db.py
[2022-12-13T00:41:47.878+0000] {processor.py:743} INFO - Processing file /opt/airflow/dags/dag_csv_to_db.py for tasks to queue
[2022-12-13T00:41:47.880+0000] {logging_mixin.py:137} INFO - [2022-12-13T00:41:47.879+0000] {dagbag.py:538} INFO - Filling up the DagBag from /opt/airflow/dags/dag_csv_to_db.py
[2022-12-13T00:41:48.334+0000] {processor.py:753} INFO - DAG(s) dict_keys(['CSV_2_DB']) retrieved from /opt/airflow/dags/dag_csv_to_db.py
[2022-12-13T00:41:48.378+0000] {logging_mixin.py:137} INFO - [2022-12-13T00:41:48.378+0000] {dag.py:2676} INFO - Sync 1 DAGs
[2022-12-13T00:41:48.408+0000] {logging_mixin.py:137} INFO - [2022-12-13T00:41:48.408+0000] {dag.py:3427} INFO - Setting next_dagrun for CSV_2_DB to 2022-12-13T00:00:00+00:00, run_after=2022-12-13T01:00:00+00:00
[2022-12-13T00:41:48.431+0000] {processor.py:175} INFO - Processing /opt/airflow/dags/dag_csv_to_db.py took 0.560 seconds
[2022-12-13T00:42:18.612+0000] {processor.py:153} INFO - Started process (PID=40459) to work on /opt/airflow/dags/dag_csv_to_db.py
[2022-12-13T00:42:18.615+0000] {processor.py:743} INFO - Processing file /opt/airflow/dags/dag_csv_to_db.py for tasks to queue
[2022-12-13T00:42:18.619+0000] {logging_mixin.py:137} INFO - [2022-12-13T00:42:18.619+0000] {dagbag.py:538} INFO - Filling up the DagBag from /opt/airflow/dags/dag_csv_to_db.py
[2022-12-13T00:42:19.139+0000] {processor.py:753} INFO - DAG(s) dict_keys(['CSV_2_DB']) retrieved from /opt/airflow/dags/dag_csv_to_db.py
[2022-12-13T00:42:19.185+0000] {logging_mixin.py:137} INFO - [2022-12-13T00:42:19.184+0000] {dag.py:2676} INFO - Sync 1 DAGs
[2022-12-13T00:42:19.218+0000] {logging_mixin.py:137} INFO - [2022-12-13T00:42:19.217+0000] {dag.py:3427} INFO - Setting next_dagrun for CSV_2_DB to 2022-12-13T00:00:00+00:00, run_after=2022-12-13T01:00:00+00:00
[2022-12-13T00:42:19.241+0000] {processor.py:175} INFO - Processing /opt/airflow/dags/dag_csv_to_db.py took 0.635 seconds
[2022-12-13T00:42:49.479+0000] {processor.py:153} INFO - Started process (PID=40493) to work on /opt/airflow/dags/dag_csv_to_db.py
[2022-12-13T00:42:49.481+0000] {processor.py:743} INFO - Processing file /opt/airflow/dags/dag_csv_to_db.py for tasks to queue
[2022-12-13T00:42:49.483+0000] {logging_mixin.py:137} INFO - [2022-12-13T00:42:49.483+0000] {dagbag.py:538} INFO - Filling up the DagBag from /opt/airflow/dags/dag_csv_to_db.py
[2022-12-13T00:42:49.991+0000] {processor.py:753} INFO - DAG(s) dict_keys(['CSV_2_DB']) retrieved from /opt/airflow/dags/dag_csv_to_db.py
[2022-12-13T00:42:50.037+0000] {logging_mixin.py:137} INFO - [2022-12-13T00:42:50.036+0000] {dag.py:2676} INFO - Sync 1 DAGs
[2022-12-13T00:42:50.069+0000] {logging_mixin.py:137} INFO - [2022-12-13T00:42:50.069+0000] {dag.py:3427} INFO - Setting next_dagrun for CSV_2_DB to 2022-12-13T00:00:00+00:00, run_after=2022-12-13T01:00:00+00:00
[2022-12-13T00:42:50.092+0000] {processor.py:175} INFO - Processing /opt/airflow/dags/dag_csv_to_db.py took 0.618 seconds
[2022-12-13T00:43:20.306+0000] {processor.py:153} INFO - Started process (PID=40541) to work on /opt/airflow/dags/dag_csv_to_db.py
[2022-12-13T00:43:20.308+0000] {processor.py:743} INFO - Processing file /opt/airflow/dags/dag_csv_to_db.py for tasks to queue
[2022-12-13T00:43:20.309+0000] {logging_mixin.py:137} INFO - [2022-12-13T00:43:20.309+0000] {dagbag.py:538} INFO - Filling up the DagBag from /opt/airflow/dags/dag_csv_to_db.py
[2022-12-13T00:43:20.839+0000] {processor.py:753} INFO - DAG(s) dict_keys(['CSV_2_DB']) retrieved from /opt/airflow/dags/dag_csv_to_db.py
[2022-12-13T00:43:20.882+0000] {logging_mixin.py:137} INFO - [2022-12-13T00:43:20.881+0000] {dag.py:2676} INFO - Sync 1 DAGs
[2022-12-13T00:43:20.917+0000] {logging_mixin.py:137} INFO - [2022-12-13T00:43:20.917+0000] {dag.py:3427} INFO - Setting next_dagrun for CSV_2_DB to 2022-12-13T00:00:00+00:00, run_after=2022-12-13T01:00:00+00:00
[2022-12-13T00:43:20.984+0000] {processor.py:175} INFO - Processing /opt/airflow/dags/dag_csv_to_db.py took 0.682 seconds
[2022-12-13T00:43:51.173+0000] {processor.py:153} INFO - Started process (PID=40574) to work on /opt/airflow/dags/dag_csv_to_db.py
[2022-12-13T00:43:51.175+0000] {processor.py:743} INFO - Processing file /opt/airflow/dags/dag_csv_to_db.py for tasks to queue
[2022-12-13T00:43:51.177+0000] {logging_mixin.py:137} INFO - [2022-12-13T00:43:51.176+0000] {dagbag.py:538} INFO - Filling up the DagBag from /opt/airflow/dags/dag_csv_to_db.py
[2022-12-13T00:43:51.671+0000] {processor.py:753} INFO - DAG(s) dict_keys(['CSV_2_DB']) retrieved from /opt/airflow/dags/dag_csv_to_db.py
[2022-12-13T00:43:51.715+0000] {logging_mixin.py:137} INFO - [2022-12-13T00:43:51.714+0000] {dag.py:2676} INFO - Sync 1 DAGs
[2022-12-13T00:43:51.746+0000] {logging_mixin.py:137} INFO - [2022-12-13T00:43:51.746+0000] {dag.py:3427} INFO - Setting next_dagrun for CSV_2_DB to 2022-12-13T00:00:00+00:00, run_after=2022-12-13T01:00:00+00:00
[2022-12-13T00:43:51.774+0000] {processor.py:175} INFO - Processing /opt/airflow/dags/dag_csv_to_db.py took 0.607 seconds
[2022-12-13T00:44:21.982+0000] {processor.py:153} INFO - Started process (PID=40622) to work on /opt/airflow/dags/dag_csv_to_db.py
[2022-12-13T00:44:21.983+0000] {processor.py:743} INFO - Processing file /opt/airflow/dags/dag_csv_to_db.py for tasks to queue
[2022-12-13T00:44:21.985+0000] {logging_mixin.py:137} INFO - [2022-12-13T00:44:21.985+0000] {dagbag.py:538} INFO - Filling up the DagBag from /opt/airflow/dags/dag_csv_to_db.py
[2022-12-13T00:44:22.468+0000] {processor.py:753} INFO - DAG(s) dict_keys(['CSV_2_DB']) retrieved from /opt/airflow/dags/dag_csv_to_db.py
[2022-12-13T00:44:22.509+0000] {logging_mixin.py:137} INFO - [2022-12-13T00:44:22.507+0000] {dag.py:2676} INFO - Sync 1 DAGs
[2022-12-13T00:44:22.540+0000] {logging_mixin.py:137} INFO - [2022-12-13T00:44:22.540+0000] {dag.py:3427} INFO - Setting next_dagrun for CSV_2_DB to 2022-12-13T00:00:00+00:00, run_after=2022-12-13T01:00:00+00:00
[2022-12-13T00:44:22.568+0000] {processor.py:175} INFO - Processing /opt/airflow/dags/dag_csv_to_db.py took 0.592 seconds
[2022-12-13T00:44:52.841+0000] {processor.py:153} INFO - Started process (PID=40656) to work on /opt/airflow/dags/dag_csv_to_db.py
[2022-12-13T00:44:52.843+0000] {processor.py:743} INFO - Processing file /opt/airflow/dags/dag_csv_to_db.py for tasks to queue
[2022-12-13T00:44:52.845+0000] {logging_mixin.py:137} INFO - [2022-12-13T00:44:52.845+0000] {dagbag.py:538} INFO - Filling up the DagBag from /opt/airflow/dags/dag_csv_to_db.py
[2022-12-13T00:44:53.296+0000] {processor.py:753} INFO - DAG(s) dict_keys(['CSV_2_DB']) retrieved from /opt/airflow/dags/dag_csv_to_db.py
[2022-12-13T00:44:53.350+0000] {logging_mixin.py:137} INFO - [2022-12-13T00:44:53.349+0000] {dag.py:2676} INFO - Sync 1 DAGs
[2022-12-13T00:44:53.378+0000] {logging_mixin.py:137} INFO - [2022-12-13T00:44:53.378+0000] {dag.py:3427} INFO - Setting next_dagrun for CSV_2_DB to 2022-12-13T00:00:00+00:00, run_after=2022-12-13T01:00:00+00:00
[2022-12-13T00:44:53.402+0000] {processor.py:175} INFO - Processing /opt/airflow/dags/dag_csv_to_db.py took 0.566 seconds
[2022-12-13T00:45:23.600+0000] {processor.py:153} INFO - Started process (PID=40705) to work on /opt/airflow/dags/dag_csv_to_db.py
[2022-12-13T00:45:23.602+0000] {processor.py:743} INFO - Processing file /opt/airflow/dags/dag_csv_to_db.py for tasks to queue
[2022-12-13T00:45:23.604+0000] {logging_mixin.py:137} INFO - [2022-12-13T00:45:23.604+0000] {dagbag.py:538} INFO - Filling up the DagBag from /opt/airflow/dags/dag_csv_to_db.py
[2022-12-13T00:45:24.055+0000] {processor.py:753} INFO - DAG(s) dict_keys(['CSV_2_DB']) retrieved from /opt/airflow/dags/dag_csv_to_db.py
[2022-12-13T00:45:24.093+0000] {logging_mixin.py:137} INFO - [2022-12-13T00:45:24.092+0000] {dag.py:2676} INFO - Sync 1 DAGs
[2022-12-13T00:45:24.121+0000] {logging_mixin.py:137} INFO - [2022-12-13T00:45:24.121+0000] {dag.py:3427} INFO - Setting next_dagrun for CSV_2_DB to 2022-12-13T00:00:00+00:00, run_after=2022-12-13T01:00:00+00:00
[2022-12-13T00:45:24.141+0000] {processor.py:175} INFO - Processing /opt/airflow/dags/dag_csv_to_db.py took 0.545 seconds
[2022-12-13T00:45:54.397+0000] {processor.py:153} INFO - Started process (PID=40740) to work on /opt/airflow/dags/dag_csv_to_db.py
[2022-12-13T00:45:54.399+0000] {processor.py:743} INFO - Processing file /opt/airflow/dags/dag_csv_to_db.py for tasks to queue
[2022-12-13T00:45:54.401+0000] {logging_mixin.py:137} INFO - [2022-12-13T00:45:54.401+0000] {dagbag.py:538} INFO - Filling up the DagBag from /opt/airflow/dags/dag_csv_to_db.py
[2022-12-13T00:45:54.982+0000] {processor.py:753} INFO - DAG(s) dict_keys(['CSV_2_DB']) retrieved from /opt/airflow/dags/dag_csv_to_db.py
[2022-12-13T00:45:55.033+0000] {logging_mixin.py:137} INFO - [2022-12-13T00:45:55.032+0000] {dag.py:2676} INFO - Sync 1 DAGs
[2022-12-13T00:45:55.070+0000] {logging_mixin.py:137} INFO - [2022-12-13T00:45:55.070+0000] {dag.py:3427} INFO - Setting next_dagrun for CSV_2_DB to 2022-12-13T00:00:00+00:00, run_after=2022-12-13T01:00:00+00:00
[2022-12-13T00:45:55.099+0000] {processor.py:175} INFO - Processing /opt/airflow/dags/dag_csv_to_db.py took 0.706 seconds
[2022-12-13T00:46:25.307+0000] {processor.py:153} INFO - Started process (PID=40788) to work on /opt/airflow/dags/dag_csv_to_db.py
[2022-12-13T00:46:25.309+0000] {processor.py:743} INFO - Processing file /opt/airflow/dags/dag_csv_to_db.py for tasks to queue
[2022-12-13T00:46:25.310+0000] {logging_mixin.py:137} INFO - [2022-12-13T00:46:25.310+0000] {dagbag.py:538} INFO - Filling up the DagBag from /opt/airflow/dags/dag_csv_to_db.py
[2022-12-13T00:46:25.798+0000] {processor.py:753} INFO - DAG(s) dict_keys(['CSV_2_DB']) retrieved from /opt/airflow/dags/dag_csv_to_db.py
[2022-12-13T00:46:25.832+0000] {logging_mixin.py:137} INFO - [2022-12-13T00:46:25.831+0000] {dag.py:2676} INFO - Sync 1 DAGs
[2022-12-13T00:46:25.864+0000] {logging_mixin.py:137} INFO - [2022-12-13T00:46:25.863+0000] {dag.py:3427} INFO - Setting next_dagrun for CSV_2_DB to 2022-12-13T00:00:00+00:00, run_after=2022-12-13T01:00:00+00:00
[2022-12-13T00:46:25.888+0000] {processor.py:175} INFO - Processing /opt/airflow/dags/dag_csv_to_db.py took 0.585 seconds
[2022-12-13T00:46:56.200+0000] {processor.py:153} INFO - Started process (PID=40822) to work on /opt/airflow/dags/dag_csv_to_db.py
[2022-12-13T00:46:56.203+0000] {processor.py:743} INFO - Processing file /opt/airflow/dags/dag_csv_to_db.py for tasks to queue
[2022-12-13T00:46:56.208+0000] {logging_mixin.py:137} INFO - [2022-12-13T00:46:56.207+0000] {dagbag.py:538} INFO - Filling up the DagBag from /opt/airflow/dags/dag_csv_to_db.py
[2022-12-13T00:46:57.351+0000] {processor.py:753} INFO - DAG(s) dict_keys(['CSV_2_DB']) retrieved from /opt/airflow/dags/dag_csv_to_db.py
[2022-12-13T00:46:57.405+0000] {logging_mixin.py:137} INFO - [2022-12-13T00:46:57.405+0000] {dag.py:2676} INFO - Sync 1 DAGs
[2022-12-13T00:46:57.453+0000] {logging_mixin.py:137} INFO - [2022-12-13T00:46:57.453+0000] {dag.py:3427} INFO - Setting next_dagrun for CSV_2_DB to 2022-12-13T00:00:00+00:00, run_after=2022-12-13T01:00:00+00:00
[2022-12-13T00:46:57.494+0000] {processor.py:175} INFO - Processing /opt/airflow/dags/dag_csv_to_db.py took 1.307 seconds
[2022-12-13T00:47:27.777+0000] {processor.py:153} INFO - Started process (PID=40855) to work on /opt/airflow/dags/dag_csv_to_db.py
[2022-12-13T00:47:27.779+0000] {processor.py:743} INFO - Processing file /opt/airflow/dags/dag_csv_to_db.py for tasks to queue
[2022-12-13T00:47:27.780+0000] {logging_mixin.py:137} INFO - [2022-12-13T00:47:27.780+0000] {dagbag.py:538} INFO - Filling up the DagBag from /opt/airflow/dags/dag_csv_to_db.py
[2022-12-13T00:47:28.300+0000] {processor.py:753} INFO - DAG(s) dict_keys(['CSV_2_DB']) retrieved from /opt/airflow/dags/dag_csv_to_db.py
[2022-12-13T00:47:28.354+0000] {logging_mixin.py:137} INFO - [2022-12-13T00:47:28.348+0000] {dag.py:2676} INFO - Sync 1 DAGs
[2022-12-13T00:47:28.420+0000] {logging_mixin.py:137} INFO - [2022-12-13T00:47:28.420+0000] {dag.py:3427} INFO - Setting next_dagrun for CSV_2_DB to 2022-12-13T00:00:00+00:00, run_after=2022-12-13T01:00:00+00:00
[2022-12-13T00:47:28.459+0000] {processor.py:175} INFO - Processing /opt/airflow/dags/dag_csv_to_db.py took 0.688 seconds
[2022-12-13T00:58:18.617+0000] {processor.py:153} INFO - Started process (PID=40875) to work on /opt/airflow/dags/dag_csv_to_db.py
[2022-12-13T00:58:18.620+0000] {processor.py:743} INFO - Processing file /opt/airflow/dags/dag_csv_to_db.py for tasks to queue
[2022-12-13T00:58:18.627+0000] {logging_mixin.py:137} INFO - [2022-12-13T00:58:18.627+0000] {dagbag.py:538} INFO - Filling up the DagBag from /opt/airflow/dags/dag_csv_to_db.py
[2022-12-13T00:58:23.915+0000] {processor.py:753} INFO - DAG(s) dict_keys(['CSV_2_DB']) retrieved from /opt/airflow/dags/dag_csv_to_db.py
[2022-12-13T00:58:24.044+0000] {logging_mixin.py:137} INFO - [2022-12-13T00:58:24.030+0000] {dag.py:2676} INFO - Sync 1 DAGs
[2022-12-13T00:58:24.256+0000] {logging_mixin.py:137} INFO - [2022-12-13T00:58:24.255+0000] {dag.py:3427} INFO - Setting next_dagrun for CSV_2_DB to 2022-12-13T00:00:00+00:00, run_after=2022-12-13T01:00:00+00:00
[2022-12-13T00:58:24.354+0000] {processor.py:175} INFO - Processing /opt/airflow/dags/dag_csv_to_db.py took 5.749 seconds
[2022-12-13T00:58:54.982+0000] {processor.py:153} INFO - Started process (PID=40911) to work on /opt/airflow/dags/dag_csv_to_db.py
[2022-12-13T00:58:54.986+0000] {processor.py:743} INFO - Processing file /opt/airflow/dags/dag_csv_to_db.py for tasks to queue
[2022-12-13T00:58:54.988+0000] {logging_mixin.py:137} INFO - [2022-12-13T00:58:54.988+0000] {dagbag.py:538} INFO - Filling up the DagBag from /opt/airflow/dags/dag_csv_to_db.py
[2022-12-13T00:58:55.814+0000] {processor.py:753} INFO - DAG(s) dict_keys(['CSV_2_DB']) retrieved from /opt/airflow/dags/dag_csv_to_db.py
[2022-12-13T00:58:55.879+0000] {logging_mixin.py:137} INFO - [2022-12-13T00:58:55.878+0000] {dag.py:2676} INFO - Sync 1 DAGs
[2022-12-13T00:58:55.917+0000] {logging_mixin.py:137} INFO - [2022-12-13T00:58:55.917+0000] {dag.py:3427} INFO - Setting next_dagrun for CSV_2_DB to 2022-12-13T00:00:00+00:00, run_after=2022-12-13T01:00:00+00:00
[2022-12-13T00:58:55.952+0000] {processor.py:175} INFO - Processing /opt/airflow/dags/dag_csv_to_db.py took 0.981 seconds
[2022-12-13T00:59:26.178+0000] {processor.py:153} INFO - Started process (PID=40946) to work on /opt/airflow/dags/dag_csv_to_db.py
[2022-12-13T00:59:26.179+0000] {processor.py:743} INFO - Processing file /opt/airflow/dags/dag_csv_to_db.py for tasks to queue
[2022-12-13T00:59:26.181+0000] {logging_mixin.py:137} INFO - [2022-12-13T00:59:26.181+0000] {dagbag.py:538} INFO - Filling up the DagBag from /opt/airflow/dags/dag_csv_to_db.py
[2022-12-13T00:59:26.635+0000] {processor.py:753} INFO - DAG(s) dict_keys(['CSV_2_DB']) retrieved from /opt/airflow/dags/dag_csv_to_db.py
[2022-12-13T00:59:26.676+0000] {logging_mixin.py:137} INFO - [2022-12-13T00:59:26.675+0000] {dag.py:2676} INFO - Sync 1 DAGs
[2022-12-13T00:59:26.707+0000] {logging_mixin.py:137} INFO - [2022-12-13T00:59:26.707+0000] {dag.py:3427} INFO - Setting next_dagrun for CSV_2_DB to 2022-12-13T00:00:00+00:00, run_after=2022-12-13T01:00:00+00:00
[2022-12-13T00:59:26.732+0000] {processor.py:175} INFO - Processing /opt/airflow/dags/dag_csv_to_db.py took 0.559 seconds
