[2022-12-09T00:51:16.328+0000] {taskinstance.py:1087} INFO - Dependencies all met for <TaskInstance: CSV_2_DB.First_task_update manual__2022-12-09T00:51:14.403097+00:00 [queued]>
[2022-12-09T00:51:16.341+0000] {taskinstance.py:1087} INFO - Dependencies all met for <TaskInstance: CSV_2_DB.First_task_update manual__2022-12-09T00:51:14.403097+00:00 [queued]>
[2022-12-09T00:51:16.342+0000] {taskinstance.py:1283} INFO - 
--------------------------------------------------------------------------------
[2022-12-09T00:51:16.343+0000] {taskinstance.py:1284} INFO - Starting attempt 1 of 6
[2022-12-09T00:51:16.344+0000] {taskinstance.py:1285} INFO - 
--------------------------------------------------------------------------------
[2022-12-09T00:51:16.363+0000] {taskinstance.py:1304} INFO - Executing <Task(PythonOperator): First_task_update> on 2022-12-09 00:51:14.403097+00:00
[2022-12-09T00:51:16.371+0000] {standard_task_runner.py:55} INFO - Started process 12023 to run task
[2022-12-09T00:51:16.377+0000] {standard_task_runner.py:82} INFO - Running: ['***', 'tasks', 'run', 'CSV_2_DB', 'First_task_update', 'manual__2022-12-09T00:51:14.403097+00:00', '--job-id', '44', '--raw', '--subdir', 'DAGS_FOLDER/dag_csv_to_db.py', '--cfg-path', '/tmp/tmp5fhhjuuf']
[2022-12-09T00:51:16.380+0000] {standard_task_runner.py:83} INFO - Job 44: Subtask First_task_update
[2022-12-09T00:51:16.490+0000] {task_command.py:389} INFO - Running <TaskInstance: CSV_2_DB.First_task_update manual__2022-12-09T00:51:14.403097+00:00 [running]> on host c4fdd5f7672d
[2022-12-09T00:51:16.620+0000] {taskinstance.py:1513} INFO - Exporting the following env vars:
AIRFLOW_CTX_DAG_OWNER=Martin_Jurado
AIRFLOW_CTX_DAG_ID=CSV_2_DB
AIRFLOW_CTX_TASK_ID=First_task_update
AIRFLOW_CTX_EXECUTION_DATE=2022-12-09T00:51:14.403097+00:00
AIRFLOW_CTX_TRY_NUMBER=1
AIRFLOW_CTX_DAG_RUN_ID=manual__2022-12-09T00:51:14.403097+00:00
[2022-12-09T00:51:16.674+0000] {logging_mixin.py:137} INFO - [] 0
[2022-12-09T00:51:16.676+0000] {logging_mixin.py:137} INFO - True False False
[2022-12-09T00:51:17.465+0000] {logging_mixin.py:137} INFO - inserto todo
[2022-12-09T00:51:17.503+0000] {logging_mixin.py:137} INFO - [] 0
[2022-12-09T00:51:17.504+0000] {logging_mixin.py:137} INFO - False False True
[2022-12-09T00:51:26.705+0000] {logging_mixin.py:137} INFO - inserto todo
[2022-12-09T00:51:26.754+0000] {logging_mixin.py:137} INFO - [] 0
[2022-12-09T00:51:26.755+0000] {logging_mixin.py:137} INFO - False True False
[2022-12-09T00:53:00.953+0000] {logging_mixin.py:137} INFO - inserto todo
[2022-12-09T00:53:00.955+0000] {python.py:177} INFO - Done. Returned value was: None
[2022-12-09T00:53:00.992+0000] {taskinstance.py:1327} INFO - Marking task as SUCCESS. dag_id=CSV_2_DB, task_id=First_task_update, execution_date=20221209T005114, start_date=20221209T005116, end_date=20221209T005300
[2022-12-09T00:53:01.077+0000] {local_task_job.py:159} INFO - Task exited with return code 0
[2022-12-09T00:53:01.128+0000] {taskinstance.py:2582} INFO - 0 downstream tasks scheduled from follow-on schedule check
