[2022-12-10T12:00:07.440+0000] {taskinstance.py:1087} INFO - Dependencies all met for <TaskInstance: CSV_2_DB.First_task_update scheduled__2022-12-10T11:00:00+00:00 [queued]>
[2022-12-10T12:00:07.531+0000] {taskinstance.py:1087} INFO - Dependencies all met for <TaskInstance: CSV_2_DB.First_task_update scheduled__2022-12-10T11:00:00+00:00 [queued]>
[2022-12-10T12:00:07.536+0000] {taskinstance.py:1283} INFO - 
--------------------------------------------------------------------------------
[2022-12-10T12:00:07.541+0000] {taskinstance.py:1284} INFO - Starting attempt 1 of 6
[2022-12-10T12:00:07.547+0000] {taskinstance.py:1285} INFO - 
--------------------------------------------------------------------------------
[2022-12-10T12:00:07.693+0000] {taskinstance.py:1304} INFO - Executing <Task(PythonOperator): First_task_update> on 2022-12-10 11:00:00+00:00
[2022-12-10T12:00:07.737+0000] {standard_task_runner.py:55} INFO - Started process 17059 to run task
[2022-12-10T12:00:07.801+0000] {standard_task_runner.py:82} INFO - Running: ['***', 'tasks', 'run', 'CSV_2_DB', 'First_task_update', 'scheduled__2022-12-10T11:00:00+00:00', '--job-id', '99', '--raw', '--subdir', 'DAGS_FOLDER/dag_csv_to_db.py', '--cfg-path', '/tmp/tmp_km6qdrz']
[2022-12-10T12:00:07.825+0000] {standard_task_runner.py:83} INFO - Job 99: Subtask First_task_update
[2022-12-10T12:00:08.622+0000] {task_command.py:389} INFO - Running <TaskInstance: CSV_2_DB.First_task_update scheduled__2022-12-10T11:00:00+00:00 [running]> on host c4fdd5f7672d
[2022-12-10T12:00:09.475+0000] {taskinstance.py:1513} INFO - Exporting the following env vars:
AIRFLOW_CTX_DAG_OWNER=Martin_Jurado
AIRFLOW_CTX_DAG_ID=CSV_2_DB
AIRFLOW_CTX_TASK_ID=First_task_update
AIRFLOW_CTX_EXECUTION_DATE=2022-12-10T11:00:00+00:00
AIRFLOW_CTX_TRY_NUMBER=1
AIRFLOW_CTX_DAG_RUN_ID=scheduled__2022-12-10T11:00:00+00:00
[2022-12-10T12:00:09.861+0000] {logging_mixin.py:137} INFO - [(1, '/opt/***/code_data/departments.csv', 193, 12)] 1
[2022-12-10T12:00:09.896+0000] {logging_mixin.py:137} INFO - Applying conditions
[2022-12-10T12:00:09.906+0000] {logging_mixin.py:137} INFO - There were no changes
[2022-12-10T12:00:10.253+0000] {logging_mixin.py:137} INFO - [(2, '/opt/***/code_data/jobs.csv', 4425, 183)] 1
[2022-12-10T12:00:10.264+0000] {logging_mixin.py:137} INFO - Applying conditions
[2022-12-10T12:00:10.280+0000] {logging_mixin.py:137} INFO - There were no changes
[2022-12-10T12:00:10.615+0000] {logging_mixin.py:137} INFO - [(3, '/opt/***/code_data/z_hired_employees.csv', 92935, 1999)] 1
[2022-12-10T12:00:10.629+0000] {logging_mixin.py:137} INFO - Applying conditions
[2022-12-10T12:00:10.642+0000] {logging_mixin.py:137} INFO - There were no changes
[2022-12-10T12:00:10.661+0000] {python.py:177} INFO - Done. Returned value was: None
[2022-12-10T12:00:10.805+0000] {taskinstance.py:1327} INFO - Marking task as SUCCESS. dag_id=CSV_2_DB, task_id=First_task_update, execution_date=20221210T110000, start_date=20221210T120007, end_date=20221210T120010
[2022-12-10T12:00:10.980+0000] {local_task_job.py:159} INFO - Task exited with return code 0
[2022-12-10T12:00:11.223+0000] {taskinstance.py:2582} INFO - 0 downstream tasks scheduled from follow-on schedule check
