[2022-12-06T13:44:18.464+0000] {taskinstance.py:1087} INFO - Dependencies all met for <TaskInstance: CSV_2_DB.First_task_update manual__2022-12-06T13:44:16.848607+00:00 [queued]>
[2022-12-06T13:44:18.478+0000] {taskinstance.py:1087} INFO - Dependencies all met for <TaskInstance: CSV_2_DB.First_task_update manual__2022-12-06T13:44:16.848607+00:00 [queued]>
[2022-12-06T13:44:18.479+0000] {taskinstance.py:1283} INFO - 
--------------------------------------------------------------------------------
[2022-12-06T13:44:18.480+0000] {taskinstance.py:1284} INFO - Starting attempt 1 of 6
[2022-12-06T13:44:18.481+0000] {taskinstance.py:1285} INFO - 
--------------------------------------------------------------------------------
[2022-12-06T13:44:18.498+0000] {taskinstance.py:1304} INFO - Executing <Task(PythonOperator): First_task_update> on 2022-12-06 13:44:16.848607+00:00
[2022-12-06T13:44:18.505+0000] {standard_task_runner.py:55} INFO - Started process 5089 to run task
[2022-12-06T13:44:18.509+0000] {standard_task_runner.py:82} INFO - Running: ['***', 'tasks', 'run', 'CSV_2_DB', 'First_task_update', 'manual__2022-12-06T13:44:16.848607+00:00', '--job-id', '4', '--raw', '--subdir', 'DAGS_FOLDER/dag_csv_to_db.py', '--cfg-path', '/tmp/tmpujs0h2sa']
[2022-12-06T13:44:18.512+0000] {standard_task_runner.py:83} INFO - Job 4: Subtask First_task_update
[2022-12-06T13:44:18.593+0000] {task_command.py:389} INFO - Running <TaskInstance: CSV_2_DB.First_task_update manual__2022-12-06T13:44:16.848607+00:00 [running]> on host ecf4c7a56b04
[2022-12-06T13:44:18.680+0000] {taskinstance.py:1513} INFO - Exporting the following env vars:
AIRFLOW_CTX_DAG_OWNER=Martin_Jurado
AIRFLOW_CTX_DAG_ID=CSV_2_DB
AIRFLOW_CTX_TASK_ID=First_task_update
AIRFLOW_CTX_EXECUTION_DATE=2022-12-06T13:44:16.848607+00:00
AIRFLOW_CTX_TRY_NUMBER=1
AIRFLOW_CTX_DAG_RUN_ID=manual__2022-12-06T13:44:16.848607+00:00
[2022-12-06T13:44:18.723+0000] {logging_mixin.py:137} INFO - [(4, '/opt/***/code_data/departments.csv', 200, 13)] 1
[2022-12-06T13:44:18.724+0000] {logging_mixin.py:137} INFO - Applying conditions
[2022-12-06T13:44:18.725+0000] {logging_mixin.py:137} INFO - There were no changes
[2022-12-06T13:44:18.780+0000] {logging_mixin.py:137} INFO - [(5, '/opt/***/code_data/jobs.csv', 4421, 183)] 1
[2022-12-06T13:44:18.782+0000] {logging_mixin.py:137} INFO - Applying conditions
[2022-12-06T13:44:18.784+0000] {logging_mixin.py:137} INFO - There were no changes
[2022-12-06T13:44:18.850+0000] {logging_mixin.py:137} INFO - [(6, '/opt/***/code_data/z_hired_employees.csv', 92979, 2000)] 1
[2022-12-06T13:44:18.853+0000] {logging_mixin.py:137} INFO - Applying conditions
[2022-12-06T13:44:18.855+0000] {logging_mixin.py:137} INFO - There were no changes
[2022-12-06T13:44:18.903+0000] {logging_mixin.py:137} INFO - [(4, '/opt/***/code_data/departments.csv', 200, 13)] 1
[2022-12-06T13:44:18.904+0000] {logging_mixin.py:137} INFO - Applying conditions
[2022-12-06T13:44:18.905+0000] {logging_mixin.py:137} INFO - There were no changes
[2022-12-06T13:44:18.948+0000] {logging_mixin.py:137} INFO - [(5, '/opt/***/code_data/jobs.csv', 4421, 183)] 1
[2022-12-06T13:44:18.950+0000] {logging_mixin.py:137} INFO - Applying conditions
[2022-12-06T13:44:18.953+0000] {logging_mixin.py:137} INFO - There were no changes
[2022-12-06T13:44:18.994+0000] {logging_mixin.py:137} INFO - [(6, '/opt/***/code_data/z_hired_employees.csv', 92979, 2000)] 1
[2022-12-06T13:44:18.995+0000] {logging_mixin.py:137} INFO - Applying conditions
[2022-12-06T13:44:18.996+0000] {logging_mixin.py:137} INFO - There were no changes
[2022-12-06T13:44:18.997+0000] {python.py:177} INFO - Done. Returned value was: None
[2022-12-06T13:44:19.012+0000] {taskinstance.py:1327} INFO - Marking task as SUCCESS. dag_id=CSV_2_DB, task_id=First_task_update, execution_date=20221206T134416, start_date=20221206T134418, end_date=20221206T134419
[2022-12-06T13:44:19.045+0000] {local_task_job.py:159} INFO - Task exited with return code 0
[2022-12-06T13:44:19.076+0000] {taskinstance.py:2582} INFO - 0 downstream tasks scheduled from follow-on schedule check
