[2022-12-07T01:02:56.268+0000] {taskinstance.py:1087} INFO - Dependencies all met for <TaskInstance: CSV_2_DB.First_task_update manual__2022-12-07T01:02:55.285576+00:00 [queued]>
[2022-12-07T01:02:56.284+0000] {taskinstance.py:1087} INFO - Dependencies all met for <TaskInstance: CSV_2_DB.First_task_update manual__2022-12-07T01:02:55.285576+00:00 [queued]>
[2022-12-07T01:02:56.286+0000] {taskinstance.py:1283} INFO - 
--------------------------------------------------------------------------------
[2022-12-07T01:02:56.287+0000] {taskinstance.py:1284} INFO - Starting attempt 1 of 6
[2022-12-07T01:02:56.288+0000] {taskinstance.py:1285} INFO - 
--------------------------------------------------------------------------------
[2022-12-07T01:02:56.313+0000] {taskinstance.py:1304} INFO - Executing <Task(PythonOperator): First_task_update> on 2022-12-07 01:02:55.285576+00:00
[2022-12-07T01:02:56.323+0000] {standard_task_runner.py:55} INFO - Started process 36172 to run task
[2022-12-07T01:02:56.329+0000] {standard_task_runner.py:82} INFO - Running: ['***', 'tasks', 'run', 'CSV_2_DB', 'First_task_update', 'manual__2022-12-07T01:02:55.285576+00:00', '--job-id', '22', '--raw', '--subdir', 'DAGS_FOLDER/dag_csv_to_db.py', '--cfg-path', '/tmp/tmp6_g3bnos']
[2022-12-07T01:02:56.333+0000] {standard_task_runner.py:83} INFO - Job 22: Subtask First_task_update
[2022-12-07T01:02:56.444+0000] {task_command.py:389} INFO - Running <TaskInstance: CSV_2_DB.First_task_update manual__2022-12-07T01:02:55.285576+00:00 [running]> on host ecf4c7a56b04
[2022-12-07T01:02:56.547+0000] {taskinstance.py:1513} INFO - Exporting the following env vars:
AIRFLOW_CTX_DAG_OWNER=Martin_Jurado
AIRFLOW_CTX_DAG_ID=CSV_2_DB
AIRFLOW_CTX_TASK_ID=First_task_update
AIRFLOW_CTX_EXECUTION_DATE=2022-12-07T01:02:55.285576+00:00
AIRFLOW_CTX_TRY_NUMBER=1
AIRFLOW_CTX_DAG_RUN_ID=manual__2022-12-07T01:02:55.285576+00:00
[2022-12-07T01:02:56.614+0000] {logging_mixin.py:137} INFO - [] 0
[2022-12-07T01:02:56.616+0000] {logging_mixin.py:137} INFO - True False False
[2022-12-07T01:02:57.216+0000] {logging_mixin.py:137} INFO - inserto todo
[2022-12-07T01:02:57.266+0000] {logging_mixin.py:137} INFO - [] 0
[2022-12-07T01:02:57.268+0000] {logging_mixin.py:137} INFO - False False True
[2022-12-07T01:03:03.921+0000] {logging_mixin.py:137} INFO - inserto todo
[2022-12-07T01:03:03.960+0000] {logging_mixin.py:137} INFO - [] 0
[2022-12-07T01:03:03.962+0000] {logging_mixin.py:137} INFO - False True False
[2022-12-07T01:04:30.336+0000] {logging_mixin.py:137} INFO - inserto todo
[2022-12-07T01:04:30.339+0000] {python.py:177} INFO - Done. Returned value was: None
[2022-12-07T01:04:30.363+0000] {taskinstance.py:1327} INFO - Marking task as SUCCESS. dag_id=CSV_2_DB, task_id=First_task_update, execution_date=20221207T010255, start_date=20221207T010256, end_date=20221207T010430
[2022-12-07T01:04:30.407+0000] {local_task_job.py:159} INFO - Task exited with return code 0
[2022-12-07T01:04:30.434+0000] {taskinstance.py:2582} INFO - 0 downstream tasks scheduled from follow-on schedule check
