[2022-12-12T01:36:36.193+0000] {taskinstance.py:1087} INFO - Dependencies all met for <TaskInstance: CSV_2_DB.First_task_update scheduled__2022-12-12T00:00:00+00:00 [queued]>
[2022-12-12T01:36:36.215+0000] {taskinstance.py:1087} INFO - Dependencies all met for <TaskInstance: CSV_2_DB.First_task_update scheduled__2022-12-12T00:00:00+00:00 [queued]>
[2022-12-12T01:36:36.216+0000] {taskinstance.py:1283} INFO - 
--------------------------------------------------------------------------------
[2022-12-12T01:36:36.217+0000] {taskinstance.py:1284} INFO - Starting attempt 1 of 6
[2022-12-12T01:36:36.219+0000] {taskinstance.py:1285} INFO - 
--------------------------------------------------------------------------------
[2022-12-12T01:36:36.259+0000] {taskinstance.py:1304} INFO - Executing <Task(PythonOperator): First_task_update> on 2022-12-12 00:00:00+00:00
[2022-12-12T01:36:36.277+0000] {standard_task_runner.py:55} INFO - Started process 23301 to run task
[2022-12-12T01:36:36.286+0000] {standard_task_runner.py:82} INFO - Running: ['***', 'tasks', 'run', 'CSV_2_DB', 'First_task_update', 'scheduled__2022-12-12T00:00:00+00:00', '--job-id', '144', '--raw', '--subdir', 'DAGS_FOLDER/dag_csv_to_db.py', '--cfg-path', '/tmp/tmpegj8efr0']
[2022-12-12T01:36:36.292+0000] {standard_task_runner.py:83} INFO - Job 144: Subtask First_task_update
[2022-12-12T01:36:36.594+0000] {task_command.py:389} INFO - Running <TaskInstance: CSV_2_DB.First_task_update scheduled__2022-12-12T00:00:00+00:00 [running]> on host c4fdd5f7672d
[2022-12-12T01:36:36.834+0000] {taskinstance.py:1513} INFO - Exporting the following env vars:
AIRFLOW_CTX_DAG_OWNER=Martin_Jurado
AIRFLOW_CTX_DAG_ID=CSV_2_DB
AIRFLOW_CTX_TASK_ID=First_task_update
AIRFLOW_CTX_EXECUTION_DATE=2022-12-12T00:00:00+00:00
AIRFLOW_CTX_TRY_NUMBER=1
AIRFLOW_CTX_DAG_RUN_ID=scheduled__2022-12-12T00:00:00+00:00
[2022-12-12T01:36:36.935+0000] {logging_mixin.py:137} INFO - [(1, '/opt/***/code_data/departments.csv', 193, 12)] 1
[2022-12-12T01:36:36.937+0000] {logging_mixin.py:137} INFO - Applying conditions
[2022-12-12T01:36:36.938+0000] {logging_mixin.py:137} INFO - There were no changes
[2022-12-12T01:36:37.012+0000] {logging_mixin.py:137} INFO - [(2, '/opt/***/code_data/jobs.csv', 4425, 183)] 1
[2022-12-12T01:36:37.013+0000] {logging_mixin.py:137} INFO - Applying conditions
[2022-12-12T01:36:37.015+0000] {logging_mixin.py:137} INFO - There were no changes
[2022-12-12T01:36:37.080+0000] {logging_mixin.py:137} INFO - [(3, '/opt/***/code_data/z_hired_employees.csv', 92935, 1999)] 1
[2022-12-12T01:36:37.082+0000] {logging_mixin.py:137} INFO - Applying conditions
[2022-12-12T01:36:37.084+0000] {logging_mixin.py:137} INFO - There were no changes
[2022-12-12T01:36:37.087+0000] {python.py:177} INFO - Done. Returned value was: None
[2022-12-12T01:36:37.102+0000] {taskinstance.py:1327} INFO - Marking task as SUCCESS. dag_id=CSV_2_DB, task_id=First_task_update, execution_date=20221212T000000, start_date=20221212T013636, end_date=20221212T013637
[2022-12-12T01:36:37.177+0000] {local_task_job.py:159} INFO - Task exited with return code 0
[2022-12-12T01:36:37.262+0000] {taskinstance.py:2582} INFO - 0 downstream tasks scheduled from follow-on schedule check
