[2022-12-06T18:02:04.548+0000] {taskinstance.py:1087} INFO - Dependencies all met for <TaskInstance: CSV_2_DB.First_task_update manual__2022-12-06T18:02:03.307012+00:00 [queued]>
[2022-12-06T18:02:04.561+0000] {taskinstance.py:1087} INFO - Dependencies all met for <TaskInstance: CSV_2_DB.First_task_update manual__2022-12-06T18:02:03.307012+00:00 [queued]>
[2022-12-06T18:02:04.563+0000] {taskinstance.py:1283} INFO - 
--------------------------------------------------------------------------------
[2022-12-06T18:02:04.564+0000] {taskinstance.py:1284} INFO - Starting attempt 1 of 6
[2022-12-06T18:02:04.564+0000] {taskinstance.py:1285} INFO - 
--------------------------------------------------------------------------------
[2022-12-06T18:02:04.584+0000] {taskinstance.py:1304} INFO - Executing <Task(PythonOperator): First_task_update> on 2022-12-06 18:02:03.307012+00:00
[2022-12-06T18:02:04.591+0000] {standard_task_runner.py:55} INFO - Started process 19794 to run task
[2022-12-06T18:02:04.597+0000] {standard_task_runner.py:82} INFO - Running: ['***', 'tasks', 'run', 'CSV_2_DB', 'First_task_update', 'manual__2022-12-06T18:02:03.307012+00:00', '--job-id', '13', '--raw', '--subdir', 'DAGS_FOLDER/dag_csv_to_db.py', '--cfg-path', '/tmp/tmpdfw1l3dv']
[2022-12-06T18:02:04.601+0000] {standard_task_runner.py:83} INFO - Job 13: Subtask First_task_update
[2022-12-06T18:02:04.706+0000] {task_command.py:389} INFO - Running <TaskInstance: CSV_2_DB.First_task_update manual__2022-12-06T18:02:03.307012+00:00 [running]> on host ecf4c7a56b04
[2022-12-06T18:02:04.826+0000] {taskinstance.py:1513} INFO - Exporting the following env vars:
AIRFLOW_CTX_DAG_OWNER=Martin_Jurado
AIRFLOW_CTX_DAG_ID=CSV_2_DB
AIRFLOW_CTX_TASK_ID=First_task_update
AIRFLOW_CTX_EXECUTION_DATE=2022-12-06T18:02:03.307012+00:00
AIRFLOW_CTX_TRY_NUMBER=1
AIRFLOW_CTX_DAG_RUN_ID=manual__2022-12-06T18:02:03.307012+00:00
[2022-12-06T18:02:04.879+0000] {logging_mixin.py:137} INFO - [(1, '/opt/***/code_data/departments.csv', 200, 13)] 1
[2022-12-06T18:02:04.880+0000] {logging_mixin.py:137} INFO - Applying conditions
[2022-12-06T18:02:04.881+0000] {logging_mixin.py:137} INFO - There were no changes
[2022-12-06T18:02:04.921+0000] {logging_mixin.py:137} INFO - [(2, '/opt/***/code_data/jobs.csv', 4421, 183)] 1
[2022-12-06T18:02:04.922+0000] {logging_mixin.py:137} INFO - Applying conditions
[2022-12-06T18:02:04.923+0000] {logging_mixin.py:137} INFO - The file resized
[2022-12-06T18:02:04.925+0000] {logging_mixin.py:137} INFO - False False True
[2022-12-06T18:02:04.967+0000] {logging_mixin.py:137} INFO - Applying conditions
[2022-12-06T18:02:05.164+0000] {logging_mixin.py:137} INFO - [(3, '/opt/***/code_data/z_hired_employees.csv', 92979, 2000)] 1
[2022-12-06T18:02:05.166+0000] {logging_mixin.py:137} INFO - Applying conditions
[2022-12-06T18:02:05.167+0000] {logging_mixin.py:137} INFO - There were no changes
[2022-12-06T18:02:05.168+0000] {python.py:177} INFO - Done. Returned value was: None
[2022-12-06T18:02:05.186+0000] {taskinstance.py:1327} INFO - Marking task as SUCCESS. dag_id=CSV_2_DB, task_id=First_task_update, execution_date=20221206T180203, start_date=20221206T180204, end_date=20221206T180205
[2022-12-06T18:02:05.253+0000] {local_task_job.py:159} INFO - Task exited with return code 0
[2022-12-06T18:02:05.285+0000] {taskinstance.py:2582} INFO - 0 downstream tasks scheduled from follow-on schedule check
