[2022-12-10T01:03:42.684+0000] {processor.py:153} INFO - Started process (PID=16057) to work on /opt/airflow/dags/dag_back_in_avro.py
[2022-12-10T01:03:42.689+0000] {processor.py:743} INFO - Processing file /opt/airflow/dags/dag_back_in_avro.py for tasks to queue
[2022-12-10T01:03:42.694+0000] {logging_mixin.py:137} INFO - [2022-12-10T01:03:42.693+0000] {dagbag.py:538} INFO - Filling up the DagBag from /opt/airflow/dags/dag_back_in_avro.py
[2022-12-10T01:03:46.102+0000] {processor.py:753} INFO - DAG(s) dict_keys(['back_in_avro']) retrieved from /opt/airflow/dags/dag_back_in_avro.py
[2022-12-10T01:03:46.608+0000] {logging_mixin.py:137} INFO - [2022-12-10T01:03:46.601+0000] {dag.py:2676} INFO - Sync 1 DAGs
[2022-12-10T01:03:47.892+0000] {logging_mixin.py:137} INFO - [2022-12-10T01:03:47.891+0000] {dag.py:3427} INFO - Setting next_dagrun for back_in_avro to 2022-12-10T01:00:00+00:00, run_after=2022-12-10T02:00:00+00:00
[2022-12-10T01:03:47.990+0000] {processor.py:175} INFO - Processing /opt/airflow/dags/dag_back_in_avro.py took 5.327 seconds
[2022-12-10T01:04:18.197+0000] {processor.py:153} INFO - Started process (PID=16107) to work on /opt/airflow/dags/dag_back_in_avro.py
[2022-12-10T01:04:18.199+0000] {processor.py:743} INFO - Processing file /opt/airflow/dags/dag_back_in_avro.py for tasks to queue
[2022-12-10T01:04:18.201+0000] {logging_mixin.py:137} INFO - [2022-12-10T01:04:18.201+0000] {dagbag.py:538} INFO - Filling up the DagBag from /opt/airflow/dags/dag_back_in_avro.py
[2022-12-10T01:04:18.573+0000] {processor.py:753} INFO - DAG(s) dict_keys(['back_in_avro']) retrieved from /opt/airflow/dags/dag_back_in_avro.py
[2022-12-10T01:04:18.653+0000] {logging_mixin.py:137} INFO - [2022-12-10T01:04:18.653+0000] {dag.py:2676} INFO - Sync 1 DAGs
[2022-12-10T01:04:18.966+0000] {logging_mixin.py:137} INFO - [2022-12-10T01:04:18.966+0000] {dag.py:3427} INFO - Setting next_dagrun for back_in_avro to 2022-12-10T01:00:00+00:00, run_after=2022-12-10T02:00:00+00:00
[2022-12-10T01:04:19.019+0000] {processor.py:175} INFO - Processing /opt/airflow/dags/dag_back_in_avro.py took 0.828 seconds
[2022-12-10T01:04:49.295+0000] {processor.py:153} INFO - Started process (PID=16148) to work on /opt/airflow/dags/dag_back_in_avro.py
[2022-12-10T01:04:49.300+0000] {processor.py:743} INFO - Processing file /opt/airflow/dags/dag_back_in_avro.py for tasks to queue
[2022-12-10T01:04:49.302+0000] {logging_mixin.py:137} INFO - [2022-12-10T01:04:49.302+0000] {dagbag.py:538} INFO - Filling up the DagBag from /opt/airflow/dags/dag_back_in_avro.py
[2022-12-10T01:04:49.718+0000] {processor.py:753} INFO - DAG(s) dict_keys(['back_in_avro']) retrieved from /opt/airflow/dags/dag_back_in_avro.py
[2022-12-10T01:04:49.770+0000] {logging_mixin.py:137} INFO - [2022-12-10T01:04:49.768+0000] {dag.py:2676} INFO - Sync 1 DAGs
[2022-12-10T01:04:49.981+0000] {logging_mixin.py:137} INFO - [2022-12-10T01:04:49.981+0000] {dag.py:3427} INFO - Setting next_dagrun for back_in_avro to 2022-12-10T01:00:00+00:00, run_after=2022-12-10T02:00:00+00:00
[2022-12-10T01:04:50.010+0000] {processor.py:175} INFO - Processing /opt/airflow/dags/dag_back_in_avro.py took 0.725 seconds
[2022-12-10T01:05:20.212+0000] {processor.py:153} INFO - Started process (PID=16181) to work on /opt/airflow/dags/dag_back_in_avro.py
[2022-12-10T01:05:20.214+0000] {processor.py:743} INFO - Processing file /opt/airflow/dags/dag_back_in_avro.py for tasks to queue
[2022-12-10T01:05:20.216+0000] {logging_mixin.py:137} INFO - [2022-12-10T01:05:20.216+0000] {dagbag.py:538} INFO - Filling up the DagBag from /opt/airflow/dags/dag_back_in_avro.py
[2022-12-10T01:05:20.532+0000] {processor.py:753} INFO - DAG(s) dict_keys(['back_in_avro']) retrieved from /opt/airflow/dags/dag_back_in_avro.py
[2022-12-10T01:05:20.730+0000] {logging_mixin.py:137} INFO - [2022-12-10T01:05:20.730+0000] {dag.py:2676} INFO - Sync 1 DAGs
[2022-12-10T01:05:20.769+0000] {logging_mixin.py:137} INFO - [2022-12-10T01:05:20.769+0000] {dag.py:3427} INFO - Setting next_dagrun for back_in_avro to 2022-12-10T01:00:00+00:00, run_after=2022-12-10T02:00:00+00:00
[2022-12-10T01:05:20.801+0000] {processor.py:175} INFO - Processing /opt/airflow/dags/dag_back_in_avro.py took 0.595 seconds
[2022-12-10T01:05:51.026+0000] {processor.py:153} INFO - Started process (PID=16230) to work on /opt/airflow/dags/dag_back_in_avro.py
[2022-12-10T01:05:51.028+0000] {processor.py:743} INFO - Processing file /opt/airflow/dags/dag_back_in_avro.py for tasks to queue
[2022-12-10T01:05:51.030+0000] {logging_mixin.py:137} INFO - [2022-12-10T01:05:51.030+0000] {dagbag.py:538} INFO - Filling up the DagBag from /opt/airflow/dags/dag_back_in_avro.py
[2022-12-10T01:05:51.538+0000] {processor.py:753} INFO - DAG(s) dict_keys(['back_in_avro']) retrieved from /opt/airflow/dags/dag_back_in_avro.py
[2022-12-10T01:05:51.740+0000] {logging_mixin.py:137} INFO - [2022-12-10T01:05:51.740+0000] {dag.py:2676} INFO - Sync 1 DAGs
[2022-12-10T01:05:51.775+0000] {logging_mixin.py:137} INFO - [2022-12-10T01:05:51.775+0000] {dag.py:3427} INFO - Setting next_dagrun for back_in_avro to 2022-12-10T01:00:00+00:00, run_after=2022-12-10T02:00:00+00:00
[2022-12-10T01:05:51.801+0000] {processor.py:175} INFO - Processing /opt/airflow/dags/dag_back_in_avro.py took 0.788 seconds
[2022-12-10T01:06:22.033+0000] {processor.py:153} INFO - Started process (PID=16265) to work on /opt/airflow/dags/dag_back_in_avro.py
[2022-12-10T01:06:22.036+0000] {processor.py:743} INFO - Processing file /opt/airflow/dags/dag_back_in_avro.py for tasks to queue
[2022-12-10T01:06:22.037+0000] {logging_mixin.py:137} INFO - [2022-12-10T01:06:22.037+0000] {dagbag.py:538} INFO - Filling up the DagBag from /opt/airflow/dags/dag_back_in_avro.py
[2022-12-10T01:06:22.341+0000] {processor.py:753} INFO - DAG(s) dict_keys(['back_in_avro']) retrieved from /opt/airflow/dags/dag_back_in_avro.py
[2022-12-10T01:06:22.396+0000] {logging_mixin.py:137} INFO - [2022-12-10T01:06:22.395+0000] {dag.py:2676} INFO - Sync 1 DAGs
[2022-12-10T01:06:22.436+0000] {logging_mixin.py:137} INFO - [2022-12-10T01:06:22.436+0000] {dag.py:3427} INFO - Setting next_dagrun for back_in_avro to 2022-12-10T01:00:00+00:00, run_after=2022-12-10T02:00:00+00:00
[2022-12-10T01:06:22.483+0000] {processor.py:175} INFO - Processing /opt/airflow/dags/dag_back_in_avro.py took 0.454 seconds
[2022-12-10T01:06:52.681+0000] {processor.py:153} INFO - Started process (PID=16307) to work on /opt/airflow/dags/dag_back_in_avro.py
[2022-12-10T01:06:52.683+0000] {processor.py:743} INFO - Processing file /opt/airflow/dags/dag_back_in_avro.py for tasks to queue
[2022-12-10T01:06:52.685+0000] {logging_mixin.py:137} INFO - [2022-12-10T01:06:52.685+0000] {dagbag.py:538} INFO - Filling up the DagBag from /opt/airflow/dags/dag_back_in_avro.py
[2022-12-10T01:06:53.020+0000] {processor.py:753} INFO - DAG(s) dict_keys(['back_in_avro']) retrieved from /opt/airflow/dags/dag_back_in_avro.py
[2022-12-10T01:06:53.072+0000] {logging_mixin.py:137} INFO - [2022-12-10T01:06:53.071+0000] {dag.py:2676} INFO - Sync 1 DAGs
[2022-12-10T01:06:53.115+0000] {logging_mixin.py:137} INFO - [2022-12-10T01:06:53.115+0000] {dag.py:3427} INFO - Setting next_dagrun for back_in_avro to 2022-12-10T01:00:00+00:00, run_after=2022-12-10T02:00:00+00:00
[2022-12-10T01:06:53.305+0000] {processor.py:175} INFO - Processing /opt/airflow/dags/dag_back_in_avro.py took 0.630 seconds
[2022-12-10T01:07:23.499+0000] {processor.py:153} INFO - Started process (PID=16349) to work on /opt/airflow/dags/dag_back_in_avro.py
[2022-12-10T01:07:23.502+0000] {processor.py:743} INFO - Processing file /opt/airflow/dags/dag_back_in_avro.py for tasks to queue
[2022-12-10T01:07:23.505+0000] {logging_mixin.py:137} INFO - [2022-12-10T01:07:23.505+0000] {dagbag.py:538} INFO - Filling up the DagBag from /opt/airflow/dags/dag_back_in_avro.py
[2022-12-10T01:07:23.914+0000] {processor.py:753} INFO - DAG(s) dict_keys(['back_in_avro']) retrieved from /opt/airflow/dags/dag_back_in_avro.py
[2022-12-10T01:07:23.981+0000] {logging_mixin.py:137} INFO - [2022-12-10T01:07:23.980+0000] {dag.py:2676} INFO - Sync 1 DAGs
[2022-12-10T01:07:24.169+0000] {logging_mixin.py:137} INFO - [2022-12-10T01:07:24.169+0000] {dag.py:3427} INFO - Setting next_dagrun for back_in_avro to 2022-12-10T01:00:00+00:00, run_after=2022-12-10T02:00:00+00:00
[2022-12-10T01:07:24.198+0000] {processor.py:175} INFO - Processing /opt/airflow/dags/dag_back_in_avro.py took 0.705 seconds
[2022-12-10T01:07:54.399+0000] {processor.py:153} INFO - Started process (PID=16384) to work on /opt/airflow/dags/dag_back_in_avro.py
[2022-12-10T01:07:54.401+0000] {processor.py:743} INFO - Processing file /opt/airflow/dags/dag_back_in_avro.py for tasks to queue
[2022-12-10T01:07:54.402+0000] {logging_mixin.py:137} INFO - [2022-12-10T01:07:54.402+0000] {dagbag.py:538} INFO - Filling up the DagBag from /opt/airflow/dags/dag_back_in_avro.py
[2022-12-10T01:07:54.750+0000] {processor.py:753} INFO - DAG(s) dict_keys(['back_in_avro']) retrieved from /opt/airflow/dags/dag_back_in_avro.py
[2022-12-10T01:07:54.808+0000] {logging_mixin.py:137} INFO - [2022-12-10T01:07:54.807+0000] {dag.py:2676} INFO - Sync 1 DAGs
[2022-12-10T01:07:55.008+0000] {logging_mixin.py:137} INFO - [2022-12-10T01:07:55.008+0000] {dag.py:3427} INFO - Setting next_dagrun for back_in_avro to 2022-12-10T01:00:00+00:00, run_after=2022-12-10T02:00:00+00:00
[2022-12-10T01:07:55.042+0000] {processor.py:175} INFO - Processing /opt/airflow/dags/dag_back_in_avro.py took 0.647 seconds
[2022-12-10T01:08:25.275+0000] {processor.py:153} INFO - Started process (PID=16426) to work on /opt/airflow/dags/dag_back_in_avro.py
[2022-12-10T01:08:25.277+0000] {processor.py:743} INFO - Processing file /opt/airflow/dags/dag_back_in_avro.py for tasks to queue
[2022-12-10T01:08:25.278+0000] {logging_mixin.py:137} INFO - [2022-12-10T01:08:25.278+0000] {dagbag.py:538} INFO - Filling up the DagBag from /opt/airflow/dags/dag_back_in_avro.py
[2022-12-10T01:08:25.617+0000] {processor.py:753} INFO - DAG(s) dict_keys(['back_in_avro']) retrieved from /opt/airflow/dags/dag_back_in_avro.py
[2022-12-10T01:08:25.792+0000] {logging_mixin.py:137} INFO - [2022-12-10T01:08:25.657+0000] {dag.py:2676} INFO - Sync 1 DAGs
[2022-12-10T01:08:25.827+0000] {logging_mixin.py:137} INFO - [2022-12-10T01:08:25.827+0000] {dag.py:3427} INFO - Setting next_dagrun for back_in_avro to 2022-12-10T01:00:00+00:00, run_after=2022-12-10T02:00:00+00:00
[2022-12-10T01:08:25.851+0000] {processor.py:175} INFO - Processing /opt/airflow/dags/dag_back_in_avro.py took 0.580 seconds
[2022-12-10T01:08:56.012+0000] {processor.py:153} INFO - Started process (PID=16466) to work on /opt/airflow/dags/dag_back_in_avro.py
[2022-12-10T01:08:56.014+0000] {processor.py:743} INFO - Processing file /opt/airflow/dags/dag_back_in_avro.py for tasks to queue
[2022-12-10T01:08:56.015+0000] {logging_mixin.py:137} INFO - [2022-12-10T01:08:56.015+0000] {dagbag.py:538} INFO - Filling up the DagBag from /opt/airflow/dags/dag_back_in_avro.py
[2022-12-10T01:08:56.324+0000] {processor.py:753} INFO - DAG(s) dict_keys(['back_in_avro']) retrieved from /opt/airflow/dags/dag_back_in_avro.py
[2022-12-10T01:08:56.510+0000] {logging_mixin.py:137} INFO - [2022-12-10T01:08:56.509+0000] {dag.py:2676} INFO - Sync 1 DAGs
[2022-12-10T01:08:56.543+0000] {logging_mixin.py:137} INFO - [2022-12-10T01:08:56.543+0000] {dag.py:3427} INFO - Setting next_dagrun for back_in_avro to 2022-12-10T01:00:00+00:00, run_after=2022-12-10T02:00:00+00:00
[2022-12-10T01:08:56.565+0000] {processor.py:175} INFO - Processing /opt/airflow/dags/dag_back_in_avro.py took 0.558 seconds
[2022-12-10T01:09:26.770+0000] {processor.py:153} INFO - Started process (PID=16498) to work on /opt/airflow/dags/dag_back_in_avro.py
[2022-12-10T01:09:26.772+0000] {processor.py:743} INFO - Processing file /opt/airflow/dags/dag_back_in_avro.py for tasks to queue
[2022-12-10T01:09:26.774+0000] {logging_mixin.py:137} INFO - [2022-12-10T01:09:26.773+0000] {dagbag.py:538} INFO - Filling up the DagBag from /opt/airflow/dags/dag_back_in_avro.py
[2022-12-10T01:09:27.232+0000] {processor.py:753} INFO - DAG(s) dict_keys(['back_in_avro']) retrieved from /opt/airflow/dags/dag_back_in_avro.py
[2022-12-10T01:09:27.290+0000] {logging_mixin.py:137} INFO - [2022-12-10T01:09:27.290+0000] {dag.py:2676} INFO - Sync 1 DAGs
[2022-12-10T01:09:27.325+0000] {logging_mixin.py:137} INFO - [2022-12-10T01:09:27.325+0000] {dag.py:3427} INFO - Setting next_dagrun for back_in_avro to 2022-12-10T01:00:00+00:00, run_after=2022-12-10T02:00:00+00:00
[2022-12-10T01:09:27.352+0000] {processor.py:175} INFO - Processing /opt/airflow/dags/dag_back_in_avro.py took 0.590 seconds
[2022-12-10T01:09:57.424+0000] {processor.py:153} INFO - Started process (PID=16546) to work on /opt/airflow/dags/dag_back_in_avro.py
[2022-12-10T01:09:57.426+0000] {processor.py:743} INFO - Processing file /opt/airflow/dags/dag_back_in_avro.py for tasks to queue
[2022-12-10T01:09:57.428+0000] {logging_mixin.py:137} INFO - [2022-12-10T01:09:57.428+0000] {dagbag.py:538} INFO - Filling up the DagBag from /opt/airflow/dags/dag_back_in_avro.py
[2022-12-10T01:09:57.701+0000] {processor.py:753} INFO - DAG(s) dict_keys(['back_in_avro']) retrieved from /opt/airflow/dags/dag_back_in_avro.py
[2022-12-10T01:09:57.753+0000] {logging_mixin.py:137} INFO - [2022-12-10T01:09:57.753+0000] {dag.py:2676} INFO - Sync 1 DAGs
[2022-12-10T01:09:57.790+0000] {logging_mixin.py:137} INFO - [2022-12-10T01:09:57.790+0000] {dag.py:3427} INFO - Setting next_dagrun for back_in_avro to 2022-12-10T01:00:00+00:00, run_after=2022-12-10T02:00:00+00:00
[2022-12-10T01:09:57.962+0000] {processor.py:175} INFO - Processing /opt/airflow/dags/dag_back_in_avro.py took 0.543 seconds
[2022-12-10T01:10:28.062+0000] {processor.py:153} INFO - Started process (PID=16578) to work on /opt/airflow/dags/dag_back_in_avro.py
[2022-12-10T01:10:28.065+0000] {processor.py:743} INFO - Processing file /opt/airflow/dags/dag_back_in_avro.py for tasks to queue
[2022-12-10T01:10:28.067+0000] {logging_mixin.py:137} INFO - [2022-12-10T01:10:28.067+0000] {dagbag.py:538} INFO - Filling up the DagBag from /opt/airflow/dags/dag_back_in_avro.py
[2022-12-10T01:10:28.431+0000] {processor.py:753} INFO - DAG(s) dict_keys(['back_in_avro']) retrieved from /opt/airflow/dags/dag_back_in_avro.py
[2022-12-10T01:10:28.484+0000] {logging_mixin.py:137} INFO - [2022-12-10T01:10:28.483+0000] {dag.py:2676} INFO - Sync 1 DAGs
[2022-12-10T01:10:28.693+0000] {logging_mixin.py:137} INFO - [2022-12-10T01:10:28.693+0000] {dag.py:3427} INFO - Setting next_dagrun for back_in_avro to 2022-12-10T01:00:00+00:00, run_after=2022-12-10T02:00:00+00:00
[2022-12-10T01:10:28.724+0000] {processor.py:175} INFO - Processing /opt/airflow/dags/dag_back_in_avro.py took 0.666 seconds
[2022-12-10T01:10:58.903+0000] {processor.py:153} INFO - Started process (PID=16627) to work on /opt/airflow/dags/dag_back_in_avro.py
[2022-12-10T01:10:58.905+0000] {processor.py:743} INFO - Processing file /opt/airflow/dags/dag_back_in_avro.py for tasks to queue
[2022-12-10T01:10:58.906+0000] {logging_mixin.py:137} INFO - [2022-12-10T01:10:58.906+0000] {dagbag.py:538} INFO - Filling up the DagBag from /opt/airflow/dags/dag_back_in_avro.py
[2022-12-10T01:10:59.239+0000] {processor.py:753} INFO - DAG(s) dict_keys(['back_in_avro']) retrieved from /opt/airflow/dags/dag_back_in_avro.py
[2022-12-10T01:10:59.294+0000] {logging_mixin.py:137} INFO - [2022-12-10T01:10:59.293+0000] {dag.py:2676} INFO - Sync 1 DAGs
[2022-12-10T01:10:59.501+0000] {logging_mixin.py:137} INFO - [2022-12-10T01:10:59.501+0000] {dag.py:3427} INFO - Setting next_dagrun for back_in_avro to 2022-12-10T01:00:00+00:00, run_after=2022-12-10T02:00:00+00:00
[2022-12-10T01:10:59.530+0000] {processor.py:175} INFO - Processing /opt/airflow/dags/dag_back_in_avro.py took 0.632 seconds
[2022-12-10T01:11:29.717+0000] {processor.py:153} INFO - Started process (PID=16660) to work on /opt/airflow/dags/dag_back_in_avro.py
[2022-12-10T01:11:29.719+0000] {processor.py:743} INFO - Processing file /opt/airflow/dags/dag_back_in_avro.py for tasks to queue
[2022-12-10T01:11:29.720+0000] {logging_mixin.py:137} INFO - [2022-12-10T01:11:29.720+0000] {dagbag.py:538} INFO - Filling up the DagBag from /opt/airflow/dags/dag_back_in_avro.py
[2022-12-10T01:11:30.008+0000] {processor.py:753} INFO - DAG(s) dict_keys(['back_in_avro']) retrieved from /opt/airflow/dags/dag_back_in_avro.py
[2022-12-10T01:11:30.062+0000] {logging_mixin.py:137} INFO - [2022-12-10T01:11:30.061+0000] {dag.py:2676} INFO - Sync 1 DAGs
[2022-12-10T01:11:30.255+0000] {logging_mixin.py:137} INFO - [2022-12-10T01:11:30.255+0000] {dag.py:3427} INFO - Setting next_dagrun for back_in_avro to 2022-12-10T01:00:00+00:00, run_after=2022-12-10T02:00:00+00:00
[2022-12-10T01:11:30.280+0000] {processor.py:175} INFO - Processing /opt/airflow/dags/dag_back_in_avro.py took 0.567 seconds
[2022-12-10T01:12:00.456+0000] {processor.py:153} INFO - Started process (PID=16707) to work on /opt/airflow/dags/dag_back_in_avro.py
[2022-12-10T01:12:00.458+0000] {processor.py:743} INFO - Processing file /opt/airflow/dags/dag_back_in_avro.py for tasks to queue
[2022-12-10T01:12:00.460+0000] {logging_mixin.py:137} INFO - [2022-12-10T01:12:00.460+0000] {dagbag.py:538} INFO - Filling up the DagBag from /opt/airflow/dags/dag_back_in_avro.py
[2022-12-10T01:12:00.818+0000] {processor.py:753} INFO - DAG(s) dict_keys(['back_in_avro']) retrieved from /opt/airflow/dags/dag_back_in_avro.py
[2022-12-10T01:12:01.036+0000] {logging_mixin.py:137} INFO - [2022-12-10T01:12:01.035+0000] {dag.py:2676} INFO - Sync 1 DAGs
[2022-12-10T01:12:01.071+0000] {logging_mixin.py:137} INFO - [2022-12-10T01:12:01.071+0000] {dag.py:3427} INFO - Setting next_dagrun for back_in_avro to 2022-12-10T01:00:00+00:00, run_after=2022-12-10T02:00:00+00:00
[2022-12-10T01:12:01.095+0000] {processor.py:175} INFO - Processing /opt/airflow/dags/dag_back_in_avro.py took 0.644 seconds
[2022-12-10T01:12:31.271+0000] {processor.py:153} INFO - Started process (PID=16739) to work on /opt/airflow/dags/dag_back_in_avro.py
[2022-12-10T01:12:31.273+0000] {processor.py:743} INFO - Processing file /opt/airflow/dags/dag_back_in_avro.py for tasks to queue
[2022-12-10T01:12:31.276+0000] {logging_mixin.py:137} INFO - [2022-12-10T01:12:31.275+0000] {dagbag.py:538} INFO - Filling up the DagBag from /opt/airflow/dags/dag_back_in_avro.py
[2022-12-10T01:12:31.654+0000] {processor.py:753} INFO - DAG(s) dict_keys(['back_in_avro']) retrieved from /opt/airflow/dags/dag_back_in_avro.py
[2022-12-10T01:12:31.707+0000] {logging_mixin.py:137} INFO - [2022-12-10T01:12:31.706+0000] {dag.py:2676} INFO - Sync 1 DAGs
[2022-12-10T01:12:31.743+0000] {logging_mixin.py:137} INFO - [2022-12-10T01:12:31.743+0000] {dag.py:3427} INFO - Setting next_dagrun for back_in_avro to 2022-12-10T01:00:00+00:00, run_after=2022-12-10T02:00:00+00:00
[2022-12-10T01:12:31.768+0000] {processor.py:175} INFO - Processing /opt/airflow/dags/dag_back_in_avro.py took 0.503 seconds
[2022-12-10T01:13:01.865+0000] {processor.py:153} INFO - Started process (PID=16779) to work on /opt/airflow/dags/dag_back_in_avro.py
[2022-12-10T01:13:01.868+0000] {processor.py:743} INFO - Processing file /opt/airflow/dags/dag_back_in_avro.py for tasks to queue
[2022-12-10T01:13:01.871+0000] {logging_mixin.py:137} INFO - [2022-12-10T01:13:01.870+0000] {dagbag.py:538} INFO - Filling up the DagBag from /opt/airflow/dags/dag_back_in_avro.py
[2022-12-10T01:13:02.251+0000] {processor.py:753} INFO - DAG(s) dict_keys(['back_in_avro']) retrieved from /opt/airflow/dags/dag_back_in_avro.py
[2022-12-10T01:13:02.311+0000] {logging_mixin.py:137} INFO - [2022-12-10T01:13:02.310+0000] {dag.py:2676} INFO - Sync 1 DAGs
[2022-12-10T01:13:02.356+0000] {logging_mixin.py:137} INFO - [2022-12-10T01:13:02.355+0000] {dag.py:3427} INFO - Setting next_dagrun for back_in_avro to 2022-12-10T01:00:00+00:00, run_after=2022-12-10T02:00:00+00:00
[2022-12-10T01:13:02.394+0000] {processor.py:175} INFO - Processing /opt/airflow/dags/dag_back_in_avro.py took 0.534 seconds
[2022-12-10T01:13:32.565+0000] {processor.py:153} INFO - Started process (PID=16818) to work on /opt/airflow/dags/dag_back_in_avro.py
[2022-12-10T01:13:32.567+0000] {processor.py:743} INFO - Processing file /opt/airflow/dags/dag_back_in_avro.py for tasks to queue
[2022-12-10T01:13:32.569+0000] {logging_mixin.py:137} INFO - [2022-12-10T01:13:32.569+0000] {dagbag.py:538} INFO - Filling up the DagBag from /opt/airflow/dags/dag_back_in_avro.py
[2022-12-10T01:13:33.011+0000] {processor.py:753} INFO - DAG(s) dict_keys(['back_in_avro']) retrieved from /opt/airflow/dags/dag_back_in_avro.py
[2022-12-10T01:13:33.130+0000] {logging_mixin.py:137} INFO - [2022-12-10T01:13:33.128+0000] {dag.py:2676} INFO - Sync 1 DAGs
[2022-12-10T01:13:33.447+0000] {logging_mixin.py:137} INFO - [2022-12-10T01:13:33.446+0000] {dag.py:3427} INFO - Setting next_dagrun for back_in_avro to 2022-12-10T01:00:00+00:00, run_after=2022-12-10T02:00:00+00:00
[2022-12-10T01:13:33.496+0000] {processor.py:175} INFO - Processing /opt/airflow/dags/dag_back_in_avro.py took 0.941 seconds
[2022-12-10T01:14:03.778+0000] {processor.py:153} INFO - Started process (PID=16854) to work on /opt/airflow/dags/dag_back_in_avro.py
[2022-12-10T01:14:03.781+0000] {processor.py:743} INFO - Processing file /opt/airflow/dags/dag_back_in_avro.py for tasks to queue
[2022-12-10T01:14:03.785+0000] {logging_mixin.py:137} INFO - [2022-12-10T01:14:03.784+0000] {dagbag.py:538} INFO - Filling up the DagBag from /opt/airflow/dags/dag_back_in_avro.py
[2022-12-10T01:14:04.200+0000] {processor.py:753} INFO - DAG(s) dict_keys(['back_in_avro']) retrieved from /opt/airflow/dags/dag_back_in_avro.py
[2022-12-10T01:14:04.257+0000] {logging_mixin.py:137} INFO - [2022-12-10T01:14:04.256+0000] {dag.py:2676} INFO - Sync 1 DAGs
[2022-12-10T01:14:04.474+0000] {logging_mixin.py:137} INFO - [2022-12-10T01:14:04.474+0000] {dag.py:3427} INFO - Setting next_dagrun for back_in_avro to 2022-12-10T01:00:00+00:00, run_after=2022-12-10T02:00:00+00:00
[2022-12-10T01:14:04.506+0000] {processor.py:175} INFO - Processing /opt/airflow/dags/dag_back_in_avro.py took 0.738 seconds
[2022-12-10T01:14:34.734+0000] {processor.py:153} INFO - Started process (PID=16903) to work on /opt/airflow/dags/dag_back_in_avro.py
[2022-12-10T01:14:34.738+0000] {processor.py:743} INFO - Processing file /opt/airflow/dags/dag_back_in_avro.py for tasks to queue
[2022-12-10T01:14:34.740+0000] {logging_mixin.py:137} INFO - [2022-12-10T01:14:34.740+0000] {dagbag.py:538} INFO - Filling up the DagBag from /opt/airflow/dags/dag_back_in_avro.py
[2022-12-10T01:14:35.233+0000] {processor.py:753} INFO - DAG(s) dict_keys(['back_in_avro']) retrieved from /opt/airflow/dags/dag_back_in_avro.py
[2022-12-10T01:14:35.284+0000] {logging_mixin.py:137} INFO - [2022-12-10T01:14:35.283+0000] {dag.py:2676} INFO - Sync 1 DAGs
[2022-12-10T01:14:35.507+0000] {logging_mixin.py:137} INFO - [2022-12-10T01:14:35.507+0000] {dag.py:3427} INFO - Setting next_dagrun for back_in_avro to 2022-12-10T01:00:00+00:00, run_after=2022-12-10T02:00:00+00:00
[2022-12-10T01:14:35.542+0000] {processor.py:175} INFO - Processing /opt/airflow/dags/dag_back_in_avro.py took 0.816 seconds
[2022-12-10T01:15:05.749+0000] {processor.py:153} INFO - Started process (PID=16936) to work on /opt/airflow/dags/dag_back_in_avro.py
[2022-12-10T01:15:05.752+0000] {processor.py:743} INFO - Processing file /opt/airflow/dags/dag_back_in_avro.py for tasks to queue
[2022-12-10T01:15:05.753+0000] {logging_mixin.py:137} INFO - [2022-12-10T01:15:05.753+0000] {dagbag.py:538} INFO - Filling up the DagBag from /opt/airflow/dags/dag_back_in_avro.py
[2022-12-10T01:15:06.117+0000] {processor.py:753} INFO - DAG(s) dict_keys(['back_in_avro']) retrieved from /opt/airflow/dags/dag_back_in_avro.py
[2022-12-10T01:15:06.330+0000] {logging_mixin.py:137} INFO - [2022-12-10T01:15:06.167+0000] {dag.py:2676} INFO - Sync 1 DAGs
[2022-12-10T01:15:06.369+0000] {logging_mixin.py:137} INFO - [2022-12-10T01:15:06.369+0000] {dag.py:3427} INFO - Setting next_dagrun for back_in_avro to 2022-12-10T01:00:00+00:00, run_after=2022-12-10T02:00:00+00:00
[2022-12-10T01:15:06.397+0000] {processor.py:175} INFO - Processing /opt/airflow/dags/dag_back_in_avro.py took 0.652 seconds
[2022-12-10T01:15:36.576+0000] {processor.py:153} INFO - Started process (PID=16985) to work on /opt/airflow/dags/dag_back_in_avro.py
[2022-12-10T01:15:36.582+0000] {processor.py:743} INFO - Processing file /opt/airflow/dags/dag_back_in_avro.py for tasks to queue
[2022-12-10T01:15:36.585+0000] {logging_mixin.py:137} INFO - [2022-12-10T01:15:36.584+0000] {dagbag.py:538} INFO - Filling up the DagBag from /opt/airflow/dags/dag_back_in_avro.py
[2022-12-10T01:15:36.971+0000] {processor.py:753} INFO - DAG(s) dict_keys(['back_in_avro']) retrieved from /opt/airflow/dags/dag_back_in_avro.py
[2022-12-10T01:15:37.212+0000] {logging_mixin.py:137} INFO - [2022-12-10T01:15:37.212+0000] {dag.py:2676} INFO - Sync 1 DAGs
[2022-12-10T01:15:37.257+0000] {logging_mixin.py:137} INFO - [2022-12-10T01:15:37.257+0000] {dag.py:3427} INFO - Setting next_dagrun for back_in_avro to 2022-12-10T01:00:00+00:00, run_after=2022-12-10T02:00:00+00:00
[2022-12-10T01:15:37.289+0000] {processor.py:175} INFO - Processing /opt/airflow/dags/dag_back_in_avro.py took 0.719 seconds
[2022-12-10T01:16:07.454+0000] {processor.py:153} INFO - Started process (PID=17018) to work on /opt/airflow/dags/dag_back_in_avro.py
[2022-12-10T01:16:07.456+0000] {processor.py:743} INFO - Processing file /opt/airflow/dags/dag_back_in_avro.py for tasks to queue
[2022-12-10T01:16:07.458+0000] {logging_mixin.py:137} INFO - [2022-12-10T01:16:07.458+0000] {dagbag.py:538} INFO - Filling up the DagBag from /opt/airflow/dags/dag_back_in_avro.py
[2022-12-10T01:16:07.843+0000] {processor.py:753} INFO - DAG(s) dict_keys(['back_in_avro']) retrieved from /opt/airflow/dags/dag_back_in_avro.py
[2022-12-10T01:16:07.890+0000] {logging_mixin.py:137} INFO - [2022-12-10T01:16:07.889+0000] {dag.py:2676} INFO - Sync 1 DAGs
[2022-12-10T01:16:07.933+0000] {logging_mixin.py:137} INFO - [2022-12-10T01:16:07.932+0000] {dag.py:3427} INFO - Setting next_dagrun for back_in_avro to 2022-12-10T01:00:00+00:00, run_after=2022-12-10T02:00:00+00:00
[2022-12-10T01:16:07.960+0000] {processor.py:175} INFO - Processing /opt/airflow/dags/dag_back_in_avro.py took 0.511 seconds
[2022-12-10T01:16:38.153+0000] {processor.py:153} INFO - Started process (PID=17051) to work on /opt/airflow/dags/dag_back_in_avro.py
[2022-12-10T01:16:38.156+0000] {processor.py:743} INFO - Processing file /opt/airflow/dags/dag_back_in_avro.py for tasks to queue
[2022-12-10T01:16:38.158+0000] {logging_mixin.py:137} INFO - [2022-12-10T01:16:38.158+0000] {dagbag.py:538} INFO - Filling up the DagBag from /opt/airflow/dags/dag_back_in_avro.py
[2022-12-10T01:16:38.556+0000] {processor.py:753} INFO - DAG(s) dict_keys(['back_in_avro']) retrieved from /opt/airflow/dags/dag_back_in_avro.py
[2022-12-10T01:16:38.607+0000] {logging_mixin.py:137} INFO - [2022-12-10T01:16:38.606+0000] {dag.py:2676} INFO - Sync 1 DAGs
[2022-12-10T01:16:38.648+0000] {logging_mixin.py:137} INFO - [2022-12-10T01:16:38.648+0000] {dag.py:3427} INFO - Setting next_dagrun for back_in_avro to 2022-12-10T01:00:00+00:00, run_after=2022-12-10T02:00:00+00:00
[2022-12-10T01:16:38.846+0000] {processor.py:175} INFO - Processing /opt/airflow/dags/dag_back_in_avro.py took 0.698 seconds
[2022-12-10T01:17:09.102+0000] {processor.py:153} INFO - Started process (PID=17100) to work on /opt/airflow/dags/dag_back_in_avro.py
[2022-12-10T01:17:09.107+0000] {processor.py:743} INFO - Processing file /opt/airflow/dags/dag_back_in_avro.py for tasks to queue
[2022-12-10T01:17:09.112+0000] {logging_mixin.py:137} INFO - [2022-12-10T01:17:09.111+0000] {dagbag.py:538} INFO - Filling up the DagBag from /opt/airflow/dags/dag_back_in_avro.py
[2022-12-10T01:17:09.646+0000] {processor.py:753} INFO - DAG(s) dict_keys(['back_in_avro']) retrieved from /opt/airflow/dags/dag_back_in_avro.py
[2022-12-10T01:17:09.709+0000] {logging_mixin.py:137} INFO - [2022-12-10T01:17:09.708+0000] {dag.py:2676} INFO - Sync 1 DAGs
[2022-12-10T01:17:09.926+0000] {logging_mixin.py:137} INFO - [2022-12-10T01:17:09.925+0000] {dag.py:3427} INFO - Setting next_dagrun for back_in_avro to 2022-12-10T01:00:00+00:00, run_after=2022-12-10T02:00:00+00:00
[2022-12-10T01:17:09.955+0000] {processor.py:175} INFO - Processing /opt/airflow/dags/dag_back_in_avro.py took 0.869 seconds
[2022-12-10T01:17:40.142+0000] {processor.py:153} INFO - Started process (PID=17133) to work on /opt/airflow/dags/dag_back_in_avro.py
[2022-12-10T01:17:40.145+0000] {processor.py:743} INFO - Processing file /opt/airflow/dags/dag_back_in_avro.py for tasks to queue
[2022-12-10T01:17:40.149+0000] {logging_mixin.py:137} INFO - [2022-12-10T01:17:40.148+0000] {dagbag.py:538} INFO - Filling up the DagBag from /opt/airflow/dags/dag_back_in_avro.py
[2022-12-10T01:17:40.553+0000] {processor.py:753} INFO - DAG(s) dict_keys(['back_in_avro']) retrieved from /opt/airflow/dags/dag_back_in_avro.py
[2022-12-10T01:17:40.607+0000] {logging_mixin.py:137} INFO - [2022-12-10T01:17:40.606+0000] {dag.py:2676} INFO - Sync 1 DAGs
[2022-12-10T01:17:40.812+0000] {logging_mixin.py:137} INFO - [2022-12-10T01:17:40.811+0000] {dag.py:3427} INFO - Setting next_dagrun for back_in_avro to 2022-12-10T01:00:00+00:00, run_after=2022-12-10T02:00:00+00:00
[2022-12-10T01:17:40.840+0000] {processor.py:175} INFO - Processing /opt/airflow/dags/dag_back_in_avro.py took 0.705 seconds
[2022-12-10T01:18:11.015+0000] {processor.py:153} INFO - Started process (PID=17167) to work on /opt/airflow/dags/dag_back_in_avro.py
[2022-12-10T01:18:11.017+0000] {processor.py:743} INFO - Processing file /opt/airflow/dags/dag_back_in_avro.py for tasks to queue
[2022-12-10T01:18:11.019+0000] {logging_mixin.py:137} INFO - [2022-12-10T01:18:11.019+0000] {dagbag.py:538} INFO - Filling up the DagBag from /opt/airflow/dags/dag_back_in_avro.py
[2022-12-10T01:18:11.388+0000] {processor.py:753} INFO - DAG(s) dict_keys(['back_in_avro']) retrieved from /opt/airflow/dags/dag_back_in_avro.py
[2022-12-10T01:18:11.408+0000] {logging_mixin.py:137} INFO - [2022-12-10T01:18:11.406+0000] {dag.py:2676} INFO - Sync 1 DAGs
[2022-12-10T01:18:11.610+0000] {logging_mixin.py:137} INFO - [2022-12-10T01:18:11.609+0000] {dag.py:3427} INFO - Setting next_dagrun for back_in_avro to 2022-12-10T01:00:00+00:00, run_after=2022-12-10T02:00:00+00:00
[2022-12-10T01:18:11.638+0000] {processor.py:175} INFO - Processing /opt/airflow/dags/dag_back_in_avro.py took 0.664 seconds
[2022-12-10T01:18:41.832+0000] {processor.py:153} INFO - Started process (PID=17216) to work on /opt/airflow/dags/dag_back_in_avro.py
[2022-12-10T01:18:41.838+0000] {processor.py:743} INFO - Processing file /opt/airflow/dags/dag_back_in_avro.py for tasks to queue
[2022-12-10T01:18:41.841+0000] {logging_mixin.py:137} INFO - [2022-12-10T01:18:41.840+0000] {dagbag.py:538} INFO - Filling up the DagBag from /opt/airflow/dags/dag_back_in_avro.py
[2022-12-10T01:18:42.260+0000] {processor.py:753} INFO - DAG(s) dict_keys(['back_in_avro']) retrieved from /opt/airflow/dags/dag_back_in_avro.py
[2022-12-10T01:18:42.474+0000] {logging_mixin.py:137} INFO - [2022-12-10T01:18:42.473+0000] {dag.py:2676} INFO - Sync 1 DAGs
[2022-12-10T01:18:42.513+0000] {logging_mixin.py:137} INFO - [2022-12-10T01:18:42.513+0000] {dag.py:3427} INFO - Setting next_dagrun for back_in_avro to 2022-12-10T01:00:00+00:00, run_after=2022-12-10T02:00:00+00:00
[2022-12-10T01:18:42.545+0000] {processor.py:175} INFO - Processing /opt/airflow/dags/dag_back_in_avro.py took 0.722 seconds
[2022-12-10T01:19:12.726+0000] {processor.py:153} INFO - Started process (PID=17251) to work on /opt/airflow/dags/dag_back_in_avro.py
[2022-12-10T01:19:12.728+0000] {processor.py:743} INFO - Processing file /opt/airflow/dags/dag_back_in_avro.py for tasks to queue
[2022-12-10T01:19:12.730+0000] {logging_mixin.py:137} INFO - [2022-12-10T01:19:12.729+0000] {dagbag.py:538} INFO - Filling up the DagBag from /opt/airflow/dags/dag_back_in_avro.py
[2022-12-10T01:19:13.108+0000] {processor.py:753} INFO - DAG(s) dict_keys(['back_in_avro']) retrieved from /opt/airflow/dags/dag_back_in_avro.py
[2022-12-10T01:19:13.329+0000] {logging_mixin.py:137} INFO - [2022-12-10T01:19:13.328+0000] {dag.py:2676} INFO - Sync 1 DAGs
[2022-12-10T01:19:13.365+0000] {logging_mixin.py:137} INFO - [2022-12-10T01:19:13.365+0000] {dag.py:3427} INFO - Setting next_dagrun for back_in_avro to 2022-12-10T01:00:00+00:00, run_after=2022-12-10T02:00:00+00:00
[2022-12-10T01:19:13.393+0000] {processor.py:175} INFO - Processing /opt/airflow/dags/dag_back_in_avro.py took 0.674 seconds
[2022-12-10T01:19:43.741+0000] {processor.py:153} INFO - Started process (PID=17295) to work on /opt/airflow/dags/dag_back_in_avro.py
[2022-12-10T01:19:43.744+0000] {processor.py:743} INFO - Processing file /opt/airflow/dags/dag_back_in_avro.py for tasks to queue
[2022-12-10T01:19:43.746+0000] {logging_mixin.py:137} INFO - [2022-12-10T01:19:43.746+0000] {dagbag.py:538} INFO - Filling up the DagBag from /opt/airflow/dags/dag_back_in_avro.py
[2022-12-10T01:19:44.111+0000] {processor.py:753} INFO - DAG(s) dict_keys(['back_in_avro']) retrieved from /opt/airflow/dags/dag_back_in_avro.py
[2022-12-10T01:19:44.172+0000] {logging_mixin.py:137} INFO - [2022-12-10T01:19:44.171+0000] {dag.py:2676} INFO - Sync 1 DAGs
[2022-12-10T01:19:44.216+0000] {logging_mixin.py:137} INFO - [2022-12-10T01:19:44.216+0000] {dag.py:3427} INFO - Setting next_dagrun for back_in_avro to 2022-12-10T01:00:00+00:00, run_after=2022-12-10T02:00:00+00:00
[2022-12-10T01:19:44.255+0000] {processor.py:175} INFO - Processing /opt/airflow/dags/dag_back_in_avro.py took 0.520 seconds
[2022-12-10T01:20:14.378+0000] {processor.py:153} INFO - Started process (PID=17331) to work on /opt/airflow/dags/dag_back_in_avro.py
[2022-12-10T01:20:14.381+0000] {processor.py:743} INFO - Processing file /opt/airflow/dags/dag_back_in_avro.py for tasks to queue
[2022-12-10T01:20:14.383+0000] {logging_mixin.py:137} INFO - [2022-12-10T01:20:14.382+0000] {dagbag.py:538} INFO - Filling up the DagBag from /opt/airflow/dags/dag_back_in_avro.py
[2022-12-10T01:20:14.730+0000] {processor.py:753} INFO - DAG(s) dict_keys(['back_in_avro']) retrieved from /opt/airflow/dags/dag_back_in_avro.py
[2022-12-10T01:20:14.779+0000] {logging_mixin.py:137} INFO - [2022-12-10T01:20:14.779+0000] {dag.py:2676} INFO - Sync 1 DAGs
[2022-12-10T01:20:14.998+0000] {logging_mixin.py:137} INFO - [2022-12-10T01:20:14.997+0000] {dag.py:3427} INFO - Setting next_dagrun for back_in_avro to 2022-12-10T01:00:00+00:00, run_after=2022-12-10T02:00:00+00:00
[2022-12-10T01:20:15.023+0000] {processor.py:175} INFO - Processing /opt/airflow/dags/dag_back_in_avro.py took 0.650 seconds
[2022-12-10T01:20:45.194+0000] {processor.py:153} INFO - Started process (PID=17368) to work on /opt/airflow/dags/dag_back_in_avro.py
[2022-12-10T01:20:45.196+0000] {processor.py:743} INFO - Processing file /opt/airflow/dags/dag_back_in_avro.py for tasks to queue
[2022-12-10T01:20:45.198+0000] {logging_mixin.py:137} INFO - [2022-12-10T01:20:45.198+0000] {dagbag.py:538} INFO - Filling up the DagBag from /opt/airflow/dags/dag_back_in_avro.py
[2022-12-10T01:20:45.580+0000] {processor.py:753} INFO - DAG(s) dict_keys(['back_in_avro']) retrieved from /opt/airflow/dags/dag_back_in_avro.py
[2022-12-10T01:20:45.638+0000] {logging_mixin.py:137} INFO - [2022-12-10T01:20:45.638+0000] {dag.py:2676} INFO - Sync 1 DAGs
[2022-12-10T01:20:45.860+0000] {logging_mixin.py:137} INFO - [2022-12-10T01:20:45.860+0000] {dag.py:3427} INFO - Setting next_dagrun for back_in_avro to 2022-12-10T01:00:00+00:00, run_after=2022-12-10T02:00:00+00:00
[2022-12-10T01:20:45.889+0000] {processor.py:175} INFO - Processing /opt/airflow/dags/dag_back_in_avro.py took 0.700 seconds
[2022-12-10T01:21:16.079+0000] {processor.py:153} INFO - Started process (PID=17415) to work on /opt/airflow/dags/dag_back_in_avro.py
[2022-12-10T01:21:16.082+0000] {processor.py:743} INFO - Processing file /opt/airflow/dags/dag_back_in_avro.py for tasks to queue
[2022-12-10T01:21:16.084+0000] {logging_mixin.py:137} INFO - [2022-12-10T01:21:16.084+0000] {dagbag.py:538} INFO - Filling up the DagBag from /opt/airflow/dags/dag_back_in_avro.py
[2022-12-10T01:21:16.472+0000] {processor.py:753} INFO - DAG(s) dict_keys(['back_in_avro']) retrieved from /opt/airflow/dags/dag_back_in_avro.py
[2022-12-10T01:21:16.529+0000] {logging_mixin.py:137} INFO - [2022-12-10T01:21:16.527+0000] {dag.py:2676} INFO - Sync 1 DAGs
[2022-12-10T01:21:16.734+0000] {logging_mixin.py:137} INFO - [2022-12-10T01:21:16.733+0000] {dag.py:3427} INFO - Setting next_dagrun for back_in_avro to 2022-12-10T01:00:00+00:00, run_after=2022-12-10T02:00:00+00:00
[2022-12-10T01:21:16.761+0000] {processor.py:175} INFO - Processing /opt/airflow/dags/dag_back_in_avro.py took 0.692 seconds
[2022-12-10T01:21:46.946+0000] {processor.py:153} INFO - Started process (PID=17448) to work on /opt/airflow/dags/dag_back_in_avro.py
[2022-12-10T01:21:46.949+0000] {processor.py:743} INFO - Processing file /opt/airflow/dags/dag_back_in_avro.py for tasks to queue
[2022-12-10T01:21:46.952+0000] {logging_mixin.py:137} INFO - [2022-12-10T01:21:46.952+0000] {dagbag.py:538} INFO - Filling up the DagBag from /opt/airflow/dags/dag_back_in_avro.py
[2022-12-10T01:21:47.369+0000] {processor.py:753} INFO - DAG(s) dict_keys(['back_in_avro']) retrieved from /opt/airflow/dags/dag_back_in_avro.py
[2022-12-10T01:21:47.597+0000] {logging_mixin.py:137} INFO - [2022-12-10T01:21:47.596+0000] {dag.py:2676} INFO - Sync 1 DAGs
[2022-12-10T01:21:47.635+0000] {logging_mixin.py:137} INFO - [2022-12-10T01:21:47.635+0000] {dag.py:3427} INFO - Setting next_dagrun for back_in_avro to 2022-12-10T01:00:00+00:00, run_after=2022-12-10T02:00:00+00:00
[2022-12-10T01:21:47.664+0000] {processor.py:175} INFO - Processing /opt/airflow/dags/dag_back_in_avro.py took 0.727 seconds
[2022-12-10T01:22:17.856+0000] {processor.py:153} INFO - Started process (PID=17491) to work on /opt/airflow/dags/dag_back_in_avro.py
[2022-12-10T01:22:17.859+0000] {processor.py:743} INFO - Processing file /opt/airflow/dags/dag_back_in_avro.py for tasks to queue
[2022-12-10T01:22:17.860+0000] {logging_mixin.py:137} INFO - [2022-12-10T01:22:17.860+0000] {dagbag.py:538} INFO - Filling up the DagBag from /opt/airflow/dags/dag_back_in_avro.py
[2022-12-10T01:22:18.251+0000] {processor.py:753} INFO - DAG(s) dict_keys(['back_in_avro']) retrieved from /opt/airflow/dags/dag_back_in_avro.py
[2022-12-10T01:22:18.489+0000] {logging_mixin.py:137} INFO - [2022-12-10T01:22:18.488+0000] {dag.py:2676} INFO - Sync 1 DAGs
[2022-12-10T01:22:18.534+0000] {logging_mixin.py:137} INFO - [2022-12-10T01:22:18.534+0000] {dag.py:3427} INFO - Setting next_dagrun for back_in_avro to 2022-12-10T01:00:00+00:00, run_after=2022-12-10T02:00:00+00:00
[2022-12-10T01:22:18.571+0000] {processor.py:175} INFO - Processing /opt/airflow/dags/dag_back_in_avro.py took 0.719 seconds
[2022-12-10T01:22:48.751+0000] {processor.py:153} INFO - Started process (PID=17529) to work on /opt/airflow/dags/dag_back_in_avro.py
[2022-12-10T01:22:48.753+0000] {processor.py:743} INFO - Processing file /opt/airflow/dags/dag_back_in_avro.py for tasks to queue
[2022-12-10T01:22:48.755+0000] {logging_mixin.py:137} INFO - [2022-12-10T01:22:48.754+0000] {dagbag.py:538} INFO - Filling up the DagBag from /opt/airflow/dags/dag_back_in_avro.py
[2022-12-10T01:22:49.111+0000] {processor.py:753} INFO - DAG(s) dict_keys(['back_in_avro']) retrieved from /opt/airflow/dags/dag_back_in_avro.py
[2022-12-10T01:22:49.169+0000] {logging_mixin.py:137} INFO - [2022-12-10T01:22:49.168+0000] {dag.py:2676} INFO - Sync 1 DAGs
[2022-12-10T01:22:49.223+0000] {logging_mixin.py:137} INFO - [2022-12-10T01:22:49.222+0000] {dag.py:3427} INFO - Setting next_dagrun for back_in_avro to 2022-12-10T01:00:00+00:00, run_after=2022-12-10T02:00:00+00:00
[2022-12-10T01:22:49.252+0000] {processor.py:175} INFO - Processing /opt/airflow/dags/dag_back_in_avro.py took 0.505 seconds
[2022-12-10T01:23:19.359+0000] {processor.py:153} INFO - Started process (PID=17561) to work on /opt/airflow/dags/dag_back_in_avro.py
[2022-12-10T01:23:19.361+0000] {processor.py:743} INFO - Processing file /opt/airflow/dags/dag_back_in_avro.py for tasks to queue
[2022-12-10T01:23:19.363+0000] {logging_mixin.py:137} INFO - [2022-12-10T01:23:19.363+0000] {dagbag.py:538} INFO - Filling up the DagBag from /opt/airflow/dags/dag_back_in_avro.py
[2022-12-10T01:23:19.717+0000] {processor.py:753} INFO - DAG(s) dict_keys(['back_in_avro']) retrieved from /opt/airflow/dags/dag_back_in_avro.py
[2022-12-10T01:23:19.767+0000] {logging_mixin.py:137} INFO - [2022-12-10T01:23:19.767+0000] {dag.py:2676} INFO - Sync 1 DAGs
[2022-12-10T01:23:19.808+0000] {logging_mixin.py:137} INFO - [2022-12-10T01:23:19.808+0000] {dag.py:3427} INFO - Setting next_dagrun for back_in_avro to 2022-12-10T01:00:00+00:00, run_after=2022-12-10T02:00:00+00:00
[2022-12-10T01:23:20.006+0000] {processor.py:175} INFO - Processing /opt/airflow/dags/dag_back_in_avro.py took 0.653 seconds
[2022-12-10T01:23:50.092+0000] {processor.py:153} INFO - Started process (PID=17610) to work on /opt/airflow/dags/dag_back_in_avro.py
[2022-12-10T01:23:50.095+0000] {processor.py:743} INFO - Processing file /opt/airflow/dags/dag_back_in_avro.py for tasks to queue
[2022-12-10T01:23:50.098+0000] {logging_mixin.py:137} INFO - [2022-12-10T01:23:50.098+0000] {dagbag.py:538} INFO - Filling up the DagBag from /opt/airflow/dags/dag_back_in_avro.py
[2022-12-10T01:23:50.490+0000] {processor.py:753} INFO - DAG(s) dict_keys(['back_in_avro']) retrieved from /opt/airflow/dags/dag_back_in_avro.py
[2022-12-10T01:23:50.547+0000] {logging_mixin.py:137} INFO - [2022-12-10T01:23:50.546+0000] {dag.py:2676} INFO - Sync 1 DAGs
[2022-12-10T01:23:50.760+0000] {logging_mixin.py:137} INFO - [2022-12-10T01:23:50.759+0000] {dag.py:3427} INFO - Setting next_dagrun for back_in_avro to 2022-12-10T01:00:00+00:00, run_after=2022-12-10T02:00:00+00:00
[2022-12-10T01:23:50.788+0000] {processor.py:175} INFO - Processing /opt/airflow/dags/dag_back_in_avro.py took 0.703 seconds
[2022-12-10T01:24:20.893+0000] {processor.py:153} INFO - Started process (PID=17643) to work on /opt/airflow/dags/dag_back_in_avro.py
[2022-12-10T01:24:20.895+0000] {processor.py:743} INFO - Processing file /opt/airflow/dags/dag_back_in_avro.py for tasks to queue
[2022-12-10T01:24:20.897+0000] {logging_mixin.py:137} INFO - [2022-12-10T01:24:20.897+0000] {dagbag.py:538} INFO - Filling up the DagBag from /opt/airflow/dags/dag_back_in_avro.py
[2022-12-10T01:24:21.251+0000] {processor.py:753} INFO - DAG(s) dict_keys(['back_in_avro']) retrieved from /opt/airflow/dags/dag_back_in_avro.py
[2022-12-10T01:24:21.300+0000] {logging_mixin.py:137} INFO - [2022-12-10T01:24:21.300+0000] {dag.py:2676} INFO - Sync 1 DAGs
[2022-12-10T01:24:21.516+0000] {logging_mixin.py:137} INFO - [2022-12-10T01:24:21.516+0000] {dag.py:3427} INFO - Setting next_dagrun for back_in_avro to 2022-12-10T01:00:00+00:00, run_after=2022-12-10T02:00:00+00:00
[2022-12-10T01:24:21.546+0000] {processor.py:175} INFO - Processing /opt/airflow/dags/dag_back_in_avro.py took 0.658 seconds
[2022-12-10T01:24:51.797+0000] {processor.py:153} INFO - Started process (PID=17683) to work on /opt/airflow/dags/dag_back_in_avro.py
[2022-12-10T01:24:51.800+0000] {processor.py:743} INFO - Processing file /opt/airflow/dags/dag_back_in_avro.py for tasks to queue
[2022-12-10T01:24:51.802+0000] {logging_mixin.py:137} INFO - [2022-12-10T01:24:51.802+0000] {dagbag.py:538} INFO - Filling up the DagBag from /opt/airflow/dags/dag_back_in_avro.py
[2022-12-10T01:24:52.205+0000] {processor.py:753} INFO - DAG(s) dict_keys(['back_in_avro']) retrieved from /opt/airflow/dags/dag_back_in_avro.py
[2022-12-10T01:24:52.435+0000] {logging_mixin.py:137} INFO - [2022-12-10T01:24:52.261+0000] {dag.py:2676} INFO - Sync 1 DAGs
[2022-12-10T01:24:52.476+0000] {logging_mixin.py:137} INFO - [2022-12-10T01:24:52.476+0000] {dag.py:3427} INFO - Setting next_dagrun for back_in_avro to 2022-12-10T01:00:00+00:00, run_after=2022-12-10T02:00:00+00:00
[2022-12-10T01:24:52.516+0000] {processor.py:175} INFO - Processing /opt/airflow/dags/dag_back_in_avro.py took 0.725 seconds
[2022-12-10T01:25:22.721+0000] {processor.py:153} INFO - Started process (PID=17724) to work on /opt/airflow/dags/dag_back_in_avro.py
[2022-12-10T01:25:22.724+0000] {processor.py:743} INFO - Processing file /opt/airflow/dags/dag_back_in_avro.py for tasks to queue
[2022-12-10T01:25:22.725+0000] {logging_mixin.py:137} INFO - [2022-12-10T01:25:22.725+0000] {dagbag.py:538} INFO - Filling up the DagBag from /opt/airflow/dags/dag_back_in_avro.py
[2022-12-10T01:25:23.086+0000] {processor.py:753} INFO - DAG(s) dict_keys(['back_in_avro']) retrieved from /opt/airflow/dags/dag_back_in_avro.py
[2022-12-10T01:25:23.317+0000] {logging_mixin.py:137} INFO - [2022-12-10T01:25:23.316+0000] {dag.py:2676} INFO - Sync 1 DAGs
[2022-12-10T01:25:23.355+0000] {logging_mixin.py:137} INFO - [2022-12-10T01:25:23.355+0000] {dag.py:3427} INFO - Setting next_dagrun for back_in_avro to 2022-12-10T01:00:00+00:00, run_after=2022-12-10T02:00:00+00:00
[2022-12-10T01:25:23.390+0000] {processor.py:175} INFO - Processing /opt/airflow/dags/dag_back_in_avro.py took 0.679 seconds
[2022-12-10T01:25:53.597+0000] {processor.py:153} INFO - Started process (PID=17757) to work on /opt/airflow/dags/dag_back_in_avro.py
[2022-12-10T01:25:53.601+0000] {processor.py:743} INFO - Processing file /opt/airflow/dags/dag_back_in_avro.py for tasks to queue
[2022-12-10T01:25:53.603+0000] {logging_mixin.py:137} INFO - [2022-12-10T01:25:53.603+0000] {dagbag.py:538} INFO - Filling up the DagBag from /opt/airflow/dags/dag_back_in_avro.py
[2022-12-10T01:25:53.958+0000] {processor.py:753} INFO - DAG(s) dict_keys(['back_in_avro']) retrieved from /opt/airflow/dags/dag_back_in_avro.py
[2022-12-10T01:25:54.204+0000] {logging_mixin.py:137} INFO - [2022-12-10T01:25:54.203+0000] {dag.py:2676} INFO - Sync 1 DAGs
[2022-12-10T01:25:54.241+0000] {logging_mixin.py:137} INFO - [2022-12-10T01:25:54.241+0000] {dag.py:3427} INFO - Setting next_dagrun for back_in_avro to 2022-12-10T01:00:00+00:00, run_after=2022-12-10T02:00:00+00:00
[2022-12-10T01:25:54.270+0000] {processor.py:175} INFO - Processing /opt/airflow/dags/dag_back_in_avro.py took 0.678 seconds
[2022-12-10T01:26:24.507+0000] {processor.py:153} INFO - Started process (PID=17804) to work on /opt/airflow/dags/dag_back_in_avro.py
[2022-12-10T01:26:24.509+0000] {processor.py:743} INFO - Processing file /opt/airflow/dags/dag_back_in_avro.py for tasks to queue
[2022-12-10T01:26:24.511+0000] {logging_mixin.py:137} INFO - [2022-12-10T01:26:24.511+0000] {dagbag.py:538} INFO - Filling up the DagBag from /opt/airflow/dags/dag_back_in_avro.py
[2022-12-10T01:26:25.018+0000] {processor.py:753} INFO - DAG(s) dict_keys(['back_in_avro']) retrieved from /opt/airflow/dags/dag_back_in_avro.py
[2022-12-10T01:26:25.075+0000] {logging_mixin.py:137} INFO - [2022-12-10T01:26:25.074+0000] {dag.py:2676} INFO - Sync 1 DAGs
[2022-12-10T01:26:25.118+0000] {logging_mixin.py:137} INFO - [2022-12-10T01:26:25.118+0000] {dag.py:3427} INFO - Setting next_dagrun for back_in_avro to 2022-12-10T01:00:00+00:00, run_after=2022-12-10T02:00:00+00:00
[2022-12-10T01:26:25.321+0000] {processor.py:175} INFO - Processing /opt/airflow/dags/dag_back_in_avro.py took 0.822 seconds
[2022-12-10T01:26:55.566+0000] {processor.py:153} INFO - Started process (PID=17841) to work on /opt/airflow/dags/dag_back_in_avro.py
[2022-12-10T01:26:55.568+0000] {processor.py:743} INFO - Processing file /opt/airflow/dags/dag_back_in_avro.py for tasks to queue
[2022-12-10T01:26:55.570+0000] {logging_mixin.py:137} INFO - [2022-12-10T01:26:55.570+0000] {dagbag.py:538} INFO - Filling up the DagBag from /opt/airflow/dags/dag_back_in_avro.py
[2022-12-10T01:26:55.940+0000] {processor.py:753} INFO - DAG(s) dict_keys(['back_in_avro']) retrieved from /opt/airflow/dags/dag_back_in_avro.py
[2022-12-10T01:26:55.990+0000] {logging_mixin.py:137} INFO - [2022-12-10T01:26:55.989+0000] {dag.py:2676} INFO - Sync 1 DAGs
[2022-12-10T01:26:56.195+0000] {logging_mixin.py:137} INFO - [2022-12-10T01:26:56.195+0000] {dag.py:3427} INFO - Setting next_dagrun for back_in_avro to 2022-12-10T01:00:00+00:00, run_after=2022-12-10T02:00:00+00:00
[2022-12-10T01:26:56.225+0000] {processor.py:175} INFO - Processing /opt/airflow/dags/dag_back_in_avro.py took 0.664 seconds
[2022-12-10T01:27:26.462+0000] {processor.py:153} INFO - Started process (PID=17874) to work on /opt/airflow/dags/dag_back_in_avro.py
[2022-12-10T01:27:26.464+0000] {processor.py:743} INFO - Processing file /opt/airflow/dags/dag_back_in_avro.py for tasks to queue
[2022-12-10T01:27:26.466+0000] {logging_mixin.py:137} INFO - [2022-12-10T01:27:26.466+0000] {dagbag.py:538} INFO - Filling up the DagBag from /opt/airflow/dags/dag_back_in_avro.py
[2022-12-10T01:27:26.869+0000] {processor.py:753} INFO - DAG(s) dict_keys(['back_in_avro']) retrieved from /opt/airflow/dags/dag_back_in_avro.py
[2022-12-10T01:27:26.936+0000] {logging_mixin.py:137} INFO - [2022-12-10T01:27:26.936+0000] {dag.py:2676} INFO - Sync 1 DAGs
[2022-12-10T01:27:27.152+0000] {logging_mixin.py:137} INFO - [2022-12-10T01:27:27.152+0000] {dag.py:3427} INFO - Setting next_dagrun for back_in_avro to 2022-12-10T01:00:00+00:00, run_after=2022-12-10T02:00:00+00:00
[2022-12-10T01:27:27.185+0000] {processor.py:175} INFO - Processing /opt/airflow/dags/dag_back_in_avro.py took 0.729 seconds
[2022-12-10T01:27:57.369+0000] {processor.py:153} INFO - Started process (PID=17925) to work on /opt/airflow/dags/dag_back_in_avro.py
[2022-12-10T01:27:57.371+0000] {processor.py:743} INFO - Processing file /opt/airflow/dags/dag_back_in_avro.py for tasks to queue
[2022-12-10T01:27:57.373+0000] {logging_mixin.py:137} INFO - [2022-12-10T01:27:57.373+0000] {dagbag.py:538} INFO - Filling up the DagBag from /opt/airflow/dags/dag_back_in_avro.py
[2022-12-10T01:27:57.761+0000] {processor.py:753} INFO - DAG(s) dict_keys(['back_in_avro']) retrieved from /opt/airflow/dags/dag_back_in_avro.py
[2022-12-10T01:27:57.810+0000] {logging_mixin.py:137} INFO - [2022-12-10T01:27:57.808+0000] {dag.py:2676} INFO - Sync 1 DAGs
[2022-12-10T01:27:58.023+0000] {logging_mixin.py:137} INFO - [2022-12-10T01:27:58.022+0000] {dag.py:3427} INFO - Setting next_dagrun for back_in_avro to 2022-12-10T01:00:00+00:00, run_after=2022-12-10T02:00:00+00:00
[2022-12-10T01:27:58.055+0000] {processor.py:175} INFO - Processing /opt/airflow/dags/dag_back_in_avro.py took 0.692 seconds
[2022-12-10T01:28:28.259+0000] {processor.py:153} INFO - Started process (PID=17957) to work on /opt/airflow/dags/dag_back_in_avro.py
[2022-12-10T01:28:28.262+0000] {processor.py:743} INFO - Processing file /opt/airflow/dags/dag_back_in_avro.py for tasks to queue
[2022-12-10T01:28:28.265+0000] {logging_mixin.py:137} INFO - [2022-12-10T01:28:28.265+0000] {dagbag.py:538} INFO - Filling up the DagBag from /opt/airflow/dags/dag_back_in_avro.py
[2022-12-10T01:28:28.647+0000] {processor.py:753} INFO - DAG(s) dict_keys(['back_in_avro']) retrieved from /opt/airflow/dags/dag_back_in_avro.py
[2022-12-10T01:28:28.869+0000] {logging_mixin.py:137} INFO - [2022-12-10T01:28:28.868+0000] {dag.py:2676} INFO - Sync 1 DAGs
[2022-12-10T01:28:28.906+0000] {logging_mixin.py:137} INFO - [2022-12-10T01:28:28.906+0000] {dag.py:3427} INFO - Setting next_dagrun for back_in_avro to 2022-12-10T01:00:00+00:00, run_after=2022-12-10T02:00:00+00:00
[2022-12-10T01:28:28.935+0000] {processor.py:175} INFO - Processing /opt/airflow/dags/dag_back_in_avro.py took 0.681 seconds
[2022-12-10T01:28:59.205+0000] {processor.py:153} INFO - Started process (PID=18001) to work on /opt/airflow/dags/dag_back_in_avro.py
[2022-12-10T01:28:59.208+0000] {processor.py:743} INFO - Processing file /opt/airflow/dags/dag_back_in_avro.py for tasks to queue
[2022-12-10T01:28:59.210+0000] {logging_mixin.py:137} INFO - [2022-12-10T01:28:59.210+0000] {dagbag.py:538} INFO - Filling up the DagBag from /opt/airflow/dags/dag_back_in_avro.py
[2022-12-10T01:28:59.791+0000] {processor.py:753} INFO - DAG(s) dict_keys(['back_in_avro']) retrieved from /opt/airflow/dags/dag_back_in_avro.py
[2022-12-10T01:29:00.024+0000] {logging_mixin.py:137} INFO - [2022-12-10T01:29:00.024+0000] {dag.py:2676} INFO - Sync 1 DAGs
[2022-12-10T01:29:00.058+0000] {logging_mixin.py:137} INFO - [2022-12-10T01:29:00.058+0000] {dag.py:3427} INFO - Setting next_dagrun for back_in_avro to 2022-12-10T01:00:00+00:00, run_after=2022-12-10T02:00:00+00:00
[2022-12-10T01:29:00.093+0000] {processor.py:175} INFO - Processing /opt/airflow/dags/dag_back_in_avro.py took 0.902 seconds
[2022-12-10T01:29:30.280+0000] {processor.py:153} INFO - Started process (PID=18039) to work on /opt/airflow/dags/dag_back_in_avro.py
[2022-12-10T01:29:30.282+0000] {processor.py:743} INFO - Processing file /opt/airflow/dags/dag_back_in_avro.py for tasks to queue
[2022-12-10T01:29:30.284+0000] {logging_mixin.py:137} INFO - [2022-12-10T01:29:30.284+0000] {dagbag.py:538} INFO - Filling up the DagBag from /opt/airflow/dags/dag_back_in_avro.py
[2022-12-10T01:29:30.632+0000] {processor.py:753} INFO - DAG(s) dict_keys(['back_in_avro']) retrieved from /opt/airflow/dags/dag_back_in_avro.py
[2022-12-10T01:29:30.825+0000] {logging_mixin.py:137} INFO - [2022-12-10T01:29:30.825+0000] {dag.py:2676} INFO - Sync 1 DAGs
[2022-12-10T01:29:30.856+0000] {logging_mixin.py:137} INFO - [2022-12-10T01:29:30.856+0000] {dag.py:3427} INFO - Setting next_dagrun for back_in_avro to 2022-12-10T01:00:00+00:00, run_after=2022-12-10T02:00:00+00:00
[2022-12-10T01:29:30.882+0000] {processor.py:175} INFO - Processing /opt/airflow/dags/dag_back_in_avro.py took 0.606 seconds
[2022-12-10T01:56:09.534+0000] {processor.py:153} INFO - Started process (PID=18056) to work on /opt/airflow/dags/dag_back_in_avro.py
[2022-12-10T01:56:09.536+0000] {processor.py:743} INFO - Processing file /opt/airflow/dags/dag_back_in_avro.py for tasks to queue
[2022-12-10T01:56:09.538+0000] {logging_mixin.py:137} INFO - [2022-12-10T01:56:09.538+0000] {dagbag.py:538} INFO - Filling up the DagBag from /opt/airflow/dags/dag_back_in_avro.py
[2022-12-10T01:56:10.163+0000] {processor.py:753} INFO - DAG(s) dict_keys(['back_in_avro']) retrieved from /opt/airflow/dags/dag_back_in_avro.py
[2022-12-10T01:56:10.283+0000] {logging_mixin.py:137} INFO - [2022-12-10T01:56:10.282+0000] {dag.py:2676} INFO - Sync 1 DAGs
[2022-12-10T01:56:10.382+0000] {logging_mixin.py:137} INFO - [2022-12-10T01:56:10.382+0000] {dag.py:3427} INFO - Setting next_dagrun for back_in_avro to 2022-12-10T01:00:00+00:00, run_after=2022-12-10T02:00:00+00:00
[2022-12-10T01:56:10.682+0000] {processor.py:175} INFO - Processing /opt/airflow/dags/dag_back_in_avro.py took 1.153 seconds
[2022-12-10T01:56:41.187+0000] {processor.py:153} INFO - Started process (PID=18086) to work on /opt/airflow/dags/dag_back_in_avro.py
[2022-12-10T01:56:41.199+0000] {processor.py:743} INFO - Processing file /opt/airflow/dags/dag_back_in_avro.py for tasks to queue
[2022-12-10T01:56:41.208+0000] {logging_mixin.py:137} INFO - [2022-12-10T01:56:41.207+0000] {dagbag.py:538} INFO - Filling up the DagBag from /opt/airflow/dags/dag_back_in_avro.py
[2022-12-10T01:56:43.048+0000] {processor.py:753} INFO - DAG(s) dict_keys(['back_in_avro']) retrieved from /opt/airflow/dags/dag_back_in_avro.py
[2022-12-10T01:56:43.329+0000] {logging_mixin.py:137} INFO - [2022-12-10T01:56:43.326+0000] {dag.py:2676} INFO - Sync 1 DAGs
[2022-12-10T01:56:44.149+0000] {logging_mixin.py:137} INFO - [2022-12-10T01:56:44.149+0000] {dag.py:3427} INFO - Setting next_dagrun for back_in_avro to 2022-12-10T01:00:00+00:00, run_after=2022-12-10T02:00:00+00:00
[2022-12-10T01:56:44.279+0000] {processor.py:175} INFO - Processing /opt/airflow/dags/dag_back_in_avro.py took 3.120 seconds
[2022-12-10T03:57:05.503+0000] {processor.py:153} INFO - Started process (PID=18111) to work on /opt/airflow/dags/dag_back_in_avro.py
[2022-12-10T03:57:05.521+0000] {processor.py:743} INFO - Processing file /opt/airflow/dags/dag_back_in_avro.py for tasks to queue
[2022-12-10T03:57:05.534+0000] {logging_mixin.py:137} INFO - [2022-12-10T03:57:05.533+0000] {dagbag.py:538} INFO - Filling up the DagBag from /opt/airflow/dags/dag_back_in_avro.py
[2022-12-10T03:57:08.804+0000] {processor.py:753} INFO - DAG(s) dict_keys(['back_in_avro']) retrieved from /opt/airflow/dags/dag_back_in_avro.py
[2022-12-10T03:57:09.904+0000] {logging_mixin.py:137} INFO - [2022-12-10T03:57:09.885+0000] {dag.py:2676} INFO - Sync 1 DAGs
[2022-12-10T03:57:11.517+0000] {logging_mixin.py:137} INFO - [2022-12-10T03:57:11.517+0000] {dag.py:3427} INFO - Setting next_dagrun for back_in_avro to 2022-12-10T03:00:00+00:00, run_after=2022-12-10T04:00:00+00:00
[2022-12-10T03:57:11.758+0000] {processor.py:175} INFO - Processing /opt/airflow/dags/dag_back_in_avro.py took 6.316 seconds
[2022-12-10T03:57:42.777+0000] {processor.py:153} INFO - Started process (PID=18155) to work on /opt/airflow/dags/dag_back_in_avro.py
[2022-12-10T03:57:42.789+0000] {processor.py:743} INFO - Processing file /opt/airflow/dags/dag_back_in_avro.py for tasks to queue
[2022-12-10T03:57:42.799+0000] {logging_mixin.py:137} INFO - [2022-12-10T03:57:42.798+0000] {dagbag.py:538} INFO - Filling up the DagBag from /opt/airflow/dags/dag_back_in_avro.py
[2022-12-10T03:57:45.696+0000] {processor.py:753} INFO - DAG(s) dict_keys(['back_in_avro']) retrieved from /opt/airflow/dags/dag_back_in_avro.py
[2022-12-10T03:57:46.090+0000] {logging_mixin.py:137} INFO - [2022-12-10T03:57:45.846+0000] {dag.py:2676} INFO - Sync 1 DAGs
[2022-12-10T03:57:46.145+0000] {logging_mixin.py:137} INFO - [2022-12-10T03:57:46.144+0000] {dag.py:3427} INFO - Setting next_dagrun for back_in_avro to 2022-12-10T03:00:00+00:00, run_after=2022-12-10T04:00:00+00:00
[2022-12-10T03:57:46.180+0000] {processor.py:175} INFO - Processing /opt/airflow/dags/dag_back_in_avro.py took 3.427 seconds
[2022-12-10T05:58:01.915+0000] {processor.py:153} INFO - Started process (PID=18183) to work on /opt/airflow/dags/dag_back_in_avro.py
[2022-12-10T05:58:01.938+0000] {processor.py:743} INFO - Processing file /opt/airflow/dags/dag_back_in_avro.py for tasks to queue
[2022-12-10T05:58:01.956+0000] {logging_mixin.py:137} INFO - [2022-12-10T05:58:01.955+0000] {dagbag.py:538} INFO - Filling up the DagBag from /opt/airflow/dags/dag_back_in_avro.py
[2022-12-10T05:58:06.209+0000] {processor.py:753} INFO - DAG(s) dict_keys(['back_in_avro']) retrieved from /opt/airflow/dags/dag_back_in_avro.py
[2022-12-10T05:58:07.895+0000] {logging_mixin.py:137} INFO - [2022-12-10T05:58:07.892+0000] {dag.py:2676} INFO - Sync 1 DAGs
[2022-12-10T05:58:08.259+0000] {logging_mixin.py:137} INFO - [2022-12-10T05:58:08.258+0000] {dag.py:3427} INFO - Setting next_dagrun for back_in_avro to 2022-12-10T05:00:00+00:00, run_after=2022-12-10T06:00:00+00:00
[2022-12-10T05:58:08.600+0000] {processor.py:175} INFO - Processing /opt/airflow/dags/dag_back_in_avro.py took 6.777 seconds
[2022-12-10T05:58:39.084+0000] {processor.py:153} INFO - Started process (PID=18226) to work on /opt/airflow/dags/dag_back_in_avro.py
[2022-12-10T05:58:39.087+0000] {processor.py:743} INFO - Processing file /opt/airflow/dags/dag_back_in_avro.py for tasks to queue
[2022-12-10T05:58:39.089+0000] {logging_mixin.py:137} INFO - [2022-12-10T05:58:39.089+0000] {dagbag.py:538} INFO - Filling up the DagBag from /opt/airflow/dags/dag_back_in_avro.py
[2022-12-10T05:58:39.390+0000] {processor.py:753} INFO - DAG(s) dict_keys(['back_in_avro']) retrieved from /opt/airflow/dags/dag_back_in_avro.py
[2022-12-10T05:58:39.562+0000] {logging_mixin.py:137} INFO - [2022-12-10T05:58:39.561+0000] {dag.py:2676} INFO - Sync 1 DAGs
[2022-12-10T05:58:39.614+0000] {logging_mixin.py:137} INFO - [2022-12-10T05:58:39.613+0000] {dag.py:3427} INFO - Setting next_dagrun for back_in_avro to 2022-12-10T05:00:00+00:00, run_after=2022-12-10T06:00:00+00:00
[2022-12-10T05:58:39.663+0000] {processor.py:175} INFO - Processing /opt/airflow/dags/dag_back_in_avro.py took 0.584 seconds
[2022-12-10T07:58:56.959+0000] {processor.py:153} INFO - Started process (PID=18249) to work on /opt/airflow/dags/dag_back_in_avro.py
[2022-12-10T07:58:56.974+0000] {processor.py:743} INFO - Processing file /opt/airflow/dags/dag_back_in_avro.py for tasks to queue
[2022-12-10T07:58:56.986+0000] {logging_mixin.py:137} INFO - [2022-12-10T07:58:56.984+0000] {dagbag.py:538} INFO - Filling up the DagBag from /opt/airflow/dags/dag_back_in_avro.py
[2022-12-10T07:59:00.707+0000] {processor.py:753} INFO - DAG(s) dict_keys(['back_in_avro']) retrieved from /opt/airflow/dags/dag_back_in_avro.py
[2022-12-10T07:59:02.612+0000] {logging_mixin.py:137} INFO - [2022-12-10T07:59:02.609+0000] {dag.py:2676} INFO - Sync 1 DAGs
[2022-12-10T07:59:02.978+0000] {logging_mixin.py:137} INFO - [2022-12-10T07:59:02.977+0000] {dag.py:3427} INFO - Setting next_dagrun for back_in_avro to 2022-12-10T07:00:00+00:00, run_after=2022-12-10T08:00:00+00:00
[2022-12-10T07:59:03.145+0000] {processor.py:175} INFO - Processing /opt/airflow/dags/dag_back_in_avro.py took 6.232 seconds
[2022-12-10T09:59:22.456+0000] {processor.py:153} INFO - Started process (PID=18286) to work on /opt/airflow/dags/dag_back_in_avro.py
[2022-12-10T09:59:22.460+0000] {processor.py:743} INFO - Processing file /opt/airflow/dags/dag_back_in_avro.py for tasks to queue
[2022-12-10T09:59:22.466+0000] {logging_mixin.py:137} INFO - [2022-12-10T09:59:22.463+0000] {dagbag.py:538} INFO - Filling up the DagBag from /opt/airflow/dags/dag_back_in_avro.py
[2022-12-10T09:59:23.248+0000] {processor.py:753} INFO - DAG(s) dict_keys(['back_in_avro']) retrieved from /opt/airflow/dags/dag_back_in_avro.py
[2022-12-10T09:59:23.303+0000] {logging_mixin.py:137} INFO - [2022-12-10T09:59:23.303+0000] {dag.py:2676} INFO - Sync 1 DAGs
[2022-12-10T09:59:23.605+0000] {logging_mixin.py:137} INFO - [2022-12-10T09:59:23.605+0000] {dag.py:3427} INFO - Setting next_dagrun for back_in_avro to 2022-12-10T09:00:00+00:00, run_after=2022-12-10T10:00:00+00:00
[2022-12-10T09:59:23.651+0000] {processor.py:175} INFO - Processing /opt/airflow/dags/dag_back_in_avro.py took 1.210 seconds
[2022-12-10T11:59:48.117+0000] {processor.py:153} INFO - Started process (PID=18318) to work on /opt/airflow/dags/dag_back_in_avro.py
[2022-12-10T11:59:48.120+0000] {processor.py:743} INFO - Processing file /opt/airflow/dags/dag_back_in_avro.py for tasks to queue
[2022-12-10T11:59:48.122+0000] {logging_mixin.py:137} INFO - [2022-12-10T11:59:48.121+0000] {dagbag.py:538} INFO - Filling up the DagBag from /opt/airflow/dags/dag_back_in_avro.py
[2022-12-10T11:59:48.403+0000] {processor.py:753} INFO - DAG(s) dict_keys(['back_in_avro']) retrieved from /opt/airflow/dags/dag_back_in_avro.py
[2022-12-10T11:59:48.442+0000] {logging_mixin.py:137} INFO - [2022-12-10T11:59:48.442+0000] {dag.py:2676} INFO - Sync 1 DAGs
[2022-12-10T11:59:48.631+0000] {logging_mixin.py:137} INFO - [2022-12-10T11:59:48.631+0000] {dag.py:3427} INFO - Setting next_dagrun for back_in_avro to 2022-12-10T10:00:00+00:00, run_after=2022-12-10T11:00:00+00:00
[2022-12-10T11:59:48.660+0000] {processor.py:175} INFO - Processing /opt/airflow/dags/dag_back_in_avro.py took 0.547 seconds
[2022-12-10T12:00:19.730+0000] {processor.py:153} INFO - Started process (PID=18358) to work on /opt/airflow/dags/dag_back_in_avro.py
[2022-12-10T12:00:19.740+0000] {processor.py:743} INFO - Processing file /opt/airflow/dags/dag_back_in_avro.py for tasks to queue
[2022-12-10T12:00:19.749+0000] {logging_mixin.py:137} INFO - [2022-12-10T12:00:19.748+0000] {dagbag.py:538} INFO - Filling up the DagBag from /opt/airflow/dags/dag_back_in_avro.py
[2022-12-10T12:00:22.073+0000] {processor.py:753} INFO - DAG(s) dict_keys(['back_in_avro']) retrieved from /opt/airflow/dags/dag_back_in_avro.py
[2022-12-10T12:00:22.351+0000] {logging_mixin.py:137} INFO - [2022-12-10T12:00:22.345+0000] {dag.py:2676} INFO - Sync 1 DAGs
[2022-12-10T12:00:23.291+0000] {logging_mixin.py:137} INFO - [2022-12-10T12:00:23.290+0000] {dag.py:3427} INFO - Setting next_dagrun for back_in_avro to 2022-12-10T12:00:00+00:00, run_after=2022-12-10T13:00:00+00:00
[2022-12-10T12:00:23.451+0000] {processor.py:175} INFO - Processing /opt/airflow/dags/dag_back_in_avro.py took 3.751 seconds
[2022-12-10T13:30:45.439+0000] {processor.py:153} INFO - Started process (PID=18389) to work on /opt/airflow/dags/dag_back_in_avro.py
[2022-12-10T13:30:45.450+0000] {processor.py:743} INFO - Processing file /opt/airflow/dags/dag_back_in_avro.py for tasks to queue
[2022-12-10T13:30:45.466+0000] {logging_mixin.py:137} INFO - [2022-12-10T13:30:45.460+0000] {dagbag.py:538} INFO - Filling up the DagBag from /opt/airflow/dags/dag_back_in_avro.py
[2022-12-10T13:30:49.348+0000] {processor.py:753} INFO - DAG(s) dict_keys(['back_in_avro']) retrieved from /opt/airflow/dags/dag_back_in_avro.py
[2022-12-10T13:30:50.980+0000] {logging_mixin.py:137} INFO - [2022-12-10T13:30:49.789+0000] {dag.py:2676} INFO - Sync 1 DAGs
[2022-12-10T13:30:51.313+0000] {logging_mixin.py:137} INFO - [2022-12-10T13:30:51.312+0000] {dag.py:3427} INFO - Setting next_dagrun for back_in_avro to 2022-12-10T13:00:00+00:00, run_after=2022-12-10T14:00:00+00:00
[2022-12-10T13:30:51.577+0000] {processor.py:175} INFO - Processing /opt/airflow/dags/dag_back_in_avro.py took 6.173 seconds
[2022-12-10T13:31:22.588+0000] {processor.py:153} INFO - Started process (PID=18428) to work on /opt/airflow/dags/dag_back_in_avro.py
[2022-12-10T13:31:22.603+0000] {processor.py:743} INFO - Processing file /opt/airflow/dags/dag_back_in_avro.py for tasks to queue
[2022-12-10T13:31:22.614+0000] {logging_mixin.py:137} INFO - [2022-12-10T13:31:22.613+0000] {dagbag.py:538} INFO - Filling up the DagBag from /opt/airflow/dags/dag_back_in_avro.py
[2022-12-10T13:31:24.949+0000] {processor.py:753} INFO - DAG(s) dict_keys(['back_in_avro']) retrieved from /opt/airflow/dags/dag_back_in_avro.py
[2022-12-10T13:31:26.007+0000] {logging_mixin.py:137} INFO - [2022-12-10T13:31:26.005+0000] {dag.py:2676} INFO - Sync 1 DAGs
[2022-12-10T13:31:26.329+0000] {logging_mixin.py:137} INFO - [2022-12-10T13:31:26.326+0000] {dag.py:3427} INFO - Setting next_dagrun for back_in_avro to 2022-12-10T13:00:00+00:00, run_after=2022-12-10T14:00:00+00:00
[2022-12-10T13:31:26.487+0000] {processor.py:175} INFO - Processing /opt/airflow/dags/dag_back_in_avro.py took 3.926 seconds
