[2022-12-11T18:01:38.498+0000] {taskinstance.py:1087} INFO - Dependencies all met for <TaskInstance: CSV_2_DB.First_task_update scheduled__2022-12-11T17:00:00+00:00 [queued]>
[2022-12-11T18:01:38.534+0000] {taskinstance.py:1087} INFO - Dependencies all met for <TaskInstance: CSV_2_DB.First_task_update scheduled__2022-12-11T17:00:00+00:00 [queued]>
[2022-12-11T18:01:38.536+0000] {taskinstance.py:1283} INFO - 
--------------------------------------------------------------------------------
[2022-12-11T18:01:38.538+0000] {taskinstance.py:1284} INFO - Starting attempt 1 of 6
[2022-12-11T18:01:38.539+0000] {taskinstance.py:1285} INFO - 
--------------------------------------------------------------------------------
[2022-12-11T18:01:38.609+0000] {taskinstance.py:1304} INFO - Executing <Task(PythonOperator): First_task_update> on 2022-12-11 17:00:00+00:00
[2022-12-11T18:01:38.663+0000] {standard_task_runner.py:55} INFO - Started process 19430 to run task
[2022-12-11T18:01:38.700+0000] {standard_task_runner.py:82} INFO - Running: ['***', 'tasks', 'run', 'CSV_2_DB', 'First_task_update', 'scheduled__2022-12-11T17:00:00+00:00', '--job-id', '132', '--raw', '--subdir', 'DAGS_FOLDER/dag_csv_to_db.py', '--cfg-path', '/tmp/tmp3iv7327j']
[2022-12-11T18:01:38.740+0000] {standard_task_runner.py:83} INFO - Job 132: Subtask First_task_update
[2022-12-11T18:01:39.187+0000] {task_command.py:389} INFO - Running <TaskInstance: CSV_2_DB.First_task_update scheduled__2022-12-11T17:00:00+00:00 [running]> on host c4fdd5f7672d
[2022-12-11T18:01:39.523+0000] {taskinstance.py:1513} INFO - Exporting the following env vars:
AIRFLOW_CTX_DAG_OWNER=Martin_Jurado
AIRFLOW_CTX_DAG_ID=CSV_2_DB
AIRFLOW_CTX_TASK_ID=First_task_update
AIRFLOW_CTX_EXECUTION_DATE=2022-12-11T17:00:00+00:00
AIRFLOW_CTX_TRY_NUMBER=1
AIRFLOW_CTX_DAG_RUN_ID=scheduled__2022-12-11T17:00:00+00:00
[2022-12-11T18:01:39.670+0000] {logging_mixin.py:137} INFO - [(1, '/opt/***/code_data/departments.csv', 193, 12)] 1
[2022-12-11T18:01:39.675+0000] {logging_mixin.py:137} INFO - Applying conditions
[2022-12-11T18:01:39.679+0000] {logging_mixin.py:137} INFO - There were no changes
[2022-12-11T18:01:39.788+0000] {logging_mixin.py:137} INFO - [(2, '/opt/***/code_data/jobs.csv', 4425, 183)] 1
[2022-12-11T18:01:39.807+0000] {logging_mixin.py:137} INFO - Applying conditions
[2022-12-11T18:01:39.809+0000] {logging_mixin.py:137} INFO - There were no changes
[2022-12-11T18:01:39.932+0000] {logging_mixin.py:137} INFO - [(3, '/opt/***/code_data/z_hired_employees.csv', 92935, 1999)] 1
[2022-12-11T18:01:39.936+0000] {logging_mixin.py:137} INFO - Applying conditions
[2022-12-11T18:01:39.944+0000] {logging_mixin.py:137} INFO - There were no changes
[2022-12-11T18:01:39.946+0000] {python.py:177} INFO - Done. Returned value was: None
[2022-12-11T18:01:39.988+0000] {taskinstance.py:1327} INFO - Marking task as SUCCESS. dag_id=CSV_2_DB, task_id=First_task_update, execution_date=20221211T170000, start_date=20221211T180138, end_date=20221211T180139
[2022-12-11T18:01:40.261+0000] {local_task_job.py:159} INFO - Task exited with return code 0
[2022-12-11T18:01:40.365+0000] {taskinstance.py:2582} INFO - 0 downstream tasks scheduled from follow-on schedule check
