[2022-12-08T01:00:00.844+0000] {taskinstance.py:1087} INFO - Dependencies all met for <TaskInstance: CSV_2_DB.First_task_update scheduled__2022-12-08T00:00:00+00:00 [queued]>
[2022-12-08T01:00:00.855+0000] {taskinstance.py:1087} INFO - Dependencies all met for <TaskInstance: CSV_2_DB.First_task_update scheduled__2022-12-08T00:00:00+00:00 [queued]>
[2022-12-08T01:00:00.856+0000] {taskinstance.py:1283} INFO - 
--------------------------------------------------------------------------------
[2022-12-08T01:00:00.857+0000] {taskinstance.py:1284} INFO - Starting attempt 1 of 6
[2022-12-08T01:00:00.858+0000] {taskinstance.py:1285} INFO - 
--------------------------------------------------------------------------------
[2022-12-08T01:00:00.873+0000] {taskinstance.py:1304} INFO - Executing <Task(PythonOperator): First_task_update> on 2022-12-08 00:00:00+00:00
[2022-12-08T01:00:00.880+0000] {standard_task_runner.py:55} INFO - Started process 82732 to run task
[2022-12-08T01:00:00.885+0000] {standard_task_runner.py:82} INFO - Running: ['***', 'tasks', 'run', 'CSV_2_DB', 'First_task_update', 'scheduled__2022-12-08T00:00:00+00:00', '--job-id', '46', '--raw', '--subdir', 'DAGS_FOLDER/dag_csv_to_db.py', '--cfg-path', '/tmp/tmpf9g59b2y']
[2022-12-08T01:00:00.889+0000] {standard_task_runner.py:83} INFO - Job 46: Subtask First_task_update
[2022-12-08T01:00:00.977+0000] {task_command.py:389} INFO - Running <TaskInstance: CSV_2_DB.First_task_update scheduled__2022-12-08T00:00:00+00:00 [running]> on host ecf4c7a56b04
[2022-12-08T01:00:01.104+0000] {taskinstance.py:1513} INFO - Exporting the following env vars:
AIRFLOW_CTX_DAG_OWNER=Martin_Jurado
AIRFLOW_CTX_DAG_ID=CSV_2_DB
AIRFLOW_CTX_TASK_ID=First_task_update
AIRFLOW_CTX_EXECUTION_DATE=2022-12-08T00:00:00+00:00
AIRFLOW_CTX_TRY_NUMBER=1
AIRFLOW_CTX_DAG_RUN_ID=scheduled__2022-12-08T00:00:00+00:00
[2022-12-08T01:00:01.159+0000] {logging_mixin.py:137} INFO - [(1, '/opt/***/code_data/departments.csv', 193, 12)] 1
[2022-12-08T01:00:01.160+0000] {logging_mixin.py:137} INFO - Applying conditions
[2022-12-08T01:00:01.161+0000] {logging_mixin.py:137} INFO - There were no changes
[2022-12-08T01:00:01.195+0000] {logging_mixin.py:137} INFO - [(2, '/opt/***/code_data/jobs.csv', 4425, 183)] 1
[2022-12-08T01:00:01.196+0000] {logging_mixin.py:137} INFO - Applying conditions
[2022-12-08T01:00:01.197+0000] {logging_mixin.py:137} INFO - There were no changes
[2022-12-08T01:00:01.234+0000] {logging_mixin.py:137} INFO - [(3, '/opt/***/code_data/z_hired_employees.csv', 92935, 1999)] 1
[2022-12-08T01:00:01.235+0000] {logging_mixin.py:137} INFO - Applying conditions
[2022-12-08T01:00:01.235+0000] {logging_mixin.py:137} INFO - There were no changes
[2022-12-08T01:00:01.236+0000] {python.py:177} INFO - Done. Returned value was: None
[2022-12-08T01:00:01.248+0000] {taskinstance.py:1327} INFO - Marking task as SUCCESS. dag_id=CSV_2_DB, task_id=First_task_update, execution_date=20221208T000000, start_date=20221208T010000, end_date=20221208T010001
[2022-12-08T01:00:01.300+0000] {local_task_job.py:159} INFO - Task exited with return code 0
[2022-12-08T01:00:01.324+0000] {taskinstance.py:2582} INFO - 0 downstream tasks scheduled from follow-on schedule check
