[2022-12-07T20:00:30.655+0000] {taskinstance.py:1087} INFO - Dependencies all met for <TaskInstance: CSV_2_DB.First_task_update scheduled__2022-12-07T19:00:00+00:00 [queued]>
[2022-12-07T20:00:30.673+0000] {taskinstance.py:1087} INFO - Dependencies all met for <TaskInstance: CSV_2_DB.First_task_update scheduled__2022-12-07T19:00:00+00:00 [queued]>
[2022-12-07T20:00:30.676+0000] {taskinstance.py:1283} INFO - 
--------------------------------------------------------------------------------
[2022-12-07T20:00:30.677+0000] {taskinstance.py:1284} INFO - Starting attempt 1 of 6
[2022-12-07T20:00:30.679+0000] {taskinstance.py:1285} INFO - 
--------------------------------------------------------------------------------
[2022-12-07T20:00:30.710+0000] {taskinstance.py:1304} INFO - Executing <Task(PythonOperator): First_task_update> on 2022-12-07 19:00:00+00:00
[2022-12-07T20:00:30.725+0000] {standard_task_runner.py:55} INFO - Started process 70958 to run task
[2022-12-07T20:00:30.738+0000] {standard_task_runner.py:82} INFO - Running: ['***', 'tasks', 'run', 'CSV_2_DB', 'First_task_update', 'scheduled__2022-12-07T19:00:00+00:00', '--job-id', '41', '--raw', '--subdir', 'DAGS_FOLDER/dag_csv_to_db.py', '--cfg-path', '/tmp/tmp_rv4_v4_']
[2022-12-07T20:00:30.747+0000] {standard_task_runner.py:83} INFO - Job 41: Subtask First_task_update
[2022-12-07T20:00:30.892+0000] {task_command.py:389} INFO - Running <TaskInstance: CSV_2_DB.First_task_update scheduled__2022-12-07T19:00:00+00:00 [running]> on host ecf4c7a56b04
[2022-12-07T20:00:30.992+0000] {taskinstance.py:1513} INFO - Exporting the following env vars:
AIRFLOW_CTX_DAG_OWNER=Martin_Jurado
AIRFLOW_CTX_DAG_ID=CSV_2_DB
AIRFLOW_CTX_TASK_ID=First_task_update
AIRFLOW_CTX_EXECUTION_DATE=2022-12-07T19:00:00+00:00
AIRFLOW_CTX_TRY_NUMBER=1
AIRFLOW_CTX_DAG_RUN_ID=scheduled__2022-12-07T19:00:00+00:00
[2022-12-07T20:00:31.070+0000] {logging_mixin.py:137} INFO - [(1, '/opt/***/code_data/departments.csv', 193, 12)] 1
[2022-12-07T20:00:31.072+0000] {logging_mixin.py:137} INFO - Applying conditions
[2022-12-07T20:00:31.073+0000] {logging_mixin.py:137} INFO - There were no changes
[2022-12-07T20:00:31.116+0000] {logging_mixin.py:137} INFO - [(2, '/opt/***/code_data/jobs.csv', 4425, 183)] 1
[2022-12-07T20:00:31.117+0000] {logging_mixin.py:137} INFO - Applying conditions
[2022-12-07T20:00:31.118+0000] {logging_mixin.py:137} INFO - There were no changes
[2022-12-07T20:00:31.152+0000] {logging_mixin.py:137} INFO - [(3, '/opt/***/code_data/z_hired_employees.csv', 92935, 1999)] 1
[2022-12-07T20:00:31.153+0000] {logging_mixin.py:137} INFO - Applying conditions
[2022-12-07T20:00:31.154+0000] {logging_mixin.py:137} INFO - There were no changes
[2022-12-07T20:00:31.155+0000] {python.py:177} INFO - Done. Returned value was: None
[2022-12-07T20:00:31.167+0000] {taskinstance.py:1327} INFO - Marking task as SUCCESS. dag_id=CSV_2_DB, task_id=First_task_update, execution_date=20221207T190000, start_date=20221207T200030, end_date=20221207T200031
[2022-12-07T20:00:31.191+0000] {local_task_job.py:159} INFO - Task exited with return code 0
[2022-12-07T20:00:31.213+0000] {taskinstance.py:2582} INFO - 0 downstream tasks scheduled from follow-on schedule check
