[2022-12-09T00:00:02.049+0000] {taskinstance.py:1087} INFO - Dependencies all met for <TaskInstance: CSV_2_DB.First_task_update scheduled__2022-12-08T23:00:00+00:00 [queued]>
[2022-12-09T00:00:02.083+0000] {taskinstance.py:1087} INFO - Dependencies all met for <TaskInstance: CSV_2_DB.First_task_update scheduled__2022-12-08T23:00:00+00:00 [queued]>
[2022-12-09T00:00:02.089+0000] {taskinstance.py:1283} INFO - 
--------------------------------------------------------------------------------
[2022-12-09T00:00:02.098+0000] {taskinstance.py:1284} INFO - Starting attempt 1 of 6
[2022-12-09T00:00:02.100+0000] {taskinstance.py:1285} INFO - 
--------------------------------------------------------------------------------
[2022-12-09T00:00:02.156+0000] {taskinstance.py:1304} INFO - Executing <Task(PythonOperator): First_task_update> on 2022-12-08 23:00:00+00:00
[2022-12-09T00:00:02.176+0000] {standard_task_runner.py:55} INFO - Started process 8465 to run task
[2022-12-09T00:00:02.187+0000] {standard_task_runner.py:82} INFO - Running: ['***', 'tasks', 'run', 'CSV_2_DB', 'First_task_update', 'scheduled__2022-12-08T23:00:00+00:00', '--job-id', '37', '--raw', '--subdir', 'DAGS_FOLDER/dag_csv_to_db.py', '--cfg-path', '/tmp/tmp_w42v12e']
[2022-12-09T00:00:02.194+0000] {standard_task_runner.py:83} INFO - Job 37: Subtask First_task_update
[2022-12-09T00:00:02.407+0000] {task_command.py:389} INFO - Running <TaskInstance: CSV_2_DB.First_task_update scheduled__2022-12-08T23:00:00+00:00 [running]> on host c4fdd5f7672d
[2022-12-09T00:00:02.636+0000] {taskinstance.py:1513} INFO - Exporting the following env vars:
AIRFLOW_CTX_DAG_OWNER=Martin_Jurado
AIRFLOW_CTX_DAG_ID=CSV_2_DB
AIRFLOW_CTX_TASK_ID=First_task_update
AIRFLOW_CTX_EXECUTION_DATE=2022-12-08T23:00:00+00:00
AIRFLOW_CTX_TRY_NUMBER=1
AIRFLOW_CTX_DAG_RUN_ID=scheduled__2022-12-08T23:00:00+00:00
[2022-12-09T00:00:02.736+0000] {logging_mixin.py:137} INFO - [(1, '/opt/***/code_data/departments.csv', 193, 12)] 1
[2022-12-09T00:00:02.739+0000] {logging_mixin.py:137} INFO - Applying conditions
[2022-12-09T00:00:02.741+0000] {logging_mixin.py:137} INFO - There were no changes
[2022-12-09T00:00:02.862+0000] {logging_mixin.py:137} INFO - [(2, '/opt/***/code_data/jobs.csv', 4425, 183)] 1
[2022-12-09T00:00:02.863+0000] {logging_mixin.py:137} INFO - Applying conditions
[2022-12-09T00:00:02.867+0000] {logging_mixin.py:137} INFO - There were no changes
[2022-12-09T00:00:02.955+0000] {logging_mixin.py:137} INFO - [(3, '/opt/***/code_data/z_hired_employees.csv', 92935, 1999)] 1
[2022-12-09T00:00:02.957+0000] {logging_mixin.py:137} INFO - Applying conditions
[2022-12-09T00:00:02.959+0000] {logging_mixin.py:137} INFO - There were no changes
[2022-12-09T00:00:02.966+0000] {python.py:177} INFO - Done. Returned value was: None
[2022-12-09T00:00:03.005+0000] {taskinstance.py:1327} INFO - Marking task as SUCCESS. dag_id=CSV_2_DB, task_id=First_task_update, execution_date=20221208T230000, start_date=20221209T000002, end_date=20221209T000003
[2022-12-09T00:00:03.096+0000] {local_task_job.py:159} INFO - Task exited with return code 0
[2022-12-09T00:00:03.134+0000] {taskinstance.py:2582} INFO - 0 downstream tasks scheduled from follow-on schedule check
