[2022-12-06T18:00:16.271+0000] {taskinstance.py:1087} INFO - Dependencies all met for <TaskInstance: CSV_2_DB.First_task_update manual__2022-12-06T18:00:14.982494+00:00 [queued]>
[2022-12-06T18:00:16.282+0000] {taskinstance.py:1087} INFO - Dependencies all met for <TaskInstance: CSV_2_DB.First_task_update manual__2022-12-06T18:00:14.982494+00:00 [queued]>
[2022-12-06T18:00:16.283+0000] {taskinstance.py:1283} INFO - 
--------------------------------------------------------------------------------
[2022-12-06T18:00:16.284+0000] {taskinstance.py:1284} INFO - Starting attempt 1 of 6
[2022-12-06T18:00:16.285+0000] {taskinstance.py:1285} INFO - 
--------------------------------------------------------------------------------
[2022-12-06T18:00:16.301+0000] {taskinstance.py:1304} INFO - Executing <Task(PythonOperator): First_task_update> on 2022-12-06 18:00:14.982494+00:00
[2022-12-06T18:00:16.308+0000] {standard_task_runner.py:55} INFO - Started process 19659 to run task
[2022-12-06T18:00:16.312+0000] {standard_task_runner.py:82} INFO - Running: ['***', 'tasks', 'run', 'CSV_2_DB', 'First_task_update', 'manual__2022-12-06T18:00:14.982494+00:00', '--job-id', '12', '--raw', '--subdir', 'DAGS_FOLDER/dag_csv_to_db.py', '--cfg-path', '/tmp/tmplg6tiz22']
[2022-12-06T18:00:16.315+0000] {standard_task_runner.py:83} INFO - Job 12: Subtask First_task_update
[2022-12-06T18:00:16.401+0000] {task_command.py:389} INFO - Running <TaskInstance: CSV_2_DB.First_task_update manual__2022-12-06T18:00:14.982494+00:00 [running]> on host ecf4c7a56b04
[2022-12-06T18:00:16.496+0000] {taskinstance.py:1513} INFO - Exporting the following env vars:
AIRFLOW_CTX_DAG_OWNER=Martin_Jurado
AIRFLOW_CTX_DAG_ID=CSV_2_DB
AIRFLOW_CTX_TASK_ID=First_task_update
AIRFLOW_CTX_EXECUTION_DATE=2022-12-06T18:00:14.982494+00:00
AIRFLOW_CTX_TRY_NUMBER=1
AIRFLOW_CTX_DAG_RUN_ID=manual__2022-12-06T18:00:14.982494+00:00
[2022-12-06T18:00:16.547+0000] {logging_mixin.py:137} INFO - [(1, '/opt/***/code_data/departments.csv', 200, 13)] 1
[2022-12-06T18:00:16.548+0000] {logging_mixin.py:137} INFO - Applying conditions
[2022-12-06T18:00:16.549+0000] {logging_mixin.py:137} INFO - There were no changes
[2022-12-06T18:00:16.591+0000] {logging_mixin.py:137} INFO - [(2, '/opt/***/code_data/jobs.csv', 4421, 183)] 1
[2022-12-06T18:00:16.593+0000] {logging_mixin.py:137} INFO - Applying conditions
[2022-12-06T18:00:16.594+0000] {logging_mixin.py:137} INFO - There were no changes
[2022-12-06T18:00:16.632+0000] {logging_mixin.py:137} INFO - [(3, '/opt/***/code_data/z_hired_employees.csv', 92979, 2000)] 1
[2022-12-06T18:00:16.633+0000] {logging_mixin.py:137} INFO - Applying conditions
[2022-12-06T18:00:16.636+0000] {logging_mixin.py:137} INFO - There were no changes
[2022-12-06T18:00:16.637+0000] {python.py:177} INFO - Done. Returned value was: None
[2022-12-06T18:00:16.648+0000] {taskinstance.py:1327} INFO - Marking task as SUCCESS. dag_id=CSV_2_DB, task_id=First_task_update, execution_date=20221206T180014, start_date=20221206T180016, end_date=20221206T180016
[2022-12-06T18:00:16.687+0000] {local_task_job.py:159} INFO - Task exited with return code 0
[2022-12-06T18:00:16.712+0000] {taskinstance.py:2582} INFO - 0 downstream tasks scheduled from follow-on schedule check
