[2022-12-07T00:00:13.964+0000] {processor.py:153} INFO - Started process (PID=32486) to work on /opt/airflow/dags/dag_csv_to_db.py
[2022-12-07T00:00:13.969+0000] {processor.py:743} INFO - Processing file /opt/airflow/dags/dag_csv_to_db.py for tasks to queue
[2022-12-07T00:00:13.972+0000] {logging_mixin.py:137} INFO - [2022-12-07T00:00:13.972+0000] {dagbag.py:538} INFO - Filling up the DagBag from /opt/airflow/dags/dag_csv_to_db.py
[2022-12-07T00:00:14.560+0000] {processor.py:753} INFO - DAG(s) dict_keys(['CSV_2_DB']) retrieved from /opt/airflow/dags/dag_csv_to_db.py
[2022-12-07T00:00:14.620+0000] {logging_mixin.py:137} INFO - [2022-12-07T00:00:14.619+0000] {dag.py:2676} INFO - Sync 1 DAGs
[2022-12-07T00:00:14.662+0000] {logging_mixin.py:137} INFO - [2022-12-07T00:00:14.662+0000] {dag.py:3427} INFO - Setting next_dagrun for CSV_2_DB to 2022-12-07T00:00:00+00:00, run_after=2022-12-07T01:00:00+00:00
[2022-12-07T00:00:14.696+0000] {processor.py:175} INFO - Processing /opt/airflow/dags/dag_csv_to_db.py took 0.736 seconds
[2022-12-07T00:00:44.884+0000] {processor.py:153} INFO - Started process (PID=32532) to work on /opt/airflow/dags/dag_csv_to_db.py
[2022-12-07T00:00:44.886+0000] {processor.py:743} INFO - Processing file /opt/airflow/dags/dag_csv_to_db.py for tasks to queue
[2022-12-07T00:00:44.889+0000] {logging_mixin.py:137} INFO - [2022-12-07T00:00:44.888+0000] {dagbag.py:538} INFO - Filling up the DagBag from /opt/airflow/dags/dag_csv_to_db.py
[2022-12-07T00:00:45.310+0000] {processor.py:753} INFO - DAG(s) dict_keys(['CSV_2_DB']) retrieved from /opt/airflow/dags/dag_csv_to_db.py
[2022-12-07T00:00:45.354+0000] {logging_mixin.py:137} INFO - [2022-12-07T00:00:45.353+0000] {dag.py:2676} INFO - Sync 1 DAGs
[2022-12-07T00:00:45.386+0000] {logging_mixin.py:137} INFO - [2022-12-07T00:00:45.386+0000] {dag.py:3427} INFO - Setting next_dagrun for CSV_2_DB to 2022-12-07T00:00:00+00:00, run_after=2022-12-07T01:00:00+00:00
[2022-12-07T00:00:45.413+0000] {processor.py:175} INFO - Processing /opt/airflow/dags/dag_csv_to_db.py took 0.535 seconds
[2022-12-07T00:01:15.597+0000] {processor.py:153} INFO - Started process (PID=32562) to work on /opt/airflow/dags/dag_csv_to_db.py
[2022-12-07T00:01:15.599+0000] {processor.py:743} INFO - Processing file /opt/airflow/dags/dag_csv_to_db.py for tasks to queue
[2022-12-07T00:01:15.602+0000] {logging_mixin.py:137} INFO - [2022-12-07T00:01:15.601+0000] {dagbag.py:538} INFO - Filling up the DagBag from /opt/airflow/dags/dag_csv_to_db.py
[2022-12-07T00:01:16.048+0000] {processor.py:753} INFO - DAG(s) dict_keys(['CSV_2_DB']) retrieved from /opt/airflow/dags/dag_csv_to_db.py
[2022-12-07T00:01:16.087+0000] {logging_mixin.py:137} INFO - [2022-12-07T00:01:16.087+0000] {dag.py:2676} INFO - Sync 1 DAGs
[2022-12-07T00:01:16.115+0000] {logging_mixin.py:137} INFO - [2022-12-07T00:01:16.115+0000] {dag.py:3427} INFO - Setting next_dagrun for CSV_2_DB to 2022-12-07T00:00:00+00:00, run_after=2022-12-07T01:00:00+00:00
[2022-12-07T00:01:16.135+0000] {processor.py:175} INFO - Processing /opt/airflow/dags/dag_csv_to_db.py took 0.544 seconds
[2022-12-07T00:01:46.326+0000] {processor.py:153} INFO - Started process (PID=32610) to work on /opt/airflow/dags/dag_csv_to_db.py
[2022-12-07T00:01:46.328+0000] {processor.py:743} INFO - Processing file /opt/airflow/dags/dag_csv_to_db.py for tasks to queue
[2022-12-07T00:01:46.330+0000] {logging_mixin.py:137} INFO - [2022-12-07T00:01:46.330+0000] {dagbag.py:538} INFO - Filling up the DagBag from /opt/airflow/dags/dag_csv_to_db.py
[2022-12-07T00:01:46.808+0000] {processor.py:753} INFO - DAG(s) dict_keys(['CSV_2_DB']) retrieved from /opt/airflow/dags/dag_csv_to_db.py
[2022-12-07T00:01:46.851+0000] {logging_mixin.py:137} INFO - [2022-12-07T00:01:46.851+0000] {dag.py:2676} INFO - Sync 1 DAGs
[2022-12-07T00:01:46.886+0000] {logging_mixin.py:137} INFO - [2022-12-07T00:01:46.886+0000] {dag.py:3427} INFO - Setting next_dagrun for CSV_2_DB to 2022-12-07T00:00:00+00:00, run_after=2022-12-07T01:00:00+00:00
[2022-12-07T00:01:46.917+0000] {processor.py:175} INFO - Processing /opt/airflow/dags/dag_csv_to_db.py took 0.596 seconds
[2022-12-07T00:02:17.093+0000] {processor.py:153} INFO - Started process (PID=32642) to work on /opt/airflow/dags/dag_csv_to_db.py
[2022-12-07T00:02:17.096+0000] {processor.py:743} INFO - Processing file /opt/airflow/dags/dag_csv_to_db.py for tasks to queue
[2022-12-07T00:02:17.098+0000] {logging_mixin.py:137} INFO - [2022-12-07T00:02:17.098+0000] {dagbag.py:538} INFO - Filling up the DagBag from /opt/airflow/dags/dag_csv_to_db.py
[2022-12-07T00:02:17.599+0000] {processor.py:753} INFO - DAG(s) dict_keys(['CSV_2_DB']) retrieved from /opt/airflow/dags/dag_csv_to_db.py
[2022-12-07T00:02:17.644+0000] {logging_mixin.py:137} INFO - [2022-12-07T00:02:17.643+0000] {dag.py:2676} INFO - Sync 1 DAGs
[2022-12-07T00:02:17.683+0000] {logging_mixin.py:137} INFO - [2022-12-07T00:02:17.683+0000] {dag.py:3427} INFO - Setting next_dagrun for CSV_2_DB to 2022-12-07T00:00:00+00:00, run_after=2022-12-07T01:00:00+00:00
[2022-12-07T00:02:17.715+0000] {processor.py:175} INFO - Processing /opt/airflow/dags/dag_csv_to_db.py took 0.627 seconds
[2022-12-07T00:02:47.971+0000] {processor.py:153} INFO - Started process (PID=32684) to work on /opt/airflow/dags/dag_csv_to_db.py
[2022-12-07T00:02:47.974+0000] {processor.py:743} INFO - Processing file /opt/airflow/dags/dag_csv_to_db.py for tasks to queue
[2022-12-07T00:02:47.976+0000] {logging_mixin.py:137} INFO - [2022-12-07T00:02:47.975+0000] {dagbag.py:538} INFO - Filling up the DagBag from /opt/airflow/dags/dag_csv_to_db.py
[2022-12-07T00:02:48.447+0000] {processor.py:753} INFO - DAG(s) dict_keys(['CSV_2_DB']) retrieved from /opt/airflow/dags/dag_csv_to_db.py
[2022-12-07T00:02:48.500+0000] {logging_mixin.py:137} INFO - [2022-12-07T00:02:48.499+0000] {dag.py:2676} INFO - Sync 1 DAGs
[2022-12-07T00:02:48.536+0000] {logging_mixin.py:137} INFO - [2022-12-07T00:02:48.536+0000] {dag.py:3427} INFO - Setting next_dagrun for CSV_2_DB to 2022-12-07T00:00:00+00:00, run_after=2022-12-07T01:00:00+00:00
[2022-12-07T00:02:48.565+0000] {processor.py:175} INFO - Processing /opt/airflow/dags/dag_csv_to_db.py took 0.599 seconds
[2022-12-07T00:03:18.774+0000] {processor.py:153} INFO - Started process (PID=32720) to work on /opt/airflow/dags/dag_csv_to_db.py
[2022-12-07T00:03:18.778+0000] {processor.py:743} INFO - Processing file /opt/airflow/dags/dag_csv_to_db.py for tasks to queue
[2022-12-07T00:03:18.780+0000] {logging_mixin.py:137} INFO - [2022-12-07T00:03:18.780+0000] {dagbag.py:538} INFO - Filling up the DagBag from /opt/airflow/dags/dag_csv_to_db.py
[2022-12-07T00:03:19.305+0000] {processor.py:753} INFO - DAG(s) dict_keys(['CSV_2_DB']) retrieved from /opt/airflow/dags/dag_csv_to_db.py
[2022-12-07T00:03:19.349+0000] {logging_mixin.py:137} INFO - [2022-12-07T00:03:19.348+0000] {dag.py:2676} INFO - Sync 1 DAGs
[2022-12-07T00:03:19.385+0000] {logging_mixin.py:137} INFO - [2022-12-07T00:03:19.385+0000] {dag.py:3427} INFO - Setting next_dagrun for CSV_2_DB to 2022-12-07T00:00:00+00:00, run_after=2022-12-07T01:00:00+00:00
[2022-12-07T00:03:19.405+0000] {processor.py:175} INFO - Processing /opt/airflow/dags/dag_csv_to_db.py took 0.636 seconds
[2022-12-07T00:03:49.596+0000] {processor.py:153} INFO - Started process (PID=32752) to work on /opt/airflow/dags/dag_csv_to_db.py
[2022-12-07T00:03:49.600+0000] {processor.py:743} INFO - Processing file /opt/airflow/dags/dag_csv_to_db.py for tasks to queue
[2022-12-07T00:03:49.608+0000] {logging_mixin.py:137} INFO - [2022-12-07T00:03:49.607+0000] {dagbag.py:538} INFO - Filling up the DagBag from /opt/airflow/dags/dag_csv_to_db.py
[2022-12-07T00:03:50.424+0000] {processor.py:753} INFO - DAG(s) dict_keys(['CSV_2_DB']) retrieved from /opt/airflow/dags/dag_csv_to_db.py
[2022-12-07T00:03:50.482+0000] {logging_mixin.py:137} INFO - [2022-12-07T00:03:50.480+0000] {dag.py:2676} INFO - Sync 1 DAGs
[2022-12-07T00:03:50.522+0000] {logging_mixin.py:137} INFO - [2022-12-07T00:03:50.522+0000] {dag.py:3427} INFO - Setting next_dagrun for CSV_2_DB to 2022-12-07T00:00:00+00:00, run_after=2022-12-07T01:00:00+00:00
[2022-12-07T00:03:50.554+0000] {processor.py:175} INFO - Processing /opt/airflow/dags/dag_csv_to_db.py took 0.970 seconds
[2022-12-07T00:04:20.766+0000] {processor.py:153} INFO - Started process (PID=32799) to work on /opt/airflow/dags/dag_csv_to_db.py
[2022-12-07T00:04:20.769+0000] {processor.py:743} INFO - Processing file /opt/airflow/dags/dag_csv_to_db.py for tasks to queue
[2022-12-07T00:04:20.770+0000] {logging_mixin.py:137} INFO - [2022-12-07T00:04:20.770+0000] {dagbag.py:538} INFO - Filling up the DagBag from /opt/airflow/dags/dag_csv_to_db.py
[2022-12-07T00:04:21.225+0000] {processor.py:753} INFO - DAG(s) dict_keys(['CSV_2_DB']) retrieved from /opt/airflow/dags/dag_csv_to_db.py
[2022-12-07T00:04:21.266+0000] {logging_mixin.py:137} INFO - [2022-12-07T00:04:21.265+0000] {dag.py:2676} INFO - Sync 1 DAGs
[2022-12-07T00:04:21.297+0000] {logging_mixin.py:137} INFO - [2022-12-07T00:04:21.297+0000] {dag.py:3427} INFO - Setting next_dagrun for CSV_2_DB to 2022-12-07T00:00:00+00:00, run_after=2022-12-07T01:00:00+00:00
[2022-12-07T00:04:21.321+0000] {processor.py:175} INFO - Processing /opt/airflow/dags/dag_csv_to_db.py took 0.560 seconds
[2022-12-07T00:04:51.543+0000] {processor.py:153} INFO - Started process (PID=32830) to work on /opt/airflow/dags/dag_csv_to_db.py
[2022-12-07T00:04:51.545+0000] {processor.py:743} INFO - Processing file /opt/airflow/dags/dag_csv_to_db.py for tasks to queue
[2022-12-07T00:04:51.547+0000] {logging_mixin.py:137} INFO - [2022-12-07T00:04:51.547+0000] {dagbag.py:538} INFO - Filling up the DagBag from /opt/airflow/dags/dag_csv_to_db.py
[2022-12-07T00:04:51.993+0000] {processor.py:753} INFO - DAG(s) dict_keys(['CSV_2_DB']) retrieved from /opt/airflow/dags/dag_csv_to_db.py
[2022-12-07T00:04:52.036+0000] {logging_mixin.py:137} INFO - [2022-12-07T00:04:52.035+0000] {dag.py:2676} INFO - Sync 1 DAGs
[2022-12-07T00:04:52.069+0000] {logging_mixin.py:137} INFO - [2022-12-07T00:04:52.069+0000] {dag.py:3427} INFO - Setting next_dagrun for CSV_2_DB to 2022-12-07T00:00:00+00:00, run_after=2022-12-07T01:00:00+00:00
[2022-12-07T00:04:52.094+0000] {processor.py:175} INFO - Processing /opt/airflow/dags/dag_csv_to_db.py took 0.556 seconds
[2022-12-07T00:05:22.281+0000] {processor.py:153} INFO - Started process (PID=32876) to work on /opt/airflow/dags/dag_csv_to_db.py
[2022-12-07T00:05:22.283+0000] {processor.py:743} INFO - Processing file /opt/airflow/dags/dag_csv_to_db.py for tasks to queue
[2022-12-07T00:05:22.285+0000] {logging_mixin.py:137} INFO - [2022-12-07T00:05:22.285+0000] {dagbag.py:538} INFO - Filling up the DagBag from /opt/airflow/dags/dag_csv_to_db.py
[2022-12-07T00:05:22.840+0000] {processor.py:753} INFO - DAG(s) dict_keys(['CSV_2_DB']) retrieved from /opt/airflow/dags/dag_csv_to_db.py
[2022-12-07T00:05:22.881+0000] {logging_mixin.py:137} INFO - [2022-12-07T00:05:22.880+0000] {dag.py:2676} INFO - Sync 1 DAGs
[2022-12-07T00:05:22.909+0000] {logging_mixin.py:137} INFO - [2022-12-07T00:05:22.909+0000] {dag.py:3427} INFO - Setting next_dagrun for CSV_2_DB to 2022-12-07T00:00:00+00:00, run_after=2022-12-07T01:00:00+00:00
[2022-12-07T00:05:22.930+0000] {processor.py:175} INFO - Processing /opt/airflow/dags/dag_csv_to_db.py took 0.654 seconds
[2022-12-07T00:05:53.107+0000] {processor.py:153} INFO - Started process (PID=32908) to work on /opt/airflow/dags/dag_csv_to_db.py
[2022-12-07T00:05:53.110+0000] {processor.py:743} INFO - Processing file /opt/airflow/dags/dag_csv_to_db.py for tasks to queue
[2022-12-07T00:05:53.112+0000] {logging_mixin.py:137} INFO - [2022-12-07T00:05:53.112+0000] {dagbag.py:538} INFO - Filling up the DagBag from /opt/airflow/dags/dag_csv_to_db.py
[2022-12-07T00:05:53.650+0000] {processor.py:753} INFO - DAG(s) dict_keys(['CSV_2_DB']) retrieved from /opt/airflow/dags/dag_csv_to_db.py
[2022-12-07T00:05:53.700+0000] {logging_mixin.py:137} INFO - [2022-12-07T00:05:53.699+0000] {dag.py:2676} INFO - Sync 1 DAGs
[2022-12-07T00:05:53.744+0000] {logging_mixin.py:137} INFO - [2022-12-07T00:05:53.744+0000] {dag.py:3427} INFO - Setting next_dagrun for CSV_2_DB to 2022-12-07T00:00:00+00:00, run_after=2022-12-07T01:00:00+00:00
[2022-12-07T00:05:53.777+0000] {processor.py:175} INFO - Processing /opt/airflow/dags/dag_csv_to_db.py took 0.676 seconds
[2022-12-07T00:06:23.960+0000] {processor.py:153} INFO - Started process (PID=32954) to work on /opt/airflow/dags/dag_csv_to_db.py
[2022-12-07T00:06:23.963+0000] {processor.py:743} INFO - Processing file /opt/airflow/dags/dag_csv_to_db.py for tasks to queue
[2022-12-07T00:06:23.965+0000] {logging_mixin.py:137} INFO - [2022-12-07T00:06:23.964+0000] {dagbag.py:538} INFO - Filling up the DagBag from /opt/airflow/dags/dag_csv_to_db.py
[2022-12-07T00:06:24.411+0000] {processor.py:753} INFO - DAG(s) dict_keys(['CSV_2_DB']) retrieved from /opt/airflow/dags/dag_csv_to_db.py
[2022-12-07T00:06:24.445+0000] {logging_mixin.py:137} INFO - [2022-12-07T00:06:24.445+0000] {dag.py:2676} INFO - Sync 1 DAGs
[2022-12-07T00:06:24.473+0000] {logging_mixin.py:137} INFO - [2022-12-07T00:06:24.473+0000] {dag.py:3427} INFO - Setting next_dagrun for CSV_2_DB to 2022-12-07T00:00:00+00:00, run_after=2022-12-07T01:00:00+00:00
[2022-12-07T00:06:24.495+0000] {processor.py:175} INFO - Processing /opt/airflow/dags/dag_csv_to_db.py took 0.539 seconds
[2022-12-07T00:06:54.704+0000] {processor.py:153} INFO - Started process (PID=32985) to work on /opt/airflow/dags/dag_csv_to_db.py
[2022-12-07T00:06:54.707+0000] {processor.py:743} INFO - Processing file /opt/airflow/dags/dag_csv_to_db.py for tasks to queue
[2022-12-07T00:06:54.710+0000] {logging_mixin.py:137} INFO - [2022-12-07T00:06:54.709+0000] {dagbag.py:538} INFO - Filling up the DagBag from /opt/airflow/dags/dag_csv_to_db.py
[2022-12-07T00:06:55.228+0000] {processor.py:753} INFO - DAG(s) dict_keys(['CSV_2_DB']) retrieved from /opt/airflow/dags/dag_csv_to_db.py
[2022-12-07T00:06:55.276+0000] {logging_mixin.py:137} INFO - [2022-12-07T00:06:55.275+0000] {dag.py:2676} INFO - Sync 1 DAGs
[2022-12-07T00:06:55.311+0000] {logging_mixin.py:137} INFO - [2022-12-07T00:06:55.310+0000] {dag.py:3427} INFO - Setting next_dagrun for CSV_2_DB to 2022-12-07T00:00:00+00:00, run_after=2022-12-07T01:00:00+00:00
[2022-12-07T00:06:55.334+0000] {processor.py:175} INFO - Processing /opt/airflow/dags/dag_csv_to_db.py took 0.635 seconds
[2022-12-07T00:07:25.497+0000] {processor.py:153} INFO - Started process (PID=33024) to work on /opt/airflow/dags/dag_csv_to_db.py
[2022-12-07T00:07:25.500+0000] {processor.py:743} INFO - Processing file /opt/airflow/dags/dag_csv_to_db.py for tasks to queue
[2022-12-07T00:07:25.501+0000] {logging_mixin.py:137} INFO - [2022-12-07T00:07:25.501+0000] {dagbag.py:538} INFO - Filling up the DagBag from /opt/airflow/dags/dag_csv_to_db.py
[2022-12-07T00:07:25.920+0000] {processor.py:753} INFO - DAG(s) dict_keys(['CSV_2_DB']) retrieved from /opt/airflow/dags/dag_csv_to_db.py
[2022-12-07T00:07:25.969+0000] {logging_mixin.py:137} INFO - [2022-12-07T00:07:25.967+0000] {dag.py:2676} INFO - Sync 1 DAGs
[2022-12-07T00:07:26.008+0000] {logging_mixin.py:137} INFO - [2022-12-07T00:07:26.008+0000] {dag.py:3427} INFO - Setting next_dagrun for CSV_2_DB to 2022-12-07T00:00:00+00:00, run_after=2022-12-07T01:00:00+00:00
[2022-12-07T00:07:26.040+0000] {processor.py:175} INFO - Processing /opt/airflow/dags/dag_csv_to_db.py took 0.547 seconds
[2022-12-07T00:07:56.226+0000] {processor.py:153} INFO - Started process (PID=33060) to work on /opt/airflow/dags/dag_csv_to_db.py
[2022-12-07T00:07:56.228+0000] {processor.py:743} INFO - Processing file /opt/airflow/dags/dag_csv_to_db.py for tasks to queue
[2022-12-07T00:07:56.230+0000] {logging_mixin.py:137} INFO - [2022-12-07T00:07:56.230+0000] {dagbag.py:538} INFO - Filling up the DagBag from /opt/airflow/dags/dag_csv_to_db.py
[2022-12-07T00:07:56.686+0000] {processor.py:753} INFO - DAG(s) dict_keys(['CSV_2_DB']) retrieved from /opt/airflow/dags/dag_csv_to_db.py
[2022-12-07T00:07:56.742+0000] {logging_mixin.py:137} INFO - [2022-12-07T00:07:56.741+0000] {dag.py:2676} INFO - Sync 1 DAGs
[2022-12-07T00:07:56.772+0000] {logging_mixin.py:137} INFO - [2022-12-07T00:07:56.771+0000] {dag.py:3427} INFO - Setting next_dagrun for CSV_2_DB to 2022-12-07T00:00:00+00:00, run_after=2022-12-07T01:00:00+00:00
[2022-12-07T00:07:56.794+0000] {processor.py:175} INFO - Processing /opt/airflow/dags/dag_csv_to_db.py took 0.573 seconds
[2022-12-07T00:08:26.946+0000] {processor.py:153} INFO - Started process (PID=33100) to work on /opt/airflow/dags/dag_csv_to_db.py
[2022-12-07T00:08:26.948+0000] {processor.py:743} INFO - Processing file /opt/airflow/dags/dag_csv_to_db.py for tasks to queue
[2022-12-07T00:08:26.950+0000] {logging_mixin.py:137} INFO - [2022-12-07T00:08:26.950+0000] {dagbag.py:538} INFO - Filling up the DagBag from /opt/airflow/dags/dag_csv_to_db.py
[2022-12-07T00:08:27.482+0000] {processor.py:753} INFO - DAG(s) dict_keys(['CSV_2_DB']) retrieved from /opt/airflow/dags/dag_csv_to_db.py
[2022-12-07T00:08:27.528+0000] {logging_mixin.py:137} INFO - [2022-12-07T00:08:27.527+0000] {dag.py:2676} INFO - Sync 1 DAGs
[2022-12-07T00:08:27.566+0000] {logging_mixin.py:137} INFO - [2022-12-07T00:08:27.566+0000] {dag.py:3427} INFO - Setting next_dagrun for CSV_2_DB to 2022-12-07T00:00:00+00:00, run_after=2022-12-07T01:00:00+00:00
[2022-12-07T00:08:27.592+0000] {processor.py:175} INFO - Processing /opt/airflow/dags/dag_csv_to_db.py took 0.651 seconds
[2022-12-07T00:08:57.806+0000] {processor.py:153} INFO - Started process (PID=33139) to work on /opt/airflow/dags/dag_csv_to_db.py
[2022-12-07T00:08:57.810+0000] {processor.py:743} INFO - Processing file /opt/airflow/dags/dag_csv_to_db.py for tasks to queue
[2022-12-07T00:08:57.812+0000] {logging_mixin.py:137} INFO - [2022-12-07T00:08:57.812+0000] {dagbag.py:538} INFO - Filling up the DagBag from /opt/airflow/dags/dag_csv_to_db.py
[2022-12-07T00:08:58.388+0000] {processor.py:753} INFO - DAG(s) dict_keys(['CSV_2_DB']) retrieved from /opt/airflow/dags/dag_csv_to_db.py
[2022-12-07T00:08:58.434+0000] {logging_mixin.py:137} INFO - [2022-12-07T00:08:58.433+0000] {dag.py:2676} INFO - Sync 1 DAGs
[2022-12-07T00:08:58.475+0000] {logging_mixin.py:137} INFO - [2022-12-07T00:08:58.475+0000] {dag.py:3427} INFO - Setting next_dagrun for CSV_2_DB to 2022-12-07T00:00:00+00:00, run_after=2022-12-07T01:00:00+00:00
[2022-12-07T00:08:58.508+0000] {processor.py:175} INFO - Processing /opt/airflow/dags/dag_csv_to_db.py took 0.706 seconds
[2022-12-07T00:09:28.653+0000] {processor.py:153} INFO - Started process (PID=33171) to work on /opt/airflow/dags/dag_csv_to_db.py
[2022-12-07T00:09:28.655+0000] {processor.py:743} INFO - Processing file /opt/airflow/dags/dag_csv_to_db.py for tasks to queue
[2022-12-07T00:09:28.656+0000] {logging_mixin.py:137} INFO - [2022-12-07T00:09:28.656+0000] {dagbag.py:538} INFO - Filling up the DagBag from /opt/airflow/dags/dag_csv_to_db.py
[2022-12-07T00:09:29.129+0000] {processor.py:753} INFO - DAG(s) dict_keys(['CSV_2_DB']) retrieved from /opt/airflow/dags/dag_csv_to_db.py
[2022-12-07T00:09:29.163+0000] {logging_mixin.py:137} INFO - [2022-12-07T00:09:29.162+0000] {dag.py:2676} INFO - Sync 1 DAGs
[2022-12-07T00:09:29.193+0000] {logging_mixin.py:137} INFO - [2022-12-07T00:09:29.193+0000] {dag.py:3427} INFO - Setting next_dagrun for CSV_2_DB to 2022-12-07T00:00:00+00:00, run_after=2022-12-07T01:00:00+00:00
[2022-12-07T00:09:29.212+0000] {processor.py:175} INFO - Processing /opt/airflow/dags/dag_csv_to_db.py took 0.563 seconds
[2022-12-07T00:09:59.379+0000] {processor.py:153} INFO - Started process (PID=33218) to work on /opt/airflow/dags/dag_csv_to_db.py
[2022-12-07T00:09:59.381+0000] {processor.py:743} INFO - Processing file /opt/airflow/dags/dag_csv_to_db.py for tasks to queue
[2022-12-07T00:09:59.383+0000] {logging_mixin.py:137} INFO - [2022-12-07T00:09:59.383+0000] {dagbag.py:538} INFO - Filling up the DagBag from /opt/airflow/dags/dag_csv_to_db.py
[2022-12-07T00:09:59.889+0000] {processor.py:753} INFO - DAG(s) dict_keys(['CSV_2_DB']) retrieved from /opt/airflow/dags/dag_csv_to_db.py
[2022-12-07T00:09:59.932+0000] {logging_mixin.py:137} INFO - [2022-12-07T00:09:59.932+0000] {dag.py:2676} INFO - Sync 1 DAGs
[2022-12-07T00:09:59.962+0000] {logging_mixin.py:137} INFO - [2022-12-07T00:09:59.962+0000] {dag.py:3427} INFO - Setting next_dagrun for CSV_2_DB to 2022-12-07T00:00:00+00:00, run_after=2022-12-07T01:00:00+00:00
[2022-12-07T00:09:59.984+0000] {processor.py:175} INFO - Processing /opt/airflow/dags/dag_csv_to_db.py took 0.612 seconds
[2022-12-07T00:10:30.181+0000] {processor.py:153} INFO - Started process (PID=33249) to work on /opt/airflow/dags/dag_csv_to_db.py
[2022-12-07T00:10:30.184+0000] {processor.py:743} INFO - Processing file /opt/airflow/dags/dag_csv_to_db.py for tasks to queue
[2022-12-07T00:10:30.186+0000] {logging_mixin.py:137} INFO - [2022-12-07T00:10:30.186+0000] {dagbag.py:538} INFO - Filling up the DagBag from /opt/airflow/dags/dag_csv_to_db.py
[2022-12-07T00:10:31.017+0000] {processor.py:753} INFO - DAG(s) dict_keys(['CSV_2_DB']) retrieved from /opt/airflow/dags/dag_csv_to_db.py
[2022-12-07T00:10:31.095+0000] {logging_mixin.py:137} INFO - [2022-12-07T00:10:31.090+0000] {dag.py:2676} INFO - Sync 1 DAGs
[2022-12-07T00:10:31.151+0000] {logging_mixin.py:137} INFO - [2022-12-07T00:10:31.150+0000] {dag.py:3427} INFO - Setting next_dagrun for CSV_2_DB to 2022-12-07T00:00:00+00:00, run_after=2022-12-07T01:00:00+00:00
[2022-12-07T00:10:31.199+0000] {processor.py:175} INFO - Processing /opt/airflow/dags/dag_csv_to_db.py took 1.026 seconds
[2022-12-07T00:11:01.455+0000] {processor.py:153} INFO - Started process (PID=33281) to work on /opt/airflow/dags/dag_csv_to_db.py
[2022-12-07T00:11:01.458+0000] {processor.py:743} INFO - Processing file /opt/airflow/dags/dag_csv_to_db.py for tasks to queue
[2022-12-07T00:11:01.460+0000] {logging_mixin.py:137} INFO - [2022-12-07T00:11:01.460+0000] {dagbag.py:538} INFO - Filling up the DagBag from /opt/airflow/dags/dag_csv_to_db.py
[2022-12-07T00:11:01.953+0000] {processor.py:753} INFO - DAG(s) dict_keys(['CSV_2_DB']) retrieved from /opt/airflow/dags/dag_csv_to_db.py
[2022-12-07T00:11:02.004+0000] {logging_mixin.py:137} INFO - [2022-12-07T00:11:02.003+0000] {dag.py:2676} INFO - Sync 1 DAGs
[2022-12-07T00:11:02.045+0000] {logging_mixin.py:137} INFO - [2022-12-07T00:11:02.045+0000] {dag.py:3427} INFO - Setting next_dagrun for CSV_2_DB to 2022-12-07T00:00:00+00:00, run_after=2022-12-07T01:00:00+00:00
[2022-12-07T00:11:02.078+0000] {processor.py:175} INFO - Processing /opt/airflow/dags/dag_csv_to_db.py took 0.629 seconds
[2022-12-07T00:11:32.265+0000] {processor.py:153} INFO - Started process (PID=33328) to work on /opt/airflow/dags/dag_csv_to_db.py
[2022-12-07T00:11:32.267+0000] {processor.py:743} INFO - Processing file /opt/airflow/dags/dag_csv_to_db.py for tasks to queue
[2022-12-07T00:11:32.269+0000] {logging_mixin.py:137} INFO - [2022-12-07T00:11:32.269+0000] {dagbag.py:538} INFO - Filling up the DagBag from /opt/airflow/dags/dag_csv_to_db.py
[2022-12-07T00:11:32.742+0000] {processor.py:753} INFO - DAG(s) dict_keys(['CSV_2_DB']) retrieved from /opt/airflow/dags/dag_csv_to_db.py
[2022-12-07T00:11:32.780+0000] {logging_mixin.py:137} INFO - [2022-12-07T00:11:32.780+0000] {dag.py:2676} INFO - Sync 1 DAGs
[2022-12-07T00:11:32.807+0000] {logging_mixin.py:137} INFO - [2022-12-07T00:11:32.807+0000] {dag.py:3427} INFO - Setting next_dagrun for CSV_2_DB to 2022-12-07T00:00:00+00:00, run_after=2022-12-07T01:00:00+00:00
[2022-12-07T00:11:32.831+0000] {processor.py:175} INFO - Processing /opt/airflow/dags/dag_csv_to_db.py took 0.572 seconds
[2022-12-07T00:12:02.983+0000] {processor.py:153} INFO - Started process (PID=33359) to work on /opt/airflow/dags/dag_csv_to_db.py
[2022-12-07T00:12:02.987+0000] {processor.py:743} INFO - Processing file /opt/airflow/dags/dag_csv_to_db.py for tasks to queue
[2022-12-07T00:12:02.991+0000] {logging_mixin.py:137} INFO - [2022-12-07T00:12:02.990+0000] {dagbag.py:538} INFO - Filling up the DagBag from /opt/airflow/dags/dag_csv_to_db.py
[2022-12-07T00:12:03.440+0000] {processor.py:753} INFO - DAG(s) dict_keys(['CSV_2_DB']) retrieved from /opt/airflow/dags/dag_csv_to_db.py
[2022-12-07T00:12:03.500+0000] {logging_mixin.py:137} INFO - [2022-12-07T00:12:03.499+0000] {dag.py:2676} INFO - Sync 1 DAGs
[2022-12-07T00:12:03.541+0000] {logging_mixin.py:137} INFO - [2022-12-07T00:12:03.540+0000] {dag.py:3427} INFO - Setting next_dagrun for CSV_2_DB to 2022-12-07T00:00:00+00:00, run_after=2022-12-07T01:00:00+00:00
[2022-12-07T00:12:03.571+0000] {processor.py:175} INFO - Processing /opt/airflow/dags/dag_csv_to_db.py took 0.593 seconds
[2022-12-07T00:12:33.786+0000] {processor.py:153} INFO - Started process (PID=33391) to work on /opt/airflow/dags/dag_csv_to_db.py
[2022-12-07T00:12:33.788+0000] {processor.py:743} INFO - Processing file /opt/airflow/dags/dag_csv_to_db.py for tasks to queue
[2022-12-07T00:12:33.789+0000] {logging_mixin.py:137} INFO - [2022-12-07T00:12:33.789+0000] {dagbag.py:538} INFO - Filling up the DagBag from /opt/airflow/dags/dag_csv_to_db.py
[2022-12-07T00:12:34.248+0000] {processor.py:753} INFO - DAG(s) dict_keys(['CSV_2_DB']) retrieved from /opt/airflow/dags/dag_csv_to_db.py
[2022-12-07T00:12:34.289+0000] {logging_mixin.py:137} INFO - [2022-12-07T00:12:34.288+0000] {dag.py:2676} INFO - Sync 1 DAGs
[2022-12-07T00:12:34.325+0000] {logging_mixin.py:137} INFO - [2022-12-07T00:12:34.325+0000] {dag.py:3427} INFO - Setting next_dagrun for CSV_2_DB to 2022-12-07T00:00:00+00:00, run_after=2022-12-07T01:00:00+00:00
[2022-12-07T00:12:34.357+0000] {processor.py:175} INFO - Processing /opt/airflow/dags/dag_csv_to_db.py took 0.577 seconds
[2022-12-07T00:13:04.557+0000] {processor.py:153} INFO - Started process (PID=33436) to work on /opt/airflow/dags/dag_csv_to_db.py
[2022-12-07T00:13:04.559+0000] {processor.py:743} INFO - Processing file /opt/airflow/dags/dag_csv_to_db.py for tasks to queue
[2022-12-07T00:13:04.561+0000] {logging_mixin.py:137} INFO - [2022-12-07T00:13:04.560+0000] {dagbag.py:538} INFO - Filling up the DagBag from /opt/airflow/dags/dag_csv_to_db.py
[2022-12-07T00:13:05.042+0000] {processor.py:753} INFO - DAG(s) dict_keys(['CSV_2_DB']) retrieved from /opt/airflow/dags/dag_csv_to_db.py
[2022-12-07T00:13:05.082+0000] {logging_mixin.py:137} INFO - [2022-12-07T00:13:05.082+0000] {dag.py:2676} INFO - Sync 1 DAGs
[2022-12-07T00:13:05.118+0000] {logging_mixin.py:137} INFO - [2022-12-07T00:13:05.118+0000] {dag.py:3427} INFO - Setting next_dagrun for CSV_2_DB to 2022-12-07T00:00:00+00:00, run_after=2022-12-07T01:00:00+00:00
[2022-12-07T00:13:05.148+0000] {processor.py:175} INFO - Processing /opt/airflow/dags/dag_csv_to_db.py took 0.596 seconds
[2022-12-07T00:13:35.361+0000] {processor.py:153} INFO - Started process (PID=33467) to work on /opt/airflow/dags/dag_csv_to_db.py
[2022-12-07T00:13:35.363+0000] {processor.py:743} INFO - Processing file /opt/airflow/dags/dag_csv_to_db.py for tasks to queue
[2022-12-07T00:13:35.365+0000] {logging_mixin.py:137} INFO - [2022-12-07T00:13:35.365+0000] {dagbag.py:538} INFO - Filling up the DagBag from /opt/airflow/dags/dag_csv_to_db.py
[2022-12-07T00:13:35.884+0000] {processor.py:753} INFO - DAG(s) dict_keys(['CSV_2_DB']) retrieved from /opt/airflow/dags/dag_csv_to_db.py
[2022-12-07T00:13:35.945+0000] {logging_mixin.py:137} INFO - [2022-12-07T00:13:35.944+0000] {dag.py:2676} INFO - Sync 1 DAGs
[2022-12-07T00:13:35.986+0000] {logging_mixin.py:137} INFO - [2022-12-07T00:13:35.986+0000] {dag.py:3427} INFO - Setting next_dagrun for CSV_2_DB to 2022-12-07T00:00:00+00:00, run_after=2022-12-07T01:00:00+00:00
[2022-12-07T00:13:36.027+0000] {processor.py:175} INFO - Processing /opt/airflow/dags/dag_csv_to_db.py took 0.671 seconds
[2022-12-07T00:14:06.217+0000] {processor.py:153} INFO - Started process (PID=33511) to work on /opt/airflow/dags/dag_csv_to_db.py
[2022-12-07T00:14:06.219+0000] {processor.py:743} INFO - Processing file /opt/airflow/dags/dag_csv_to_db.py for tasks to queue
[2022-12-07T00:14:06.220+0000] {logging_mixin.py:137} INFO - [2022-12-07T00:14:06.220+0000] {dagbag.py:538} INFO - Filling up the DagBag from /opt/airflow/dags/dag_csv_to_db.py
[2022-12-07T00:14:06.705+0000] {processor.py:753} INFO - DAG(s) dict_keys(['CSV_2_DB']) retrieved from /opt/airflow/dags/dag_csv_to_db.py
[2022-12-07T00:14:06.747+0000] {logging_mixin.py:137} INFO - [2022-12-07T00:14:06.747+0000] {dag.py:2676} INFO - Sync 1 DAGs
[2022-12-07T00:14:06.781+0000] {logging_mixin.py:137} INFO - [2022-12-07T00:14:06.781+0000] {dag.py:3427} INFO - Setting next_dagrun for CSV_2_DB to 2022-12-07T00:00:00+00:00, run_after=2022-12-07T01:00:00+00:00
[2022-12-07T00:14:06.807+0000] {processor.py:175} INFO - Processing /opt/airflow/dags/dag_csv_to_db.py took 0.595 seconds
[2022-12-07T00:14:37.009+0000] {processor.py:153} INFO - Started process (PID=33542) to work on /opt/airflow/dags/dag_csv_to_db.py
[2022-12-07T00:14:37.010+0000] {processor.py:743} INFO - Processing file /opt/airflow/dags/dag_csv_to_db.py for tasks to queue
[2022-12-07T00:14:37.012+0000] {logging_mixin.py:137} INFO - [2022-12-07T00:14:37.012+0000] {dagbag.py:538} INFO - Filling up the DagBag from /opt/airflow/dags/dag_csv_to_db.py
[2022-12-07T00:14:37.458+0000] {processor.py:753} INFO - DAG(s) dict_keys(['CSV_2_DB']) retrieved from /opt/airflow/dags/dag_csv_to_db.py
[2022-12-07T00:14:37.514+0000] {logging_mixin.py:137} INFO - [2022-12-07T00:14:37.513+0000] {dag.py:2676} INFO - Sync 1 DAGs
[2022-12-07T00:14:37.553+0000] {logging_mixin.py:137} INFO - [2022-12-07T00:14:37.552+0000] {dag.py:3427} INFO - Setting next_dagrun for CSV_2_DB to 2022-12-07T00:00:00+00:00, run_after=2022-12-07T01:00:00+00:00
[2022-12-07T00:14:37.578+0000] {processor.py:175} INFO - Processing /opt/airflow/dags/dag_csv_to_db.py took 0.575 seconds
[2022-12-07T00:15:07.739+0000] {processor.py:153} INFO - Started process (PID=33589) to work on /opt/airflow/dags/dag_csv_to_db.py
[2022-12-07T00:15:07.741+0000] {processor.py:743} INFO - Processing file /opt/airflow/dags/dag_csv_to_db.py for tasks to queue
[2022-12-07T00:15:07.743+0000] {logging_mixin.py:137} INFO - [2022-12-07T00:15:07.743+0000] {dagbag.py:538} INFO - Filling up the DagBag from /opt/airflow/dags/dag_csv_to_db.py
[2022-12-07T00:15:08.207+0000] {processor.py:753} INFO - DAG(s) dict_keys(['CSV_2_DB']) retrieved from /opt/airflow/dags/dag_csv_to_db.py
[2022-12-07T00:15:08.266+0000] {logging_mixin.py:137} INFO - [2022-12-07T00:15:08.265+0000] {dag.py:2676} INFO - Sync 1 DAGs
[2022-12-07T00:15:08.302+0000] {logging_mixin.py:137} INFO - [2022-12-07T00:15:08.302+0000] {dag.py:3427} INFO - Setting next_dagrun for CSV_2_DB to 2022-12-07T00:00:00+00:00, run_after=2022-12-07T01:00:00+00:00
[2022-12-07T00:15:08.327+0000] {processor.py:175} INFO - Processing /opt/airflow/dags/dag_csv_to_db.py took 0.598 seconds
[2022-12-07T00:15:38.523+0000] {processor.py:153} INFO - Started process (PID=33620) to work on /opt/airflow/dags/dag_csv_to_db.py
[2022-12-07T00:15:38.526+0000] {processor.py:743} INFO - Processing file /opt/airflow/dags/dag_csv_to_db.py for tasks to queue
[2022-12-07T00:15:38.528+0000] {logging_mixin.py:137} INFO - [2022-12-07T00:15:38.528+0000] {dagbag.py:538} INFO - Filling up the DagBag from /opt/airflow/dags/dag_csv_to_db.py
[2022-12-07T00:15:38.985+0000] {processor.py:753} INFO - DAG(s) dict_keys(['CSV_2_DB']) retrieved from /opt/airflow/dags/dag_csv_to_db.py
[2022-12-07T00:15:39.026+0000] {logging_mixin.py:137} INFO - [2022-12-07T00:15:39.026+0000] {dag.py:2676} INFO - Sync 1 DAGs
[2022-12-07T00:15:39.058+0000] {logging_mixin.py:137} INFO - [2022-12-07T00:15:39.058+0000] {dag.py:3427} INFO - Setting next_dagrun for CSV_2_DB to 2022-12-07T00:00:00+00:00, run_after=2022-12-07T01:00:00+00:00
[2022-12-07T00:15:39.084+0000] {processor.py:175} INFO - Processing /opt/airflow/dags/dag_csv_to_db.py took 0.566 seconds
[2022-12-07T00:16:09.275+0000] {processor.py:153} INFO - Started process (PID=33651) to work on /opt/airflow/dags/dag_csv_to_db.py
[2022-12-07T00:16:09.277+0000] {processor.py:743} INFO - Processing file /opt/airflow/dags/dag_csv_to_db.py for tasks to queue
[2022-12-07T00:16:09.279+0000] {logging_mixin.py:137} INFO - [2022-12-07T00:16:09.279+0000] {dagbag.py:538} INFO - Filling up the DagBag from /opt/airflow/dags/dag_csv_to_db.py
[2022-12-07T00:16:09.756+0000] {processor.py:753} INFO - DAG(s) dict_keys(['CSV_2_DB']) retrieved from /opt/airflow/dags/dag_csv_to_db.py
[2022-12-07T00:16:09.800+0000] {logging_mixin.py:137} INFO - [2022-12-07T00:16:09.799+0000] {dag.py:2676} INFO - Sync 1 DAGs
[2022-12-07T00:16:09.832+0000] {logging_mixin.py:137} INFO - [2022-12-07T00:16:09.831+0000] {dag.py:3427} INFO - Setting next_dagrun for CSV_2_DB to 2022-12-07T00:00:00+00:00, run_after=2022-12-07T01:00:00+00:00
[2022-12-07T00:16:09.852+0000] {processor.py:175} INFO - Processing /opt/airflow/dags/dag_csv_to_db.py took 0.582 seconds
[2022-12-07T00:16:40.040+0000] {processor.py:153} INFO - Started process (PID=33696) to work on /opt/airflow/dags/dag_csv_to_db.py
[2022-12-07T00:16:40.042+0000] {processor.py:743} INFO - Processing file /opt/airflow/dags/dag_csv_to_db.py for tasks to queue
[2022-12-07T00:16:40.044+0000] {logging_mixin.py:137} INFO - [2022-12-07T00:16:40.044+0000] {dagbag.py:538} INFO - Filling up the DagBag from /opt/airflow/dags/dag_csv_to_db.py
[2022-12-07T00:16:40.503+0000] {processor.py:753} INFO - DAG(s) dict_keys(['CSV_2_DB']) retrieved from /opt/airflow/dags/dag_csv_to_db.py
[2022-12-07T00:16:40.550+0000] {logging_mixin.py:137} INFO - [2022-12-07T00:16:40.549+0000] {dag.py:2676} INFO - Sync 1 DAGs
[2022-12-07T00:16:40.589+0000] {logging_mixin.py:137} INFO - [2022-12-07T00:16:40.589+0000] {dag.py:3427} INFO - Setting next_dagrun for CSV_2_DB to 2022-12-07T00:00:00+00:00, run_after=2022-12-07T01:00:00+00:00
[2022-12-07T00:16:40.616+0000] {processor.py:175} INFO - Processing /opt/airflow/dags/dag_csv_to_db.py took 0.582 seconds
[2022-12-07T00:17:10.809+0000] {processor.py:153} INFO - Started process (PID=33728) to work on /opt/airflow/dags/dag_csv_to_db.py
[2022-12-07T00:17:10.811+0000] {processor.py:743} INFO - Processing file /opt/airflow/dags/dag_csv_to_db.py for tasks to queue
[2022-12-07T00:17:10.813+0000] {logging_mixin.py:137} INFO - [2022-12-07T00:17:10.813+0000] {dagbag.py:538} INFO - Filling up the DagBag from /opt/airflow/dags/dag_csv_to_db.py
[2022-12-07T00:17:11.233+0000] {processor.py:753} INFO - DAG(s) dict_keys(['CSV_2_DB']) retrieved from /opt/airflow/dags/dag_csv_to_db.py
[2022-12-07T00:17:11.269+0000] {logging_mixin.py:137} INFO - [2022-12-07T00:17:11.268+0000] {dag.py:2676} INFO - Sync 1 DAGs
[2022-12-07T00:17:11.299+0000] {logging_mixin.py:137} INFO - [2022-12-07T00:17:11.299+0000] {dag.py:3427} INFO - Setting next_dagrun for CSV_2_DB to 2022-12-07T00:00:00+00:00, run_after=2022-12-07T01:00:00+00:00
[2022-12-07T00:17:11.328+0000] {processor.py:175} INFO - Processing /opt/airflow/dags/dag_csv_to_db.py took 0.524 seconds
[2022-12-07T00:17:41.540+0000] {processor.py:153} INFO - Started process (PID=33774) to work on /opt/airflow/dags/dag_csv_to_db.py
[2022-12-07T00:17:41.542+0000] {processor.py:743} INFO - Processing file /opt/airflow/dags/dag_csv_to_db.py for tasks to queue
[2022-12-07T00:17:41.544+0000] {logging_mixin.py:137} INFO - [2022-12-07T00:17:41.544+0000] {dagbag.py:538} INFO - Filling up the DagBag from /opt/airflow/dags/dag_csv_to_db.py
[2022-12-07T00:17:42.066+0000] {processor.py:753} INFO - DAG(s) dict_keys(['CSV_2_DB']) retrieved from /opt/airflow/dags/dag_csv_to_db.py
[2022-12-07T00:17:42.121+0000] {logging_mixin.py:137} INFO - [2022-12-07T00:17:42.120+0000] {dag.py:2676} INFO - Sync 1 DAGs
[2022-12-07T00:17:42.163+0000] {logging_mixin.py:137} INFO - [2022-12-07T00:17:42.162+0000] {dag.py:3427} INFO - Setting next_dagrun for CSV_2_DB to 2022-12-07T00:00:00+00:00, run_after=2022-12-07T01:00:00+00:00
[2022-12-07T00:17:42.194+0000] {processor.py:175} INFO - Processing /opt/airflow/dags/dag_csv_to_db.py took 0.659 seconds
[2022-12-07T00:18:12.388+0000] {processor.py:153} INFO - Started process (PID=33806) to work on /opt/airflow/dags/dag_csv_to_db.py
[2022-12-07T00:18:12.391+0000] {processor.py:743} INFO - Processing file /opt/airflow/dags/dag_csv_to_db.py for tasks to queue
[2022-12-07T00:18:12.392+0000] {logging_mixin.py:137} INFO - [2022-12-07T00:18:12.392+0000] {dagbag.py:538} INFO - Filling up the DagBag from /opt/airflow/dags/dag_csv_to_db.py
[2022-12-07T00:18:12.924+0000] {processor.py:753} INFO - DAG(s) dict_keys(['CSV_2_DB']) retrieved from /opt/airflow/dags/dag_csv_to_db.py
[2022-12-07T00:18:12.972+0000] {logging_mixin.py:137} INFO - [2022-12-07T00:18:12.972+0000] {dag.py:2676} INFO - Sync 1 DAGs
[2022-12-07T00:18:13.012+0000] {logging_mixin.py:137} INFO - [2022-12-07T00:18:13.011+0000] {dag.py:3427} INFO - Setting next_dagrun for CSV_2_DB to 2022-12-07T00:00:00+00:00, run_after=2022-12-07T01:00:00+00:00
[2022-12-07T00:18:13.040+0000] {processor.py:175} INFO - Processing /opt/airflow/dags/dag_csv_to_db.py took 0.657 seconds
[2022-12-07T00:18:43.232+0000] {processor.py:153} INFO - Started process (PID=33838) to work on /opt/airflow/dags/dag_csv_to_db.py
[2022-12-07T00:18:43.234+0000] {processor.py:743} INFO - Processing file /opt/airflow/dags/dag_csv_to_db.py for tasks to queue
[2022-12-07T00:18:43.236+0000] {logging_mixin.py:137} INFO - [2022-12-07T00:18:43.236+0000] {dagbag.py:538} INFO - Filling up the DagBag from /opt/airflow/dags/dag_csv_to_db.py
[2022-12-07T00:18:43.648+0000] {processor.py:753} INFO - DAG(s) dict_keys(['CSV_2_DB']) retrieved from /opt/airflow/dags/dag_csv_to_db.py
[2022-12-07T00:18:43.687+0000] {logging_mixin.py:137} INFO - [2022-12-07T00:18:43.687+0000] {dag.py:2676} INFO - Sync 1 DAGs
[2022-12-07T00:18:43.713+0000] {logging_mixin.py:137} INFO - [2022-12-07T00:18:43.713+0000] {dag.py:3427} INFO - Setting next_dagrun for CSV_2_DB to 2022-12-07T00:00:00+00:00, run_after=2022-12-07T01:00:00+00:00
[2022-12-07T00:18:43.733+0000] {processor.py:175} INFO - Processing /opt/airflow/dags/dag_csv_to_db.py took 0.507 seconds
[2022-12-07T00:19:13.914+0000] {processor.py:153} INFO - Started process (PID=33885) to work on /opt/airflow/dags/dag_csv_to_db.py
[2022-12-07T00:19:13.916+0000] {processor.py:743} INFO - Processing file /opt/airflow/dags/dag_csv_to_db.py for tasks to queue
[2022-12-07T00:19:13.918+0000] {logging_mixin.py:137} INFO - [2022-12-07T00:19:13.918+0000] {dagbag.py:538} INFO - Filling up the DagBag from /opt/airflow/dags/dag_csv_to_db.py
[2022-12-07T00:19:14.379+0000] {processor.py:753} INFO - DAG(s) dict_keys(['CSV_2_DB']) retrieved from /opt/airflow/dags/dag_csv_to_db.py
[2022-12-07T00:19:14.420+0000] {logging_mixin.py:137} INFO - [2022-12-07T00:19:14.419+0000] {dag.py:2676} INFO - Sync 1 DAGs
[2022-12-07T00:19:14.455+0000] {logging_mixin.py:137} INFO - [2022-12-07T00:19:14.455+0000] {dag.py:3427} INFO - Setting next_dagrun for CSV_2_DB to 2022-12-07T00:00:00+00:00, run_after=2022-12-07T01:00:00+00:00
[2022-12-07T00:19:14.478+0000] {processor.py:175} INFO - Processing /opt/airflow/dags/dag_csv_to_db.py took 0.569 seconds
[2022-12-07T00:19:44.676+0000] {processor.py:153} INFO - Started process (PID=33917) to work on /opt/airflow/dags/dag_csv_to_db.py
[2022-12-07T00:19:44.678+0000] {processor.py:743} INFO - Processing file /opt/airflow/dags/dag_csv_to_db.py for tasks to queue
[2022-12-07T00:19:44.680+0000] {logging_mixin.py:137} INFO - [2022-12-07T00:19:44.680+0000] {dagbag.py:538} INFO - Filling up the DagBag from /opt/airflow/dags/dag_csv_to_db.py
[2022-12-07T00:19:45.106+0000] {processor.py:753} INFO - DAG(s) dict_keys(['CSV_2_DB']) retrieved from /opt/airflow/dags/dag_csv_to_db.py
[2022-12-07T00:19:45.139+0000] {logging_mixin.py:137} INFO - [2022-12-07T00:19:45.138+0000] {dag.py:2676} INFO - Sync 1 DAGs
[2022-12-07T00:19:45.166+0000] {logging_mixin.py:137} INFO - [2022-12-07T00:19:45.166+0000] {dag.py:3427} INFO - Setting next_dagrun for CSV_2_DB to 2022-12-07T00:00:00+00:00, run_after=2022-12-07T01:00:00+00:00
[2022-12-07T00:19:45.186+0000] {processor.py:175} INFO - Processing /opt/airflow/dags/dag_csv_to_db.py took 0.515 seconds
[2022-12-07T00:20:15.267+0000] {processor.py:153} INFO - Started process (PID=33963) to work on /opt/airflow/dags/dag_csv_to_db.py
[2022-12-07T00:20:15.271+0000] {processor.py:743} INFO - Processing file /opt/airflow/dags/dag_csv_to_db.py for tasks to queue
[2022-12-07T00:20:15.274+0000] {logging_mixin.py:137} INFO - [2022-12-07T00:20:15.273+0000] {dagbag.py:538} INFO - Filling up the DagBag from /opt/airflow/dags/dag_csv_to_db.py
[2022-12-07T00:20:15.892+0000] {processor.py:753} INFO - DAG(s) dict_keys(['CSV_2_DB']) retrieved from /opt/airflow/dags/dag_csv_to_db.py
[2022-12-07T00:20:15.965+0000] {logging_mixin.py:137} INFO - [2022-12-07T00:20:15.964+0000] {dag.py:2676} INFO - Sync 1 DAGs
[2022-12-07T00:20:16.034+0000] {logging_mixin.py:137} INFO - [2022-12-07T00:20:16.034+0000] {dag.py:3427} INFO - Setting next_dagrun for CSV_2_DB to 2022-12-07T00:00:00+00:00, run_after=2022-12-07T01:00:00+00:00
[2022-12-07T00:20:16.091+0000] {processor.py:175} INFO - Processing /opt/airflow/dags/dag_csv_to_db.py took 0.831 seconds
[2022-12-07T00:20:46.342+0000] {processor.py:153} INFO - Started process (PID=33994) to work on /opt/airflow/dags/dag_csv_to_db.py
[2022-12-07T00:20:46.345+0000] {processor.py:743} INFO - Processing file /opt/airflow/dags/dag_csv_to_db.py for tasks to queue
[2022-12-07T00:20:46.346+0000] {logging_mixin.py:137} INFO - [2022-12-07T00:20:46.346+0000] {dagbag.py:538} INFO - Filling up the DagBag from /opt/airflow/dags/dag_csv_to_db.py
[2022-12-07T00:20:46.837+0000] {processor.py:753} INFO - DAG(s) dict_keys(['CSV_2_DB']) retrieved from /opt/airflow/dags/dag_csv_to_db.py
[2022-12-07T00:20:46.891+0000] {logging_mixin.py:137} INFO - [2022-12-07T00:20:46.890+0000] {dag.py:2676} INFO - Sync 1 DAGs
[2022-12-07T00:20:46.932+0000] {logging_mixin.py:137} INFO - [2022-12-07T00:20:46.932+0000] {dag.py:3427} INFO - Setting next_dagrun for CSV_2_DB to 2022-12-07T00:00:00+00:00, run_after=2022-12-07T01:00:00+00:00
[2022-12-07T00:20:46.965+0000] {processor.py:175} INFO - Processing /opt/airflow/dags/dag_csv_to_db.py took 0.628 seconds
[2022-12-07T00:21:17.180+0000] {processor.py:153} INFO - Started process (PID=34035) to work on /opt/airflow/dags/dag_csv_to_db.py
[2022-12-07T00:21:17.183+0000] {processor.py:743} INFO - Processing file /opt/airflow/dags/dag_csv_to_db.py for tasks to queue
[2022-12-07T00:21:17.185+0000] {logging_mixin.py:137} INFO - [2022-12-07T00:21:17.185+0000] {dagbag.py:538} INFO - Filling up the DagBag from /opt/airflow/dags/dag_csv_to_db.py
[2022-12-07T00:21:17.823+0000] {processor.py:753} INFO - DAG(s) dict_keys(['CSV_2_DB']) retrieved from /opt/airflow/dags/dag_csv_to_db.py
[2022-12-07T00:21:17.879+0000] {logging_mixin.py:137} INFO - [2022-12-07T00:21:17.878+0000] {dag.py:2676} INFO - Sync 1 DAGs
[2022-12-07T00:21:17.920+0000] {logging_mixin.py:137} INFO - [2022-12-07T00:21:17.920+0000] {dag.py:3427} INFO - Setting next_dagrun for CSV_2_DB to 2022-12-07T00:00:00+00:00, run_after=2022-12-07T01:00:00+00:00
[2022-12-07T00:21:17.953+0000] {processor.py:175} INFO - Processing /opt/airflow/dags/dag_csv_to_db.py took 0.777 seconds
[2022-12-07T00:21:48.138+0000] {processor.py:153} INFO - Started process (PID=34071) to work on /opt/airflow/dags/dag_csv_to_db.py
[2022-12-07T00:21:48.140+0000] {processor.py:743} INFO - Processing file /opt/airflow/dags/dag_csv_to_db.py for tasks to queue
[2022-12-07T00:21:48.142+0000] {logging_mixin.py:137} INFO - [2022-12-07T00:21:48.142+0000] {dagbag.py:538} INFO - Filling up the DagBag from /opt/airflow/dags/dag_csv_to_db.py
[2022-12-07T00:21:48.667+0000] {processor.py:753} INFO - DAG(s) dict_keys(['CSV_2_DB']) retrieved from /opt/airflow/dags/dag_csv_to_db.py
[2022-12-07T00:21:48.708+0000] {logging_mixin.py:137} INFO - [2022-12-07T00:21:48.707+0000] {dag.py:2676} INFO - Sync 1 DAGs
[2022-12-07T00:21:48.740+0000] {logging_mixin.py:137} INFO - [2022-12-07T00:21:48.740+0000] {dag.py:3427} INFO - Setting next_dagrun for CSV_2_DB to 2022-12-07T00:00:00+00:00, run_after=2022-12-07T01:00:00+00:00
[2022-12-07T00:21:48.765+0000] {processor.py:175} INFO - Processing /opt/airflow/dags/dag_csv_to_db.py took 0.632 seconds
[2022-12-07T00:22:18.955+0000] {processor.py:153} INFO - Started process (PID=34102) to work on /opt/airflow/dags/dag_csv_to_db.py
[2022-12-07T00:22:18.958+0000] {processor.py:743} INFO - Processing file /opt/airflow/dags/dag_csv_to_db.py for tasks to queue
[2022-12-07T00:22:18.960+0000] {logging_mixin.py:137} INFO - [2022-12-07T00:22:18.959+0000] {dagbag.py:538} INFO - Filling up the DagBag from /opt/airflow/dags/dag_csv_to_db.py
[2022-12-07T00:22:19.420+0000] {processor.py:753} INFO - DAG(s) dict_keys(['CSV_2_DB']) retrieved from /opt/airflow/dags/dag_csv_to_db.py
[2022-12-07T00:22:19.460+0000] {logging_mixin.py:137} INFO - [2022-12-07T00:22:19.460+0000] {dag.py:2676} INFO - Sync 1 DAGs
[2022-12-07T00:22:19.493+0000] {logging_mixin.py:137} INFO - [2022-12-07T00:22:19.493+0000] {dag.py:3427} INFO - Setting next_dagrun for CSV_2_DB to 2022-12-07T00:00:00+00:00, run_after=2022-12-07T01:00:00+00:00
[2022-12-07T00:22:19.519+0000] {processor.py:175} INFO - Processing /opt/airflow/dags/dag_csv_to_db.py took 0.569 seconds
[2022-12-07T00:22:49.707+0000] {processor.py:153} INFO - Started process (PID=34149) to work on /opt/airflow/dags/dag_csv_to_db.py
[2022-12-07T00:22:49.711+0000] {processor.py:743} INFO - Processing file /opt/airflow/dags/dag_csv_to_db.py for tasks to queue
[2022-12-07T00:22:49.712+0000] {logging_mixin.py:137} INFO - [2022-12-07T00:22:49.712+0000] {dagbag.py:538} INFO - Filling up the DagBag from /opt/airflow/dags/dag_csv_to_db.py
[2022-12-07T00:22:50.222+0000] {processor.py:753} INFO - DAG(s) dict_keys(['CSV_2_DB']) retrieved from /opt/airflow/dags/dag_csv_to_db.py
[2022-12-07T00:22:50.262+0000] {logging_mixin.py:137} INFO - [2022-12-07T00:22:50.262+0000] {dag.py:2676} INFO - Sync 1 DAGs
[2022-12-07T00:22:50.296+0000] {logging_mixin.py:137} INFO - [2022-12-07T00:22:50.296+0000] {dag.py:3427} INFO - Setting next_dagrun for CSV_2_DB to 2022-12-07T00:00:00+00:00, run_after=2022-12-07T01:00:00+00:00
[2022-12-07T00:22:50.320+0000] {processor.py:175} INFO - Processing /opt/airflow/dags/dag_csv_to_db.py took 0.618 seconds
[2022-12-07T00:23:20.525+0000] {processor.py:153} INFO - Started process (PID=34181) to work on /opt/airflow/dags/dag_csv_to_db.py
[2022-12-07T00:23:20.527+0000] {processor.py:743} INFO - Processing file /opt/airflow/dags/dag_csv_to_db.py for tasks to queue
[2022-12-07T00:23:20.529+0000] {logging_mixin.py:137} INFO - [2022-12-07T00:23:20.529+0000] {dagbag.py:538} INFO - Filling up the DagBag from /opt/airflow/dags/dag_csv_to_db.py
[2022-12-07T00:23:20.999+0000] {processor.py:753} INFO - DAG(s) dict_keys(['CSV_2_DB']) retrieved from /opt/airflow/dags/dag_csv_to_db.py
[2022-12-07T00:23:21.038+0000] {logging_mixin.py:137} INFO - [2022-12-07T00:23:21.038+0000] {dag.py:2676} INFO - Sync 1 DAGs
[2022-12-07T00:23:21.071+0000] {logging_mixin.py:137} INFO - [2022-12-07T00:23:21.070+0000] {dag.py:3427} INFO - Setting next_dagrun for CSV_2_DB to 2022-12-07T00:00:00+00:00, run_after=2022-12-07T01:00:00+00:00
[2022-12-07T00:23:21.091+0000] {processor.py:175} INFO - Processing /opt/airflow/dags/dag_csv_to_db.py took 0.571 seconds
[2022-12-07T00:23:51.254+0000] {processor.py:153} INFO - Started process (PID=34227) to work on /opt/airflow/dags/dag_csv_to_db.py
[2022-12-07T00:23:51.256+0000] {processor.py:743} INFO - Processing file /opt/airflow/dags/dag_csv_to_db.py for tasks to queue
[2022-12-07T00:23:51.258+0000] {logging_mixin.py:137} INFO - [2022-12-07T00:23:51.257+0000] {dagbag.py:538} INFO - Filling up the DagBag from /opt/airflow/dags/dag_csv_to_db.py
[2022-12-07T00:23:51.726+0000] {processor.py:753} INFO - DAG(s) dict_keys(['CSV_2_DB']) retrieved from /opt/airflow/dags/dag_csv_to_db.py
[2022-12-07T00:23:51.768+0000] {logging_mixin.py:137} INFO - [2022-12-07T00:23:51.767+0000] {dag.py:2676} INFO - Sync 1 DAGs
[2022-12-07T00:23:51.802+0000] {logging_mixin.py:137} INFO - [2022-12-07T00:23:51.801+0000] {dag.py:3427} INFO - Setting next_dagrun for CSV_2_DB to 2022-12-07T00:00:00+00:00, run_after=2022-12-07T01:00:00+00:00
[2022-12-07T00:23:51.826+0000] {processor.py:175} INFO - Processing /opt/airflow/dags/dag_csv_to_db.py took 0.577 seconds
[2022-12-07T00:24:22.078+0000] {processor.py:153} INFO - Started process (PID=34258) to work on /opt/airflow/dags/dag_csv_to_db.py
[2022-12-07T00:24:22.084+0000] {processor.py:743} INFO - Processing file /opt/airflow/dags/dag_csv_to_db.py for tasks to queue
[2022-12-07T00:24:22.094+0000] {logging_mixin.py:137} INFO - [2022-12-07T00:24:22.094+0000] {dagbag.py:538} INFO - Filling up the DagBag from /opt/airflow/dags/dag_csv_to_db.py
[2022-12-07T00:24:23.430+0000] {processor.py:753} INFO - DAG(s) dict_keys(['CSV_2_DB']) retrieved from /opt/airflow/dags/dag_csv_to_db.py
[2022-12-07T00:24:23.559+0000] {logging_mixin.py:137} INFO - [2022-12-07T00:24:23.556+0000] {dag.py:2676} INFO - Sync 1 DAGs
[2022-12-07T00:24:23.629+0000] {logging_mixin.py:137} INFO - [2022-12-07T00:24:23.628+0000] {dag.py:3427} INFO - Setting next_dagrun for CSV_2_DB to 2022-12-07T00:00:00+00:00, run_after=2022-12-07T01:00:00+00:00
[2022-12-07T00:24:23.696+0000] {processor.py:175} INFO - Processing /opt/airflow/dags/dag_csv_to_db.py took 1.631 seconds
[2022-12-07T00:24:53.918+0000] {processor.py:153} INFO - Started process (PID=34305) to work on /opt/airflow/dags/dag_csv_to_db.py
[2022-12-07T00:24:53.921+0000] {processor.py:743} INFO - Processing file /opt/airflow/dags/dag_csv_to_db.py for tasks to queue
[2022-12-07T00:24:53.924+0000] {logging_mixin.py:137} INFO - [2022-12-07T00:24:53.923+0000] {dagbag.py:538} INFO - Filling up the DagBag from /opt/airflow/dags/dag_csv_to_db.py
[2022-12-07T00:24:54.530+0000] {processor.py:753} INFO - DAG(s) dict_keys(['CSV_2_DB']) retrieved from /opt/airflow/dags/dag_csv_to_db.py
[2022-12-07T00:24:54.585+0000] {logging_mixin.py:137} INFO - [2022-12-07T00:24:54.584+0000] {dag.py:2676} INFO - Sync 1 DAGs
[2022-12-07T00:24:54.616+0000] {logging_mixin.py:137} INFO - [2022-12-07T00:24:54.616+0000] {dag.py:3427} INFO - Setting next_dagrun for CSV_2_DB to 2022-12-07T00:00:00+00:00, run_after=2022-12-07T01:00:00+00:00
[2022-12-07T00:24:54.640+0000] {processor.py:175} INFO - Processing /opt/airflow/dags/dag_csv_to_db.py took 0.726 seconds
